<?xml version="1.0" encoding="UTF-8" ?>
<testsuite errors="0" failures="0" hostname="myx-THINK" name="com.cronos.onlinereview.phases.AllTests" tests="1019" time="3959.225" timestamp="2010-07-14T15:56:47">
  <properties>
    <property name="component.version.major" value="1" />
    <property name="file.encoding.pkg" value="sun.io" />
    <property name="document_generator.jar" value="lib/tcs/document_generator/2.1.0/document_generator.jar" />
    <property name="resource_management_persistence.jar" value="lib/tcs/resource_management_persistence/1.2.2/resource_management_persistence.jar" />
    <property name="java.home" value="C:\Program Files\Java\jdk1.5.0_18\jre" />
    <property name="review_data_structure.jar" value="lib/tcs/review_data_structure/1.0/review_data_structure.jar" />
    <property name="deliverable_management.jar" value="lib/tcs/deliverable_management/1.1/deliverable_management.jar" />
    <property name="dist_javadocs" value="build/dist/online_review_phases-1.4.0/docs/javadocs" />
    <property name="debug" value="off" />
    <property name="build_distdir" value="build/dist" />
    <property name="distfilename" value="online_review_phases" />
    <property name="review_management_persistence.jar" value="lib/tcs/review_management_persistence/1.0/review_management_persistence.jar" />
    <property name="component.version.micro" value="0" />
    <property name="component.dist.jar" value="build/dist/online_review_phases-1.4.0.jar" />
    <property name="java.endorsed.dirs" value="C:\Program Files\Java\jdk1.5.0_18\jre\lib\endorsed" />
    <property name="object_factory.jar" value="lib/tcs/object_factory/2.1.2/object_factory.jar" />
    <property name="auto_screening_management.jar" value="lib/tcs/auto_screening_management/1.0/auto_screening_management.jar" />
    <property name="mail.jar" value="lib/third_party/javamail/1.3.3/mail.jar" />
    <property name="sun.os.patch.level" value="" />
    <property name="design_dist.jar" value="online_review_phases_1.4.0_design_dist.jar" />
    <property name="javadocsdir" value="docs/javadocs" />
    <property name="java.vendor.url" value="http://java.sun.com/" />
    <property name="java.version" value="1.5.0_18" />
    <property name="scorecard_management.jar" value="lib/tcs/scorecard_management/1.0.1/scorecard_management.jar" />
    <property name="j2ee.jar" value="lib/third_party/jboss-j2ee.jar" />
    <property name="java.vendor.url.bug" value="http://java.sun.com/cgi-bin/bugreport.cgi" />
    <property name="ifxjdbc.jar" value="lib/third_party/informix/1.4.1/ifxjdbc.jar" />
    <property name="cobertura.datafile" value="log/cobertura.ser" />
    <property name="user.name" value="myx" />
    <property name="packagedir" value="com/cronos/onlinereview/phases" />
    <property name="sun.io.unicode.encoding" value="UnicodeLittle" />
    <property name="component_version" value="1.4.0" />
    <property name="sun.jnu.encoding" value="GBK" />
    <property name="cronos_libdir" value="c:/code/lib/cronos-java" />
    <property name="java.runtime.name" value="Java(TM) 2 Runtime Environment, Standard Edition" />
    <property name="project_management_persistence.jar" value="lib/tcs/project_management_persistence/1.1.2/project_management_persistence.jar" />
    <property name="target_libdir" value="lib/tcs" />
    <property name="reports" value="log/reports" />
    <property name="component.jar" value="build/dist/lib/tcs/online_review_phases/1.4.0/online_review_phases.jar" />
    <property name="java.specification.name" value="Java Platform API Specification" />
    <property name="javamain" value="src/java/main" />
    <property name="user.timezone" value="" />
    <property name="component.version.build" value="1" />
    <property name="path.separator" value=";" />
    <property name="srcdir" value="src" />
    <property name="file.encoding" value="GBK" />
    <property name="command_line_utility.jar" value="lib/tcs/command_line_utility/1.0/command_line_utility.jar" />
    <property name="java_1_4_bootclasspath" value="D:/Program Files/j2sdk1.4.2/lib/rt.jar" />
    <property name="activation.jar" value="lib/third_party/jaf/1.1.0/activation.jar" />
    <property name="ant.file" value="C:\tc\eclipse\Workspaces\OnlineReviewPhase\build.xml" />
    <property name="javasrc" value="src/java" />
    <property name="search_builder.jar" value="lib/tcs/search_builder/1.4.1/search_builder.jar" />
    <property name="instrumented.dir" value="build/instrumented" />
    <property name="component.target" value="1.5" />
    <property name="component.tests.jar" value="build/dist/lib/tcs/online_review_phases_tests.jar" />
    <property name="java.io.tmpdir" value="C:\Users\myx\AppData\Local\Temp\" />
    <property name="review_management.jar" value="lib/tcs/review_management/1.0/review_management.jar" />
    <property name="user.language" value="zh" />
    <property name="manifest_file_path" value="build/dist/online_review_phases-1.4.0/META-INF/" />
    <property name="line.separator" value="
" />
    <property name="component.name" value="Online Review Phases" />
    <property name="shared.jar.name" value="shared.jar" />
    <property name="verbose" value="no" />
    <property name="manifest_file" value="build/dist/online_review_phases-1.4.0/META-INF//MANIFEST.MF" />
    <property name="ant.file.TopCoder Java Generic Build" value="C:\tc\eclipse\Workspaces\OnlineReviewPhase\build.xml" />
    <property name="depends.jar" value="test_files/depends.jar" />
    <property name="phase_management.jar" value="lib/tcs/phase_management/1.0.4/phase_management.jar" />
    <property name="project_phases.jar" value="lib/tcs/project_phases/2.0.1/project_phases.jar" />
    <property name="java.vm.info" value="mixed mode, sharing" />
    <property name="component_path" value="online_review_phases/1.4.0" />
    <property name="sun.desktop" value="windows" />
    <property name="java.vm.specification.name" value="Java Virtual Machine Specification" />
    <property name="deliverable_management_persistence.jar" value="lib/tcs/deliverable_management_persistence/1.1/deliverable_management_persistence.jar" />
    <property name="dist_coverage" value="build/dist/online_review_phases-1.4.0/docs/coverage" />
    <property name="builddir" value="build" />
    <property name="class_associations.jar" value="lib/tcs/class_associations/1.0/class_associations.jar" />
    <property name="cobertura.dir" value="lib/third_party/cobertura/1.8" />
    <property name="review_score_aggregator.jar" value="lib/tcs/review_score_aggregator/1.0/review_score_aggregator.jar" />
    <property name="id_generator.jar" value="lib/tcs/id_generator/3.0/id_generator.jar" />
    <property name="configuration_manager.jar" value="lib/tcs/configuration_manager/2.1.5/configuration_manager.jar" />
    <property name="javac.encoding" value="UTF-8" />
    <property name="java.awt.printerjob" value="sun.awt.windows.WPrinterJob" />
    <property name="dist_lib" value="build/dist/lib/tcs" />
    <property name="junit.jar" value="lib/third_party/junit/3.8.2/junit.jar" />
    <property name="configdir" value="conf" />
    <property name="build_tcsdistdir" value="build/dist/online_review_phases-1.4.0" />
    <property name="hermes_libdir" value="c:/code/lib/hermes-java" />
    <property name="ant.version" value="Apache Ant version 1.7.0 compiled on December 13 2006" />
    <property name="dist_docs" value="build/dist/online_review_phases-1.4.0/docs" />
    <property name="workdays.jar" value="lib/tcs/workdays/1.0.1/workdays.jar" />
    <property name="test_reflib" value="test_reflib" />
    <property name="testlogdir" value="log" />
    <property name="configuration_api.jar" value="lib/tcs/configuration_api/1.0.0/configuration_api.jar" />
    <property name="os.name" value="Windows Vista" />
    <property name="java.specification.vendor" value="Sun Microsystems Inc." />
    <property name="java.vm.name" value="Java HotSpot(TM) Client VM" />
    <property name="scorecard_data_structure.jar" value="lib/tcs/scorecard_data_structure/1.0/scorecard_data_structure.jar" />
    <property name="java.library.path" value="C:\Program Files\Java\jdk1.5.0_18\jre\bin;.;C:\Windows\system32;C:\Windows;C:\Windows\system32;C:\Windows;C:\Windows\System32\Wbem;C:\Windows\System32\WindowsPowerShell\v1.0\;C:\Program Files\ThinkPad\Bluetooth Software\;C:\Program Files\Intel\WiFi\bin\;C:\Program Files\Common Files\Intel\WirelessCommon\;C:\Program Files\Common Files\Lenovo;C:\Program Files\Lenovo\Access Connections\;C:\Program Files\Common Files\Thunder Network\KanKan\Codecs;C:\Program Files\Java\jdk1.5.0_18\bin;C:\tc\Java\apache-ant-1.7.0\bin" />
    <property name="docpackage.jar" value="online_review_phases_docs.jar" />
    <property name="shared.jar" value="lib/tcs/shared/shared.jar" />
    <property name="ant.java.version" value="1.5" />
    <property name="basedir" value="C:\tc\eclipse\Workspaces\OnlineReviewPhase" />
    <property name="java.class.version" value="49.0" />
    <property name="ant.home" value="C:\tc\Java\apache-ant-1.7.0" />
    <property name="java_1_5_bootclasspath" value="d:/Program Files/Java/jre1.5.0_15/lib/rt.jar" />
    <property name="log4j.jar" value="lib/third_party/log4j/1.2.15/log4j-1.2.15.jar" />
    <property name="sun.boot.library.path" value="C:\Program Files\Java\jdk1.5.0_18\jre\bin" />
    <property name="ext_libdir" value="lib/third_party" />
    <property name="sun.management.compiler" value="HotSpot Client Compiler" />
    <property name="java.awt.graphicsenv" value="sun.awt.Win32GraphicsEnvironment" />
    <property name="user.variant" value="" />
    <property name="build_targetclassdir" value="build/targetclasses" />
    <property name="docsdir" value="docs" />
    <property name="dev_dist.jar" value="online_review_phases_1.4.0_dev_dist.jar" />
    <property name="scorecard_management_persistence.jar" value="lib/tcs/scorecard_management_persistence/1.0.1/scorecard_management_persistence.jar" />
    <property name="ant.project.name" value="TopCoder Java Generic Build" />
    <property name="component.version.minor" value="4" />
    <property name="java.vm.specification.version" value="1.0" />
    <property name="component.bootclasspath" value="d:/Program Files/Java/jre1.5.0_15/lib/rt.jar" />
    <property name="awt.toolkit" value="sun.awt.windows.WToolkit" />
    <property name="sun.cpu.isalist" value="pentium_pro+mmx pentium_pro pentium+mmx pentium i486 i386 i86" />
    <property name="build_javadocsdir" value="build/docs/javadocs" />
    <property name="java.ext.dirs" value="C:\Program Files\Java\jdk1.5.0_18\jre\lib\ext" />
    <property name="os.version" value="6.1" />
    <property name="user.home" value="C:\Users\myx" />
    <property name="javadoc.jar" value="javadocs.jar" />
    <property name="libdir" value="lib" />
    <property name="build_classdir" value="build/classes" />
    <property name="java.vm.vendor" value="Sun Microsystems Inc." />
    <property name="cobertura.format" value="html" />
    <property name="component.distfilename" value="online_review_phases" />
    <property name="component.package" value="com.cronos.onlinereview.phases" />
    <property name="build_testclassdir" value="build/testClasses" />
    <property name="package" value="com.cronos.onlinereview.phases" />
    <property name="typesafe_enum.jar" value="lib/tcs/typesafe_enum/1.1.0/typesafe_enum.jar" />
    <property name="base_exception.jar" value="lib/tcs/base_exception/2.0.0/base_exception.jar" />
    <property name="user.dir" value="C:\tc\eclipse\Workspaces\OnlineReviewPhase" />
    <property name="component.packagedir" value="com/cronos/onlinereview/phases" />
    <property name="data_validation.jar" value="lib/tcs/data_validation/1.1.1/data_validation.jar" />
    <property name="sun.cpu.endian" value="little" />
    <property name="ant.file.Dependency Import" value="C:\tc\eclipse\Workspaces\OnlineReviewPhase\build-dependencies.xml" />
    <property name="dist_docpackage" value="build/doc_package" />
    <property name="java.vm.version" value="1.5.0_18-b02" />
    <property name="dev_submission.jar" value="online_review_phases_1.4.0_dev_submission.jar" />
    <property name="shared.path" value="shared" />
    <property name="java.class.path" value="C:\tc\eclipse\Workspaces\OnlineReviewPhase\build\testClasses;C:\tc\eclipse\Workspaces\OnlineReviewPhase\lib\tcs\project_management_persistence\1.1.2\project_management_persistence.jar;C:\tc\eclipse\Workspaces\OnlineReviewPhase\lib\tcs\class_associations\1.0\class_associations.jar;C:\tc\eclipse\Workspaces\OnlineReviewPhase\lib\tcs\object_factory_config_manager_plugin\1.0.0\object_factory_config_manager_plugin.jar;C:\tc\eclipse\Workspaces\OnlineReviewPhase\lib\tcs\review_management_persistence\1.0\review_management_persistence.jar;C:\tc\eclipse\Workspaces\OnlineReviewPhase\lib\tcs\scorecard_management_persistence\1.0.1\scorecard_management_persistence.jar;C:\tc\eclipse\Workspaces\OnlineReviewPhase\lib\tcs\deliverable_management_persistence\1.1\deliverable_management_persistence.jar;C:\tc\eclipse\Workspaces\OnlineReviewPhase\lib\tcs\resource_management_persistence\1.2.2\resource_management_persistence.jar;C:\tc\eclipse\Workspaces\OnlineReviewPhase\lib\tcs\command_line_utility\1.0\command_line_utility.jar;C:\tc\eclipse\Workspaces\OnlineReviewPhase\lib\third_party\log4j\1.2.15\log4j-1.2.15.jar;C:\tc\eclipse\Workspaces\OnlineReviewPhase\lib\third_party\junit\3.8.2\junit.jar;C:\tc\eclipse\Workspaces\OnlineReviewPhase\lib\third_party\informix\1.4.1\ifxjdbc.jar;C:\tc\eclipse\Workspaces\OnlineReviewPhase\lib\tcs\logging_wrapper\1.2\logging_wrapper.jar;C:\tc\eclipse\Workspaces\OnlineReviewPhase\lib\tcs\configuration_api\1.0.0\configuration_api.jar;C:\tc\eclipse\Workspaces\OnlineReviewPhase\lib\tcs\configuration_manager\2.1.5\configuration_manager.jar;C:\tc\eclipse\Workspaces\OnlineReviewPhase\lib\tcs\object_factory\2.1.2\object_factory.jar;C:\tc\eclipse\Workspaces\OnlineReviewPhase\lib\tcs\db_connection_factory\1.1\db_connection_factory.jar;C:\tc\eclipse\Workspaces\OnlineReviewPhase\lib\tcs\base_exception\2.0.0\base_exception.jar;C:\tc\eclipse\Workspaces\OnlineReviewPhase\lib\tcs\typesafe_enum\1.1.0\typesafe_enum.jar;C:\tc\eclipse\Workspaces\OnlineReviewPhase\lib\tcs\email_engine\3.1.0\email_engine.jar;C:\tc\eclipse\Workspaces\OnlineReviewPhase\lib\tcs\id_generator\3.0\id_generator.jar;C:\tc\eclipse\Workspaces\OnlineReviewPhase\lib\tcs\data_validation\1.1.1\data_validation.jar;C:\tc\eclipse\Workspaces\OnlineReviewPhase\lib\tcs\database_abstraction\1.1\database_abstraction.jar;C:\tc\eclipse\Workspaces\OnlineReviewPhase\lib\tcs\document_generator\2.1.0\document_generator.jar;C:\tc\eclipse\Workspaces\OnlineReviewPhase\lib\tcs\project_phases\2.0.1\project_phases.jar;C:\tc\eclipse\Workspaces\OnlineReviewPhase\lib\tcs\phase_management\1.0.4\phase_management.jar;C:\tc\eclipse\Workspaces\OnlineReviewPhase\lib\tcs\resource_management\1.1\resource_management.jar;C:\tc\eclipse\Workspaces\OnlineReviewPhase\lib\tcs\review_score_aggregator\1.0\review_score_aggregator.jar;C:\tc\eclipse\Workspaces\OnlineReviewPhase\lib\tcs\deliverable_management\1.1\deliverable_management.jar;C:\tc\eclipse\Workspaces\OnlineReviewPhase\lib\tcs\review_management\1.0\review_management.jar;C:\tc\eclipse\Workspaces\OnlineReviewPhase\lib\tcs\project_management\1.0.1\project_management.jar;C:\tc\eclipse\Workspaces\OnlineReviewPhase\lib\tcs\phase_management_persistence\1.0\phase_management_persistence.jar;C:\tc\eclipse\Workspaces\OnlineReviewPhase\lib\tcs\scorecard_management\1.0.1\scorecard_management.jar;C:\tc\eclipse\Workspaces\OnlineReviewPhase\lib\tcs\review_data_structure\1.0\review_data_structure.jar;C:\tc\eclipse\Workspaces\OnlineReviewPhase\lib\tcs\scorecard_data_structure\1.0\scorecard_data_structure.jar;C:\tc\eclipse\Workspaces\OnlineReviewPhase\lib\tcs\search_builder\1.4.1\search_builder.jar;C:\tc\eclipse\Workspaces\OnlineReviewPhase\lib\tcs\workdays\1.0.1\workdays.jar;C:\tc\eclipse\Workspaces\OnlineReviewPhase\lib\tcs\auto_screening_management\1.0\auto_screening_management.jar;C:\tc\eclipse\Workspaces\OnlineReviewPhase\lib\tcs\user_project_data_store\1.0.1\user_project_data_store.jar;C:\tc\eclipse\Workspaces\OnlineReviewPhase\test_files\depends.jar;C:\tc\eclipse\Workspaces\OnlineReviewPhase\lib\tcs\shared\shared.jar;C:\tc\eclipse\Workspaces\OnlineReviewPhase\lib\third_party\javamail\1.3.3\mail.jar;C:\tc\eclipse\Workspaces\OnlineReviewPhase\lib\third_party\jaf\1.1.0\activation.jar;C:\tc\eclipse\Workspaces\OnlineReviewPhase\lib\third_party\jboss-j2ee.jar;C:\tc\eclipse\Workspaces\OnlineReviewPhase\build\classes;C:\tc\eclipse\Workspaces\OnlineReviewPhase\test_files;C:\tc\Java\apache-ant-1.7.0\lib\ant-launcher.jar;C:\tc\Java\apache-ant-1.7.0\lib\ant.jar;C:\tc\Java\apache-ant-1.7.0\lib\ant-junit.jar" />
    <property name="database_abstraction.jar" value="lib/tcs/database_abstraction/1.1/database_abstraction.jar" />
    <property name="ant.library.dir" value="C:\tc\Java\apache-ant-1.7.0\lib" />
    <property name="os.arch" value="x86" />
    <property name="sun.java.launcher" value="SUN_STANDARD" />
    <property name="object_factory_config_manager_plugin.jar" value="lib/tcs/object_factory_config_manager_plugin/1.0.0/object_factory_config_manager_plugin.jar" />
    <property name="ant.core.lib" value="C:\tc\Java\apache-ant-1.7.0\lib\ant.jar" />
    <property name="user_project_data_store.jar" value="lib/tcs/user_project_data_store/1.0.1/user_project_data_store.jar" />
    <property name="java.vm.specification.vendor" value="Sun Microsystems Inc." />
    <property name="file.separator" value="\" />
    <property name="java.runtime.version" value="1.5.0_18-b02" />
    <property name="sun.boot.class.path" value="C:\Program Files\Java\jdk1.5.0_18\jre\lib\rt.jar;C:\Program Files\Java\jdk1.5.0_18\jre\lib\i18n.jar;C:\Program Files\Java\jdk1.5.0_18\jre\lib\sunrsasign.jar;C:\Program Files\Java\jdk1.5.0_18\jre\lib\jsse.jar;C:\Program Files\Java\jdk1.5.0_18\jre\lib\jce.jar;C:\Program Files\Java\jdk1.5.0_18\jre\lib\charsets.jar;C:\Program Files\Java\jdk1.5.0_18\jre\classes" />
    <property name="build_docsdir" value="build/docs" />
    <property name="phase_management_persistence.jar" value="lib/tcs/phase_management_persistence/1.0/phase_management_persistence.jar" />
    <property name="javadoc.locale" value="en_US" />
    <property name="design_submission.jar" value="online_review_phases_1.4.0_design_submission.jar" />
    <property name="project_management.jar" value="lib/tcs/project_management/1.0.1/project_management.jar" />
    <property name="user.country" value="CN" />
    <property name="tcs_libdir" value="lib/tcs" />
    <property name="resource_management.jar" value="lib/tcs/resource_management/1.1/resource_management.jar" />
    <property name="component" value="Online Review Phases" />
    <property name="logging_wrapper.jar" value="lib/tcs/logging_wrapper/1.2/logging_wrapper.jar" />
    <property name="java_1_3_bootclasspath" value="c:/Program Files/Java/jre1.3.1_20/lib/rt.jar" />
    <property name="java.vendor" value="Sun Microsystems Inc." />
    <property name="db_connection_factory.jar" value="lib/tcs/db_connection_factory/1.1/db_connection_factory.jar" />
    <property name="email_engine.jar" value="lib/tcs/email_engine/3.1.0/email_engine.jar" />
    <property name="java.specification.version" value="1.5" />
    <property name="testfiles" value="test_files" />
    <property name="sun.arch.data.model" value="32" />
    <property name="javatests" value="src/java/tests" />
  </properties>
  <testcase classname="com.cronos.onlinereview.phases.lookup.LookupHelperTest" name="testCheckNull" time="0.185" />
  <testcase classname="com.cronos.onlinereview.phases.lookup.LookupHelperTest" name="testCheckStringNull" time="0.056" />
  <testcase classname="com.cronos.onlinereview.phases.lookup.LookupHelperTest" name="testCheckStringEmpty" time="0.105" />
  <testcase classname="com.cronos.onlinereview.phases.lookup.LookupHelperTest" name="testLookUpId" time="0.539" />
  <testcase classname="com.cronos.onlinereview.phases.lookup.LookupHelperTest" name="testLookUpIdCache" time="0.226" />
  <testcase classname="com.cronos.onlinereview.phases.lookup.LookupHelperTest" name="testLookUpIdConnection" time="0.164" />
  <testcase classname="com.cronos.onlinereview.phases.lookup.PhaseStatusLookupUtilityTest" name="testLookUpId" time="0.182" />
  <testcase classname="com.cronos.onlinereview.phases.lookup.PhaseStatusLookupUtilityTest" name="testLookUpIdWithNullConnection" time="0.087" />
  <testcase classname="com.cronos.onlinereview.phases.lookup.PhaseStatusLookupUtilityTest" name="testLookUpIdWithNullValue" time="0.15" />
  <testcase classname="com.cronos.onlinereview.phases.lookup.PhaseStatusLookupUtilityTest" name="testLookUpIdWithEmptyValue" time="0.167" />
  <testcase classname="com.cronos.onlinereview.phases.lookup.PhaseStatusLookupUtilityTest" name="testLookUpIdWithNonMappedValue" time="0.216" />
  <testcase classname="com.cronos.onlinereview.phases.lookup.PhaseTypeLookupUtilityTest" name="testLookUpId" time="0.174" />
  <testcase classname="com.cronos.onlinereview.phases.lookup.PhaseTypeLookupUtilityTest" name="testLookUpIdWithNullConnection" time="0.047" />
  <testcase classname="com.cronos.onlinereview.phases.lookup.PhaseTypeLookupUtilityTest" name="testLookUpIdWithNullValue" time="0.147" />
  <testcase classname="com.cronos.onlinereview.phases.lookup.PhaseTypeLookupUtilityTest" name="testLookUpIdWithEmptyValue" time="0.161" />
  <testcase classname="com.cronos.onlinereview.phases.lookup.PhaseTypeLookupUtilityTest" name="testLookUpIdWithNonMappedValue" time="0.211" />
  <testcase classname="com.cronos.onlinereview.phases.lookup.ProjectInfoTypeLookupUtilityTest" name="testLookUpId" time="0.158" />
  <testcase classname="com.cronos.onlinereview.phases.lookup.ProjectInfoTypeLookupUtilityTest" name="testLookUpIdWithNullConnection" time="0.039" />
  <testcase classname="com.cronos.onlinereview.phases.lookup.ProjectInfoTypeLookupUtilityTest" name="testLookUpIdWithNullValue" time="0.156" />
  <testcase classname="com.cronos.onlinereview.phases.lookup.ProjectInfoTypeLookupUtilityTest" name="testLookUpIdWithEmptyValue" time="0.139" />
  <testcase classname="com.cronos.onlinereview.phases.lookup.ProjectInfoTypeLookupUtilityTest" name="testLookUpIdWithNonMappedValue" time="0.21" />
  <testcase classname="com.cronos.onlinereview.phases.lookup.ResourceRoleLookupUtilityTest" name="testLookUpId" time="0.165" />
  <testcase classname="com.cronos.onlinereview.phases.lookup.ResourceRoleLookupUtilityTest" name="testLookUpIdWithNullConnection" time="0.033" />
  <testcase classname="com.cronos.onlinereview.phases.lookup.ResourceRoleLookupUtilityTest" name="testLookUpIdWithNullValue" time="0.207" />
  <testcase classname="com.cronos.onlinereview.phases.lookup.ResourceRoleLookupUtilityTest" name="testLookUpIdWithEmptyValue" time="0.142" />
  <testcase classname="com.cronos.onlinereview.phases.lookup.ResourceRoleLookupUtilityTest" name="testLookUpIdWithNonMappedValue" time="0.183" />
  <testcase classname="com.cronos.onlinereview.phases.lookup.SubmissionStatusLookupUtilityTest" name="testLookUpId" time="0.148" />
  <testcase classname="com.cronos.onlinereview.phases.lookup.SubmissionStatusLookupUtilityTest" name="testLookUpIdWithNullConnection" time="0.082" />
  <testcase classname="com.cronos.onlinereview.phases.lookup.SubmissionStatusLookupUtilityTest" name="testLookUpIdWithNullValue" time="0.146" />
  <testcase classname="com.cronos.onlinereview.phases.lookup.SubmissionStatusLookupUtilityTest" name="testLookUpIdWithEmptyValue" time="0.147" />
  <testcase classname="com.cronos.onlinereview.phases.lookup.SubmissionStatusLookupUtilityTest" name="testLookUpIdWithNonMappedValue" time="0.151" />
  <testcase classname="com.cronos.onlinereview.phases.lookup.UploadStatusLookupUtilityTest" name="testLookUpId" time="0.232" />
  <testcase classname="com.cronos.onlinereview.phases.lookup.UploadStatusLookupUtilityTest" name="testLookUpIdWithNullConnection" time="0.032" />
  <testcase classname="com.cronos.onlinereview.phases.lookup.UploadStatusLookupUtilityTest" name="testLookUpIdWithNullValue" time="0.154" />
  <testcase classname="com.cronos.onlinereview.phases.lookup.UploadStatusLookupUtilityTest" name="testLookUpIdWithEmptyValue" time="0.142" />
  <testcase classname="com.cronos.onlinereview.phases.lookup.UploadStatusLookupUtilityTest" name="testLookUpIdWithNonMappedValue" time="0.156" />
  <testcase classname="com.cronos.onlinereview.phases.lookup.NotificationTypeLookupUtilityTest" name="testLookUpId" time="0.152" />
  <testcase classname="com.cronos.onlinereview.phases.lookup.NotificationTypeLookupUtilityTest" name="testLookUpIdWithNullConnection" time="0.085" />
  <testcase classname="com.cronos.onlinereview.phases.lookup.NotificationTypeLookupUtilityTest" name="testLookUpIdWithNullValue" time="0.149" />
  <testcase classname="com.cronos.onlinereview.phases.lookup.NotificationTypeLookupUtilityTest" name="testLookUpIdWithEmptyValue" time="0.152" />
  <testcase classname="com.cronos.onlinereview.phases.lookup.NotificationTypeLookupUtilityTest" name="testLookUpIdWithNonMappedValue" time="0.151" />
  <testcase classname="com.cronos.onlinereview.phases.lookup.UploadTypeLookupUtilityTest" name="testLookUpId" time="0.162" />
  <testcase classname="com.cronos.onlinereview.phases.lookup.UploadTypeLookupUtilityTest" name="testLookUpIdWithNullConnection" time="0.083" />
  <testcase classname="com.cronos.onlinereview.phases.lookup.UploadTypeLookupUtilityTest" name="testLookUpIdWithNullValue" time="0.154" />
  <testcase classname="com.cronos.onlinereview.phases.lookup.UploadTypeLookupUtilityTest" name="testLookUpIdWithEmptyValue" time="0.136" />
  <testcase classname="com.cronos.onlinereview.phases.lookup.UploadTypeLookupUtilityTest" name="testLookUpIdWithNonMappedValue" time="0.142" />
  <testcase classname="com.cronos.onlinereview.phases.logging.LogMessageTest" name="testCtor1" time="0.0040" />
  <testcase classname="com.cronos.onlinereview.phases.logging.LogMessageTest" name="testCtor2" time="0.0" />
  <testcase classname="com.cronos.onlinereview.phases.logging.LogMessageTest" name="testGetError_accuracy" time="0.0" />
  <testcase classname="com.cronos.onlinereview.phases.logging.LogMessageTest" name="testGetMessage_accuracy" time="0.0" />
  <testcase classname="com.cronos.onlinereview.phases.logging.LogMessageTest" name="testGetOperator_accuracy" time="0.0" />
  <testcase classname="com.cronos.onlinereview.phases.logging.LogMessageTest" name="testGetPhaseId_accuracy" time="0.0" />
  <testcase classname="com.cronos.onlinereview.phases.logging.LogMessageTest" name="testGetLogMessage" time="0.0060" />
  <testcase classname="com.cronos.onlinereview.phases.logging.LogMessageTest" name="testToString" time="0.0040" />
  <testcase classname="com.cronos.onlinereview.phases.logging.LogMessageTest" name="testGetExceptionStackTrace_accuracy" time="0.0020" />
  <testcase classname="com.cronos.onlinereview.phases.logging.LogMessageTest" name="testGetExceptionStackTrace_failure" time="0.0010" />
  <testcase classname="com.cronos.onlinereview.phases.EmailOptionsTest" name="testConstructor" time="0.0040" />
  <testcase classname="com.cronos.onlinereview.phases.EmailOptionsTest" name="testGetFromAddress" time="0.0010" />
  <testcase classname="com.cronos.onlinereview.phases.EmailOptionsTest" name="testSetFromAddress" time="0.0" />
  <testcase classname="com.cronos.onlinereview.phases.EmailOptionsTest" name="testGetSubject" time="0.0010" />
  <testcase classname="com.cronos.onlinereview.phases.EmailOptionsTest" name="testSetSubject" time="0.0010" />
  <testcase classname="com.cronos.onlinereview.phases.EmailOptionsTest" name="testGetTemplateName" time="0.0010" />
  <testcase classname="com.cronos.onlinereview.phases.EmailOptionsTest" name="testSetTemplateName" time="0.0" />
  <testcase classname="com.cronos.onlinereview.phases.EmailOptionsTest" name="testGetTemplateSource" time="0.0010" />
  <testcase classname="com.cronos.onlinereview.phases.EmailOptionsTest" name="testSetTemplateSource" time="0.0010" />
  <testcase classname="com.cronos.onlinereview.phases.EmailOptionsTest" name="testGetPriority" time="0.0" />
  <testcase classname="com.cronos.onlinereview.phases.EmailOptionsTest" name="testSetPriority" time="0.0" />
  <testcase classname="com.cronos.onlinereview.phases.EmailOptionsTest" name="testGetSend" time="0.0010" />
  <testcase classname="com.cronos.onlinereview.phases.EmailOptionsTest" name="testSetSend" time="0.0" />
  <testcase classname="com.cronos.onlinereview.phases.ConfigurationExceptionTest" name="testConfigurationExceptionString" time="0.0020" />
  <testcase classname="com.cronos.onlinereview.phases.ConfigurationExceptionTest" name="testConfigurationExceptionStringThrowable" time="0.0" />
  <testcase classname="com.cronos.onlinereview.phases.PhaseNotSupportedExceptionTest" name="testPhaseNotSupportedExceptionString" time="0.0" />
  <testcase classname="com.cronos.onlinereview.phases.ManagerHelperTest" name="testManagerHelperWithNullNS" time="3.918" />
  <testcase classname="com.cronos.onlinereview.phases.ManagerHelperTest" name="testManagerHelperWithEmptyNS" time="0.722" />
  <testcase classname="com.cronos.onlinereview.phases.ManagerHelperTest" name="testGetProjectLinkManager" time="0.666" />
  <testcase classname="com.cronos.onlinereview.phases.ManagerHelperTest" name="testGetProjectManager" time="0.656" />
  <testcase classname="com.cronos.onlinereview.phases.ManagerHelperTest" name="testGetPhaseManager" time="0.656" />
  <testcase classname="com.cronos.onlinereview.phases.ManagerHelperTest" name="testGetScorecardManager" time="0.682" />
  <testcase classname="com.cronos.onlinereview.phases.ManagerHelperTest" name="testGetScreeningManager" time="0.665" />
  <testcase classname="com.cronos.onlinereview.phases.ManagerHelperTest" name="testGetReviewManager" time="0.706" />
  <testcase classname="com.cronos.onlinereview.phases.ManagerHelperTest" name="testGetResourceManager" time="0.638" />
  <testcase classname="com.cronos.onlinereview.phases.ManagerHelperTest" name="testGetUploadManager" time="0.66" />
  <testcase classname="com.cronos.onlinereview.phases.ManagerHelperTest" name="testGetUserRetrieval" time="0.641" />
  <testcase classname="com.cronos.onlinereview.phases.ManagerHelperTest" name="testGetScorecardAggregator" time="0.658" />
  <testcase classname="com.cronos.onlinereview.phases.AbstractPhaseHandlerTest" name="testAbstractPhaseHandlerWithNull" time="1.522" />
  <testcase classname="com.cronos.onlinereview.phases.AbstractPhaseHandlerTest" name="testAbstractPhaseHandlerWithEmpty" time="1.12" />
  <testcase classname="com.cronos.onlinereview.phases.AbstractPhaseHandlerTest" name="testAbstractPhaseHandlerWithNotExistNS" time="1.094" />
  <testcase classname="com.cronos.onlinereview.phases.AbstractPhaseHandlerTest" name="testAbstractPhaseHandlerWithInvalidCF_ConnectionFactoryNS_invalid" time="1.316" />
  <testcase classname="com.cronos.onlinereview.phases.AbstractPhaseHandlerTest" name="testAbstractPhaseHandlerWithInvalidCF_ManagerHelperNamespace_invalid" time="1.239" />
  <testcase classname="com.cronos.onlinereview.phases.AbstractPhaseHandlerTest" name="testAbstractPhaseHandlerWithInvalidCF_EmailTemplateSource_invalid" time="1.831" />
  <testcase classname="com.cronos.onlinereview.phases.AbstractPhaseHandlerTest" name="testAbstractPhaseHandlerWithInvalidCF_EmailFromAddress_missing" time="1.918" />
  <testcase classname="com.cronos.onlinereview.phases.AbstractPhaseHandlerTest" name="testAbstractPhaseHandlerWithInvalidCF_EmailTemplateName_invalid" time="1.891" />
  <testcase classname="com.cronos.onlinereview.phases.AbstractPhaseHandlerTest" name="testAbstractPhaseHandlerWithInvalidCF_SendEmail_invalid" time="1.808" />
  <testcase classname="com.cronos.onlinereview.phases.AbstractPhaseHandlerTest" name="testAbstractPhaseHandlerWithInvalidCF_Priority_invalid" time="1.778" />
  <testcase classname="com.cronos.onlinereview.phases.AbstractPhaseHandlerTest" name="testAbstractPhaseHandlerWithValid" time="1.783" />
  <testcase classname="com.cronos.onlinereview.phases.AbstractPhaseHandlerTest" name="testAbstractPhaseHandlerWithValid1" time="1.747" />
  <testcase classname="com.cronos.onlinereview.phases.AbstractPhaseHandlerTest" name="testAbstractPhaseHandler_accuracy" time="1.752" />
  <testcase classname="com.cronos.onlinereview.phases.AbstractPhaseHandlerTest" name="testAbstractPhaseHandler_accuracy1" time="1.745" />
  <testcase classname="com.cronos.onlinereview.phases.AbstractPhaseHandlerTest" name="testSendEmail_nullPhase" time="1.761" />
  <testcase classname="com.cronos.onlinereview.phases.AbstractPhaseHandlerTest" name="testSendEmailpb_nullPhase" time="1.729" />
  <testcase classname="com.cronos.onlinereview.phases.AbstractPhaseHandlerTest" name="testSendEmailpb_nullMap" time="1.73" />
  <testcase classname="com.cronos.onlinereview.phases.AbstractPhaseHandlerTest" name="testSendEmailpb_invalidMap" time="1.769" />
  <testcase classname="com.cronos.onlinereview.phases.AbstractPhaseHandlerTest" name="testSendEmailpb_invalidMap2" time="1.745" />
  <testcase classname="com.cronos.onlinereview.phases.AbstractPhaseHandlerTest" name="testSendEmailWithStartPhase" time="9.378" />
  <testcase classname="com.cronos.onlinereview.phases.AbstractPhaseHandlerTest" name="testSendEmailWithStopPhase" time="8.342" />
  <testcase classname="com.cronos.onlinereview.phases.AbstractPhaseHandlerTest" name="testSendEmailWithStopPhase1" time="8.227" />
  <testcase classname="com.cronos.onlinereview.phases.AbstractPhaseHandlerTest" name="testSendEmailWithZeroLenthPhase" time="2.399" />
  <testcase classname="com.cronos.onlinereview.phases.AbstractPhaseHandlerTest" name="testCreateConnection" time="1.806" />
  <testcase classname="com.cronos.onlinereview.phases.AbstractPhaseHandlerTest" name="testGetManagerHelper" time="1.738" />
  <testcase classname="com.cronos.onlinereview.phases.AbstractPhaseHandlerTest" name="testSendEmailWithStartPhase1" time="8.259" />
  <testcase classname="com.cronos.onlinereview.phases.AbstractPhaseHandlerTest" name="testSendEmailWithStartPhase2" time="7.957" />
  <testcase classname="com.cronos.onlinereview.phases.AbstractPhaseHandlerTest" name="testSendEmailWithStartPhase3" time="8.274" />
  <testcase classname="com.cronos.onlinereview.phases.RegistrationPhaseHandlerTest" name="testCanPerform" time="1.741" />
  <testcase classname="com.cronos.onlinereview.phases.RegistrationPhaseHandlerTest" name="testCanPerformWithInvalidStatus" time="1.735" />
  <testcase classname="com.cronos.onlinereview.phases.RegistrationPhaseHandlerTest" name="testCanPerformWithInvalidType" time="1.698" />
  <testcase classname="com.cronos.onlinereview.phases.RegistrationPhaseHandlerTest" name="testPerformWithNullPhase" time="1.746" />
  <testcase classname="com.cronos.onlinereview.phases.RegistrationPhaseHandlerTest" name="testPerformWithInvalidStatus" time="1.734" />
  <testcase classname="com.cronos.onlinereview.phases.RegistrationPhaseHandlerTest" name="testPerformWithInvalidType" time="1.734" />
  <testcase classname="com.cronos.onlinereview.phases.RegistrationPhaseHandlerTest" name="testPerformWithNullOperator" time="1.762" />
  <testcase classname="com.cronos.onlinereview.phases.RegistrationPhaseHandlerTest" name="testPerformWithEmptyOperator" time="1.744" />
  <testcase classname="com.cronos.onlinereview.phases.RegistrationPhaseHandlerTest" name="testCanPerformScheduled1" time="2.677" />
  <testcase classname="com.cronos.onlinereview.phases.RegistrationPhaseHandlerTest" name="testCanPerformScheduled2" time="2.183" />
  <testcase classname="com.cronos.onlinereview.phases.RegistrationPhaseHandlerTest" name="testCanPerformScheduled_ParentProjectNotCompleted" time="2.559" />
  <testcase classname="com.cronos.onlinereview.phases.RegistrationPhaseHandlerTest" name="testRegistrationPhaseHandler" time="3.549" />
  <testcase classname="com.cronos.onlinereview.phases.RegistrationPhaseHandlerTest" name="testCanPerformOpen_DependenciesNotMet" time="2.166" />
  <testcase classname="com.cronos.onlinereview.phases.RegistrationPhaseHandlerTest" name="testCanPerformOpen_RegistrationNotEnough" time="2.304" />
  <testcase classname="com.cronos.onlinereview.phases.RegistrationPhaseHandlerTest" name="testRegistrationPhaseHandler1" time="2.688" />
  <testcase classname="com.cronos.onlinereview.phases.RegistrationPhaseHandlerTest" name="testPerformWithNoRegistrants" time="3.296" />
  <testcase classname="com.cronos.onlinereview.phases.RegistrationPhaseHandlerTest" name="testPerform_startPhase" time="8.005" />
  <testcase classname="com.cronos.onlinereview.phases.RegistrationPhaseHandlerTest" name="testPerformWithRegistrants" time="6.342" />
  <testcase classname="com.cronos.onlinereview.phases.RegistrationPhaseHandlerTest" name="testPerformWithRegistrants_stopHandler" time="10.635" />
  <testcase classname="com.cronos.onlinereview.phases.RegistrationPhaseHandlerTest" name="testPerformWithNoRegistrants_stopHandler" time="9.444" />
  <testcase classname="com.cronos.onlinereview.phases.SubmissionPhaseHandlerTest" name="testCanPerform" time="1.74" />
  <testcase classname="com.cronos.onlinereview.phases.SubmissionPhaseHandlerTest" name="testCanPerformWithInvalidStatus" time="1.716" />
  <testcase classname="com.cronos.onlinereview.phases.SubmissionPhaseHandlerTest" name="testCanPerformWithInvalidType" time="1.761" />
  <testcase classname="com.cronos.onlinereview.phases.SubmissionPhaseHandlerTest" name="testPerformWithNullPhase" time="1.747" />
  <testcase classname="com.cronos.onlinereview.phases.SubmissionPhaseHandlerTest" name="testPerformWithInvalidStatus" time="1.734" />
  <testcase classname="com.cronos.onlinereview.phases.SubmissionPhaseHandlerTest" name="testPerformWithInvalidType" time="1.708" />
  <testcase classname="com.cronos.onlinereview.phases.SubmissionPhaseHandlerTest" name="testPerformWithNullOperator" time="1.795" />
  <testcase classname="com.cronos.onlinereview.phases.SubmissionPhaseHandlerTest" name="testPerformWithEmptyOperator" time="1.863" />
  <testcase classname="com.cronos.onlinereview.phases.SubmissionPhaseHandlerTest" name="testCanPerformWithScheduled" time="2.607" />
  <testcase classname="com.cronos.onlinereview.phases.SubmissionPhaseHandlerTest" name="testCanPerformHandlerWithOpen" time="3.826" />
  <testcase classname="com.cronos.onlinereview.phases.SubmissionPhaseHandlerTest" name="testPerformWithoutSubmission" time="3.284" />
  <testcase classname="com.cronos.onlinereview.phases.SubmissionPhaseHandlerTest" name="testPerform_start" time="8.378" />
  <testcase classname="com.cronos.onlinereview.phases.SubmissionPhaseHandlerTest" name="testPerform_no_submission_stop" time="8.669" />
  <testcase classname="com.cronos.onlinereview.phases.SubmissionPhaseHandlerTest" name="testPerformWithSubmissions" time="5.966" />
  <testcase classname="com.cronos.onlinereview.phases.SubmissionPhaseHandlerTest" name="testPerform_with_submission_stop" time="10.592" />
  <testcase classname="com.cronos.onlinereview.phases.SubmissionPhaseHandlerTest" name="testCanPerformHandlerWithOpen1" time="2.601" />
  <testcase classname="com.cronos.onlinereview.phases.SubmissionPhaseHandlerTest" name="testCanPerformHandlerWithOpen2" time="2.892" />
  <testcase classname="com.cronos.onlinereview.phases.ScreeningPhaseHandlerTest" name="testCanPerform" time="1.728" />
  <testcase classname="com.cronos.onlinereview.phases.ScreeningPhaseHandlerTest" name="testCanPerformWithInvalidStatus" time="1.742" />
  <testcase classname="com.cronos.onlinereview.phases.ScreeningPhaseHandlerTest" name="testCanPerformWithInvalidType" time="1.724" />
  <testcase classname="com.cronos.onlinereview.phases.ScreeningPhaseHandlerTest" name="testPerformWithNullPhase" time="1.719" />
  <testcase classname="com.cronos.onlinereview.phases.ScreeningPhaseHandlerTest" name="testPerformWithInvalidStatus" time="1.738" />
  <testcase classname="com.cronos.onlinereview.phases.ScreeningPhaseHandlerTest" name="testPerformWithInvalidType" time="1.737" />
  <testcase classname="com.cronos.onlinereview.phases.ScreeningPhaseHandlerTest" name="testPerformWithNullOperator" time="1.772" />
  <testcase classname="com.cronos.onlinereview.phases.ScreeningPhaseHandlerTest" name="testPerformWithEmptyOperator" time="1.763" />
  <testcase classname="com.cronos.onlinereview.phases.ScreeningPhaseHandlerTest" name="testCanPerformWithScheduled" time="2.499" />
  <testcase classname="com.cronos.onlinereview.phases.ScreeningPhaseHandlerTest" name="testCanPerformHandlerWithOpen1" time="2.285" />
  <testcase classname="com.cronos.onlinereview.phases.ScreeningPhaseHandlerTest" name="testCanPerformHandlerWithOpen2" time="2.618" />
  <testcase classname="com.cronos.onlinereview.phases.ScreeningPhaseHandlerTest" name="testPerformWithScheduled" time="5.377" />
  <testcase classname="com.cronos.onlinereview.phases.ScreeningPhaseHandlerTest" name="testPerformWithOpen1" time="7.444" />
  <testcase classname="com.cronos.onlinereview.phases.ScreeningPhaseHandlerTest" name="testPerformWithOpen2" time="8.635" />
  <testcase classname="com.cronos.onlinereview.phases.ScreeningPhaseHandlerTest" name="testPerformWithOpen3" time="10.314" />
  <testcase classname="com.cronos.onlinereview.phases.ScreeningPhaseHandlerTest" name="testPerformWithOpen4" time="9.64" />
  <testcase classname="com.cronos.onlinereview.phases.ScreeningPhaseHandlerTest" name="testPerform_start_noscreener" time="11.56" />
  <testcase classname="com.cronos.onlinereview.phases.ScreeningPhaseHandlerTest" name="testPerform_start_screener" time="11.627" />
  <testcase classname="com.cronos.onlinereview.phases.ScreeningPhaseHandlerTest" name="testPerform_stop" time="12.293" />
  <testcase classname="com.cronos.onlinereview.phases.ScreeningPhaseHandlerTest" name="testPerform_submissionAndReviewNotMatch" time="3.472" />
  <testcase classname="com.cronos.onlinereview.phases.ScreeningPhaseHandlerTest" name="testCanPerform_MultipleSubmitters" time="3.521" />
  <testcase classname="com.cronos.onlinereview.phases.ScreeningPhaseHandlerTest" name="testCanPerform_NoSubmission" time="3.993" />
  <testcase classname="com.cronos.onlinereview.phases.ScreeningPhaseHandlerTest" name="testCanPerform_NoScreeningReviews" time="4.045" />
  <testcase classname="com.cronos.onlinereview.phases.ScreeningPhaseHandlerTest" name="testCanPerform_valid" time="4.509" />
  <testcase classname="com.cronos.onlinereview.phases.ScreeningPhaseHandlerTest" name="testCanPerform_SummissionIdNotMatchWithScreeningReviewId" time="4.515" />
  <testcase classname="com.cronos.onlinereview.phases.ScreeningPhaseHandlerTest" name="testCanPerform_PrimaryScreener_reviewNotFound" time="3.836" />
  <testcase classname="com.cronos.onlinereview.phases.ScreeningPhaseHandlerTest" name="testCanPerform_PrimaryScreener_reviewNotCommitted" time="4.049" />
  <testcase classname="com.cronos.onlinereview.phases.ReviewPhaseHandlerTest" name="testCanPerform" time="1.74" />
  <testcase classname="com.cronos.onlinereview.phases.ReviewPhaseHandlerTest" name="testCanPerformWithInvalidStatus" time="1.725" />
  <testcase classname="com.cronos.onlinereview.phases.ReviewPhaseHandlerTest" name="testCanPerformWithInvalidType" time="1.769" />
  <testcase classname="com.cronos.onlinereview.phases.ReviewPhaseHandlerTest" name="testPerformWithNullPhase" time="1.83" />
  <testcase classname="com.cronos.onlinereview.phases.ReviewPhaseHandlerTest" name="testPerformWithInvalidStatus" time="1.714" />
  <testcase classname="com.cronos.onlinereview.phases.ReviewPhaseHandlerTest" name="testPerformWithInvalidType" time="1.716" />
  <testcase classname="com.cronos.onlinereview.phases.ReviewPhaseHandlerTest" name="testPerformWithNullOperator" time="1.755" />
  <testcase classname="com.cronos.onlinereview.phases.ReviewPhaseHandlerTest" name="testPerformWithEmptyOperator" time="1.731" />
  <testcase classname="com.cronos.onlinereview.phases.ReviewPhaseHandlerTest" name="testCanPerformWithScheduled" time="2.44" />
  <testcase classname="com.cronos.onlinereview.phases.ReviewPhaseHandlerTest" name="testCanPerformHandlerWithOpen" time="2.821" />
  <testcase classname="com.cronos.onlinereview.phases.ReviewPhaseHandlerTest" name="testPerform_Start_noReviewer" time="10.102" />
  <testcase classname="com.cronos.onlinereview.phases.ReviewPhaseHandlerTest" name="testPerform_Start_withReviewer" time="10.733" />
  <testcase classname="com.cronos.onlinereview.phases.ReviewPhaseHandlerTest" name="testPerform_Stop" time="13.154" />
  <testcase classname="com.cronos.onlinereview.phases.ReviewPhaseHandlerTest" name="testCanPerform_noReviewer" time="3.157" />
  <testcase classname="com.cronos.onlinereview.phases.ReviewPhaseHandlerTest" name="testCanPerform_withReviewer" time="3.959" />
  <testcase classname="com.cronos.onlinereview.phases.ReviewPhaseHandlerTest" name="testCanPerform_accuracy" time="4.72" />
  <testcase classname="com.cronos.onlinereview.phases.ReviewPhaseHandlerTest" name="testCanPerform_accuracy1" time="4.7" />
  <testcase classname="com.cronos.onlinereview.phases.ReviewPhaseHandlerTest" name="testCanPerform_accuracy2" time="4.847" />
  <testcase classname="com.cronos.onlinereview.phases.ReviewPhaseHandlerTest" name="testCanPerform_accuracy3" time="5.096" />
  <testcase classname="com.cronos.onlinereview.phases.AppealsPhaseHandlerTest" name="testCanPerform" time="1.796" />
  <testcase classname="com.cronos.onlinereview.phases.AppealsPhaseHandlerTest" name="testCanPerformWithInvalidStatus" time="1.75" />
  <testcase classname="com.cronos.onlinereview.phases.AppealsPhaseHandlerTest" name="testCanPerformWithInvalidType" time="1.763" />
  <testcase classname="com.cronos.onlinereview.phases.AppealsPhaseHandlerTest" name="testPerformWithNullPhase" time="1.779" />
  <testcase classname="com.cronos.onlinereview.phases.AppealsPhaseHandlerTest" name="testPerformWithInvalidStatus" time="1.772" />
  <testcase classname="com.cronos.onlinereview.phases.AppealsPhaseHandlerTest" name="testPerformWithInvalidType" time="1.731" />
  <testcase classname="com.cronos.onlinereview.phases.AppealsPhaseHandlerTest" name="testPerformWithNullOperator" time="1.777" />
  <testcase classname="com.cronos.onlinereview.phases.AppealsPhaseHandlerTest" name="testPerformWithEmptyOperator" time="1.766" />
  <testcase classname="com.cronos.onlinereview.phases.AppealsPhaseHandlerTest" name="testCanPerformWithScheduled" time="2.179" />
  <testcase classname="com.cronos.onlinereview.phases.AppealsPhaseHandlerTest" name="testCanPerformHandlerWithOpen" time="2.228" />
  <testcase classname="com.cronos.onlinereview.phases.AppealsPhaseHandlerTest" name="testPerform_Stop" time="22.667" />
  <testcase classname="com.cronos.onlinereview.phases.AppealsPhaseHandlerTest" name="testCanPerformCloseEarly" time="2.519" />
  <testcase classname="com.cronos.onlinereview.phases.AppealsPhaseHandlerTest" name="testPerform" time="9.075" />
  <testcase classname="com.cronos.onlinereview.phases.AppealsPhaseHandlerTest" name="testPerform_Start" time="22.056" />
  <testcase classname="com.cronos.onlinereview.phases.AppealsResponsePhaseHandlerTest" name="testCanPerform" time="1.764" />
  <testcase classname="com.cronos.onlinereview.phases.AppealsResponsePhaseHandlerTest" name="testCanPerformWithInvalidStatus" time="1.758" />
  <testcase classname="com.cronos.onlinereview.phases.AppealsResponsePhaseHandlerTest" name="testCanPerformWithInvalidType" time="1.75" />
  <testcase classname="com.cronos.onlinereview.phases.AppealsResponsePhaseHandlerTest" name="testPerformWithNullPhase" time="1.725" />
  <testcase classname="com.cronos.onlinereview.phases.AppealsResponsePhaseHandlerTest" name="testPerformWithInvalidStatus" time="1.738" />
  <testcase classname="com.cronos.onlinereview.phases.AppealsResponsePhaseHandlerTest" name="testPerformWithInvalidType" time="1.732" />
  <testcase classname="com.cronos.onlinereview.phases.AppealsResponsePhaseHandlerTest" name="testPerformWithNullOperator" time="1.739" />
  <testcase classname="com.cronos.onlinereview.phases.AppealsResponsePhaseHandlerTest" name="testPerformWithEmptyOperator" time="1.742" />
  <testcase classname="com.cronos.onlinereview.phases.AppealsResponsePhaseHandlerTest" name="testCanPerformWithScheduled" time="2.186" />
  <testcase classname="com.cronos.onlinereview.phases.AppealsResponsePhaseHandlerTest" name="testCanPerformHandlerWithOpen" time="2.202" />
  <testcase classname="com.cronos.onlinereview.phases.AppealsResponsePhaseHandlerTest" name="testPerformWithScheduled" time="5.112" />
  <testcase classname="com.cronos.onlinereview.phases.AppealsResponsePhaseHandlerTest" name="testPerform_Stop" time="25.675" />
  <testcase classname="com.cronos.onlinereview.phases.AppealsResponsePhaseHandlerTest" name="testPerform_Start" time="21.91" />
  <testcase classname="com.cronos.onlinereview.phases.AppealsResponsePhaseHandlerTest" name="testPerformWithOpenNoWinner" time="10.788" />
  <testcase classname="com.cronos.onlinereview.phases.AppealsResponsePhaseHandlerTest" name="testPerformWithOpenWithWinner" time="11.81" />
  <testcase classname="com.cronos.onlinereview.phases.AppealsResponsePhaseHandlerTest" name="testCanPerform_NoReviewFound" time="2.364" />
  <testcase classname="com.cronos.onlinereview.phases.AppealsResponsePhaseHandlerTest" name="testCanPerform_Comments" time="14.599" />
  <testcase classname="com.cronos.onlinereview.phases.AppealsResponsePhaseHandlerTest" name="testCanPerform_Comments2" time="14.372" />
  <testcase classname="com.cronos.onlinereview.phases.AppealsResponsePhaseHandlerTest" name="testPerform_noReviews" time="4.066" />
  <testcase classname="com.cronos.onlinereview.phases.AggregationPhaseHandlerTest" name="testCanPerform" time="1.682" />
  <testcase classname="com.cronos.onlinereview.phases.AggregationPhaseHandlerTest" name="testCanPerformWithInvalidStatus" time="1.763" />
  <testcase classname="com.cronos.onlinereview.phases.AggregationPhaseHandlerTest" name="testCanPerformWithInvalidType" time="1.756" />
  <testcase classname="com.cronos.onlinereview.phases.AggregationPhaseHandlerTest" name="testPerformWithNullPhase" time="1.756" />
  <testcase classname="com.cronos.onlinereview.phases.AggregationPhaseHandlerTest" name="testPerformWithInvalidStatus" time="1.798" />
  <testcase classname="com.cronos.onlinereview.phases.AggregationPhaseHandlerTest" name="testPerformWithInvalidType" time="1.755" />
  <testcase classname="com.cronos.onlinereview.phases.AggregationPhaseHandlerTest" name="testPerformWithNullOperator" time="1.746" />
  <testcase classname="com.cronos.onlinereview.phases.AggregationPhaseHandlerTest" name="testPerformWithEmptyOperator" time="1.723" />
  <testcase classname="com.cronos.onlinereview.phases.AggregationPhaseHandlerTest" name="testCanPerformWithScheduled" time="3.576" />
  <testcase classname="com.cronos.onlinereview.phases.AggregationPhaseHandlerTest" name="testCanPerformHandlerWithOpen" time="2.191" />
  <testcase classname="com.cronos.onlinereview.phases.AggregationPhaseHandlerTest" name="testPerform_start" time="37.506" />
  <testcase classname="com.cronos.onlinereview.phases.AggregationPhaseHandlerTest" name="testCanPerformHandlerWithOpen1" time="2.488" />
  <testcase classname="com.cronos.onlinereview.phases.AggregationPhaseHandlerTest" name="testPerform_stop" time="45.625" />
  <testcase classname="com.cronos.onlinereview.phases.AggregationPhaseHandlerTest" name="testPerform" time="4.848" />
  <testcase classname="com.cronos.onlinereview.phases.AggregationPhaseHandlerTest" name="testCtor" time="1.76" />
  <testcase classname="com.cronos.onlinereview.phases.AggregationPhaseHandlerTest" name="testPerform_start_PreviousAggregationExists" time="30.609" />
  <testcase classname="com.cronos.onlinereview.phases.AggregationPhaseHandlerTest" name="testPerformStart_NoAggregator" time="26.403" />
  <testcase classname="com.cronos.onlinereview.phases.AggregationReviewPhaseHandlerTest" name="testCanPerform" time="1.75" />
  <testcase classname="com.cronos.onlinereview.phases.AggregationReviewPhaseHandlerTest" name="testCanPerformWithInvalidStatus" time="1.748" />
  <testcase classname="com.cronos.onlinereview.phases.AggregationReviewPhaseHandlerTest" name="testCanPerformWithInvalidType" time="1.705" />
  <testcase classname="com.cronos.onlinereview.phases.AggregationReviewPhaseHandlerTest" name="testPerformWithNullPhase" time="1.761" />
  <testcase classname="com.cronos.onlinereview.phases.AggregationReviewPhaseHandlerTest" name="testPerformWithInvalidStatus" time="1.731" />
  <testcase classname="com.cronos.onlinereview.phases.AggregationReviewPhaseHandlerTest" name="testPerformWithInvalidType" time="1.746" />
  <testcase classname="com.cronos.onlinereview.phases.AggregationReviewPhaseHandlerTest" name="testPerformWithNullOperator" time="1.719" />
  <testcase classname="com.cronos.onlinereview.phases.AggregationReviewPhaseHandlerTest" name="testPerformWithEmptyOperator" time="1.639" />
  <testcase classname="com.cronos.onlinereview.phases.AggregationReviewPhaseHandlerTest" name="testCanPerformWithScheduled" time="2.139" />
  <testcase classname="com.cronos.onlinereview.phases.AggregationReviewPhaseHandlerTest" name="testCanPerformHandlerWithOpen" time="2.19" />
  <testcase classname="com.cronos.onlinereview.phases.AggregationReviewPhaseHandlerTest" name="testCanPerform_accuracy" time="4.371" />
  <testcase classname="com.cronos.onlinereview.phases.AggregationReviewPhaseHandlerTest" name="testCanPerform_accuracy1" time="4.202" />
  <testcase classname="com.cronos.onlinereview.phases.AggregationReviewPhaseHandlerTest" name="testCanPerform_accuracy2" time="4.366" />
  <testcase classname="com.cronos.onlinereview.phases.AggregationReviewPhaseHandlerTest" name="testCanPerform_accuracy3" time="4.481" />
  <testcase classname="com.cronos.onlinereview.phases.AggregationReviewPhaseHandlerTest" name="testPerform" time="4.915" />
  <testcase classname="com.cronos.onlinereview.phases.AggregationReviewPhaseHandlerTest" name="testCtor" time="1.742" />
  <testcase classname="com.cronos.onlinereview.phases.AggregationReviewPhaseHandlerTest" name="testPerformWithOpen" time="9.757" />
  <testcase classname="com.cronos.onlinereview.phases.AggregationReviewPhaseHandlerTest" name="testCanPerform_aggregationWorksheetNotExist" time="2.179" />
  <testcase classname="com.cronos.onlinereview.phases.AggregationReviewPhaseHandlerTest" name="testCanPerform_accuracy4" time="5.36" />
  <testcase classname="com.cronos.onlinereview.phases.FinalFixPhaseHandlerTest" name="testCanPerform" time="1.724" />
  <testcase classname="com.cronos.onlinereview.phases.FinalFixPhaseHandlerTest" name="testCanPerformWithInvalidStatus" time="1.746" />
  <testcase classname="com.cronos.onlinereview.phases.FinalFixPhaseHandlerTest" name="testCanPerformWithInvalidType" time="1.71" />
  <testcase classname="com.cronos.onlinereview.phases.FinalFixPhaseHandlerTest" name="testPerformWithNullPhase" time="1.741" />
  <testcase classname="com.cronos.onlinereview.phases.FinalFixPhaseHandlerTest" name="testPerformWithInvalidStatus" time="1.722" />
  <testcase classname="com.cronos.onlinereview.phases.FinalFixPhaseHandlerTest" name="testPerformWithInvalidType" time="1.689" />
  <testcase classname="com.cronos.onlinereview.phases.FinalFixPhaseHandlerTest" name="testPerformWithNullOperator" time="1.726" />
  <testcase classname="com.cronos.onlinereview.phases.FinalFixPhaseHandlerTest" name="testPerformWithEmptyOperator" time="1.747" />
  <testcase classname="com.cronos.onlinereview.phases.FinalFixPhaseHandlerTest" name="testCanPerformWithScheduled" time="2.606" />
  <testcase classname="com.cronos.onlinereview.phases.FinalFixPhaseHandlerTest" name="testCanPerformHandlerWithOpen" time="2.263" />
  <testcase classname="com.cronos.onlinereview.phases.FinalFixPhaseHandlerTest" name="testPerform" time="4.883" />
  <testcase classname="com.cronos.onlinereview.phases.FinalFixPhaseHandlerTest" name="testPerformWithScheduled1" time="9.721" />
  <testcase classname="com.cronos.onlinereview.phases.FinalFixPhaseHandlerTest" name="testPerformWithScheduled2" time="11.574" />
  <testcase classname="com.cronos.onlinereview.phases.FinalFixPhaseHandlerTest" name="testPerformWithScheduled3" time="17.278" />
  <testcase classname="com.cronos.onlinereview.phases.FinalFixPhaseHandlerTest" name="testPerformWithScheduled4" time="10.357" />
  <testcase classname="com.cronos.onlinereview.phases.FinalFixPhaseHandlerTest" name="testPerformWithScheduled_NoWinner" time="2.804" />
  <testcase classname="com.cronos.onlinereview.phases.FinalFixPhaseHandlerTest" name="testPerformWithScheduled_MultipleFinalFix" time="4.727" />
  <testcase classname="com.cronos.onlinereview.phases.FinalFixPhaseHandlerTest" name="testPerform_exception1" time="2.625" />
  <testcase classname="com.cronos.onlinereview.phases.FinalFixPhaseHandlerTest" name="testPerformWithScheduled_NoAggregatedReviewScorecard" time="3.304" />
  <testcase classname="com.cronos.onlinereview.phases.FinalFixPhaseHandlerTest" name="testPerformWithScheduled_NoWinningSubmission" time="3.31" />
  <testcase classname="com.cronos.onlinereview.phases.FinalReviewPhaseHandlerTest" name="testCanPerform" time="1.741" />
  <testcase classname="com.cronos.onlinereview.phases.FinalReviewPhaseHandlerTest" name="testCanPerformWithInvalidStatus" time="1.738" />
  <testcase classname="com.cronos.onlinereview.phases.FinalReviewPhaseHandlerTest" name="testCanPerformWithInvalidType" time="1.812" />
  <testcase classname="com.cronos.onlinereview.phases.FinalReviewPhaseHandlerTest" name="testPerformWithNullPhase" time="1.764" />
  <testcase classname="com.cronos.onlinereview.phases.FinalReviewPhaseHandlerTest" name="testPerformWithInvalidStatus" time="1.731" />
  <testcase classname="com.cronos.onlinereview.phases.FinalReviewPhaseHandlerTest" name="testPerformWithInvalidType" time="1.725" />
  <testcase classname="com.cronos.onlinereview.phases.FinalReviewPhaseHandlerTest" name="testPerformWithNullOperator" time="1.741" />
  <testcase classname="com.cronos.onlinereview.phases.FinalReviewPhaseHandlerTest" name="testPerformWithEmptyOperator" time="1.721" />
  <testcase classname="com.cronos.onlinereview.phases.FinalReviewPhaseHandlerTest" name="testCanPerformWithScheduled" time="2.166" />
  <testcase classname="com.cronos.onlinereview.phases.FinalReviewPhaseHandlerTest" name="testCanPerformHandlerWithOpen" time="2.178" />
  <testcase classname="com.cronos.onlinereview.phases.FinalReviewPhaseHandlerTest" name="testPerform" time="5.117" />
  <testcase classname="com.cronos.onlinereview.phases.FinalReviewPhaseHandlerTest" name="testPerform_start_noFinalReviewer" time="54.62" />
  <testcase classname="com.cronos.onlinereview.phases.FinalReviewPhaseHandlerTest" name="testPerform_start_withFinalReviewer" time="55.39" />
  <testcase classname="com.cronos.onlinereview.phases.FinalReviewPhaseHandlerTest" name="testPerformWithOpen_rejected" time="11.502" />
  <testcase classname="com.cronos.onlinereview.phases.FinalReviewPhaseHandlerTest" name="testPerformWithOpen_approved" time="11.432" />
  <testcase classname="com.cronos.onlinereview.phases.ApprovalPhaseHandlerTest" name="testCanPerform" time="1.765" />
  <testcase classname="com.cronos.onlinereview.phases.ApprovalPhaseHandlerTest" name="testCanPerformWithInvalidStatus" time="1.738" />
  <testcase classname="com.cronos.onlinereview.phases.ApprovalPhaseHandlerTest" name="testCanPerformWithInvalidType" time="1.753" />
  <testcase classname="com.cronos.onlinereview.phases.ApprovalPhaseHandlerTest" name="testPerformWithNullPhase" time="1.755" />
  <testcase classname="com.cronos.onlinereview.phases.ApprovalPhaseHandlerTest" name="testPerformWithInvalidStatus" time="1.768" />
  <testcase classname="com.cronos.onlinereview.phases.ApprovalPhaseHandlerTest" name="testPerformWithInvalidType" time="1.739" />
  <testcase classname="com.cronos.onlinereview.phases.ApprovalPhaseHandlerTest" name="testPerformWithNullOperator" time="1.771" />
  <testcase classname="com.cronos.onlinereview.phases.ApprovalPhaseHandlerTest" name="testPerformWithEmptyOperator" time="1.775" />
  <testcase classname="com.cronos.onlinereview.phases.ApprovalPhaseHandlerTest" name="testCanPerformWithScheduled" time="3.279" />
  <testcase classname="com.cronos.onlinereview.phases.ApprovalPhaseHandlerTest" name="testCanPerformHandlerWithOpen" time="2.157" />
  <testcase classname="com.cronos.onlinereview.phases.ApprovalPhaseHandlerTest" name="testPerformWithOpen_rejected" time="12.53" />
  <testcase classname="com.cronos.onlinereview.phases.ApprovalPhaseHandlerTest" name="testPerformWithOpen_approved" time="10.161" />
  <testcase classname="com.cronos.onlinereview.phases.ApprovalPhaseHandlerTest" name="testPerform_start_noApprovals" time="7.734" />
  <testcase classname="com.cronos.onlinereview.phases.ApprovalPhaseHandlerTest" name="testPerform_start_withApprovals" time="8.731" />
  <testcase classname="com.cronos.onlinereview.phases.ApprovalPhaseHandlerTest" name="testPerformWithOpen_approved_otherfixes" time="10.74" />
  <testcase classname="com.cronos.onlinereview.phases.PostMortemPhaseHandlerTest" name="testCanPerform" time="1.739" />
  <testcase classname="com.cronos.onlinereview.phases.PostMortemPhaseHandlerTest" name="testCanPerformWithInvalidStatus" time="1.724" />
  <testcase classname="com.cronos.onlinereview.phases.PostMortemPhaseHandlerTest" name="testCanPerformWithInvalidType" time="1.72" />
  <testcase classname="com.cronos.onlinereview.phases.PostMortemPhaseHandlerTest" name="testPerformWithNullPhase" time="1.786" />
  <testcase classname="com.cronos.onlinereview.phases.PostMortemPhaseHandlerTest" name="testPerformWithInvalidStatus" time="1.722" />
  <testcase classname="com.cronos.onlinereview.phases.PostMortemPhaseHandlerTest" name="testPerformWithInvalidType" time="1.742" />
  <testcase classname="com.cronos.onlinereview.phases.PostMortemPhaseHandlerTest" name="testPerformWithNullOperator" time="1.782" />
  <testcase classname="com.cronos.onlinereview.phases.PostMortemPhaseHandlerTest" name="testPerformWithEmptyOperator" time="1.714" />
  <testcase classname="com.cronos.onlinereview.phases.PostMortemPhaseHandlerTest" name="testCanPerformWithScheduled" time="2.124" />
  <testcase classname="com.cronos.onlinereview.phases.PostMortemPhaseHandlerTest" name="testPerform_stop" time="7.792" />
  <testcase classname="com.cronos.onlinereview.phases.PostMortemPhaseHandlerTest" name="testDefaultConstructor" time="2.09" />
  <testcase classname="com.cronos.onlinereview.phases.PostMortemPhaseHandlerTest" name="testCanPerformWithOpen1" time="2.696" />
  <testcase classname="com.cronos.onlinereview.phases.PostMortemPhaseHandlerTest" name="testCanPerformWithOpen2" time="3.02" />
  <testcase classname="com.cronos.onlinereview.phases.PostMortemPhaseHandlerTest" name="testPerform_start_no_reviwer" time="9.41" />
  <testcase classname="com.cronos.onlinereview.phases.PostMortemPhaseHandlerTest" name="testPerform_start_with_reviewer" time="8.998" />
  <testcase classname="com.cronos.onlinereview.phases.PostMortemPhaseHandlerTest" name="testPerformStart_ReviewerSubmitterHasTermsOfUse" time="6.773" />
  <testcase classname="com.cronos.onlinereview.phases.PostMortemPhaseHandlerTest" name="testPerformStart_ReviewerSubmitterNoTermsOfUse" time="7.986" />
  <testcase classname="com.cronos.onlinereview.phases.lookup.SubmissionTypeLookupUtilityTest" name="testLookUpId" time="0.15" />
  <testcase classname="com.cronos.onlinereview.phases.lookup.SubmissionTypeLookupUtilityTest" name="testLookUpIdWithNullConnection" time="0.027" />
  <testcase classname="com.cronos.onlinereview.phases.lookup.SubmissionTypeLookupUtilityTest" name="testLookUpIdWithNullValue" time="0.134" />
  <testcase classname="com.cronos.onlinereview.phases.lookup.SubmissionTypeLookupUtilityTest" name="testLookUpIdWithEmptyValue" time="0.133" />
  <testcase classname="com.cronos.onlinereview.phases.lookup.SubmissionTypeLookupUtilityTest" name="testLookUpIdWithNonMappedValue" time="0.14" />
  <testcase classname="com.cronos.onlinereview.phases.SpecificationSubmissionPhaseHandlerTest" name="testCanPerform" time="1.711" />
  <testcase classname="com.cronos.onlinereview.phases.SpecificationSubmissionPhaseHandlerTest" name="testCanPerformWithInvalidStatus" time="1.728" />
  <testcase classname="com.cronos.onlinereview.phases.SpecificationSubmissionPhaseHandlerTest" name="testCanPerformWithInvalidType" time="1.771" />
  <testcase classname="com.cronos.onlinereview.phases.SpecificationSubmissionPhaseHandlerTest" name="testPerformWithNullPhase" time="1.713" />
  <testcase classname="com.cronos.onlinereview.phases.SpecificationSubmissionPhaseHandlerTest" name="testPerformWithInvalidStatus" time="1.693" />
  <testcase classname="com.cronos.onlinereview.phases.SpecificationSubmissionPhaseHandlerTest" name="testPerformWithInvalidType" time="1.682" />
  <testcase classname="com.cronos.onlinereview.phases.SpecificationSubmissionPhaseHandlerTest" name="testPerformWithNullOperator" time="1.684" />
  <testcase classname="com.cronos.onlinereview.phases.SpecificationSubmissionPhaseHandlerTest" name="testPerformWithEmptyOperator" time="1.741" />
  <testcase classname="com.cronos.onlinereview.phases.SpecificationSubmissionPhaseHandlerTest" name="testCanPerformWithScheduled" time="2.679" />
  <testcase classname="com.cronos.onlinereview.phases.SpecificationSubmissionPhaseHandlerTest" name="testPerformWithScheduled" time="9.442" />
  <testcase classname="com.cronos.onlinereview.phases.SpecificationSubmissionPhaseHandlerTest" name="testPerformWithOpen" time="7.794" />
  <testcase classname="com.cronos.onlinereview.phases.SpecificationSubmissionPhaseHandlerTest" name="testConstructor1" time="1.703" />
  <testcase classname="com.cronos.onlinereview.phases.SpecificationSubmissionPhaseHandlerTest" name="testConstructor2" time="2.174" />
  <testcase classname="com.cronos.onlinereview.phases.SpecificationSubmissionPhaseHandlerTest" name="testCanPerformWithScheduled_DependenciesNotMet" time="2.119" />
  <testcase classname="com.cronos.onlinereview.phases.SpecificationSubmissionPhaseHandlerTest" name="testCanPerformWithScheduled_NotFirstPhase" time="2.129" />
  <testcase classname="com.cronos.onlinereview.phases.SpecificationSubmissionPhaseHandlerTest" name="testCanPerformWithScheduled_ParentProjectsNotCompleted" time="2.516" />
  <testcase classname="com.cronos.onlinereview.phases.SpecificationSubmissionPhaseHandlerTest" name="testCanPerformWithOpen_NoSpecificationSubmission" time="2.487" />
  <testcase classname="com.cronos.onlinereview.phases.SpecificationSubmissionPhaseHandlerTest" name="testCanPerformWithOpen_DependenciesNotMet" time="2.115" />
  <testcase classname="com.cronos.onlinereview.phases.SpecificationSubmissionPhaseHandlerTest" name="testCanPerformWithOpen" time="2.464" />
  <testcase classname="com.cronos.onlinereview.phases.SpecificationReviewPhaseHandlerTest" name="testCanPerform" time="1.71" />
  <testcase classname="com.cronos.onlinereview.phases.SpecificationReviewPhaseHandlerTest" name="testCanPerformWithInvalidStatus" time="1.681" />
  <testcase classname="com.cronos.onlinereview.phases.SpecificationReviewPhaseHandlerTest" name="testCanPerformWithInvalidType" time="1.695" />
  <testcase classname="com.cronos.onlinereview.phases.SpecificationReviewPhaseHandlerTest" name="testPerformWithNullPhase" time="1.688" />
  <testcase classname="com.cronos.onlinereview.phases.SpecificationReviewPhaseHandlerTest" name="testPerformWithInvalidStatus" time="1.709" />
  <testcase classname="com.cronos.onlinereview.phases.SpecificationReviewPhaseHandlerTest" name="testPerformWithInvalidType" time="1.69" />
  <testcase classname="com.cronos.onlinereview.phases.SpecificationReviewPhaseHandlerTest" name="testPerformWithNullOperator" time="1.684" />
  <testcase classname="com.cronos.onlinereview.phases.SpecificationReviewPhaseHandlerTest" name="testPerformWithEmptyOperator" time="1.694" />
  <testcase classname="com.cronos.onlinereview.phases.SpecificationReviewPhaseHandlerTest" name="testCanPerformWithScheduled" time="2.53" />
  <testcase classname="com.cronos.onlinereview.phases.SpecificationReviewPhaseHandlerTest" name="testPerformWithScheduled" time="9.54" />
  <testcase classname="com.cronos.onlinereview.phases.SpecificationReviewPhaseHandlerTest" name="testConstructor1" time="1.732" />
  <testcase classname="com.cronos.onlinereview.phases.SpecificationReviewPhaseHandlerTest" name="testConstructor2" time="2.156" />
  <testcase classname="com.cronos.onlinereview.phases.SpecificationReviewPhaseHandlerTest" name="testCanPerformWithScheduled_DependenciesNotMet" time="2.156" />
  <testcase classname="com.cronos.onlinereview.phases.SpecificationReviewPhaseHandlerTest" name="testCanPerformWithOpen" time="3.104" />
  <testcase classname="com.cronos.onlinereview.phases.SpecificationReviewPhaseHandlerTest" name="testCanPerformWithScheduled_NoSubmission" time="2.211" />
  <testcase classname="com.cronos.onlinereview.phases.SpecificationReviewPhaseHandlerTest" name="testCanPerformWithOpen__DependenciesNotMet" time="2.263" />
  <testcase classname="com.cronos.onlinereview.phases.SpecificationReviewPhaseHandlerTest" name="testCanPerformWithOpen__SpecificationSubmissionNotExists" time="2.438" />
  <testcase classname="com.cronos.onlinereview.phases.SpecificationReviewPhaseHandlerTest" name="testCanPerformWithOpen__SpecificationReviewNotExists" time="2.613" />
  <testcase classname="com.cronos.onlinereview.phases.SpecificationReviewPhaseHandlerTest" name="testCanPerformWithOpen_ReviewNotCommitted" time="3.194" />
  <testcase classname="com.cronos.onlinereview.phases.SpecificationReviewPhaseHandlerTest" name="testPerformWithScheduled_ZeroReviewer" time="8.069" />
  <testcase classname="com.cronos.onlinereview.phases.SpecificationReviewPhaseHandlerTest" name="testPerformWithOpen_InvalidCommentExtraInfo" time="3.337" />
  <testcase classname="com.cronos.onlinereview.phases.SpecificationReviewPhaseHandlerTest" name="testPerformWithOpen_NoSpecificationReviewComment" time="3.451" />
  <testcase classname="com.cronos.onlinereview.phases.SpecificationReviewPhaseHandlerTest" name="testPerformWithOpen_NoSubmission" time="2.562" />
  <testcase classname="com.cronos.onlinereview.phases.SpecificationReviewPhaseHandlerTest" name="testPerformWithOpen_NoReview" time="3.372" />
  <testcase classname="com.cronos.onlinereview.phases.SpecificationReviewPhaseHandlerTest" name="testPerformWithOpen_ReviewNotCommitted" time="3.37" />
  <testcase classname="com.cronos.onlinereview.phases.SpecificationReviewPhaseHandlerTest" name="testPerformWithOpen_SpecificationReviewApproved" time="9.483" />
  <testcase classname="com.cronos.onlinereview.phases.SpecificationReviewPhaseHandlerTest" name="testPerformWithOpen_SpecificationReviewRejected" time="13.069" />
  <testcase classname="com.cronos.onlinereview.phases.PhasesHelperTest" name="testArePhaseDependenciesMet1" time="1.476" />
  <testcase classname="com.cronos.onlinereview.phases.PhasesHelperTest" name="testArePhaseDependenciesMet2" time="1.467" />
  <testcase classname="com.cronos.onlinereview.phases.PhasesHelperTest" name="testHasOneSpecificationSubmission1" time="2.083" />
  <testcase classname="com.cronos.onlinereview.phases.PhasesHelperTest" name="testHasOneSpecificationSubmission2" time="2.06" />
  <testcase classname="com.cronos.onlinereview.phases.PhasesHelperTest" name="testHasOneSpecificationSubmission_TwoSubmission" time="2.102" />
  <testcase classname="com.cronos.onlinereview.phases.PhasesHelperTest" name="testSearchSubmissionsForProject" time="2.13" />
  <testcase classname="com.cronos.onlinereview.phases.PhasesHelperTest" name="testGetScreeningTasks" time="2.055" />
  <testcase classname="com.cronos.onlinereview.phases.PhasesHelperTest" name="testSearchActiveSubmissions" time="2.038" />
  <testcase classname="com.cronos.onlinereview.phases.PhasesHelperTest" name="testiIFirstPhase1" time="1.906" />
  <testcase classname="com.cronos.onlinereview.phases.PhasesHelperTest" name="testiIFirstPhase2" time="1.896" />
  <testcase classname="com.cronos.onlinereview.phases.PhasesHelperTest" name="testInsertSpecSubmissionSpecReview" time="3.735" />
  <testcase classname="com.cronos.onlinereview.phases.PhasesHelperTest" name="testAreParentProjectsCompleted1" time="2.196" />
  <testcase classname="com.cronos.onlinereview.phases.PhasesHelperTest" name="testAreParentProjectsCompleted2" time="2.458" />
  <testcase classname="com.cronos.onlinereview.phases.PhasesHelperTest" name="testGetIntegerAttribute_NullValue" time="1.491" />
  <testcase classname="com.cronos.onlinereview.phases.PhasesHelperTest" name="testGetIntegerAttribute_NotInteger" time="1.512" />
  <testcase classname="com.cronos.onlinereview.phases.PhasesHelperTest" name="testGetIntegerProp_NullValue" time="1.415" />
  <testcase classname="com.cronos.onlinereview.phases.PhasesHelperTest" name="testGetIntegerProp_NotInteger" time="1.454" />
  <testcase classname="com.cronos.onlinereview.phases.PhasesHelperTest" name="testGetIntegerProp_NotString" time="1.466" />
  <testcase classname="com.cronos.onlinereview.phases.PhasesHelperTest" name="testGetSubmissionStatus_StatusNotFound" time="1.709" />
  <testcase classname="com.cronos.onlinereview.phases.PhasesHelperTest" name="testGetPhaseType_TypeNotFound" time="1.56" />
  <testcase classname="com.cronos.onlinereview.phases.PhasesHelperTest" name="testGetPhaseStatus_StatusNotFound" time="1.552" />
  <testcase classname="com.cronos.onlinereview.phases.PhasesHelperTest" name="testGetUploadStatus_StatusNotFound" time="1.688" />
  <testcase classname="com.cronos.onlinereview.phases.PhasesHelperTest" name="testGetCommentType_TypeNotFound" time="1.557" />
  <testcase classname="com.cronos.onlinereview.phases.DemoTest" name="testDemo" time="23.935" />
  <testcase classname="com.cronos.onlinereview.phases.DemoTest" name="testDemoV14_SpecificationSubmission" time="16.097" />
  <testcase classname="com.cronos.onlinereview.phases.DemoTest" name="testDemoV14_SpecificationReview" time="17.068" />
  <testcase classname="com.cronos.onlinereview.phases.accuracytests.AppealPhaseHandlerTestV12" name="testPerform_1" time="11.468" />
  <testcase classname="com.cronos.onlinereview.phases.accuracytests.AppealPhaseHandlerTestV12" name="testPerform_2" time="10.77" />
  <testcase classname="com.cronos.onlinereview.phases.accuracytests.AppealsResponsePhaseHandlerTestV12" name="testPerform_1" time="22.367" />
  <testcase classname="com.cronos.onlinereview.phases.accuracytests.AppealsResponsePhaseHandlerTestV12" name="testPerform_2" time="10.151" />
  <testcase classname="com.cronos.onlinereview.phases.accuracytests.AbstractPhaseHandlerTestV13" name="testAbstractPhaseHandler" time="1.931" />
  <testcase classname="com.cronos.onlinereview.phases.accuracytests.AbstractPhaseHandlerTestV13" name="testSendEmail" time="8.411" />
  <testcase classname="com.cronos.onlinereview.phases.accuracytests.ApprovalPhaseHandlerAccTest" name="testApprovalPhaseHandler" time="3.881" />
  <testcase classname="com.cronos.onlinereview.phases.accuracytests.ApprovalPhaseHandlerAccTest" name="testCanPerformStartDepClosed" time="1.167" />
  <testcase classname="com.cronos.onlinereview.phases.accuracytests.ApprovalPhaseHandlerAccTest" name="testCanPerformStartDepOpen" time="4.158" />
  <testcase classname="com.cronos.onlinereview.phases.accuracytests.ApprovalPhaseHandlerAccTest" name="testCanPerformStartNoDep" time="1.149" />
  <testcase classname="com.cronos.onlinereview.phases.accuracytests.ApprovalPhaseHandlerAccTest" name="testCanPerformStartDateNotReached" time="4.127" />
  <testcase classname="com.cronos.onlinereview.phases.accuracytests.ApprovalPhaseHandlerAccTest" name="testCanPerformEndDepOpenEndDateReached" time="4.16" />
  <testcase classname="com.cronos.onlinereview.phases.accuracytests.FinalReviewPhaseHandlerAccTest" name="testCanPerformStartDepClosed" time="4.23" />
  <testcase classname="com.cronos.onlinereview.phases.accuracytests.FinalReviewPhaseHandlerAccTest" name="testCanPerformStartDepOpen" time="4.225" />
  <testcase classname="com.cronos.onlinereview.phases.accuracytests.FinalReviewPhaseHandlerAccTest" name="testCanPerformStartNoDep" time="4.075" />
  <testcase classname="com.cronos.onlinereview.phases.accuracytests.FinalReviewPhaseHandlerAccTest" name="testCanPerformStartDateNotReached" time="4.095" />
  <testcase classname="com.cronos.onlinereview.phases.accuracytests.FinalReviewPhaseHandlerAccTest" name="testCanPerformEndDepOpenEndDateReached" time="4.247" />
  <testcase classname="com.cronos.onlinereview.phases.accuracytests.FinalReviewPhaseHandlerAccTest" name="testFinalReviewPhaseHandler" time="3.825" />
  <testcase classname="com.cronos.onlinereview.phases.accuracytests.PostMortemPhaseHandlerAccTests" name="testCanPerform" time="2.236" />
  <testcase classname="com.cronos.onlinereview.phases.accuracytests.PostMortemPhaseHandlerAccTests" name="testDefaultConstructor" time="2.543" />
  <testcase classname="com.cronos.onlinereview.phases.accuracytests.PostMortemPhaseHandlerAccTests" name="testCanPerform1" time="2.261" />
  <testcase classname="com.cronos.onlinereview.phases.accuracytests.PostMortemPhaseHandlerAccTests" name="testCanPerform2" time="3.168" />
  <testcase classname="com.cronos.onlinereview.phases.accuracytests.RegistrationPhaseHandlerAccTest" name="testRegistrationPhaseHandler" time="3.838" />
  <testcase classname="com.cronos.onlinereview.phases.accuracytests.RegistrationPhaseHandlerAccTest" name="testCanPerformStartDepClosed" time="4.88" />
  <testcase classname="com.cronos.onlinereview.phases.accuracytests.RegistrationPhaseHandlerAccTest" name="testCanPerformStartDepOpen" time="4.503" />
  <testcase classname="com.cronos.onlinereview.phases.accuracytests.RegistrationPhaseHandlerAccTest" name="testCanPerformStartNoDep" time="4.676" />
  <testcase classname="com.cronos.onlinereview.phases.accuracytests.RegistrationPhaseHandlerAccTest" name="testCanPerformStartDateNotReached" time="4.166" />
  <testcase classname="com.cronos.onlinereview.phases.accuracytests.RegistrationPhaseHandlerAccTest" name="testCanPerformEndDepOpenEndDateReached" time="4.414" />
  <testcase classname="com.cronos.onlinereview.phases.accuracytests.RegistrationPhaseHandlerAccTest" name="testCanPerformEndDepClosedEndDateNotReached" time="4.495" />
  <testcase classname="com.cronos.onlinereview.phases.accuracytests.RegistrationPhaseHandlerAccTest" name="testCanPerformEndDepClosedEndDateReached" time="4.509" />
  <testcase classname="com.cronos.onlinereview.phases.accuracytests.ScreeningPhaseHandlerAccTest" name="testCanPerformStartDepClosed" time="0.914" />
  <testcase classname="com.cronos.onlinereview.phases.accuracytests.ScreeningPhaseHandlerAccTest" name="testCanPerformStartDepOpen" time="4.169" />
  <testcase classname="com.cronos.onlinereview.phases.accuracytests.ScreeningPhaseHandlerAccTest" name="testCanPerformStartNoDep" time="0.986" />
  <testcase classname="com.cronos.onlinereview.phases.accuracytests.ScreeningPhaseHandlerAccTest" name="testCanPerformStartDateNotReached" time="4.346" />
  <testcase classname="com.cronos.onlinereview.phases.accuracytests.ScreeningPhaseHandlerAccTest" name="testCanPerformEndDepOpenEndDateReached" time="4.417" />
  <testcase classname="com.cronos.onlinereview.phases.accuracytests.ScreeningPhaseHandlerAccTest" name="testScreeningPhaseHandler" time="3.89" />
  <testcase classname="com.cronos.onlinereview.phases.accuracytests.SubmissionPhaseHandlerAccTest" name="testCanPerformStartDepClosed" time="4.479" />
  <testcase classname="com.cronos.onlinereview.phases.accuracytests.SubmissionPhaseHandlerAccTest" name="testCanPerformStartDepOpen" time="4.28" />
  <testcase classname="com.cronos.onlinereview.phases.accuracytests.SubmissionPhaseHandlerAccTest" name="testCanPerformStartNoDep" time="3.844" />
  <testcase classname="com.cronos.onlinereview.phases.accuracytests.SubmissionPhaseHandlerAccTest" name="testCanPerformStartDateNotReached" time="4.133" />
  <testcase classname="com.cronos.onlinereview.phases.accuracytests.SubmissionPhaseHandlerAccTest" name="testCanPerformEndDepOpenEndDateReached" time="3.975" />
  <testcase classname="com.cronos.onlinereview.phases.accuracytests.SubmissionPhaseHandlerAccTest" name="testCanPerformEndDepClosedEndDateNotReached" time="4.278" />
  <testcase classname="com.cronos.onlinereview.phases.accuracytests.SubmissionPhaseHandlerAccTest" name="testSubmissionPhaseHandler" time="3.784" />
  <testcase classname="com.cronos.onlinereview.phases.accuracytests.AppealsPhaseHandlerAccTest" name="testCanPerformStartDepClosed" time="4.122" />
  <testcase classname="com.cronos.onlinereview.phases.accuracytests.AppealsPhaseHandlerAccTest" name="testCanPerformStartDepOpen" time="4.282" />
  <testcase classname="com.cronos.onlinereview.phases.accuracytests.AppealsPhaseHandlerAccTest" name="testCanPerformStartNoDep" time="4.13" />
  <testcase classname="com.cronos.onlinereview.phases.accuracytests.AppealsPhaseHandlerAccTest" name="testCanPerformStartDateNotReached" time="4.642" />
  <testcase classname="com.cronos.onlinereview.phases.accuracytests.AppealsPhaseHandlerAccTest" name="testCanPerformEndDepOpenEndDateReached" time="4.186" />
  <testcase classname="com.cronos.onlinereview.phases.accuracytests.AppealsPhaseHandlerAccTest" name="testCanPerformEndDepClosedEndDateReached" time="4.352" />
  <testcase classname="com.cronos.onlinereview.phases.accuracytests.AppealsPhaseHandlerAccTest" name="testAppealsPhaseHandler" time="3.759" />
  <testcase classname="com.cronos.onlinereview.phases.accuracytests.AppealsResponsePhaseHandlerAccTest" name="testCanPerformStartDepClosed" time="7.266" />
  <testcase classname="com.cronos.onlinereview.phases.accuracytests.AppealsResponsePhaseHandlerAccTest" name="testCanPerformStartDepOpen" time="4.457" />
  <testcase classname="com.cronos.onlinereview.phases.accuracytests.AppealsResponsePhaseHandlerAccTest" name="testCanPerformStartNoDep" time="4.222" />
  <testcase classname="com.cronos.onlinereview.phases.accuracytests.AppealsResponsePhaseHandlerAccTest" name="testCanPerformStartDateNotReached" time="4.612" />
  <testcase classname="com.cronos.onlinereview.phases.accuracytests.AppealsResponsePhaseHandlerAccTest" name="testCanPerformEndDepOpenEndDateReached" time="4.442" />
  <testcase classname="com.cronos.onlinereview.phases.accuracytests.AppealsResponsePhaseHandlerAccTest" name="testAppealsResponsePhaseHandler" time="3.642" />
  <testcase classname="com.cronos.onlinereview.phases.accuracytests.AggregationPhaseHandlerAccTest" name="testCanPerformStartDepClosed" time="4.637" />
  <testcase classname="com.cronos.onlinereview.phases.accuracytests.AggregationPhaseHandlerAccTest" name="testCanPerformStartDepOpen" time="4.303" />
  <testcase classname="com.cronos.onlinereview.phases.accuracytests.AggregationPhaseHandlerAccTest" name="testCanPerformStartNoDep" time="4.792" />
  <testcase classname="com.cronos.onlinereview.phases.accuracytests.AggregationPhaseHandlerAccTest" name="testCanPerformStartDateNotReached" time="4.117" />
  <testcase classname="com.cronos.onlinereview.phases.accuracytests.AggregationPhaseHandlerAccTest" name="testCanPerformEndDepOpenEndDateReached" time="4.387" />
  <testcase classname="com.cronos.onlinereview.phases.accuracytests.AggregationPhaseHandlerAccTest" name="testAggregationPhaseHandler" time="3.718" />
  <testcase classname="com.cronos.onlinereview.phases.accuracytests.FinalFixPhaseHandlerAccTest" name="testCanPerformStartDepOpen" time="3.936" />
  <testcase classname="com.cronos.onlinereview.phases.accuracytests.FinalFixPhaseHandlerAccTest" name="testCanPerformStartDateNotReached" time="7.326" />
  <testcase classname="com.cronos.onlinereview.phases.accuracytests.FinalFixPhaseHandlerAccTest" name="testCanPerformEndDepOpenEndDateReached" time="4.103" />
  <testcase classname="com.cronos.onlinereview.phases.accuracytests.FinalFixPhaseHandlerAccTest" name="testFinalFixPhaseHandler" time="3.618" />
  <testcase classname="com.cronos.onlinereview.phases.accuracytests.ReviewPhaseHandlerAccTest" name="testCanPerformStartDepOpen" time="4.468" />
  <testcase classname="com.cronos.onlinereview.phases.accuracytests.ReviewPhaseHandlerAccTest" name="testCanPerformStartDateNotReached" time="4.034" />
  <testcase classname="com.cronos.onlinereview.phases.accuracytests.ReviewPhaseHandlerAccTest" name="testCanPerformEndDepOpenEndDateReached" time="5.015" />
  <testcase classname="com.cronos.onlinereview.phases.accuracytests.ReviewPhaseHandlerAccTest" name="testReviewPhaseHandler" time="3.924" />
  <testcase classname="com.cronos.onlinereview.phases.accuracytests.PhaseStatusLookupUtilityAccTest" name="testLookUpIdScheduled" time="0.153" />
  <testcase classname="com.cronos.onlinereview.phases.accuracytests.PhaseStatusLookupUtilityAccTest" name="testLookUpIdOpen" time="0.217" />
  <testcase classname="com.cronos.onlinereview.phases.accuracytests.PhaseStatusLookupUtilityAccTest" name="testLookUpIdClosed" time="0.157" />
  <testcase classname="com.cronos.onlinereview.phases.accuracytests.PhaseStatusLookupUtilityAccTest" name="testLookUpIdCached" time="0.173" />
  <testcase classname="com.cronos.onlinereview.phases.accuracytests.PhaseTypeLookupUtilityAccTest" name="testLookUpIdCached" time="0.165" />
  <testcase classname="com.cronos.onlinereview.phases.accuracytests.PhaseTypeLookupUtilityAccTest" name="testLookUpIdRegistration" time="0.158" />
  <testcase classname="com.cronos.onlinereview.phases.accuracytests.PhaseTypeLookupUtilityAccTest" name="testLookUpIdSubmission" time="0.195" />
  <testcase classname="com.cronos.onlinereview.phases.accuracytests.PhaseTypeLookupUtilityAccTest" name="testLookUpIdScreening" time="0.152" />
  <testcase classname="com.cronos.onlinereview.phases.accuracytests.PhaseTypeLookupUtilityAccTest" name="testLookUpIdReview" time="0.148" />
  <testcase classname="com.cronos.onlinereview.phases.accuracytests.PhaseTypeLookupUtilityAccTest" name="testLookUpIdAppeals" time="0.207" />
  <testcase classname="com.cronos.onlinereview.phases.accuracytests.PhaseTypeLookupUtilityAccTest" name="testLookUpIdAppealsResponse" time="0.157" />
  <testcase classname="com.cronos.onlinereview.phases.accuracytests.PhaseTypeLookupUtilityAccTest" name="testLookUpIdAggregation" time="0.214" />
  <testcase classname="com.cronos.onlinereview.phases.accuracytests.PhaseTypeLookupUtilityAccTest" name="testLookUpIdAggregationReview" time="0.138" />
  <testcase classname="com.cronos.onlinereview.phases.accuracytests.PhaseTypeLookupUtilityAccTest" name="testLookUpIdFinalFix" time="0.145" />
  <testcase classname="com.cronos.onlinereview.phases.accuracytests.PhaseTypeLookupUtilityAccTest" name="testLookUpIdFinalReview" time="0.144" />
  <testcase classname="com.cronos.onlinereview.phases.accuracytests.PhaseTypeLookupUtilityAccTest" name="testLookUpIdApproval" time="0.144" />
  <testcase classname="com.cronos.onlinereview.phases.accuracytests.ProjectInfoTypeLookupUtilityAccTest" name="testLookUpIdCached" time="0.147" />
  <testcase classname="com.cronos.onlinereview.phases.accuracytests.ProjectInfoTypeLookupUtilityAccTest" name="testLookUpIdExternal" time="0.13" />
  <testcase classname="com.cronos.onlinereview.phases.accuracytests.ResourceRoleLookupUtilityAccTest" name="testLookUpIdCached" time="0.157" />
  <testcase classname="com.cronos.onlinereview.phases.accuracytests.ResourceRoleLookupUtilityAccTest" name="testLookUpIdSubmitter" time="0.131" />
  <testcase classname="com.cronos.onlinereview.phases.accuracytests.ResourceRoleLookupUtilityAccTest" name="testLookUpIdPrimaryScreener" time="0.136" />
  <testcase classname="com.cronos.onlinereview.phases.accuracytests.ResourceRoleLookupUtilityAccTest" name="testLookUpIdScreener" time="0.136" />
  <testcase classname="com.cronos.onlinereview.phases.accuracytests.ResourceRoleLookupUtilityAccTest" name="testLookUpIdReviewer" time="0.133" />
  <testcase classname="com.cronos.onlinereview.phases.accuracytests.FinalReviewPhaseHandlerTestV12" name="testPerform_1" time="11.686" />
  <testcase classname="com.cronos.onlinereview.phases.accuracytests.FinalReviewPhaseHandlerTestV12" name="testPerform_2" time="8.904" />
  <testcase classname="com.cronos.onlinereview.phases.accuracytests.PostMortemPhaseHandlerTestV12" name="testPerform_1" time="8.824" />
  <testcase classname="com.cronos.onlinereview.phases.accuracytests.PostMortemPhaseHandlerTestV12" name="testPerform_2" time="9.588" />
  <testcase classname="com.cronos.onlinereview.phases.accuracytests.RegistrationPhaseHandlerTestV12" name="testPerform_1" time="9.799" />
  <testcase classname="com.cronos.onlinereview.phases.accuracytests.RegistrationPhaseHandlerTestV12" name="testPerform_2" time="8.122" />
  <testcase classname="com.cronos.onlinereview.phases.accuracytests.RegistrationPhaseHandlerTestV12" name="testPerform_3" time="7.597" />
  <testcase classname="com.cronos.onlinereview.phases.accuracytests.ScreeningPhaseHandlerTestV12" name="testPerform_1" time="11.144" />
  <testcase classname="com.cronos.onlinereview.phases.accuracytests.ScreeningPhaseHandlerTestV12" name="testPerform_2" time="11.226" />
  <testcase classname="com.cronos.onlinereview.phases.accuracytests.ScreeningPhaseHandlerTestV12" name="testPerform_3" time="9.318" />
  <testcase classname="com.cronos.onlinereview.phases.accuracytests.ScreeningPhaseHandlerTestV12" name="testPerform_4" time="10.569" />
  <testcase classname="com.cronos.onlinereview.phases.accuracytests.SubmissionPhaseHandlerTestV12" name="testPerform_1" time="10.095" />
  <testcase classname="com.cronos.onlinereview.phases.accuracytests.SubmissionPhaseHandlerTestV12" name="testPerform_2" time="8.056" />
  <testcase classname="com.cronos.onlinereview.phases.accuracytests.SubmissionPhaseHandlerTestV12" name="testPerform_3" time="8.089" />
  <testcase classname="com.cronos.onlinereview.phases.accuracytests.ReviewPhaseHandlerTestV12" name="testPerform_1" time="11.36" />
  <testcase classname="com.cronos.onlinereview.phases.accuracytests.ReviewPhaseHandlerTestV12" name="testPerform_2" time="12.174" />
  <testcase classname="com.cronos.onlinereview.phases.accuracytests.ReviewPhaseHandlerTestV12" name="testPerform_3" time="10.026" />
  <testcase classname="com.cronos.onlinereview.phases.accuracytests.ReviewPhaseHandlerTestV12" name="testPerform_4" time="9.432" />
  <testcase classname="com.cronos.onlinereview.phases.accuracytests.ApprovalPhaseHandlerAccTestsV11" name="testCanPerform1" time="3.063" />
  <testcase classname="com.cronos.onlinereview.phases.accuracytests.ApprovalPhaseHandlerAccTestsV11" name="testCanPerform2" time="1.874" />
  <testcase classname="com.cronos.onlinereview.phases.accuracytests.ApprovalPhaseHandlerAccTestsV11" name="testPerform1" time="5.214" />
  <testcase classname="com.cronos.onlinereview.phases.accuracytests.ApprovalPhaseHandlerAccTestsV11" name="testPerform2" time="8.335" />
  <testcase classname="com.cronos.onlinereview.phases.accuracytests.FinalReviewPhaseHandlerAccTestsV11" name="testCanPerform1" time="2.195" />
  <testcase classname="com.cronos.onlinereview.phases.accuracytests.FinalReviewPhaseHandlerAccTestsV11" name="testCanPerform2" time="1.918" />
  <testcase classname="com.cronos.onlinereview.phases.accuracytests.FinalReviewPhaseHandlerAccTestsV11" name="testPerform1" time="9.266" />
  <testcase classname="com.cronos.onlinereview.phases.accuracytests.FinalReviewPhaseHandlerAccTestsV11" name="testPerform2" time="7.502" />
  <testcase classname="com.cronos.onlinereview.phases.accuracytests.RegistrationPhaseHandlerAccTestsV11" name="testPerform1" time="6.513" />
  <testcase classname="com.cronos.onlinereview.phases.accuracytests.RegistrationPhaseHandlerAccTestsV11" name="testPerform2" time="6.211" />
  <testcase classname="com.cronos.onlinereview.phases.accuracytests.ScreeningPhaseHandlerAccTestsV11" name="testPerform" time="10.501" />
  <testcase classname="com.cronos.onlinereview.phases.accuracytests.SubmissionPhaseHandlerAccTestsV11" name="testCanPerform1" time="2.186" />
  <testcase classname="com.cronos.onlinereview.phases.accuracytests.SubmissionPhaseHandlerAccTestsV11" name="testCanPerform2" time="3.679" />
  <testcase classname="com.cronos.onlinereview.phases.accuracytests.SubmissionPhaseHandlerAccTestsV11" name="testPerform1" time="6.14" />
  <testcase classname="com.cronos.onlinereview.phases.accuracytests.SubmissionPhaseHandlerAccTestsV11" name="testPerform2" time="6.13" />
  <testcase classname="com.cronos.onlinereview.phases.accuracytests.ApprovalPhaseHandlerTestV12" name="testPerform_1" time="7.537" />
  <testcase classname="com.cronos.onlinereview.phases.accuracytests.ApprovalPhaseHandlerTestV12" name="testPerform_2" time="8.004" />
  <testcase classname="com.cronos.onlinereview.phases.accuracytests.SubmissionTypeLookupUtilityAccuracyTests" name="testLookupIdAccuracy" time="1.371" />
  <testcase classname="com.cronos.onlinereview.phases.accuracytests.SpecificationSubmissionPhaseHandlerAccuracyTests" name="testPerform" time="8.819" />
  <testcase classname="com.cronos.onlinereview.phases.accuracytests.SpecificationSubmissionPhaseHandlerAccuracyTests" name="testCanPerform_Scheduled" time="2.513" />
  <testcase classname="com.cronos.onlinereview.phases.accuracytests.SpecificationSubmissionPhaseHandlerAccuracyTests" name="testCanPerform_Open_DependencyNotMet" time="2.079" />
  <testcase classname="com.cronos.onlinereview.phases.accuracytests.SpecificationSubmissionPhaseHandlerAccuracyTests" name="testCanPerform_Scheduled_NoParentProjectsCompleted" time="1.983" />
  <testcase classname="com.cronos.onlinereview.phases.accuracytests.SpecificationSubmissionPhaseHandlerAccuracyTests" name="testCanPerform_Open_NoSubmission" time="2.52" />
  <testcase classname="com.cronos.onlinereview.phases.accuracytests.SpecificationReviewPhaseHandlerAccuracyTests" name="testPerform" time="6.202" />
  <testcase classname="com.cronos.onlinereview.phases.accuracytests.SpecificationReviewPhaseHandlerAccuracyTests" name="testCanPerform_Scheduled" time="2.574" />
  <testcase classname="com.cronos.onlinereview.phases.accuracytests.SpecificationReviewPhaseHandlerAccuracyTests" name="testCanPerform_Open_NoSubmission" time="2.171" />
  <testcase classname="com.cronos.onlinereview.phases.accuracytests.SpecificationReviewPhaseHandlerAccuracyTests" name="testCanPerform_Open" time="3.045" />
  <testcase classname="com.cronos.onlinereview.phases.accuracytests.SpecificationReviewPhaseHandlerAccuracyTests" name="testCanPerform_Open_ReviewNotCommitted" time="2.404" />
  <testcase classname="com.cronos.onlinereview.phases.accuracytests.SpecificationReviewPhaseHandlerAccuracyTests" name="testCanPerform_Scheduled_NotYetStarted" time="2.114" />
  <testcase classname="com.cronos.onlinereview.phases.accuracytests.SpecificationReviewPhaseHandlerAccuracyTests" name="testCanPerform_Scheduled_DependencyNotMet" time="2.272" />
  <testcase classname="com.cronos.onlinereview.phases.accuracytests.SpecificationReviewPhaseHandlerAccuracyTests" name="testCanPerform_Scheduled_NoSubmission" time="2.241" />
  <testcase classname="com.cronos.onlinereview.phases.accuracytests.SpecificationReviewPhaseHandlerAccuracyTests" name="testPerform_Open" time="6.852" />
  <testcase classname="com.cronos.onlinereview.phases.failuretests.AbstractPhaseHandlerFailureTest" name="testConstructor_String_namespace_null" time="1.667" />
  <testcase classname="com.cronos.onlinereview.phases.failuretests.AbstractPhaseHandlerFailureTest" name="testConstructor_String_namespace_ZERO_LENGTH_STRING" time="1.461" />
  <testcase classname="com.cronos.onlinereview.phases.failuretests.AbstractPhaseHandlerFailureTest" name="testConstructor_String_namespace_WHITESPACE_ONLY_STRING" time="1.022" />
  <testcase classname="com.cronos.onlinereview.phases.failuretests.AbstractPhaseHandlerFailureTest" name="testSendEmail_Phase_phase_null" time="1.189" />
  <testcase classname="com.cronos.onlinereview.phases.failuretests.AbstractPhaseHandlerFailureTest" name="testAbstractPhaseHandler_String_1" time="2.33" />
  <testcase classname="com.cronos.onlinereview.phases.failuretests.AbstractPhaseHandlerFailureTest" name="testAbstractPhaseHandler_String_2" time="2.62" />
  <testcase classname="com.cronos.onlinereview.phases.failuretests.AbstractPhaseHandlerFailureTest" name="testAbstractPhaseHandler_String_3" time="2.291" />
  <testcase classname="com.cronos.onlinereview.phases.failuretests.AbstractPhaseHandlerFailureTest" name="testAbstractPhaseHandler_String_4" time="2.549" />
  <testcase classname="com.cronos.onlinereview.phases.failuretests.AbstractPhaseHandlerFailureTest" name="testAbstractPhaseHandler_String_5" time="2.602" />
  <testcase classname="com.cronos.onlinereview.phases.failuretests.AbstractPhaseHandlerFailureTest" name="testAbstractPhaseHandler_String_6" time="2.729" />
  <testcase classname="com.cronos.onlinereview.phases.failuretests.AbstractPhaseHandlerFailureTest" name="testAbstractPhaseHandler_String_7" time="2.627" />
  <testcase classname="com.cronos.onlinereview.phases.failuretests.AbstractPhaseHandlerFailureTest" name="testAbstractPhaseHandler_String_8" time="2.762" />
  <testcase classname="com.cronos.onlinereview.phases.failuretests.AbstractPhaseHandlerFailureTest" name="testAbstractPhaseHandler_String_9" time="2.608" />
  <testcase classname="com.cronos.onlinereview.phases.failuretests.AbstractPhaseHandlerFailureTest" name="testAbstractPhaseHandler_String_10" time="3.187" />
  <testcase classname="com.cronos.onlinereview.phases.failuretests.AbstractPhaseHandlerFailureTest" name="testAbstractPhaseHandler_String_11" time="3.008" />
  <testcase classname="com.cronos.onlinereview.phases.failuretests.AbstractPhaseHandlerFailureTest" name="testAbstractPhaseHandler_String_12" time="2.554" />
  <testcase classname="com.cronos.onlinereview.phases.failuretests.AbstractPhaseHandlerFailureTest" name="testAbstractPhaseHandler_String_13" time="2.998" />
  <testcase classname="com.cronos.onlinereview.phases.failuretests.AbstractPhaseHandlerFailureTest" name="testAbstractPhaseHandler_String_14" time="2.58" />
  <testcase classname="com.cronos.onlinereview.phases.failuretests.AbstractPhaseHandlerFailureTest" name="testAbstractPhaseHandler_String_15" time="2.701" />
  <testcase classname="com.cronos.onlinereview.phases.failuretests.AbstractPhaseHandlerFailureTest" name="testAbstractPhaseHandler_String_16" time="2.906" />
  <testcase classname="com.cronos.onlinereview.phases.failuretests.AbstractPhaseHandlerFailureTest" name="testAbstractPhaseHandler_String_17" time="2.652" />
  <testcase classname="com.cronos.onlinereview.phases.failuretests.AbstractPhaseHandlerFailureTest" name="testAbstractPhaseHandler_String_18" time="2.8" />
  <testcase classname="com.cronos.onlinereview.phases.failuretests.AbstractPhaseHandlerFailureTest" name="testAbstractPhaseHandler_String_19" time="3.075" />
  <testcase classname="com.cronos.onlinereview.phases.failuretests.AbstractPhaseHandlerFailureTest" name="testAbstractPhaseHandler_String_20" time="2.57" />
  <testcase classname="com.cronos.onlinereview.phases.failuretests.AbstractPhaseHandlerFailureTest" name="testAbstractPhaseHandler_MissingProjectDetailsURL" time="1.171" />
  <testcase classname="com.cronos.onlinereview.phases.failuretests.AbstractPhaseHandlerFailureTest" name="testAbstractPhaseHandler_InvalidStartSendEmail" time="1.176" />
  <testcase classname="com.cronos.onlinereview.phases.failuretests.AbstractPhaseHandlerFailureTest" name="testAbstractPhaseHandler_MissingStartEmailFromAddress" time="1.402" />
  <testcase classname="com.cronos.onlinereview.phases.failuretests.AbstractPhaseHandlerFailureTest" name="testAbstractPhaseHandler_InvalidEndSendEmail" time="1.188" />
  <testcase classname="com.cronos.onlinereview.phases.failuretests.AbstractPhaseHandlerFailureTest" name="testAbstractPhaseHandler_MissingEndEmailFromAddress" time="1.117" />
  <testcase classname="com.cronos.onlinereview.phases.failuretests.AbstractPhaseHandlerFailureTest" name="testAbstractPhaseHandler_InvalidPriority" time="1.195" />
  <testcase classname="com.cronos.onlinereview.phases.failuretests.AbstractPhaseHandlerFailureTest" name="testSendEmail_NullPhase" time="1.146" />
  <testcase classname="com.cronos.onlinereview.phases.failuretests.AbstractPhaseHandlerFailureTest" name="testSendEmail_MapContainsNullValue" time="0.94" />
  <testcase classname="com.cronos.onlinereview.phases.failuretests.AbstractPhaseHandlerFailureTest" name="testSendEmail_MapContainsNullKey" time="1.122" />
  <testcase classname="com.cronos.onlinereview.phases.failuretests.AbstractPhaseHandlerFailureTest" name="testSendEmail_SearchBuilderConfigurationException" time="0.949" />
  <testcase classname="com.cronos.onlinereview.phases.failuretests.AbstractPhaseHandlerFailureTest" name="testSendEmail_ResourcePersistenceException" time="1.238" />
  <testcase classname="com.cronos.onlinereview.phases.failuretests.AbstractPhaseHandlerFailureTest" name="testSendEmail_SearchBuilderException" time="1.08" />
  <testcase classname="com.cronos.onlinereview.phases.failuretests.AbstractPhaseHandlerFailureTest" name="testSendEmail_Exception" time="1.264" />
  <testcase classname="com.cronos.onlinereview.phases.failuretests.AbstractPhaseHandlerFailureTest" name="testSendEmail_PersistenceException" time="1.051" />
  <testcase classname="com.cronos.onlinereview.phases.failuretests.AbstractPhaseHandlerFailureTest" name="testSendEmail_MapContainsEmptyKey" time="1.116" />
  <testcase classname="com.cronos.onlinereview.phases.failuretests.AggregationPhaseHandlerFailureTest" name="testConstructor_String_namespace_null" time="1.456" />
  <testcase classname="com.cronos.onlinereview.phases.failuretests.AggregationPhaseHandlerFailureTest" name="testConstructor_String_namespace_ZERO_LENGTH_STRING" time="1.182" />
  <testcase classname="com.cronos.onlinereview.phases.failuretests.AggregationPhaseHandlerFailureTest" name="testConstructor_String_namespace_WHITESPACE_ONLY_STRING" time="1.476" />
  <testcase classname="com.cronos.onlinereview.phases.failuretests.AggregationPhaseHandlerFailureTest" name="testCanPerform_Phase_phase_null" time="1.356" />
  <testcase classname="com.cronos.onlinereview.phases.failuretests.AggregationPhaseHandlerFailureTest" name="testCanPerform_Phase_phase_SubmissionPhase" time="1.576" />
  <testcase classname="com.cronos.onlinereview.phases.failuretests.AggregationPhaseHandlerFailureTest" name="testCanPerform_Phase_phase_ClosedAggregationPhase" time="1.565" />
  <testcase classname="com.cronos.onlinereview.phases.failuretests.AggregationPhaseHandlerFailureTest" name="testPerform_Phase_String_phase_null" time="1.219" />
  <testcase classname="com.cronos.onlinereview.phases.failuretests.AggregationPhaseHandlerFailureTest" name="testPerform_Phase_String_phase_SubmissionPhase" time="1.494" />
  <testcase classname="com.cronos.onlinereview.phases.failuretests.AggregationPhaseHandlerFailureTest" name="testPerform_Phase_String_phase_ClosedAggregationPhase" time="1.563" />
  <testcase classname="com.cronos.onlinereview.phases.failuretests.AggregationPhaseHandlerFailureTest" name="testPerform_Phase_String_operator_null" time="1.245" />
  <testcase classname="com.cronos.onlinereview.phases.failuretests.AggregationPhaseHandlerFailureTest" name="testPerform_Phase_String_operator_ZERO_LENGTH_STRING" time="1.432" />
  <testcase classname="com.cronos.onlinereview.phases.failuretests.AggregationPhaseHandlerFailureTest" name="testPerform_Phase_String_operator_WHITESPACE_ONLY_STRING" time="1.242" />
  <testcase classname="com.cronos.onlinereview.phases.failuretests.AggregationPhaseHandlerFailureTest" name="testCanPerform_Phase_ResourceManagerError_SearchBuilderConfigurationException" time="1.685" />
  <testcase classname="com.cronos.onlinereview.phases.failuretests.AggregationPhaseHandlerFailureTest" name="testCanPerform_Phase_ResourceManagerError_ResourcePersistenceException" time="1.487" />
  <testcase classname="com.cronos.onlinereview.phases.failuretests.AggregationPhaseHandlerFailureTest" name="testCanPerform_Phase_ResourceManagerError_SearchBuilderException" time="1.671" />
  <testcase classname="com.cronos.onlinereview.phases.failuretests.AggregationPhaseHandlerFailureTest" name="testCanPerform_Phase_ReviewManagerError_ReviewManagementException" time="1.496" />
  <testcase classname="com.cronos.onlinereview.phases.failuretests.AggregationPhaseHandlerFailureTest" name="testPerform_Phase_String_ScheduledPhase_ResourceManagerError_SearchBuilderConfigurationException" time="1.639" />
  <testcase classname="com.cronos.onlinereview.phases.failuretests.AggregationPhaseHandlerFailureTest" name="testPerform_Phase_String_ScheduledPhase_ResourceManagerError_ResourcePersistenceException" time="1.546" />
  <testcase classname="com.cronos.onlinereview.phases.failuretests.AggregationPhaseHandlerFailureTest" name="testPerform_Phase_String_ScheduledPhase_ResourceManagerError_SearchBuilderException" time="1.69" />
  <testcase classname="com.cronos.onlinereview.phases.failuretests.AggregationPhaseHandlerFailureTest" name="testPerform_Phase_String_ScheduledPhase_ReviewManagerError_ReviewManagementException" time="1.46" />
  <testcase classname="com.cronos.onlinereview.phases.failuretests.AggregationReviewPhaseHandlerFailureTest" name="testConstructor_String_namespace_null" time="1.412" />
  <testcase classname="com.cronos.onlinereview.phases.failuretests.AggregationReviewPhaseHandlerFailureTest" name="testConstructor_String_namespace_ZERO_LENGTH_STRING" time="1.532" />
  <testcase classname="com.cronos.onlinereview.phases.failuretests.AggregationReviewPhaseHandlerFailureTest" name="testConstructor_String_namespace_WHITESPACE_ONLY_STRING" time="1.554" />
  <testcase classname="com.cronos.onlinereview.phases.failuretests.AggregationReviewPhaseHandlerFailureTest" name="testCanPerform_Phase_phase_null" time="1.569" />
  <testcase classname="com.cronos.onlinereview.phases.failuretests.AggregationReviewPhaseHandlerFailureTest" name="testCanPerform_Phase_phase_SubmissionPhase" time="1.272" />
  <testcase classname="com.cronos.onlinereview.phases.failuretests.AggregationReviewPhaseHandlerFailureTest" name="testPerform_Phase_String_phase_null" time="1.357" />
  <testcase classname="com.cronos.onlinereview.phases.failuretests.AggregationReviewPhaseHandlerFailureTest" name="testPerform_Phase_String_phase_SubmissionPhase" time="1.499" />
  <testcase classname="com.cronos.onlinereview.phases.failuretests.AggregationReviewPhaseHandlerFailureTest" name="testPerform_Phase_String_operator_null" time="1.497" />
  <testcase classname="com.cronos.onlinereview.phases.failuretests.AggregationReviewPhaseHandlerFailureTest" name="testPerform_Phase_String_operator_ZERO_LENGTH_STRING" time="1.188" />
  <testcase classname="com.cronos.onlinereview.phases.failuretests.AggregationReviewPhaseHandlerFailureTest" name="testPerform_Phase_String_operator_WHITESPACE_ONLY_STRING" time="1.358" />
  <testcase classname="com.cronos.onlinereview.phases.failuretests.AggregationReviewPhaseHandlerFailureTest" name="testCanPerform_Phase_ResourceManagerError_SearchBuilderConfigurationException" time="1.477" />
  <testcase classname="com.cronos.onlinereview.phases.failuretests.AggregationReviewPhaseHandlerFailureTest" name="testCanPerform_Phase_ResourceManagerError_ResourcePersistenceException" time="1.531" />
  <testcase classname="com.cronos.onlinereview.phases.failuretests.AggregationReviewPhaseHandlerFailureTest" name="testCanPerform_Phase_ResourceManagerError_SearchBuilderException" time="1.225" />
  <testcase classname="com.cronos.onlinereview.phases.failuretests.AggregationReviewPhaseHandlerFailureTest" name="testCanPerform_Phase_ReviewManagerError_ReviewManagementException" time="1.429" />
  <testcase classname="com.cronos.onlinereview.phases.failuretests.AggregationReviewPhaseHandlerFailureTest" name="testCanPerform_Phase_phase_ClosedAggregationReviewPhase" time="1.24" />
  <testcase classname="com.cronos.onlinereview.phases.failuretests.AggregationReviewPhaseHandlerFailureTest" name="testPerform_Phase_String_phase_ClosedAggregationReviewPhase" time="1.411" />
  <testcase classname="com.cronos.onlinereview.phases.failuretests.AggregationReviewPhaseHandlerFailureTest" name="testPerform_Phase_String_OpenPhase_ResourceManagerError_SearchBuilderConfigurationException" time="1.489" />
  <testcase classname="com.cronos.onlinereview.phases.failuretests.AggregationReviewPhaseHandlerFailureTest" name="testPerform_Phase_String_OpenPhase_ResourceManagerError_ResourcePersistenceException" time="1.547" />
  <testcase classname="com.cronos.onlinereview.phases.failuretests.AggregationReviewPhaseHandlerFailureTest" name="testPerform_Phase_String_OpenPhase_ResourceManagerError_SearchBuilderException" time="1.523" />
  <testcase classname="com.cronos.onlinereview.phases.failuretests.AggregationReviewPhaseHandlerFailureTest" name="testPerform_Phase_String_OpenPhase_ReviewManagerError_ReviewManagementException" time="1.308" />
  <testcase classname="com.cronos.onlinereview.phases.failuretests.AggregationReviewPhaseHandlerFailureTest" name="testPerform_Phase_String_OpenPhase_PhaseManagerError_PhaseManagementException" time="1.46" />
  <testcase classname="com.cronos.onlinereview.phases.failuretests.AppealsPhaseHandlerFailureTest" name="testConstructor_String_namespace_null" time="1.539" />
  <testcase classname="com.cronos.onlinereview.phases.failuretests.AppealsPhaseHandlerFailureTest" name="testConstructor_String_namespace_ZERO_LENGTH_STRING" time="1.474" />
  <testcase classname="com.cronos.onlinereview.phases.failuretests.AppealsPhaseHandlerFailureTest" name="testConstructor_String_namespace_WHITESPACE_ONLY_STRING" time="1.535" />
  <testcase classname="com.cronos.onlinereview.phases.failuretests.AppealsPhaseHandlerFailureTest" name="testCanPerform_Phase_phase_null" time="1.262" />
  <testcase classname="com.cronos.onlinereview.phases.failuretests.AppealsPhaseHandlerFailureTest" name="testCanPerform_Phase_phase_SubmissionPhase" time="1.361" />
  <testcase classname="com.cronos.onlinereview.phases.failuretests.AppealsPhaseHandlerFailureTest" name="testPerform_Phase_String_phase_null" time="1.446" />
  <testcase classname="com.cronos.onlinereview.phases.failuretests.AppealsPhaseHandlerFailureTest" name="testPerform_Phase_String_phase_SubmissionPhase" time="1.198" />
  <testcase classname="com.cronos.onlinereview.phases.failuretests.AppealsPhaseHandlerFailureTest" name="testPerform_Phase_String_operator_null" time="1.353" />
  <testcase classname="com.cronos.onlinereview.phases.failuretests.AppealsPhaseHandlerFailureTest" name="testPerform_Phase_String_operator_ZERO_LENGTH_STRING" time="1.469" />
  <testcase classname="com.cronos.onlinereview.phases.failuretests.AppealsPhaseHandlerFailureTest" name="testPerform_Phase_String_operator_WHITESPACE_ONLY_STRING" time="1.191" />
  <testcase classname="com.cronos.onlinereview.phases.failuretests.AppealsPhaseHandlerFailureTest" name="testCanPerform_Phase_phase_ClosedAppealsPhase" time="1.361" />
  <testcase classname="com.cronos.onlinereview.phases.failuretests.AppealsPhaseHandlerFailureTest" name="testPerform_Phase_String_phase_ClosedAppealsPhase" time="1.457" />
  <testcase classname="com.cronos.onlinereview.phases.failuretests.AppealsResponsePhaseHandlerFailureTest" name="testConstructor_String_namespace_null" time="1.493" />
  <testcase classname="com.cronos.onlinereview.phases.failuretests.AppealsResponsePhaseHandlerFailureTest" name="testConstructor_String_namespace_ZERO_LENGTH_STRING" time="1.475" />
  <testcase classname="com.cronos.onlinereview.phases.failuretests.AppealsResponsePhaseHandlerFailureTest" name="testConstructor_String_namespace_WHITESPACE_ONLY_STRING" time="1.181" />
  <testcase classname="com.cronos.onlinereview.phases.failuretests.AppealsResponsePhaseHandlerFailureTest" name="testCanPerform_Phase_phase_null" time="1.385" />
  <testcase classname="com.cronos.onlinereview.phases.failuretests.AppealsResponsePhaseHandlerFailureTest" name="testCanPerform_Phase_phase_SubmissionPhase" time="1.456" />
  <testcase classname="com.cronos.onlinereview.phases.failuretests.AppealsResponsePhaseHandlerFailureTest" name="testPerform_Phase_String_phase_null" time="1.185" />
  <testcase classname="com.cronos.onlinereview.phases.failuretests.AppealsResponsePhaseHandlerFailureTest" name="testPerform_Phase_String_phase_SubmissionPhase" time="1.378" />
  <testcase classname="com.cronos.onlinereview.phases.failuretests.AppealsResponsePhaseHandlerFailureTest" name="testPerform_Phase_String_operator_null" time="1.445" />
  <testcase classname="com.cronos.onlinereview.phases.failuretests.AppealsResponsePhaseHandlerFailureTest" name="testPerform_Phase_String_operator_ZERO_LENGTH_STRING" time="1.195" />
  <testcase classname="com.cronos.onlinereview.phases.failuretests.AppealsResponsePhaseHandlerFailureTest" name="testPerform_Phase_String_operator_WHITESPACE_ONLY_STRING" time="1.381" />
  <testcase classname="com.cronos.onlinereview.phases.failuretests.AppealsResponsePhaseHandlerFailureTest" name="testCanPerform_Phase_ResourceManagerError_SearchBuilderConfigurationException" time="1.498" />
  <testcase classname="com.cronos.onlinereview.phases.failuretests.AppealsResponsePhaseHandlerFailureTest" name="testCanPerform_Phase_ResourceManagerError_ResourcePersistenceException" time="1.183" />
  <testcase classname="com.cronos.onlinereview.phases.failuretests.AppealsResponsePhaseHandlerFailureTest" name="testCanPerform_Phase_ResourceManagerError_SearchBuilderException" time="1.404" />
  <testcase classname="com.cronos.onlinereview.phases.failuretests.AppealsResponsePhaseHandlerFailureTest" name="testCanPerform_Phase_ReviewManagerError_ReviewManagementException" time="1.493" />
  <testcase classname="com.cronos.onlinereview.phases.failuretests.AppealsResponsePhaseHandlerFailureTest" name="testPerform_Phase_String_OpenPhase_ResourceManagerError_SearchBuilderConfigurationException" time="1.323" />
  <testcase classname="com.cronos.onlinereview.phases.failuretests.AppealsResponsePhaseHandlerFailureTest" name="testPerform_Phase_String_OpenPhase_ResourceManagerError_ResourcePersistenceException" time="1.69" />
  <testcase classname="com.cronos.onlinereview.phases.failuretests.AppealsResponsePhaseHandlerFailureTest" name="testPerform_Phase_String_OpenPhase_ResourceManagerError_SearchBuilderException" time="1.686" />
  <testcase classname="com.cronos.onlinereview.phases.failuretests.AppealsResponsePhaseHandlerFailureTest" name="testPerform_Phase_String_OpenPhase_ReviewManagerError_ReviewManagementException" time="1.734" />
  <testcase classname="com.cronos.onlinereview.phases.failuretests.AppealsResponsePhaseHandlerFailureTest" name="testCanPerform_Phase_phase_ClosedAppealsResponsePhase" time="1.183" />
  <testcase classname="com.cronos.onlinereview.phases.failuretests.AppealsResponsePhaseHandlerFailureTest" name="testPerform_Phase_String_phase_ClosedAppealsResponsePhase" time="1.389" />
  <testcase classname="com.cronos.onlinereview.phases.failuretests.AppealsResponsePhaseHandlerFailureTest" name="testPerform_Phase_String_OpenPhase_UploadManagerError_UploadPersistenceException" time="1.422" />
  <testcase classname="com.cronos.onlinereview.phases.failuretests.AppealsResponsePhaseHandlerFailureTest" name="testPerform_Phase_String_OpenPhase_UploadManagerError_SearchBuilderException" time="1.645" />
  <testcase classname="com.cronos.onlinereview.phases.failuretests.AppealsResponsePhaseHandlerFailureTest" name="testPerform_Phase_String_OpenPhase_ScorecardManagerError_PersistenceException" time="1.74" />
  <testcase classname="com.cronos.onlinereview.phases.failuretests.AppealsResponsePhaseHandlerFailureTest" name="testPerform_Phase_String_OpenPhase_ProjectManagerError_PersistenceException" time="1.738" />
  <testcase classname="com.cronos.onlinereview.phases.failuretests.AppealsResponsePhaseHandlerFailureTest" name="testPerform_Phase_String_OpenPhase_ReviewerNumberNotSet" time="1.629" />
  <testcase classname="com.cronos.onlinereview.phases.failuretests.AppealsResponsePhaseHandlerFailureTest" name="testPerform_Phase_String_OpenPhase_ReviewerNumberInvalid" time="1.714" />
  <testcase classname="com.cronos.onlinereview.phases.failuretests.AppealsResponsePhaseHandlerFailureTest" name="testPerform_Phase_String_OpenPhase_WrongPostMortemDuration" time="1.447" />
  <testcase classname="com.cronos.onlinereview.phases.failuretests.AppealsResponsePhaseHandlerFailureTest" name="testPerform_Phase_String_OpenPhase_WrongLinkedId" time="1.675" />
  <testcase classname="com.cronos.onlinereview.phases.failuretests.ApprovalPhaseHandlerFailureTest" name="testConstructor_String_namespace_null" time="1.485" />
  <testcase classname="com.cronos.onlinereview.phases.failuretests.ApprovalPhaseHandlerFailureTest" name="testConstructor_String_namespace_ZERO_LENGTH_STRING" time="1.255" />
  <testcase classname="com.cronos.onlinereview.phases.failuretests.ApprovalPhaseHandlerFailureTest" name="testConstructor_String_namespace_WHITESPACE_ONLY_STRING" time="1.436" />
  <testcase classname="com.cronos.onlinereview.phases.failuretests.ApprovalPhaseHandlerFailureTest" name="testCanPerform_Phase_phase_null" time="1.548" />
  <testcase classname="com.cronos.onlinereview.phases.failuretests.ApprovalPhaseHandlerFailureTest" name="testCanPerform_Phase_phase_SubmissionPhase" time="1.726" />
  <testcase classname="com.cronos.onlinereview.phases.failuretests.ApprovalPhaseHandlerFailureTest" name="testPerform_Phase_String_phase_null" time="1.645" />
  <testcase classname="com.cronos.onlinereview.phases.failuretests.ApprovalPhaseHandlerFailureTest" name="testPerform_Phase_String_phase_SubmissionPhase" time="1.286" />
  <testcase classname="com.cronos.onlinereview.phases.failuretests.ApprovalPhaseHandlerFailureTest" name="testPerform_Phase_String_operator_null" time="1.437" />
  <testcase classname="com.cronos.onlinereview.phases.failuretests.ApprovalPhaseHandlerFailureTest" name="testPerform_Phase_String_operator_ZERO_LENGTH_STRING" time="1.565" />
  <testcase classname="com.cronos.onlinereview.phases.failuretests.ApprovalPhaseHandlerFailureTest" name="testPerform_Phase_String_operator_WHITESPACE_ONLY_STRING" time="1.217" />
  <testcase classname="com.cronos.onlinereview.phases.failuretests.ApprovalPhaseHandlerFailureTest" name="testCanPerform_Phase_phase_ClosedApprovalPhase" time="1.449" />
  <testcase classname="com.cronos.onlinereview.phases.failuretests.ApprovalPhaseHandlerFailureTest" name="testPerform_Phase_String_phase_ClosedApprovalPhase" time="1.54" />
  <testcase classname="com.cronos.onlinereview.phases.failuretests.ApprovalPhaseHandlerFailureTest" name="testCanPerform_Phase_OpenPhase_ResourceManagerError_SearchBuilderConfigurationException" time="1.732" />
  <testcase classname="com.cronos.onlinereview.phases.failuretests.ApprovalPhaseHandlerFailureTest" name="testCanPerform_Phase_OpenPhase_ResourceManagerError_ResourcePersistenceException" time="1.431" />
  <testcase classname="com.cronos.onlinereview.phases.failuretests.ApprovalPhaseHandlerFailureTest" name="testCanPerform_Phase_OpenPhase_ResourceManagerError_SearchBuilderException" time="1.819" />
  <testcase classname="com.cronos.onlinereview.phases.failuretests.ApprovalPhaseHandlerFailureTest" name="testCanPerform_Phase_OpenPhase_ReviewManagerError_ReviewManagementException" time="1.563" />
  <testcase classname="com.cronos.onlinereview.phases.failuretests.ApprovalPhaseHandlerFailureTest" name="testCanPerform_Phase_OpenPhase_ScorecardManagerError_PersistenceException" time="1.444" />
  <testcase classname="com.cronos.onlinereview.phases.failuretests.FinalFixPhaseHandlerFailureTest" name="testConstructor_String_namespace_null" time="1.199" />
  <testcase classname="com.cronos.onlinereview.phases.failuretests.FinalFixPhaseHandlerFailureTest" name="testConstructor_String_namespace_ZERO_LENGTH_STRING" time="1.459" />
  <testcase classname="com.cronos.onlinereview.phases.failuretests.FinalFixPhaseHandlerFailureTest" name="testConstructor_String_namespace_WHITESPACE_ONLY_STRING" time="1.256" />
  <testcase classname="com.cronos.onlinereview.phases.failuretests.FinalFixPhaseHandlerFailureTest" name="testCanPerform_Phase_phase_null" time="1.388" />
  <testcase classname="com.cronos.onlinereview.phases.failuretests.FinalFixPhaseHandlerFailureTest" name="testCanPerform_Phase_phase_SubmissionPhase" time="1.499" />
  <testcase classname="com.cronos.onlinereview.phases.failuretests.FinalFixPhaseHandlerFailureTest" name="testPerform_Phase_String_phase_null" time="1.208" />
  <testcase classname="com.cronos.onlinereview.phases.failuretests.FinalFixPhaseHandlerFailureTest" name="testPerform_Phase_String_phase_SubmissionPhase" time="1.404" />
  <testcase classname="com.cronos.onlinereview.phases.failuretests.FinalFixPhaseHandlerFailureTest" name="testPerform_Phase_String_operator_null" time="1.528" />
  <testcase classname="com.cronos.onlinereview.phases.failuretests.FinalFixPhaseHandlerFailureTest" name="testPerform_Phase_String_operator_ZERO_LENGTH_STRING" time="1.195" />
  <testcase classname="com.cronos.onlinereview.phases.failuretests.FinalFixPhaseHandlerFailureTest" name="testPerform_Phase_String_operator_WHITESPACE_ONLY_STRING" time="1.437" />
  <testcase classname="com.cronos.onlinereview.phases.failuretests.FinalFixPhaseHandlerFailureTest" name="testPerform_Phase_String_ScheduledPhase_ResourceManagerError_SearchBuilderConfigurationException" time="1.651" />
  <testcase classname="com.cronos.onlinereview.phases.failuretests.FinalFixPhaseHandlerFailureTest" name="testPerform_Phase_String_ScheduledPhase_ResourceManagerError_ResourcePersistenceException" time="1.236" />
  <testcase classname="com.cronos.onlinereview.phases.failuretests.FinalFixPhaseHandlerFailureTest" name="testPerform_Phase_String_ScheduledPhase_ResourceManagerError_SearchBuilderException" time="1.401" />
  <testcase classname="com.cronos.onlinereview.phases.failuretests.FinalFixPhaseHandlerFailureTest" name="testPerform_Phase_String_ScheduledPhase_ReviewManagerError_ReviewManagementException" time="1.521" />
  <testcase classname="com.cronos.onlinereview.phases.failuretests.FinalFixPhaseHandlerFailureTest" name="testCanPerform_Phase_OpenPhase_ResourceManagerError_SearchBuilderConfigurationException" time="1.235" />
  <testcase classname="com.cronos.onlinereview.phases.failuretests.FinalFixPhaseHandlerFailureTest" name="testCanPerform_Phase_OpenPhase_ResourceManagerError_ResourcePersistenceException" time="1.392" />
  <testcase classname="com.cronos.onlinereview.phases.failuretests.FinalFixPhaseHandlerFailureTest" name="testCanPerform_Phase_OpenPhase_ResourceManagerError_SearchBuilderException" time="1.527" />
  <testcase classname="com.cronos.onlinereview.phases.failuretests.FinalFixPhaseHandlerFailureTest" name="testCanPerform_Phase_phase_ClosedFinalFixPhase" time="1.32" />
  <testcase classname="com.cronos.onlinereview.phases.failuretests.FinalFixPhaseHandlerFailureTest" name="testPerform_Phase_String_phase_ClosedFinalFixPhase" time="1.391" />
  <testcase classname="com.cronos.onlinereview.phases.failuretests.FinalFixPhaseHandlerFailureTest" name="testCanPerform_Phase_OpenPhase_UploadManagerError_UploadPersistenceException" time="1.493" />
  <testcase classname="com.cronos.onlinereview.phases.failuretests.FinalFixPhaseHandlerFailureTest" name="testCanPerform_Phase_OpenPhase_UploadManagerError_SearchBuilderException" time="1.175" />
  <testcase classname="com.cronos.onlinereview.phases.failuretests.FinalReviewPhaseHandlerFailureTest" name="testConstructor_String_namespace_null" time="1.394" />
  <testcase classname="com.cronos.onlinereview.phases.failuretests.FinalReviewPhaseHandlerFailureTest" name="testConstructor_String_namespace_ZERO_LENGTH_STRING" time="1.514" />
  <testcase classname="com.cronos.onlinereview.phases.failuretests.FinalReviewPhaseHandlerFailureTest" name="testConstructor_String_namespace_WHITESPACE_ONLY_STRING" time="1.212" />
  <testcase classname="com.cronos.onlinereview.phases.failuretests.FinalReviewPhaseHandlerFailureTest" name="testCanPerform_Phase_phase_null" time="1.397" />
  <testcase classname="com.cronos.onlinereview.phases.failuretests.FinalReviewPhaseHandlerFailureTest" name="testCanPerform_Phase_phase_SubmissionPhase" time="1.534" />
  <testcase classname="com.cronos.onlinereview.phases.failuretests.FinalReviewPhaseHandlerFailureTest" name="testPerform_Phase_String_phase_null" time="1.177" />
  <testcase classname="com.cronos.onlinereview.phases.failuretests.FinalReviewPhaseHandlerFailureTest" name="testPerform_Phase_String_phase_SubmissionPhase" time="1.391" />
  <testcase classname="com.cronos.onlinereview.phases.failuretests.FinalReviewPhaseHandlerFailureTest" name="testPerform_Phase_String_operator_null" time="1.544" />
  <testcase classname="com.cronos.onlinereview.phases.failuretests.FinalReviewPhaseHandlerFailureTest" name="testPerform_Phase_String_operator_ZERO_LENGTH_STRING" time="1.2" />
  <testcase classname="com.cronos.onlinereview.phases.failuretests.FinalReviewPhaseHandlerFailureTest" name="testPerform_Phase_String_operator_WHITESPACE_ONLY_STRING" time="1.374" />
  <testcase classname="com.cronos.onlinereview.phases.failuretests.FinalReviewPhaseHandlerFailureTest" name="testPerform_Phase_String_OpenPhase_ResourceManagerError_SearchBuilderConfigurationException" time="1.588" />
  <testcase classname="com.cronos.onlinereview.phases.failuretests.FinalReviewPhaseHandlerFailureTest" name="testPerform_Phase_String_OpenPhase_ResourceManagerError_ResourcePersistenceException" time="1.705" />
  <testcase classname="com.cronos.onlinereview.phases.failuretests.FinalReviewPhaseHandlerFailureTest" name="testPerform_Phase_String_OpenPhase_ResourceManagerError_SearchBuilderException" time="1.414" />
  <testcase classname="com.cronos.onlinereview.phases.failuretests.FinalReviewPhaseHandlerFailureTest" name="testPerform_Phase_String_OpenPhase_ReviewManagerError_ReviewManagementException" time="1.558" />
  <testcase classname="com.cronos.onlinereview.phases.failuretests.FinalReviewPhaseHandlerFailureTest" name="testPerform_Phase_String_OpenPhase_PhaseManagerError_PhaseManagementException" time="1.401" />
  <testcase classname="com.cronos.onlinereview.phases.failuretests.FinalReviewPhaseHandlerFailureTest" name="testCanPerform_Phase_OpenPhase_ResourceManagerError_SearchBuilderConfigurationException" time="1.589" />
  <testcase classname="com.cronos.onlinereview.phases.failuretests.FinalReviewPhaseHandlerFailureTest" name="testCanPerform_Phase_OpenPhase_ResourceManagerError_ResourcePersistenceException" time="1.398" />
  <testcase classname="com.cronos.onlinereview.phases.failuretests.FinalReviewPhaseHandlerFailureTest" name="testCanPerform_Phase_OpenPhase_ResourceManagerError_SearchBuilderException" time="1.589" />
  <testcase classname="com.cronos.onlinereview.phases.failuretests.FinalReviewPhaseHandlerFailureTest" name="testCanPerform_Phase_OpenPhase_ReviewManagerError_ReviewManagementException" time="1.492" />
  <testcase classname="com.cronos.onlinereview.phases.failuretests.FinalReviewPhaseHandlerFailureTest" name="testCanPerform_Phase_phase_ClosedFinalReviewPhase" time="1.165" />
  <testcase classname="com.cronos.onlinereview.phases.failuretests.FinalReviewPhaseHandlerFailureTest" name="testPerform_Phase_String_phase_ClosedFinalReviewPhase" time="1.366" />
  <testcase classname="com.cronos.onlinereview.phases.failuretests.ManagerHelperFailureTest" name="testConstructor_String_namespace_null" time="1.129" />
  <testcase classname="com.cronos.onlinereview.phases.failuretests.ManagerHelperFailureTest" name="testConstructor_String_namespace_ZERO_LENGTH_STRING" time="1.327" />
  <testcase classname="com.cronos.onlinereview.phases.failuretests.ManagerHelperFailureTest" name="testConstructor_String_namespace_WHITESPACE_ONLY_STRING" time="1.161" />
  <testcase classname="com.cronos.onlinereview.phases.failuretests.ManagerHelperFailureTest" name="testManagerHelper_1" time="2.666" />
  <testcase classname="com.cronos.onlinereview.phases.failuretests.ManagerHelperFailureTest" name="testManagerHelper_2" time="2.837" />
  <testcase classname="com.cronos.onlinereview.phases.failuretests.ManagerHelperFailureTest" name="testManagerHelper_3" time="2.781" />
  <testcase classname="com.cronos.onlinereview.phases.failuretests.ManagerHelperFailureTest" name="testManagerHelper_4" time="2.783" />
  <testcase classname="com.cronos.onlinereview.phases.failuretests.ManagerHelperFailureTest" name="testManagerHelper_5" time="2.782" />
  <testcase classname="com.cronos.onlinereview.phases.failuretests.ManagerHelperFailureTest" name="testManagerHelper_6" time="2.907" />
  <testcase classname="com.cronos.onlinereview.phases.failuretests.ManagerHelperFailureTest" name="testManagerHelper_7" time="3.086" />
  <testcase classname="com.cronos.onlinereview.phases.failuretests.ManagerHelperFailureTest" name="testManagerHelper_8" time="2.944" />
  <testcase classname="com.cronos.onlinereview.phases.failuretests.ManagerHelperFailureTest" name="testManagerHelper_9" time="2.798" />
  <testcase classname="com.cronos.onlinereview.phases.failuretests.ManagerHelperFailureTest" name="testManagerHelper_10" time="2.877" />
  <testcase classname="com.cronos.onlinereview.phases.failuretests.ManagerHelperFailureTest" name="testManagerHelper_11" time="2.956" />
  <testcase classname="com.cronos.onlinereview.phases.failuretests.ManagerHelperFailureTest" name="testManagerHelper_12" time="2.826" />
  <testcase classname="com.cronos.onlinereview.phases.failuretests.ManagerHelperFailureTest" name="testManagerHelper_String_1" time="2.927" />
  <testcase classname="com.cronos.onlinereview.phases.failuretests.ManagerHelperFailureTest" name="testManagerHelper_String_2" time="2.866" />
  <testcase classname="com.cronos.onlinereview.phases.failuretests.ManagerHelperFailureTest" name="testManagerHelper_String_3" time="3.046" />
  <testcase classname="com.cronos.onlinereview.phases.failuretests.ManagerHelperFailureTest" name="testManagerHelper_String_4" time="2.896" />
  <testcase classname="com.cronos.onlinereview.phases.failuretests.ManagerHelperFailureTest" name="testManagerHelper_String_5" time="2.936" />
  <testcase classname="com.cronos.onlinereview.phases.failuretests.ManagerHelperFailureTest" name="testManagerHelper_String_6" time="2.797" />
  <testcase classname="com.cronos.onlinereview.phases.failuretests.ManagerHelperFailureTest" name="testManagerHelper_String_7" time="2.818" />
  <testcase classname="com.cronos.onlinereview.phases.failuretests.ManagerHelperFailureTest" name="testManagerHelper_String_8" time="2.912" />
  <testcase classname="com.cronos.onlinereview.phases.failuretests.ManagerHelperFailureTest" name="testManagerHelper_String_9" time="2.939" />
  <testcase classname="com.cronos.onlinereview.phases.failuretests.ManagerHelperFailureTest" name="testManagerHelper_String_10" time="3.056" />
  <testcase classname="com.cronos.onlinereview.phases.failuretests.ManagerHelperFailureTest" name="testManagerHelper_String_11" time="2.946" />
  <testcase classname="com.cronos.onlinereview.phases.failuretests.ManagerHelperFailureTest" name="testManagerHelper_String_12" time="2.899" />
  <testcase classname="com.cronos.onlinereview.phases.failuretests.RegistrationPhaseHandlerFailureTest" name="testConstructor_String_namespace_null" time="1.566" />
  <testcase classname="com.cronos.onlinereview.phases.failuretests.RegistrationPhaseHandlerFailureTest" name="testConstructor_String_namespace_ZERO_LENGTH_STRING" time="1.481" />
  <testcase classname="com.cronos.onlinereview.phases.failuretests.RegistrationPhaseHandlerFailureTest" name="testConstructor_String_namespace_WHITESPACE_ONLY_STRING" time="1.188" />
  <testcase classname="com.cronos.onlinereview.phases.failuretests.RegistrationPhaseHandlerFailureTest" name="testCanPerform_Phase_phase_null" time="1.341" />
  <testcase classname="com.cronos.onlinereview.phases.failuretests.RegistrationPhaseHandlerFailureTest" name="testCanPerform_Phase_phase_SubmissionPhase" time="1.168" />
  <testcase classname="com.cronos.onlinereview.phases.failuretests.RegistrationPhaseHandlerFailureTest" name="testPerform_Phase_String_phase_null" time="1.375" />
  <testcase classname="com.cronos.onlinereview.phases.failuretests.RegistrationPhaseHandlerFailureTest" name="testPerform_Phase_String_phase_SubmissionPhase" time="1.493" />
  <testcase classname="com.cronos.onlinereview.phases.failuretests.RegistrationPhaseHandlerFailureTest" name="testPerform_Phase_String_operator_null" time="1.221" />
  <testcase classname="com.cronos.onlinereview.phases.failuretests.RegistrationPhaseHandlerFailureTest" name="testPerform_Phase_String_operator_ZERO_LENGTH_STRING" time="1.421" />
  <testcase classname="com.cronos.onlinereview.phases.failuretests.RegistrationPhaseHandlerFailureTest" name="testPerform_Phase_String_operator_WHITESPACE_ONLY_STRING" time="1.546" />
  <testcase classname="com.cronos.onlinereview.phases.failuretests.RegistrationPhaseHandlerFailureTest" name="testCanPerform_Phase_ResourceManagerError_SearchBuilderConfigurationException" time="1.626" />
  <testcase classname="com.cronos.onlinereview.phases.failuretests.RegistrationPhaseHandlerFailureTest" name="testCanPerform_Phase_ResourceManagerError_ResourcePersistenceException" time="1.594" />
  <testcase classname="com.cronos.onlinereview.phases.failuretests.RegistrationPhaseHandlerFailureTest" name="testCanPerform_Phase_ResourceManagerError_SearchBuilderException" time="4.68" />
  <testcase classname="com.cronos.onlinereview.phases.failuretests.RegistrationPhaseHandlerFailureTest" name="testCanPerform_Phase_phase_ClosedRegistrationPhase" time="1.202" />
  <testcase classname="com.cronos.onlinereview.phases.failuretests.RegistrationPhaseHandlerFailureTest" name="testCanPerform_Phase_phase_RegistrationPhaseWithNonIntegerRegistrationNumberAttribute" time="1.351" />
  <testcase classname="com.cronos.onlinereview.phases.failuretests.RegistrationPhaseHandlerFailureTest" name="testCanPerform_Phase_phase_PhaseManagerError" time="1.468" />
  <testcase classname="com.cronos.onlinereview.phases.failuretests.RegistrationPhaseHandlerFailureTest" name="testCanPerform_Phase_phase_ProjectManagerError" time="1.15" />
  <testcase classname="com.cronos.onlinereview.phases.failuretests.RegistrationPhaseHandlerFailureTest" name="testPerform_Phase_String_phase_ClosedRegistrationPhase" time="1.372" />
  <testcase classname="com.cronos.onlinereview.phases.failuretests.ReviewPhaseHandlerFailureTest" name="testConstructor_String_namespace_null" time="1.484" />
  <testcase classname="com.cronos.onlinereview.phases.failuretests.ReviewPhaseHandlerFailureTest" name="testConstructor_String_namespace_ZERO_LENGTH_STRING" time="1.433" />
  <testcase classname="com.cronos.onlinereview.phases.failuretests.ReviewPhaseHandlerFailureTest" name="testConstructor_String_namespace_WHITESPACE_ONLY_STRING" time="1.185" />
  <testcase classname="com.cronos.onlinereview.phases.failuretests.ReviewPhaseHandlerFailureTest" name="testCanPerform_Phase_phase_null" time="1.325" />
  <testcase classname="com.cronos.onlinereview.phases.failuretests.ReviewPhaseHandlerFailureTest" name="testPerform_Phase_String_phase_null" time="1.152" />
  <testcase classname="com.cronos.onlinereview.phases.failuretests.ReviewPhaseHandlerFailureTest" name="testPerform_Phase_String_operator_null" time="1.325" />
  <testcase classname="com.cronos.onlinereview.phases.failuretests.ReviewPhaseHandlerFailureTest" name="testPerform_Phase_String_operator_ZERO_LENGTH_STRING" time="1.267" />
  <testcase classname="com.cronos.onlinereview.phases.failuretests.ReviewPhaseHandlerFailureTest" name="testPerform_Phase_String_operator_WHITESPACE_ONLY_STRING" time="1.349" />
  <testcase classname="com.cronos.onlinereview.phases.failuretests.ReviewPhaseHandlerFailureTest" name="testCanPerform_Phase_ResourceManagerError_SearchBuilderConfigurationException" time="1.445" />
  <testcase classname="com.cronos.onlinereview.phases.failuretests.ReviewPhaseHandlerFailureTest" name="testCanPerform_Phase_ResourceManagerError_ResourcePersistenceException" time="1.192" />
  <testcase classname="com.cronos.onlinereview.phases.failuretests.ReviewPhaseHandlerFailureTest" name="testCanPerform_Phase_ResourceManagerError_SearchBuilderException" time="1.459" />
  <testcase classname="com.cronos.onlinereview.phases.failuretests.ReviewPhaseHandlerFailureTest" name="testCanPerform_Phase_ReviewManagerError_ReviewManagementException" time="1.223" />
  <testcase classname="com.cronos.onlinereview.phases.failuretests.ReviewPhaseHandlerFailureTest" name="testPerform_Phase_String_OpenPhase_ResourceManagerError_SearchBuilderConfigurationException" time="1.466" />
  <testcase classname="com.cronos.onlinereview.phases.failuretests.ReviewPhaseHandlerFailureTest" name="testPerform_Phase_String_OpenPhase_ResourceManagerError_ResourcePersistenceException" time="1.237" />
  <testcase classname="com.cronos.onlinereview.phases.failuretests.ReviewPhaseHandlerFailureTest" name="testPerform_Phase_String_OpenPhase_ResourceManagerError_SearchBuilderException" time="1.41" />
  <testcase classname="com.cronos.onlinereview.phases.failuretests.ReviewPhaseHandlerFailureTest" name="testPerform_Phase_String_OpenPhase_ReviewManagerError_ReviewManagementException" time="1.542" />
  <testcase classname="com.cronos.onlinereview.phases.failuretests.ReviewPhaseHandlerFailureTest" name="testPerform_Phase_String_OpenPhase_UploadManagerError_UploadPersistenceException" time="1.187" />
  <testcase classname="com.cronos.onlinereview.phases.failuretests.ReviewPhaseHandlerFailureTest" name="testPerform_Phase_String_OpenPhase_UploadManagerError_SearchBuilderException" time="1.392" />
  <testcase classname="com.cronos.onlinereview.phases.failuretests.ReviewPhaseHandlerFailureTest" name="testCanPerform_Phase_phase_RegistrationPhase" time="1.234" />
  <testcase classname="com.cronos.onlinereview.phases.failuretests.ReviewPhaseHandlerFailureTest" name="testCanPerform_Phase_phase_ClosedReviewPhase" time="1.441" />
  <testcase classname="com.cronos.onlinereview.phases.failuretests.ReviewPhaseHandlerFailureTest" name="testPerform_Phase_String_phase_RegistrationPhase" time="1.472" />
  <testcase classname="com.cronos.onlinereview.phases.failuretests.ReviewPhaseHandlerFailureTest" name="testPerform_Phase_String_phase_ClosedReviewPhase" time="1.527" />
  <testcase classname="com.cronos.onlinereview.phases.failuretests.ReviewPhaseHandlerFailureTest" name="testCanPerform_Phase_UploadManagerError_UploadPersistenceException" time="1.213" />
  <testcase classname="com.cronos.onlinereview.phases.failuretests.ReviewPhaseHandlerFailureTest" name="testCanPerform_Phase_UploadManagerError_SearchBuilderException" time="1.372" />
  <testcase classname="com.cronos.onlinereview.phases.failuretests.ReviewPhaseHandlerFailureTest" name="testPerform_Phase_String_ScheduledPhase_UploadManagerError_UploadPersistenceException" time="1.393" />
  <testcase classname="com.cronos.onlinereview.phases.failuretests.ReviewPhaseHandlerFailureTest" name="testPerform_Phase_String_ScheduledPhase_UploadManagerError_SearchBuilderException" time="1.547" />
  <testcase classname="com.cronos.onlinereview.phases.failuretests.ScreeningPhaseHandlerFailureTest" name="testConstructor_String_namespace_null" time="1.196" />
  <testcase classname="com.cronos.onlinereview.phases.failuretests.ScreeningPhaseHandlerFailureTest" name="testConstructor_String_namespace_ZERO_LENGTH_STRING" time="1.357" />
  <testcase classname="com.cronos.onlinereview.phases.failuretests.ScreeningPhaseHandlerFailureTest" name="testConstructor_String_namespace_WHITESPACE_ONLY_STRING" time="1.163" />
  <testcase classname="com.cronos.onlinereview.phases.failuretests.ScreeningPhaseHandlerFailureTest" name="testCanPerform_Phase_phase_null" time="1.359" />
  <testcase classname="com.cronos.onlinereview.phases.failuretests.ScreeningPhaseHandlerFailureTest" name="testPerform_Phase_String_phase_null" time="1.482" />
  <testcase classname="com.cronos.onlinereview.phases.failuretests.ScreeningPhaseHandlerFailureTest" name="testPerform_Phase_String_operator_null" time="1.281" />
  <testcase classname="com.cronos.onlinereview.phases.failuretests.ScreeningPhaseHandlerFailureTest" name="testPerform_Phase_String_operator_ZERO_LENGTH_STRING" time="1.41" />
  <testcase classname="com.cronos.onlinereview.phases.failuretests.ScreeningPhaseHandlerFailureTest" name="testPerform_Phase_String_operator_WHITESPACE_ONLY_STRING" time="1.553" />
  <testcase classname="com.cronos.onlinereview.phases.failuretests.ScreeningPhaseHandlerFailureTest" name="testPerform_Phase_String_OpenPhase_ReviewerNumberNotSet" time="1.483" />
  <testcase classname="com.cronos.onlinereview.phases.failuretests.ScreeningPhaseHandlerFailureTest" name="testPerform_Phase_String_OpenPhase_ReviewerNumberInvalid" time="1.189" />
  <testcase classname="com.cronos.onlinereview.phases.failuretests.ScreeningPhaseHandlerFailureTest" name="testPerform_Phase_String_OpenPhase_WrongPostMortemDuration" time="1.371" />
  <testcase classname="com.cronos.onlinereview.phases.failuretests.ScreeningPhaseHandlerFailureTest" name="testPerform_Phase_String_OpenPhase_WrongLinkedId" time="1.182" />
  <testcase classname="com.cronos.onlinereview.phases.failuretests.ScreeningPhaseHandlerFailureTest" name="testCanPerform_Phase_phase_RegistrationPhase" time="1.372" />
  <testcase classname="com.cronos.onlinereview.phases.failuretests.ScreeningPhaseHandlerFailureTest" name="testPerform_Phase_String_phase_RegistrationPhase" time="1.258" />
  <testcase classname="com.cronos.onlinereview.phases.failuretests.ScreeningPhaseHandlerFailureTest" name="testCanPerform_Phase_phase_ClosedScreeningPhase" time="1.356" />
  <testcase classname="com.cronos.onlinereview.phases.failuretests.ScreeningPhaseHandlerFailureTest" name="testPerform_Phase_String_phase_ClosedScreeningPhase" time="1.525" />
  <testcase classname="com.cronos.onlinereview.phases.failuretests.ScreeningPhaseHandlerFailureTest" name="testCanPerform_Phase_PrimaryScreening_ResourceManagerError_SearchBuilderConfigurationException" time="1.55" />
  <testcase classname="com.cronos.onlinereview.phases.failuretests.ScreeningPhaseHandlerFailureTest" name="testCanPerform_Phase_PrimaryScreening_ResourceManagerError_ResourcePersistenceException" time="1.685" />
  <testcase classname="com.cronos.onlinereview.phases.failuretests.ScreeningPhaseHandlerFailureTest" name="testCanPerform_Phase_PrimaryScreening_ResourceManagerError_SearchBuilderException" time="1.459" />
  <testcase classname="com.cronos.onlinereview.phases.failuretests.ScreeningPhaseHandlerFailureTest" name="testCanPerform_Phase_PrimaryScreening_UploadManagerError_UploadPersistenceException" time="1.97" />
  <testcase classname="com.cronos.onlinereview.phases.failuretests.ScreeningPhaseHandlerFailureTest" name="testCanPerform_Phase_PrimaryScreening_UploadManagerError_SearchBuilderException" time="1.97" />
  <testcase classname="com.cronos.onlinereview.phases.failuretests.ScreeningPhaseHandlerFailureTest" name="testCanPerform_Phase_IndividualScreening_ResourceManagerError_SearchBuilderConfigurationException" time="1.722" />
  <testcase classname="com.cronos.onlinereview.phases.failuretests.ScreeningPhaseHandlerFailureTest" name="testCanPerform_Phase_IndividualScreening_ResourceManagerError_ResourcePersistenceException" time="1.472" />
  <testcase classname="com.cronos.onlinereview.phases.failuretests.ScreeningPhaseHandlerFailureTest" name="testCanPerform_Phase_IndividualScreening_ResourceManagerError_SearchBuilderException" time="1.419" />
  <testcase classname="com.cronos.onlinereview.phases.failuretests.ScreeningPhaseHandlerFailureTest" name="testCanPerform_Phase_IndividualScreening_UploadManagerError_UploadPersistenceException" time="1.676" />
  <testcase classname="com.cronos.onlinereview.phases.failuretests.ScreeningPhaseHandlerFailureTest" name="testCanPerform_Phase_IndividualScreening_UploadManagerError_SearchBuilderException" time="1.855" />
  <testcase classname="com.cronos.onlinereview.phases.failuretests.ScreeningPhaseHandlerFailureTest" name="testCanPerform_Phase_IndividualScreening_UploadManagerError_SearchBuilderConfigurationException" time="1.88" />
  <testcase classname="com.cronos.onlinereview.phases.failuretests.ScreeningPhaseHandlerFailureTest" name="testCanPerform_Phase_IndividualScreening_ReviewManagerError_ReviewManagementException" time="1.907" />
  <testcase classname="com.cronos.onlinereview.phases.failuretests.ScreeningPhaseHandlerFailureTest" name="testCanPerform_Phase_NoSubmitter" time="1.264" />
  <testcase classname="com.cronos.onlinereview.phases.failuretests.ScreeningPhaseHandlerFailureTest" name="testPerform_Phase_String_ResourceManagerError_SearchBuilderConfigurationException" time="1.595" />
  <testcase classname="com.cronos.onlinereview.phases.failuretests.ScreeningPhaseHandlerFailureTest" name="testPerform_Phase_String_ResourceManagerError_ResourcePersistenceException" time="1.405" />
  <testcase classname="com.cronos.onlinereview.phases.failuretests.ScreeningPhaseHandlerFailureTest" name="testPerform_Phase_String_ResourceManagerError_SearchBuilderException" time="1.622" />
  <testcase classname="com.cronos.onlinereview.phases.failuretests.ScreeningPhaseHandlerFailureTest" name="testPerform_Phase_String_ReviewManagerError_ReviewManagementException" time="1.697" />
  <testcase classname="com.cronos.onlinereview.phases.failuretests.ScreeningPhaseHandlerFailureTest" name="testPerform_Phase_String_UploadManagerError_UploadPersistenceException" time="1.421" />
  <testcase classname="com.cronos.onlinereview.phases.failuretests.ScreeningPhaseHandlerFailureTest" name="testPerform_Phase_String_UploadManagerError_SearchBuilderException" time="1.686" />
  <testcase classname="com.cronos.onlinereview.phases.failuretests.ScreeningPhaseHandlerFailureTest" name="testPerform_Phase_String_ScorecardManagerError_PersistenceException" time="1.743" />
  <testcase classname="com.cronos.onlinereview.phases.failuretests.SubmissionPhaseHandlerFailureTest" name="testConstructor_String_namespace_null" time="1.225" />
  <testcase classname="com.cronos.onlinereview.phases.failuretests.SubmissionPhaseHandlerFailureTest" name="testConstructor_String_namespace_ZERO_LENGTH_STRING" time="1.394" />
  <testcase classname="com.cronos.onlinereview.phases.failuretests.SubmissionPhaseHandlerFailureTest" name="testConstructor_String_namespace_WHITESPACE_ONLY_STRING" time="1.484" />
  <testcase classname="com.cronos.onlinereview.phases.failuretests.SubmissionPhaseHandlerFailureTest" name="testCanPerform_Phase_phase_null" time="1.555" />
  <testcase classname="com.cronos.onlinereview.phases.failuretests.SubmissionPhaseHandlerFailureTest" name="testPerform_Phase_String_phase_null" time="1.226" />
  <testcase classname="com.cronos.onlinereview.phases.failuretests.SubmissionPhaseHandlerFailureTest" name="testPerform_Phase_String_operator_null" time="1.373" />
  <testcase classname="com.cronos.onlinereview.phases.failuretests.SubmissionPhaseHandlerFailureTest" name="testPerform_Phase_String_operator_ZERO_LENGTH_STRING" time="1.559" />
  <testcase classname="com.cronos.onlinereview.phases.failuretests.SubmissionPhaseHandlerFailureTest" name="testPerform_Phase_String_operator_WHITESPACE_ONLY_STRING" time="1.219" />
  <testcase classname="com.cronos.onlinereview.phases.failuretests.SubmissionPhaseHandlerFailureTest" name="testCanPerform_Phase_ResourceManagerError_SearchBuilderConfigurationException" time="1.426" />
  <testcase classname="com.cronos.onlinereview.phases.failuretests.SubmissionPhaseHandlerFailureTest" name="testCanPerform_Phase_ResourceManagerError_ResourcePersistenceException" time="1.512" />
  <testcase classname="com.cronos.onlinereview.phases.failuretests.SubmissionPhaseHandlerFailureTest" name="testCanPerform_Phase_ResourceManagerError_SearchBuilderException" time="1.262" />
  <testcase classname="com.cronos.onlinereview.phases.failuretests.SubmissionPhaseHandlerFailureTest" name="testCanPerform_Phase_ReviewManagerError_ReviewManagementException" time="1.398" />
  <testcase classname="com.cronos.onlinereview.phases.failuretests.SubmissionPhaseHandlerFailureTest" name="testPerform_Phase_String_OpenPhase_ReviewerNumberNotSet" time="1.188" />
  <testcase classname="com.cronos.onlinereview.phases.failuretests.SubmissionPhaseHandlerFailureTest" name="testPerform_Phase_String_OpenPhase_ReviewerNumberInvalid" time="1.38" />
  <testcase classname="com.cronos.onlinereview.phases.failuretests.SubmissionPhaseHandlerFailureTest" name="testPerform_Phase_String_OpenPhase_WrongPostMortemDuration" time="1.492" />
  <testcase classname="com.cronos.onlinereview.phases.failuretests.SubmissionPhaseHandlerFailureTest" name="testPerform_Phase_String_OpenPhase_WrongLinkedId" time="1.227" />
  <testcase classname="com.cronos.onlinereview.phases.failuretests.SubmissionPhaseHandlerFailureTest" name="testCanPerform_Phase_phase_RegistrationPhase" time="1.436" />
  <testcase classname="com.cronos.onlinereview.phases.failuretests.SubmissionPhaseHandlerFailureTest" name="testPerform_Phase_String_phase_RegistrationPhase" time="1.533" />
  <testcase classname="com.cronos.onlinereview.phases.failuretests.SubmissionPhaseHandlerFailureTest" name="testCanPerform_Phase_UploadManagerError_UploadPersistenceException" time="1.329" />
  <testcase classname="com.cronos.onlinereview.phases.failuretests.SubmissionPhaseHandlerFailureTest" name="testCanPerform_Phase_UploadManagerError_SearchBuilderException" time="1.645" />
  <testcase classname="com.cronos.onlinereview.phases.failuretests.SubmissionPhaseHandlerFailureTest" name="testCanPerform_Phase_phase_ClosedSubmissionPhase" time="1.504" />
  <testcase classname="com.cronos.onlinereview.phases.failuretests.SubmissionPhaseHandlerFailureTest" name="testPerform_Phase_String_phase_ClosedSubmissionPhase" time="1.53" />
  <testcase classname="com.cronos.onlinereview.phases.failuretests.SubmissionPhaseHandlerFailureTest" name="testCanPerform_Phase_ScreeningManagerError_ScreeningTaskDoesNotExistException" time="1.203" />
  <testcase classname="com.cronos.onlinereview.phases.failuretests.SubmissionPhaseHandlerFailureTest" name="testCanPerform_Phase_ScreeningManagerError_PersistenceException" time="1.47" />
  <testcase classname="com.cronos.onlinereview.phases.failuretests.lookup.NotificationTypeLookupUtilityFailureTest" name="testLookUpId_Connection_String_connection_null" time="0.657" />
  <testcase classname="com.cronos.onlinereview.phases.failuretests.lookup.NotificationTypeLookupUtilityFailureTest" name="testLookUpId_Connection_String_value_null" time="1.073" />
  <testcase classname="com.cronos.onlinereview.phases.failuretests.lookup.NotificationTypeLookupUtilityFailureTest" name="testLookUpId_Connection_String_value_ZERO_LENGTH_STRING" time="0.772" />
  <testcase classname="com.cronos.onlinereview.phases.failuretests.lookup.NotificationTypeLookupUtilityFailureTest" name="testLookUpId_Connection_String_value_WHITESPACE_ONLY_STRING" time="0.994" />
  <testcase classname="com.cronos.onlinereview.phases.failuretests.lookup.NotificationTypeLookupUtilityFailureTest" name="testLookUpId_Connection_String_value_UNKNOWN_LOOKUP_VALUE" time="0.797" />
  <testcase classname="com.cronos.onlinereview.phases.failuretests.lookup.NotificationTypeLookupUtilityFailureTest" name="testLookUpId_Connection_String_SQLError" time="1.046" />
  <testcase classname="com.cronos.onlinereview.phases.failuretests.lookup.PhaseStatusLookupUtilityFailureTest" name="testLookUpId_Connection_String_connection_null" time="0.655" />
  <testcase classname="com.cronos.onlinereview.phases.failuretests.lookup.PhaseStatusLookupUtilityFailureTest" name="testLookUpId_Connection_String_value_null" time="1.048" />
  <testcase classname="com.cronos.onlinereview.phases.failuretests.lookup.PhaseStatusLookupUtilityFailureTest" name="testLookUpId_Connection_String_value_ZERO_LENGTH_STRING" time="0.773" />
  <testcase classname="com.cronos.onlinereview.phases.failuretests.lookup.PhaseStatusLookupUtilityFailureTest" name="testLookUpId_Connection_String_value_WHITESPACE_ONLY_STRING" time="1.032" />
  <testcase classname="com.cronos.onlinereview.phases.failuretests.lookup.PhaseStatusLookupUtilityFailureTest" name="testLookUpId_Connection_String_value_UNKNOWN_LOOKUP_VALUE" time="0.834" />
  <testcase classname="com.cronos.onlinereview.phases.failuretests.lookup.PhaseStatusLookupUtilityFailureTest" name="testLookUpId_Connection_String_SQLError" time="0.885" />
  <testcase classname="com.cronos.onlinereview.phases.failuretests.lookup.PhaseTypeLookupUtilityFailureTest" name="testLookUpId_Connection_String_connection_null" time="0.642" />
  <testcase classname="com.cronos.onlinereview.phases.failuretests.lookup.PhaseTypeLookupUtilityFailureTest" name="testLookUpId_Connection_String_value_null" time="1.02" />
  <testcase classname="com.cronos.onlinereview.phases.failuretests.lookup.PhaseTypeLookupUtilityFailureTest" name="testLookUpId_Connection_String_value_ZERO_LENGTH_STRING" time="0.783" />
  <testcase classname="com.cronos.onlinereview.phases.failuretests.lookup.PhaseTypeLookupUtilityFailureTest" name="testLookUpId_Connection_String_value_WHITESPACE_ONLY_STRING" time="1.095" />
  <testcase classname="com.cronos.onlinereview.phases.failuretests.lookup.PhaseTypeLookupUtilityFailureTest" name="testLookUpId_Connection_String_value_UNKNOWN_LOOKUP_VALUE" time="0.813" />
  <testcase classname="com.cronos.onlinereview.phases.failuretests.lookup.PhaseTypeLookupUtilityFailureTest" name="testLookUpId_Connection_String_SQLError" time="0.894" />
  <testcase classname="com.cronos.onlinereview.phases.failuretests.lookup.ProjectInfoTypeLookupUtilityFailureTest" name="testLookUpId_Connection_String_connection_null" time="0.655" />
  <testcase classname="com.cronos.onlinereview.phases.failuretests.lookup.ProjectInfoTypeLookupUtilityFailureTest" name="testLookUpId_Connection_String_value_null" time="0.994" />
  <testcase classname="com.cronos.onlinereview.phases.failuretests.lookup.ProjectInfoTypeLookupUtilityFailureTest" name="testLookUpId_Connection_String_value_ZERO_LENGTH_STRING" time="0.786" />
  <testcase classname="com.cronos.onlinereview.phases.failuretests.lookup.ProjectInfoTypeLookupUtilityFailureTest" name="testLookUpId_Connection_String_value_WHITESPACE_ONLY_STRING" time="1.013" />
  <testcase classname="com.cronos.onlinereview.phases.failuretests.lookup.ProjectInfoTypeLookupUtilityFailureTest" name="testLookUpId_Connection_String_value_UNKNOWN_LOOKUP_VALUE" time="0.793" />
  <testcase classname="com.cronos.onlinereview.phases.failuretests.lookup.ProjectInfoTypeLookupUtilityFailureTest" name="testLookUpId_Connection_String_SQLError" time="0.9" />
  <testcase classname="com.cronos.onlinereview.phases.failuretests.lookup.ResourceRoleLookupUtilityFailureTest" name="testLookUpId_Connection_String_connection_null" time="0.696" />
  <testcase classname="com.cronos.onlinereview.phases.failuretests.lookup.ResourceRoleLookupUtilityFailureTest" name="testLookUpId_Connection_String_value_null" time="1.083" />
  <testcase classname="com.cronos.onlinereview.phases.failuretests.lookup.ResourceRoleLookupUtilityFailureTest" name="testLookUpId_Connection_String_value_ZERO_LENGTH_STRING" time="0.777" />
  <testcase classname="com.cronos.onlinereview.phases.failuretests.lookup.ResourceRoleLookupUtilityFailureTest" name="testLookUpId_Connection_String_value_WHITESPACE_ONLY_STRING" time="1.021" />
  <testcase classname="com.cronos.onlinereview.phases.failuretests.lookup.ResourceRoleLookupUtilityFailureTest" name="testLookUpId_Connection_String_value_UNKNOWN_LOOKUP_VALUE" time="0.824" />
  <testcase classname="com.cronos.onlinereview.phases.failuretests.lookup.ResourceRoleLookupUtilityFailureTest" name="testLookUpId_Connection_String_SQLError" time="0.903" />
  <testcase classname="com.cronos.onlinereview.phases.failuretests.lookup.SubmissionStatusLookupUtilityFailureTest" name="testLookUpId_Connection_String_connection_null" time="0.651" />
  <testcase classname="com.cronos.onlinereview.phases.failuretests.lookup.SubmissionStatusLookupUtilityFailureTest" name="testLookUpId_Connection_String_value_null" time="1.046" />
  <testcase classname="com.cronos.onlinereview.phases.failuretests.lookup.SubmissionStatusLookupUtilityFailureTest" name="testLookUpId_Connection_String_value_ZERO_LENGTH_STRING" time="0.779" />
  <testcase classname="com.cronos.onlinereview.phases.failuretests.lookup.SubmissionStatusLookupUtilityFailureTest" name="testLookUpId_Connection_String_value_WHITESPACE_ONLY_STRING" time="1.052" />
  <testcase classname="com.cronos.onlinereview.phases.failuretests.lookup.SubmissionStatusLookupUtilityFailureTest" name="testLookUpId_Connection_String_value_UNKNOWN_LOOKUP_VALUE" time="0.803" />
  <testcase classname="com.cronos.onlinereview.phases.failuretests.lookup.SubmissionStatusLookupUtilityFailureTest" name="testLookUpId_Connection_String_SQLError" time="0.935" />
  <testcase classname="com.cronos.onlinereview.phases.failuretests.lookup.UploadStatusLookupUtilityFailureTest" name="testLookUpId_Connection_String_connection_null" time="0.692" />
  <testcase classname="com.cronos.onlinereview.phases.failuretests.lookup.UploadStatusLookupUtilityFailureTest" name="testLookUpId_Connection_String_value_null" time="1.06" />
  <testcase classname="com.cronos.onlinereview.phases.failuretests.lookup.UploadStatusLookupUtilityFailureTest" name="testLookUpId_Connection_String_value_ZERO_LENGTH_STRING" time="0.797" />
  <testcase classname="com.cronos.onlinereview.phases.failuretests.lookup.UploadStatusLookupUtilityFailureTest" name="testLookUpId_Connection_String_value_WHITESPACE_ONLY_STRING" time="1.067" />
  <testcase classname="com.cronos.onlinereview.phases.failuretests.lookup.UploadStatusLookupUtilityFailureTest" name="testLookUpId_Connection_String_value_UNKNOWN_LOOKUP_VALUE" time="0.777" />
  <testcase classname="com.cronos.onlinereview.phases.failuretests.lookup.UploadStatusLookupUtilityFailureTest" name="testLookUpId_Connection_String_SQLError" time="0.902" />
  <testcase classname="com.cronos.onlinereview.phases.failuretests.lookup.UploadTypeLookupUtilityFailureTest" name="testLookUpId_Connection_String_connection_null" time="0.636" />
  <testcase classname="com.cronos.onlinereview.phases.failuretests.lookup.UploadTypeLookupUtilityFailureTest" name="testLookUpId_Connection_String_value_null" time="1.02" />
  <testcase classname="com.cronos.onlinereview.phases.failuretests.lookup.UploadTypeLookupUtilityFailureTest" name="testLookUpId_Connection_String_value_ZERO_LENGTH_STRING" time="0.779" />
  <testcase classname="com.cronos.onlinereview.phases.failuretests.lookup.UploadTypeLookupUtilityFailureTest" name="testLookUpId_Connection_String_value_WHITESPACE_ONLY_STRING" time="1.048" />
  <testcase classname="com.cronos.onlinereview.phases.failuretests.lookup.UploadTypeLookupUtilityFailureTest" name="testLookUpId_Connection_String_value_UNKNOWN_LOOKUP_VALUE" time="0.813" />
  <testcase classname="com.cronos.onlinereview.phases.failuretests.lookup.UploadTypeLookupUtilityFailureTest" name="testLookUpId_Connection_String_SQLError" time="0.907" />
  <testcase classname="com.cronos.onlinereview.phases.failuretests.lookup.SubmissionTypeLookupUtilityFailureTest" name="testLookUpId_Connection_String_connection_null" time="0.643" />
  <testcase classname="com.cronos.onlinereview.phases.failuretests.lookup.SubmissionTypeLookupUtilityFailureTest" name="testLookUpId_Connection_String_value_null" time="1.042" />
  <testcase classname="com.cronos.onlinereview.phases.failuretests.lookup.SubmissionTypeLookupUtilityFailureTest" name="testLookUpId_Connection_String_value_ZERO_LENGTH_STRING" time="0.771" />
  <testcase classname="com.cronos.onlinereview.phases.failuretests.lookup.SubmissionTypeLookupUtilityFailureTest" name="testLookUpId_Connection_String_value_WHITESPACE_ONLY_STRING" time="1.074" />
  <testcase classname="com.cronos.onlinereview.phases.failuretests.lookup.SubmissionTypeLookupUtilityFailureTest" name="testLookUpId_Connection_String_value_UNKNOWN_LOOKUP_VALUE" time="0.793" />
  <testcase classname="com.cronos.onlinereview.phases.failuretests.lookup.SubmissionTypeLookupUtilityFailureTest" name="testLookUpId_Connection_String_SQLError" time="0.879" />
  <testcase classname="com.cronos.onlinereview.phases.failuretests.ApprovalPhaseHandlerFailureTest2" name="testPostMortemPhaseHandler_NullInput" time="1.835" />
  <testcase classname="com.cronos.onlinereview.phases.failuretests.ApprovalPhaseHandlerFailureTest2" name="testPostMortemPhaseHandler_EmptyInput" time="1.836" />
  <testcase classname="com.cronos.onlinereview.phases.failuretests.ApprovalPhaseHandlerFailureTest2" name="testCanPerform_NullPhase" time="1.803" />
  <testcase classname="com.cronos.onlinereview.phases.failuretests.ApprovalPhaseHandlerFailureTest2" name="testCanPerform_WrongPhaseType" time="1.768" />
  <testcase classname="com.cronos.onlinereview.phases.failuretests.ApprovalPhaseHandlerFailureTest2" name="testPerform_NullPhase" time="1.845" />
  <testcase classname="com.cronos.onlinereview.phases.failuretests.ApprovalPhaseHandlerFailureTest2" name="testPerform_NullOperator" time="1.786" />
  <testcase classname="com.cronos.onlinereview.phases.failuretests.ApprovalPhaseHandlerFailureTest2" name="testPerform_EmptyOperator" time="1.838" />
  <testcase classname="com.cronos.onlinereview.phases.failuretests.ApprovalPhaseHandlerFailureTest2" name="testPerform_WrongPhaseType" time="1.798" />
  <testcase classname="com.cronos.onlinereview.phases.failuretests.PostMortemPhaseHandlerFailureTest" name="testPostMortemPhaseHandler_NullInput" time="1.904" />
  <testcase classname="com.cronos.onlinereview.phases.failuretests.PostMortemPhaseHandlerFailureTest" name="testPostMortemPhaseHandler_EmptyInput" time="1.896" />
  <testcase classname="com.cronos.onlinereview.phases.failuretests.PostMortemPhaseHandlerFailureTest" name="testCanPerform_NullPhase" time="1.899" />
  <testcase classname="com.cronos.onlinereview.phases.failuretests.PostMortemPhaseHandlerFailureTest" name="testCanPerform_WrongPhaseType" time="1.856" />
  <testcase classname="com.cronos.onlinereview.phases.failuretests.PostMortemPhaseHandlerFailureTest" name="testPerform_NullPhase" time="1.818" />
  <testcase classname="com.cronos.onlinereview.phases.failuretests.PostMortemPhaseHandlerFailureTest" name="testPerform_NullOperator" time="1.85" />
  <testcase classname="com.cronos.onlinereview.phases.failuretests.PostMortemPhaseHandlerFailureTest" name="testPerform_EmptyOperator" time="1.92" />
  <testcase classname="com.cronos.onlinereview.phases.failuretests.PostMortemPhaseHandlerFailureTest" name="testPerform_WrongPhaseType" time="1.85" />
  <testcase classname="com.cronos.onlinereview.phases.failuretests.PostMortemPhaseHandlerFailureTest" name="testPerform_WrongReviewerNumber" time="1.973" />
  <testcase classname="com.cronos.onlinereview.phases.failuretests.SpecificationSubmissionPhaseHandlerFailureTest" name="testConstructor_String_namespace_null" time="0.931" />
  <testcase classname="com.cronos.onlinereview.phases.failuretests.SpecificationSubmissionPhaseHandlerFailureTest" name="testConstructor_String_namespace_ZERO_LENGTH_STRING" time="1.159" />
  <testcase classname="com.cronos.onlinereview.phases.failuretests.SpecificationSubmissionPhaseHandlerFailureTest" name="testConstructor_String_namespace_WHITESPACE_ONLY_STRING" time="0.972" />
  <testcase classname="com.cronos.onlinereview.phases.failuretests.SpecificationSubmissionPhaseHandlerFailureTest" name="testCanPerform_Phase_phase_null" time="1.145" />
  <testcase classname="com.cronos.onlinereview.phases.failuretests.SpecificationSubmissionPhaseHandlerFailureTest" name="testPerform_Phase_String_phase_null" time="0.93" />
  <testcase classname="com.cronos.onlinereview.phases.failuretests.SpecificationSubmissionPhaseHandlerFailureTest" name="testPerform_Phase_String_operator_null" time="1.132" />
  <testcase classname="com.cronos.onlinereview.phases.failuretests.SpecificationSubmissionPhaseHandlerFailureTest" name="testPerform_Phase_String_operator_ZERO_LENGTH_STRING" time="0.964" />
  <testcase classname="com.cronos.onlinereview.phases.failuretests.SpecificationSubmissionPhaseHandlerFailureTest" name="testPerform_Phase_String_operator_WHITESPACE_ONLY_STRING" time="1.158" />
  <testcase classname="com.cronos.onlinereview.phases.failuretests.SpecificationSubmissionPhaseHandlerFailureTest" name="testCanPerform_Phase_phase_RegistrationPhase" time="0.941" />
  <testcase classname="com.cronos.onlinereview.phases.failuretests.SpecificationSubmissionPhaseHandlerFailureTest" name="testPerform_Phase_String_phase_RegistrationPhase" time="1.152" />
  <testcase classname="com.cronos.onlinereview.phases.failuretests.SpecificationSubmissionPhaseHandlerFailureTest" name="testCanPerform_Phase_UploadManagerError_UploadPersistenceException" time="1.159" />
  <testcase classname="com.cronos.onlinereview.phases.failuretests.SpecificationSubmissionPhaseHandlerFailureTest" name="testCanPerform_Phase_UploadManagerError_SearchBuilderException" time="1.32" />
  <testcase classname="com.cronos.onlinereview.phases.failuretests.SpecificationSubmissionPhaseHandlerFailureTest" name="testCanPerform_Phase_phase_ClosedSpecificationSubmissionPhase" time="0.931" />
  <testcase classname="com.cronos.onlinereview.phases.failuretests.SpecificationSubmissionPhaseHandlerFailureTest" name="testPerform_Phase_String_phase_ClosedSpecificationSubmissionPhase" time="1.121" />
  <testcase classname="com.cronos.onlinereview.phases.failuretests.SpecificationReviewPhaseHandlerFailureTest" name="testConstructor_String_namespace_null" time="0.939" />
  <testcase classname="com.cronos.onlinereview.phases.failuretests.SpecificationReviewPhaseHandlerFailureTest" name="testConstructor_String_namespace_ZERO_LENGTH_STRING" time="1.133" />
  <testcase classname="com.cronos.onlinereview.phases.failuretests.SpecificationReviewPhaseHandlerFailureTest" name="testConstructor_String_namespace_WHITESPACE_ONLY_STRING" time="1.032" />
  <testcase classname="com.cronos.onlinereview.phases.failuretests.SpecificationReviewPhaseHandlerFailureTest" name="testCanPerform_Phase_phase_null" time="1.143" />
  <testcase classname="com.cronos.onlinereview.phases.failuretests.SpecificationReviewPhaseHandlerFailureTest" name="testPerform_Phase_String_phase_null" time="0.955" />
  <testcase classname="com.cronos.onlinereview.phases.failuretests.SpecificationReviewPhaseHandlerFailureTest" name="testPerform_Phase_String_operator_null" time="1.1" />
  <testcase classname="com.cronos.onlinereview.phases.failuretests.SpecificationReviewPhaseHandlerFailureTest" name="testPerform_Phase_String_operator_ZERO_LENGTH_STRING" time="0.946" />
  <testcase classname="com.cronos.onlinereview.phases.failuretests.SpecificationReviewPhaseHandlerFailureTest" name="testPerform_Phase_String_operator_WHITESPACE_ONLY_STRING" time="1.136" />
  <testcase classname="com.cronos.onlinereview.phases.failuretests.SpecificationReviewPhaseHandlerFailureTest" name="testCanPerform_Phase_phase_RegistrationPhase" time="0.919" />
  <testcase classname="com.cronos.onlinereview.phases.failuretests.SpecificationReviewPhaseHandlerFailureTest" name="testPerform_Phase_String_phase_RegistrationPhase" time="1.099" />
  <testcase classname="com.cronos.onlinereview.phases.failuretests.SpecificationReviewPhaseHandlerFailureTest" name="testCanPerform_Phase_UploadManagerError_UploadPersistenceException" time="1.065" />
  <testcase classname="com.cronos.onlinereview.phases.failuretests.SpecificationReviewPhaseHandlerFailureTest" name="testCanPerform_Phase_UploadManagerError_SearchBuilderException" time="1.288" />
  <testcase classname="com.cronos.onlinereview.phases.failuretests.SpecificationReviewPhaseHandlerFailureTest" name="testCanPerform_Phase_phase_SpecificationClosedReviewPhase" time="0.952" />
  <testcase classname="com.cronos.onlinereview.phases.failuretests.SpecificationReviewPhaseHandlerFailureTest" name="testCanPerform_Phase_UploadManagerError_MultipleSpecificationSubmissions" time="1.365" />
  <testcase classname="com.cronos.onlinereview.phases.failuretests.SpecificationReviewPhaseHandlerFailureTest" name="testCanPerform_Phase_UploadManagerError_MultipleSpecificationReviews" time="1.092" />
  <testcase classname="com.cronos.onlinereview.phases.failuretests.SpecificationReviewPhaseHandlerFailureTest" name="testPerform_Phase_String_phase_ClosedSpecificationReviewPhase" time="1.129" />
  <testcase classname="com.cronos.onlinereview.phases.failuretests.SpecificationReviewPhaseHandlerFailureTest" name="testPerform_Phase_String_ScheduledPhase_ResourcePersistenceException" time="1.088" />
  <testcase classname="com.cronos.onlinereview.phases.failuretests.SpecificationReviewPhaseHandlerFailureTest" name="testPerform_Phase_String_OpenPhase_NoSubmission" time="1.256" />
  <testcase classname="com.cronos.onlinereview.phases.failuretests.SpecificationReviewPhaseHandlerFailureTest" name="testPerform_Phase_String_OpenPhase_ReviewNotCommitted" time="1.046" />
  <testcase classname="com.cronos.onlinereview.phases.failuretests.SpecificationReviewPhaseHandlerFailureTest" name="testPerform_Phase_String_OpenPhase_ReviewForSpecificationNotExist" time="1.303" />
  <testcase classname="com.cronos.onlinereview.phases.failuretests.SpecificationReviewPhaseHandlerFailureTest" name="testPerform_Phase_String_OpenPhase_InvalidComment" time="1.058" />
  <testcase classname="com.cronos.onlinereview.phases.failuretests.SpecificationReviewPhaseHandlerFailureTest" name="testPerform_Phase_String_OpenPhase_UploadPersistenceException" time="1.263" />
  <testcase classname="com.cronos.onlinereview.phases.failuretests.SpecificationReviewPhaseHandlerFailureTest" name="testPerform_Phase_String_OpenPhase_NoSpecificationReviewComment" time="1.038" />
  <testcase classname="com.cronos.onlinereview.phases.stresstests.SpecificationReviewPhaseHandlerStressTest" name="testCanPerformStress" time="3.801" />
  <testcase classname="com.cronos.onlinereview.phases.stresstests.SpecificationReviewPhaseHandlerStressTest" name="testPerformStress" time="26.84" />
  <testcase classname="com.cronos.onlinereview.phases.stresstests.SpecificationSubmissionPhaseHandlerStressTest" name="testCanPerformStress" time="4.333" />
  <testcase classname="com.cronos.onlinereview.phases.stresstests.SpecificationSubmissionPhaseHandlerStressTest" name="testPerformStress" time="21.739" />
  <testcase classname="com.cronos.onlinereview.phases.stresstests.AggregationPhaseHandlerTest" name="testPerform_start" time="185.227" />
  <testcase classname="com.cronos.onlinereview.phases.stresstests.AggregationPhaseHandlerTest" name="testPerform_stop" time="82.224" />
  <testcase classname="com.cronos.onlinereview.phases.stresstests.AggregationPhaseHandlerTest" name="testCanPerformFalse" time="4.116" />
  <testcase classname="com.cronos.onlinereview.phases.stresstests.AggregationPhaseHandlerTest" name="testCanPerformTrue" time="7.23" />
  <testcase classname="com.cronos.onlinereview.phases.stresstests.AggregationReviewPhaseHandlerTest" name="testCanPerformWithScheduled" time="2.228" />
  <testcase classname="com.cronos.onlinereview.phases.stresstests.AggregationReviewPhaseHandlerTest" name="testCanPerformHandlerWithOpen" time="2.203" />
  <testcase classname="com.cronos.onlinereview.phases.stresstests.AggregationReviewPhaseHandlerTest" name="testPerformWithOpen" time="38.968" />
  <testcase classname="com.cronos.onlinereview.phases.stresstests.AppealsPhaseHandlerTest" name="testCanPerformWithScheduled" time="2.303" />
  <testcase classname="com.cronos.onlinereview.phases.stresstests.AppealsPhaseHandlerTest" name="testCanPerformHandlerWithOpen" time="2.241" />
  <testcase classname="com.cronos.onlinereview.phases.stresstests.AppealsPhaseHandlerTest" name="testPerform_Start" time="55.731" />
  <testcase classname="com.cronos.onlinereview.phases.stresstests.AppealsResponsePhaseHandlerTest" name="testCanPerformWithScheduled" time="2.269" />
  <testcase classname="com.cronos.onlinereview.phases.stresstests.AppealsResponsePhaseHandlerTest" name="testPerform_Start" time="30.919" />
  <testcase classname="com.cronos.onlinereview.phases.stresstests.AppealsResponsePhaseHandlerTest" name="testPerformWithOpenNoWinner" time="15.978" />
  <testcase classname="com.cronos.onlinereview.phases.stresstests.AppealsResponsePhaseHandlerTest" name="testCanPerform_Comments" time="18.309" />
  <testcase classname="com.cronos.onlinereview.phases.stresstests.ApprovalPhaseHandlerTest" name="testCanPerformHandlerWithOpen" time="2.252" />
  <testcase classname="com.cronos.onlinereview.phases.stresstests.ApprovalPhaseHandlerTest" name="testPerformWithOpen_rejected" time="39.239" />
  <testcase classname="com.cronos.onlinereview.phases.stresstests.ApprovalPhaseHandlerTest" name="testPerform_start_withApprovals" time="34.011" />
  <testcase classname="com.cronos.onlinereview.phases.stresstests.ApprovalPhaseHandlerTest" name="testPerformWithOpen_approved_otherfixes" time="39.684" />
  <testcase classname="com.cronos.onlinereview.phases.stresstests.ApprovalPhaseHandlerTest" name="testCanPerformHandlerWithClosed" time="3.861" />
  <testcase classname="com.cronos.onlinereview.phases.stresstests.FinalFixPhaseHandlerTest" name="testCanPerformWithScheduled" time="3.34" />
  <testcase classname="com.cronos.onlinereview.phases.stresstests.FinalFixPhaseHandlerTest" name="testCanPerformHandlerWithOpen" time="2.23" />
  <testcase classname="com.cronos.onlinereview.phases.stresstests.FinalFixPhaseHandlerTest" name="testPerformWithScheduled" time="38.22" />
  <testcase classname="com.cronos.onlinereview.phases.stresstests.FinalFixPhaseHandlerTest" name="testSendEmailPhaseMapOfStringObject" time="18.584" />
  <testcase classname="com.cronos.onlinereview.phases.stresstests.FinalReviewPhaseHandlerTest" name="testCanPerformWithScheduled" time="2.293" />
  <testcase classname="com.cronos.onlinereview.phases.stresstests.FinalReviewPhaseHandlerTest" name="testCanPerformHandlerWithOpen" time="2.262" />
  <testcase classname="com.cronos.onlinereview.phases.stresstests.FinalReviewPhaseHandlerTest" name="testPerform_start_withFinalReviewer" time="89.484" />
  <testcase classname="com.cronos.onlinereview.phases.stresstests.FinalReviewPhaseHandlerTest" name="testPerformWithOpen_rejected" time="37.599" />
  <testcase classname="com.cronos.onlinereview.phases.stresstests.FinalReviewPhaseHandlerTest" name="testPerformWithOpen_approved" time="36.699" />
  <testcase classname="com.cronos.onlinereview.phases.stresstests.PostMortemPhaseHandlerTest" name="testCanPerformWithScheduled" time="2.273" />
  <testcase classname="com.cronos.onlinereview.phases.stresstests.PostMortemPhaseHandlerTest" name="testCanPerformWithOpen1" time="2.324" />
  <testcase classname="com.cronos.onlinereview.phases.stresstests.PostMortemPhaseHandlerTest" name="testPerform_start_with_reviewer" time="35.965" />
  <testcase classname="com.cronos.onlinereview.phases.stresstests.RegistrationPhaseHandlerTest" name="testRegistrationPhaseHandler" time="4.536" />
  <testcase classname="com.cronos.onlinereview.phases.stresstests.RegistrationPhaseHandlerTest" name="testRegistrationPhaseHandler1" time="4.848" />
  <testcase classname="com.cronos.onlinereview.phases.stresstests.ReviewPhaseHandlerTest" name="testCanPerformWithScheduled" time="3.559" />
  <testcase classname="com.cronos.onlinereview.phases.stresstests.ReviewPhaseHandlerTest" name="testPerform_Start_withReviewer" time="45.819" />
  <testcase classname="com.cronos.onlinereview.phases.stresstests.ReviewPhaseHandlerTest" name="testPerform_Stop" time="76.127" />
  <testcase classname="com.cronos.onlinereview.phases.stresstests.ReviewPhaseHandlerTest" name="testCanPerform_accuracy" time="13.977" />
  <testcase classname="com.cronos.onlinereview.phases.stresstests.ScreeningPhaseHandlerTest" name="testCanPerformWithScheduled" time="3.4" />
  <testcase classname="com.cronos.onlinereview.phases.stresstests.ScreeningPhaseHandlerTest" name="testPerformWithScheduled" time="20.712" />
  <testcase classname="com.cronos.onlinereview.phases.stresstests.ScreeningPhaseHandlerTest" name="testPerform_stop" time="56.046" />
  <testcase classname="com.cronos.onlinereview.phases.stresstests.ScreeningPhaseHandlerTest" name="testCanPerform_MultipleSubmitters" time="12.472" />
  <testcase classname="com.cronos.onlinereview.phases.stresstests.ScreeningPhaseHandlerTest" name="testCanPerform_PrimaryScreener_reviewNotCommitted" time="9.485" />
  <testcase classname="com.cronos.onlinereview.phases.stresstests.SubmissionPhaseHandlerTest" name="testCanPerformWithScheduled" time="2.354" />
  <testcase classname="com.cronos.onlinereview.phases.stresstests.SubmissionPhaseHandlerTest" name="testCanPerformHandlerWithOpen" time="8.846" />
  <testcase classname="com.cronos.onlinereview.phases.stresstests.SubmissionPhaseHandlerTest" name="testPerformWithNoSubmissions" time="21.488" />
  <testcase classname="com.cronos.onlinereview.phases.stresstests.ShowStressResult" name="test_show" time="0.078" />
  <system-out><![CDATA[:->>> INFO :- [EmailEngine.java:379] - Getting configuration for Email Engine...
:->>> INFO :- [EmailEngine.java:486] - Adding message headers...
:->>> INFO :- [EmailEngine.java:379] - Getting configuration for Email Engine...
:->>> INFO :- [EmailEngine.java:486] - Adding message headers...
:->>> INFO :- [EmailEngine.java:379] - Getting configuration for Email Engine...
:->>> INFO :- [EmailEngine.java:486] - Adding message headers...
:->>> INFO :- [EmailEngine.java:379] - Getting configuration for Email Engine...
:->>> INFO :- [EmailEngine.java:486] - Adding message headers...
:->>> INFO :- [EmailEngine.java:379] - Getting configuration for Email Engine...
:->>> INFO :- [EmailEngine.java:486] - Adding message headers...
:->>> INFO :- [EmailEngine.java:379] - Getting configuration for Email Engine...
:->>> INFO :- [EmailEngine.java:486] - Adding message headers...
:->>> INFO :- [EmailEngine.java:379] - Getting configuration for Email Engine...
:->>> INFO :- [EmailEngine.java:486] - Adding message headers...
:->>> INFO :- [EmailEngine.java:379] - Getting configuration for Email Engine...
:->>> INFO :- [EmailEngine.java:486] - Adding message headers...
:->>> INFO :- [EmailEngine.java:379] - Getting configuration for Email Engine...
:->>> INFO :- [EmailEngine.java:486] - Adding message headers...
:->>> INFO :- [EmailEngine.java:379] - Getting configuration for Email Engine...
:->>> INFO :- [EmailEngine.java:486] - Adding message headers...
:->>> INFO :- [EmailEngine.java:379] - Getting configuration for Email Engine...
:->>> INFO :- [EmailEngine.java:486] - Adding message headers...
:->>> INFO :- [EmailEngine.java:379] - Getting configuration for Email Engine...
:->>> INFO :- [EmailEngine.java:486] - Adding message headers...
:->>> INFO :- [EmailEngine.java:379] - Getting configuration for Email Engine...
:->>> INFO :- [EmailEngine.java:486] - Adding message headers...
:->>> INFO :- [EmailEngine.java:379] - Getting configuration for Email Engine...
:->>> INFO :- [EmailEngine.java:486] - Adding message headers...
:->>> INFO :- [EmailEngine.java:379] - Getting configuration for Email Engine...
:->>> INFO :- [EmailEngine.java:486] - Adding message headers...
:->>> INFO :- [EmailEngine.java:379] - Getting configuration for Email Engine...
:->>> INFO :- [EmailEngine.java:486] - Adding message headers...
:->>> INFO :- [EmailEngine.java:379] - Getting configuration for Email Engine...
:->>> INFO :- [EmailEngine.java:486] - Adding message headers...
:->>> INFO :- [EmailEngine.java:379] - Getting configuration for Email Engine...
:->>> INFO :- [EmailEngine.java:486] - Adding message headers...
:->>> INFO :- [EmailEngine.java:379] - Getting configuration for Email Engine...
:->>> INFO :- [EmailEngine.java:486] - Adding message headers...
:->>> INFO :- [EmailEngine.java:379] - Getting configuration for Email Engine...
:->>> INFO :- [EmailEngine.java:486] - Adding message headers...
:->>> INFO :- [EmailEngine.java:379] - Getting configuration for Email Engine...
:->>> INFO :- [EmailEngine.java:486] - Adding message headers...
:->>> INFO :- [EmailEngine.java:379] - Getting configuration for Email Engine...
:->>> INFO :- [EmailEngine.java:486] - Adding message headers...
:->>> INFO :- [EmailEngine.java:379] - Getting configuration for Email Engine...
:->>> INFO :- [EmailEngine.java:486] - Adding message headers...
:->>> INFO :- [EmailEngine.java:379] - Getting configuration for Email Engine...
:->>> INFO :- [EmailEngine.java:486] - Adding message headers...
:->>> INFO :- [EmailEngine.java:379] - Getting configuration for Email Engine...
:->>> INFO :- [EmailEngine.java:486] - Adding message headers...
:->>> INFO :- [EmailEngine.java:379] - Getting configuration for Email Engine...
:->>> INFO :- [EmailEngine.java:486] - Adding message headers...
:->>> INFO :- [EmailEngine.java:379] - Getting configuration for Email Engine...
:->>> INFO :- [EmailEngine.java:486] - Adding message headers...
:->>> INFO :- [EmailEngine.java:379] - Getting configuration for Email Engine...
:->>> INFO :- [EmailEngine.java:486] - Adding message headers...
:->>> INFO :- [EmailEngine.java:379] - Getting configuration for Email Engine...
:->>> INFO :- [EmailEngine.java:486] - Adding message headers...
:->>> INFO :- [EmailEngine.java:379] - Getting configuration for Email Engine...
:->>> INFO :- [EmailEngine.java:486] - Adding message headers...
:->>> INFO :- [EmailEngine.java:379] - Getting configuration for Email Engine...
:->>> INFO :- [EmailEngine.java:486] - Adding message headers...
:->>> INFO :- [EmailEngine.java:379] - Getting configuration for Email Engine...
:->>> INFO :- [EmailEngine.java:486] - Adding message headers...
:->>> INFO :- [EmailEngine.java:379] - Getting configuration for Email Engine...
:->>> INFO :- [EmailEngine.java:486] - Adding message headers...
:->>> INFO :- [EmailEngine.java:379] - Getting configuration for Email Engine...
:->>> INFO :- [EmailEngine.java:486] - Adding message headers...
:->>> INFO :- [EmailEngine.java:379] - Getting configuration for Email Engine...
:->>> INFO :- [EmailEngine.java:486] - Adding message headers...
:->>> INFO :- [EmailEngine.java:379] - Getting configuration for Email Engine...
:->>> INFO :- [EmailEngine.java:486] - Adding message headers...
:->>> INFO :- [EmailEngine.java:379] - Getting configuration for Email Engine...
:->>> INFO :- [EmailEngine.java:486] - Adding message headers...
:->>> INFO :- [EmailEngine.java:379] - Getting configuration for Email Engine...
:->>> INFO :- [EmailEngine.java:486] - Adding message headers...
:->>> INFO :- [EmailEngine.java:379] - Getting configuration for Email Engine...
:->>> INFO :- [EmailEngine.java:486] - Adding message headers...
:->>> INFO :- [EmailEngine.java:379] - Getting configuration for Email Engine...
:->>> INFO :- [EmailEngine.java:486] - Adding message headers...
:->>> INFO :- [EmailEngine.java:379] - Getting configuration for Email Engine...
:->>> INFO :- [EmailEngine.java:486] - Adding message headers...
:->>> INFO :- [EmailEngine.java:379] - Getting configuration for Email Engine...
:->>> INFO :- [EmailEngine.java:486] - Adding message headers...
:->>> INFO :- [EmailEngine.java:379] - Getting configuration for Email Engine...
:->>> INFO :- [EmailEngine.java:486] - Adding message headers...
:->>> INFO :- [EmailEngine.java:379] - Getting configuration for Email Engine...
:->>> INFO :- [EmailEngine.java:486] - Adding message headers...
:->>> INFO :- [EmailEngine.java:379] - Getting configuration for Email Engine...
:->>> INFO :- [EmailEngine.java:486] - Adding message headers...
:->>> INFO :- [EmailEngine.java:379] - Getting configuration for Email Engine...
:->>> INFO :- [EmailEngine.java:486] - Adding message headers...
:->>> INFO :- [EmailEngine.java:379] - Getting configuration for Email Engine...
:->>> INFO :- [EmailEngine.java:486] - Adding message headers...
:->>> INFO :- [EmailEngine.java:379] - Getting configuration for Email Engine...
:->>> INFO :- [EmailEngine.java:486] - Adding message headers...
:->>> INFO :- [EmailEngine.java:379] - Getting configuration for Email Engine...
:->>> INFO :- [EmailEngine.java:486] - Adding message headers...
:->>> INFO :- [EmailEngine.java:379] - Getting configuration for Email Engine...
:->>> INFO :- [EmailEngine.java:486] - Adding message headers...
:->>> INFO :- [EmailEngine.java:379] - Getting configuration for Email Engine...
:->>> INFO :- [EmailEngine.java:486] - Adding message headers...
:->>> INFO :- [EmailEngine.java:379] - Getting configuration for Email Engine...
:->>> INFO :- [EmailEngine.java:486] - Adding message headers...
:->>> INFO :- [EmailEngine.java:379] - Getting configuration for Email Engine...
:->>> INFO :- [EmailEngine.java:486] - Adding message headers...
:->>> INFO :- [EmailEngine.java:379] - Getting configuration for Email Engine...
:->>> INFO :- [EmailEngine.java:486] - Adding message headers...
:->>> INFO :- [EmailEngine.java:379] - Getting configuration for Email Engine...
:->>> INFO :- [EmailEngine.java:486] - Adding message headers...
:->>> INFO :- [EmailEngine.java:379] - Getting configuration for Email Engine...
:->>> INFO :- [EmailEngine.java:486] - Adding message headers...
:->>> INFO :- [EmailEngine.java:379] - Getting configuration for Email Engine...
:->>> INFO :- [EmailEngine.java:486] - Adding message headers...
:->>> INFO :- [EmailEngine.java:379] - Getting configuration for Email Engine...
:->>> INFO :- [EmailEngine.java:486] - Adding message headers...
:->>> INFO :- [EmailEngine.java:379] - Getting configuration for Email Engine...
:->>> INFO :- [EmailEngine.java:486] - Adding message headers...
:->>> INFO :- [EmailEngine.java:379] - Getting configuration for Email Engine...
:->>> INFO :- [EmailEngine.java:486] - Adding message headers...
:->>> INFO :- [EmailEngine.java:379] - Getting configuration for Email Engine...
:->>> INFO :- [EmailEngine.java:486] - Adding message headers...
:->>> INFO :- [EmailEngine.java:379] - Getting configuration for Email Engine...
:->>> INFO :- [EmailEngine.java:486] - Adding message headers...
:->>> INFO :- [EmailEngine.java:379] - Getting configuration for Email Engine...
:->>> INFO :- [EmailEngine.java:486] - Adding message headers...
:->>> INFO :- [EmailEngine.java:379] - Getting configuration for Email Engine...
:->>> INFO :- [EmailEngine.java:486] - Adding message headers...
:->>> INFO :- [EmailEngine.java:379] - Getting configuration for Email Engine...
:->>> INFO :- [EmailEngine.java:486] - Adding message headers...
:->>> INFO :- [EmailEngine.java:379] - Getting configuration for Email Engine...
:->>> INFO :- [EmailEngine.java:486] - Adding message headers...
:->>> INFO :- [EmailEngine.java:379] - Getting configuration for Email Engine...
:->>> INFO :- [EmailEngine.java:486] - Adding message headers...
:->>> INFO :- [EmailEngine.java:379] - Getting configuration for Email Engine...
:->>> INFO :- [EmailEngine.java:486] - Adding message headers...
:->>> INFO :- [EmailEngine.java:379] - Getting configuration for Email Engine...
:->>> INFO :- [EmailEngine.java:486] - Adding message headers...
:->>> INFO :- [EmailEngine.java:379] - Getting configuration for Email Engine...
:->>> INFO :- [EmailEngine.java:486] - Adding message headers...
:->>> INFO :- [EmailEngine.java:379] - Getting configuration for Email Engine...
:->>> INFO :- [EmailEngine.java:486] - Adding message headers...
:->>> INFO :- [EmailEngine.java:379] - Getting configuration for Email Engine...
:->>> INFO :- [EmailEngine.java:486] - Adding message headers...
:->>> INFO :- [EmailEngine.java:379] - Getting configuration for Email Engine...
:->>> INFO :- [EmailEngine.java:486] - Adding message headers...
:->>> INFO :- [EmailEngine.java:379] - Getting configuration for Email Engine...
:->>> INFO :- [EmailEngine.java:486] - Adding message headers...
:->>> INFO :- [EmailEngine.java:379] - Getting configuration for Email Engine...
:->>> INFO :- [EmailEngine.java:486] - Adding message headers...
:->>> INFO :- [EmailEngine.java:379] - Getting configuration for Email Engine...
:->>> INFO :- [EmailEngine.java:486] - Adding message headers...
:->>> INFO :- [EmailEngine.java:379] - Getting configuration for Email Engine...
:->>> INFO :- [EmailEngine.java:486] - Adding message headers...
:->>> INFO :- [EmailEngine.java:379] - Getting configuration for Email Engine...
:->>> INFO :- [EmailEngine.java:486] - Adding message headers...
:->>> INFO :- [EmailEngine.java:379] - Getting configuration for Email Engine...
:->>> INFO :- [EmailEngine.java:486] - Adding message headers...
:->>> INFO :- [EmailEngine.java:379] - Getting configuration for Email Engine...
:->>> INFO :- [EmailEngine.java:486] - Adding message headers...
:->>> INFO :- [EmailEngine.java:379] - Getting configuration for Email Engine...
:->>> INFO :- [EmailEngine.java:486] - Adding message headers...
:->>> INFO :- [EmailEngine.java:379] - Getting configuration for Email Engine...
:->>> INFO :- [EmailEngine.java:486] - Adding message headers...
:->>> INFO :- [EmailEngine.java:379] - Getting configuration for Email Engine...
:->>> INFO :- [EmailEngine.java:486] - Adding message headers...
:->>> INFO :- [EmailEngine.java:379] - Getting configuration for Email Engine...
:->>> INFO :- [EmailEngine.java:486] - Adding message headers...
:->>> INFO :- [EmailEngine.java:379] - Getting configuration for Email Engine...
:->>> INFO :- [EmailEngine.java:486] - Adding message headers...
:->>> INFO :- [EmailEngine.java:379] - Getting configuration for Email Engine...
:->>> INFO :- [EmailEngine.java:486] - Adding message headers...
:->>> INFO :- [EmailEngine.java:379] - Getting configuration for Email Engine...
:->>> INFO :- [EmailEngine.java:486] - Adding message headers...
:->>> INFO :- [EmailEngine.java:379] - Getting configuration for Email Engine...
:->>> INFO :- [EmailEngine.java:486] - Adding message headers...
:->>> INFO :- [EmailEngine.java:379] - Getting configuration for Email Engine...
:->>> INFO :- [EmailEngine.java:486] - Adding message headers...
:->>> INFO :- [EmailEngine.java:379] - Getting configuration for Email Engine...
:->>> INFO :- [EmailEngine.java:486] - Adding message headers...
:->>> INFO :- [EmailEngine.java:379] - Getting configuration for Email Engine...
:->>> INFO :- [EmailEngine.java:486] - Adding message headers...
:->>> INFO :- [EmailEngine.java:379] - Getting configuration for Email Engine...
:->>> INFO :- [EmailEngine.java:486] - Adding message headers...
:->>> INFO :- [EmailEngine.java:379] - Getting configuration for Email Engine...
:->>> INFO :- [EmailEngine.java:486] - Adding message headers...
:->>> INFO :- [EmailEngine.java:379] - Getting configuration for Email Engine...
:->>> INFO :- [EmailEngine.java:486] - Adding message headers...
:->>> INFO :- [EmailEngine.java:379] - Getting configuration for Email Engine...
:->>> INFO :- [EmailEngine.java:486] - Adding message headers...
:->>> INFO :- [EmailEngine.java:379] - Getting configuration for Email Engine...
:->>> INFO :- [EmailEngine.java:486] - Adding message headers...
:->>> INFO :- [EmailEngine.java:379] - Getting configuration for Email Engine...
:->>> INFO :- [EmailEngine.java:486] - Adding message headers...
:->>> INFO :- [EmailEngine.java:379] - Getting configuration for Email Engine...
:->>> INFO :- [EmailEngine.java:486] - Adding message headers...
:->>> INFO :- [EmailEngine.java:379] - Getting configuration for Email Engine...
:->>> INFO :- [EmailEngine.java:486] - Adding message headers...
:->>> INFO :- [EmailEngine.java:379] - Getting configuration for Email Engine...
:->>> INFO :- [EmailEngine.java:486] - Adding message headers...
:->>> INFO :- [EmailEngine.java:379] - Getting configuration for Email Engine...
:->>> INFO :- [EmailEngine.java:486] - Adding message headers...
:->>> INFO :- [EmailEngine.java:379] - Getting configuration for Email Engine...
:->>> INFO :- [EmailEngine.java:486] - Adding message headers...
:->>> INFO :- [EmailEngine.java:379] - Getting configuration for Email Engine...
:->>> INFO :- [EmailEngine.java:486] - Adding message headers...
:->>> INFO :- [EmailEngine.java:379] - Getting configuration for Email Engine...
:->>> INFO :- [EmailEngine.java:486] - Adding message headers...
:->>> INFO :- [EmailEngine.java:379] - Getting configuration for Email Engine...
:->>> INFO :- [EmailEngine.java:486] - Adding message headers...
:->>> INFO :- [EmailEngine.java:379] - Getting configuration for Email Engine...
:->>> INFO :- [EmailEngine.java:486] - Adding message headers...
:->>> INFO :- [EmailEngine.java:379] - Getting configuration for Email Engine...
:->>> INFO :- [EmailEngine.java:486] - Adding message headers...
:->>> INFO :- [EmailEngine.java:379] - Getting configuration for Email Engine...
:->>> INFO :- [EmailEngine.java:486] - Adding message headers...
:->>> INFO :- [EmailEngine.java:379] - Getting configuration for Email Engine...
:->>> INFO :- [EmailEngine.java:486] - Adding message headers...
:->>> INFO :- [EmailEngine.java:379] - Getting configuration for Email Engine...
:->>> INFO :- [EmailEngine.java:486] - Adding message headers...
:->>> INFO :- [EmailEngine.java:379] - Getting configuration for Email Engine...
:->>> INFO :- [EmailEngine.java:486] - Adding message headers...
:->>> INFO :- [EmailEngine.java:379] - Getting configuration for Email Engine...
:->>> INFO :- [EmailEngine.java:486] - Adding message headers...
:->>> INFO :- [EmailEngine.java:379] - Getting configuration for Email Engine...
:->>> INFO :- [EmailEngine.java:486] - Adding message headers...
:->>> INFO :- [EmailEngine.java:379] - Getting configuration for Email Engine...
:->>> INFO :- [EmailEngine.java:486] - Adding message headers...
:->>> INFO :- [EmailEngine.java:379] - Getting configuration for Email Engine...
:->>> INFO :- [EmailEngine.java:486] - Adding message headers...
:->>> INFO :- [EmailEngine.java:379] - Getting configuration for Email Engine...
:->>> INFO :- [EmailEngine.java:486] - Adding message headers...
:->>> INFO :- [EmailEngine.java:379] - Getting configuration for Email Engine...
:->>> INFO :- [EmailEngine.java:486] - Adding message headers...
:->>> INFO :- [EmailEngine.java:379] - Getting configuration for Email Engine...
:->>> INFO :- [EmailEngine.java:486] - Adding message headers...
:->>> INFO :- [EmailEngine.java:379] - Getting configuration for Email Engine...
:->>> INFO :- [EmailEngine.java:486] - Adding message headers...
:->>> INFO :- [EmailEngine.java:379] - Getting configuration for Email Engine...
:->>> INFO :- [EmailEngine.java:486] - Adding message headers...
:->>> INFO :- [EmailEngine.java:379] - Getting configuration for Email Engine...
:->>> INFO :- [EmailEngine.java:486] - Adding message headers...
:->>> INFO :- [EmailEngine.java:379] - Getting configuration for Email Engine...
:->>> INFO :- [EmailEngine.java:486] - Adding message headers...
:->>> INFO :- [EmailEngine.java:379] - Getting configuration for Email Engine...
:->>> INFO :- [EmailEngine.java:486] - Adding message headers...
:->>> INFO :- [EmailEngine.java:379] - Getting configuration for Email Engine...
:->>> INFO :- [EmailEngine.java:486] - Adding message headers...
:->>> INFO :- [EmailEngine.java:379] - Getting configuration for Email Engine...
:->>> INFO :- [EmailEngine.java:486] - Adding message headers...
:->>> INFO :- [EmailEngine.java:379] - Getting configuration for Email Engine...
:->>> INFO :- [EmailEngine.java:486] - Adding message headers...
:->>> INFO :- [EmailEngine.java:379] - Getting configuration for Email Engine...
:->>> INFO :- [EmailEngine.java:486] - Adding message headers...
:->>> INFO :- [EmailEngine.java:379] - Getting configuration for Email Engine...
:->>> INFO :- [EmailEngine.java:486] - Adding message headers...
:->>> INFO :- [EmailEngine.java:379] - Getting configuration for Email Engine...
:->>> INFO :- [EmailEngine.java:486] - Adding message headers...
:->>> INFO :- [EmailEngine.java:379] - Getting configuration for Email Engine...
:->>> INFO :- [EmailEngine.java:486] - Adding message headers...
:->>> INFO :- [EmailEngine.java:379] - Getting configuration for Email Engine...
:->>> INFO :- [EmailEngine.java:486] - Adding message headers...
:->>> INFO :- [EmailEngine.java:379] - Getting configuration for Email Engine...
:->>> INFO :- [EmailEngine.java:486] - Adding message headers...
:->>> INFO :- [EmailEngine.java:379] - Getting configuration for Email Engine...
:->>> INFO :- [EmailEngine.java:486] - Adding message headers...
104
:->>> INFO :- [EmailEngine.java:379] - Getting configuration for Email Engine...
:->>> INFO :- [EmailEngine.java:486] - Adding message headers...
:->>> INFO :- [EmailEngine.java:379] - Getting configuration for Email Engine...
:->>> INFO :- [EmailEngine.java:486] - Adding message headers...
:->>> INFO :- [EmailEngine.java:379] - Getting configuration for Email Engine...
:->>> INFO :- [EmailEngine.java:486] - Adding message headers...
:->>> INFO :- [EmailEngine.java:379] - Getting configuration for Email Engine...
:->>> INFO :- [EmailEngine.java:486] - Adding message headers...
:->>> INFO :- [EmailEngine.java:379] - Getting configuration for Email Engine...
:->>> INFO :- [EmailEngine.java:486] - Adding message headers...
:->>> INFO :- [EmailEngine.java:379] - Getting configuration for Email Engine...
:->>> INFO :- [EmailEngine.java:486] - Adding message headers...
:->>> INFO :- [EmailEngine.java:379] - Getting configuration for Email Engine...
:->>> INFO :- [EmailEngine.java:486] - Adding message headers...
:->>> INFO :- [EmailEngine.java:379] - Getting configuration for Email Engine...
:->>> INFO :- [EmailEngine.java:486] - Adding message headers...
:->>> INFO :- [EmailEngine.java:379] - Getting configuration for Email Engine...
:->>> INFO :- [EmailEngine.java:486] - Adding message headers...
:->>> INFO :- [EmailEngine.java:379] - Getting configuration for Email Engine...
:->>> INFO :- [EmailEngine.java:486] - Adding message headers...
:->>> INFO :- [EmailEngine.java:379] - Getting configuration for Email Engine...
:->>> INFO :- [EmailEngine.java:486] - Adding message headers...
:->>> INFO :- [EmailEngine.java:379] - Getting configuration for Email Engine...
:->>> INFO :- [EmailEngine.java:486] - Adding message headers...
:->>> INFO :- [EmailEngine.java:379] - Getting configuration for Email Engine...
:->>> INFO :- [EmailEngine.java:486] - Adding message headers...
:->>> INFO :- [EmailEngine.java:379] - Getting configuration for Email Engine...
:->>> INFO :- [EmailEngine.java:486] - Adding message headers...
:->>> INFO :- [EmailEngine.java:379] - Getting configuration for Email Engine...
:->>> INFO :- [EmailEngine.java:486] - Adding message headers...
:->>> INFO :- [EmailEngine.java:379] - Getting configuration for Email Engine...
:->>> INFO :- [EmailEngine.java:486] - Adding message headers...
:->>> INFO :- [EmailEngine.java:379] - Getting configuration for Email Engine...
:->>> INFO :- [EmailEngine.java:486] - Adding message headers...
:->>> INFO :- [EmailEngine.java:379] - Getting configuration for Email Engine...
:->>> INFO :- [EmailEngine.java:486] - Adding message headers...
:->>> INFO :- [EmailEngine.java:379] - Getting configuration for Email Engine...
:->>> INFO :- [EmailEngine.java:486] - Adding message headers...
:->>> INFO :- [EmailEngine.java:379] - Getting configuration for Email Engine...
:->>> INFO :- [EmailEngine.java:486] - Adding message headers...
:->>> INFO :- [EmailEngine.java:379] - Getting configuration for Email Engine...
:->>> INFO :- [EmailEngine.java:486] - Adding message headers...
:->>> INFO :- [EmailEngine.java:379] - Getting configuration for Email Engine...
:->>> INFO :- [EmailEngine.java:486] - Adding message headers...
:->>> INFO :- [EmailEngine.java:379] - Getting configuration for Email Engine...
:->>> INFO :- [EmailEngine.java:486] - Adding message headers...
:->>> INFO :- [EmailEngine.java:379] - Getting configuration for Email Engine...
:->>> INFO :- [EmailEngine.java:486] - Adding message headers...
:->>> INFO :- [EmailEngine.java:379] - Getting configuration for Email Engine...
:->>> INFO :- [EmailEngine.java:486] - Adding message headers...
:->>> INFO :- [EmailEngine.java:379] - Getting configuration for Email Engine...
:->>> INFO :- [EmailEngine.java:486] - Adding message headers...
:->>> INFO :- [EmailEngine.java:379] - Getting configuration for Email Engine...
:->>> INFO :- [EmailEngine.java:486] - Adding message headers...
:->>> INFO :- [EmailEngine.java:379] - Getting configuration for Email Engine...
:->>> INFO :- [EmailEngine.java:486] - Adding message headers...
:->>> INFO :- [EmailEngine.java:379] - Getting configuration for Email Engine...
:->>> INFO :- [EmailEngine.java:486] - Adding message headers...
:->>> INFO :- [EmailEngine.java:379] - Getting configuration for Email Engine...
:->>> INFO :- [EmailEngine.java:486] - Adding message headers...
:->>> INFO :- [EmailEngine.java:379] - Getting configuration for Email Engine...
:->>> INFO :- [EmailEngine.java:486] - Adding message headers...
:->>> INFO :- [EmailEngine.java:379] - Getting configuration for Email Engine...
:->>> INFO :- [EmailEngine.java:486] - Adding message headers...
:->>> INFO :- [EmailEngine.java:379] - Getting configuration for Email Engine...
:->>> INFO :- [EmailEngine.java:486] - Adding message headers...
:->>> INFO :- [EmailEngine.java:379] - Getting configuration for Email Engine...
:->>> INFO :- [EmailEngine.java:486] - Adding message headers...
:->>> INFO :- [EmailEngine.java:379] - Getting configuration for Email Engine...
:->>> INFO :- [EmailEngine.java:486] - Adding message headers...
:->>> INFO :- [EmailEngine.java:379] - Getting configuration for Email Engine...
:->>> INFO :- [EmailEngine.java:486] - Adding message headers...
:->>> INFO :- [EmailEngine.java:379] - Getting configuration for Email Engine...
:->>> INFO :- [EmailEngine.java:486] - Adding message headers...
:->>> INFO :- [EmailEngine.java:379] - Getting configuration for Email Engine...
:->>> INFO :- [EmailEngine.java:486] - Adding message headers...
:->>> INFO :- [EmailEngine.java:379] - Getting configuration for Email Engine...
:->>> INFO :- [EmailEngine.java:486] - Adding message headers...
:->>> INFO :- [EmailEngine.java:379] - Getting configuration for Email Engine...
:->>> INFO :- [EmailEngine.java:486] - Adding message headers...
:->>> INFO :- [EmailEngine.java:379] - Getting configuration for Email Engine...
:->>> INFO :- [EmailEngine.java:486] - Adding message headers...
:->>> INFO :- [EmailEngine.java:379] - Getting configuration for Email Engine...
:->>> INFO :- [EmailEngine.java:486] - Adding message headers...
:->>> INFO :- [EmailEngine.java:379] - Getting configuration for Email Engine...
:->>> INFO :- [EmailEngine.java:486] - Adding message headers...
:->>> INFO :- [EmailEngine.java:379] - Getting configuration for Email Engine...
:->>> INFO :- [EmailEngine.java:486] - Adding message headers...
:->>> INFO :- [EmailEngine.java:379] - Getting configuration for Email Engine...
:->>> INFO :- [EmailEngine.java:486] - Adding message headers...
:->>> INFO :- [EmailEngine.java:379] - Getting configuration for Email Engine...
:->>> INFO :- [EmailEngine.java:486] - Adding message headers...
:->>> INFO :- [EmailEngine.java:379] - Getting configuration for Email Engine...
:->>> INFO :- [EmailEngine.java:486] - Adding message headers...
:->>> ERROR:- [LoggerLog4j127.java:36] - java.util.MissingResourceException: Can't find bundle for base name DBMS, locale en_US
:->>> INFO :- [EmailEngine.java:379] - Getting configuration for Email Engine...
:->>> INFO :- [EmailEngine.java:486] - Adding message headers...
:->>> INFO :- [EmailEngine.java:379] - Getting configuration for Email Engine...
:->>> INFO :- [EmailEngine.java:486] - Adding message headers...
:->>> INFO :- [EmailEngine.java:379] - Getting configuration for Email Engine...
:->>> INFO :- [EmailEngine.java:486] - Adding message headers...
:->>> INFO :- [EmailEngine.java:379] - Getting configuration for Email Engine...
:->>> INFO :- [EmailEngine.java:486] - Adding message headers...
:->>> INFO :- [EmailEngine.java:379] - Getting configuration for Email Engine...
:->>> INFO :- [EmailEngine.java:486] - Adding message headers...
:->>> INFO :- [EmailEngine.java:379] - Getting configuration for Email Engine...
:->>> INFO :- [EmailEngine.java:486] - Adding message headers...
:->>> INFO :- [EmailEngine.java:379] - Getting configuration for Email Engine...
:->>> INFO :- [EmailEngine.java:486] - Adding message headers...
:->>> INFO :- [EmailEngine.java:379] - Getting configuration for Email Engine...
:->>> INFO :- [EmailEngine.java:486] - Adding message headers...
:->>> INFO :- [EmailEngine.java:379] - Getting configuration for Email Engine...
:->>> INFO :- [EmailEngine.java:486] - Adding message headers...
:->>> INFO :- [EmailEngine.java:379] - Getting configuration for Email Engine...
:->>> INFO :- [EmailEngine.java:486] - Adding message headers...
:->>> INFO :- [EmailEngine.java:379] - Getting configuration for Email Engine...
:->>> INFO :- [EmailEngine.java:486] - Adding message headers...
:->>> INFO :- [EmailEngine.java:379] - Getting configuration for Email Engine...
:->>> INFO :- [EmailEngine.java:486] - Adding message headers...
:->>> INFO :- [EmailEngine.java:379] - Getting configuration for Email Engine...
:->>> INFO :- [EmailEngine.java:486] - Adding message headers...
:->>> INFO :- [EmailEngine.java:379] - Getting configuration for Email Engine...
:->>> INFO :- [EmailEngine.java:486] - Adding message headers...
:->>> INFO :- [EmailEngine.java:379] - Getting configuration for Email Engine...
:->>> INFO :- [EmailEngine.java:486] - Adding message headers...
:->>> INFO :- [EmailEngine.java:379] - Getting configuration for Email Engine...
:->>> INFO :- [EmailEngine.java:486] - Adding message headers...
:->>> INFO :- [EmailEngine.java:379] - Getting configuration for Email Engine...
:->>> INFO :- [EmailEngine.java:486] - Adding message headers...
:->>> INFO :- [EmailEngine.java:379] - Getting configuration for Email Engine...
:->>> INFO :- [EmailEngine.java:486] - Adding message headers...
:->>> INFO :- [EmailEngine.java:379] - Getting configuration for Email Engine...
:->>> INFO :- [EmailEngine.java:486] - Adding message headers...
:->>> INFO :- [EmailEngine.java:379] - Getting configuration for Email Engine...
:->>> INFO :- [EmailEngine.java:486] - Adding message headers...
:->>> INFO :- [EmailEngine.java:379] - Getting configuration for Email Engine...
:->>> INFO :- [EmailEngine.java:486] - Adding message headers...
:->>> INFO :- [EmailEngine.java:379] - Getting configuration for Email Engine...
:->>> INFO :- [EmailEngine.java:486] - Adding message headers...
:->>> INFO :- [EmailEngine.java:379] - Getting configuration for Email Engine...
:->>> INFO :- [EmailEngine.java:486] - Adding message headers...
:->>> INFO :- [EmailEngine.java:379] - Getting configuration for Email Engine...
:->>> INFO :- [EmailEngine.java:486] - Adding message headers...
:->>> INFO :- [EmailEngine.java:379] - Getting configuration for Email Engine...
:->>> INFO :- [EmailEngine.java:486] - Adding message headers...
:->>> INFO :- [EmailEngine.java:379] - Getting configuration for Email Engine...
:->>> INFO :- [EmailEngine.java:486] - Adding message headers...
:->>> INFO :- [EmailEngine.java:379] - Getting configuration for Email Engine...
:->>> INFO :- [EmailEngine.java:486] - Adding message headers...
:->>> INFO :- [EmailEngine.java:379] - Getting configuration for Email Engine...
:->>> INFO :- [EmailEngine.java:486] - Adding message headers...
insert into notification(project_id, external_ref_id, notification_type_id,create_user, create_date, modify_user, modify_date) values (1, 1, 1, 'user', ?, 'user', ?)
insert into notification(project_id, external_ref_id, notification_type_id,create_user, create_date, modify_user, modify_date) values (1, 2, 1, 'user', ?, 'user', ?)
insert into notification(project_id, external_ref_id, notification_type_id,create_user, create_date, modify_user, modify_date) values (1, 3, 1, 'user', ?, 'user', ?)
insert into notification(project_id, external_ref_id, notification_type_id,create_user, create_date, modify_user, modify_date) values (1, 4, 1, 'user', ?, 'user', ?)
insert into notification(project_id, external_ref_id, notification_type_id,create_user, create_date, modify_user, modify_date) values (1, 5, 1, 'user', ?, 'user', ?)
insert into user(user_id, first_name, last_name, handle, status)values (1, 'babut', 'guy', 'babut', 'ON')
insert into user_rating(user_id, phase_id) values (1, 112)
insert into email(user_id, email_id, address, primary_ind) values (1, 1, 'email1.topcoder@gmail.com', 1)
insert into user(user_id, first_name, last_name, handle, status)values (2, 'abc', 'xyz', 'wishingbone', 'ON')
insert into user_rating(user_id, phase_id) values (2, 112)
insert into email(user_id, email_id, address, primary_ind) values (2, 2, 'email2.topcoder@gmail.com', 1)
insert into user(user_id, first_name, last_name, handle, status)values (3, 'abc', 'xyz', 'developer', 'ON')
insert into user_rating(user_id, phase_id) values (3, 112)
insert into email(user_id, email_id, address, primary_ind) values (3, 3, 'email3.topcoder@gmail.com', 1)
insert into user(user_id, first_name, last_name, handle, status)values (4, 'Allen', 'Iverson', 'I3', 'ON')
insert into user_rating(user_id, phase_id) values (4, 112)
insert into email(user_id, email_id, address, primary_ind) values (4, 4, 'email4.topcoder@gmail.com', 1)
insert into user(user_id, first_name, last_name, handle, status)values (5, 'John', 'Lennon', 'lennon', 'ON')
insert into user_rating(user_id, phase_id) values (5, 112)
insert into email(user_id, email_id, address, primary_ind) values (5, 5, 'email5.topcoder@gmail.com', 1)
INSERT INTO resource (resource_id, resource_role_id, project_id, project_phase_id,create_user, create_date, modify_user, modify_date) VALUES (?, ?, ?, ?, 'user', ?, 'user', ?)
INSERT INTO resource (resource_id, resource_role_id, project_id, project_phase_id,create_user, create_date, modify_user, modify_date) VALUES (?, ?, ?, ?, 'user', ?, 'user', ?)
INSERT INTO resource (resource_id, resource_role_id, project_id, project_phase_id,create_user, create_date, modify_user, modify_date) VALUES (?, ?, ?, ?, 'user', ?, 'user', ?)
INSERT INTO resource (resource_id, resource_role_id, project_id, project_phase_id,create_user, create_date, modify_user, modify_date) VALUES (?, ?, ?, ?, 'user', ?, 'user', ?)
insert into resource_info(resource_id, resource_info_type_id, value,create_user, create_date, modify_user, modify_date) VALUES (?, ?, ?, 'user', ?, 'user', ?)
insert into resource_info(resource_id, resource_info_type_id, value,create_user, create_date, modify_user, modify_date) VALUES (?, ?, ?, 'user', ?, 'user', ?)
insert into resource_info(resource_id, resource_info_type_id, value,create_user, create_date, modify_user, modify_date) VALUES (?, ?, ?, 'user', ?, 'user', ?)
insert into resource_info(resource_id, resource_info_type_id, value,create_user, create_date, modify_user, modify_date) VALUES (?, ?, ?, 'user', ?, 'user', ?)
INSERT INTO resource (resource_id, resource_role_id, project_id, project_phase_id,create_user, create_date, modify_user, modify_date) VALUES (?, ?, ?, ?, 'user', ?, 'user', ?)
insert into resource_info(resource_id, resource_info_type_id, value,create_user, create_date, modify_user, modify_date) VALUES (?, ?, ?, 'user', ?, 'user', ?)
insert into resource_info(resource_id, resource_info_type_id, value,create_user, create_date, modify_user, modify_date) VALUES (?, ?, ?, 'user', ?, 'user', ?)
insert into resource_info(resource_id, resource_info_type_id, value,create_user, create_date, modify_user, modify_date) VALUES (?, ?, ?, 'user', ?, 'user', ?)
insert into resource_info(resource_id, resource_info_type_id, value,create_user, create_date, modify_user, modify_date) VALUES (?, ?, ?, 'user', ?, 'user', ?)
INSERT INTO resource (resource_id, resource_role_id, project_id, project_phase_id,create_user, create_date, modify_user, modify_date) VALUES (?, ?, ?, ?, 'user', ?, 'user', ?)
insert into resource_info(resource_id, resource_info_type_id, value,create_user, create_date, modify_user, modify_date) VALUES (?, ?, ?, 'user', ?, 'user', ?)
INSERT INTO resource (resource_id, resource_role_id, project_id, project_phase_id,create_user, create_date, modify_user, modify_date) VALUES (?, ?, ?, ?, 'user', ?, 'user', ?)
insert into resource_info(resource_id, resource_info_type_id, value,create_user, create_date, modify_user, modify_date) VALUES (?, ?, ?, 'user', ?, 'user', ?)
:->>> INFO :- [EmailEngine.java:379] - Getting configuration for Email Engine...
:->>> INFO :- [EmailEngine.java:486] - Adding message headers...
:->>> INFO :- [EmailEngine.java:379] - Getting configuration for Email Engine...
:->>> INFO :- [EmailEngine.java:486] - Adding message headers...
:->>> INFO :- [EmailEngine.java:379] - Getting configuration for Email Engine...
:->>> INFO :- [EmailEngine.java:486] - Adding message headers...
:->>> INFO :- [EmailEngine.java:379] - Getting configuration for Email Engine...
:->>> INFO :- [EmailEngine.java:486] - Adding message headers...
insert into notification(project_id, external_ref_id, notification_type_id,create_user, create_date, modify_user, modify_date) values (1, 1, 1, 'user', ?, 'user', ?)
insert into notification(project_id, external_ref_id, notification_type_id,create_user, create_date, modify_user, modify_date) values (1, 2, 1, 'user', ?, 'user', ?)
insert into notification(project_id, external_ref_id, notification_type_id,create_user, create_date, modify_user, modify_date) values (1, 3, 1, 'user', ?, 'user', ?)
insert into notification(project_id, external_ref_id, notification_type_id,create_user, create_date, modify_user, modify_date) values (1, 4, 1, 'user', ?, 'user', ?)
insert into notification(project_id, external_ref_id, notification_type_id,create_user, create_date, modify_user, modify_date) values (1, 5, 1, 'user', ?, 'user', ?)
insert into user(user_id, first_name, last_name, handle, status)values (1, 'babut', 'guy', 'babut', 'ON')
insert into user_rating(user_id, phase_id) values (1, 112)
insert into email(user_id, email_id, address, primary_ind) values (1, 1, 'email1.topcoder@gmail.com', 1)
insert into user(user_id, first_name, last_name, handle, status)values (2, 'abc', 'xyz', 'wishingbone', 'ON')
insert into user_rating(user_id, phase_id) values (2, 112)
insert into email(user_id, email_id, address, primary_ind) values (2, 2, 'email2.topcoder@gmail.com', 1)
insert into user(user_id, first_name, last_name, handle, status)values (3, 'abc', 'xyz', 'developer', 'ON')
insert into user_rating(user_id, phase_id) values (3, 112)
insert into email(user_id, email_id, address, primary_ind) values (3, 3, 'email3.topcoder@gmail.com', 1)
insert into user(user_id, first_name, last_name, handle, status)values (4, 'Allen', 'Iverson', 'I3', 'ON')
insert into user_rating(user_id, phase_id) values (4, 112)
insert into email(user_id, email_id, address, primary_ind) values (4, 4, 'email4.topcoder@gmail.com', 1)
insert into user(user_id, first_name, last_name, handle, status)values (5, 'John', 'Lennon', 'lennon', 'ON')
insert into user_rating(user_id, phase_id) values (5, 112)
insert into email(user_id, email_id, address, primary_ind) values (5, 5, 'email5.topcoder@gmail.com', 1)
INSERT INTO resource (resource_id, resource_role_id, project_id, project_phase_id,create_user, create_date, modify_user, modify_date) VALUES (?, ?, ?, ?, 'user', ?, 'user', ?)
INSERT INTO resource (resource_id, resource_role_id, project_id, project_phase_id,create_user, create_date, modify_user, modify_date) VALUES (?, ?, ?, ?, 'user', ?, 'user', ?)
INSERT INTO resource (resource_id, resource_role_id, project_id, project_phase_id,create_user, create_date, modify_user, modify_date) VALUES (?, ?, ?, ?, 'user', ?, 'user', ?)
INSERT INTO resource (resource_id, resource_role_id, project_id, project_phase_id,create_user, create_date, modify_user, modify_date) VALUES (?, ?, ?, ?, 'user', ?, 'user', ?)
insert into resource_info(resource_id, resource_info_type_id, value,create_user, create_date, modify_user, modify_date) VALUES (?, ?, ?, 'user', ?, 'user', ?)
insert into resource_info(resource_id, resource_info_type_id, value,create_user, create_date, modify_user, modify_date) VALUES (?, ?, ?, 'user', ?, 'user', ?)
insert into resource_info(resource_id, resource_info_type_id, value,create_user, create_date, modify_user, modify_date) VALUES (?, ?, ?, 'user', ?, 'user', ?)
insert into resource_info(resource_id, resource_info_type_id, value,create_user, create_date, modify_user, modify_date) VALUES (?, ?, ?, 'user', ?, 'user', ?)
INSERT INTO resource (resource_id, resource_role_id, project_id, project_phase_id,create_user, create_date, modify_user, modify_date) VALUES (?, ?, ?, ?, 'user', ?, 'user', ?)
insert into resource_info(resource_id, resource_info_type_id, value,create_user, create_date, modify_user, modify_date) VALUES (?, ?, ?, 'user', ?, 'user', ?)
insert into resource_info(resource_id, resource_info_type_id, value,create_user, create_date, modify_user, modify_date) VALUES (?, ?, ?, 'user', ?, 'user', ?)
insert into resource_info(resource_id, resource_info_type_id, value,create_user, create_date, modify_user, modify_date) VALUES (?, ?, ?, 'user', ?, 'user', ?)
insert into resource_info(resource_id, resource_info_type_id, value,create_user, create_date, modify_user, modify_date) VALUES (?, ?, ?, 'user', ?, 'user', ?)
INSERT INTO resource (resource_id, resource_role_id, project_id, project_phase_id,create_user, create_date, modify_user, modify_date) VALUES (?, ?, ?, ?, 'user', ?, 'user', ?)
insert into resource_info(resource_id, resource_info_type_id, value,create_user, create_date, modify_user, modify_date) VALUES (?, ?, ?, 'user', ?, 'user', ?)
INSERT INTO resource (resource_id, resource_role_id, project_id, project_phase_id,create_user, create_date, modify_user, modify_date) VALUES (?, ?, ?, ?, 'user', ?, 'user', ?)
insert into resource_info(resource_id, resource_info_type_id, value,create_user, create_date, modify_user, modify_date) VALUES (?, ?, ?, 'user', ?, 'user', ?)
:->>> INFO :- [EmailEngine.java:379] - Getting configuration for Email Engine...
:->>> INFO :- [EmailEngine.java:486] - Adding message headers...
:->>> INFO :- [EmailEngine.java:379] - Getting configuration for Email Engine...
:->>> INFO :- [EmailEngine.java:486] - Adding message headers...
:->>> INFO :- [EmailEngine.java:379] - Getting configuration for Email Engine...
:->>> INFO :- [EmailEngine.java:486] - Adding message headers...
insert into notification(project_id, external_ref_id, notification_type_id,create_user, create_date, modify_user, modify_date) values (1, 1, 1, 'user', ?, 'user', ?)
insert into notification(project_id, external_ref_id, notification_type_id,create_user, create_date, modify_user, modify_date) values (1, 2, 1, 'user', ?, 'user', ?)
insert into notification(project_id, external_ref_id, notification_type_id,create_user, create_date, modify_user, modify_date) values (1, 3, 1, 'user', ?, 'user', ?)
insert into notification(project_id, external_ref_id, notification_type_id,create_user, create_date, modify_user, modify_date) values (1, 4, 1, 'user', ?, 'user', ?)
insert into notification(project_id, external_ref_id, notification_type_id,create_user, create_date, modify_user, modify_date) values (1, 5, 1, 'user', ?, 'user', ?)
insert into user(user_id, first_name, last_name, handle, status)values (1, 'babut', 'guy', 'babut', 'ON')
insert into user_rating(user_id, phase_id) values (1, 112)
insert into email(user_id, email_id, address, primary_ind) values (1, 1, 'email1.topcoder@gmail.com', 1)
insert into user(user_id, first_name, last_name, handle, status)values (2, 'abc', 'xyz', 'wishingbone', 'ON')
insert into user_rating(user_id, phase_id) values (2, 112)
insert into email(user_id, email_id, address, primary_ind) values (2, 2, 'email2.topcoder@gmail.com', 1)
insert into user(user_id, first_name, last_name, handle, status)values (3, 'abc', 'xyz', 'developer', 'ON')
insert into user_rating(user_id, phase_id) values (3, 112)
insert into email(user_id, email_id, address, primary_ind) values (3, 3, 'email3.topcoder@gmail.com', 1)
insert into user(user_id, first_name, last_name, handle, status)values (4, 'Allen', 'Iverson', 'I3', 'ON')
insert into user_rating(user_id, phase_id) values (4, 112)
insert into email(user_id, email_id, address, primary_ind) values (4, 4, 'email4.topcoder@gmail.com', 1)
insert into user(user_id, first_name, last_name, handle, status)values (5, 'John', 'Lennon', 'lennon', 'ON')
insert into user_rating(user_id, phase_id) values (5, 112)
insert into email(user_id, email_id, address, primary_ind) values (5, 5, 'email5.topcoder@gmail.com', 1)
INSERT INTO resource (resource_id, resource_role_id, project_id, project_phase_id,create_user, create_date, modify_user, modify_date) VALUES (?, ?, ?, ?, 'user', ?, 'user', ?)
INSERT INTO resource (resource_id, resource_role_id, project_id, project_phase_id,create_user, create_date, modify_user, modify_date) VALUES (?, ?, ?, ?, 'user', ?, 'user', ?)
INSERT INTO resource (resource_id, resource_role_id, project_id, project_phase_id,create_user, create_date, modify_user, modify_date) VALUES (?, ?, ?, ?, 'user', ?, 'user', ?)
INSERT INTO resource (resource_id, resource_role_id, project_id, project_phase_id,create_user, create_date, modify_user, modify_date) VALUES (?, ?, ?, ?, 'user', ?, 'user', ?)
insert into resource_info(resource_id, resource_info_type_id, value,create_user, create_date, modify_user, modify_date) VALUES (?, ?, ?, 'user', ?, 'user', ?)
insert into resource_info(resource_id, resource_info_type_id, value,create_user, create_date, modify_user, modify_date) VALUES (?, ?, ?, 'user', ?, 'user', ?)
insert into resource_info(resource_id, resource_info_type_id, value,create_user, create_date, modify_user, modify_date) VALUES (?, ?, ?, 'user', ?, 'user', ?)
insert into resource_info(resource_id, resource_info_type_id, value,create_user, create_date, modify_user, modify_date) VALUES (?, ?, ?, 'user', ?, 'user', ?)
INSERT INTO resource (resource_id, resource_role_id, project_id, project_phase_id,create_user, create_date, modify_user, modify_date) VALUES (?, ?, ?, ?, 'user', ?, 'user', ?)
insert into resource_info(resource_id, resource_info_type_id, value,create_user, create_date, modify_user, modify_date) VALUES (?, ?, ?, 'user', ?, 'user', ?)
INSERT INTO resource (resource_id, resource_role_id, project_id, project_phase_id,create_user, create_date, modify_user, modify_date) VALUES (?, ?, ?, ?, 'user', ?, 'user', ?)
insert into resource_info(resource_id, resource_info_type_id, value,create_user, create_date, modify_user, modify_date) VALUES (?, ?, ?, 'user', ?, 'user', ?)
INSERT INTO resource (resource_id, resource_role_id, project_id, project_phase_id,create_user, create_date, modify_user, modify_date) VALUES (?, ?, ?, ?, 'user', ?, 'user', ?)
insert into resource_info(resource_id, resource_info_type_id, value,create_user, create_date, modify_user, modify_date) VALUES (?, ?, ?, 'user', ?, 'user', ?)
insert into resource_info(resource_id, resource_info_type_id, value,create_user, create_date, modify_user, modify_date) VALUES (?, ?, ?, 'user', ?, 'user', ?)
insert into resource_info(resource_id, resource_info_type_id, value,create_user, create_date, modify_user, modify_date) VALUES (?, ?, ?, 'user', ?, 'user', ?)
insert into resource_info(resource_id, resource_info_type_id, value,create_user, create_date, modify_user, modify_date) VALUES (?, ?, ?, 'user', ?, 'user', ?)
:->>> INFO :- [EmailEngine.java:379] - Getting configuration for Email Engine...
:->>> INFO :- [EmailEngine.java:486] - Adding message headers...
:->>> INFO :- [EmailEngine.java:379] - Getting configuration for Email Engine...
:->>> INFO :- [EmailEngine.java:486] - Adding message headers...
:->>> INFO :- [EmailEngine.java:379] - Getting configuration for Email Engine...
:->>> INFO :- [EmailEngine.java:486] - Adding message headers...
:->>> INFO :- [EmailEngine.java:379] - Getting configuration for Email Engine...
:->>> INFO :- [EmailEngine.java:486] - Adding message headers...
:->>> INFO :- [EmailEngine.java:379] - Getting configuration for Email Engine...
:->>> INFO :- [EmailEngine.java:486] - Adding message headers...
:->>> INFO :- [EmailEngine.java:379] - Getting configuration for Email Engine...
:->>> INFO :- [EmailEngine.java:486] - Adding message headers...
:->>> INFO :- [EmailEngine.java:379] - Getting configuration for Email Engine...
:->>> INFO :- [EmailEngine.java:486] - Adding message headers...
:->>> INFO :- [EmailEngine.java:379] - Getting configuration for Email Engine...
:->>> INFO :- [EmailEngine.java:486] - Adding message headers...
insert into notification(project_id, external_ref_id, notification_type_id,create_user, create_date, modify_user, modify_date) values (1, 1, 1, 'user', ?, 'user', ?)
insert into notification(project_id, external_ref_id, notification_type_id,create_user, create_date, modify_user, modify_date) values (1, 2, 1, 'user', ?, 'user', ?)
insert into notification(project_id, external_ref_id, notification_type_id,create_user, create_date, modify_user, modify_date) values (1, 3, 1, 'user', ?, 'user', ?)
insert into notification(project_id, external_ref_id, notification_type_id,create_user, create_date, modify_user, modify_date) values (1, 4, 1, 'user', ?, 'user', ?)
insert into notification(project_id, external_ref_id, notification_type_id,create_user, create_date, modify_user, modify_date) values (1, 5, 1, 'user', ?, 'user', ?)
insert into user(user_id, first_name, last_name, handle, status)values (1, 'babut', 'guy', 'babut', 'ON')
insert into user_rating(user_id, phase_id) values (1, 112)
insert into email(user_id, email_id, address, primary_ind) values (1, 1, 'email1.topcoder@gmail.com', 1)
insert into user(user_id, first_name, last_name, handle, status)values (2, 'abc', 'xyz', 'wishingbone', 'ON')
insert into user_rating(user_id, phase_id) values (2, 112)
insert into email(user_id, email_id, address, primary_ind) values (2, 2, 'email2.topcoder@gmail.com', 1)
insert into user(user_id, first_name, last_name, handle, status)values (3, 'abc', 'xyz', 'developer', 'ON')
insert into user_rating(user_id, phase_id) values (3, 112)
insert into email(user_id, email_id, address, primary_ind) values (3, 3, 'email3.topcoder@gmail.com', 1)
insert into user(user_id, first_name, last_name, handle, status)values (4, 'Allen', 'Iverson', 'I3', 'ON')
insert into user_rating(user_id, phase_id) values (4, 112)
insert into email(user_id, email_id, address, primary_ind) values (4, 4, 'email4.topcoder@gmail.com', 1)
insert into user(user_id, first_name, last_name, handle, status)values (5, 'John', 'Lennon', 'lennon', 'ON')
insert into user_rating(user_id, phase_id) values (5, 112)
insert into email(user_id, email_id, address, primary_ind) values (5, 5, 'email5.topcoder@gmail.com', 1)
INSERT INTO resource (resource_id, resource_role_id, project_id, project_phase_id,create_user, create_date, modify_user, modify_date) VALUES (?, ?, ?, ?, 'user', ?, 'user', ?)
INSERT INTO resource (resource_id, resource_role_id, project_id, project_phase_id,create_user, create_date, modify_user, modify_date) VALUES (?, ?, ?, ?, 'user', ?, 'user', ?)
INSERT INTO resource (resource_id, resource_role_id, project_id, project_phase_id,create_user, create_date, modify_user, modify_date) VALUES (?, ?, ?, ?, 'user', ?, 'user', ?)
INSERT INTO resource (resource_id, resource_role_id, project_id, project_phase_id,create_user, create_date, modify_user, modify_date) VALUES (?, ?, ?, ?, 'user', ?, 'user', ?)
insert into resource_info(resource_id, resource_info_type_id, value,create_user, create_date, modify_user, modify_date) VALUES (?, ?, ?, 'user', ?, 'user', ?)
insert into resource_info(resource_id, resource_info_type_id, value,create_user, create_date, modify_user, modify_date) VALUES (?, ?, ?, 'user', ?, 'user', ?)
insert into resource_info(resource_id, resource_info_type_id, value,create_user, create_date, modify_user, modify_date) VALUES (?, ?, ?, 'user', ?, 'user', ?)
insert into resource_info(resource_id, resource_info_type_id, value,create_user, create_date, modify_user, modify_date) VALUES (?, ?, ?, 'user', ?, 'user', ?)
INSERT INTO resource (resource_id, resource_role_id, project_id, project_phase_id,create_user, create_date, modify_user, modify_date) VALUES (?, ?, ?, ?, 'user', ?, 'user', ?)
insert into resource_info(resource_id, resource_info_type_id, value,create_user, create_date, modify_user, modify_date) VALUES (?, ?, ?, 'user', ?, 'user', ?)
insert into resource_info(resource_id, resource_info_type_id, value,create_user, create_date, modify_user, modify_date) VALUES (?, ?, ?, 'user', ?, 'user', ?)
insert into resource_info(resource_id, resource_info_type_id, value,create_user, create_date, modify_user, modify_date) VALUES (?, ?, ?, 'user', ?, 'user', ?)
insert into resource_info(resource_id, resource_info_type_id, value,create_user, create_date, modify_user, modify_date) VALUES (?, ?, ?, 'user', ?, 'user', ?)
INSERT INTO resource (resource_id, resource_role_id, project_id, project_phase_id,create_user, create_date, modify_user, modify_date) VALUES (?, ?, ?, ?, 'user', ?, 'user', ?)
insert into resource_info(resource_id, resource_info_type_id, value,create_user, create_date, modify_user, modify_date) VALUES (?, ?, ?, 'user', ?, 'user', ?)
INSERT INTO resource (resource_id, resource_role_id, project_id, project_phase_id,create_user, create_date, modify_user, modify_date) VALUES (?, ?, ?, ?, 'user', ?, 'user', ?)
insert into resource_info(resource_id, resource_info_type_id, value,create_user, create_date, modify_user, modify_date) VALUES (?, ?, ?, 'user', ?, 'user', ?)
:->>> INFO :- [EmailEngine.java:379] - Getting configuration for Email Engine...
:->>> INFO :- [EmailEngine.java:486] - Adding message headers...
:->>> INFO :- [EmailEngine.java:379] - Getting configuration for Email Engine...
:->>> INFO :- [EmailEngine.java:486] - Adding message headers...
:->>> INFO :- [EmailEngine.java:379] - Getting configuration for Email Engine...
:->>> INFO :- [EmailEngine.java:486] - Adding message headers...
insert into project_phase(project_phase_id, project_id, phase_type_id, phase_status_id,scheduled_start_time, scheduled_end_time, duration, create_user, create_date, modify_user, modify_date)values (?, 1, ?, 1, ?, ?, ?, 'user', ?, 'user', ?)
insert into project_phase(project_phase_id, project_id, phase_type_id, phase_status_id,scheduled_start_time, scheduled_end_time, duration, create_user, create_date, modify_user, modify_date)values (?, 1, ?, 1, ?, ?, ?, 'user', ?, 'user', ?)
insert into project_phase(project_phase_id, project_id, phase_type_id, phase_status_id,scheduled_start_time, scheduled_end_time, duration, create_user, create_date, modify_user, modify_date)values (?, 1, ?, 1, ?, ?, ?, 'user', ?, 'user', ?)
insert into project_phase(project_phase_id, project_id, phase_type_id, phase_status_id,scheduled_start_time, scheduled_end_time, duration, create_user, create_date, modify_user, modify_date)values (?, 1, ?, 1, ?, ?, ?, 'user', ?, 'user', ?)
insert into project_phase(project_phase_id, project_id, phase_type_id, phase_status_id,scheduled_start_time, scheduled_end_time, duration, create_user, create_date, modify_user, modify_date)values (?, 1, ?, 1, ?, ?, ?, 'user', ?, 'user', ?)
insert into project_phase(project_phase_id, project_id, phase_type_id, phase_status_id,scheduled_start_time, scheduled_end_time, duration, create_user, create_date, modify_user, modify_date)values (?, 1, ?, 1, ?, ?, ?, 'user', ?, 'user', ?)
insert into project_phase(project_phase_id, project_id, phase_type_id, phase_status_id,scheduled_start_time, scheduled_end_time, duration, create_user, create_date, modify_user, modify_date)values (?, 1, ?, 1, ?, ?, ?, 'user', ?, 'user', ?)
insert into project_phase(project_phase_id, project_id, phase_type_id, phase_status_id,scheduled_start_time, scheduled_end_time, duration, create_user, create_date, modify_user, modify_date)values (?, 1, ?, 1, ?, ?, ?, 'user', ?, 'user', ?)
insert into project_phase(project_phase_id, project_id, phase_type_id, phase_status_id,scheduled_start_time, scheduled_end_time, duration, create_user, create_date, modify_user, modify_date)values (?, 1, ?, 1, ?, ?, ?, 'user', ?, 'user', ?)
insert into project_phase(project_phase_id, project_id, phase_type_id, phase_status_id,scheduled_start_time, scheduled_end_time, duration, create_user, create_date, modify_user, modify_date)values (?, 1, ?, 1, ?, ?, ?, 'user', ?, 'user', ?)
insert into project_phase(project_phase_id, project_id, phase_type_id, phase_status_id,scheduled_start_time, scheduled_end_time, duration, create_user, create_date, modify_user, modify_date)values (?, 1, ?, 1, ?, ?, ?, 'user', ?, 'user', ?)
INSERT INTO phase_dependency (dependency_phase_id, dependent_phase_id, dependency_start, dependent_start, lag_time, create_user, create_date, modify_user, modify_date)VALUES (?, ?, ?, ?, ?, 'user', ?, 'user', ?)
INSERT INTO phase_dependency (dependency_phase_id, dependent_phase_id, dependency_start, dependent_start, lag_time, create_user, create_date, modify_user, modify_date)VALUES (?, ?, ?, ?, ?, 'user', ?, 'user', ?)
INSERT INTO phase_dependency (dependency_phase_id, dependent_phase_id, dependency_start, dependent_start, lag_time, create_user, create_date, modify_user, modify_date)VALUES (?, ?, ?, ?, ?, 'user', ?, 'user', ?)
INSERT INTO phase_dependency (dependency_phase_id, dependent_phase_id, dependency_start, dependent_start, lag_time, create_user, create_date, modify_user, modify_date)VALUES (?, ?, ?, ?, ?, 'user', ?, 'user', ?)
INSERT INTO phase_dependency (dependency_phase_id, dependent_phase_id, dependency_start, dependent_start, lag_time, create_user, create_date, modify_user, modify_date)VALUES (?, ?, ?, ?, ?, 'user', ?, 'user', ?)
INSERT INTO phase_dependency (dependency_phase_id, dependent_phase_id, dependency_start, dependent_start, lag_time, create_user, create_date, modify_user, modify_date)VALUES (?, ?, ?, ?, ?, 'user', ?, 'user', ?)
INSERT INTO phase_dependency (dependency_phase_id, dependent_phase_id, dependency_start, dependent_start, lag_time, create_user, create_date, modify_user, modify_date)VALUES (?, ?, ?, ?, ?, 'user', ?, 'user', ?)
INSERT INTO phase_dependency (dependency_phase_id, dependent_phase_id, dependency_start, dependent_start, lag_time, create_user, create_date, modify_user, modify_date)VALUES (?, ?, ?, ?, ?, 'user', ?, 'user', ?)
INSERT INTO phase_dependency (dependency_phase_id, dependent_phase_id, dependency_start, dependent_start, lag_time, create_user, create_date, modify_user, modify_date)VALUES (?, ?, ?, ?, ?, 'user', ?, 'user', ?)
INSERT INTO phase_dependency (dependency_phase_id, dependent_phase_id, dependency_start, dependent_start, lag_time, create_user, create_date, modify_user, modify_date)VALUES (?, ?, ?, ?, ?, 'user', ?, 'user', ?)
insert into notification(project_id, external_ref_id, notification_type_id,create_user, create_date, modify_user, modify_date) values (1, 1, 1, 'user', ?, 'user', ?)
insert into notification(project_id, external_ref_id, notification_type_id,create_user, create_date, modify_user, modify_date) values (1, 2, 1, 'user', ?, 'user', ?)
insert into notification(project_id, external_ref_id, notification_type_id,create_user, create_date, modify_user, modify_date) values (1, 3, 1, 'user', ?, 'user', ?)
insert into notification(project_id, external_ref_id, notification_type_id,create_user, create_date, modify_user, modify_date) values (1, 4, 1, 'user', ?, 'user', ?)
insert into notification(project_id, external_ref_id, notification_type_id,create_user, create_date, modify_user, modify_date) values (1, 5, 1, 'user', ?, 'user', ?)
insert into user(user_id, first_name, last_name, handle, status)values (1, 'babut', 'guy', 'babut', 'ON')
insert into user_rating(user_id, phase_id) values (1, 112)
insert into email(user_id, email_id, address, primary_ind) values (1, 1, 'email1.topcoder@gmail.com', 1)
insert into user(user_id, first_name, last_name, handle, status)values (2, 'abc', 'xyz', 'wishingbone', 'ON')
insert into user_rating(user_id, phase_id) values (2, 112)
insert into email(user_id, email_id, address, primary_ind) values (2, 2, 'email2.topcoder@gmail.com', 1)
insert into user(user_id, first_name, last_name, handle, status)values (3, 'abc', 'xyz', 'developer', 'ON')
insert into user_rating(user_id, phase_id) values (3, 112)
insert into email(user_id, email_id, address, primary_ind) values (3, 3, 'email3.topcoder@gmail.com', 1)
insert into user(user_id, first_name, last_name, handle, status)values (4, 'Allen', 'Iverson', 'I3', 'ON')
insert into user_rating(user_id, phase_id) values (4, 112)
insert into email(user_id, email_id, address, primary_ind) values (4, 4, 'email4.topcoder@gmail.com', 1)
insert into user(user_id, first_name, last_name, handle, status)values (5, 'John', 'Lennon', 'lennon', 'ON')
insert into user_rating(user_id, phase_id) values (5, 112)
insert into email(user_id, email_id, address, primary_ind) values (5, 5, 'email5.topcoder@gmail.com', 1)
INSERT INTO resource (resource_id, resource_role_id, project_id, project_phase_id,create_user, create_date, modify_user, modify_date) VALUES (?, ?, ?, ?, 'user', ?, 'user', ?)
INSERT INTO resource (resource_id, resource_role_id, project_id, project_phase_id,create_user, create_date, modify_user, modify_date) VALUES (?, ?, ?, ?, 'user', ?, 'user', ?)
INSERT INTO resource (resource_id, resource_role_id, project_id, project_phase_id,create_user, create_date, modify_user, modify_date) VALUES (?, ?, ?, ?, 'user', ?, 'user', ?)
INSERT INTO resource (resource_id, resource_role_id, project_id, project_phase_id,create_user, create_date, modify_user, modify_date) VALUES (?, ?, ?, ?, 'user', ?, 'user', ?)
insert into resource_info(resource_id, resource_info_type_id, value,create_user, create_date, modify_user, modify_date) VALUES (?, ?, ?, 'user', ?, 'user', ?)
insert into resource_info(resource_id, resource_info_type_id, value,create_user, create_date, modify_user, modify_date) VALUES (?, ?, ?, 'user', ?, 'user', ?)
insert into resource_info(resource_id, resource_info_type_id, value,create_user, create_date, modify_user, modify_date) VALUES (?, ?, ?, 'user', ?, 'user', ?)
insert into resource_info(resource_id, resource_info_type_id, value,create_user, create_date, modify_user, modify_date) VALUES (?, ?, ?, 'user', ?, 'user', ?)
:->>> INFO :- [EmailEngine.java:379] - Getting configuration for Email Engine...
:->>> INFO :- [EmailEngine.java:486] - Adding message headers...
:->>> INFO :- [EmailEngine.java:379] - Getting configuration for Email Engine...
:->>> INFO :- [EmailEngine.java:486] - Adding message headers...
INSERT INTO resource (resource_id, resource_role_id, project_id, project_phase_id,create_user, create_date, modify_user, modify_date) VALUES (?, ?, ?, ?, 'user', ?, 'user', ?)
insert into resource_info(resource_id, resource_info_type_id, value,create_user, create_date, modify_user, modify_date) VALUES (?, ?, ?, 'user', ?, 'user', ?)
INSERT INTO resource (resource_id, resource_role_id, project_id, project_phase_id,create_user, create_date, modify_user, modify_date) VALUES (?, ?, ?, ?, 'user', ?, 'user', ?)
insert into resource_info(resource_id, resource_info_type_id, value,create_user, create_date, modify_user, modify_date) VALUES (?, ?, ?, 'user', ?, 'user', ?)
insert into notification(project_id, external_ref_id, notification_type_id,create_user, create_date, modify_user, modify_date) values (1, 1, 1, 'user', ?, 'user', ?)
insert into notification(project_id, external_ref_id, notification_type_id,create_user, create_date, modify_user, modify_date) values (1, 2, 1, 'user', ?, 'user', ?)
insert into notification(project_id, external_ref_id, notification_type_id,create_user, create_date, modify_user, modify_date) values (1, 3, 1, 'user', ?, 'user', ?)
insert into notification(project_id, external_ref_id, notification_type_id,create_user, create_date, modify_user, modify_date) values (1, 4, 1, 'user', ?, 'user', ?)
insert into notification(project_id, external_ref_id, notification_type_id,create_user, create_date, modify_user, modify_date) values (1, 5, 1, 'user', ?, 'user', ?)
insert into user(user_id, first_name, last_name, handle, status)values (1, 'babut', 'guy', 'babut', 'ON')
insert into user_rating(user_id, phase_id) values (1, 112)
insert into email(user_id, email_id, address, primary_ind) values (1, 1, 'email1.topcoder@gmail.com', 1)
insert into user(user_id, first_name, last_name, handle, status)values (2, 'abc', 'xyz', 'wishingbone', 'ON')
insert into user_rating(user_id, phase_id) values (2, 112)
insert into email(user_id, email_id, address, primary_ind) values (2, 2, 'email2.topcoder@gmail.com', 1)
insert into user(user_id, first_name, last_name, handle, status)values (3, 'abc', 'xyz', 'developer', 'ON')
insert into user_rating(user_id, phase_id) values (3, 112)
insert into email(user_id, email_id, address, primary_ind) values (3, 3, 'email3.topcoder@gmail.com', 1)
insert into user(user_id, first_name, last_name, handle, status)values (4, 'Allen', 'Iverson', 'I3', 'ON')
insert into user_rating(user_id, phase_id) values (4, 112)
insert into email(user_id, email_id, address, primary_ind) values (4, 4, 'email4.topcoder@gmail.com', 1)
insert into user(user_id, first_name, last_name, handle, status)values (5, 'John', 'Lennon', 'lennon', 'ON')
insert into user_rating(user_id, phase_id) values (5, 112)
insert into email(user_id, email_id, address, primary_ind) values (5, 5, 'email5.topcoder@gmail.com', 1)
INSERT INTO resource (resource_id, resource_role_id, project_id, project_phase_id,create_user, create_date, modify_user, modify_date) VALUES (?, ?, ?, ?, 'user', ?, 'user', ?)
INSERT INTO resource (resource_id, resource_role_id, project_id, project_phase_id,create_user, create_date, modify_user, modify_date) VALUES (?, ?, ?, ?, 'user', ?, 'user', ?)
INSERT INTO resource (resource_id, resource_role_id, project_id, project_phase_id,create_user, create_date, modify_user, modify_date) VALUES (?, ?, ?, ?, 'user', ?, 'user', ?)
INSERT INTO resource (resource_id, resource_role_id, project_id, project_phase_id,create_user, create_date, modify_user, modify_date) VALUES (?, ?, ?, ?, 'user', ?, 'user', ?)
insert into resource_info(resource_id, resource_info_type_id, value,create_user, create_date, modify_user, modify_date) VALUES (?, ?, ?, 'user', ?, 'user', ?)
insert into resource_info(resource_id, resource_info_type_id, value,create_user, create_date, modify_user, modify_date) VALUES (?, ?, ?, 'user', ?, 'user', ?)
insert into resource_info(resource_id, resource_info_type_id, value,create_user, create_date, modify_user, modify_date) VALUES (?, ?, ?, 'user', ?, 'user', ?)
insert into resource_info(resource_id, resource_info_type_id, value,create_user, create_date, modify_user, modify_date) VALUES (?, ?, ?, 'user', ?, 'user', ?)
INSERT INTO resource (resource_id, resource_role_id, project_id, project_phase_id,create_user, create_date, modify_user, modify_date) VALUES (?, ?, ?, ?, 'user', ?, 'user', ?)
insert into resource_info(resource_id, resource_info_type_id, value,create_user, create_date, modify_user, modify_date) VALUES (?, ?, ?, 'user', ?, 'user', ?)
:->>> INFO :- [EmailEngine.java:379] - Getting configuration for Email Engine...
:->>> INFO :- [EmailEngine.java:486] - Adding message headers...
:->>> INFO :- [EmailEngine.java:379] - Getting configuration for Email Engine...
:->>> INFO :- [EmailEngine.java:486] - Adding message headers...
insert into notification(project_id, external_ref_id, notification_type_id,create_user, create_date, modify_user, modify_date) values (1, 1, 1, 'user', ?, 'user', ?)
insert into notification(project_id, external_ref_id, notification_type_id,create_user, create_date, modify_user, modify_date) values (1, 2, 1, 'user', ?, 'user', ?)
insert into notification(project_id, external_ref_id, notification_type_id,create_user, create_date, modify_user, modify_date) values (1, 3, 1, 'user', ?, 'user', ?)
insert into notification(project_id, external_ref_id, notification_type_id,create_user, create_date, modify_user, modify_date) values (1, 4, 1, 'user', ?, 'user', ?)
insert into notification(project_id, external_ref_id, notification_type_id,create_user, create_date, modify_user, modify_date) values (1, 5, 1, 'user', ?, 'user', ?)
insert into user(user_id, first_name, last_name, handle, status)values (1, 'babut', 'guy', 'babut', 'ON')
insert into user_rating(user_id, phase_id) values (1, 112)
insert into email(user_id, email_id, address, primary_ind) values (1, 1, 'email1.topcoder@gmail.com', 1)
insert into user(user_id, first_name, last_name, handle, status)values (2, 'abc', 'xyz', 'wishingbone', 'ON')
insert into user_rating(user_id, phase_id) values (2, 112)
insert into email(user_id, email_id, address, primary_ind) values (2, 2, 'email2.topcoder@gmail.com', 1)
insert into user(user_id, first_name, last_name, handle, status)values (3, 'abc', 'xyz', 'developer', 'ON')
insert into user_rating(user_id, phase_id) values (3, 112)
insert into email(user_id, email_id, address, primary_ind) values (3, 3, 'email3.topcoder@gmail.com', 1)
insert into user(user_id, first_name, last_name, handle, status)values (4, 'Allen', 'Iverson', 'I3', 'ON')
insert into user_rating(user_id, phase_id) values (4, 112)
insert into email(user_id, email_id, address, primary_ind) values (4, 4, 'email4.topcoder@gmail.com', 1)
insert into user(user_id, first_name, last_name, handle, status)values (5, 'John', 'Lennon', 'lennon', 'ON')
insert into user_rating(user_id, phase_id) values (5, 112)
insert into email(user_id, email_id, address, primary_ind) values (5, 5, 'email5.topcoder@gmail.com', 1)
INSERT INTO resource (resource_id, resource_role_id, project_id, project_phase_id,create_user, create_date, modify_user, modify_date) VALUES (?, ?, ?, ?, 'user', ?, 'user', ?)
INSERT INTO resource (resource_id, resource_role_id, project_id, project_phase_id,create_user, create_date, modify_user, modify_date) VALUES (?, ?, ?, ?, 'user', ?, 'user', ?)
INSERT INTO resource (resource_id, resource_role_id, project_id, project_phase_id,create_user, create_date, modify_user, modify_date) VALUES (?, ?, ?, ?, 'user', ?, 'user', ?)
INSERT INTO resource (resource_id, resource_role_id, project_id, project_phase_id,create_user, create_date, modify_user, modify_date) VALUES (?, ?, ?, ?, 'user', ?, 'user', ?)
insert into resource_info(resource_id, resource_info_type_id, value,create_user, create_date, modify_user, modify_date) VALUES (?, ?, ?, 'user', ?, 'user', ?)
insert into resource_info(resource_id, resource_info_type_id, value,create_user, create_date, modify_user, modify_date) VALUES (?, ?, ?, 'user', ?, 'user', ?)
insert into resource_info(resource_id, resource_info_type_id, value,create_user, create_date, modify_user, modify_date) VALUES (?, ?, ?, 'user', ?, 'user', ?)
insert into resource_info(resource_id, resource_info_type_id, value,create_user, create_date, modify_user, modify_date) VALUES (?, ?, ?, 'user', ?, 'user', ?)
INSERT INTO resource (resource_id, resource_role_id, project_id, project_phase_id,create_user, create_date, modify_user, modify_date) VALUES (?, ?, ?, ?, 'user', ?, 'user', ?)
insert into resource_info(resource_id, resource_info_type_id, value,create_user, create_date, modify_user, modify_date) VALUES (?, ?, ?, 'user', ?, 'user', ?)
:->>> INFO :- [EmailEngine.java:379] - Getting configuration for Email Engine...
:->>> INFO :- [EmailEngine.java:486] - Adding message headers...
:->>> INFO :- [EmailEngine.java:379] - Getting configuration for Email Engine...
:->>> INFO :- [EmailEngine.java:486] - Adding message headers...
insert into notification(project_id, external_ref_id, notification_type_id,create_user, create_date, modify_user, modify_date) values (1, 1, 1, 'user', ?, 'user', ?)
insert into notification(project_id, external_ref_id, notification_type_id,create_user, create_date, modify_user, modify_date) values (1, 2, 1, 'user', ?, 'user', ?)
insert into notification(project_id, external_ref_id, notification_type_id,create_user, create_date, modify_user, modify_date) values (1, 3, 1, 'user', ?, 'user', ?)
insert into notification(project_id, external_ref_id, notification_type_id,create_user, create_date, modify_user, modify_date) values (1, 4, 1, 'user', ?, 'user', ?)
insert into notification(project_id, external_ref_id, notification_type_id,create_user, create_date, modify_user, modify_date) values (1, 5, 1, 'user', ?, 'user', ?)
insert into user(user_id, first_name, last_name, handle, status)values (1, 'babut', 'guy', 'babut', 'ON')
insert into user_rating(user_id, phase_id) values (1, 112)
insert into email(user_id, email_id, address, primary_ind) values (1, 1, 'email1.topcoder@gmail.com', 1)
insert into user(user_id, first_name, last_name, handle, status)values (2, 'abc', 'xyz', 'wishingbone', 'ON')
insert into user_rating(user_id, phase_id) values (2, 112)
insert into email(user_id, email_id, address, primary_ind) values (2, 2, 'email2.topcoder@gmail.com', 1)
insert into user(user_id, first_name, last_name, handle, status)values (3, 'abc', 'xyz', 'developer', 'ON')
insert into user_rating(user_id, phase_id) values (3, 112)
insert into email(user_id, email_id, address, primary_ind) values (3, 3, 'email3.topcoder@gmail.com', 1)
insert into user(user_id, first_name, last_name, handle, status)values (4, 'Allen', 'Iverson', 'I3', 'ON')
insert into user_rating(user_id, phase_id) values (4, 112)
insert into email(user_id, email_id, address, primary_ind) values (4, 4, 'email4.topcoder@gmail.com', 1)
insert into user(user_id, first_name, last_name, handle, status)values (5, 'John', 'Lennon', 'lennon', 'ON')
insert into user_rating(user_id, phase_id) values (5, 112)
insert into email(user_id, email_id, address, primary_ind) values (5, 5, 'email5.topcoder@gmail.com', 1)
INSERT INTO resource (resource_id, resource_role_id, project_id, project_phase_id,create_user, create_date, modify_user, modify_date) VALUES (?, ?, ?, ?, 'user', ?, 'user', ?)
INSERT INTO resource (resource_id, resource_role_id, project_id, project_phase_id,create_user, create_date, modify_user, modify_date) VALUES (?, ?, ?, ?, 'user', ?, 'user', ?)
INSERT INTO resource (resource_id, resource_role_id, project_id, project_phase_id,create_user, create_date, modify_user, modify_date) VALUES (?, ?, ?, ?, 'user', ?, 'user', ?)
INSERT INTO resource (resource_id, resource_role_id, project_id, project_phase_id,create_user, create_date, modify_user, modify_date) VALUES (?, ?, ?, ?, 'user', ?, 'user', ?)
insert into resource_info(resource_id, resource_info_type_id, value,create_user, create_date, modify_user, modify_date) VALUES (?, ?, ?, 'user', ?, 'user', ?)
insert into resource_info(resource_id, resource_info_type_id, value,create_user, create_date, modify_user, modify_date) VALUES (?, ?, ?, 'user', ?, 'user', ?)
insert into resource_info(resource_id, resource_info_type_id, value,create_user, create_date, modify_user, modify_date) VALUES (?, ?, ?, 'user', ?, 'user', ?)
insert into resource_info(resource_id, resource_info_type_id, value,create_user, create_date, modify_user, modify_date) VALUES (?, ?, ?, 'user', ?, 'user', ?)
:->>> INFO :- [EmailEngine.java:379] - Getting configuration for Email Engine...
:->>> INFO :- [EmailEngine.java:486] - Adding message headers...
insert into notification(project_id, external_ref_id, notification_type_id,create_user, create_date, modify_user, modify_date) values (1, 1, 1, 'user', ?, 'user', ?)
insert into notification(project_id, external_ref_id, notification_type_id,create_user, create_date, modify_user, modify_date) values (1, 2, 1, 'user', ?, 'user', ?)
insert into notification(project_id, external_ref_id, notification_type_id,create_user, create_date, modify_user, modify_date) values (1, 3, 1, 'user', ?, 'user', ?)
insert into notification(project_id, external_ref_id, notification_type_id,create_user, create_date, modify_user, modify_date) values (1, 4, 1, 'user', ?, 'user', ?)
insert into notification(project_id, external_ref_id, notification_type_id,create_user, create_date, modify_user, modify_date) values (1, 5, 1, 'user', ?, 'user', ?)
insert into user(user_id, first_name, last_name, handle, status)values (1, 'babut', 'guy', 'babut', 'ON')
insert into user_rating(user_id, phase_id) values (1, 112)
insert into email(user_id, email_id, address, primary_ind) values (1, 1, 'email1.topcoder@gmail.com', 1)
insert into user(user_id, first_name, last_name, handle, status)values (2, 'abc', 'xyz', 'wishingbone', 'ON')
insert into user_rating(user_id, phase_id) values (2, 112)
insert into email(user_id, email_id, address, primary_ind) values (2, 2, 'email2.topcoder@gmail.com', 1)
insert into user(user_id, first_name, last_name, handle, status)values (3, 'abc', 'xyz', 'developer', 'ON')
insert into user_rating(user_id, phase_id) values (3, 112)
insert into email(user_id, email_id, address, primary_ind) values (3, 3, 'email3.topcoder@gmail.com', 1)
insert into user(user_id, first_name, last_name, handle, status)values (4, 'Allen', 'Iverson', 'I3', 'ON')
insert into user_rating(user_id, phase_id) values (4, 112)
insert into email(user_id, email_id, address, primary_ind) values (4, 4, 'email4.topcoder@gmail.com', 1)
insert into user(user_id, first_name, last_name, handle, status)values (5, 'John', 'Lennon', 'lennon', 'ON')
insert into user_rating(user_id, phase_id) values (5, 112)
insert into email(user_id, email_id, address, primary_ind) values (5, 5, 'email5.topcoder@gmail.com', 1)
INSERT INTO resource (resource_id, resource_role_id, project_id, project_phase_id,create_user, create_date, modify_user, modify_date) VALUES (?, ?, ?, ?, 'user', ?, 'user', ?)
INSERT INTO resource (resource_id, resource_role_id, project_id, project_phase_id,create_user, create_date, modify_user, modify_date) VALUES (?, ?, ?, ?, 'user', ?, 'user', ?)
INSERT INTO resource (resource_id, resource_role_id, project_id, project_phase_id,create_user, create_date, modify_user, modify_date) VALUES (?, ?, ?, ?, 'user', ?, 'user', ?)
INSERT INTO resource (resource_id, resource_role_id, project_id, project_phase_id,create_user, create_date, modify_user, modify_date) VALUES (?, ?, ?, ?, 'user', ?, 'user', ?)
insert into resource_info(resource_id, resource_info_type_id, value,create_user, create_date, modify_user, modify_date) VALUES (?, ?, ?, 'user', ?, 'user', ?)
insert into resource_info(resource_id, resource_info_type_id, value,create_user, create_date, modify_user, modify_date) VALUES (?, ?, ?, 'user', ?, 'user', ?)
insert into resource_info(resource_id, resource_info_type_id, value,create_user, create_date, modify_user, modify_date) VALUES (?, ?, ?, 'user', ?, 'user', ?)
insert into resource_info(resource_id, resource_info_type_id, value,create_user, create_date, modify_user, modify_date) VALUES (?, ?, ?, 'user', ?, 'user', ?)
INSERT INTO resource (resource_id, resource_role_id, project_id, project_phase_id,create_user, create_date, modify_user, modify_date) VALUES (?, ?, ?, ?, 'user', ?, 'user', ?)
insert into resource_info(resource_id, resource_info_type_id, value,create_user, create_date, modify_user, modify_date) VALUES (?, ?, ?, 'user', ?, 'user', ?)
:->>> INFO :- [EmailEngine.java:379] - Getting configuration for Email Engine...
:->>> INFO :- [EmailEngine.java:486] - Adding message headers...
insert into project_phase(project_phase_id, project_id, phase_type_id, phase_status_id,scheduled_start_time, scheduled_end_time, duration, create_user, create_date, modify_user, modify_date)values (?, 1, ?, 1, ?, ?, ?, 'user', ?, 'user', ?)
insert into notification(project_id, external_ref_id, notification_type_id,create_user, create_date, modify_user, modify_date) values (1, 1, 1, 'user', ?, 'user', ?)
insert into notification(project_id, external_ref_id, notification_type_id,create_user, create_date, modify_user, modify_date) values (1, 2, 1, 'user', ?, 'user', ?)
insert into notification(project_id, external_ref_id, notification_type_id,create_user, create_date, modify_user, modify_date) values (1, 3, 1, 'user', ?, 'user', ?)
insert into notification(project_id, external_ref_id, notification_type_id,create_user, create_date, modify_user, modify_date) values (1, 4, 1, 'user', ?, 'user', ?)
insert into notification(project_id, external_ref_id, notification_type_id,create_user, create_date, modify_user, modify_date) values (1, 5, 1, 'user', ?, 'user', ?)
insert into user(user_id, first_name, last_name, handle, status)values (1, 'babut', 'guy', 'babut', 'ON')
insert into user_rating(user_id, phase_id) values (1, 112)
insert into email(user_id, email_id, address, primary_ind) values (1, 1, 'email1.topcoder@gmail.com', 1)
insert into user(user_id, first_name, last_name, handle, status)values (2, 'abc', 'xyz', 'wishingbone', 'ON')
insert into user_rating(user_id, phase_id) values (2, 112)
insert into email(user_id, email_id, address, primary_ind) values (2, 2, 'email2.topcoder@gmail.com', 1)
insert into user(user_id, first_name, last_name, handle, status)values (3, 'abc', 'xyz', 'developer', 'ON')
insert into user_rating(user_id, phase_id) values (3, 112)
insert into email(user_id, email_id, address, primary_ind) values (3, 3, 'email3.topcoder@gmail.com', 1)
insert into user(user_id, first_name, last_name, handle, status)values (4, 'Allen', 'Iverson', 'I3', 'ON')
insert into user_rating(user_id, phase_id) values (4, 112)
insert into email(user_id, email_id, address, primary_ind) values (4, 4, 'email4.topcoder@gmail.com', 1)
insert into user(user_id, first_name, last_name, handle, status)values (5, 'John', 'Lennon', 'lennon', 'ON')
insert into user_rating(user_id, phase_id) values (5, 112)
insert into email(user_id, email_id, address, primary_ind) values (5, 5, 'email5.topcoder@gmail.com', 1)
INSERT INTO resource (resource_id, resource_role_id, project_id, project_phase_id,create_user, create_date, modify_user, modify_date) VALUES (?, ?, ?, ?, 'user', ?, 'user', ?)
INSERT INTO resource (resource_id, resource_role_id, project_id, project_phase_id,create_user, create_date, modify_user, modify_date) VALUES (?, ?, ?, ?, 'user', ?, 'user', ?)
INSERT INTO resource (resource_id, resource_role_id, project_id, project_phase_id,create_user, create_date, modify_user, modify_date) VALUES (?, ?, ?, ?, 'user', ?, 'user', ?)
INSERT INTO resource (resource_id, resource_role_id, project_id, project_phase_id,create_user, create_date, modify_user, modify_date) VALUES (?, ?, ?, ?, 'user', ?, 'user', ?)
insert into resource_info(resource_id, resource_info_type_id, value,create_user, create_date, modify_user, modify_date) VALUES (?, ?, ?, 'user', ?, 'user', ?)
insert into resource_info(resource_id, resource_info_type_id, value,create_user, create_date, modify_user, modify_date) VALUES (?, ?, ?, 'user', ?, 'user', ?)
insert into resource_info(resource_id, resource_info_type_id, value,create_user, create_date, modify_user, modify_date) VALUES (?, ?, ?, 'user', ?, 'user', ?)
insert into resource_info(resource_id, resource_info_type_id, value,create_user, create_date, modify_user, modify_date) VALUES (?, ?, ?, 'user', ?, 'user', ?)
INSERT INTO resource (resource_id, resource_role_id, project_id, project_phase_id,create_user, create_date, modify_user, modify_date) VALUES (?, ?, ?, ?, 'user', ?, 'user', ?)
insert into resource_info(resource_id, resource_info_type_id, value,create_user, create_date, modify_user, modify_date) VALUES (?, ?, ?, 'user', ?, 'user', ?)
insert into resource_info(resource_id, resource_info_type_id, value,create_user, create_date, modify_user, modify_date) VALUES (?, ?, ?, 'user', ?, 'user', ?)
insert into resource_info(resource_id, resource_info_type_id, value,create_user, create_date, modify_user, modify_date) VALUES (?, ?, ?, 'user', ?, 'user', ?)
insert into resource_info(resource_id, resource_info_type_id, value,create_user, create_date, modify_user, modify_date) VALUES (?, ?, ?, 'user', ?, 'user', ?)
:->>> INFO :- [EmailEngine.java:379] - Getting configuration for Email Engine...
:->>> INFO :- [EmailEngine.java:486] - Adding message headers...
:->>> INFO :- [EmailEngine.java:379] - Getting configuration for Email Engine...
:->>> INFO :- [EmailEngine.java:486] - Adding message headers...
:->>> INFO :- [EmailEngine.java:379] - Getting configuration for Email Engine...
:->>> INFO :- [EmailEngine.java:486] - Adding message headers...
insert into notification(project_id, external_ref_id, notification_type_id,create_user, create_date, modify_user, modify_date) values (1, 1, 1, 'user', ?, 'user', ?)
insert into notification(project_id, external_ref_id, notification_type_id,create_user, create_date, modify_user, modify_date) values (1, 2, 1, 'user', ?, 'user', ?)
insert into notification(project_id, external_ref_id, notification_type_id,create_user, create_date, modify_user, modify_date) values (1, 3, 1, 'user', ?, 'user', ?)
insert into notification(project_id, external_ref_id, notification_type_id,create_user, create_date, modify_user, modify_date) values (1, 4, 1, 'user', ?, 'user', ?)
insert into notification(project_id, external_ref_id, notification_type_id,create_user, create_date, modify_user, modify_date) values (1, 5, 1, 'user', ?, 'user', ?)
insert into user(user_id, first_name, last_name, handle, status)values (1, 'babut', 'guy', 'babut', 'ON')
insert into user_rating(user_id, phase_id) values (1, 112)
insert into email(user_id, email_id, address, primary_ind) values (1, 1, 'email1.topcoder@gmail.com', 1)
insert into user(user_id, first_name, last_name, handle, status)values (2, 'abc', 'xyz', 'wishingbone', 'ON')
insert into user_rating(user_id, phase_id) values (2, 112)
insert into email(user_id, email_id, address, primary_ind) values (2, 2, 'email2.topcoder@gmail.com', 1)
insert into user(user_id, first_name, last_name, handle, status)values (3, 'abc', 'xyz', 'developer', 'ON')
insert into user_rating(user_id, phase_id) values (3, 112)
insert into email(user_id, email_id, address, primary_ind) values (3, 3, 'email3.topcoder@gmail.com', 1)
insert into user(user_id, first_name, last_name, handle, status)values (4, 'Allen', 'Iverson', 'I3', 'ON')
insert into user_rating(user_id, phase_id) values (4, 112)
insert into email(user_id, email_id, address, primary_ind) values (4, 4, 'email4.topcoder@gmail.com', 1)
insert into user(user_id, first_name, last_name, handle, status)values (5, 'John', 'Lennon', 'lennon', 'ON')
insert into user_rating(user_id, phase_id) values (5, 112)
insert into email(user_id, email_id, address, primary_ind) values (5, 5, 'email5.topcoder@gmail.com', 1)
INSERT INTO resource (resource_id, resource_role_id, project_id, project_phase_id,create_user, create_date, modify_user, modify_date) VALUES (?, ?, ?, ?, 'user', ?, 'user', ?)
INSERT INTO resource (resource_id, resource_role_id, project_id, project_phase_id,create_user, create_date, modify_user, modify_date) VALUES (?, ?, ?, ?, 'user', ?, 'user', ?)
INSERT INTO resource (resource_id, resource_role_id, project_id, project_phase_id,create_user, create_date, modify_user, modify_date) VALUES (?, ?, ?, ?, 'user', ?, 'user', ?)
INSERT INTO resource (resource_id, resource_role_id, project_id, project_phase_id,create_user, create_date, modify_user, modify_date) VALUES (?, ?, ?, ?, 'user', ?, 'user', ?)
insert into resource_info(resource_id, resource_info_type_id, value,create_user, create_date, modify_user, modify_date) VALUES (?, ?, ?, 'user', ?, 'user', ?)
insert into resource_info(resource_id, resource_info_type_id, value,create_user, create_date, modify_user, modify_date) VALUES (?, ?, ?, 'user', ?, 'user', ?)
insert into resource_info(resource_id, resource_info_type_id, value,create_user, create_date, modify_user, modify_date) VALUES (?, ?, ?, 'user', ?, 'user', ?)
insert into resource_info(resource_id, resource_info_type_id, value,create_user, create_date, modify_user, modify_date) VALUES (?, ?, ?, 'user', ?, 'user', ?)
:->>> INFO :- [EmailEngine.java:379] - Getting configuration for Email Engine...
:->>> INFO :- [EmailEngine.java:486] - Adding message headers...
:->>> INFO :- [EmailEngine.java:379] - Getting configuration for Email Engine...
:->>> INFO :- [EmailEngine.java:486] - Adding message headers...
insert into notification(project_id, external_ref_id, notification_type_id,create_user, create_date, modify_user, modify_date) values (1, 1, 1, 'user', ?, 'user', ?)
insert into notification(project_id, external_ref_id, notification_type_id,create_user, create_date, modify_user, modify_date) values (1, 2, 1, 'user', ?, 'user', ?)
insert into notification(project_id, external_ref_id, notification_type_id,create_user, create_date, modify_user, modify_date) values (1, 3, 1, 'user', ?, 'user', ?)
insert into notification(project_id, external_ref_id, notification_type_id,create_user, create_date, modify_user, modify_date) values (1, 4, 1, 'user', ?, 'user', ?)
insert into notification(project_id, external_ref_id, notification_type_id,create_user, create_date, modify_user, modify_date) values (1, 5, 1, 'user', ?, 'user', ?)
insert into user(user_id, first_name, last_name, handle, status)values (1, 'babut', 'guy', 'babut', 'ON')
insert into user_rating(user_id, phase_id) values (1, 112)
insert into email(user_id, email_id, address, primary_ind) values (1, 1, 'email1.topcoder@gmail.com', 1)
insert into user(user_id, first_name, last_name, handle, status)values (2, 'abc', 'xyz', 'wishingbone', 'ON')
insert into user_rating(user_id, phase_id) values (2, 112)
insert into email(user_id, email_id, address, primary_ind) values (2, 2, 'email2.topcoder@gmail.com', 1)
insert into user(user_id, first_name, last_name, handle, status)values (3, 'abc', 'xyz', 'developer', 'ON')
insert into user_rating(user_id, phase_id) values (3, 112)
insert into email(user_id, email_id, address, primary_ind) values (3, 3, 'email3.topcoder@gmail.com', 1)
insert into user(user_id, first_name, last_name, handle, status)values (4, 'Allen', 'Iverson', 'I3', 'ON')
insert into user_rating(user_id, phase_id) values (4, 112)
insert into email(user_id, email_id, address, primary_ind) values (4, 4, 'email4.topcoder@gmail.com', 1)
insert into user(user_id, first_name, last_name, handle, status)values (5, 'John', 'Lennon', 'lennon', 'ON')
insert into user_rating(user_id, phase_id) values (5, 112)
insert into email(user_id, email_id, address, primary_ind) values (5, 5, 'email5.topcoder@gmail.com', 1)
INSERT INTO resource (resource_id, resource_role_id, project_id, project_phase_id,create_user, create_date, modify_user, modify_date) VALUES (?, ?, ?, ?, 'user', ?, 'user', ?)
INSERT INTO resource (resource_id, resource_role_id, project_id, project_phase_id,create_user, create_date, modify_user, modify_date) VALUES (?, ?, ?, ?, 'user', ?, 'user', ?)
INSERT INTO resource (resource_id, resource_role_id, project_id, project_phase_id,create_user, create_date, modify_user, modify_date) VALUES (?, ?, ?, ?, 'user', ?, 'user', ?)
INSERT INTO resource (resource_id, resource_role_id, project_id, project_phase_id,create_user, create_date, modify_user, modify_date) VALUES (?, ?, ?, ?, 'user', ?, 'user', ?)
insert into resource_info(resource_id, resource_info_type_id, value,create_user, create_date, modify_user, modify_date) VALUES (?, ?, ?, 'user', ?, 'user', ?)
insert into resource_info(resource_id, resource_info_type_id, value,create_user, create_date, modify_user, modify_date) VALUES (?, ?, ?, 'user', ?, 'user', ?)
insert into resource_info(resource_id, resource_info_type_id, value,create_user, create_date, modify_user, modify_date) VALUES (?, ?, ?, 'user', ?, 'user', ?)
insert into resource_info(resource_id, resource_info_type_id, value,create_user, create_date, modify_user, modify_date) VALUES (?, ?, ?, 'user', ?, 'user', ?)
:->>> INFO :- [EmailEngine.java:379] - Getting configuration for Email Engine...
:->>> INFO :- [EmailEngine.java:486] - Adding message headers...
insert into notification(project_id, external_ref_id, notification_type_id,create_user, create_date, modify_user, modify_date) values (1, 1, 1, 'user', ?, 'user', ?)
insert into notification(project_id, external_ref_id, notification_type_id,create_user, create_date, modify_user, modify_date) values (1, 2, 1, 'user', ?, 'user', ?)
insert into notification(project_id, external_ref_id, notification_type_id,create_user, create_date, modify_user, modify_date) values (1, 3, 1, 'user', ?, 'user', ?)
insert into notification(project_id, external_ref_id, notification_type_id,create_user, create_date, modify_user, modify_date) values (1, 4, 1, 'user', ?, 'user', ?)
insert into notification(project_id, external_ref_id, notification_type_id,create_user, create_date, modify_user, modify_date) values (1, 5, 1, 'user', ?, 'user', ?)
insert into user(user_id, first_name, last_name, handle, status)values (1, 'babut', 'guy', 'babut', 'ON')
insert into user_rating(user_id, phase_id) values (1, 112)
insert into email(user_id, email_id, address, primary_ind) values (1, 1, 'email1.topcoder@gmail.com', 1)
insert into user(user_id, first_name, last_name, handle, status)values (2, 'abc', 'xyz', 'wishingbone', 'ON')
insert into user_rating(user_id, phase_id) values (2, 112)
insert into email(user_id, email_id, address, primary_ind) values (2, 2, 'email2.topcoder@gmail.com', 1)
insert into user(user_id, first_name, last_name, handle, status)values (3, 'abc', 'xyz', 'developer', 'ON')
insert into user_rating(user_id, phase_id) values (3, 112)
insert into email(user_id, email_id, address, primary_ind) values (3, 3, 'email3.topcoder@gmail.com', 1)
insert into user(user_id, first_name, last_name, handle, status)values (4, 'Allen', 'Iverson', 'I3', 'ON')
insert into user_rating(user_id, phase_id) values (4, 112)
insert into email(user_id, email_id, address, primary_ind) values (4, 4, 'email4.topcoder@gmail.com', 1)
insert into user(user_id, first_name, last_name, handle, status)values (5, 'John', 'Lennon', 'lennon', 'ON')
insert into user_rating(user_id, phase_id) values (5, 112)
insert into email(user_id, email_id, address, primary_ind) values (5, 5, 'email5.topcoder@gmail.com', 1)
INSERT INTO resource (resource_id, resource_role_id, project_id, project_phase_id,create_user, create_date, modify_user, modify_date) VALUES (?, ?, ?, ?, 'user', ?, 'user', ?)
INSERT INTO resource (resource_id, resource_role_id, project_id, project_phase_id,create_user, create_date, modify_user, modify_date) VALUES (?, ?, ?, ?, 'user', ?, 'user', ?)
INSERT INTO resource (resource_id, resource_role_id, project_id, project_phase_id,create_user, create_date, modify_user, modify_date) VALUES (?, ?, ?, ?, 'user', ?, 'user', ?)
INSERT INTO resource (resource_id, resource_role_id, project_id, project_phase_id,create_user, create_date, modify_user, modify_date) VALUES (?, ?, ?, ?, 'user', ?, 'user', ?)
insert into resource_info(resource_id, resource_info_type_id, value,create_user, create_date, modify_user, modify_date) VALUES (?, ?, ?, 'user', ?, 'user', ?)
insert into resource_info(resource_id, resource_info_type_id, value,create_user, create_date, modify_user, modify_date) VALUES (?, ?, ?, 'user', ?, 'user', ?)
insert into resource_info(resource_id, resource_info_type_id, value,create_user, create_date, modify_user, modify_date) VALUES (?, ?, ?, 'user', ?, 'user', ?)
insert into resource_info(resource_id, resource_info_type_id, value,create_user, create_date, modify_user, modify_date) VALUES (?, ?, ?, 'user', ?, 'user', ?)
INSERT INTO resource (resource_id, resource_role_id, project_id, project_phase_id,create_user, create_date, modify_user, modify_date) VALUES (?, ?, ?, ?, 'user', ?, 'user', ?)
insert into resource_info(resource_id, resource_info_type_id, value,create_user, create_date, modify_user, modify_date) VALUES (?, ?, ?, 'user', ?, 'user', ?)
INSERT INTO resource (resource_id, resource_role_id, project_id, project_phase_id,create_user, create_date, modify_user, modify_date) VALUES (?, ?, ?, ?, 'user', ?, 'user', ?)
insert into resource_info(resource_id, resource_info_type_id, value,create_user, create_date, modify_user, modify_date) VALUES (?, ?, ?, 'user', ?, 'user', ?)
insert into resource_info(resource_id, resource_info_type_id, value,create_user, create_date, modify_user, modify_date) VALUES (?, ?, ?, 'user', ?, 'user', ?)
insert into resource_info(resource_id, resource_info_type_id, value,create_user, create_date, modify_user, modify_date) VALUES (?, ?, ?, 'user', ?, 'user', ?)
insert into resource_info(resource_id, resource_info_type_id, value,create_user, create_date, modify_user, modify_date) VALUES (?, ?, ?, 'user', ?, 'user', ?)
:->>> INFO :- [EmailEngine.java:379] - Getting configuration for Email Engine...
:->>> INFO :- [EmailEngine.java:486] - Adding message headers...
:->>> INFO :- [EmailEngine.java:379] - Getting configuration for Email Engine...
:->>> INFO :- [EmailEngine.java:486] - Adding message headers...
:->>> INFO :- [EmailEngine.java:379] - Getting configuration for Email Engine...
:->>> INFO :- [EmailEngine.java:486] - Adding message headers...
insert into notification(project_id, external_ref_id, notification_type_id,create_user, create_date, modify_user, modify_date) values (1, 1, 1, 'user', ?, 'user', ?)
insert into notification(project_id, external_ref_id, notification_type_id,create_user, create_date, modify_user, modify_date) values (1, 2, 1, 'user', ?, 'user', ?)
insert into notification(project_id, external_ref_id, notification_type_id,create_user, create_date, modify_user, modify_date) values (1, 3, 1, 'user', ?, 'user', ?)
insert into notification(project_id, external_ref_id, notification_type_id,create_user, create_date, modify_user, modify_date) values (1, 4, 1, 'user', ?, 'user', ?)
insert into notification(project_id, external_ref_id, notification_type_id,create_user, create_date, modify_user, modify_date) values (1, 5, 1, 'user', ?, 'user', ?)
insert into user(user_id, first_name, last_name, handle, status)values (1, 'babut', 'guy', 'babut', 'ON')
insert into user_rating(user_id, phase_id) values (1, 112)
insert into email(user_id, email_id, address, primary_ind) values (1, 1, 'email1.topcoder@gmail.com', 1)
insert into user(user_id, first_name, last_name, handle, status)values (2, 'abc', 'xyz', 'wishingbone', 'ON')
insert into user_rating(user_id, phase_id) values (2, 112)
insert into email(user_id, email_id, address, primary_ind) values (2, 2, 'email2.topcoder@gmail.com', 1)
insert into user(user_id, first_name, last_name, handle, status)values (3, 'abc', 'xyz', 'developer', 'ON')
insert into user_rating(user_id, phase_id) values (3, 112)
insert into email(user_id, email_id, address, primary_ind) values (3, 3, 'email3.topcoder@gmail.com', 1)
insert into user(user_id, first_name, last_name, handle, status)values (4, 'Allen', 'Iverson', 'I3', 'ON')
insert into user_rating(user_id, phase_id) values (4, 112)
insert into email(user_id, email_id, address, primary_ind) values (4, 4, 'email4.topcoder@gmail.com', 1)
insert into user(user_id, first_name, last_name, handle, status)values (5, 'John', 'Lennon', 'lennon', 'ON')
insert into user_rating(user_id, phase_id) values (5, 112)
insert into email(user_id, email_id, address, primary_ind) values (5, 5, 'email5.topcoder@gmail.com', 1)
INSERT INTO resource (resource_id, resource_role_id, project_id, project_phase_id,create_user, create_date, modify_user, modify_date) VALUES (?, ?, ?, ?, 'user', ?, 'user', ?)
INSERT INTO resource (resource_id, resource_role_id, project_id, project_phase_id,create_user, create_date, modify_user, modify_date) VALUES (?, ?, ?, ?, 'user', ?, 'user', ?)
INSERT INTO resource (resource_id, resource_role_id, project_id, project_phase_id,create_user, create_date, modify_user, modify_date) VALUES (?, ?, ?, ?, 'user', ?, 'user', ?)
INSERT INTO resource (resource_id, resource_role_id, project_id, project_phase_id,create_user, create_date, modify_user, modify_date) VALUES (?, ?, ?, ?, 'user', ?, 'user', ?)
insert into resource_info(resource_id, resource_info_type_id, value,create_user, create_date, modify_user, modify_date) VALUES (?, ?, ?, 'user', ?, 'user', ?)
insert into resource_info(resource_id, resource_info_type_id, value,create_user, create_date, modify_user, modify_date) VALUES (?, ?, ?, 'user', ?, 'user', ?)
insert into resource_info(resource_id, resource_info_type_id, value,create_user, create_date, modify_user, modify_date) VALUES (?, ?, ?, 'user', ?, 'user', ?)
insert into resource_info(resource_id, resource_info_type_id, value,create_user, create_date, modify_user, modify_date) VALUES (?, ?, ?, 'user', ?, 'user', ?)
INSERT INTO resource (resource_id, resource_role_id, project_id, project_phase_id,create_user, create_date, modify_user, modify_date) VALUES (?, ?, ?, ?, 'user', ?, 'user', ?)
insert into resource_info(resource_id, resource_info_type_id, value,create_user, create_date, modify_user, modify_date) VALUES (?, ?, ?, 'user', ?, 'user', ?)
INSERT INTO resource (resource_id, resource_role_id, project_id, project_phase_id,create_user, create_date, modify_user, modify_date) VALUES (?, ?, ?, ?, 'user', ?, 'user', ?)
insert into resource_info(resource_id, resource_info_type_id, value,create_user, create_date, modify_user, modify_date) VALUES (?, ?, ?, 'user', ?, 'user', ?)
insert into resource_info(resource_id, resource_info_type_id, value,create_user, create_date, modify_user, modify_date) VALUES (?, ?, ?, 'user', ?, 'user', ?)
insert into resource_info(resource_id, resource_info_type_id, value,create_user, create_date, modify_user, modify_date) VALUES (?, ?, ?, 'user', ?, 'user', ?)
insert into resource_info(resource_id, resource_info_type_id, value,create_user, create_date, modify_user, modify_date) VALUES (?, ?, ?, 'user', ?, 'user', ?)
:->>> INFO :- [EmailEngine.java:379] - Getting configuration for Email Engine...
:->>> INFO :- [EmailEngine.java:486] - Adding message headers...
:->>> INFO :- [EmailEngine.java:379] - Getting configuration for Email Engine...
:->>> INFO :- [EmailEngine.java:486] - Adding message headers...
:->>> INFO :- [EmailEngine.java:379] - Getting configuration for Email Engine...
:->>> INFO :- [EmailEngine.java:486] - Adding message headers...
insert into notification(project_id, external_ref_id, notification_type_id,create_user, create_date, modify_user, modify_date) values (1, 1, 1, 'user', ?, 'user', ?)
insert into notification(project_id, external_ref_id, notification_type_id,create_user, create_date, modify_user, modify_date) values (1, 2, 1, 'user', ?, 'user', ?)
insert into notification(project_id, external_ref_id, notification_type_id,create_user, create_date, modify_user, modify_date) values (1, 3, 1, 'user', ?, 'user', ?)
insert into notification(project_id, external_ref_id, notification_type_id,create_user, create_date, modify_user, modify_date) values (1, 4, 1, 'user', ?, 'user', ?)
insert into notification(project_id, external_ref_id, notification_type_id,create_user, create_date, modify_user, modify_date) values (1, 5, 1, 'user', ?, 'user', ?)
insert into user(user_id, first_name, last_name, handle, status)values (1, 'babut', 'guy', 'babut', 'ON')
insert into user_rating(user_id, phase_id) values (1, 112)
insert into email(user_id, email_id, address, primary_ind) values (1, 1, 'email1.topcoder@gmail.com', 1)
insert into user(user_id, first_name, last_name, handle, status)values (2, 'abc', 'xyz', 'wishingbone', 'ON')
insert into user_rating(user_id, phase_id) values (2, 112)
insert into email(user_id, email_id, address, primary_ind) values (2, 2, 'email2.topcoder@gmail.com', 1)
insert into user(user_id, first_name, last_name, handle, status)values (3, 'abc', 'xyz', 'developer', 'ON')
insert into user_rating(user_id, phase_id) values (3, 112)
insert into email(user_id, email_id, address, primary_ind) values (3, 3, 'email3.topcoder@gmail.com', 1)
insert into user(user_id, first_name, last_name, handle, status)values (4, 'Allen', 'Iverson', 'I3', 'ON')
insert into user_rating(user_id, phase_id) values (4, 112)
insert into email(user_id, email_id, address, primary_ind) values (4, 4, 'email4.topcoder@gmail.com', 1)
insert into user(user_id, first_name, last_name, handle, status)values (5, 'John', 'Lennon', 'lennon', 'ON')
insert into user_rating(user_id, phase_id) values (5, 112)
insert into email(user_id, email_id, address, primary_ind) values (5, 5, 'email5.topcoder@gmail.com', 1)
INSERT INTO resource (resource_id, resource_role_id, project_id, project_phase_id,create_user, create_date, modify_user, modify_date) VALUES (?, ?, ?, ?, 'user', ?, 'user', ?)
INSERT INTO resource (resource_id, resource_role_id, project_id, project_phase_id,create_user, create_date, modify_user, modify_date) VALUES (?, ?, ?, ?, 'user', ?, 'user', ?)
INSERT INTO resource (resource_id, resource_role_id, project_id, project_phase_id,create_user, create_date, modify_user, modify_date) VALUES (?, ?, ?, ?, 'user', ?, 'user', ?)
INSERT INTO resource (resource_id, resource_role_id, project_id, project_phase_id,create_user, create_date, modify_user, modify_date) VALUES (?, ?, ?, ?, 'user', ?, 'user', ?)
insert into resource_info(resource_id, resource_info_type_id, value,create_user, create_date, modify_user, modify_date) VALUES (?, ?, ?, 'user', ?, 'user', ?)
insert into resource_info(resource_id, resource_info_type_id, value,create_user, create_date, modify_user, modify_date) VALUES (?, ?, ?, 'user', ?, 'user', ?)
insert into resource_info(resource_id, resource_info_type_id, value,create_user, create_date, modify_user, modify_date) VALUES (?, ?, ?, 'user', ?, 'user', ?)
insert into resource_info(resource_id, resource_info_type_id, value,create_user, create_date, modify_user, modify_date) VALUES (?, ?, ?, 'user', ?, 'user', ?)
INSERT INTO resource (resource_id, resource_role_id, project_id, project_phase_id,create_user, create_date, modify_user, modify_date) VALUES (?, ?, ?, ?, 'user', ?, 'user', ?)
insert into resource_info(resource_id, resource_info_type_id, value,create_user, create_date, modify_user, modify_date) VALUES (?, ?, ?, 'user', ?, 'user', ?)
insert into resource_info(resource_id, resource_info_type_id, value,create_user, create_date, modify_user, modify_date) VALUES (?, ?, ?, 'user', ?, 'user', ?)
insert into resource_info(resource_id, resource_info_type_id, value,create_user, create_date, modify_user, modify_date) VALUES (?, ?, ?, 'user', ?, 'user', ?)
insert into resource_info(resource_id, resource_info_type_id, value,create_user, create_date, modify_user, modify_date) VALUES (?, ?, ?, 'user', ?, 'user', ?)
:->>> INFO :- [EmailEngine.java:379] - Getting configuration for Email Engine...
:->>> INFO :- [EmailEngine.java:486] - Adding message headers...
:->>> INFO :- [EmailEngine.java:379] - Getting configuration for Email Engine...
:->>> INFO :- [EmailEngine.java:486] - Adding message headers...
:->>> INFO :- [EmailEngine.java:379] - Getting configuration for Email Engine...
:->>> INFO :- [EmailEngine.java:486] - Adding message headers...
insert into notification(project_id, external_ref_id, notification_type_id,create_user, create_date, modify_user, modify_date) values (1, 1, 1, 'user', ?, 'user', ?)
insert into notification(project_id, external_ref_id, notification_type_id,create_user, create_date, modify_user, modify_date) values (1, 2, 1, 'user', ?, 'user', ?)
insert into notification(project_id, external_ref_id, notification_type_id,create_user, create_date, modify_user, modify_date) values (1, 3, 1, 'user', ?, 'user', ?)
insert into notification(project_id, external_ref_id, notification_type_id,create_user, create_date, modify_user, modify_date) values (1, 4, 1, 'user', ?, 'user', ?)
insert into notification(project_id, external_ref_id, notification_type_id,create_user, create_date, modify_user, modify_date) values (1, 5, 1, 'user', ?, 'user', ?)
insert into user(user_id, first_name, last_name, handle, status)values (1, 'babut', 'guy', 'babut', 'ON')
insert into user_rating(user_id, phase_id) values (1, 112)
insert into email(user_id, email_id, address, primary_ind) values (1, 1, 'email1.topcoder@gmail.com', 1)
insert into user(user_id, first_name, last_name, handle, status)values (2, 'abc', 'xyz', 'wishingbone', 'ON')
insert into user_rating(user_id, phase_id) values (2, 112)
insert into email(user_id, email_id, address, primary_ind) values (2, 2, 'email2.topcoder@gmail.com', 1)
insert into user(user_id, first_name, last_name, handle, status)values (3, 'abc', 'xyz', 'developer', 'ON')
insert into user_rating(user_id, phase_id) values (3, 112)
insert into email(user_id, email_id, address, primary_ind) values (3, 3, 'email3.topcoder@gmail.com', 1)
insert into user(user_id, first_name, last_name, handle, status)values (4, 'Allen', 'Iverson', 'I3', 'ON')
insert into user_rating(user_id, phase_id) values (4, 112)
insert into email(user_id, email_id, address, primary_ind) values (4, 4, 'email4.topcoder@gmail.com', 1)
insert into user(user_id, first_name, last_name, handle, status)values (5, 'John', 'Lennon', 'lennon', 'ON')
insert into user_rating(user_id, phase_id) values (5, 112)
insert into email(user_id, email_id, address, primary_ind) values (5, 5, 'email5.topcoder@gmail.com', 1)
INSERT INTO resource (resource_id, resource_role_id, project_id, project_phase_id,create_user, create_date, modify_user, modify_date) VALUES (?, ?, ?, ?, 'user', ?, 'user', ?)
INSERT INTO resource (resource_id, resource_role_id, project_id, project_phase_id,create_user, create_date, modify_user, modify_date) VALUES (?, ?, ?, ?, 'user', ?, 'user', ?)
INSERT INTO resource (resource_id, resource_role_id, project_id, project_phase_id,create_user, create_date, modify_user, modify_date) VALUES (?, ?, ?, ?, 'user', ?, 'user', ?)
INSERT INTO resource (resource_id, resource_role_id, project_id, project_phase_id,create_user, create_date, modify_user, modify_date) VALUES (?, ?, ?, ?, 'user', ?, 'user', ?)
insert into resource_info(resource_id, resource_info_type_id, value,create_user, create_date, modify_user, modify_date) VALUES (?, ?, ?, 'user', ?, 'user', ?)
insert into resource_info(resource_id, resource_info_type_id, value,create_user, create_date, modify_user, modify_date) VALUES (?, ?, ?, 'user', ?, 'user', ?)
insert into resource_info(resource_id, resource_info_type_id, value,create_user, create_date, modify_user, modify_date) VALUES (?, ?, ?, 'user', ?, 'user', ?)
insert into resource_info(resource_id, resource_info_type_id, value,create_user, create_date, modify_user, modify_date) VALUES (?, ?, ?, 'user', ?, 'user', ?)
INSERT INTO resource (resource_id, resource_role_id, project_id, project_phase_id,create_user, create_date, modify_user, modify_date) VALUES (?, ?, ?, ?, 'user', ?, 'user', ?)
insert into resource_info(resource_id, resource_info_type_id, value,create_user, create_date, modify_user, modify_date) VALUES (?, ?, ?, 'user', ?, 'user', ?)
insert into resource_info(resource_id, resource_info_type_id, value,create_user, create_date, modify_user, modify_date) VALUES (?, ?, ?, 'user', ?, 'user', ?)
insert into resource_info(resource_id, resource_info_type_id, value,create_user, create_date, modify_user, modify_date) VALUES (?, ?, ?, 'user', ?, 'user', ?)
insert into resource_info(resource_id, resource_info_type_id, value,create_user, create_date, modify_user, modify_date) VALUES (?, ?, ?, 'user', ?, 'user', ?)
INSERT INTO resource (resource_id, resource_role_id, project_id, project_phase_id,create_user, create_date, modify_user, modify_date) VALUES (?, ?, ?, ?, 'user', ?, 'user', ?)
insert into resource_info(resource_id, resource_info_type_id, value,create_user, create_date, modify_user, modify_date) VALUES (?, ?, ?, 'user', ?, 'user', ?)
:->>> INFO :- [EmailEngine.java:379] - Getting configuration for Email Engine...
:->>> INFO :- [EmailEngine.java:486] - Adding message headers...
:->>> INFO :- [EmailEngine.java:379] - Getting configuration for Email Engine...
:->>> INFO :- [EmailEngine.java:486] - Adding message headers...
:->>> INFO :- [EmailEngine.java:379] - Getting configuration for Email Engine...
:->>> INFO :- [EmailEngine.java:486] - Adding message headers...
insert into notification(project_id, external_ref_id, notification_type_id,create_user, create_date, modify_user, modify_date) values (1, 1, 1, 'user', ?, 'user', ?)
insert into notification(project_id, external_ref_id, notification_type_id,create_user, create_date, modify_user, modify_date) values (1, 2, 1, 'user', ?, 'user', ?)
insert into notification(project_id, external_ref_id, notification_type_id,create_user, create_date, modify_user, modify_date) values (1, 3, 1, 'user', ?, 'user', ?)
insert into notification(project_id, external_ref_id, notification_type_id,create_user, create_date, modify_user, modify_date) values (1, 4, 1, 'user', ?, 'user', ?)
insert into notification(project_id, external_ref_id, notification_type_id,create_user, create_date, modify_user, modify_date) values (1, 5, 1, 'user', ?, 'user', ?)
insert into user(user_id, first_name, last_name, handle, status)values (1, 'babut', 'guy', 'babut', 'ON')
insert into user_rating(user_id, phase_id) values (1, 112)
insert into email(user_id, email_id, address, primary_ind) values (1, 1, 'email1.topcoder@gmail.com', 1)
insert into user(user_id, first_name, last_name, handle, status)values (2, 'abc', 'xyz', 'wishingbone', 'ON')
insert into user_rating(user_id, phase_id) values (2, 112)
insert into email(user_id, email_id, address, primary_ind) values (2, 2, 'email2.topcoder@gmail.com', 1)
insert into user(user_id, first_name, last_name, handle, status)values (3, 'abc', 'xyz', 'developer', 'ON')
insert into user_rating(user_id, phase_id) values (3, 112)
insert into email(user_id, email_id, address, primary_ind) values (3, 3, 'email3.topcoder@gmail.com', 1)
insert into user(user_id, first_name, last_name, handle, status)values (4, 'Allen', 'Iverson', 'I3', 'ON')
insert into user_rating(user_id, phase_id) values (4, 112)
insert into email(user_id, email_id, address, primary_ind) values (4, 4, 'email4.topcoder@gmail.com', 1)
insert into user(user_id, first_name, last_name, handle, status)values (5, 'John', 'Lennon', 'lennon', 'ON')
insert into user_rating(user_id, phase_id) values (5, 112)
insert into email(user_id, email_id, address, primary_ind) values (5, 5, 'email5.topcoder@gmail.com', 1)
INSERT INTO resource (resource_id, resource_role_id, project_id, project_phase_id,create_user, create_date, modify_user, modify_date) VALUES (?, ?, ?, ?, 'user', ?, 'user', ?)
INSERT INTO resource (resource_id, resource_role_id, project_id, project_phase_id,create_user, create_date, modify_user, modify_date) VALUES (?, ?, ?, ?, 'user', ?, 'user', ?)
INSERT INTO resource (resource_id, resource_role_id, project_id, project_phase_id,create_user, create_date, modify_user, modify_date) VALUES (?, ?, ?, ?, 'user', ?, 'user', ?)
INSERT INTO resource (resource_id, resource_role_id, project_id, project_phase_id,create_user, create_date, modify_user, modify_date) VALUES (?, ?, ?, ?, 'user', ?, 'user', ?)
insert into resource_info(resource_id, resource_info_type_id, value,create_user, create_date, modify_user, modify_date) VALUES (?, ?, ?, 'user', ?, 'user', ?)
insert into resource_info(resource_id, resource_info_type_id, value,create_user, create_date, modify_user, modify_date) VALUES (?, ?, ?, 'user', ?, 'user', ?)
insert into resource_info(resource_id, resource_info_type_id, value,create_user, create_date, modify_user, modify_date) VALUES (?, ?, ?, 'user', ?, 'user', ?)
insert into resource_info(resource_id, resource_info_type_id, value,create_user, create_date, modify_user, modify_date) VALUES (?, ?, ?, 'user', ?, 'user', ?)
INSERT INTO resource (resource_id, resource_role_id, project_id, project_phase_id,create_user, create_date, modify_user, modify_date) VALUES (?, ?, ?, ?, 'user', ?, 'user', ?)
insert into resource_info(resource_id, resource_info_type_id, value,create_user, create_date, modify_user, modify_date) VALUES (?, ?, ?, 'user', ?, 'user', ?)
insert into resource_info(resource_id, resource_info_type_id, value,create_user, create_date, modify_user, modify_date) VALUES (?, ?, ?, 'user', ?, 'user', ?)
insert into resource_info(resource_id, resource_info_type_id, value,create_user, create_date, modify_user, modify_date) VALUES (?, ?, ?, 'user', ?, 'user', ?)
insert into resource_info(resource_id, resource_info_type_id, value,create_user, create_date, modify_user, modify_date) VALUES (?, ?, ?, 'user', ?, 'user', ?)
:->>> INFO :- [EmailEngine.java:379] - Getting configuration for Email Engine...
:->>> INFO :- [EmailEngine.java:486] - Adding message headers...
:->>> INFO :- [EmailEngine.java:379] - Getting configuration for Email Engine...
:->>> INFO :- [EmailEngine.java:486] - Adding message headers...
:->>> INFO :- [EmailEngine.java:379] - Getting configuration for Email Engine...
:->>> INFO :- [EmailEngine.java:486] - Adding message headers...
insert into notification(project_id, external_ref_id, notification_type_id,create_user, create_date, modify_user, modify_date) values (1, 1, 1, 'user', ?, 'user', ?)
insert into notification(project_id, external_ref_id, notification_type_id,create_user, create_date, modify_user, modify_date) values (1, 2, 1, 'user', ?, 'user', ?)
insert into notification(project_id, external_ref_id, notification_type_id,create_user, create_date, modify_user, modify_date) values (1, 3, 1, 'user', ?, 'user', ?)
insert into notification(project_id, external_ref_id, notification_type_id,create_user, create_date, modify_user, modify_date) values (1, 4, 1, 'user', ?, 'user', ?)
insert into notification(project_id, external_ref_id, notification_type_id,create_user, create_date, modify_user, modify_date) values (1, 5, 1, 'user', ?, 'user', ?)
insert into user(user_id, first_name, last_name, handle, status)values (1, 'babut', 'guy', 'babut', 'ON')
insert into user_rating(user_id, phase_id) values (1, 112)
insert into email(user_id, email_id, address, primary_ind) values (1, 1, 'email1.topcoder@gmail.com', 1)
insert into user(user_id, first_name, last_name, handle, status)values (2, 'abc', 'xyz', 'wishingbone', 'ON')
insert into user_rating(user_id, phase_id) values (2, 112)
insert into email(user_id, email_id, address, primary_ind) values (2, 2, 'email2.topcoder@gmail.com', 1)
insert into user(user_id, first_name, last_name, handle, status)values (3, 'abc', 'xyz', 'developer', 'ON')
insert into user_rating(user_id, phase_id) values (3, 112)
insert into email(user_id, email_id, address, primary_ind) values (3, 3, 'email3.topcoder@gmail.com', 1)
insert into user(user_id, first_name, last_name, handle, status)values (4, 'Allen', 'Iverson', 'I3', 'ON')
insert into user_rating(user_id, phase_id) values (4, 112)
insert into email(user_id, email_id, address, primary_ind) values (4, 4, 'email4.topcoder@gmail.com', 1)
insert into user(user_id, first_name, last_name, handle, status)values (5, 'John', 'Lennon', 'lennon', 'ON')
insert into user_rating(user_id, phase_id) values (5, 112)
insert into email(user_id, email_id, address, primary_ind) values (5, 5, 'email5.topcoder@gmail.com', 1)
INSERT INTO resource (resource_id, resource_role_id, project_id, project_phase_id,create_user, create_date, modify_user, modify_date) VALUES (?, ?, ?, ?, 'user', ?, 'user', ?)
INSERT INTO resource (resource_id, resource_role_id, project_id, project_phase_id,create_user, create_date, modify_user, modify_date) VALUES (?, ?, ?, ?, 'user', ?, 'user', ?)
INSERT INTO resource (resource_id, resource_role_id, project_id, project_phase_id,create_user, create_date, modify_user, modify_date) VALUES (?, ?, ?, ?, 'user', ?, 'user', ?)
INSERT INTO resource (resource_id, resource_role_id, project_id, project_phase_id,create_user, create_date, modify_user, modify_date) VALUES (?, ?, ?, ?, 'user', ?, 'user', ?)
insert into resource_info(resource_id, resource_info_type_id, value,create_user, create_date, modify_user, modify_date) VALUES (?, ?, ?, 'user', ?, 'user', ?)
insert into resource_info(resource_id, resource_info_type_id, value,create_user, create_date, modify_user, modify_date) VALUES (?, ?, ?, 'user', ?, 'user', ?)
insert into resource_info(resource_id, resource_info_type_id, value,create_user, create_date, modify_user, modify_date) VALUES (?, ?, ?, 'user', ?, 'user', ?)
insert into resource_info(resource_id, resource_info_type_id, value,create_user, create_date, modify_user, modify_date) VALUES (?, ?, ?, 'user', ?, 'user', ?)
:->>> INFO :- [EmailEngine.java:379] - Getting configuration for Email Engine...
:->>> INFO :- [EmailEngine.java:486] - Adding message headers...
:->>> INFO :- [EmailEngine.java:379] - Getting configuration for Email Engine...
:->>> INFO :- [EmailEngine.java:486] - Adding message headers...
insert into notification(project_id, external_ref_id, notification_type_id,create_user, create_date, modify_user, modify_date) values (1, 1, 1, 'user', ?, 'user', ?)
insert into notification(project_id, external_ref_id, notification_type_id,create_user, create_date, modify_user, modify_date) values (1, 2, 1, 'user', ?, 'user', ?)
insert into notification(project_id, external_ref_id, notification_type_id,create_user, create_date, modify_user, modify_date) values (1, 3, 1, 'user', ?, 'user', ?)
insert into notification(project_id, external_ref_id, notification_type_id,create_user, create_date, modify_user, modify_date) values (1, 4, 1, 'user', ?, 'user', ?)
insert into notification(project_id, external_ref_id, notification_type_id,create_user, create_date, modify_user, modify_date) values (1, 5, 1, 'user', ?, 'user', ?)
insert into user(user_id, first_name, last_name, handle, status)values (1, 'babut', 'guy', 'babut', 'ON')
insert into user_rating(user_id, phase_id) values (1, 112)
insert into email(user_id, email_id, address, primary_ind) values (1, 1, 'email1.topcoder@gmail.com', 1)
insert into user(user_id, first_name, last_name, handle, status)values (2, 'abc', 'xyz', 'wishingbone', 'ON')
insert into user_rating(user_id, phase_id) values (2, 112)
insert into email(user_id, email_id, address, primary_ind) values (2, 2, 'email2.topcoder@gmail.com', 1)
insert into user(user_id, first_name, last_name, handle, status)values (3, 'abc', 'xyz', 'developer', 'ON')
insert into user_rating(user_id, phase_id) values (3, 112)
insert into email(user_id, email_id, address, primary_ind) values (3, 3, 'email3.topcoder@gmail.com', 1)
insert into user(user_id, first_name, last_name, handle, status)values (4, 'Allen', 'Iverson', 'I3', 'ON')
insert into user_rating(user_id, phase_id) values (4, 112)
insert into email(user_id, email_id, address, primary_ind) values (4, 4, 'email4.topcoder@gmail.com', 1)
insert into user(user_id, first_name, last_name, handle, status)values (5, 'John', 'Lennon', 'lennon', 'ON')
insert into user_rating(user_id, phase_id) values (5, 112)
insert into email(user_id, email_id, address, primary_ind) values (5, 5, 'email5.topcoder@gmail.com', 1)
INSERT INTO resource (resource_id, resource_role_id, project_id, project_phase_id,create_user, create_date, modify_user, modify_date) VALUES (?, ?, ?, ?, 'user', ?, 'user', ?)
INSERT INTO resource (resource_id, resource_role_id, project_id, project_phase_id,create_user, create_date, modify_user, modify_date) VALUES (?, ?, ?, ?, 'user', ?, 'user', ?)
INSERT INTO resource (resource_id, resource_role_id, project_id, project_phase_id,create_user, create_date, modify_user, modify_date) VALUES (?, ?, ?, ?, 'user', ?, 'user', ?)
INSERT INTO resource (resource_id, resource_role_id, project_id, project_phase_id,create_user, create_date, modify_user, modify_date) VALUES (?, ?, ?, ?, 'user', ?, 'user', ?)
insert into resource_info(resource_id, resource_info_type_id, value,create_user, create_date, modify_user, modify_date) VALUES (?, ?, ?, 'user', ?, 'user', ?)
insert into resource_info(resource_id, resource_info_type_id, value,create_user, create_date, modify_user, modify_date) VALUES (?, ?, ?, 'user', ?, 'user', ?)
insert into resource_info(resource_id, resource_info_type_id, value,create_user, create_date, modify_user, modify_date) VALUES (?, ?, ?, 'user', ?, 'user', ?)
insert into resource_info(resource_id, resource_info_type_id, value,create_user, create_date, modify_user, modify_date) VALUES (?, ?, ?, 'user', ?, 'user', ?)
:->>> INFO :- [EmailEngine.java:379] - Getting configuration for Email Engine...
:->>> INFO :- [EmailEngine.java:486] - Adding message headers...
:->>> INFO :- [EmailEngine.java:379] - Getting configuration for Email Engine...
:->>> INFO :- [EmailEngine.java:486] - Adding message headers...
insert into notification(project_id, external_ref_id, notification_type_id,create_user, create_date, modify_user, modify_date) values (1, 1, 1, 'user', ?, 'user', ?)
insert into notification(project_id, external_ref_id, notification_type_id,create_user, create_date, modify_user, modify_date) values (1, 2, 1, 'user', ?, 'user', ?)
insert into notification(project_id, external_ref_id, notification_type_id,create_user, create_date, modify_user, modify_date) values (1, 3, 1, 'user', ?, 'user', ?)
insert into notification(project_id, external_ref_id, notification_type_id,create_user, create_date, modify_user, modify_date) values (1, 4, 1, 'user', ?, 'user', ?)
insert into notification(project_id, external_ref_id, notification_type_id,create_user, create_date, modify_user, modify_date) values (1, 5, 1, 'user', ?, 'user', ?)
insert into user(user_id, first_name, last_name, handle, status)values (1, 'babut', 'guy', 'babut', 'ON')
insert into user_rating(user_id, phase_id) values (1, 112)
insert into email(user_id, email_id, address, primary_ind) values (1, 1, 'email1.topcoder@gmail.com', 1)
insert into user(user_id, first_name, last_name, handle, status)values (2, 'abc', 'xyz', 'wishingbone', 'ON')
insert into user_rating(user_id, phase_id) values (2, 112)
insert into email(user_id, email_id, address, primary_ind) values (2, 2, 'email2.topcoder@gmail.com', 1)
insert into user(user_id, first_name, last_name, handle, status)values (3, 'abc', 'xyz', 'developer', 'ON')
insert into user_rating(user_id, phase_id) values (3, 112)
insert into email(user_id, email_id, address, primary_ind) values (3, 3, 'email3.topcoder@gmail.com', 1)
insert into user(user_id, first_name, last_name, handle, status)values (4, 'Allen', 'Iverson', 'I3', 'ON')
insert into user_rating(user_id, phase_id) values (4, 112)
insert into email(user_id, email_id, address, primary_ind) values (4, 4, 'email4.topcoder@gmail.com', 1)
insert into user(user_id, first_name, last_name, handle, status)values (5, 'John', 'Lennon', 'lennon', 'ON')
insert into user_rating(user_id, phase_id) values (5, 112)
insert into email(user_id, email_id, address, primary_ind) values (5, 5, 'email5.topcoder@gmail.com', 1)
INSERT INTO resource (resource_id, resource_role_id, project_id, project_phase_id,create_user, create_date, modify_user, modify_date) VALUES (?, ?, ?, ?, 'user', ?, 'user', ?)
INSERT INTO resource (resource_id, resource_role_id, project_id, project_phase_id,create_user, create_date, modify_user, modify_date) VALUES (?, ?, ?, ?, 'user', ?, 'user', ?)
INSERT INTO resource (resource_id, resource_role_id, project_id, project_phase_id,create_user, create_date, modify_user, modify_date) VALUES (?, ?, ?, ?, 'user', ?, 'user', ?)
INSERT INTO resource (resource_id, resource_role_id, project_id, project_phase_id,create_user, create_date, modify_user, modify_date) VALUES (?, ?, ?, ?, 'user', ?, 'user', ?)
insert into resource_info(resource_id, resource_info_type_id, value,create_user, create_date, modify_user, modify_date) VALUES (?, ?, ?, 'user', ?, 'user', ?)
insert into resource_info(resource_id, resource_info_type_id, value,create_user, create_date, modify_user, modify_date) VALUES (?, ?, ?, 'user', ?, 'user', ?)
insert into resource_info(resource_id, resource_info_type_id, value,create_user, create_date, modify_user, modify_date) VALUES (?, ?, ?, 'user', ?, 'user', ?)
insert into resource_info(resource_id, resource_info_type_id, value,create_user, create_date, modify_user, modify_date) VALUES (?, ?, ?, 'user', ?, 'user', ?)
INSERT INTO resource (resource_id, resource_role_id, project_id, project_phase_id,create_user, create_date, modify_user, modify_date) VALUES (?, ?, ?, ?, 'user', ?, 'user', ?)
insert into resource_info(resource_id, resource_info_type_id, value,create_user, create_date, modify_user, modify_date) VALUES (?, ?, ?, 'user', ?, 'user', ?)
INSERT INTO resource (resource_id, resource_role_id, project_id, project_phase_id,create_user, create_date, modify_user, modify_date) VALUES (?, ?, ?, ?, 'user', ?, 'user', ?)
insert into resource_info(resource_id, resource_info_type_id, value,create_user, create_date, modify_user, modify_date) VALUES (?, ?, ?, 'user', ?, 'user', ?)
INSERT INTO resource (resource_id, resource_role_id, project_id, project_phase_id,create_user, create_date, modify_user, modify_date) VALUES (?, ?, ?, ?, 'user', ?, 'user', ?)
insert into resource_info(resource_id, resource_info_type_id, value,create_user, create_date, modify_user, modify_date) VALUES (?, ?, ?, 'user', ?, 'user', ?)
insert into resource_info(resource_id, resource_info_type_id, value,create_user, create_date, modify_user, modify_date) VALUES (?, ?, ?, 'user', ?, 'user', ?)
insert into resource_info(resource_id, resource_info_type_id, value,create_user, create_date, modify_user, modify_date) VALUES (?, ?, ?, 'user', ?, 'user', ?)
insert into resource_info(resource_id, resource_info_type_id, value,create_user, create_date, modify_user, modify_date) VALUES (?, ?, ?, 'user', ?, 'user', ?)
:->>> INFO :- [EmailEngine.java:379] - Getting configuration for Email Engine...
:->>> INFO :- [EmailEngine.java:486] - Adding message headers...
:->>> INFO :- [EmailEngine.java:379] - Getting configuration for Email Engine...
:->>> INFO :- [EmailEngine.java:486] - Adding message headers...
:->>> INFO :- [EmailEngine.java:379] - Getting configuration for Email Engine...
:->>> INFO :- [EmailEngine.java:486] - Adding message headers...
:->>> INFO :- [EmailEngine.java:379] - Getting configuration for Email Engine...
:->>> INFO :- [EmailEngine.java:486] - Adding message headers...
insert into notification(project_id, external_ref_id, notification_type_id,create_user, create_date, modify_user, modify_date) values (1, 1, 1, 'user', ?, 'user', ?)
insert into notification(project_id, external_ref_id, notification_type_id,create_user, create_date, modify_user, modify_date) values (1, 2, 1, 'user', ?, 'user', ?)
insert into notification(project_id, external_ref_id, notification_type_id,create_user, create_date, modify_user, modify_date) values (1, 3, 1, 'user', ?, 'user', ?)
insert into notification(project_id, external_ref_id, notification_type_id,create_user, create_date, modify_user, modify_date) values (1, 4, 1, 'user', ?, 'user', ?)
insert into notification(project_id, external_ref_id, notification_type_id,create_user, create_date, modify_user, modify_date) values (1, 5, 1, 'user', ?, 'user', ?)
insert into user(user_id, first_name, last_name, handle, status)values (1, 'babut', 'guy', 'babut', 'ON')
insert into user_rating(user_id, phase_id) values (1, 112)
insert into email(user_id, email_id, address, primary_ind) values (1, 1, 'email1.topcoder@gmail.com', 1)
insert into user(user_id, first_name, last_name, handle, status)values (2, 'abc', 'xyz', 'wishingbone', 'ON')
insert into user_rating(user_id, phase_id) values (2, 112)
insert into email(user_id, email_id, address, primary_ind) values (2, 2, 'email2.topcoder@gmail.com', 1)
insert into user(user_id, first_name, last_name, handle, status)values (3, 'abc', 'xyz', 'developer', 'ON')
insert into user_rating(user_id, phase_id) values (3, 112)
insert into email(user_id, email_id, address, primary_ind) values (3, 3, 'email3.topcoder@gmail.com', 1)
insert into user(user_id, first_name, last_name, handle, status)values (4, 'Allen', 'Iverson', 'I3', 'ON')
insert into user_rating(user_id, phase_id) values (4, 112)
insert into email(user_id, email_id, address, primary_ind) values (4, 4, 'email4.topcoder@gmail.com', 1)
insert into user(user_id, first_name, last_name, handle, status)values (5, 'John', 'Lennon', 'lennon', 'ON')
insert into user_rating(user_id, phase_id) values (5, 112)
insert into email(user_id, email_id, address, primary_ind) values (5, 5, 'email5.topcoder@gmail.com', 1)
INSERT INTO resource (resource_id, resource_role_id, project_id, project_phase_id,create_user, create_date, modify_user, modify_date) VALUES (?, ?, ?, ?, 'user', ?, 'user', ?)
INSERT INTO resource (resource_id, resource_role_id, project_id, project_phase_id,create_user, create_date, modify_user, modify_date) VALUES (?, ?, ?, ?, 'user', ?, 'user', ?)
INSERT INTO resource (resource_id, resource_role_id, project_id, project_phase_id,create_user, create_date, modify_user, modify_date) VALUES (?, ?, ?, ?, 'user', ?, 'user', ?)
INSERT INTO resource (resource_id, resource_role_id, project_id, project_phase_id,create_user, create_date, modify_user, modify_date) VALUES (?, ?, ?, ?, 'user', ?, 'user', ?)
insert into resource_info(resource_id, resource_info_type_id, value,create_user, create_date, modify_user, modify_date) VALUES (?, ?, ?, 'user', ?, 'user', ?)
insert into resource_info(resource_id, resource_info_type_id, value,create_user, create_date, modify_user, modify_date) VALUES (?, ?, ?, 'user', ?, 'user', ?)
insert into resource_info(resource_id, resource_info_type_id, value,create_user, create_date, modify_user, modify_date) VALUES (?, ?, ?, 'user', ?, 'user', ?)
insert into resource_info(resource_id, resource_info_type_id, value,create_user, create_date, modify_user, modify_date) VALUES (?, ?, ?, 'user', ?, 'user', ?)
INSERT INTO resource (resource_id, resource_role_id, project_id, project_phase_id,create_user, create_date, modify_user, modify_date) VALUES (?, ?, ?, ?, 'user', ?, 'user', ?)
insert into resource_info(resource_id, resource_info_type_id, value,create_user, create_date, modify_user, modify_date) VALUES (?, ?, ?, 'user', ?, 'user', ?)
INSERT INTO resource (resource_id, resource_role_id, project_id, project_phase_id,create_user, create_date, modify_user, modify_date) VALUES (?, ?, ?, ?, 'user', ?, 'user', ?)
insert into resource_info(resource_id, resource_info_type_id, value,create_user, create_date, modify_user, modify_date) VALUES (?, ?, ?, 'user', ?, 'user', ?)
INSERT INTO resource (resource_id, resource_role_id, project_id, project_phase_id,create_user, create_date, modify_user, modify_date) VALUES (?, ?, ?, ?, 'user', ?, 'user', ?)
insert into resource_info(resource_id, resource_info_type_id, value,create_user, create_date, modify_user, modify_date) VALUES (?, ?, ?, 'user', ?, 'user', ?)
insert into resource_info(resource_id, resource_info_type_id, value,create_user, create_date, modify_user, modify_date) VALUES (?, ?, ?, 'user', ?, 'user', ?)
insert into resource_info(resource_id, resource_info_type_id, value,create_user, create_date, modify_user, modify_date) VALUES (?, ?, ?, 'user', ?, 'user', ?)
insert into resource_info(resource_id, resource_info_type_id, value,create_user, create_date, modify_user, modify_date) VALUES (?, ?, ?, 'user', ?, 'user', ?)
:->>> INFO :- [EmailEngine.java:379] - Getting configuration for Email Engine...
:->>> INFO :- [EmailEngine.java:486] - Adding message headers...
:->>> INFO :- [EmailEngine.java:379] - Getting configuration for Email Engine...
:->>> INFO :- [EmailEngine.java:486] - Adding message headers...
:->>> INFO :- [EmailEngine.java:379] - Getting configuration for Email Engine...
:->>> INFO :- [EmailEngine.java:486] - Adding message headers...
:->>> INFO :- [EmailEngine.java:379] - Getting configuration for Email Engine...
:->>> INFO :- [EmailEngine.java:486] - Adding message headers...
insert into notification(project_id, external_ref_id, notification_type_id,create_user, create_date, modify_user, modify_date) values (1, 1, 1, 'user', ?, 'user', ?)
insert into notification(project_id, external_ref_id, notification_type_id,create_user, create_date, modify_user, modify_date) values (1, 2, 1, 'user', ?, 'user', ?)
insert into notification(project_id, external_ref_id, notification_type_id,create_user, create_date, modify_user, modify_date) values (1, 3, 1, 'user', ?, 'user', ?)
insert into notification(project_id, external_ref_id, notification_type_id,create_user, create_date, modify_user, modify_date) values (1, 4, 1, 'user', ?, 'user', ?)
insert into notification(project_id, external_ref_id, notification_type_id,create_user, create_date, modify_user, modify_date) values (1, 5, 1, 'user', ?, 'user', ?)
insert into user(user_id, first_name, last_name, handle, status)values (1, 'babut', 'guy', 'babut', 'ON')
insert into user_rating(user_id, phase_id) values (1, 112)
insert into email(user_id, email_id, address, primary_ind) values (1, 1, 'email1.topcoder@gmail.com', 1)
insert into user(user_id, first_name, last_name, handle, status)values (2, 'abc', 'xyz', 'wishingbone', 'ON')
insert into user_rating(user_id, phase_id) values (2, 112)
insert into email(user_id, email_id, address, primary_ind) values (2, 2, 'email2.topcoder@gmail.com', 1)
insert into user(user_id, first_name, last_name, handle, status)values (3, 'abc', 'xyz', 'developer', 'ON')
insert into user_rating(user_id, phase_id) values (3, 112)
insert into email(user_id, email_id, address, primary_ind) values (3, 3, 'email3.topcoder@gmail.com', 1)
insert into user(user_id, first_name, last_name, handle, status)values (4, 'Allen', 'Iverson', 'I3', 'ON')
insert into user_rating(user_id, phase_id) values (4, 112)
insert into email(user_id, email_id, address, primary_ind) values (4, 4, 'email4.topcoder@gmail.com', 1)
insert into user(user_id, first_name, last_name, handle, status)values (5, 'John', 'Lennon', 'lennon', 'ON')
insert into user_rating(user_id, phase_id) values (5, 112)
insert into email(user_id, email_id, address, primary_ind) values (5, 5, 'email5.topcoder@gmail.com', 1)
INSERT INTO resource (resource_id, resource_role_id, project_id, project_phase_id,create_user, create_date, modify_user, modify_date) VALUES (?, ?, ?, ?, 'user', ?, 'user', ?)
INSERT INTO resource (resource_id, resource_role_id, project_id, project_phase_id,create_user, create_date, modify_user, modify_date) VALUES (?, ?, ?, ?, 'user', ?, 'user', ?)
INSERT INTO resource (resource_id, resource_role_id, project_id, project_phase_id,create_user, create_date, modify_user, modify_date) VALUES (?, ?, ?, ?, 'user', ?, 'user', ?)
INSERT INTO resource (resource_id, resource_role_id, project_id, project_phase_id,create_user, create_date, modify_user, modify_date) VALUES (?, ?, ?, ?, 'user', ?, 'user', ?)
insert into resource_info(resource_id, resource_info_type_id, value,create_user, create_date, modify_user, modify_date) VALUES (?, ?, ?, 'user', ?, 'user', ?)
insert into resource_info(resource_id, resource_info_type_id, value,create_user, create_date, modify_user, modify_date) VALUES (?, ?, ?, 'user', ?, 'user', ?)
insert into resource_info(resource_id, resource_info_type_id, value,create_user, create_date, modify_user, modify_date) VALUES (?, ?, ?, 'user', ?, 'user', ?)
insert into resource_info(resource_id, resource_info_type_id, value,create_user, create_date, modify_user, modify_date) VALUES (?, ?, ?, 'user', ?, 'user', ?)
INSERT INTO resource (resource_id, resource_role_id, project_id, project_phase_id,create_user, create_date, modify_user, modify_date) VALUES (?, ?, ?, ?, 'user', ?, 'user', ?)
insert into resource_info(resource_id, resource_info_type_id, value,create_user, create_date, modify_user, modify_date) VALUES (?, ?, ?, 'user', ?, 'user', ?)
insert into resource_info(resource_id, resource_info_type_id, value,create_user, create_date, modify_user, modify_date) VALUES (?, ?, ?, 'user', ?, 'user', ?)
insert into resource_info(resource_id, resource_info_type_id, value,create_user, create_date, modify_user, modify_date) VALUES (?, ?, ?, 'user', ?, 'user', ?)
insert into resource_info(resource_id, resource_info_type_id, value,create_user, create_date, modify_user, modify_date) VALUES (?, ?, ?, 'user', ?, 'user', ?)
INSERT INTO resource (resource_id, resource_role_id, project_id, project_phase_id,create_user, create_date, modify_user, modify_date) VALUES (?, ?, ?, ?, 'user', ?, 'user', ?)
insert into resource_info(resource_id, resource_info_type_id, value,create_user, create_date, modify_user, modify_date) VALUES (?, ?, ?, 'user', ?, 'user', ?)
:->>> INFO :- [EmailEngine.java:379] - Getting configuration for Email Engine...
:->>> INFO :- [EmailEngine.java:486] - Adding message headers...
:->>> INFO :- [EmailEngine.java:379] - Getting configuration for Email Engine...
:->>> INFO :- [EmailEngine.java:486] - Adding message headers...
insert into notification(project_id, external_ref_id, notification_type_id,create_user, create_date, modify_user, modify_date) values (1, 1, 1, 'user', ?, 'user', ?)
insert into notification(project_id, external_ref_id, notification_type_id,create_user, create_date, modify_user, modify_date) values (1, 2, 1, 'user', ?, 'user', ?)
insert into notification(project_id, external_ref_id, notification_type_id,create_user, create_date, modify_user, modify_date) values (1, 3, 1, 'user', ?, 'user', ?)
insert into notification(project_id, external_ref_id, notification_type_id,create_user, create_date, modify_user, modify_date) values (1, 4, 1, 'user', ?, 'user', ?)
insert into notification(project_id, external_ref_id, notification_type_id,create_user, create_date, modify_user, modify_date) values (1, 5, 1, 'user', ?, 'user', ?)
insert into user(user_id, first_name, last_name, handle, status)values (1, 'babut', 'guy', 'babut', 'ON')
insert into user_rating(user_id, phase_id) values (1, 112)
insert into email(user_id, email_id, address, primary_ind) values (1, 1, 'email1.topcoder@gmail.com', 1)
insert into user(user_id, first_name, last_name, handle, status)values (2, 'abc', 'xyz', 'wishingbone', 'ON')
insert into user_rating(user_id, phase_id) values (2, 112)
insert into email(user_id, email_id, address, primary_ind) values (2, 2, 'email2.topcoder@gmail.com', 1)
insert into user(user_id, first_name, last_name, handle, status)values (3, 'abc', 'xyz', 'developer', 'ON')
insert into user_rating(user_id, phase_id) values (3, 112)
insert into email(user_id, email_id, address, primary_ind) values (3, 3, 'email3.topcoder@gmail.com', 1)
insert into user(user_id, first_name, last_name, handle, status)values (4, 'Allen', 'Iverson', 'I3', 'ON')
insert into user_rating(user_id, phase_id) values (4, 112)
insert into email(user_id, email_id, address, primary_ind) values (4, 4, 'email4.topcoder@gmail.com', 1)
insert into user(user_id, first_name, last_name, handle, status)values (5, 'John', 'Lennon', 'lennon', 'ON')
insert into user_rating(user_id, phase_id) values (5, 112)
insert into email(user_id, email_id, address, primary_ind) values (5, 5, 'email5.topcoder@gmail.com', 1)
INSERT INTO resource (resource_id, resource_role_id, project_id, project_phase_id,create_user, create_date, modify_user, modify_date) VALUES (?, ?, ?, ?, 'user', ?, 'user', ?)
INSERT INTO resource (resource_id, resource_role_id, project_id, project_phase_id,create_user, create_date, modify_user, modify_date) VALUES (?, ?, ?, ?, 'user', ?, 'user', ?)
INSERT INTO resource (resource_id, resource_role_id, project_id, project_phase_id,create_user, create_date, modify_user, modify_date) VALUES (?, ?, ?, ?, 'user', ?, 'user', ?)
INSERT INTO resource (resource_id, resource_role_id, project_id, project_phase_id,create_user, create_date, modify_user, modify_date) VALUES (?, ?, ?, ?, 'user', ?, 'user', ?)
insert into resource_info(resource_id, resource_info_type_id, value,create_user, create_date, modify_user, modify_date) VALUES (?, ?, ?, 'user', ?, 'user', ?)
insert into resource_info(resource_id, resource_info_type_id, value,create_user, create_date, modify_user, modify_date) VALUES (?, ?, ?, 'user', ?, 'user', ?)
insert into resource_info(resource_id, resource_info_type_id, value,create_user, create_date, modify_user, modify_date) VALUES (?, ?, ?, 'user', ?, 'user', ?)
insert into resource_info(resource_id, resource_info_type_id, value,create_user, create_date, modify_user, modify_date) VALUES (?, ?, ?, 'user', ?, 'user', ?)
INSERT INTO resource (resource_id, resource_role_id, project_id, project_phase_id,create_user, create_date, modify_user, modify_date) VALUES (?, ?, ?, ?, 'user', ?, 'user', ?)
insert into resource_info(resource_id, resource_info_type_id, value,create_user, create_date, modify_user, modify_date) VALUES (?, ?, ?, 'user', ?, 'user', ?)
insert into resource_info(resource_id, resource_info_type_id, value,create_user, create_date, modify_user, modify_date) VALUES (?, ?, ?, 'user', ?, 'user', ?)
insert into resource_info(resource_id, resource_info_type_id, value,create_user, create_date, modify_user, modify_date) VALUES (?, ?, ?, 'user', ?, 'user', ?)
insert into resource_info(resource_id, resource_info_type_id, value,create_user, create_date, modify_user, modify_date) VALUES (?, ?, ?, 'user', ?, 'user', ?)
:->>> INFO :- [EmailEngine.java:379] - Getting configuration for Email Engine...
:->>> INFO :- [EmailEngine.java:486] - Adding message headers...
:->>> INFO :- [EmailEngine.java:379] - Getting configuration for Email Engine...
:->>> INFO :- [EmailEngine.java:486] - Adding message headers...
INSERT INTO resource (resource_id, resource_role_id, project_id, project_phase_id,create_user, create_date, modify_user, modify_date) VALUES (?, ?, ?, ?, 'user', ?, 'user', ?)
insert into resource_info(resource_id, resource_info_type_id, value,create_user, create_date, modify_user, modify_date) VALUES (?, ?, ?, 'user', ?, 'user', ?)
INSERT INTO resource (resource_id, resource_role_id, project_id, project_phase_id,create_user, create_date, modify_user, modify_date) VALUES (?, ?, ?, ?, 'user', ?, 'user', ?)
insert into resource_info(resource_id, resource_info_type_id, value,create_user, create_date, modify_user, modify_date) VALUES (?, ?, ?, 'user', ?, 'user', ?)
INSERT INTO resource (resource_id, resource_role_id, project_id, project_phase_id,create_user, create_date, modify_user, modify_date) VALUES (?, ?, ?, ?, 'user', ?, 'user', ?)
insert into resource_info(resource_id, resource_info_type_id, value,create_user, create_date, modify_user, modify_date) VALUES (?, ?, ?, 'user', ?, 'user', ?)
INSERT INTO resource (resource_id, resource_role_id, project_id, project_phase_id,create_user, create_date, modify_user, modify_date) VALUES (?, ?, ?, ?, 'user', ?, 'user', ?)
insert into resource_info(resource_id, resource_info_type_id, value,create_user, create_date, modify_user, modify_date) VALUES (?, ?, ?, 'user', ?, 'user', ?)
INSERT INTO resource (resource_id, resource_role_id, project_id, project_phase_id,create_user, create_date, modify_user, modify_date) VALUES (?, ?, ?, ?, 'user', ?, 'user', ?)
insert into resource_info(resource_id, resource_info_type_id, value,create_user, create_date, modify_user, modify_date) VALUES (?, ?, ?, 'user', ?, 'user', ?)
INSERT INTO resource (resource_id, resource_role_id, project_id, project_phase_id,create_user, create_date, modify_user, modify_date) VALUES (?, ?, ?, ?, 'user', ?, 'user', ?)
insert into resource_info(resource_id, resource_info_type_id, value,create_user, create_date, modify_user, modify_date) VALUES (?, ?, ?, 'user', ?, 'user', ?)
INSERT INTO resource (resource_id, resource_role_id, project_id, project_phase_id,create_user, create_date, modify_user, modify_date) VALUES (?, ?, ?, ?, 'user', ?, 'user', ?)
insert into resource_info(resource_id, resource_info_type_id, value,create_user, create_date, modify_user, modify_date) VALUES (?, ?, ?, 'user', ?, 'user', ?)
INSERT INTO resource (resource_id, resource_role_id, project_id, project_phase_id,create_user, create_date, modify_user, modify_date) VALUES (?, ?, ?, ?, 'user', ?, 'user', ?)
insert into resource_info(resource_id, resource_info_type_id, value,create_user, create_date, modify_user, modify_date) VALUES (?, ?, ?, 'user', ?, 'user', ?)
INSERT INTO resource (resource_id, resource_role_id, project_id, project_phase_id,create_user, create_date, modify_user, modify_date) VALUES (?, ?, ?, ?, 'user', ?, 'user', ?)
INSERT INTO resource (resource_id, resource_role_id, project_id, project_phase_id,create_user, create_date, modify_user, modify_date) VALUES (?, ?, ?, ?, 'user', ?, 'user', ?)
INSERT INTO resource (resource_id, resource_role_id, project_id, project_phase_id,create_user, create_date, modify_user, modify_date) VALUES (?, ?, ?, ?, 'user', ?, 'user', ?)
insert into resource_info(resource_id, resource_info_type_id, value,create_user, create_date, modify_user, modify_date) VALUES (?, ?, ?, 'user', ?, 'user', ?)
insert into resource_info(resource_id, resource_info_type_id, value,create_user, create_date, modify_user, modify_date) VALUES (?, ?, ?, 'user', ?, 'user', ?)
insert into resource_info(resource_id, resource_info_type_id, value,create_user, create_date, modify_user, modify_date) VALUES (?, ?, ?, 'user', ?, 'user', ?)
INSERT INTO resource (resource_id, resource_role_id, project_id, project_phase_id,create_user, create_date, modify_user, modify_date) VALUES (?, ?, ?, ?, 'user', ?, 'user', ?)
insert into resource_info(resource_id, resource_info_type_id, value,create_user, create_date, modify_user, modify_date) VALUES (?, ?, ?, 'user', ?, 'user', ?)
insert into notification(project_id, external_ref_id, notification_type_id,create_user, create_date, modify_user, modify_date) values (1, 1, 1, 'user', ?, 'user', ?)
insert into notification(project_id, external_ref_id, notification_type_id,create_user, create_date, modify_user, modify_date) values (1, 2, 1, 'user', ?, 'user', ?)
insert into notification(project_id, external_ref_id, notification_type_id,create_user, create_date, modify_user, modify_date) values (1, 3, 1, 'user', ?, 'user', ?)
insert into notification(project_id, external_ref_id, notification_type_id,create_user, create_date, modify_user, modify_date) values (1, 4, 1, 'user', ?, 'user', ?)
insert into notification(project_id, external_ref_id, notification_type_id,create_user, create_date, modify_user, modify_date) values (1, 5, 1, 'user', ?, 'user', ?)
insert into user(user_id, first_name, last_name, handle, status)values (1, 'babut', 'guy', 'babut', 'ON')
insert into user_rating(user_id, phase_id) values (1, 112)
insert into email(user_id, email_id, address, primary_ind) values (1, 1, 'email1.topcoder@gmail.com', 1)
insert into user(user_id, first_name, last_name, handle, status)values (2, 'abc', 'xyz', 'wishingbone', 'ON')
insert into user_rating(user_id, phase_id) values (2, 112)
insert into email(user_id, email_id, address, primary_ind) values (2, 2, 'email2.topcoder@gmail.com', 1)
insert into user(user_id, first_name, last_name, handle, status)values (3, 'abc', 'xyz', 'developer', 'ON')
insert into user_rating(user_id, phase_id) values (3, 112)
insert into email(user_id, email_id, address, primary_ind) values (3, 3, 'email3.topcoder@gmail.com', 1)
insert into user(user_id, first_name, last_name, handle, status)values (4, 'Allen', 'Iverson', 'I3', 'ON')
insert into user_rating(user_id, phase_id) values (4, 112)
insert into email(user_id, email_id, address, primary_ind) values (4, 4, 'email4.topcoder@gmail.com', 1)
insert into user(user_id, first_name, last_name, handle, status)values (5, 'John', 'Lennon', 'lennon', 'ON')
insert into user_rating(user_id, phase_id) values (5, 112)
insert into email(user_id, email_id, address, primary_ind) values (5, 5, 'email5.topcoder@gmail.com', 1)
INSERT INTO resource (resource_id, resource_role_id, project_id, project_phase_id,create_user, create_date, modify_user, modify_date) VALUES (?, ?, ?, ?, 'user', ?, 'user', ?)
INSERT INTO resource (resource_id, resource_role_id, project_id, project_phase_id,create_user, create_date, modify_user, modify_date) VALUES (?, ?, ?, ?, 'user', ?, 'user', ?)
INSERT INTO resource (resource_id, resource_role_id, project_id, project_phase_id,create_user, create_date, modify_user, modify_date) VALUES (?, ?, ?, ?, 'user', ?, 'user', ?)
INSERT INTO resource (resource_id, resource_role_id, project_id, project_phase_id,create_user, create_date, modify_user, modify_date) VALUES (?, ?, ?, ?, 'user', ?, 'user', ?)
insert into resource_info(resource_id, resource_info_type_id, value,create_user, create_date, modify_user, modify_date) VALUES (?, ?, ?, 'user', ?, 'user', ?)
insert into resource_info(resource_id, resource_info_type_id, value,create_user, create_date, modify_user, modify_date) VALUES (?, ?, ?, 'user', ?, 'user', ?)
insert into resource_info(resource_id, resource_info_type_id, value,create_user, create_date, modify_user, modify_date) VALUES (?, ?, ?, 'user', ?, 'user', ?)
insert into resource_info(resource_id, resource_info_type_id, value,create_user, create_date, modify_user, modify_date) VALUES (?, ?, ?, 'user', ?, 'user', ?)
insert into notification(project_id, external_ref_id, notification_type_id,create_user, create_date, modify_user, modify_date) values (1, 1, 1, 'user', ?, 'user', ?)
insert into notification(project_id, external_ref_id, notification_type_id,create_user, create_date, modify_user, modify_date) values (1, 2, 1, 'user', ?, 'user', ?)
insert into notification(project_id, external_ref_id, notification_type_id,create_user, create_date, modify_user, modify_date) values (1, 3, 1, 'user', ?, 'user', ?)
insert into notification(project_id, external_ref_id, notification_type_id,create_user, create_date, modify_user, modify_date) values (1, 4, 1, 'user', ?, 'user', ?)
insert into notification(project_id, external_ref_id, notification_type_id,create_user, create_date, modify_user, modify_date) values (1, 5, 1, 'user', ?, 'user', ?)
insert into user(user_id, first_name, last_name, handle, status)values (1, 'babut', 'guy', 'babut', 'ON')
insert into user_rating(user_id, phase_id) values (1, 112)
insert into email(user_id, email_id, address, primary_ind) values (1, 1, 'email1.topcoder@gmail.com', 1)
insert into user(user_id, first_name, last_name, handle, status)values (2, 'abc', 'xyz', 'wishingbone', 'ON')
insert into user_rating(user_id, phase_id) values (2, 112)
insert into email(user_id, email_id, address, primary_ind) values (2, 2, 'email2.topcoder@gmail.com', 1)
insert into user(user_id, first_name, last_name, handle, status)values (3, 'abc', 'xyz', 'developer', 'ON')
insert into user_rating(user_id, phase_id) values (3, 112)
insert into email(user_id, email_id, address, primary_ind) values (3, 3, 'email3.topcoder@gmail.com', 1)
insert into user(user_id, first_name, last_name, handle, status)values (4, 'Allen', 'Iverson', 'I3', 'ON')
insert into user_rating(user_id, phase_id) values (4, 112)
insert into email(user_id, email_id, address, primary_ind) values (4, 4, 'email4.topcoder@gmail.com', 1)
insert into user(user_id, first_name, last_name, handle, status)values (5, 'John', 'Lennon', 'lennon', 'ON')
insert into user_rating(user_id, phase_id) values (5, 112)
insert into email(user_id, email_id, address, primary_ind) values (5, 5, 'email5.topcoder@gmail.com', 1)
INSERT INTO resource (resource_id, resource_role_id, project_id, project_phase_id,create_user, create_date, modify_user, modify_date) VALUES (?, ?, ?, ?, 'user', ?, 'user', ?)
INSERT INTO resource (resource_id, resource_role_id, project_id, project_phase_id,create_user, create_date, modify_user, modify_date) VALUES (?, ?, ?, ?, 'user', ?, 'user', ?)
INSERT INTO resource (resource_id, resource_role_id, project_id, project_phase_id,create_user, create_date, modify_user, modify_date) VALUES (?, ?, ?, ?, 'user', ?, 'user', ?)
INSERT INTO resource (resource_id, resource_role_id, project_id, project_phase_id,create_user, create_date, modify_user, modify_date) VALUES (?, ?, ?, ?, 'user', ?, 'user', ?)
insert into resource_info(resource_id, resource_info_type_id, value,create_user, create_date, modify_user, modify_date) VALUES (?, ?, ?, 'user', ?, 'user', ?)
insert into resource_info(resource_id, resource_info_type_id, value,create_user, create_date, modify_user, modify_date) VALUES (?, ?, ?, 'user', ?, 'user', ?)
insert into resource_info(resource_id, resource_info_type_id, value,create_user, create_date, modify_user, modify_date) VALUES (?, ?, ?, 'user', ?, 'user', ?)
insert into resource_info(resource_id, resource_info_type_id, value,create_user, create_date, modify_user, modify_date) VALUES (?, ?, ?, 'user', ?, 'user', ?)
INSERT INTO resource (resource_id, resource_role_id, project_id, project_phase_id,create_user, create_date, modify_user, modify_date) VALUES (?, ?, ?, ?, 'user', ?, 'user', ?)
insert into resource_info(resource_id, resource_info_type_id, value,create_user, create_date, modify_user, modify_date) VALUES (?, ?, ?, 'user', ?, 'user', ?)
INSERT INTO resource (resource_id, resource_role_id, project_id, project_phase_id,create_user, create_date, modify_user, modify_date) VALUES (?, ?, ?, ?, 'user', ?, 'user', ?)
INSERT INTO resource (resource_id, resource_role_id, project_id, project_phase_id,create_user, create_date, modify_user, modify_date) VALUES (?, ?, ?, ?, 'user', ?, 'user', ?)
insert into resource_info(resource_id, resource_info_type_id, value,create_user, create_date, modify_user, modify_date) VALUES (?, ?, ?, 'user', ?, 'user', ?)
insert into resource_info(resource_id, resource_info_type_id, value,create_user, create_date, modify_user, modify_date) VALUES (?, ?, ?, 'user', ?, 'user', ?)
INSERT INTO resource (resource_id, resource_role_id, project_id, project_phase_id,create_user, create_date, modify_user, modify_date) VALUES (?, ?, ?, ?, 'user', ?, 'user', ?)
INSERT INTO resource (resource_id, resource_role_id, project_id, project_phase_id,create_user, create_date, modify_user, modify_date) VALUES (?, ?, ?, ?, 'user', ?, 'user', ?)
INSERT INTO resource (resource_id, resource_role_id, project_id, project_phase_id,create_user, create_date, modify_user, modify_date) VALUES (?, ?, ?, ?, 'user', ?, 'user', ?)
insert into resource_info(resource_id, resource_info_type_id, value,create_user, create_date, modify_user, modify_date) VALUES (?, ?, ?, 'user', ?, 'user', ?)
insert into resource_info(resource_id, resource_info_type_id, value,create_user, create_date, modify_user, modify_date) VALUES (?, ?, ?, 'user', ?, 'user', ?)
INSERT INTO resource (resource_id, resource_role_id, project_id, project_phase_id,create_user, create_date, modify_user, modify_date) VALUES (?, ?, ?, ?, 'user', ?, 'user', ?)
INSERT INTO resource (resource_id, resource_role_id, project_id, project_phase_id,create_user, create_date, modify_user, modify_date) VALUES (?, ?, ?, ?, 'user', ?, 'user', ?)
insert into resource_info(resource_id, resource_info_type_id, value,create_user, create_date, modify_user, modify_date) VALUES (?, ?, ?, 'user', ?, 'user', ?)
insert into resource_info(resource_id, resource_info_type_id, value,create_user, create_date, modify_user, modify_date) VALUES (?, ?, ?, 'user', ?, 'user', ?)
INSERT INTO resource (resource_id, resource_role_id, project_id, project_phase_id,create_user, create_date, modify_user, modify_date) VALUES (?, ?, ?, ?, 'user', ?, 'user', ?)
INSERT INTO resource (resource_id, resource_role_id, project_id, project_phase_id,create_user, create_date, modify_user, modify_date) VALUES (?, ?, ?, ?, 'user', ?, 'user', ?)
insert into resource_info(resource_id, resource_info_type_id, value,create_user, create_date, modify_user, modify_date) VALUES (?, ?, ?, 'user', ?, 'user', ?)
insert into resource_info(resource_id, resource_info_type_id, value,create_user, create_date, modify_user, modify_date) VALUES (?, ?, ?, 'user', ?, 'user', ?)
INSERT INTO resource (resource_id, resource_role_id, project_id, project_phase_id,create_user, create_date, modify_user, modify_date) VALUES (?, ?, ?, ?, 'user', ?, 'user', ?)
INSERT INTO resource (resource_id, resource_role_id, project_id, project_phase_id,create_user, create_date, modify_user, modify_date) VALUES (?, ?, ?, ?, 'user', ?, 'user', ?)
insert into resource_info(resource_id, resource_info_type_id, value,create_user, create_date, modify_user, modify_date) VALUES (?, ?, ?, 'user', ?, 'user', ?)
insert into resource_info(resource_id, resource_info_type_id, value,create_user, create_date, modify_user, modify_date) VALUES (?, ?, ?, 'user', ?, 'user', ?)
Running 5 threads to test method [SpecificationReviewPhaseHandler#canPerform]; each took 1172 milliseconds
Running 5 threads to test method [SpecificationReviewPhaseHandler#perform]; each took 20122 milliseconds
Running 5 threads to test method [SpecificationSubmissionPhaseHandler#canPerform]; each took 1603 milliseconds
Running 5 threads to test method [SpecificationSubmissionPhaseHandler#perform]; each took 15991 milliseconds
:->>> INFO :- [EmailEngine.java:379] - Getting configuration for Email Engine...
:->>> INFO :- [EmailEngine.java:486] - Adding message headers...
:->>> INFO :- [EmailEngine.java:379] - Getting configuration for Email Engine...
:->>> INFO :- [EmailEngine.java:486] - Adding message headers...
:->>> INFO :- [EmailEngine.java:379] - Getting configuration for Email Engine...
:->>> INFO :- [EmailEngine.java:486] - Adding message headers...
:->>> INFO :- [EmailEngine.java:379] - Getting configuration for Email Engine...
:->>> INFO :- [EmailEngine.java:486] - Adding message headers...
:->>> INFO :- [EmailEngine.java:379] - Getting configuration for Email Engine...
:->>> INFO :- [EmailEngine.java:486] - Adding message headers...
:->>> INFO :- [EmailEngine.java:379] - Getting configuration for Email Engine...
:->>> INFO :- [EmailEngine.java:486] - Adding message headers...
:->>> INFO :- [EmailEngine.java:379] - Getting configuration for Email Engine...
:->>> INFO :- [EmailEngine.java:486] - Adding message headers...
:->>> INFO :- [EmailEngine.java:379] - Getting configuration for Email Engine...
:->>> INFO :- [EmailEngine.java:486] - Adding message headers...
:->>> INFO :- [EmailEngine.java:379] - Getting configuration for Email Engine...
:->>> INFO :- [EmailEngine.java:486] - Adding message headers...
:->>> INFO :- [EmailEngine.java:379] - Getting configuration for Email Engine...
:->>> INFO :- [EmailEngine.java:486] - Adding message headers...
:->>> INFO :- [EmailEngine.java:379] - Getting configuration for Email Engine...
:->>> INFO :- [EmailEngine.java:486] - Adding message headers...
:->>> INFO :- [EmailEngine.java:379] - Getting configuration for Email Engine...
:->>> INFO :- [EmailEngine.java:486] - Adding message headers...
:->>> INFO :- [EmailEngine.java:379] - Getting configuration for Email Engine...
:->>> INFO :- [EmailEngine.java:486] - Adding message headers...
:->>> INFO :- [EmailEngine.java:379] - Getting configuration for Email Engine...
:->>> INFO :- [EmailEngine.java:486] - Adding message headers...
:->>> INFO :- [EmailEngine.java:379] - Getting configuration for Email Engine...
:->>> INFO :- [EmailEngine.java:486] - Adding message headers...
:->>> INFO :- [EmailEngine.java:379] - Getting configuration for Email Engine...
:->>> INFO :- [EmailEngine.java:486] - Adding message headers...
:->>> INFO :- [EmailEngine.java:379] - Getting configuration for Email Engine...
:->>> INFO :- [EmailEngine.java:486] - Adding message headers...
:->>> INFO :- [EmailEngine.java:379] - Getting configuration for Email Engine...
:->>> INFO :- [EmailEngine.java:486] - Adding message headers...
:->>> INFO :- [EmailEngine.java:379] - Getting configuration for Email Engine...
:->>> INFO :- [EmailEngine.java:486] - Adding message headers...
:->>> INFO :- [EmailEngine.java:379] - Getting configuration for Email Engine...
:->>> INFO :- [EmailEngine.java:486] - Adding message headers...
:->>> INFO :- [EmailEngine.java:379] - Getting configuration for Email Engine...
:->>> INFO :- [EmailEngine.java:486] - Adding message headers...
:->>> INFO :- [EmailEngine.java:379] - Getting configuration for Email Engine...
:->>> INFO :- [EmailEngine.java:486] - Adding message headers...
:->>> INFO :- [EmailEngine.java:379] - Getting configuration for Email Engine...
:->>> INFO :- [EmailEngine.java:486] - Adding message headers...
:->>> INFO :- [EmailEngine.java:379] - Getting configuration for Email Engine...
:->>> INFO :- [EmailEngine.java:486] - Adding message headers...
:->>> INFO :- [EmailEngine.java:379] - Getting configuration for Email Engine...
:->>> INFO :- [EmailEngine.java:486] - Adding message headers...
:->>> INFO :- [EmailEngine.java:379] - Getting configuration for Email Engine...
:->>> INFO :- [EmailEngine.java:486] - Adding message headers...
:->>> INFO :- [EmailEngine.java:379] - Getting configuration for Email Engine...
:->>> INFO :- [EmailEngine.java:486] - Adding message headers...
:->>> INFO :- [EmailEngine.java:379] - Getting configuration for Email Engine...
:->>> INFO :- [EmailEngine.java:486] - Adding message headers...
:->>> INFO :- [EmailEngine.java:379] - Getting configuration for Email Engine...
:->>> INFO :- [EmailEngine.java:486] - Adding message headers...
:->>> INFO :- [EmailEngine.java:379] - Getting configuration for Email Engine...
:->>> INFO :- [EmailEngine.java:486] - Adding message headers...
:->>> INFO :- [EmailEngine.java:379] - Getting configuration for Email Engine...
:->>> INFO :- [EmailEngine.java:486] - Adding message headers...
:->>> INFO :- [EmailEngine.java:379] - Getting configuration for Email Engine...
:->>> INFO :- [EmailEngine.java:486] - Adding message headers...
:->>> INFO :- [EmailEngine.java:379] - Getting configuration for Email Engine...
:->>> INFO :- [EmailEngine.java:486] - Adding message headers...
:->>> INFO :- [EmailEngine.java:379] - Getting configuration for Email Engine...
:->>> INFO :- [EmailEngine.java:486] - Adding message headers...
:->>> INFO :- [EmailEngine.java:379] - Getting configuration for Email Engine...
:->>> INFO :- [EmailEngine.java:486] - Adding message headers...
:->>> INFO :- [EmailEngine.java:379] - Getting configuration for Email Engine...
:->>> INFO :- [EmailEngine.java:486] - Adding message headers...
:->>> INFO :- [EmailEngine.java:379] - Getting configuration for Email Engine...
:->>> INFO :- [EmailEngine.java:486] - Adding message headers...
:->>> INFO :- [EmailEngine.java:379] - Getting configuration for Email Engine...
:->>> INFO :- [EmailEngine.java:486] - Adding message headers...
:->>> INFO :- [EmailEngine.java:379] - Getting configuration for Email Engine...
:->>> INFO :- [EmailEngine.java:486] - Adding message headers...
:->>> INFO :- [EmailEngine.java:379] - Getting configuration for Email Engine...
:->>> INFO :- [EmailEngine.java:486] - Adding message headers...
:->>> INFO :- [EmailEngine.java:379] - Getting configuration for Email Engine...
:->>> INFO :- [EmailEngine.java:486] - Adding message headers...
:->>> INFO :- [EmailEngine.java:379] - Getting configuration for Email Engine...
:->>> INFO :- [EmailEngine.java:486] - Adding message headers...
:->>> INFO :- [EmailEngine.java:379] - Getting configuration for Email Engine...
:->>> INFO :- [EmailEngine.java:486] - Adding message headers...
:->>> INFO :- [EmailEngine.java:379] - Getting configuration for Email Engine...
:->>> INFO :- [EmailEngine.java:486] - Adding message headers...
:->>> INFO :- [EmailEngine.java:379] - Getting configuration for Email Engine...
:->>> INFO :- [EmailEngine.java:486] - Adding message headers...
:->>> INFO :- [EmailEngine.java:379] - Getting configuration for Email Engine...
:->>> INFO :- [EmailEngine.java:486] - Adding message headers...
:->>> INFO :- [EmailEngine.java:379] - Getting configuration for Email Engine...
:->>> INFO :- [EmailEngine.java:486] - Adding message headers...
:->>> INFO :- [EmailEngine.java:379] - Getting configuration for Email Engine...
:->>> INFO :- [EmailEngine.java:486] - Adding message headers...
:->>> INFO :- [EmailEngine.java:379] - Getting configuration for Email Engine...
:->>> INFO :- [EmailEngine.java:486] - Adding message headers...
:->>> INFO :- [EmailEngine.java:379] - Getting configuration for Email Engine...
:->>> INFO :- [EmailEngine.java:486] - Adding message headers...
:->>> INFO :- [EmailEngine.java:379] - Getting configuration for Email Engine...
:->>> INFO :- [EmailEngine.java:486] - Adding message headers...
:->>> INFO :- [EmailEngine.java:379] - Getting configuration for Email Engine...
:->>> INFO :- [EmailEngine.java:486] - Adding message headers...
:->>> INFO :- [EmailEngine.java:379] - Getting configuration for Email Engine...
:->>> INFO :- [EmailEngine.java:486] - Adding message headers...
:->>> INFO :- [EmailEngine.java:379] - Getting configuration for Email Engine...
:->>> INFO :- [EmailEngine.java:486] - Adding message headers...
:->>> INFO :- [EmailEngine.java:379] - Getting configuration for Email Engine...
:->>> INFO :- [EmailEngine.java:486] - Adding message headers...
:->>> INFO :- [EmailEngine.java:379] - Getting configuration for Email Engine...
:->>> INFO :- [EmailEngine.java:486] - Adding message headers...
:->>> INFO :- [EmailEngine.java:379] - Getting configuration for Email Engine...
:->>> INFO :- [EmailEngine.java:486] - Adding message headers...
:->>> INFO :- [EmailEngine.java:379] - Getting configuration for Email Engine...
:->>> INFO :- [EmailEngine.java:486] - Adding message headers...
:->>> INFO :- [EmailEngine.java:379] - Getting configuration for Email Engine...
:->>> INFO :- [EmailEngine.java:486] - Adding message headers...
:->>> INFO :- [EmailEngine.java:379] - Getting configuration for Email Engine...
:->>> INFO :- [EmailEngine.java:486] - Adding message headers...
:->>> INFO :- [EmailEngine.java:379] - Getting configuration for Email Engine...
:->>> INFO :- [EmailEngine.java:486] - Adding message headers...
:->>> INFO :- [EmailEngine.java:379] - Getting configuration for Email Engine...
:->>> INFO :- [EmailEngine.java:486] - Adding message headers...
:->>> INFO :- [EmailEngine.java:379] - Getting configuration for Email Engine...
:->>> INFO :- [EmailEngine.java:486] - Adding message headers...
:->>> INFO :- [EmailEngine.java:379] - Getting configuration for Email Engine...
:->>> INFO :- [EmailEngine.java:486] - Adding message headers...
:->>> INFO :- [EmailEngine.java:379] - Getting configuration for Email Engine...
:->>> INFO :- [EmailEngine.java:486] - Adding message headers...
:->>> INFO :- [EmailEngine.java:379] - Getting configuration for Email Engine...
:->>> INFO :- [EmailEngine.java:486] - Adding message headers...
:->>> INFO :- [EmailEngine.java:379] - Getting configuration for Email Engine...
:->>> INFO :- [EmailEngine.java:486] - Adding message headers...
:->>> INFO :- [EmailEngine.java:379] - Getting configuration for Email Engine...
:->>> INFO :- [EmailEngine.java:486] - Adding message headers...
:->>> INFO :- [EmailEngine.java:379] - Getting configuration for Email Engine...
:->>> INFO :- [EmailEngine.java:486] - Adding message headers...
:->>> INFO :- [EmailEngine.java:379] - Getting configuration for Email Engine...
:->>> INFO :- [EmailEngine.java:486] - Adding message headers...
:->>> INFO :- [EmailEngine.java:379] - Getting configuration for Email Engine...
:->>> INFO :- [EmailEngine.java:486] - Adding message headers...
:->>> INFO :- [EmailEngine.java:379] - Getting configuration for Email Engine...
:->>> INFO :- [EmailEngine.java:486] - Adding message headers...
:->>> INFO :- [EmailEngine.java:379] - Getting configuration for Email Engine...
:->>> INFO :- [EmailEngine.java:486] - Adding message headers...
:->>> INFO :- [EmailEngine.java:379] - Getting configuration for Email Engine...
:->>> INFO :- [EmailEngine.java:486] - Adding message headers...
:->>> INFO :- [EmailEngine.java:379] - Getting configuration for Email Engine...
:->>> INFO :- [EmailEngine.java:486] - Adding message headers...
:->>> INFO :- [EmailEngine.java:379] - Getting configuration for Email Engine...
:->>> INFO :- [EmailEngine.java:486] - Adding message headers...
:->>> INFO :- [EmailEngine.java:379] - Getting configuration for Email Engine...
:->>> INFO :- [EmailEngine.java:486] - Adding message headers...
:->>> INFO :- [EmailEngine.java:379] - Getting configuration for Email Engine...
:->>> INFO :- [EmailEngine.java:486] - Adding message headers...
:->>> INFO :- [EmailEngine.java:379] - Getting configuration for Email Engine...
:->>> INFO :- [EmailEngine.java:486] - Adding message headers...
:->>> INFO :- [EmailEngine.java:379] - Getting configuration for Email Engine...
:->>> INFO :- [EmailEngine.java:486] - Adding message headers...
:->>> INFO :- [EmailEngine.java:379] - Getting configuration for Email Engine...
:->>> INFO :- [EmailEngine.java:486] - Adding message headers...
:->>> INFO :- [EmailEngine.java:379] - Getting configuration for Email Engine...
:->>> INFO :- [EmailEngine.java:486] - Adding message headers...
:->>> INFO :- [EmailEngine.java:379] - Getting configuration for Email Engine...
:->>> INFO :- [EmailEngine.java:486] - Adding message headers...
:->>> INFO :- [EmailEngine.java:379] - Getting configuration for Email Engine...
:->>> INFO :- [EmailEngine.java:486] - Adding message headers...
:->>> INFO :- [EmailEngine.java:379] - Getting configuration for Email Engine...
:->>> INFO :- [EmailEngine.java:486] - Adding message headers...
:->>> INFO :- [EmailEngine.java:379] - Getting configuration for Email Engine...
:->>> INFO :- [EmailEngine.java:486] - Adding message headers...
:->>> INFO :- [EmailEngine.java:379] - Getting configuration for Email Engine...
:->>> INFO :- [EmailEngine.java:486] - Adding message headers...
:->>> INFO :- [EmailEngine.java:379] - Getting configuration for Email Engine...
:->>> INFO :- [EmailEngine.java:486] - Adding message headers...
:->>> INFO :- [EmailEngine.java:379] - Getting configuration for Email Engine...
:->>> INFO :- [EmailEngine.java:486] - Adding message headers...
:->>> INFO :- [EmailEngine.java:379] - Getting configuration for Email Engine...
:->>> INFO :- [EmailEngine.java:486] - Adding message headers...
Run AggregationPhaseHandler::perform(Phase, String)--(the phase status is stop) 5 times took 55430ms.
Run AggregationPhaseHandler::canPerform(Phase)--(the return value is false) 5 times took 1717ms.
Run AggregationPhaseHandler::canPerform(Phase)--(the return value is true) 5 times took 4960ms.
Run AggregationReviewPhaseHandler::canPerform(Phase)--(the phase status is true) 25 times took 0ms.
Run AggregationReviewPhaseHandler::canPerform(Phase)--(the phase status is false) 25 times took 1ms.
Run AggregationReviewPhaseHandler::perform(Phase, String) 5 times took 36562ms.
Run AppealsPhaseHandler::canPerform(Phase)--(the phase status is true) 5 times took 0ms.
Run AppealsPhaseHandler::canPerform(Phase)--(the phase status is false) 25 times took 0ms.
:->>> INFO :- [EmailEngine.java:379] - Getting configuration for Email Engine...
:->>> INFO :- [EmailEngine.java:486] - Adding message headers...
:->>> INFO :- [EmailEngine.java:379] - Getting configuration for Email Engine...
:->>> INFO :- [EmailEngine.java:486] - Adding message headers...
:->>> INFO :- [EmailEngine.java:379] - Getting configuration for Email Engine...
:->>> INFO :- [EmailEngine.java:486] - Adding message headers...
:->>> INFO :- [EmailEngine.java:379] - Getting configuration for Email Engine...
:->>> INFO :- [EmailEngine.java:486] - Adding message headers...
:->>> INFO :- [EmailEngine.java:379] - Getting configuration for Email Engine...
:->>> INFO :- [EmailEngine.java:486] - Adding message headers...
:->>> INFO :- [EmailEngine.java:379] - Getting configuration for Email Engine...
:->>> INFO :- [EmailEngine.java:486] - Adding message headers...
:->>> INFO :- [EmailEngine.java:379] - Getting configuration for Email Engine...
:->>> INFO :- [EmailEngine.java:486] - Adding message headers...
:->>> INFO :- [EmailEngine.java:379] - Getting configuration for Email Engine...
:->>> INFO :- [EmailEngine.java:486] - Adding message headers...
:->>> INFO :- [EmailEngine.java:379] - Getting configuration for Email Engine...
:->>> INFO :- [EmailEngine.java:486] - Adding message headers...
:->>> INFO :- [EmailEngine.java:379] - Getting configuration for Email Engine...
:->>> INFO :- [EmailEngine.java:486] - Adding message headers...
:->>> INFO :- [EmailEngine.java:379] - Getting configuration for Email Engine...
:->>> INFO :- [EmailEngine.java:486] - Adding message headers...
:->>> INFO :- [EmailEngine.java:379] - Getting configuration for Email Engine...
:->>> INFO :- [EmailEngine.java:486] - Adding message headers...
:->>> INFO :- [EmailEngine.java:379] - Getting configuration for Email Engine...
:->>> INFO :- [EmailEngine.java:486] - Adding message headers...
:->>> INFO :- [EmailEngine.java:379] - Getting configuration for Email Engine...
:->>> INFO :- [EmailEngine.java:486] - Adding message headers...
:->>> INFO :- [EmailEngine.java:379] - Getting configuration for Email Engine...
:->>> INFO :- [EmailEngine.java:486] - Adding message headers...
:->>> INFO :- [EmailEngine.java:379] - Getting configuration for Email Engine...
:->>> INFO :- [EmailEngine.java:486] - Adding message headers...
:->>> INFO :- [EmailEngine.java:379] - Getting configuration for Email Engine...
:->>> INFO :- [EmailEngine.java:486] - Adding message headers...
:->>> INFO :- [EmailEngine.java:379] - Getting configuration for Email Engine...
:->>> INFO :- [EmailEngine.java:486] - Adding message headers...
:->>> INFO :- [EmailEngine.java:379] - Getting configuration for Email Engine...
:->>> INFO :- [EmailEngine.java:486] - Adding message headers...
:->>> INFO :- [EmailEngine.java:379] - Getting configuration for Email Engine...
:->>> INFO :- [EmailEngine.java:486] - Adding message headers...
Run AppealsPhaseHandler::perform(Phase, String) 5 times took 41797ms.
Run AppealsResponsePhaseHandler::canPerform(Phase)--(the phase status is true) 25 times took 0ms.
:->>> INFO :- [EmailEngine.java:379] - Getting configuration for Email Engine...
:->>> INFO :- [EmailEngine.java:486] - Adding message headers...
:->>> INFO :- [EmailEngine.java:379] - Getting configuration for Email Engine...
:->>> INFO :- [EmailEngine.java:486] - Adding message headers...
:->>> INFO :- [EmailEngine.java:379] - Getting configuration for Email Engine...
:->>> INFO :- [EmailEngine.java:486] - Adding message headers...
:->>> INFO :- [EmailEngine.java:379] - Getting configuration for Email Engine...
:->>> INFO :- [EmailEngine.java:486] - Adding message headers...
:->>> INFO :- [EmailEngine.java:379] - Getting configuration for Email Engine...
:->>> INFO :- [EmailEngine.java:486] - Adding message headers...
:->>> INFO :- [EmailEngine.java:379] - Getting configuration for Email Engine...
:->>> INFO :- [EmailEngine.java:486] - Adding message headers...
:->>> INFO :- [EmailEngine.java:379] - Getting configuration for Email Engine...
:->>> INFO :- [EmailEngine.java:486] - Adding message headers...
:->>> INFO :- [EmailEngine.java:379] - Getting configuration for Email Engine...
:->>> INFO :- [EmailEngine.java:486] - Adding message headers...
:->>> INFO :- [EmailEngine.java:379] - Getting configuration for Email Engine...
:->>> INFO :- [EmailEngine.java:486] - Adding message headers...
:->>> INFO :- [EmailEngine.java:379] - Getting configuration for Email Engine...
:->>> INFO :- [EmailEngine.java:486] - Adding message headers...
:->>> INFO :- [EmailEngine.java:379] - Getting configuration for Email Engine...
:->>> INFO :- [EmailEngine.java:486] - Adding message headers...
Run AppealsResponsePhaseHandler::perform(Phase, String)--(the phase status is true) 5 times took 17540ms.
Run AppealsResponsePhaseHandler::perform(Phase, String)--(the phase status is false) 5 times took 13444ms.
:->>> INFO :- [EmailEngine.java:379] - Getting configuration for Email Engine...
:->>> INFO :- [EmailEngine.java:486] - Adding message headers...
:->>> INFO :- [EmailEngine.java:379] - Getting configuration for Email Engine...
:->>> INFO :- [EmailEngine.java:486] - Adding message headers...
:->>> INFO :- [EmailEngine.java:379] - Getting configuration for Email Engine...
:->>> INFO :- [EmailEngine.java:486] - Adding message headers...
:->>> INFO :- [EmailEngine.java:379] - Getting configuration for Email Engine...
:->>> INFO :- [EmailEngine.java:486] - Adding message headers...
:->>> INFO :- [EmailEngine.java:379] - Getting configuration for Email Engine...
:->>> INFO :- [EmailEngine.java:486] - Adding message headers...
Run AppealsResponsePhaseHandler::canPerform(Phase)--(the phase status is false) 5 times took 4694ms.
Run ApprovalPhaseHandler::canPerform(Phase)--(the phase status is false) 50 times took 0ms.
Run ApprovalPhaseHandler::perform(Phase, String)--(the phase status is false, the other fixes required is true.) 5 times took 36586ms.
Run ApprovalPhaseHandler::perform(Phase, String)--(the phase status is true) 5 times took 31386ms.
Run ApprovalPhaseHandler::perform(Phase, String)--(the phase status is false, the other fixes required is true.) 5 times took 36859ms.
Run ApprovalPhaseHandler::canPerform(Phase)--(the phase status is true) 5 times took 1597ms.
Run FinalFixPhaseHandler::canPerform(Phase)--(the phase status is true) 5 times took 1123ms.
Run FinalFixPhaseHandler::canPerform(Phase)--(the phase status is false) 50 times took 0ms.
Run AbstractPhaseHandler::sendEmail(Phase, Map) 5 times took 16311ms.
Run FinalReviewPhaseHandler::canPerform(Phase)--(the phase status is true) 5 times took 1ms.
Run FinalReviewPhaseHandler::canPerform(Phase)--(the phase status is false) 50 times took 0ms.
:->>> INFO :- [EmailEngine.java:379] - Getting configuration for Email Engine...
:->>> INFO :- [EmailEngine.java:486] - Adding message headers...
:->>> INFO :- [EmailEngine.java:379] - Getting configuration for Email Engine...
:->>> INFO :- [EmailEngine.java:486] - Adding message headers...
:->>> INFO :- [EmailEngine.java:379] - Getting configuration for Email Engine...
:->>> INFO :- [EmailEngine.java:486] - Adding message headers...
:->>> INFO :- [EmailEngine.java:379] - Getting configuration for Email Engine...
:->>> INFO :- [EmailEngine.java:486] - Adding message headers...
:->>> INFO :- [EmailEngine.java:379] - Getting configuration for Email Engine...
:->>> INFO :- [EmailEngine.java:486] - Adding message headers...
:->>> INFO :- [EmailEngine.java:379] - Getting configuration for Email Engine...
:->>> INFO :- [EmailEngine.java:486] - Adding message headers...
:->>> INFO :- [EmailEngine.java:379] - Getting configuration for Email Engine...
:->>> INFO :- [EmailEngine.java:486] - Adding message headers...
:->>> INFO :- [EmailEngine.java:379] - Getting configuration for Email Engine...
:->>> INFO :- [EmailEngine.java:486] - Adding message headers...
:->>> INFO :- [EmailEngine.java:379] - Getting configuration for Email Engine...
:->>> INFO :- [EmailEngine.java:486] - Adding message headers...
:->>> INFO :- [EmailEngine.java:379] - Getting configuration for Email Engine...
:->>> INFO :- [EmailEngine.java:486] - Adding message headers...
:->>> INFO :- [EmailEngine.java:379] - Getting configuration for Email Engine...
:->>> INFO :- [EmailEngine.java:486] - Adding message headers...
:->>> INFO :- [EmailEngine.java:379] - Getting configuration for Email Engine...
:->>> INFO :- [EmailEngine.java:486] - Adding message headers...
:->>> INFO :- [EmailEngine.java:379] - Getting configuration for Email Engine...
:->>> INFO :- [EmailEngine.java:486] - Adding message headers...
:->>> INFO :- [EmailEngine.java:379] - Getting configuration for Email Engine...
:->>> INFO :- [EmailEngine.java:486] - Adding message headers...
:->>> INFO :- [EmailEngine.java:379] - Getting configuration for Email Engine...
:->>> INFO :- [EmailEngine.java:486] - Adding message headers...
:->>> INFO :- [EmailEngine.java:379] - Getting configuration for Email Engine...
:->>> INFO :- [EmailEngine.java:486] - Adding message headers...
:->>> INFO :- [EmailEngine.java:379] - Getting configuration for Email Engine...
:->>> INFO :- [EmailEngine.java:486] - Adding message headers...
:->>> INFO :- [EmailEngine.java:379] - Getting configuration for Email Engine...
:->>> INFO :- [EmailEngine.java:486] - Adding message headers...
:->>> INFO :- [EmailEngine.java:379] - Getting configuration for Email Engine...
:->>> INFO :- [EmailEngine.java:486] - Adding message headers...
:->>> INFO :- [EmailEngine.java:379] - Getting configuration for Email Engine...
:->>> INFO :- [EmailEngine.java:486] - Adding message headers...
:->>> INFO :- [EmailEngine.java:379] - Getting configuration for Email Engine...
:->>> INFO :- [EmailEngine.java:486] - Adding message headers...
:->>> INFO :- [EmailEngine.java:379] - Getting configuration for Email Engine...
:->>> INFO :- [EmailEngine.java:486] - Adding message headers...
:->>> INFO :- [EmailEngine.java:379] - Getting configuration for Email Engine...
:->>> INFO :- [EmailEngine.java:486] - Adding message headers...
:->>> INFO :- [EmailEngine.java:379] - Getting configuration for Email Engine...
:->>> INFO :- [EmailEngine.java:486] - Adding message headers...
:->>> INFO :- [EmailEngine.java:379] - Getting configuration for Email Engine...
:->>> INFO :- [EmailEngine.java:486] - Adding message headers...
:->>> INFO :- [EmailEngine.java:379] - Getting configuration for Email Engine...
:->>> INFO :- [EmailEngine.java:486] - Adding message headers...
:->>> INFO :- [EmailEngine.java:379] - Getting configuration for Email Engine...
:->>> INFO :- [EmailEngine.java:486] - Adding message headers...
:->>> INFO :- [EmailEngine.java:379] - Getting configuration for Email Engine...
:->>> INFO :- [EmailEngine.java:486] - Adding message headers...
:->>> INFO :- [EmailEngine.java:379] - Getting configuration for Email Engine...
:->>> INFO :- [EmailEngine.java:486] - Adding message headers...
:->>> INFO :- [EmailEngine.java:379] - Getting configuration for Email Engine...
:->>> INFO :- [EmailEngine.java:486] - Adding message headers...
:->>> INFO :- [EmailEngine.java:379] - Getting configuration for Email Engine...
:->>> INFO :- [EmailEngine.java:486] - Adding message headers...
:->>> INFO :- [EmailEngine.java:379] - Getting configuration for Email Engine...
:->>> INFO :- [EmailEngine.java:486] - Adding message headers...
:->>> INFO :- [EmailEngine.java:379] - Getting configuration for Email Engine...
:->>> INFO :- [EmailEngine.java:486] - Adding message headers...
Run FinalReviewPhaseHandler::perform(Phase, String)--(the phase status is true) 5 times took 42827ms.
:->>> INFO :- [EmailEngine.java:379] - Getting configuration for Email Engine...
:->>> INFO :- [EmailEngine.java:486] - Adding message headers...
:->>> INFO :- [EmailEngine.java:379] - Getting configuration for Email Engine...
:->>> INFO :- [EmailEngine.java:486] - Adding message headers...
:->>> INFO :- [EmailEngine.java:379] - Getting configuration for Email Engine...
:->>> INFO :- [EmailEngine.java:486] - Adding message headers...
:->>> INFO :- [EmailEngine.java:379] - Getting configuration for Email Engine...
:->>> INFO :- [EmailEngine.java:486] - Adding message headers...
:->>> INFO :- [EmailEngine.java:379] - Getting configuration for Email Engine...
:->>> INFO :- [EmailEngine.java:486] - Adding message headers...
:->>> INFO :- [EmailEngine.java:379] - Getting configuration for Email Engine...
:->>> INFO :- [EmailEngine.java:486] - Adding message headers...
:->>> INFO :- [EmailEngine.java:379] - Getting configuration for Email Engine...
:->>> INFO :- [EmailEngine.java:486] - Adding message headers...
:->>> INFO :- [EmailEngine.java:379] - Getting configuration for Email Engine...
:->>> INFO :- [EmailEngine.java:486] - Adding message headers...
:->>> INFO :- [EmailEngine.java:379] - Getting configuration for Email Engine...
:->>> INFO :- [EmailEngine.java:486] - Adding message headers...
:->>> INFO :- [EmailEngine.java:379] - Getting configuration for Email Engine...
:->>> INFO :- [EmailEngine.java:486] - Adding message headers...
Run FinalReviewPhaseHandler::perform(Phase, String)--(the phase status is false, the rejecte is true) 5 times took 34959ms.
:->>> INFO :- [EmailEngine.java:379] - Getting configuration for Email Engine...
:->>> INFO :- [EmailEngine.java:486] - Adding message headers...
:->>> INFO :- [EmailEngine.java:379] - Getting configuration for Email Engine...
:->>> INFO :- [EmailEngine.java:486] - Adding message headers...
:->>> INFO :- [EmailEngine.java:379] - Getting configuration for Email Engine...
:->>> INFO :- [EmailEngine.java:486] - Adding message headers...
:->>> INFO :- [EmailEngine.java:379] - Getting configuration for Email Engine...
:->>> INFO :- [EmailEngine.java:486] - Adding message headers...
:->>> INFO :- [EmailEngine.java:379] - Getting configuration for Email Engine...
:->>> INFO :- [EmailEngine.java:486] - Adding message headers...
:->>> INFO :- [EmailEngine.java:379] - Getting configuration for Email Engine...
:->>> INFO :- [EmailEngine.java:486] - Adding message headers...
:->>> INFO :- [EmailEngine.java:379] - Getting configuration for Email Engine...
:->>> INFO :- [EmailEngine.java:486] - Adding message headers...
:->>> INFO :- [EmailEngine.java:379] - Getting configuration for Email Engine...
:->>> INFO :- [EmailEngine.java:486] - Adding message headers...
:->>> INFO :- [EmailEngine.java:379] - Getting configuration for Email Engine...
:->>> INFO :- [EmailEngine.java:486] - Adding message headers...
:->>> INFO :- [EmailEngine.java:379] - Getting configuration for Email Engine...
:->>> INFO :- [EmailEngine.java:486] - Adding message headers...
Run FinalReviewPhaseHandler::perform(Phase, String)--(the phase status is false, the rejecte is false) 5 times took 34024ms.
Run PostMortemPhaseHandler::canPerform(Phase)--(the phase status is true) 5 times took 1ms.
Run PostMortemPhaseHandler::canPerform(Phase)--(the phase status is false) 50 times took 0ms.
:->>> INFO :- [EmailEngine.java:379] - Getting configuration for Email Engine...
:->>> INFO :- [EmailEngine.java:486] - Adding message headers...
:->>> INFO :- [EmailEngine.java:379] - Getting configuration for Email Engine...
:->>> INFO :- [EmailEngine.java:486] - Adding message headers...
:->>> INFO :- [EmailEngine.java:379] - Getting configuration for Email Engine...
:->>> INFO :- [EmailEngine.java:486] - Adding message headers...
:->>> INFO :- [EmailEngine.java:379] - Getting configuration for Email Engine...
:->>> INFO :- [EmailEngine.java:486] - Adding message headers...
:->>> INFO :- [EmailEngine.java:379] - Getting configuration for Email Engine...
:->>> INFO :- [EmailEngine.java:486] - Adding message headers...
Run PostMortemPhaseHandler::perform(Phase, String)--(the phase status is true) 5 times took 33191ms.
Run RegistrationPhaseHandler::canPerform(Phase)--(the phase status is false) 5 times took 2162ms.
Run RegistrationPhaseHandler::canPerform(Phase)--(the phase status is true, the canStart is true, the allParentProjectsCompleted is false) 5 times took 2567ms.
Run ReviewPhaseHandler::canPerform(Phase)--(the phase status is true) 5 times took 1206ms.
:->>> INFO :- [EmailEngine.java:379] - Getting configuration for Email Engine...
:->>> INFO :- [EmailEngine.java:486] - Adding message headers...
:->>> INFO :- [EmailEngine.java:379] - Getting configuration for Email Engine...
:->>> INFO :- [EmailEngine.java:486] - Adding message headers...
:->>> INFO :- [EmailEngine.java:379] - Getting configuration for Email Engine...
:->>> INFO :- [EmailEngine.java:486] - Adding message headers...
:->>> INFO :- [EmailEngine.java:379] - Getting configuration for Email Engine...
:->>> INFO :- [EmailEngine.java:486] - Adding message headers...
:->>> INFO :- [EmailEngine.java:379] - Getting configuration for Email Engine...
:->>> INFO :- [EmailEngine.java:486] - Adding message headers...
:->>> INFO :- [EmailEngine.java:379] - Getting configuration for Email Engine...
:->>> INFO :- [EmailEngine.java:486] - Adding message headers...
:->>> INFO :- [EmailEngine.java:379] - Getting configuration for Email Engine...
:->>> INFO :- [EmailEngine.java:486] - Adding message headers...
:->>> INFO :- [EmailEngine.java:379] - Getting configuration for Email Engine...
:->>> INFO :- [EmailEngine.java:486] - Adding message headers...
:->>> INFO :- [EmailEngine.java:379] - Getting configuration for Email Engine...
:->>> INFO :- [EmailEngine.java:486] - Adding message headers...
:->>> INFO :- [EmailEngine.java:379] - Getting configuration for Email Engine...
:->>> INFO :- [EmailEngine.java:486] - Adding message headers...
Run ReviewPhaseHandler::perform(Phase, String)--(the phase status is true) 5 times took 42777ms.
:->>> INFO :- [EmailEngine.java:379] - Getting configuration for Email Engine...
:->>> INFO :- [EmailEngine.java:486] - Adding message headers...
:->>> INFO :- [EmailEngine.java:379] - Getting configuration for Email Engine...
:->>> INFO :- [EmailEngine.java:486] - Adding message headers...
:->>> INFO :- [EmailEngine.java:379] - Getting configuration for Email Engine...
:->>> INFO :- [EmailEngine.java:486] - Adding message headers...
:->>> INFO :- [EmailEngine.java:379] - Getting configuration for Email Engine...
:->>> INFO :- [EmailEngine.java:486] - Adding message headers...
:->>> INFO :- [EmailEngine.java:379] - Getting configuration for Email Engine...
:->>> INFO :- [EmailEngine.java:486] - Adding message headers...
:->>> INFO :- [EmailEngine.java:379] - Getting configuration for Email Engine...
:->>> INFO :- [EmailEngine.java:486] - Adding message headers...
:->>> INFO :- [EmailEngine.java:379] - Getting configuration for Email Engine...
:->>> INFO :- [EmailEngine.java:486] - Adding message headers...
:->>> INFO :- [EmailEngine.java:379] - Getting configuration for Email Engine...
:->>> INFO :- [EmailEngine.java:486] - Adding message headers...
:->>> INFO :- [EmailEngine.java:379] - Getting configuration for Email Engine...
:->>> INFO :- [EmailEngine.java:486] - Adding message headers...
:->>> INFO :- [EmailEngine.java:379] - Getting configuration for Email Engine...
:->>> INFO :- [EmailEngine.java:486] - Adding message headers...
:->>> INFO :- [EmailEngine.java:379] - Getting configuration for Email Engine...
:->>> INFO :- [EmailEngine.java:486] - Adding message headers...
:->>> INFO :- [EmailEngine.java:379] - Getting configuration for Email Engine...
:->>> INFO :- [EmailEngine.java:486] - Adding message headers...
:->>> INFO :- [EmailEngine.java:379] - Getting configuration for Email Engine...
:->>> INFO :- [EmailEngine.java:486] - Adding message headers...
:->>> INFO :- [EmailEngine.java:379] - Getting configuration for Email Engine...
:->>> INFO :- [EmailEngine.java:486] - Adding message headers...
:->>> INFO :- [EmailEngine.java:379] - Getting configuration for Email Engine...
:->>> INFO :- [EmailEngine.java:486] - Adding message headers...
:->>> INFO :- [EmailEngine.java:379] - Getting configuration for Email Engine...
:->>> INFO :- [EmailEngine.java:486] - Adding message headers...
:->>> INFO :- [EmailEngine.java:379] - Getting configuration for Email Engine...
:->>> INFO :- [EmailEngine.java:486] - Adding message headers...
:->>> INFO :- [EmailEngine.java:379] - Getting configuration for Email Engine...
:->>> INFO :- [EmailEngine.java:486] - Adding message headers...
:->>> INFO :- [EmailEngine.java:379] - Getting configuration for Email Engine...
:->>> INFO :- [EmailEngine.java:486] - Adding message headers...
:->>> INFO :- [EmailEngine.java:379] - Getting configuration for Email Engine...
:->>> INFO :- [EmailEngine.java:486] - Adding message headers...
:->>> INFO :- [EmailEngine.java:379] - Getting configuration for Email Engine...
:->>> INFO :- [EmailEngine.java:486] - Adding message headers...
:->>> INFO :- [EmailEngine.java:379] - Getting configuration for Email Engine...
:->>> INFO :- [EmailEngine.java:486] - Adding message headers...
:->>> INFO :- [EmailEngine.java:379] - Getting configuration for Email Engine...
:->>> INFO :- [EmailEngine.java:486] - Adding message headers...
:->>> INFO :- [EmailEngine.java:379] - Getting configuration for Email Engine...
:->>> INFO :- [EmailEngine.java:486] - Adding message headers...
:->>> INFO :- [EmailEngine.java:379] - Getting configuration for Email Engine...
:->>> INFO :- [EmailEngine.java:486] - Adding message headers...
Run ReviewPhaseHandler::perform(Phase, String)--(the phase status is true) 5 times took 73337ms.
Run ReviewPhaseHandler::canPerform(Phase)--(the phase status is false) 5 times took 11194ms.
Run ScreeningPhaseHandler::canPerform(Phase)--(the phase status is true) 5 times took 1113ms.
Run ScreeningPhaseHandler::perform(Phase, String)--(the phase status is true) 5 times took 18770ms.
:->>> INFO :- [EmailEngine.java:379] - Getting configuration for Email Engine...
:->>> INFO :- [EmailEngine.java:486] - Adding message headers...
:->>> INFO :- [EmailEngine.java:379] - Getting configuration for Email Engine...
:->>> INFO :- [EmailEngine.java:486] - Adding message headers...
:->>> INFO :- [EmailEngine.java:379] - Getting configuration for Email Engine...
:->>> INFO :- [EmailEngine.java:486] - Adding message headers...
:->>> INFO :- [EmailEngine.java:379] - Getting configuration for Email Engine...
:->>> INFO :- [EmailEngine.java:486] - Adding message headers...
:->>> INFO :- [EmailEngine.java:379] - Getting configuration for Email Engine...
:->>> INFO :- [EmailEngine.java:486] - Adding message headers...
:->>> INFO :- [EmailEngine.java:379] - Getting configuration for Email Engine...
:->>> INFO :- [EmailEngine.java:486] - Adding message headers...
:->>> INFO :- [EmailEngine.java:379] - Getting configuration for Email Engine...
:->>> INFO :- [EmailEngine.java:486] - Adding message headers...
:->>> INFO :- [EmailEngine.java:379] - Getting configuration for Email Engine...
:->>> INFO :- [EmailEngine.java:486] - Adding message headers...
:->>> INFO :- [EmailEngine.java:379] - Getting configuration for Email Engine...
:->>> INFO :- [EmailEngine.java:486] - Adding message headers...
:->>> INFO :- [EmailEngine.java:379] - Getting configuration for Email Engine...
:->>> INFO :- [EmailEngine.java:486] - Adding message headers...
:->>> INFO :- [EmailEngine.java:379] - Getting configuration for Email Engine...
:->>> INFO :- [EmailEngine.java:486] - Adding message headers...
:->>> INFO :- [EmailEngine.java:379] - Getting configuration for Email Engine...
:->>> INFO :- [EmailEngine.java:486] - Adding message headers...
:->>> INFO :- [EmailEngine.java:379] - Getting configuration for Email Engine...
:->>> INFO :- [EmailEngine.java:486] - Adding message headers...
:->>> INFO :- [EmailEngine.java:379] - Getting configuration for Email Engine...
:->>> INFO :- [EmailEngine.java:486] - Adding message headers...
:->>> INFO :- [EmailEngine.java:379] - Getting configuration for Email Engine...
:->>> INFO :- [EmailEngine.java:486] - Adding message headers...
:->>> INFO :- [EmailEngine.java:379] - Getting configuration for Email Engine...
:->>> INFO :- [EmailEngine.java:486] - Adding message headers...
:->>> INFO :- [EmailEngine.java:379] - Getting configuration for Email Engine...
:->>> INFO :- [EmailEngine.java:486] - Adding message headers...
:->>> INFO :- [EmailEngine.java:379] - Getting configuration for Email Engine...
:->>> INFO :- [EmailEngine.java:486] - Adding message headers...
:->>> INFO :- [EmailEngine.java:379] - Getting configuration for Email Engine...
:->>> INFO :- [EmailEngine.java:486] - Adding message headers...
:->>> INFO :- [EmailEngine.java:379] - Getting configuration for Email Engine...
:->>> INFO :- [EmailEngine.java:486] - Adding message headers...
Run ScreeningPhaseHandler::canPerform(Phase)--(the phase status is false, the PrimaryScreening is false) 5 times took 9857ms.
Run ScreeningPhaseHandler::canPerform(Phase)--(the phase status is false, the PrimaryScreening is true) 5 times took 6879ms.
Run SubmissionPhaseHandler::canPerform(Phase)--(the phase status is true) 50 times took 0ms.
Run SubmissionPhaseHandler::canPerform(Phase)--(the phase status is false) 5 times took 6222ms.
Run SubmissionPhaseHandler::perform(Phase, String) 5 times took 19055ms.
Run ScreeningPhaseHandler::perform(Phase, String)--(the phase status is true) 5 times took 18770ms.
ScreeningPhaseHandler::perform(Phase, String)--(the phase status is false) 5 times took 9805ms.
Run ScreeningPhaseHandler::canPerform(Phase)--(the phase status is false, the PrimaryScreening is false) 5 times took 9857ms.
Run ScreeningPhaseHandler::canPerform(Phase)--(the phase status is false, the PrimaryScreening is true) 5 times took 6879ms.
Run SubmissionPhaseHandler::canPerform(Phase)--(the phase status is true) 50 times took 0ms.
Run SubmissionPhaseHandler::canPerform(Phase)--(the phase status is false) 5 times took 6222ms.
Run SubmissionPhaseHandler::perform(Phase, String) 5 times took 19055ms.
]]></system-out>
  <system-err><![CDATA[Read propery[ConnectionFactoryNS] which is  required  with value[com.topcoder.db.connectionfactory.DBConnectionFactoryImpl] from namespace [com.topcoder.management.project.persistence.InformixProjectPersistence].
Read propery[ConnectionName] which is  optional  with value[informix_connection] from namespace [com.topcoder.management.project.persistence.InformixProjectPersistence].
Read propery[ProjectIdSequenceName] which is  optional  with value[project_id_seq] from namespace [com.topcoder.management.project.persistence.InformixProjectPersistence].
Read propery[ProjectAuditIdSequenceName] which is  optional  with value[project_audit_id_seq] from namespace [com.topcoder.management.project.persistence.InformixProjectPersistence].
Read propery[ConnectionFactoryNS] which is  required  with value[com.topcoder.db.connectionfactory.DBConnectionFactoryImpl] from namespace [com.topcoder.management.project.persistence.link.ProjectLinkManagerImpl].
Read propery[ConnectionName] which is  optional  with value[informix_connection] from namespace [com.topcoder.management.project.persistence.link.ProjectLinkManagerImpl].
read property ConnectionFactoryNS[com.topcoder.db.connectionfactory.DBConnectionFactoryImpl] from the namespace :com.topcoder.management.scorecard.persistence.InformixScorecardPersistence
read property ConnectionName[informix_connection] from the namespace :com.topcoder.management.scorecard.persistence.InformixScorecardPersistence
create IDGenerator instance with the idGenerator name:scorecard_id_seq
create IDGenerator instance with the idGenerator name:scorecard_group_id_seq
create IDGenerator instance with the idGenerator name:scorecard_section_id_seq
create IDGenerator instance with the idGenerator name:scorecard_question_id_seq
Instantiate SqlUploadPersistence with connectionFactory and connectioName:informix_connection
Instantiate PersistenceUploadManager with UploadPersistence, uploadSearchBundle, submissionSearchBundle, uploadIdGenerator, uploadTypeIdGenerator, uploadStatusIdGenerator, submissionIDGenerator, submissionStatusIdGenerator and submissionTypeIdGenerator.
Instantiate AbstractResourcePersistence with connectionFactory and connectionName[informix_connection].
Read propery[ConnectionFactoryNS] which is  required  with value[com.topcoder.db.connectionfactory.DBConnectionFactoryImpl] from namespace [com.topcoder.management.project.persistence.InformixProjectPersistence].
Read propery[ConnectionName] which is  optional  with value[informix_connection] from namespace [com.topcoder.management.project.persistence.InformixProjectPersistence].
Read propery[ProjectIdSequenceName] which is  optional  with value[project_id_seq] from namespace [com.topcoder.management.project.persistence.InformixProjectPersistence].
Read propery[ProjectAuditIdSequenceName] which is  optional  with value[project_audit_id_seq] from namespace [com.topcoder.management.project.persistence.InformixProjectPersistence].
Read propery[ConnectionFactoryNS] which is  required  with value[com.topcoder.db.connectionfactory.DBConnectionFactoryImpl] from namespace [com.topcoder.management.project.persistence.link.ProjectLinkManagerImpl].
Read propery[ConnectionName] which is  optional  with value[informix_connection] from namespace [com.topcoder.management.project.persistence.link.ProjectLinkManagerImpl].
read property ConnectionFactoryNS[com.topcoder.db.connectionfactory.DBConnectionFactoryImpl] from the namespace :com.topcoder.management.scorecard.persistence.InformixScorecardPersistence
read property ConnectionName[informix_connection] from the namespace :com.topcoder.management.scorecard.persistence.InformixScorecardPersistence
Instantiate SqlUploadPersistence with connectionFactory and connectioName:informix_connection
Instantiate PersistenceUploadManager with UploadPersistence, uploadSearchBundle, submissionSearchBundle, uploadIdGenerator, uploadTypeIdGenerator, uploadStatusIdGenerator, submissionIDGenerator, submissionStatusIdGenerator and submissionTypeIdGenerator.
Instantiate AbstractResourcePersistence with connectionFactory and connectionName[informix_connection].
Read propery[ConnectionFactoryNS] which is  required  with value[com.topcoder.db.connectionfactory.DBConnectionFactoryImpl] from namespace [com.topcoder.management.project.persistence.InformixProjectPersistence].
Read propery[ConnectionName] which is  optional  with value[informix_connection] from namespace [com.topcoder.management.project.persistence.InformixProjectPersistence].
Read propery[ProjectIdSequenceName] which is  optional  with value[project_id_seq] from namespace [com.topcoder.management.project.persistence.InformixProjectPersistence].
Read propery[ProjectAuditIdSequenceName] which is  optional  with value[project_audit_id_seq] from namespace [com.topcoder.management.project.persistence.InformixProjectPersistence].
Read propery[ConnectionFactoryNS] which is  required  with value[com.topcoder.db.connectionfactory.DBConnectionFactoryImpl] from namespace [com.topcoder.management.project.persistence.link.ProjectLinkManagerImpl].
Read propery[ConnectionName] which is  optional  with value[informix_connection] from namespace [com.topcoder.management.project.persistence.link.ProjectLinkManagerImpl].
read property ConnectionFactoryNS[com.topcoder.db.connectionfactory.DBConnectionFactoryImpl] from the namespace :com.topcoder.management.scorecard.persistence.InformixScorecardPersistence
read property ConnectionName[informix_connection] from the namespace :com.topcoder.management.scorecard.persistence.InformixScorecardPersistence
Instantiate SqlUploadPersistence with connectionFactory and connectioName:informix_connection
Instantiate PersistenceUploadManager with UploadPersistence, uploadSearchBundle, submissionSearchBundle, uploadIdGenerator, uploadTypeIdGenerator, uploadStatusIdGenerator, submissionIDGenerator, submissionStatusIdGenerator and submissionTypeIdGenerator.
Instantiate AbstractResourcePersistence with connectionFactory and connectionName[informix_connection].
Read propery[ConnectionFactoryNS] which is  required  with value[com.topcoder.db.connectionfactory.DBConnectionFactoryImpl] from namespace [com.topcoder.management.project.persistence.InformixProjectPersistence].
Read propery[ConnectionName] which is  optional  with value[informix_connection] from namespace [com.topcoder.management.project.persistence.InformixProjectPersistence].
Read propery[ProjectIdSequenceName] which is  optional  with value[project_id_seq] from namespace [com.topcoder.management.project.persistence.InformixProjectPersistence].
Read propery[ProjectAuditIdSequenceName] which is  optional  with value[project_audit_id_seq] from namespace [com.topcoder.management.project.persistence.InformixProjectPersistence].
Read propery[ConnectionFactoryNS] which is  required  with value[com.topcoder.db.connectionfactory.DBConnectionFactoryImpl] from namespace [com.topcoder.management.project.persistence.link.ProjectLinkManagerImpl].
Read propery[ConnectionName] which is  optional  with value[informix_connection] from namespace [com.topcoder.management.project.persistence.link.ProjectLinkManagerImpl].
read property ConnectionFactoryNS[com.topcoder.db.connectionfactory.DBConnectionFactoryImpl] from the namespace :com.topcoder.management.scorecard.persistence.InformixScorecardPersistence
read property ConnectionName[informix_connection] from the namespace :com.topcoder.management.scorecard.persistence.InformixScorecardPersistence
Instantiate SqlUploadPersistence with connectionFactory and connectioName:informix_connection
Instantiate PersistenceUploadManager with UploadPersistence, uploadSearchBundle, submissionSearchBundle, uploadIdGenerator, uploadTypeIdGenerator, uploadStatusIdGenerator, submissionIDGenerator, submissionStatusIdGenerator and submissionTypeIdGenerator.
Instantiate AbstractResourcePersistence with connectionFactory and connectionName[informix_connection].
Read propery[ConnectionFactoryNS] which is  required  with value[com.topcoder.db.connectionfactory.DBConnectionFactoryImpl] from namespace [com.topcoder.management.project.persistence.InformixProjectPersistence].
Read propery[ConnectionName] which is  optional  with value[informix_connection] from namespace [com.topcoder.management.project.persistence.InformixProjectPersistence].
Read propery[ProjectIdSequenceName] which is  optional  with value[project_id_seq] from namespace [com.topcoder.management.project.persistence.InformixProjectPersistence].
Read propery[ProjectAuditIdSequenceName] which is  optional  with value[project_audit_id_seq] from namespace [com.topcoder.management.project.persistence.InformixProjectPersistence].
Read propery[ConnectionFactoryNS] which is  required  with value[com.topcoder.db.connectionfactory.DBConnectionFactoryImpl] from namespace [com.topcoder.management.project.persistence.link.ProjectLinkManagerImpl].
Read propery[ConnectionName] which is  optional  with value[informix_connection] from namespace [com.topcoder.management.project.persistence.link.ProjectLinkManagerImpl].
read property ConnectionFactoryNS[com.topcoder.db.connectionfactory.DBConnectionFactoryImpl] from the namespace :com.topcoder.management.scorecard.persistence.InformixScorecardPersistence
read property ConnectionName[informix_connection] from the namespace :com.topcoder.management.scorecard.persistence.InformixScorecardPersistence
Instantiate SqlUploadPersistence with connectionFactory and connectioName:informix_connection
Instantiate PersistenceUploadManager with UploadPersistence, uploadSearchBundle, submissionSearchBundle, uploadIdGenerator, uploadTypeIdGenerator, uploadStatusIdGenerator, submissionIDGenerator, submissionStatusIdGenerator and submissionTypeIdGenerator.
Instantiate AbstractResourcePersistence with connectionFactory and connectionName[informix_connection].
Read propery[ConnectionFactoryNS] which is  required  with value[com.topcoder.db.connectionfactory.DBConnectionFactoryImpl] from namespace [com.topcoder.management.project.persistence.InformixProjectPersistence].
Read propery[ConnectionName] which is  optional  with value[informix_connection] from namespace [com.topcoder.management.project.persistence.InformixProjectPersistence].
Read propery[ProjectIdSequenceName] which is  optional  with value[project_id_seq] from namespace [com.topcoder.management.project.persistence.InformixProjectPersistence].
Read propery[ProjectAuditIdSequenceName] which is  optional  with value[project_audit_id_seq] from namespace [com.topcoder.management.project.persistence.InformixProjectPersistence].
Read propery[ConnectionFactoryNS] which is  required  with value[com.topcoder.db.connectionfactory.DBConnectionFactoryImpl] from namespace [com.topcoder.management.project.persistence.link.ProjectLinkManagerImpl].
Read propery[ConnectionName] which is  optional  with value[informix_connection] from namespace [com.topcoder.management.project.persistence.link.ProjectLinkManagerImpl].
read property ConnectionFactoryNS[com.topcoder.db.connectionfactory.DBConnectionFactoryImpl] from the namespace :com.topcoder.management.scorecard.persistence.InformixScorecardPersistence
read property ConnectionName[informix_connection] from the namespace :com.topcoder.management.scorecard.persistence.InformixScorecardPersistence
Instantiate SqlUploadPersistence with connectionFactory and connectioName:informix_connection
Instantiate PersistenceUploadManager with UploadPersistence, uploadSearchBundle, submissionSearchBundle, uploadIdGenerator, uploadTypeIdGenerator, uploadStatusIdGenerator, submissionIDGenerator, submissionStatusIdGenerator and submissionTypeIdGenerator.
Instantiate AbstractResourcePersistence with connectionFactory and connectionName[informix_connection].
Read propery[ConnectionFactoryNS] which is  required  with value[com.topcoder.db.connectionfactory.DBConnectionFactoryImpl] from namespace [com.topcoder.management.project.persistence.InformixProjectPersistence].
Read propery[ConnectionName] which is  optional  with value[informix_connection] from namespace [com.topcoder.management.project.persistence.InformixProjectPersistence].
Read propery[ProjectIdSequenceName] which is  optional  with value[project_id_seq] from namespace [com.topcoder.management.project.persistence.InformixProjectPersistence].
Read propery[ProjectAuditIdSequenceName] which is  optional  with value[project_audit_id_seq] from namespace [com.topcoder.management.project.persistence.InformixProjectPersistence].
Read propery[ConnectionFactoryNS] which is  required  with value[com.topcoder.db.connectionfactory.DBConnectionFactoryImpl] from namespace [com.topcoder.management.project.persistence.link.ProjectLinkManagerImpl].
Read propery[ConnectionName] which is  optional  with value[informix_connection] from namespace [com.topcoder.management.project.persistence.link.ProjectLinkManagerImpl].
read property ConnectionFactoryNS[com.topcoder.db.connectionfactory.DBConnectionFactoryImpl] from the namespace :com.topcoder.management.scorecard.persistence.InformixScorecardPersistence
read property ConnectionName[informix_connection] from the namespace :com.topcoder.management.scorecard.persistence.InformixScorecardPersistence
Instantiate SqlUploadPersistence with connectionFactory and connectioName:informix_connection
Instantiate PersistenceUploadManager with UploadPersistence, uploadSearchBundle, submissionSearchBundle, uploadIdGenerator, uploadTypeIdGenerator, uploadStatusIdGenerator, submissionIDGenerator, submissionStatusIdGenerator and submissionTypeIdGenerator.
Instantiate AbstractResourcePersistence with connectionFactory and connectionName[informix_connection].
Read propery[ConnectionFactoryNS] which is  required  with value[com.topcoder.db.connectionfactory.DBConnectionFactoryImpl] from namespace [com.topcoder.management.project.persistence.InformixProjectPersistence].
Read propery[ConnectionName] which is  optional  with value[informix_connection] from namespace [com.topcoder.management.project.persistence.InformixProjectPersistence].
Read propery[ProjectIdSequenceName] which is  optional  with value[project_id_seq] from namespace [com.topcoder.management.project.persistence.InformixProjectPersistence].
Read propery[ProjectAuditIdSequenceName] which is  optional  with value[project_audit_id_seq] from namespace [com.topcoder.management.project.persistence.InformixProjectPersistence].
Read propery[ConnectionFactoryNS] which is  required  with value[com.topcoder.db.connectionfactory.DBConnectionFactoryImpl] from namespace [com.topcoder.management.project.persistence.link.ProjectLinkManagerImpl].
Read propery[ConnectionName] which is  optional  with value[informix_connection] from namespace [com.topcoder.management.project.persistence.link.ProjectLinkManagerImpl].
read property ConnectionFactoryNS[com.topcoder.db.connectionfactory.DBConnectionFactoryImpl] from the namespace :com.topcoder.management.scorecard.persistence.InformixScorecardPersistence
read property ConnectionName[informix_connection] from the namespace :com.topcoder.management.scorecard.persistence.InformixScorecardPersistence
Instantiate SqlUploadPersistence with connectionFactory and connectioName:informix_connection
Instantiate PersistenceUploadManager with UploadPersistence, uploadSearchBundle, submissionSearchBundle, uploadIdGenerator, uploadTypeIdGenerator, uploadStatusIdGenerator, submissionIDGenerator, submissionStatusIdGenerator and submissionTypeIdGenerator.
Instantiate AbstractResourcePersistence with connectionFactory and connectionName[informix_connection].
Read propery[ConnectionFactoryNS] which is  required  with value[com.topcoder.db.connectionfactory.DBConnectionFactoryImpl] from namespace [com.topcoder.management.project.persistence.InformixProjectPersistence].
Read propery[ConnectionName] which is  optional  with value[informix_connection] from namespace [com.topcoder.management.project.persistence.InformixProjectPersistence].
Read propery[ProjectIdSequenceName] which is  optional  with value[project_id_seq] from namespace [com.topcoder.management.project.persistence.InformixProjectPersistence].
Read propery[ProjectAuditIdSequenceName] which is  optional  with value[project_audit_id_seq] from namespace [com.topcoder.management.project.persistence.InformixProjectPersistence].
Read propery[ConnectionFactoryNS] which is  required  with value[com.topcoder.db.connectionfactory.DBConnectionFactoryImpl] from namespace [com.topcoder.management.project.persistence.link.ProjectLinkManagerImpl].
Read propery[ConnectionName] which is  optional  with value[informix_connection] from namespace [com.topcoder.management.project.persistence.link.ProjectLinkManagerImpl].
read property ConnectionFactoryNS[com.topcoder.db.connectionfactory.DBConnectionFactoryImpl] from the namespace :com.topcoder.management.scorecard.persistence.InformixScorecardPersistence
read property ConnectionName[informix_connection] from the namespace :com.topcoder.management.scorecard.persistence.InformixScorecardPersistence
Instantiate SqlUploadPersistence with connectionFactory and connectioName:informix_connection
Instantiate PersistenceUploadManager with UploadPersistence, uploadSearchBundle, submissionSearchBundle, uploadIdGenerator, uploadTypeIdGenerator, uploadStatusIdGenerator, submissionIDGenerator, submissionStatusIdGenerator and submissionTypeIdGenerator.
Instantiate AbstractResourcePersistence with connectionFactory and connectionName[informix_connection].
Read propery[ConnectionFactoryNS] which is  required  with value[com.topcoder.db.connectionfactory.DBConnectionFactoryImpl] from namespace [com.topcoder.management.project.persistence.InformixProjectPersistence].
Read propery[ConnectionName] which is  optional  with value[informix_connection] from namespace [com.topcoder.management.project.persistence.InformixProjectPersistence].
Read propery[ProjectIdSequenceName] which is  optional  with value[project_id_seq] from namespace [com.topcoder.management.project.persistence.InformixProjectPersistence].
Read propery[ProjectAuditIdSequenceName] which is  optional  with value[project_audit_id_seq] from namespace [com.topcoder.management.project.persistence.InformixProjectPersistence].
Read propery[ConnectionFactoryNS] which is  required  with value[com.topcoder.db.connectionfactory.DBConnectionFactoryImpl] from namespace [com.topcoder.management.project.persistence.link.ProjectLinkManagerImpl].
Read propery[ConnectionName] which is  optional  with value[informix_connection] from namespace [com.topcoder.management.project.persistence.link.ProjectLinkManagerImpl].
read property ConnectionFactoryNS[com.topcoder.db.connectionfactory.DBConnectionFactoryImpl] from the namespace :com.topcoder.management.scorecard.persistence.InformixScorecardPersistence
read property ConnectionName[informix_connection] from the namespace :com.topcoder.management.scorecard.persistence.InformixScorecardPersistence
Instantiate SqlUploadPersistence with connectionFactory and connectioName:informix_connection
Instantiate PersistenceUploadManager with UploadPersistence, uploadSearchBundle, submissionSearchBundle, uploadIdGenerator, uploadTypeIdGenerator, uploadStatusIdGenerator, submissionIDGenerator, submissionStatusIdGenerator and submissionTypeIdGenerator.
Instantiate AbstractResourcePersistence with connectionFactory and connectionName[informix_connection].
Read propery[ConnectionFactoryNS] which is  required  with value[com.topcoder.db.connectionfactory.DBConnectionFactoryImpl] from namespace [com.topcoder.management.project.persistence.InformixProjectPersistence].
Read propery[ConnectionName] which is  optional  with value[informix_connection] from namespace [com.topcoder.management.project.persistence.InformixProjectPersistence].
Read propery[ProjectIdSequenceName] which is  optional  with value[project_id_seq] from namespace [com.topcoder.management.project.persistence.InformixProjectPersistence].
Read propery[ProjectAuditIdSequenceName] which is  optional  with value[project_audit_id_seq] from namespace [com.topcoder.management.project.persistence.InformixProjectPersistence].
Read propery[ConnectionFactoryNS] which is  required  with value[com.topcoder.db.connectionfactory.DBConnectionFactoryImpl] from namespace [com.topcoder.management.project.persistence.link.ProjectLinkManagerImpl].
Read propery[ConnectionName] which is  optional  with value[informix_connection] from namespace [com.topcoder.management.project.persistence.link.ProjectLinkManagerImpl].
read property ConnectionFactoryNS[com.topcoder.db.connectionfactory.DBConnectionFactoryImpl] from the namespace :com.topcoder.management.scorecard.persistence.InformixScorecardPersistence
read property ConnectionName[informix_connection] from the namespace :com.topcoder.management.scorecard.persistence.InformixScorecardPersistence
Instantiate SqlUploadPersistence with connectionFactory and connectioName:informix_connection
Instantiate PersistenceUploadManager with UploadPersistence, uploadSearchBundle, submissionSearchBundle, uploadIdGenerator, uploadTypeIdGenerator, uploadStatusIdGenerator, submissionIDGenerator, submissionStatusIdGenerator and submissionTypeIdGenerator.
Instantiate AbstractResourcePersistence with connectionFactory and connectionName[informix_connection].
Read propery[ConnectionFactoryNS] which is  required  with value[com.topcoder.db.connectionfactory.DBConnectionFactoryImpl] from namespace [com.topcoder.management.project.persistence.InformixProjectPersistence].
Read propery[ConnectionName] which is  optional  with value[informix_connection] from namespace [com.topcoder.management.project.persistence.InformixProjectPersistence].
Read propery[ProjectIdSequenceName] which is  optional  with value[project_id_seq] from namespace [com.topcoder.management.project.persistence.InformixProjectPersistence].
Read propery[ProjectAuditIdSequenceName] which is  optional  with value[project_audit_id_seq] from namespace [com.topcoder.management.project.persistence.InformixProjectPersistence].
Read propery[ConnectionFactoryNS] which is  required  with value[com.topcoder.db.connectionfactory.DBConnectionFactoryImpl] from namespace [com.topcoder.management.project.persistence.link.ProjectLinkManagerImpl].
Read propery[ConnectionName] which is  optional  with value[informix_connection] from namespace [com.topcoder.management.project.persistence.link.ProjectLinkManagerImpl].
read property ConnectionFactoryNS[com.topcoder.db.connectionfactory.DBConnectionFactoryImpl] from the namespace :com.topcoder.management.scorecard.persistence.InformixScorecardPersistence
read property ConnectionName[informix_connection] from the namespace :com.topcoder.management.scorecard.persistence.InformixScorecardPersistence
Instantiate SqlUploadPersistence with connectionFactory and connectioName:informix_connection
Instantiate PersistenceUploadManager with UploadPersistence, uploadSearchBundle, submissionSearchBundle, uploadIdGenerator, uploadTypeIdGenerator, uploadStatusIdGenerator, submissionIDGenerator, submissionStatusIdGenerator and submissionTypeIdGenerator.
Instantiate AbstractResourcePersistence with connectionFactory and connectionName[informix_connection].
Read propery[ConnectionFactoryNS] which is  required  with value[com.topcoder.db.connectionfactory.DBConnectionFactoryImpl] from namespace [com.topcoder.management.project.persistence.InformixProjectPersistence].
Read propery[ConnectionName] which is  optional  with value[informix_connection] from namespace [com.topcoder.management.project.persistence.InformixProjectPersistence].
Read propery[ProjectIdSequenceName] which is  optional  with value[project_id_seq] from namespace [com.topcoder.management.project.persistence.InformixProjectPersistence].
Read propery[ProjectAuditIdSequenceName] which is  optional  with value[project_audit_id_seq] from namespace [com.topcoder.management.project.persistence.InformixProjectPersistence].
Read propery[ConnectionFactoryNS] which is  required  with value[com.topcoder.db.connectionfactory.DBConnectionFactoryImpl] from namespace [com.topcoder.management.project.persistence.link.ProjectLinkManagerImpl].
Read propery[ConnectionName] which is  optional  with value[informix_connection] from namespace [com.topcoder.management.project.persistence.link.ProjectLinkManagerImpl].
read property ConnectionFactoryNS[com.topcoder.db.connectionfactory.DBConnectionFactoryImpl] from the namespace :com.topcoder.management.scorecard.persistence.InformixScorecardPersistence
read property ConnectionName[informix_connection] from the namespace :com.topcoder.management.scorecard.persistence.InformixScorecardPersistence
Instantiate SqlUploadPersistence with connectionFactory and connectioName:informix_connection
Instantiate PersistenceUploadManager with UploadPersistence, uploadSearchBundle, submissionSearchBundle, uploadIdGenerator, uploadTypeIdGenerator, uploadStatusIdGenerator, submissionIDGenerator, submissionStatusIdGenerator and submissionTypeIdGenerator.
Instantiate AbstractResourcePersistence with connectionFactory and connectionName[informix_connection].
load Resource role with ids:[J@193385d,[J@193385d,[J@193385d,[J@193385d,[J@193385d,[J@193385d,[J@193385d,[J@193385d,[J@193385d,[J@193385d,[J@193385d,[J@193385d,[J@193385d,[J@193385d,[J@193385d,[J@193385d,[J@193385d,[J@193385d,[J@193385d,[J@193385d,[J@193385d,[J@193385d
operator: UnknownresourceId: Unknown - creating db connection using connection name: informix_connection
committing transaction
Read propery[ConnectionFactoryNS] which is  required  with value[com.topcoder.db.connectionfactory.DBConnectionFactoryImpl] from namespace [com.topcoder.management.project.persistence.InformixProjectPersistence].
Read propery[ConnectionName] which is  optional  with value[informix_connection] from namespace [com.topcoder.management.project.persistence.InformixProjectPersistence].
Read propery[ProjectIdSequenceName] which is  optional  with value[project_id_seq] from namespace [com.topcoder.management.project.persistence.InformixProjectPersistence].
Read propery[ProjectAuditIdSequenceName] which is  optional  with value[project_audit_id_seq] from namespace [com.topcoder.management.project.persistence.InformixProjectPersistence].
Read propery[ConnectionFactoryNS] which is  required  with value[com.topcoder.db.connectionfactory.DBConnectionFactoryImpl] from namespace [com.topcoder.management.project.persistence.link.ProjectLinkManagerImpl].
Read propery[ConnectionName] which is  optional  with value[informix_connection] from namespace [com.topcoder.management.project.persistence.link.ProjectLinkManagerImpl].
read property ConnectionFactoryNS[com.topcoder.db.connectionfactory.DBConnectionFactoryImpl] from the namespace :com.topcoder.management.scorecard.persistence.InformixScorecardPersistence
read property ConnectionName[informix_connection] from the namespace :com.topcoder.management.scorecard.persistence.InformixScorecardPersistence
Instantiate SqlUploadPersistence with connectionFactory and connectioName:informix_connection
Instantiate PersistenceUploadManager with UploadPersistence, uploadSearchBundle, submissionSearchBundle, uploadIdGenerator, uploadTypeIdGenerator, uploadStatusIdGenerator, submissionIDGenerator, submissionStatusIdGenerator and submissionTypeIdGenerator.
Instantiate AbstractResourcePersistence with connectionFactory and connectionName[informix_connection].
load Resource role with ids:[J@c05d3b,[J@c05d3b,[J@c05d3b,[J@c05d3b,[J@c05d3b,[J@c05d3b,[J@c05d3b,[J@c05d3b,[J@c05d3b,[J@c05d3b,[J@c05d3b,[J@c05d3b,[J@c05d3b,[J@c05d3b,[J@c05d3b,[J@c05d3b,[J@c05d3b,[J@c05d3b,[J@c05d3b,[J@c05d3b,[J@c05d3b,[J@c05d3b
operator: UnknownresourceId: Unknown - creating db connection using connection name: informix_connection
committing transaction
Read propery[ConnectionFactoryNS] which is  required  with value[com.topcoder.db.connectionfactory.DBConnectionFactoryImpl] from namespace [com.topcoder.management.project.persistence.InformixProjectPersistence].
Read propery[ConnectionName] which is  optional  with value[informix_connection] from namespace [com.topcoder.management.project.persistence.InformixProjectPersistence].
Read propery[ProjectIdSequenceName] which is  optional  with value[project_id_seq] from namespace [com.topcoder.management.project.persistence.InformixProjectPersistence].
Read propery[ProjectAuditIdSequenceName] which is  optional  with value[project_audit_id_seq] from namespace [com.topcoder.management.project.persistence.InformixProjectPersistence].
Read propery[ConnectionFactoryNS] which is  required  with value[com.topcoder.db.connectionfactory.DBConnectionFactoryImpl] from namespace [com.topcoder.management.project.persistence.link.ProjectLinkManagerImpl].
Read propery[ConnectionName] which is  optional  with value[informix_connection] from namespace [com.topcoder.management.project.persistence.link.ProjectLinkManagerImpl].
read property ConnectionFactoryNS[com.topcoder.db.connectionfactory.DBConnectionFactoryImpl] from the namespace :com.topcoder.management.scorecard.persistence.InformixScorecardPersistence
read property ConnectionName[informix_connection] from the namespace :com.topcoder.management.scorecard.persistence.InformixScorecardPersistence
Instantiate SqlUploadPersistence with connectionFactory and connectioName:informix_connection
Instantiate PersistenceUploadManager with UploadPersistence, uploadSearchBundle, submissionSearchBundle, uploadIdGenerator, uploadTypeIdGenerator, uploadStatusIdGenerator, submissionIDGenerator, submissionStatusIdGenerator and submissionTypeIdGenerator.
Instantiate AbstractResourcePersistence with connectionFactory and connectionName[informix_connection].
load Resource role with ids:[J@1b15692,[J@1b15692,[J@1b15692,[J@1b15692,[J@1b15692,[J@1b15692,[J@1b15692,[J@1b15692,[J@1b15692,[J@1b15692,[J@1b15692,[J@1b15692,[J@1b15692,[J@1b15692,[J@1b15692,[J@1b15692,[J@1b15692,[J@1b15692,[J@1b15692,[J@1b15692,[J@1b15692,[J@1b15692
operator: UnknownresourceId: Unknown - creating db connection using connection name: informix_connection
committing transaction
Read propery[ConnectionFactoryNS] which is  required  with value[com.topcoder.db.connectionfactory.DBConnectionFactoryImpl] from namespace [com.topcoder.management.project.persistence.InformixProjectPersistence].
Read propery[ConnectionName] which is  optional  with value[informix_connection] from namespace [com.topcoder.management.project.persistence.InformixProjectPersistence].
Read propery[ProjectIdSequenceName] which is  optional  with value[project_id_seq] from namespace [com.topcoder.management.project.persistence.InformixProjectPersistence].
Read propery[ProjectAuditIdSequenceName] which is  optional  with value[project_audit_id_seq] from namespace [com.topcoder.management.project.persistence.InformixProjectPersistence].
Read propery[ConnectionFactoryNS] which is  required  with value[com.topcoder.db.connectionfactory.DBConnectionFactoryImpl] from namespace [com.topcoder.management.project.persistence.link.ProjectLinkManagerImpl].
Read propery[ConnectionName] which is  optional  with value[informix_connection] from namespace [com.topcoder.management.project.persistence.link.ProjectLinkManagerImpl].
read property ConnectionFactoryNS[com.topcoder.db.connectionfactory.DBConnectionFactoryImpl] from the namespace :com.topcoder.management.scorecard.persistence.InformixScorecardPersistence
read property ConnectionName[informix_connection] from the namespace :com.topcoder.management.scorecard.persistence.InformixScorecardPersistence
Instantiate SqlUploadPersistence with connectionFactory and connectioName:informix_connection
Instantiate PersistenceUploadManager with UploadPersistence, uploadSearchBundle, submissionSearchBundle, uploadIdGenerator, uploadTypeIdGenerator, uploadStatusIdGenerator, submissionIDGenerator, submissionStatusIdGenerator and submissionTypeIdGenerator.
Instantiate AbstractResourcePersistence with connectionFactory and connectionName[informix_connection].
load Resource role with ids:[J@290fbc,[J@290fbc,[J@290fbc,[J@290fbc,[J@290fbc,[J@290fbc,[J@290fbc,[J@290fbc,[J@290fbc,[J@290fbc,[J@290fbc,[J@290fbc,[J@290fbc,[J@290fbc,[J@290fbc,[J@290fbc,[J@290fbc,[J@290fbc,[J@290fbc,[J@290fbc,[J@290fbc,[J@290fbc
operator: UnknownresourceId: Unknown - creating db connection using connection name: informix_connection
committing transaction
Read propery[ConnectionFactoryNS] which is  required  with value[com.topcoder.db.connectionfactory.DBConnectionFactoryImpl] from namespace [com.topcoder.management.project.persistence.InformixProjectPersistence].
Read propery[ConnectionName] which is  optional  with value[informix_connection] from namespace [com.topcoder.management.project.persistence.InformixProjectPersistence].
Read propery[ProjectIdSequenceName] which is  optional  with value[project_id_seq] from namespace [com.topcoder.management.project.persistence.InformixProjectPersistence].
Read propery[ProjectAuditIdSequenceName] which is  optional  with value[project_audit_id_seq] from namespace [com.topcoder.management.project.persistence.InformixProjectPersistence].
Read propery[ConnectionFactoryNS] which is  required  with value[com.topcoder.db.connectionfactory.DBConnectionFactoryImpl] from namespace [com.topcoder.management.project.persistence.link.ProjectLinkManagerImpl].
Read propery[ConnectionName] which is  optional  with value[informix_connection] from namespace [com.topcoder.management.project.persistence.link.ProjectLinkManagerImpl].
read property ConnectionFactoryNS[com.topcoder.db.connectionfactory.DBConnectionFactoryImpl] from the namespace :com.topcoder.management.scorecard.persistence.InformixScorecardPersistence
read property ConnectionName[informix_connection] from the namespace :com.topcoder.management.scorecard.persistence.InformixScorecardPersistence
Instantiate SqlUploadPersistence with connectionFactory and connectioName:informix_connection
Instantiate PersistenceUploadManager with UploadPersistence, uploadSearchBundle, submissionSearchBundle, uploadIdGenerator, uploadTypeIdGenerator, uploadStatusIdGenerator, submissionIDGenerator, submissionStatusIdGenerator and submissionTypeIdGenerator.
Instantiate AbstractResourcePersistence with connectionFactory and connectionName[informix_connection].
load Resource role with ids:[J@b8f8eb,[J@b8f8eb,[J@b8f8eb,[J@b8f8eb,[J@b8f8eb,[J@b8f8eb,[J@b8f8eb,[J@b8f8eb,[J@b8f8eb,[J@b8f8eb,[J@b8f8eb,[J@b8f8eb,[J@b8f8eb,[J@b8f8eb,[J@b8f8eb,[J@b8f8eb,[J@b8f8eb,[J@b8f8eb,[J@b8f8eb,[J@b8f8eb,[J@b8f8eb,[J@b8f8eb
operator: UnknownresourceId: Unknown - creating db connection using connection name: informix_connection
committing transaction
Read propery[ConnectionFactoryNS] which is  required  with value[com.topcoder.db.connectionfactory.DBConnectionFactoryImpl] from namespace [com.topcoder.management.project.persistence.InformixProjectPersistence].
Read propery[ConnectionName] which is  optional  with value[informix_connection] from namespace [com.topcoder.management.project.persistence.InformixProjectPersistence].
Read propery[ProjectIdSequenceName] which is  optional  with value[project_id_seq] from namespace [com.topcoder.management.project.persistence.InformixProjectPersistence].
Read propery[ProjectAuditIdSequenceName] which is  optional  with value[project_audit_id_seq] from namespace [com.topcoder.management.project.persistence.InformixProjectPersistence].
Read propery[ConnectionFactoryNS] which is  required  with value[com.topcoder.db.connectionfactory.DBConnectionFactoryImpl] from namespace [com.topcoder.management.project.persistence.link.ProjectLinkManagerImpl].
Read propery[ConnectionName] which is  optional  with value[informix_connection] from namespace [com.topcoder.management.project.persistence.link.ProjectLinkManagerImpl].
read property ConnectionFactoryNS[com.topcoder.db.connectionfactory.DBConnectionFactoryImpl] from the namespace :com.topcoder.management.scorecard.persistence.InformixScorecardPersistence
read property ConnectionName[informix_connection] from the namespace :com.topcoder.management.scorecard.persistence.InformixScorecardPersistence
Instantiate SqlUploadPersistence with connectionFactory and connectioName:informix_connection
Instantiate PersistenceUploadManager with UploadPersistence, uploadSearchBundle, submissionSearchBundle, uploadIdGenerator, uploadTypeIdGenerator, uploadStatusIdGenerator, submissionIDGenerator, submissionStatusIdGenerator and submissionTypeIdGenerator.
Instantiate AbstractResourcePersistence with connectionFactory and connectionName[informix_connection].
load Resource role with ids:[J@961dff,[J@961dff,[J@961dff,[J@961dff,[J@961dff,[J@961dff,[J@961dff,[J@961dff,[J@961dff,[J@961dff,[J@961dff,[J@961dff,[J@961dff,[J@961dff,[J@961dff,[J@961dff,[J@961dff,[J@961dff,[J@961dff,[J@961dff,[J@961dff,[J@961dff
operator: UnknownresourceId: Unknown - creating db connection using connection name: informix_connection
committing transaction
Read propery[ConnectionFactoryNS] which is  required  with value[com.topcoder.db.connectionfactory.DBConnectionFactoryImpl] from namespace [com.topcoder.management.project.persistence.InformixProjectPersistence].
Read propery[ConnectionName] which is  optional  with value[informix_connection] from namespace [com.topcoder.management.project.persistence.InformixProjectPersistence].
Read propery[ProjectIdSequenceName] which is  optional  with value[project_id_seq] from namespace [com.topcoder.management.project.persistence.InformixProjectPersistence].
Read propery[ProjectAuditIdSequenceName] which is  optional  with value[project_audit_id_seq] from namespace [com.topcoder.management.project.persistence.InformixProjectPersistence].
Read propery[ConnectionFactoryNS] which is  required  with value[com.topcoder.db.connectionfactory.DBConnectionFactoryImpl] from namespace [com.topcoder.management.project.persistence.link.ProjectLinkManagerImpl].
Read propery[ConnectionName] which is  optional  with value[informix_connection] from namespace [com.topcoder.management.project.persistence.link.ProjectLinkManagerImpl].
read property ConnectionFactoryNS[com.topcoder.db.connectionfactory.DBConnectionFactoryImpl] from the namespace :com.topcoder.management.scorecard.persistence.InformixScorecardPersistence
read property ConnectionName[informix_connection] from the namespace :com.topcoder.management.scorecard.persistence.InformixScorecardPersistence
Instantiate SqlUploadPersistence with connectionFactory and connectioName:informix_connection
Instantiate PersistenceUploadManager with UploadPersistence, uploadSearchBundle, submissionSearchBundle, uploadIdGenerator, uploadTypeIdGenerator, uploadStatusIdGenerator, submissionIDGenerator, submissionStatusIdGenerator and submissionTypeIdGenerator.
Instantiate AbstractResourcePersistence with connectionFactory and connectionName[informix_connection].
load Resource role with ids:[J@1113622,[J@1113622,[J@1113622,[J@1113622,[J@1113622,[J@1113622,[J@1113622,[J@1113622,[J@1113622,[J@1113622,[J@1113622,[J@1113622,[J@1113622,[J@1113622,[J@1113622,[J@1113622,[J@1113622,[J@1113622,[J@1113622,[J@1113622,[J@1113622,[J@1113622
operator: UnknownresourceId: Unknown - creating db connection using connection name: informix_connection
committing transaction
Read propery[ConnectionFactoryNS] which is  required  with value[com.topcoder.db.connectionfactory.DBConnectionFactoryImpl] from namespace [com.topcoder.management.project.persistence.InformixProjectPersistence].
Read propery[ConnectionName] which is  optional  with value[informix_connection] from namespace [com.topcoder.management.project.persistence.InformixProjectPersistence].
Read propery[ProjectIdSequenceName] which is  optional  with value[project_id_seq] from namespace [com.topcoder.management.project.persistence.InformixProjectPersistence].
Read propery[ProjectAuditIdSequenceName] which is  optional  with value[project_audit_id_seq] from namespace [com.topcoder.management.project.persistence.InformixProjectPersistence].
Read propery[ConnectionFactoryNS] which is  required  with value[com.topcoder.db.connectionfactory.DBConnectionFactoryImpl] from namespace [com.topcoder.management.project.persistence.link.ProjectLinkManagerImpl].
Read propery[ConnectionName] which is  optional  with value[informix_connection] from namespace [com.topcoder.management.project.persistence.link.ProjectLinkManagerImpl].
read property ConnectionFactoryNS[com.topcoder.db.connectionfactory.DBConnectionFactoryImpl] from the namespace :com.topcoder.management.scorecard.persistence.InformixScorecardPersistence
read property ConnectionName[informix_connection] from the namespace :com.topcoder.management.scorecard.persistence.InformixScorecardPersistence
Instantiate SqlUploadPersistence with connectionFactory and connectioName:informix_connection
Instantiate PersistenceUploadManager with UploadPersistence, uploadSearchBundle, submissionSearchBundle, uploadIdGenerator, uploadTypeIdGenerator, uploadStatusIdGenerator, submissionIDGenerator, submissionStatusIdGenerator and submissionTypeIdGenerator.
Instantiate AbstractResourcePersistence with connectionFactory and connectionName[informix_connection].
load Resource role with ids:[J@7109c4,[J@7109c4,[J@7109c4,[J@7109c4,[J@7109c4,[J@7109c4,[J@7109c4,[J@7109c4,[J@7109c4,[J@7109c4,[J@7109c4,[J@7109c4,[J@7109c4,[J@7109c4,[J@7109c4,[J@7109c4,[J@7109c4,[J@7109c4,[J@7109c4,[J@7109c4,[J@7109c4,[J@7109c4
operator: UnknownresourceId: Unknown - creating db connection using connection name: informix_connection
committing transaction
Read propery[ConnectionFactoryNS] which is  required  with value[com.topcoder.db.connectionfactory.DBConnectionFactoryImpl] from namespace [com.topcoder.management.project.persistence.InformixProjectPersistence].
Read propery[ConnectionName] which is  optional  with value[informix_connection] from namespace [com.topcoder.management.project.persistence.InformixProjectPersistence].
Read propery[ProjectIdSequenceName] which is  optional  with value[project_id_seq] from namespace [com.topcoder.management.project.persistence.InformixProjectPersistence].
Read propery[ProjectAuditIdSequenceName] which is  optional  with value[project_audit_id_seq] from namespace [com.topcoder.management.project.persistence.InformixProjectPersistence].
Read propery[ConnectionFactoryNS] which is  required  with value[com.topcoder.db.connectionfactory.DBConnectionFactoryImpl] from namespace [com.topcoder.management.project.persistence.link.ProjectLinkManagerImpl].
Read propery[ConnectionName] which is  optional  with value[informix_connection] from namespace [com.topcoder.management.project.persistence.link.ProjectLinkManagerImpl].
read property ConnectionFactoryNS[com.topcoder.db.connectionfactory.DBConnectionFactoryImpl] from the namespace :com.topcoder.management.scorecard.persistence.InformixScorecardPersistence
read property ConnectionName[informix_connection] from the namespace :com.topcoder.management.scorecard.persistence.InformixScorecardPersistence
Instantiate SqlUploadPersistence with connectionFactory and connectioName:informix_connection
Instantiate PersistenceUploadManager with UploadPersistence, uploadSearchBundle, submissionSearchBundle, uploadIdGenerator, uploadTypeIdGenerator, uploadStatusIdGenerator, submissionIDGenerator, submissionStatusIdGenerator and submissionTypeIdGenerator.
Instantiate AbstractResourcePersistence with connectionFactory and connectionName[informix_connection].
load Resource role with ids:[J@4ecfdd,[J@4ecfdd,[J@4ecfdd,[J@4ecfdd,[J@4ecfdd,[J@4ecfdd,[J@4ecfdd,[J@4ecfdd,[J@4ecfdd,[J@4ecfdd,[J@4ecfdd,[J@4ecfdd,[J@4ecfdd,[J@4ecfdd,[J@4ecfdd,[J@4ecfdd,[J@4ecfdd,[J@4ecfdd,[J@4ecfdd,[J@4ecfdd,[J@4ecfdd,[J@4ecfdd
operator: UnknownresourceId: Unknown - creating db connection using connection name: informix_connection
committing transaction
Read propery[ConnectionFactoryNS] which is  required  with value[com.topcoder.db.connectionfactory.DBConnectionFactoryImpl] from namespace [com.topcoder.management.project.persistence.InformixProjectPersistence].
Read propery[ConnectionName] which is  optional  with value[informix_connection] from namespace [com.topcoder.management.project.persistence.InformixProjectPersistence].
Read propery[ProjectIdSequenceName] which is  optional  with value[project_id_seq] from namespace [com.topcoder.management.project.persistence.InformixProjectPersistence].
Read propery[ProjectAuditIdSequenceName] which is  optional  with value[project_audit_id_seq] from namespace [com.topcoder.management.project.persistence.InformixProjectPersistence].
Read propery[ConnectionFactoryNS] which is  required  with value[com.topcoder.db.connectionfactory.DBConnectionFactoryImpl] from namespace [com.topcoder.management.project.persistence.link.ProjectLinkManagerImpl].
Read propery[ConnectionName] which is  optional  with value[informix_connection] from namespace [com.topcoder.management.project.persistence.link.ProjectLinkManagerImpl].
read property ConnectionFactoryNS[com.topcoder.db.connectionfactory.DBConnectionFactoryImpl] from the namespace :com.topcoder.management.scorecard.persistence.InformixScorecardPersistence
read property ConnectionName[informix_connection] from the namespace :com.topcoder.management.scorecard.persistence.InformixScorecardPersistence
Instantiate SqlUploadPersistence with connectionFactory and connectioName:informix_connection
Instantiate PersistenceUploadManager with UploadPersistence, uploadSearchBundle, submissionSearchBundle, uploadIdGenerator, uploadTypeIdGenerator, uploadStatusIdGenerator, submissionIDGenerator, submissionStatusIdGenerator and submissionTypeIdGenerator.
Instantiate AbstractResourcePersistence with connectionFactory and connectionName[informix_connection].
load Resource role with ids:[J@125844f,[J@125844f,[J@125844f,[J@125844f,[J@125844f,[J@125844f,[J@125844f,[J@125844f,[J@125844f,[J@125844f,[J@125844f,[J@125844f,[J@125844f,[J@125844f,[J@125844f,[J@125844f,[J@125844f,[J@125844f,[J@125844f,[J@125844f,[J@125844f,[J@125844f
operator: UnknownresourceId: Unknown - creating db connection using connection name: informix_connection
committing transaction
Read propery[ConnectionFactoryNS] which is  required  with value[com.topcoder.db.connectionfactory.DBConnectionFactoryImpl] from namespace [com.topcoder.management.project.persistence.InformixProjectPersistence].
Read propery[ConnectionName] which is  optional  with value[informix_connection] from namespace [com.topcoder.management.project.persistence.InformixProjectPersistence].
Read propery[ProjectIdSequenceName] which is  optional  with value[project_id_seq] from namespace [com.topcoder.management.project.persistence.InformixProjectPersistence].
Read propery[ProjectAuditIdSequenceName] which is  optional  with value[project_audit_id_seq] from namespace [com.topcoder.management.project.persistence.InformixProjectPersistence].
Read propery[ConnectionFactoryNS] which is  required  with value[com.topcoder.db.connectionfactory.DBConnectionFactoryImpl] from namespace [com.topcoder.management.project.persistence.link.ProjectLinkManagerImpl].
Read propery[ConnectionName] which is  optional  with value[informix_connection] from namespace [com.topcoder.management.project.persistence.link.ProjectLinkManagerImpl].
read property ConnectionFactoryNS[com.topcoder.db.connectionfactory.DBConnectionFactoryImpl] from the namespace :com.topcoder.management.scorecard.persistence.InformixScorecardPersistence
read property ConnectionName[informix_connection] from the namespace :com.topcoder.management.scorecard.persistence.InformixScorecardPersistence
Instantiate SqlUploadPersistence with connectionFactory and connectioName:informix_connection
Instantiate PersistenceUploadManager with UploadPersistence, uploadSearchBundle, submissionSearchBundle, uploadIdGenerator, uploadTypeIdGenerator, uploadStatusIdGenerator, submissionIDGenerator, submissionStatusIdGenerator and submissionTypeIdGenerator.
Instantiate AbstractResourcePersistence with connectionFactory and connectionName[informix_connection].
load Resource role with ids:[J@50988,[J@50988,[J@50988,[J@50988,[J@50988,[J@50988,[J@50988,[J@50988,[J@50988,[J@50988,[J@50988,[J@50988,[J@50988,[J@50988,[J@50988,[J@50988,[J@50988,[J@50988,[J@50988,[J@50988,[J@50988,[J@50988
operator: UnknownresourceId: Unknown - creating db connection using connection name: informix_connection
committing transaction
Read propery[ConnectionFactoryNS] which is  required  with value[com.topcoder.db.connectionfactory.DBConnectionFactoryImpl] from namespace [com.topcoder.management.project.persistence.InformixProjectPersistence].
Read propery[ConnectionName] which is  optional  with value[informix_connection] from namespace [com.topcoder.management.project.persistence.InformixProjectPersistence].
Read propery[ProjectIdSequenceName] which is  optional  with value[project_id_seq] from namespace [com.topcoder.management.project.persistence.InformixProjectPersistence].
Read propery[ProjectAuditIdSequenceName] which is  optional  with value[project_audit_id_seq] from namespace [com.topcoder.management.project.persistence.InformixProjectPersistence].
Read propery[ConnectionFactoryNS] which is  required  with value[com.topcoder.db.connectionfactory.DBConnectionFactoryImpl] from namespace [com.topcoder.management.project.persistence.link.ProjectLinkManagerImpl].
Read propery[ConnectionName] which is  optional  with value[informix_connection] from namespace [com.topcoder.management.project.persistence.link.ProjectLinkManagerImpl].
read property ConnectionFactoryNS[com.topcoder.db.connectionfactory.DBConnectionFactoryImpl] from the namespace :com.topcoder.management.scorecard.persistence.InformixScorecardPersistence
read property ConnectionName[informix_connection] from the namespace :com.topcoder.management.scorecard.persistence.InformixScorecardPersistence
Instantiate SqlUploadPersistence with connectionFactory and connectioName:informix_connection
Instantiate PersistenceUploadManager with UploadPersistence, uploadSearchBundle, submissionSearchBundle, uploadIdGenerator, uploadTypeIdGenerator, uploadStatusIdGenerator, submissionIDGenerator, submissionStatusIdGenerator and submissionTypeIdGenerator.
Instantiate AbstractResourcePersistence with connectionFactory and connectionName[informix_connection].
load Resource role with ids:[J@79e304,[J@79e304,[J@79e304,[J@79e304,[J@79e304,[J@79e304,[J@79e304,[J@79e304,[J@79e304,[J@79e304,[J@79e304,[J@79e304,[J@79e304,[J@79e304,[J@79e304,[J@79e304,[J@79e304,[J@79e304,[J@79e304,[J@79e304,[J@79e304,[J@79e304
operator: UnknownresourceId: Unknown - creating db connection using connection name: informix_connection
committing transaction
Read propery[ConnectionFactoryNS] which is  required  with value[com.topcoder.db.connectionfactory.DBConnectionFactoryImpl] from namespace [com.topcoder.management.project.persistence.InformixProjectPersistence].
Read propery[ConnectionName] which is  optional  with value[informix_connection] from namespace [com.topcoder.management.project.persistence.InformixProjectPersistence].
Read propery[ProjectIdSequenceName] which is  optional  with value[project_id_seq] from namespace [com.topcoder.management.project.persistence.InformixProjectPersistence].
Read propery[ProjectAuditIdSequenceName] which is  optional  with value[project_audit_id_seq] from namespace [com.topcoder.management.project.persistence.InformixProjectPersistence].
Read propery[ConnectionFactoryNS] which is  required  with value[com.topcoder.db.connectionfactory.DBConnectionFactoryImpl] from namespace [com.topcoder.management.project.persistence.link.ProjectLinkManagerImpl].
Read propery[ConnectionName] which is  optional  with value[informix_connection] from namespace [com.topcoder.management.project.persistence.link.ProjectLinkManagerImpl].
read property ConnectionFactoryNS[com.topcoder.db.connectionfactory.DBConnectionFactoryImpl] from the namespace :com.topcoder.management.scorecard.persistence.InformixScorecardPersistence
read property ConnectionName[informix_connection] from the namespace :com.topcoder.management.scorecard.persistence.InformixScorecardPersistence
Instantiate SqlUploadPersistence with connectionFactory and connectioName:informix_connection
Instantiate PersistenceUploadManager with UploadPersistence, uploadSearchBundle, submissionSearchBundle, uploadIdGenerator, uploadTypeIdGenerator, uploadStatusIdGenerator, submissionIDGenerator, submissionStatusIdGenerator and submissionTypeIdGenerator.
Instantiate AbstractResourcePersistence with connectionFactory and connectionName[informix_connection].
load Resource role with ids:[J@1d7fbfb,[J@1d7fbfb,[J@1d7fbfb,[J@1d7fbfb,[J@1d7fbfb,[J@1d7fbfb,[J@1d7fbfb,[J@1d7fbfb,[J@1d7fbfb,[J@1d7fbfb,[J@1d7fbfb,[J@1d7fbfb,[J@1d7fbfb,[J@1d7fbfb,[J@1d7fbfb,[J@1d7fbfb,[J@1d7fbfb,[J@1d7fbfb,[J@1d7fbfb,[J@1d7fbfb,[J@1d7fbfb,[J@1d7fbfb
operator: UnknownresourceId: Unknown - creating db connection using connection name: informix_connection
committing transaction
Read propery[ConnectionFactoryNS] which is  required  with value[com.topcoder.db.connectionfactory.DBConnectionFactoryImpl] from namespace [com.topcoder.management.project.persistence.InformixProjectPersistence].
Read propery[ConnectionName] which is  optional  with value[informix_connection] from namespace [com.topcoder.management.project.persistence.InformixProjectPersistence].
Read propery[ProjectIdSequenceName] which is  optional  with value[project_id_seq] from namespace [com.topcoder.management.project.persistence.InformixProjectPersistence].
Read propery[ProjectAuditIdSequenceName] which is  optional  with value[project_audit_id_seq] from namespace [com.topcoder.management.project.persistence.InformixProjectPersistence].
Read propery[ConnectionFactoryNS] which is  required  with value[com.topcoder.db.connectionfactory.DBConnectionFactoryImpl] from namespace [com.topcoder.management.project.persistence.link.ProjectLinkManagerImpl].
Read propery[ConnectionName] which is  optional  with value[informix_connection] from namespace [com.topcoder.management.project.persistence.link.ProjectLinkManagerImpl].
read property ConnectionFactoryNS[com.topcoder.db.connectionfactory.DBConnectionFactoryImpl] from the namespace :com.topcoder.management.scorecard.persistence.InformixScorecardPersistence
read property ConnectionName[informix_connection] from the namespace :com.topcoder.management.scorecard.persistence.InformixScorecardPersistence
Instantiate SqlUploadPersistence with connectionFactory and connectioName:informix_connection
Instantiate PersistenceUploadManager with UploadPersistence, uploadSearchBundle, submissionSearchBundle, uploadIdGenerator, uploadTypeIdGenerator, uploadStatusIdGenerator, submissionIDGenerator, submissionStatusIdGenerator and submissionTypeIdGenerator.
Instantiate AbstractResourcePersistence with connectionFactory and connectionName[informix_connection].
load Resource role with ids:[J@179dce4,[J@179dce4,[J@179dce4,[J@179dce4,[J@179dce4,[J@179dce4,[J@179dce4,[J@179dce4,[J@179dce4,[J@179dce4,[J@179dce4,[J@179dce4,[J@179dce4,[J@179dce4,[J@179dce4,[J@179dce4,[J@179dce4,[J@179dce4,[J@179dce4,[J@179dce4,[J@179dce4,[J@179dce4
operator: UnknownresourceId: Unknown - creating db connection using connection name: informix_connection
committing transaction
Read propery[ConnectionFactoryNS] which is  required  with value[com.topcoder.db.connectionfactory.DBConnectionFactoryImpl] from namespace [com.topcoder.management.project.persistence.InformixProjectPersistence].
Read propery[ConnectionName] which is  optional  with value[informix_connection] from namespace [com.topcoder.management.project.persistence.InformixProjectPersistence].
Read propery[ProjectIdSequenceName] which is  optional  with value[project_id_seq] from namespace [com.topcoder.management.project.persistence.InformixProjectPersistence].
Read propery[ProjectAuditIdSequenceName] which is  optional  with value[project_audit_id_seq] from namespace [com.topcoder.management.project.persistence.InformixProjectPersistence].
Read propery[ConnectionFactoryNS] which is  required  with value[com.topcoder.db.connectionfactory.DBConnectionFactoryImpl] from namespace [com.topcoder.management.project.persistence.link.ProjectLinkManagerImpl].
Read propery[ConnectionName] which is  optional  with value[informix_connection] from namespace [com.topcoder.management.project.persistence.link.ProjectLinkManagerImpl].
read property ConnectionFactoryNS[com.topcoder.db.connectionfactory.DBConnectionFactoryImpl] from the namespace :com.topcoder.management.scorecard.persistence.InformixScorecardPersistence
read property ConnectionName[informix_connection] from the namespace :com.topcoder.management.scorecard.persistence.InformixScorecardPersistence
Instantiate SqlUploadPersistence with connectionFactory and connectioName:informix_connection
Instantiate PersistenceUploadManager with UploadPersistence, uploadSearchBundle, submissionSearchBundle, uploadIdGenerator, uploadTypeIdGenerator, uploadStatusIdGenerator, submissionIDGenerator, submissionStatusIdGenerator and submissionTypeIdGenerator.
Instantiate AbstractResourcePersistence with connectionFactory and connectionName[informix_connection].
load Resource role with ids:[J@2af081,[J@2af081,[J@2af081,[J@2af081,[J@2af081,[J@2af081,[J@2af081,[J@2af081,[J@2af081,[J@2af081,[J@2af081,[J@2af081,[J@2af081,[J@2af081,[J@2af081,[J@2af081,[J@2af081,[J@2af081,[J@2af081,[J@2af081,[J@2af081,[J@2af081
operator: UnknownresourceId: Unknown - creating db connection using connection name: informix_connection
committing transaction
load Notifications with array of userIds/projectIds/notificationTypes.
operator: UnknownresourceId: Unknown - creating db connection using connection name: informix_connection
committing transaction
get projects with the ids: 1
operator: UnknownprojectId: Unknown - creating db connection using connection name: informix_connection
committing transaction
load Resource role with ids:[J@192c8d9,[J@192c8d9,[J@192c8d9,[J@192c8d9,[J@192c8d9,[J@192c8d9,[J@192c8d9,[J@192c8d9,[J@192c8d9,[J@192c8d9,[J@192c8d9,[J@192c8d9,[J@192c8d9,[J@192c8d9,[J@192c8d9,[J@192c8d9,[J@192c8d9,[J@192c8d9,[J@192c8d9,[J@192c8d9,[J@192c8d9,[J@192c8d9
operator: UnknownresourceId: Unknown - creating db connection using connection name: informix_connection
committing transaction
load Resource with ids:[J@cd2e33
operator: UnknownresourceId: Unknown - creating db connection using connection name: informix_connection
load ResourceRole with id:4
operator: UnknownresourceId: Unknown - creating db connection using connection name: informix_connection
committing transaction
committing transaction
load Resource with ids:[J@10ea9ba
operator: UnknownresourceId: Unknown - creating db connection using connection name: informix_connection
load ResourceRole with id:12
operator: UnknownresourceId: Unknown - creating db connection using connection name: informix_connection
committing transaction
committing transaction
load Resource with ids:[J@d56b37
operator: UnknownresourceId: Unknown - creating db connection using connection name: informix_connection
load ResourceRole with id:13
operator: UnknownresourceId: Unknown - creating db connection using connection name: informix_connection
committing transaction
committing transaction
load Resource with ids:[J@13e754f
operator: UnknownresourceId: Unknown - creating db connection using connection name: informix_connection
load ResourceRole with id:9
operator: UnknownresourceId: Unknown - creating db connection using connection name: informix_connection
committing transaction
committing transaction
operator: UnknownresourceId: 100001 - load resource.
operator: UnknownresourceId: Unknown - creating db connection using connection name: informix_connection
load ResourceRole with id:4
operator: UnknownresourceId: Unknown - creating db connection using connection name: informix_connection
committing transaction
committing transaction
operator: UnknownresourceId: 100000 - load resource.
operator: UnknownresourceId: Unknown - creating db connection using connection name: informix_connection
load ResourceRole with id:13
operator: UnknownresourceId: Unknown - creating db connection using connection name: informix_connection
committing transaction
committing transaction
Read propery[ConnectionFactoryNS] which is  required  with value[com.topcoder.db.connectionfactory.DBConnectionFactoryImpl] from namespace [com.topcoder.management.project.persistence.InformixProjectPersistence].
Read propery[ConnectionName] which is  optional  with value[informix_connection] from namespace [com.topcoder.management.project.persistence.InformixProjectPersistence].
Read propery[ProjectIdSequenceName] which is  optional  with value[project_id_seq] from namespace [com.topcoder.management.project.persistence.InformixProjectPersistence].
Read propery[ProjectAuditIdSequenceName] which is  optional  with value[project_audit_id_seq] from namespace [com.topcoder.management.project.persistence.InformixProjectPersistence].
Read propery[ConnectionFactoryNS] which is  required  with value[com.topcoder.db.connectionfactory.DBConnectionFactoryImpl] from namespace [com.topcoder.management.project.persistence.link.ProjectLinkManagerImpl].
Read propery[ConnectionName] which is  optional  with value[informix_connection] from namespace [com.topcoder.management.project.persistence.link.ProjectLinkManagerImpl].
read property ConnectionFactoryNS[com.topcoder.db.connectionfactory.DBConnectionFactoryImpl] from the namespace :com.topcoder.management.scorecard.persistence.InformixScorecardPersistence
read property ConnectionName[informix_connection] from the namespace :com.topcoder.management.scorecard.persistence.InformixScorecardPersistence
Instantiate SqlUploadPersistence with connectionFactory and connectioName:informix_connection
Instantiate PersistenceUploadManager with UploadPersistence, uploadSearchBundle, submissionSearchBundle, uploadIdGenerator, uploadTypeIdGenerator, uploadStatusIdGenerator, submissionIDGenerator, submissionStatusIdGenerator and submissionTypeIdGenerator.
Instantiate AbstractResourcePersistence with connectionFactory and connectionName[informix_connection].
load Resource role with ids:[J@951a0,[J@951a0,[J@951a0,[J@951a0,[J@951a0,[J@951a0,[J@951a0,[J@951a0,[J@951a0,[J@951a0,[J@951a0,[J@951a0,[J@951a0,[J@951a0,[J@951a0,[J@951a0,[J@951a0,[J@951a0,[J@951a0,[J@951a0,[J@951a0,[J@951a0
operator: UnknownresourceId: Unknown - creating db connection using connection name: informix_connection
committing transaction
load Notifications with array of userIds/projectIds/notificationTypes.
operator: UnknownresourceId: Unknown - creating db connection using connection name: informix_connection
committing transaction
get projects with the ids: 1
operator: UnknownprojectId: Unknown - creating db connection using connection name: informix_connection
committing transaction
load Resource role with ids:[J@7b4703,[J@7b4703,[J@7b4703,[J@7b4703,[J@7b4703,[J@7b4703,[J@7b4703,[J@7b4703,[J@7b4703,[J@7b4703,[J@7b4703,[J@7b4703,[J@7b4703,[J@7b4703,[J@7b4703,[J@7b4703,[J@7b4703,[J@7b4703,[J@7b4703,[J@7b4703,[J@7b4703,[J@7b4703
operator: UnknownresourceId: Unknown - creating db connection using connection name: informix_connection
committing transaction
load Resource with ids:[J@1bdb58
operator: UnknownresourceId: Unknown - creating db connection using connection name: informix_connection
load ResourceRole with id:4
operator: UnknownresourceId: Unknown - creating db connection using connection name: informix_connection
committing transaction
committing transaction
load Resource with ids:[J@940b84
operator: UnknownresourceId: Unknown - creating db connection using connection name: informix_connection
load ResourceRole with id:12
operator: UnknownresourceId: Unknown - creating db connection using connection name: informix_connection
committing transaction
committing transaction
load Resource with ids:[J@159e6e8
operator: UnknownresourceId: Unknown - creating db connection using connection name: informix_connection
load ResourceRole with id:13
operator: UnknownresourceId: Unknown - creating db connection using connection name: informix_connection
committing transaction
committing transaction
load Resource with ids:[J@1c09624
operator: UnknownresourceId: Unknown - creating db connection using connection name: informix_connection
load ResourceRole with id:9
operator: UnknownresourceId: Unknown - creating db connection using connection name: informix_connection
committing transaction
committing transaction
operator: UnknownresourceId: 100001 - load resource.
operator: UnknownresourceId: Unknown - creating db connection using connection name: informix_connection
load ResourceRole with id:4
operator: UnknownresourceId: Unknown - creating db connection using connection name: informix_connection
committing transaction
committing transaction
operator: UnknownresourceId: 100000 - load resource.
operator: UnknownresourceId: Unknown - creating db connection using connection name: informix_connection
load ResourceRole with id:13
operator: UnknownresourceId: Unknown - creating db connection using connection name: informix_connection
committing transaction
committing transaction
Read propery[ConnectionFactoryNS] which is  required  with value[com.topcoder.db.connectionfactory.DBConnectionFactoryImpl] from namespace [com.topcoder.management.project.persistence.InformixProjectPersistence].
Read propery[ConnectionName] which is  optional  with value[informix_connection] from namespace [com.topcoder.management.project.persistence.InformixProjectPersistence].
Read propery[ProjectIdSequenceName] which is  optional  with value[project_id_seq] from namespace [com.topcoder.management.project.persistence.InformixProjectPersistence].
Read propery[ProjectAuditIdSequenceName] which is  optional  with value[project_audit_id_seq] from namespace [com.topcoder.management.project.persistence.InformixProjectPersistence].
Read propery[ConnectionFactoryNS] which is  required  with value[com.topcoder.db.connectionfactory.DBConnectionFactoryImpl] from namespace [com.topcoder.management.project.persistence.link.ProjectLinkManagerImpl].
Read propery[ConnectionName] which is  optional  with value[informix_connection] from namespace [com.topcoder.management.project.persistence.link.ProjectLinkManagerImpl].
read property ConnectionFactoryNS[com.topcoder.db.connectionfactory.DBConnectionFactoryImpl] from the namespace :com.topcoder.management.scorecard.persistence.InformixScorecardPersistence
read property ConnectionName[informix_connection] from the namespace :com.topcoder.management.scorecard.persistence.InformixScorecardPersistence
Instantiate SqlUploadPersistence with connectionFactory and connectioName:informix_connection
Instantiate PersistenceUploadManager with UploadPersistence, uploadSearchBundle, submissionSearchBundle, uploadIdGenerator, uploadTypeIdGenerator, uploadStatusIdGenerator, submissionIDGenerator, submissionStatusIdGenerator and submissionTypeIdGenerator.
Instantiate AbstractResourcePersistence with connectionFactory and connectionName[informix_connection].
load Resource role with ids:[J@7e75d2,[J@7e75d2,[J@7e75d2,[J@7e75d2,[J@7e75d2,[J@7e75d2,[J@7e75d2,[J@7e75d2,[J@7e75d2,[J@7e75d2,[J@7e75d2,[J@7e75d2,[J@7e75d2,[J@7e75d2,[J@7e75d2,[J@7e75d2,[J@7e75d2,[J@7e75d2,[J@7e75d2,[J@7e75d2,[J@7e75d2,[J@7e75d2
operator: UnknownresourceId: Unknown - creating db connection using connection name: informix_connection
committing transaction
load Notifications with array of userIds/projectIds/notificationTypes.
operator: UnknownresourceId: Unknown - creating db connection using connection name: informix_connection
committing transaction
get projects with the ids: 1
operator: UnknownprojectId: Unknown - creating db connection using connection name: informix_connection
committing transaction
load Resource role with ids:[J@1554233,[J@1554233,[J@1554233,[J@1554233,[J@1554233,[J@1554233,[J@1554233,[J@1554233,[J@1554233,[J@1554233,[J@1554233,[J@1554233,[J@1554233,[J@1554233,[J@1554233,[J@1554233,[J@1554233,[J@1554233,[J@1554233,[J@1554233,[J@1554233,[J@1554233
operator: UnknownresourceId: Unknown - creating db connection using connection name: informix_connection
committing transaction
load Resource with ids:[J@13829d5
operator: UnknownresourceId: Unknown - creating db connection using connection name: informix_connection
load ResourceRole with id:4
operator: UnknownresourceId: Unknown - creating db connection using connection name: informix_connection
committing transaction
committing transaction
load Resource with ids:[J@d964af
operator: UnknownresourceId: Unknown - creating db connection using connection name: informix_connection
load ResourceRole with id:12
operator: UnknownresourceId: Unknown - creating db connection using connection name: informix_connection
committing transaction
committing transaction
load Resource with ids:[J@1f195fc
operator: UnknownresourceId: Unknown - creating db connection using connection name: informix_connection
load ResourceRole with id:13
operator: UnknownresourceId: Unknown - creating db connection using connection name: informix_connection
committing transaction
committing transaction
load Resource with ids:[J@10d4f27
operator: UnknownresourceId: Unknown - creating db connection using connection name: informix_connection
load ResourceRole with id:9
operator: UnknownresourceId: Unknown - creating db connection using connection name: informix_connection
committing transaction
committing transaction
operator: UnknownresourceId: 100008 - load resource.
operator: UnknownresourceId: Unknown - creating db connection using connection name: informix_connection
load ResourceRole with id:9
operator: UnknownresourceId: Unknown - creating db connection using connection name: informix_connection
committing transaction
committing transaction
operator: UnknownresourceId: 100000 - load resource.
operator: UnknownresourceId: Unknown - creating db connection using connection name: informix_connection
load ResourceRole with id:13
operator: UnknownresourceId: Unknown - creating db connection using connection name: informix_connection
committing transaction
committing transaction
Read propery[ConnectionFactoryNS] which is  required  with value[com.topcoder.db.connectionfactory.DBConnectionFactoryImpl] from namespace [com.topcoder.management.project.persistence.InformixProjectPersistence].
Read propery[ConnectionName] which is  optional  with value[informix_connection] from namespace [com.topcoder.management.project.persistence.InformixProjectPersistence].
Read propery[ProjectIdSequenceName] which is  optional  with value[project_id_seq] from namespace [com.topcoder.management.project.persistence.InformixProjectPersistence].
Read propery[ProjectAuditIdSequenceName] which is  optional  with value[project_audit_id_seq] from namespace [com.topcoder.management.project.persistence.InformixProjectPersistence].
Read propery[ConnectionFactoryNS] which is  required  with value[com.topcoder.db.connectionfactory.DBConnectionFactoryImpl] from namespace [com.topcoder.management.project.persistence.link.ProjectLinkManagerImpl].
Read propery[ConnectionName] which is  optional  with value[informix_connection] from namespace [com.topcoder.management.project.persistence.link.ProjectLinkManagerImpl].
read property ConnectionFactoryNS[com.topcoder.db.connectionfactory.DBConnectionFactoryImpl] from the namespace :com.topcoder.management.scorecard.persistence.InformixScorecardPersistence
read property ConnectionName[informix_connection] from the namespace :com.topcoder.management.scorecard.persistence.InformixScorecardPersistence
Instantiate SqlUploadPersistence with connectionFactory and connectioName:informix_connection
Instantiate PersistenceUploadManager with UploadPersistence, uploadSearchBundle, submissionSearchBundle, uploadIdGenerator, uploadTypeIdGenerator, uploadStatusIdGenerator, submissionIDGenerator, submissionStatusIdGenerator and submissionTypeIdGenerator.
Instantiate AbstractResourcePersistence with connectionFactory and connectionName[informix_connection].
load Resource role with ids:[J@1afd9cc,[J@1afd9cc,[J@1afd9cc,[J@1afd9cc,[J@1afd9cc,[J@1afd9cc,[J@1afd9cc,[J@1afd9cc,[J@1afd9cc,[J@1afd9cc,[J@1afd9cc,[J@1afd9cc,[J@1afd9cc,[J@1afd9cc,[J@1afd9cc,[J@1afd9cc,[J@1afd9cc,[J@1afd9cc,[J@1afd9cc,[J@1afd9cc,[J@1afd9cc,[J@1afd9cc
operator: UnknownresourceId: Unknown - creating db connection using connection name: informix_connection
committing transaction
Read propery[ConnectionFactoryNS] which is  required  with value[com.topcoder.db.connectionfactory.DBConnectionFactoryImpl] from namespace [com.topcoder.management.project.persistence.InformixProjectPersistence].
Read propery[ConnectionName] which is  optional  with value[informix_connection] from namespace [com.topcoder.management.project.persistence.InformixProjectPersistence].
Read propery[ProjectIdSequenceName] which is  optional  with value[project_id_seq] from namespace [com.topcoder.management.project.persistence.InformixProjectPersistence].
Read propery[ProjectAuditIdSequenceName] which is  optional  with value[project_audit_id_seq] from namespace [com.topcoder.management.project.persistence.InformixProjectPersistence].
Read propery[ConnectionFactoryNS] which is  required  with value[com.topcoder.db.connectionfactory.DBConnectionFactoryImpl] from namespace [com.topcoder.management.project.persistence.link.ProjectLinkManagerImpl].
Read propery[ConnectionName] which is  optional  with value[informix_connection] from namespace [com.topcoder.management.project.persistence.link.ProjectLinkManagerImpl].
read property ConnectionFactoryNS[com.topcoder.db.connectionfactory.DBConnectionFactoryImpl] from the namespace :com.topcoder.management.scorecard.persistence.InformixScorecardPersistence
read property ConnectionName[informix_connection] from the namespace :com.topcoder.management.scorecard.persistence.InformixScorecardPersistence
Instantiate SqlUploadPersistence with connectionFactory and connectioName:informix_connection
Instantiate PersistenceUploadManager with UploadPersistence, uploadSearchBundle, submissionSearchBundle, uploadIdGenerator, uploadTypeIdGenerator, uploadStatusIdGenerator, submissionIDGenerator, submissionStatusIdGenerator and submissionTypeIdGenerator.
Instantiate AbstractResourcePersistence with connectionFactory and connectionName[informix_connection].
load Resource role with ids:[J@4600c0,[J@4600c0,[J@4600c0,[J@4600c0,[J@4600c0,[J@4600c0,[J@4600c0,[J@4600c0,[J@4600c0,[J@4600c0,[J@4600c0,[J@4600c0,[J@4600c0,[J@4600c0,[J@4600c0,[J@4600c0,[J@4600c0,[J@4600c0,[J@4600c0,[J@4600c0,[J@4600c0,[J@4600c0
operator: UnknownresourceId: Unknown - creating db connection using connection name: informix_connection
committing transaction
Read propery[ConnectionFactoryNS] which is  required  with value[com.topcoder.db.connectionfactory.DBConnectionFactoryImpl] from namespace [com.topcoder.management.project.persistence.InformixProjectPersistence].
Read propery[ConnectionName] which is  optional  with value[informix_connection] from namespace [com.topcoder.management.project.persistence.InformixProjectPersistence].
Read propery[ProjectIdSequenceName] which is  optional  with value[project_id_seq] from namespace [com.topcoder.management.project.persistence.InformixProjectPersistence].
Read propery[ProjectAuditIdSequenceName] which is  optional  with value[project_audit_id_seq] from namespace [com.topcoder.management.project.persistence.InformixProjectPersistence].
Read propery[ConnectionFactoryNS] which is  required  with value[com.topcoder.db.connectionfactory.DBConnectionFactoryImpl] from namespace [com.topcoder.management.project.persistence.link.ProjectLinkManagerImpl].
Read propery[ConnectionName] which is  optional  with value[informix_connection] from namespace [com.topcoder.management.project.persistence.link.ProjectLinkManagerImpl].
read property ConnectionFactoryNS[com.topcoder.db.connectionfactory.DBConnectionFactoryImpl] from the namespace :com.topcoder.management.scorecard.persistence.InformixScorecardPersistence
read property ConnectionName[informix_connection] from the namespace :com.topcoder.management.scorecard.persistence.InformixScorecardPersistence
Instantiate SqlUploadPersistence with connectionFactory and connectioName:informix_connection
Instantiate PersistenceUploadManager with UploadPersistence, uploadSearchBundle, submissionSearchBundle, uploadIdGenerator, uploadTypeIdGenerator, uploadStatusIdGenerator, submissionIDGenerator, submissionStatusIdGenerator and submissionTypeIdGenerator.
Instantiate AbstractResourcePersistence with connectionFactory and connectionName[informix_connection].
load Resource role with ids:[J@932fe,[J@932fe,[J@932fe,[J@932fe,[J@932fe,[J@932fe,[J@932fe,[J@932fe,[J@932fe,[J@932fe,[J@932fe,[J@932fe,[J@932fe,[J@932fe,[J@932fe,[J@932fe,[J@932fe,[J@932fe,[J@932fe,[J@932fe,[J@932fe,[J@932fe
operator: UnknownresourceId: Unknown - creating db connection using connection name: informix_connection
committing transaction
Read propery[ConnectionFactoryNS] which is  required  with value[com.topcoder.db.connectionfactory.DBConnectionFactoryImpl] from namespace [com.topcoder.management.project.persistence.InformixProjectPersistence].
Read propery[ConnectionName] which is  optional  with value[informix_connection] from namespace [com.topcoder.management.project.persistence.InformixProjectPersistence].
Read propery[ProjectIdSequenceName] which is  optional  with value[project_id_seq] from namespace [com.topcoder.management.project.persistence.InformixProjectPersistence].
Read propery[ProjectAuditIdSequenceName] which is  optional  with value[project_audit_id_seq] from namespace [com.topcoder.management.project.persistence.InformixProjectPersistence].
Read propery[ConnectionFactoryNS] which is  required  with value[com.topcoder.db.connectionfactory.DBConnectionFactoryImpl] from namespace [com.topcoder.management.project.persistence.link.ProjectLinkManagerImpl].
Read propery[ConnectionName] which is  optional  with value[informix_connection] from namespace [com.topcoder.management.project.persistence.link.ProjectLinkManagerImpl].
read property ConnectionFactoryNS[com.topcoder.db.connectionfactory.DBConnectionFactoryImpl] from the namespace :com.topcoder.management.scorecard.persistence.InformixScorecardPersistence
read property ConnectionName[informix_connection] from the namespace :com.topcoder.management.scorecard.persistence.InformixScorecardPersistence
Instantiate SqlUploadPersistence with connectionFactory and connectioName:informix_connection
Instantiate PersistenceUploadManager with UploadPersistence, uploadSearchBundle, submissionSearchBundle, uploadIdGenerator, uploadTypeIdGenerator, uploadStatusIdGenerator, submissionIDGenerator, submissionStatusIdGenerator and submissionTypeIdGenerator.
Instantiate AbstractResourcePersistence with connectionFactory and connectionName[informix_connection].
load Resource role with ids:[J@11c55bb,[J@11c55bb,[J@11c55bb,[J@11c55bb,[J@11c55bb,[J@11c55bb,[J@11c55bb,[J@11c55bb,[J@11c55bb,[J@11c55bb,[J@11c55bb,[J@11c55bb,[J@11c55bb,[J@11c55bb,[J@11c55bb,[J@11c55bb,[J@11c55bb,[J@11c55bb,[J@11c55bb,[J@11c55bb,[J@11c55bb,[J@11c55bb
operator: UnknownresourceId: Unknown - creating db connection using connection name: informix_connection
committing transaction
load Notifications with array of userIds/projectIds/notificationTypes.
operator: UnknownresourceId: Unknown - creating db connection using connection name: informix_connection
committing transaction
get projects with the ids: 1
operator: UnknownprojectId: Unknown - creating db connection using connection name: informix_connection
committing transaction
load Resource role with ids:[J@1db6942,[J@1db6942,[J@1db6942,[J@1db6942,[J@1db6942,[J@1db6942,[J@1db6942,[J@1db6942,[J@1db6942,[J@1db6942,[J@1db6942,[J@1db6942,[J@1db6942,[J@1db6942,[J@1db6942,[J@1db6942,[J@1db6942,[J@1db6942,[J@1db6942,[J@1db6942,[J@1db6942,[J@1db6942
operator: UnknownresourceId: Unknown - creating db connection using connection name: informix_connection
committing transaction
load Resource with ids:[J@170984c
operator: UnknownresourceId: Unknown - creating db connection using connection name: informix_connection
load ResourceRole with id:4
operator: UnknownresourceId: Unknown - creating db connection using connection name: informix_connection
committing transaction
committing transaction
load Resource with ids:[J@268cc6
operator: UnknownresourceId: Unknown - creating db connection using connection name: informix_connection
load ResourceRole with id:12
operator: UnknownresourceId: Unknown - creating db connection using connection name: informix_connection
committing transaction
committing transaction
load Resource with ids:[J@1ab5dae
operator: UnknownresourceId: Unknown - creating db connection using connection name: informix_connection
load ResourceRole with id:13
operator: UnknownresourceId: Unknown - creating db connection using connection name: informix_connection
committing transaction
committing transaction
load Resource with ids:[J@11f139b
operator: UnknownresourceId: Unknown - creating db connection using connection name: informix_connection
load ResourceRole with id:9
operator: UnknownresourceId: Unknown - creating db connection using connection name: informix_connection
committing transaction
committing transaction
operator: UnknownresourceId: 100008 - load resource.
operator: UnknownresourceId: Unknown - creating db connection using connection name: informix_connection
load ResourceRole with id:9
operator: UnknownresourceId: Unknown - creating db connection using connection name: informix_connection
committing transaction
committing transaction
operator: UnknownresourceId: 100000 - load resource.
operator: UnknownresourceId: Unknown - creating db connection using connection name: informix_connection
load ResourceRole with id:13
operator: UnknownresourceId: Unknown - creating db connection using connection name: informix_connection
committing transaction
committing transaction
Read propery[ConnectionFactoryNS] which is  required  with value[com.topcoder.db.connectionfactory.DBConnectionFactoryImpl] from namespace [com.topcoder.management.project.persistence.InformixProjectPersistence].
Read propery[ConnectionName] which is  optional  with value[informix_connection] from namespace [com.topcoder.management.project.persistence.InformixProjectPersistence].
Read propery[ProjectIdSequenceName] which is  optional  with value[project_id_seq] from namespace [com.topcoder.management.project.persistence.InformixProjectPersistence].
Read propery[ProjectAuditIdSequenceName] which is  optional  with value[project_audit_id_seq] from namespace [com.topcoder.management.project.persistence.InformixProjectPersistence].
Read propery[ConnectionFactoryNS] which is  required  with value[com.topcoder.db.connectionfactory.DBConnectionFactoryImpl] from namespace [com.topcoder.management.project.persistence.link.ProjectLinkManagerImpl].
Read propery[ConnectionName] which is  optional  with value[informix_connection] from namespace [com.topcoder.management.project.persistence.link.ProjectLinkManagerImpl].
read property ConnectionFactoryNS[com.topcoder.db.connectionfactory.DBConnectionFactoryImpl] from the namespace :com.topcoder.management.scorecard.persistence.InformixScorecardPersistence
read property ConnectionName[informix_connection] from the namespace :com.topcoder.management.scorecard.persistence.InformixScorecardPersistence
Instantiate SqlUploadPersistence with connectionFactory and connectioName:informix_connection
Instantiate PersistenceUploadManager with UploadPersistence, uploadSearchBundle, submissionSearchBundle, uploadIdGenerator, uploadTypeIdGenerator, uploadStatusIdGenerator, submissionIDGenerator, submissionStatusIdGenerator and submissionTypeIdGenerator.
Instantiate AbstractResourcePersistence with connectionFactory and connectionName[informix_connection].
load Resource role with ids:[J@b2c64,[J@b2c64,[J@b2c64,[J@b2c64,[J@b2c64,[J@b2c64,[J@b2c64,[J@b2c64,[J@b2c64,[J@b2c64,[J@b2c64,[J@b2c64,[J@b2c64,[J@b2c64,[J@b2c64,[J@b2c64,[J@b2c64,[J@b2c64,[J@b2c64,[J@b2c64,[J@b2c64,[J@b2c64
operator: UnknownresourceId: Unknown - creating db connection using connection name: informix_connection
committing transaction
load Notifications with array of userIds/projectIds/notificationTypes.
operator: UnknownresourceId: Unknown - creating db connection using connection name: informix_connection
committing transaction
get projects with the ids: 1
operator: UnknownprojectId: Unknown - creating db connection using connection name: informix_connection
committing transaction
load Resource role with ids:[J@3c37f4,[J@3c37f4,[J@3c37f4,[J@3c37f4,[J@3c37f4,[J@3c37f4,[J@3c37f4,[J@3c37f4,[J@3c37f4,[J@3c37f4,[J@3c37f4,[J@3c37f4,[J@3c37f4,[J@3c37f4,[J@3c37f4,[J@3c37f4,[J@3c37f4,[J@3c37f4,[J@3c37f4,[J@3c37f4,[J@3c37f4,[J@3c37f4
operator: UnknownresourceId: Unknown - creating db connection using connection name: informix_connection
committing transaction
load Resource with ids:[J@159d87f
operator: UnknownresourceId: Unknown - creating db connection using connection name: informix_connection
load ResourceRole with id:4
operator: UnknownresourceId: Unknown - creating db connection using connection name: informix_connection
committing transaction
committing transaction
load Resource with ids:[J@a51027
operator: UnknownresourceId: Unknown - creating db connection using connection name: informix_connection
load ResourceRole with id:12
operator: UnknownresourceId: Unknown - creating db connection using connection name: informix_connection
committing transaction
committing transaction
load Resource with ids:[J@10275fa
operator: UnknownresourceId: Unknown - creating db connection using connection name: informix_connection
load ResourceRole with id:13
operator: UnknownresourceId: Unknown - creating db connection using connection name: informix_connection
committing transaction
committing transaction
load Resource with ids:[J@8d0b0f
operator: UnknownresourceId: Unknown - creating db connection using connection name: informix_connection
load ResourceRole with id:9
operator: UnknownresourceId: Unknown - creating db connection using connection name: informix_connection
committing transaction
committing transaction
operator: UnknownresourceId: 100001 - load resource.
operator: UnknownresourceId: Unknown - creating db connection using connection name: informix_connection
load ResourceRole with id:4
operator: UnknownresourceId: Unknown - creating db connection using connection name: informix_connection
committing transaction
committing transaction
operator: UnknownresourceId: 100002 - load resource.
operator: UnknownresourceId: Unknown - creating db connection using connection name: informix_connection
load ResourceRole with id:12
operator: UnknownresourceId: Unknown - creating db connection using connection name: informix_connection
committing transaction
committing transaction
Read propery[ConnectionFactoryNS] which is  required  with value[com.topcoder.db.connectionfactory.DBConnectionFactoryImpl] from namespace [com.topcoder.management.project.persistence.InformixProjectPersistence].
Read propery[ConnectionName] which is  optional  with value[informix_connection] from namespace [com.topcoder.management.project.persistence.InformixProjectPersistence].
Read propery[ProjectIdSequenceName] which is  optional  with value[project_id_seq] from namespace [com.topcoder.management.project.persistence.InformixProjectPersistence].
Read propery[ProjectAuditIdSequenceName] which is  optional  with value[project_audit_id_seq] from namespace [com.topcoder.management.project.persistence.InformixProjectPersistence].
Read propery[ConnectionFactoryNS] which is  required  with value[com.topcoder.db.connectionfactory.DBConnectionFactoryImpl] from namespace [com.topcoder.management.project.persistence.link.ProjectLinkManagerImpl].
Read propery[ConnectionName] which is  optional  with value[informix_connection] from namespace [com.topcoder.management.project.persistence.link.ProjectLinkManagerImpl].
read property ConnectionFactoryNS[com.topcoder.db.connectionfactory.DBConnectionFactoryImpl] from the namespace :com.topcoder.management.scorecard.persistence.InformixScorecardPersistence
read property ConnectionName[informix_connection] from the namespace :com.topcoder.management.scorecard.persistence.InformixScorecardPersistence
Instantiate SqlUploadPersistence with connectionFactory and connectioName:informix_connection
Instantiate PersistenceUploadManager with UploadPersistence, uploadSearchBundle, submissionSearchBundle, uploadIdGenerator, uploadTypeIdGenerator, uploadStatusIdGenerator, submissionIDGenerator, submissionStatusIdGenerator and submissionTypeIdGenerator.
Instantiate AbstractResourcePersistence with connectionFactory and connectionName[informix_connection].
load Resource role with ids:[J@143724e,[J@143724e,[J@143724e,[J@143724e,[J@143724e,[J@143724e,[J@143724e,[J@143724e,[J@143724e,[J@143724e,[J@143724e,[J@143724e,[J@143724e,[J@143724e,[J@143724e,[J@143724e,[J@143724e,[J@143724e,[J@143724e,[J@143724e,[J@143724e,[J@143724e
operator: UnknownresourceId: Unknown - creating db connection using connection name: informix_connection
committing transaction
load Notifications with array of userIds/projectIds/notificationTypes.
operator: UnknownresourceId: Unknown - creating db connection using connection name: informix_connection
committing transaction
get projects with the ids: 1
operator: UnknownprojectId: Unknown - creating db connection using connection name: informix_connection
committing transaction
load Resource role with ids:[J@4a3158,[J@4a3158,[J@4a3158,[J@4a3158,[J@4a3158,[J@4a3158,[J@4a3158,[J@4a3158,[J@4a3158,[J@4a3158,[J@4a3158,[J@4a3158,[J@4a3158,[J@4a3158,[J@4a3158,[J@4a3158,[J@4a3158,[J@4a3158,[J@4a3158,[J@4a3158,[J@4a3158,[J@4a3158
operator: UnknownresourceId: Unknown - creating db connection using connection name: informix_connection
committing transaction
load Resource with ids:[J@185e90f
operator: UnknownresourceId: Unknown - creating db connection using connection name: informix_connection
load ResourceRole with id:4
operator: UnknownresourceId: Unknown - creating db connection using connection name: informix_connection
committing transaction
committing transaction
load Resource with ids:[J@4bd173
operator: UnknownresourceId: Unknown - creating db connection using connection name: informix_connection
load ResourceRole with id:12
operator: UnknownresourceId: Unknown - creating db connection using connection name: informix_connection
committing transaction
committing transaction
load Resource with ids:[J@9e0c2d
operator: UnknownresourceId: Unknown - creating db connection using connection name: informix_connection
load ResourceRole with id:13
operator: UnknownresourceId: Unknown - creating db connection using connection name: informix_connection
committing transaction
committing transaction
load Resource with ids:[J@e3fd79
operator: UnknownresourceId: Unknown - creating db connection using connection name: informix_connection
load ResourceRole with id:9
operator: UnknownresourceId: Unknown - creating db connection using connection name: informix_connection
committing transaction
committing transaction
operator: UnknownresourceId: 100001 - load resource.
operator: UnknownresourceId: Unknown - creating db connection using connection name: informix_connection
load ResourceRole with id:4
operator: UnknownresourceId: Unknown - creating db connection using connection name: informix_connection
committing transaction
committing transaction
operator: UnknownresourceId: 100002 - load resource.
operator: UnknownresourceId: Unknown - creating db connection using connection name: informix_connection
load ResourceRole with id:12
operator: UnknownresourceId: Unknown - creating db connection using connection name: informix_connection
committing transaction
committing transaction
Read propery[ConnectionFactoryNS] which is  required  with value[com.topcoder.db.connectionfactory.DBConnectionFactoryImpl] from namespace [com.topcoder.management.project.persistence.InformixProjectPersistence].
Read propery[ConnectionName] which is  optional  with value[informix_connection] from namespace [com.topcoder.management.project.persistence.InformixProjectPersistence].
Read propery[ProjectIdSequenceName] which is  optional  with value[project_id_seq] from namespace [com.topcoder.management.project.persistence.InformixProjectPersistence].
Read propery[ProjectAuditIdSequenceName] which is  optional  with value[project_audit_id_seq] from namespace [com.topcoder.management.project.persistence.InformixProjectPersistence].
Read propery[ConnectionFactoryNS] which is  required  with value[com.topcoder.db.connectionfactory.DBConnectionFactoryImpl] from namespace [com.topcoder.management.project.persistence.link.ProjectLinkManagerImpl].
Read propery[ConnectionName] which is  optional  with value[informix_connection] from namespace [com.topcoder.management.project.persistence.link.ProjectLinkManagerImpl].
read property ConnectionFactoryNS[com.topcoder.db.connectionfactory.DBConnectionFactoryImpl] from the namespace :com.topcoder.management.scorecard.persistence.InformixScorecardPersistence
read property ConnectionName[informix_connection] from the namespace :com.topcoder.management.scorecard.persistence.InformixScorecardPersistence
Instantiate SqlUploadPersistence with connectionFactory and connectioName:informix_connection
Instantiate PersistenceUploadManager with UploadPersistence, uploadSearchBundle, submissionSearchBundle, uploadIdGenerator, uploadTypeIdGenerator, uploadStatusIdGenerator, submissionIDGenerator, submissionStatusIdGenerator and submissionTypeIdGenerator.
Instantiate AbstractResourcePersistence with connectionFactory and connectionName[informix_connection].
load Resource role with ids:[J@5861,[J@5861,[J@5861,[J@5861,[J@5861,[J@5861,[J@5861,[J@5861,[J@5861,[J@5861,[J@5861,[J@5861,[J@5861,[J@5861,[J@5861,[J@5861,[J@5861,[J@5861,[J@5861,[J@5861,[J@5861,[J@5861
operator: UnknownresourceId: Unknown - creating db connection using connection name: informix_connection
committing transaction
Read propery[ConnectionFactoryNS] which is  required  with value[com.topcoder.db.connectionfactory.DBConnectionFactoryImpl] from namespace [com.topcoder.management.project.persistence.InformixProjectPersistence].
Read propery[ConnectionName] which is  optional  with value[informix_connection] from namespace [com.topcoder.management.project.persistence.InformixProjectPersistence].
Read propery[ProjectIdSequenceName] which is  optional  with value[project_id_seq] from namespace [com.topcoder.management.project.persistence.InformixProjectPersistence].
Read propery[ProjectAuditIdSequenceName] which is  optional  with value[project_audit_id_seq] from namespace [com.topcoder.management.project.persistence.InformixProjectPersistence].
Read propery[ConnectionFactoryNS] which is  required  with value[com.topcoder.db.connectionfactory.DBConnectionFactoryImpl] from namespace [com.topcoder.management.project.persistence.link.ProjectLinkManagerImpl].
Read propery[ConnectionName] which is  optional  with value[informix_connection] from namespace [com.topcoder.management.project.persistence.link.ProjectLinkManagerImpl].
read property ConnectionFactoryNS[com.topcoder.db.connectionfactory.DBConnectionFactoryImpl] from the namespace :com.topcoder.management.scorecard.persistence.InformixScorecardPersistence
read property ConnectionName[informix_connection] from the namespace :com.topcoder.management.scorecard.persistence.InformixScorecardPersistence
Instantiate SqlUploadPersistence with connectionFactory and connectioName:informix_connection
Instantiate PersistenceUploadManager with UploadPersistence, uploadSearchBundle, submissionSearchBundle, uploadIdGenerator, uploadTypeIdGenerator, uploadStatusIdGenerator, submissionIDGenerator, submissionStatusIdGenerator and submissionTypeIdGenerator.
Instantiate AbstractResourcePersistence with connectionFactory and connectionName[informix_connection].
load Resource role with ids:[J@10f0a0,[J@10f0a0,[J@10f0a0,[J@10f0a0,[J@10f0a0,[J@10f0a0,[J@10f0a0,[J@10f0a0,[J@10f0a0,[J@10f0a0,[J@10f0a0,[J@10f0a0,[J@10f0a0,[J@10f0a0,[J@10f0a0,[J@10f0a0,[J@10f0a0,[J@10f0a0,[J@10f0a0,[J@10f0a0,[J@10f0a0,[J@10f0a0
operator: UnknownresourceId: Unknown - creating db connection using connection name: informix_connection
committing transaction
Read propery[ConnectionFactoryNS] which is  required  with value[com.topcoder.db.connectionfactory.DBConnectionFactoryImpl] from namespace [com.topcoder.management.project.persistence.InformixProjectPersistence].
Read propery[ConnectionName] which is  optional  with value[informix_connection] from namespace [com.topcoder.management.project.persistence.InformixProjectPersistence].
Read propery[ProjectIdSequenceName] which is  optional  with value[project_id_seq] from namespace [com.topcoder.management.project.persistence.InformixProjectPersistence].
Read propery[ProjectAuditIdSequenceName] which is  optional  with value[project_audit_id_seq] from namespace [com.topcoder.management.project.persistence.InformixProjectPersistence].
Read propery[ConnectionFactoryNS] which is  required  with value[com.topcoder.db.connectionfactory.DBConnectionFactoryImpl] from namespace [com.topcoder.management.project.persistence.link.ProjectLinkManagerImpl].
Read propery[ConnectionName] which is  optional  with value[informix_connection] from namespace [com.topcoder.management.project.persistence.link.ProjectLinkManagerImpl].
read property ConnectionFactoryNS[com.topcoder.db.connectionfactory.DBConnectionFactoryImpl] from the namespace :com.topcoder.management.scorecard.persistence.InformixScorecardPersistence
read property ConnectionName[informix_connection] from the namespace :com.topcoder.management.scorecard.persistence.InformixScorecardPersistence
Instantiate SqlUploadPersistence with connectionFactory and connectioName:informix_connection
Instantiate PersistenceUploadManager with UploadPersistence, uploadSearchBundle, submissionSearchBundle, uploadIdGenerator, uploadTypeIdGenerator, uploadStatusIdGenerator, submissionIDGenerator, submissionStatusIdGenerator and submissionTypeIdGenerator.
Instantiate AbstractResourcePersistence with connectionFactory and connectionName[informix_connection].
load Resource role with ids:[J@46a09b,[J@46a09b,[J@46a09b,[J@46a09b,[J@46a09b,[J@46a09b,[J@46a09b,[J@46a09b,[J@46a09b,[J@46a09b,[J@46a09b,[J@46a09b,[J@46a09b,[J@46a09b,[J@46a09b,[J@46a09b,[J@46a09b,[J@46a09b,[J@46a09b,[J@46a09b,[J@46a09b,[J@46a09b
operator: UnknownresourceId: Unknown - creating db connection using connection name: informix_connection
committing transaction
Read propery[ConnectionFactoryNS] which is  required  with value[com.topcoder.db.connectionfactory.DBConnectionFactoryImpl] from namespace [com.topcoder.management.project.persistence.InformixProjectPersistence].
Read propery[ConnectionName] which is  optional  with value[informix_connection] from namespace [com.topcoder.management.project.persistence.InformixProjectPersistence].
Read propery[ProjectIdSequenceName] which is  optional  with value[project_id_seq] from namespace [com.topcoder.management.project.persistence.InformixProjectPersistence].
Read propery[ProjectAuditIdSequenceName] which is  optional  with value[project_audit_id_seq] from namespace [com.topcoder.management.project.persistence.InformixProjectPersistence].
Read propery[ConnectionFactoryNS] which is  required  with value[com.topcoder.db.connectionfactory.DBConnectionFactoryImpl] from namespace [com.topcoder.management.project.persistence.link.ProjectLinkManagerImpl].
Read propery[ConnectionName] which is  optional  with value[informix_connection] from namespace [com.topcoder.management.project.persistence.link.ProjectLinkManagerImpl].
read property ConnectionFactoryNS[com.topcoder.db.connectionfactory.DBConnectionFactoryImpl] from the namespace :com.topcoder.management.scorecard.persistence.InformixScorecardPersistence
read property ConnectionName[informix_connection] from the namespace :com.topcoder.management.scorecard.persistence.InformixScorecardPersistence
Instantiate SqlUploadPersistence with connectionFactory and connectioName:informix_connection
Instantiate PersistenceUploadManager with UploadPersistence, uploadSearchBundle, submissionSearchBundle, uploadIdGenerator, uploadTypeIdGenerator, uploadStatusIdGenerator, submissionIDGenerator, submissionStatusIdGenerator and submissionTypeIdGenerator.
Instantiate AbstractResourcePersistence with connectionFactory and connectionName[informix_connection].
load Resource role with ids:[J@f12b72,[J@f12b72,[J@f12b72,[J@f12b72,[J@f12b72,[J@f12b72,[J@f12b72,[J@f12b72,[J@f12b72,[J@f12b72,[J@f12b72,[J@f12b72,[J@f12b72,[J@f12b72,[J@f12b72,[J@f12b72,[J@f12b72,[J@f12b72,[J@f12b72,[J@f12b72,[J@f12b72,[J@f12b72
operator: UnknownresourceId: Unknown - creating db connection using connection name: informix_connection
committing transaction
Read propery[ConnectionFactoryNS] which is  required  with value[com.topcoder.db.connectionfactory.DBConnectionFactoryImpl] from namespace [com.topcoder.management.project.persistence.InformixProjectPersistence].
Read propery[ConnectionName] which is  optional  with value[informix_connection] from namespace [com.topcoder.management.project.persistence.InformixProjectPersistence].
Read propery[ProjectIdSequenceName] which is  optional  with value[project_id_seq] from namespace [com.topcoder.management.project.persistence.InformixProjectPersistence].
Read propery[ProjectAuditIdSequenceName] which is  optional  with value[project_audit_id_seq] from namespace [com.topcoder.management.project.persistence.InformixProjectPersistence].
Read propery[ConnectionFactoryNS] which is  required  with value[com.topcoder.db.connectionfactory.DBConnectionFactoryImpl] from namespace [com.topcoder.management.project.persistence.link.ProjectLinkManagerImpl].
Read propery[ConnectionName] which is  optional  with value[informix_connection] from namespace [com.topcoder.management.project.persistence.link.ProjectLinkManagerImpl].
read property ConnectionFactoryNS[com.topcoder.db.connectionfactory.DBConnectionFactoryImpl] from the namespace :com.topcoder.management.scorecard.persistence.InformixScorecardPersistence
read property ConnectionName[informix_connection] from the namespace :com.topcoder.management.scorecard.persistence.InformixScorecardPersistence
Instantiate SqlUploadPersistence with connectionFactory and connectioName:informix_connection
Instantiate PersistenceUploadManager with UploadPersistence, uploadSearchBundle, submissionSearchBundle, uploadIdGenerator, uploadTypeIdGenerator, uploadStatusIdGenerator, submissionIDGenerator, submissionStatusIdGenerator and submissionTypeIdGenerator.
Instantiate AbstractResourcePersistence with connectionFactory and connectionName[informix_connection].
load Resource role with ids:[J@13d422d,[J@13d422d,[J@13d422d,[J@13d422d,[J@13d422d,[J@13d422d,[J@13d422d,[J@13d422d,[J@13d422d,[J@13d422d,[J@13d422d,[J@13d422d,[J@13d422d,[J@13d422d,[J@13d422d,[J@13d422d,[J@13d422d,[J@13d422d,[J@13d422d,[J@13d422d,[J@13d422d,[J@13d422d
operator: UnknownresourceId: Unknown - creating db connection using connection name: informix_connection
committing transaction
Read propery[ConnectionFactoryNS] which is  required  with value[com.topcoder.db.connectionfactory.DBConnectionFactoryImpl] from namespace [com.topcoder.management.project.persistence.InformixProjectPersistence].
Read propery[ConnectionName] which is  optional  with value[informix_connection] from namespace [com.topcoder.management.project.persistence.InformixProjectPersistence].
Read propery[ProjectIdSequenceName] which is  optional  with value[project_id_seq] from namespace [com.topcoder.management.project.persistence.InformixProjectPersistence].
Read propery[ProjectAuditIdSequenceName] which is  optional  with value[project_audit_id_seq] from namespace [com.topcoder.management.project.persistence.InformixProjectPersistence].
Read propery[ConnectionFactoryNS] which is  required  with value[com.topcoder.db.connectionfactory.DBConnectionFactoryImpl] from namespace [com.topcoder.management.project.persistence.link.ProjectLinkManagerImpl].
Read propery[ConnectionName] which is  optional  with value[informix_connection] from namespace [com.topcoder.management.project.persistence.link.ProjectLinkManagerImpl].
read property ConnectionFactoryNS[com.topcoder.db.connectionfactory.DBConnectionFactoryImpl] from the namespace :com.topcoder.management.scorecard.persistence.InformixScorecardPersistence
read property ConnectionName[informix_connection] from the namespace :com.topcoder.management.scorecard.persistence.InformixScorecardPersistence
Instantiate SqlUploadPersistence with connectionFactory and connectioName:informix_connection
Instantiate PersistenceUploadManager with UploadPersistence, uploadSearchBundle, submissionSearchBundle, uploadIdGenerator, uploadTypeIdGenerator, uploadStatusIdGenerator, submissionIDGenerator, submissionStatusIdGenerator and submissionTypeIdGenerator.
Instantiate AbstractResourcePersistence with connectionFactory and connectionName[informix_connection].
load Resource role with ids:[J@21a1e,[J@21a1e,[J@21a1e,[J@21a1e,[J@21a1e,[J@21a1e,[J@21a1e,[J@21a1e,[J@21a1e,[J@21a1e,[J@21a1e,[J@21a1e,[J@21a1e,[J@21a1e,[J@21a1e,[J@21a1e,[J@21a1e,[J@21a1e,[J@21a1e,[J@21a1e,[J@21a1e,[J@21a1e
operator: UnknownresourceId: Unknown - creating db connection using connection name: informix_connection
committing transaction
Read propery[ConnectionFactoryNS] which is  required  with value[com.topcoder.db.connectionfactory.DBConnectionFactoryImpl] from namespace [com.topcoder.management.project.persistence.InformixProjectPersistence].
Read propery[ConnectionName] which is  optional  with value[informix_connection] from namespace [com.topcoder.management.project.persistence.InformixProjectPersistence].
Read propery[ProjectIdSequenceName] which is  optional  with value[project_id_seq] from namespace [com.topcoder.management.project.persistence.InformixProjectPersistence].
Read propery[ProjectAuditIdSequenceName] which is  optional  with value[project_audit_id_seq] from namespace [com.topcoder.management.project.persistence.InformixProjectPersistence].
Read propery[ConnectionFactoryNS] which is  required  with value[com.topcoder.db.connectionfactory.DBConnectionFactoryImpl] from namespace [com.topcoder.management.project.persistence.link.ProjectLinkManagerImpl].
Read propery[ConnectionName] which is  optional  with value[informix_connection] from namespace [com.topcoder.management.project.persistence.link.ProjectLinkManagerImpl].
read property ConnectionFactoryNS[com.topcoder.db.connectionfactory.DBConnectionFactoryImpl] from the namespace :com.topcoder.management.scorecard.persistence.InformixScorecardPersistence
read property ConnectionName[informix_connection] from the namespace :com.topcoder.management.scorecard.persistence.InformixScorecardPersistence
Instantiate SqlUploadPersistence with connectionFactory and connectioName:informix_connection
Instantiate PersistenceUploadManager with UploadPersistence, uploadSearchBundle, submissionSearchBundle, uploadIdGenerator, uploadTypeIdGenerator, uploadStatusIdGenerator, submissionIDGenerator, submissionStatusIdGenerator and submissionTypeIdGenerator.
Instantiate AbstractResourcePersistence with connectionFactory and connectionName[informix_connection].
load Resource role with ids:[J@131f919,[J@131f919,[J@131f919,[J@131f919,[J@131f919,[J@131f919,[J@131f919,[J@131f919,[J@131f919,[J@131f919,[J@131f919,[J@131f919,[J@131f919,[J@131f919,[J@131f919,[J@131f919,[J@131f919,[J@131f919,[J@131f919,[J@131f919,[J@131f919,[J@131f919
operator: UnknownresourceId: Unknown - creating db connection using connection name: informix_connection
committing transaction
Read propery[ConnectionFactoryNS] which is  required  with value[com.topcoder.db.connectionfactory.DBConnectionFactoryImpl] from namespace [com.topcoder.management.project.persistence.InformixProjectPersistence].
Read propery[ConnectionName] which is  optional  with value[informix_connection] from namespace [com.topcoder.management.project.persistence.InformixProjectPersistence].
Read propery[ProjectIdSequenceName] which is  optional  with value[project_id_seq] from namespace [com.topcoder.management.project.persistence.InformixProjectPersistence].
Read propery[ProjectAuditIdSequenceName] which is  optional  with value[project_audit_id_seq] from namespace [com.topcoder.management.project.persistence.InformixProjectPersistence].
Read propery[ConnectionFactoryNS] which is  required  with value[com.topcoder.db.connectionfactory.DBConnectionFactoryImpl] from namespace [com.topcoder.management.project.persistence.link.ProjectLinkManagerImpl].
Read propery[ConnectionName] which is  optional  with value[informix_connection] from namespace [com.topcoder.management.project.persistence.link.ProjectLinkManagerImpl].
read property ConnectionFactoryNS[com.topcoder.db.connectionfactory.DBConnectionFactoryImpl] from the namespace :com.topcoder.management.scorecard.persistence.InformixScorecardPersistence
read property ConnectionName[informix_connection] from the namespace :com.topcoder.management.scorecard.persistence.InformixScorecardPersistence
Instantiate SqlUploadPersistence with connectionFactory and connectioName:informix_connection
Instantiate PersistenceUploadManager with UploadPersistence, uploadSearchBundle, submissionSearchBundle, uploadIdGenerator, uploadTypeIdGenerator, uploadStatusIdGenerator, submissionIDGenerator, submissionStatusIdGenerator and submissionTypeIdGenerator.
Instantiate AbstractResourcePersistence with connectionFactory and connectionName[informix_connection].
load Resource role with ids:[J@fe89a,[J@fe89a,[J@fe89a,[J@fe89a,[J@fe89a,[J@fe89a,[J@fe89a,[J@fe89a,[J@fe89a,[J@fe89a,[J@fe89a,[J@fe89a,[J@fe89a,[J@fe89a,[J@fe89a,[J@fe89a,[J@fe89a,[J@fe89a,[J@fe89a,[J@fe89a,[J@fe89a,[J@fe89a
operator: UnknownresourceId: Unknown - creating db connection using connection name: informix_connection
committing transaction
Read propery[ConnectionFactoryNS] which is  required  with value[com.topcoder.db.connectionfactory.DBConnectionFactoryImpl] from namespace [com.topcoder.management.project.persistence.InformixProjectPersistence].
Read propery[ConnectionName] which is  optional  with value[informix_connection] from namespace [com.topcoder.management.project.persistence.InformixProjectPersistence].
Read propery[ProjectIdSequenceName] which is  optional  with value[project_id_seq] from namespace [com.topcoder.management.project.persistence.InformixProjectPersistence].
Read propery[ProjectAuditIdSequenceName] which is  optional  with value[project_audit_id_seq] from namespace [com.topcoder.management.project.persistence.InformixProjectPersistence].
Read propery[ConnectionFactoryNS] which is  required  with value[com.topcoder.db.connectionfactory.DBConnectionFactoryImpl] from namespace [com.topcoder.management.project.persistence.link.ProjectLinkManagerImpl].
Read propery[ConnectionName] which is  optional  with value[informix_connection] from namespace [com.topcoder.management.project.persistence.link.ProjectLinkManagerImpl].
read property ConnectionFactoryNS[com.topcoder.db.connectionfactory.DBConnectionFactoryImpl] from the namespace :com.topcoder.management.scorecard.persistence.InformixScorecardPersistence
read property ConnectionName[informix_connection] from the namespace :com.topcoder.management.scorecard.persistence.InformixScorecardPersistence
Instantiate SqlUploadPersistence with connectionFactory and connectioName:informix_connection
Instantiate PersistenceUploadManager with UploadPersistence, uploadSearchBundle, submissionSearchBundle, uploadIdGenerator, uploadTypeIdGenerator, uploadStatusIdGenerator, submissionIDGenerator, submissionStatusIdGenerator and submissionTypeIdGenerator.
Instantiate AbstractResourcePersistence with connectionFactory and connectionName[informix_connection].
load Resource role with ids:[J@cd51ad,[J@cd51ad,[J@cd51ad,[J@cd51ad,[J@cd51ad,[J@cd51ad,[J@cd51ad,[J@cd51ad,[J@cd51ad,[J@cd51ad,[J@cd51ad,[J@cd51ad,[J@cd51ad,[J@cd51ad,[J@cd51ad,[J@cd51ad,[J@cd51ad,[J@cd51ad,[J@cd51ad,[J@cd51ad,[J@cd51ad,[J@cd51ad
operator: UnknownresourceId: Unknown - creating db connection using connection name: informix_connection
committing transaction
operator: UnknownprojectId: Unknown - Enter getDestProjectLinks method.
operator: UnknownprojectId: Unknown - creating db connection using connection name: informix_connection
get projects with the ids: 1,2
operator: UnknownprojectId: Unknown - creating db connection using connection name: informix_connection
committing transaction
committing transaction
Read propery[ConnectionFactoryNS] which is  required  with value[com.topcoder.db.connectionfactory.DBConnectionFactoryImpl] from namespace [com.topcoder.management.project.persistence.InformixProjectPersistence].
Read propery[ConnectionName] which is  optional  with value[informix_connection] from namespace [com.topcoder.management.project.persistence.InformixProjectPersistence].
Read propery[ProjectIdSequenceName] which is  optional  with value[project_id_seq] from namespace [com.topcoder.management.project.persistence.InformixProjectPersistence].
Read propery[ProjectAuditIdSequenceName] which is  optional  with value[project_audit_id_seq] from namespace [com.topcoder.management.project.persistence.InformixProjectPersistence].
Read propery[ConnectionFactoryNS] which is  required  with value[com.topcoder.db.connectionfactory.DBConnectionFactoryImpl] from namespace [com.topcoder.management.project.persistence.link.ProjectLinkManagerImpl].
Read propery[ConnectionName] which is  optional  with value[informix_connection] from namespace [com.topcoder.management.project.persistence.link.ProjectLinkManagerImpl].
read property ConnectionFactoryNS[com.topcoder.db.connectionfactory.DBConnectionFactoryImpl] from the namespace :com.topcoder.management.scorecard.persistence.InformixScorecardPersistence
read property ConnectionName[informix_connection] from the namespace :com.topcoder.management.scorecard.persistence.InformixScorecardPersistence
Instantiate SqlUploadPersistence with connectionFactory and connectioName:informix_connection
Instantiate PersistenceUploadManager with UploadPersistence, uploadSearchBundle, submissionSearchBundle, uploadIdGenerator, uploadTypeIdGenerator, uploadStatusIdGenerator, submissionIDGenerator, submissionStatusIdGenerator and submissionTypeIdGenerator.
Instantiate AbstractResourcePersistence with connectionFactory and connectionName[informix_connection].
load Resource role with ids:[J@14fa79d,[J@14fa79d,[J@14fa79d,[J@14fa79d,[J@14fa79d,[J@14fa79d,[J@14fa79d,[J@14fa79d,[J@14fa79d,[J@14fa79d,[J@14fa79d,[J@14fa79d,[J@14fa79d,[J@14fa79d,[J@14fa79d,[J@14fa79d,[J@14fa79d,[J@14fa79d,[J@14fa79d,[J@14fa79d,[J@14fa79d,[J@14fa79d
operator: UnknownresourceId: Unknown - creating db connection using connection name: informix_connection
committing transaction
Read propery[ConnectionFactoryNS] which is  required  with value[com.topcoder.db.connectionfactory.DBConnectionFactoryImpl] from namespace [com.topcoder.management.project.persistence.InformixProjectPersistence].
Read propery[ConnectionName] which is  optional  with value[informix_connection] from namespace [com.topcoder.management.project.persistence.InformixProjectPersistence].
Read propery[ProjectIdSequenceName] which is  optional  with value[project_id_seq] from namespace [com.topcoder.management.project.persistence.InformixProjectPersistence].
Read propery[ProjectAuditIdSequenceName] which is  optional  with value[project_audit_id_seq] from namespace [com.topcoder.management.project.persistence.InformixProjectPersistence].
Read propery[ConnectionFactoryNS] which is  required  with value[com.topcoder.db.connectionfactory.DBConnectionFactoryImpl] from namespace [com.topcoder.management.project.persistence.link.ProjectLinkManagerImpl].
Read propery[ConnectionName] which is  optional  with value[informix_connection] from namespace [com.topcoder.management.project.persistence.link.ProjectLinkManagerImpl].
read property ConnectionFactoryNS[com.topcoder.db.connectionfactory.DBConnectionFactoryImpl] from the namespace :com.topcoder.management.scorecard.persistence.InformixScorecardPersistence
read property ConnectionName[informix_connection] from the namespace :com.topcoder.management.scorecard.persistence.InformixScorecardPersistence
Instantiate SqlUploadPersistence with connectionFactory and connectioName:informix_connection
Instantiate PersistenceUploadManager with UploadPersistence, uploadSearchBundle, submissionSearchBundle, uploadIdGenerator, uploadTypeIdGenerator, uploadStatusIdGenerator, submissionIDGenerator, submissionStatusIdGenerator and submissionTypeIdGenerator.
Instantiate AbstractResourcePersistence with connectionFactory and connectionName[informix_connection].
load Resource role with ids:[J@395aaf,[J@395aaf,[J@395aaf,[J@395aaf,[J@395aaf,[J@395aaf,[J@395aaf,[J@395aaf,[J@395aaf,[J@395aaf,[J@395aaf,[J@395aaf,[J@395aaf,[J@395aaf,[J@395aaf,[J@395aaf,[J@395aaf,[J@395aaf,[J@395aaf,[J@395aaf,[J@395aaf,[J@395aaf
operator: UnknownresourceId: Unknown - creating db connection using connection name: informix_connection
committing transaction
operator: UnknownprojectId: Unknown - Enter getDestProjectLinks method.
operator: UnknownprojectId: Unknown - creating db connection using connection name: informix_connection
get projects with the ids: 1,2
operator: UnknownprojectId: Unknown - creating db connection using connection name: informix_connection
committing transaction
committing transaction
Read propery[ConnectionFactoryNS] which is  required  with value[com.topcoder.db.connectionfactory.DBConnectionFactoryImpl] from namespace [com.topcoder.management.project.persistence.InformixProjectPersistence].
Read propery[ConnectionName] which is  optional  with value[informix_connection] from namespace [com.topcoder.management.project.persistence.InformixProjectPersistence].
Read propery[ProjectIdSequenceName] which is  optional  with value[project_id_seq] from namespace [com.topcoder.management.project.persistence.InformixProjectPersistence].
Read propery[ProjectAuditIdSequenceName] which is  optional  with value[project_audit_id_seq] from namespace [com.topcoder.management.project.persistence.InformixProjectPersistence].
Read propery[ConnectionFactoryNS] which is  required  with value[com.topcoder.db.connectionfactory.DBConnectionFactoryImpl] from namespace [com.topcoder.management.project.persistence.link.ProjectLinkManagerImpl].
Read propery[ConnectionName] which is  optional  with value[informix_connection] from namespace [com.topcoder.management.project.persistence.link.ProjectLinkManagerImpl].
read property ConnectionFactoryNS[com.topcoder.db.connectionfactory.DBConnectionFactoryImpl] from the namespace :com.topcoder.management.scorecard.persistence.InformixScorecardPersistence
read property ConnectionName[informix_connection] from the namespace :com.topcoder.management.scorecard.persistence.InformixScorecardPersistence
Instantiate SqlUploadPersistence with connectionFactory and connectioName:informix_connection
Instantiate PersistenceUploadManager with UploadPersistence, uploadSearchBundle, submissionSearchBundle, uploadIdGenerator, uploadTypeIdGenerator, uploadStatusIdGenerator, submissionIDGenerator, submissionStatusIdGenerator and submissionTypeIdGenerator.
Instantiate AbstractResourcePersistence with connectionFactory and connectionName[informix_connection].
load Resource role with ids:[J@9db0e2,[J@9db0e2,[J@9db0e2,[J@9db0e2,[J@9db0e2,[J@9db0e2,[J@9db0e2,[J@9db0e2,[J@9db0e2,[J@9db0e2,[J@9db0e2,[J@9db0e2,[J@9db0e2,[J@9db0e2,[J@9db0e2,[J@9db0e2,[J@9db0e2,[J@9db0e2,[J@9db0e2,[J@9db0e2,[J@9db0e2,[J@9db0e2
operator: UnknownresourceId: Unknown - creating db connection using connection name: informix_connection
committing transaction
operator: UnknownprojectId: Unknown - Enter getDestProjectLinks method.
operator: UnknownprojectId: Unknown - creating db connection using connection name: informix_connection
get projects with the ids: 1
operator: UnknownprojectId: Unknown - creating db connection using connection name: informix_connection
committing transaction
committing transaction
Read propery[ConnectionFactoryNS] which is  required  with value[com.topcoder.db.connectionfactory.DBConnectionFactoryImpl] from namespace [com.topcoder.management.project.persistence.InformixProjectPersistence].
Read propery[ConnectionName] which is  optional  with value[informix_connection] from namespace [com.topcoder.management.project.persistence.InformixProjectPersistence].
Read propery[ProjectIdSequenceName] which is  optional  with value[project_id_seq] from namespace [com.topcoder.management.project.persistence.InformixProjectPersistence].
Read propery[ProjectAuditIdSequenceName] which is  optional  with value[project_audit_id_seq] from namespace [com.topcoder.management.project.persistence.InformixProjectPersistence].
Read propery[ConnectionFactoryNS] which is  required  with value[com.topcoder.db.connectionfactory.DBConnectionFactoryImpl] from namespace [com.topcoder.management.project.persistence.link.ProjectLinkManagerImpl].
Read propery[ConnectionName] which is  optional  with value[informix_connection] from namespace [com.topcoder.management.project.persistence.link.ProjectLinkManagerImpl].
read property ConnectionFactoryNS[com.topcoder.db.connectionfactory.DBConnectionFactoryImpl] from the namespace :com.topcoder.management.scorecard.persistence.InformixScorecardPersistence
read property ConnectionName[informix_connection] from the namespace :com.topcoder.management.scorecard.persistence.InformixScorecardPersistence
Instantiate SqlUploadPersistence with connectionFactory and connectioName:informix_connection
Instantiate PersistenceUploadManager with UploadPersistence, uploadSearchBundle, submissionSearchBundle, uploadIdGenerator, uploadTypeIdGenerator, uploadStatusIdGenerator, submissionIDGenerator, submissionStatusIdGenerator and submissionTypeIdGenerator.
Instantiate AbstractResourcePersistence with connectionFactory and connectionName[informix_connection].
load Resource role with ids:[J@1713b42,[J@1713b42,[J@1713b42,[J@1713b42,[J@1713b42,[J@1713b42,[J@1713b42,[J@1713b42,[J@1713b42,[J@1713b42,[J@1713b42,[J@1713b42,[J@1713b42,[J@1713b42,[J@1713b42,[J@1713b42,[J@1713b42,[J@1713b42,[J@1713b42,[J@1713b42,[J@1713b42,[J@1713b42
operator: UnknownresourceId: Unknown - creating db connection using connection name: informix_connection
committing transaction
Read propery[ConnectionFactoryNS] which is  required  with value[com.topcoder.db.connectionfactory.DBConnectionFactoryImpl] from namespace [com.topcoder.management.project.persistence.InformixProjectPersistence].
Read propery[ConnectionName] which is  optional  with value[informix_connection] from namespace [com.topcoder.management.project.persistence.InformixProjectPersistence].
Read propery[ProjectIdSequenceName] which is  optional  with value[project_id_seq] from namespace [com.topcoder.management.project.persistence.InformixProjectPersistence].
Read propery[ProjectAuditIdSequenceName] which is  optional  with value[project_audit_id_seq] from namespace [com.topcoder.management.project.persistence.InformixProjectPersistence].
Read propery[ConnectionFactoryNS] which is  required  with value[com.topcoder.db.connectionfactory.DBConnectionFactoryImpl] from namespace [com.topcoder.management.project.persistence.link.ProjectLinkManagerImpl].
Read propery[ConnectionName] which is  optional  with value[informix_connection] from namespace [com.topcoder.management.project.persistence.link.ProjectLinkManagerImpl].
read property ConnectionFactoryNS[com.topcoder.db.connectionfactory.DBConnectionFactoryImpl] from the namespace :com.topcoder.management.scorecard.persistence.InformixScorecardPersistence
read property ConnectionName[informix_connection] from the namespace :com.topcoder.management.scorecard.persistence.InformixScorecardPersistence
Instantiate SqlUploadPersistence with connectionFactory and connectioName:informix_connection
Instantiate PersistenceUploadManager with UploadPersistence, uploadSearchBundle, submissionSearchBundle, uploadIdGenerator, uploadTypeIdGenerator, uploadStatusIdGenerator, submissionIDGenerator, submissionStatusIdGenerator and submissionTypeIdGenerator.
Instantiate AbstractResourcePersistence with connectionFactory and connectionName[informix_connection].
load Resource role with ids:[J@bcc8f4,[J@bcc8f4,[J@bcc8f4,[J@bcc8f4,[J@bcc8f4,[J@bcc8f4,[J@bcc8f4,[J@bcc8f4,[J@bcc8f4,[J@bcc8f4,[J@bcc8f4,[J@bcc8f4,[J@bcc8f4,[J@bcc8f4,[J@bcc8f4,[J@bcc8f4,[J@bcc8f4,[J@bcc8f4,[J@bcc8f4,[J@bcc8f4,[J@bcc8f4,[J@bcc8f4
operator: UnknownresourceId: Unknown - creating db connection using connection name: informix_connection
committing transaction
Read propery[ConnectionFactoryNS] which is  required  with value[com.topcoder.db.connectionfactory.DBConnectionFactoryImpl] from namespace [com.topcoder.management.project.persistence.InformixProjectPersistence].
Read propery[ConnectionName] which is  optional  with value[informix_connection] from namespace [com.topcoder.management.project.persistence.InformixProjectPersistence].
Read propery[ProjectIdSequenceName] which is  optional  with value[project_id_seq] from namespace [com.topcoder.management.project.persistence.InformixProjectPersistence].
Read propery[ProjectAuditIdSequenceName] which is  optional  with value[project_audit_id_seq] from namespace [com.topcoder.management.project.persistence.InformixProjectPersistence].
Read propery[ConnectionFactoryNS] which is  required  with value[com.topcoder.db.connectionfactory.DBConnectionFactoryImpl] from namespace [com.topcoder.management.project.persistence.link.ProjectLinkManagerImpl].
Read propery[ConnectionName] which is  optional  with value[informix_connection] from namespace [com.topcoder.management.project.persistence.link.ProjectLinkManagerImpl].
read property ConnectionFactoryNS[com.topcoder.db.connectionfactory.DBConnectionFactoryImpl] from the namespace :com.topcoder.management.scorecard.persistence.InformixScorecardPersistence
read property ConnectionName[informix_connection] from the namespace :com.topcoder.management.scorecard.persistence.InformixScorecardPersistence
Instantiate SqlUploadPersistence with connectionFactory and connectioName:informix_connection
Instantiate PersistenceUploadManager with UploadPersistence, uploadSearchBundle, submissionSearchBundle, uploadIdGenerator, uploadTypeIdGenerator, uploadStatusIdGenerator, submissionIDGenerator, submissionStatusIdGenerator and submissionTypeIdGenerator.
Instantiate AbstractResourcePersistence with connectionFactory and connectionName[informix_connection].
load Resource role with ids:[J@423606,[J@423606,[J@423606,[J@423606,[J@423606,[J@423606,[J@423606,[J@423606,[J@423606,[J@423606,[J@423606,[J@423606,[J@423606,[J@423606,[J@423606,[J@423606,[J@423606,[J@423606,[J@423606,[J@423606,[J@423606,[J@423606
operator: UnknownresourceId: Unknown - creating db connection using connection name: informix_connection
committing transaction
operator: UnknownprojectId: Unknown - Enter getDestProjectLinks method.
operator: UnknownprojectId: Unknown - creating db connection using connection name: informix_connection
get projects with the ids: 1,2
operator: UnknownprojectId: Unknown - creating db connection using connection name: informix_connection
committing transaction
committing transaction
Read propery[ConnectionFactoryNS] which is  required  with value[com.topcoder.db.connectionfactory.DBConnectionFactoryImpl] from namespace [com.topcoder.management.project.persistence.InformixProjectPersistence].
Read propery[ConnectionName] which is  optional  with value[informix_connection] from namespace [com.topcoder.management.project.persistence.InformixProjectPersistence].
Read propery[ProjectIdSequenceName] which is  optional  with value[project_id_seq] from namespace [com.topcoder.management.project.persistence.InformixProjectPersistence].
Read propery[ProjectAuditIdSequenceName] which is  optional  with value[project_audit_id_seq] from namespace [com.topcoder.management.project.persistence.InformixProjectPersistence].
Read propery[ConnectionFactoryNS] which is  required  with value[com.topcoder.db.connectionfactory.DBConnectionFactoryImpl] from namespace [com.topcoder.management.project.persistence.link.ProjectLinkManagerImpl].
Read propery[ConnectionName] which is  optional  with value[informix_connection] from namespace [com.topcoder.management.project.persistence.link.ProjectLinkManagerImpl].
read property ConnectionFactoryNS[com.topcoder.db.connectionfactory.DBConnectionFactoryImpl] from the namespace :com.topcoder.management.scorecard.persistence.InformixScorecardPersistence
read property ConnectionName[informix_connection] from the namespace :com.topcoder.management.scorecard.persistence.InformixScorecardPersistence
Instantiate SqlUploadPersistence with connectionFactory and connectioName:informix_connection
Instantiate PersistenceUploadManager with UploadPersistence, uploadSearchBundle, submissionSearchBundle, uploadIdGenerator, uploadTypeIdGenerator, uploadStatusIdGenerator, submissionIDGenerator, submissionStatusIdGenerator and submissionTypeIdGenerator.
Instantiate AbstractResourcePersistence with connectionFactory and connectionName[informix_connection].
load Resource role with ids:[J@130cb4b,[J@130cb4b,[J@130cb4b,[J@130cb4b,[J@130cb4b,[J@130cb4b,[J@130cb4b,[J@130cb4b,[J@130cb4b,[J@130cb4b,[J@130cb4b,[J@130cb4b,[J@130cb4b,[J@130cb4b,[J@130cb4b,[J@130cb4b,[J@130cb4b,[J@130cb4b,[J@130cb4b,[J@130cb4b,[J@130cb4b,[J@130cb4b
operator: UnknownresourceId: Unknown - creating db connection using connection name: informix_connection
committing transaction
get projects with the ids: 1
operator: UnknownprojectId: Unknown - creating db connection using connection name: informix_connection
committing transaction
Read propery[ConnectionFactoryNS] which is  required  with value[com.topcoder.db.connectionfactory.DBConnectionFactoryImpl] from namespace [com.topcoder.management.project.persistence.InformixProjectPersistence].
Read propery[ConnectionName] which is  optional  with value[informix_connection] from namespace [com.topcoder.management.project.persistence.InformixProjectPersistence].
Read propery[ProjectIdSequenceName] which is  optional  with value[project_id_seq] from namespace [com.topcoder.management.project.persistence.InformixProjectPersistence].
Read propery[ProjectAuditIdSequenceName] which is  optional  with value[project_audit_id_seq] from namespace [com.topcoder.management.project.persistence.InformixProjectPersistence].
Read propery[ConnectionFactoryNS] which is  required  with value[com.topcoder.db.connectionfactory.DBConnectionFactoryImpl] from namespace [com.topcoder.management.project.persistence.link.ProjectLinkManagerImpl].
Read propery[ConnectionName] which is  optional  with value[informix_connection] from namespace [com.topcoder.management.project.persistence.link.ProjectLinkManagerImpl].
read property ConnectionFactoryNS[com.topcoder.db.connectionfactory.DBConnectionFactoryImpl] from the namespace :com.topcoder.management.scorecard.persistence.InformixScorecardPersistence
read property ConnectionName[informix_connection] from the namespace :com.topcoder.management.scorecard.persistence.InformixScorecardPersistence
Instantiate SqlUploadPersistence with connectionFactory and connectioName:informix_connection
Instantiate PersistenceUploadManager with UploadPersistence, uploadSearchBundle, submissionSearchBundle, uploadIdGenerator, uploadTypeIdGenerator, uploadStatusIdGenerator, submissionIDGenerator, submissionStatusIdGenerator and submissionTypeIdGenerator.
Instantiate AbstractResourcePersistence with connectionFactory and connectionName[informix_connection].
load Resource role with ids:[J@165d0e0,[J@165d0e0,[J@165d0e0,[J@165d0e0,[J@165d0e0,[J@165d0e0,[J@165d0e0,[J@165d0e0,[J@165d0e0,[J@165d0e0,[J@165d0e0,[J@165d0e0,[J@165d0e0,[J@165d0e0,[J@165d0e0,[J@165d0e0,[J@165d0e0,[J@165d0e0,[J@165d0e0,[J@165d0e0,[J@165d0e0,[J@165d0e0
operator: UnknownresourceId: Unknown - creating db connection using connection name: informix_connection
committing transaction
load Notifications with array of userIds/projectIds/notificationTypes.
operator: UnknownresourceId: Unknown - creating db connection using connection name: informix_connection
committing transaction
get projects with the ids: 1
operator: UnknownprojectId: Unknown - creating db connection using connection name: informix_connection
committing transaction
load Resource role with ids:[J@235085,[J@235085,[J@235085,[J@235085,[J@235085,[J@235085,[J@235085,[J@235085,[J@235085,[J@235085,[J@235085,[J@235085,[J@235085,[J@235085,[J@235085,[J@235085,[J@235085,[J@235085,[J@235085,[J@235085,[J@235085,[J@235085
operator: UnknownresourceId: Unknown - creating db connection using connection name: informix_connection
committing transaction
load Resource with ids:[J@1fd10fa
operator: UnknownresourceId: Unknown - creating db connection using connection name: informix_connection
load ResourceRole with id:4
operator: UnknownresourceId: Unknown - creating db connection using connection name: informix_connection
committing transaction
committing transaction
load Resource with ids:[J@fc9e7e
operator: UnknownresourceId: Unknown - creating db connection using connection name: informix_connection
load ResourceRole with id:12
operator: UnknownresourceId: Unknown - creating db connection using connection name: informix_connection
committing transaction
committing transaction
load Resource with ids:[J@41647f
operator: UnknownresourceId: Unknown - creating db connection using connection name: informix_connection
load ResourceRole with id:13
operator: UnknownresourceId: Unknown - creating db connection using connection name: informix_connection
committing transaction
committing transaction
load Resource with ids:[J@118a770
operator: UnknownresourceId: Unknown - creating db connection using connection name: informix_connection
load ResourceRole with id:9
operator: UnknownresourceId: Unknown - creating db connection using connection name: informix_connection
committing transaction
committing transaction
operator: UnknownresourceId: 100001 - load resource.
operator: UnknownresourceId: Unknown - creating db connection using connection name: informix_connection
load ResourceRole with id:4
operator: UnknownresourceId: Unknown - creating db connection using connection name: informix_connection
committing transaction
committing transaction
operator: UnknownresourceId: 100000 - load resource.
operator: UnknownresourceId: Unknown - creating db connection using connection name: informix_connection
load ResourceRole with id:13
operator: UnknownresourceId: Unknown - creating db connection using connection name: informix_connection
committing transaction
committing transaction
Read propery[ConnectionFactoryNS] which is  required  with value[com.topcoder.db.connectionfactory.DBConnectionFactoryImpl] from namespace [com.topcoder.management.project.persistence.InformixProjectPersistence].
Read propery[ConnectionName] which is  optional  with value[informix_connection] from namespace [com.topcoder.management.project.persistence.InformixProjectPersistence].
Read propery[ProjectIdSequenceName] which is  optional  with value[project_id_seq] from namespace [com.topcoder.management.project.persistence.InformixProjectPersistence].
Read propery[ProjectAuditIdSequenceName] which is  optional  with value[project_audit_id_seq] from namespace [com.topcoder.management.project.persistence.InformixProjectPersistence].
Read propery[ConnectionFactoryNS] which is  required  with value[com.topcoder.db.connectionfactory.DBConnectionFactoryImpl] from namespace [com.topcoder.management.project.persistence.link.ProjectLinkManagerImpl].
Read propery[ConnectionName] which is  optional  with value[informix_connection] from namespace [com.topcoder.management.project.persistence.link.ProjectLinkManagerImpl].
read property ConnectionFactoryNS[com.topcoder.db.connectionfactory.DBConnectionFactoryImpl] from the namespace :com.topcoder.management.scorecard.persistence.InformixScorecardPersistence
read property ConnectionName[informix_connection] from the namespace :com.topcoder.management.scorecard.persistence.InformixScorecardPersistence
Instantiate SqlUploadPersistence with connectionFactory and connectioName:informix_connection
Instantiate PersistenceUploadManager with UploadPersistence, uploadSearchBundle, submissionSearchBundle, uploadIdGenerator, uploadTypeIdGenerator, uploadStatusIdGenerator, submissionIDGenerator, submissionStatusIdGenerator and submissionTypeIdGenerator.
Instantiate AbstractResourcePersistence with connectionFactory and connectionName[informix_connection].
load Resource role with ids:[J@13d4c49,[J@13d4c49,[J@13d4c49,[J@13d4c49,[J@13d4c49,[J@13d4c49,[J@13d4c49,[J@13d4c49,[J@13d4c49,[J@13d4c49,[J@13d4c49,[J@13d4c49,[J@13d4c49,[J@13d4c49,[J@13d4c49,[J@13d4c49,[J@13d4c49,[J@13d4c49,[J@13d4c49,[J@13d4c49,[J@13d4c49,[J@13d4c49
operator: UnknownresourceId: Unknown - creating db connection using connection name: informix_connection
committing transaction
load Resource with ids:[J@f34071
operator: UnknownresourceId: Unknown - creating db connection using connection name: informix_connection
load ResourceRole with id:1
operator: UnknownresourceId: Unknown - creating db connection using connection name: informix_connection
committing transaction
committing transaction
get projects with the ids: 1
operator: UnknownprojectId: Unknown - creating db connection using connection name: informix_connection
committing transaction
load Resource role with ids:[J@176484e,[J@176484e,[J@176484e,[J@176484e,[J@176484e,[J@176484e,[J@176484e,[J@176484e,[J@176484e,[J@176484e,[J@176484e,[J@176484e,[J@176484e,[J@176484e,[J@176484e,[J@176484e,[J@176484e,[J@176484e,[J@176484e,[J@176484e,[J@176484e,[J@176484e
operator: UnknownresourceId: Unknown - creating db connection using connection name: informix_connection
committing transaction
load Resource with ids:[J@14c0275
operator: UnknownresourceId: Unknown - creating db connection using connection name: informix_connection
load ResourceRole with id:1
operator: UnknownresourceId: Unknown - creating db connection using connection name: informix_connection
committing transaction
committing transaction
Read propery[ConnectionFactoryNS] which is  required  with value[com.topcoder.db.connectionfactory.DBConnectionFactoryImpl] from namespace [com.topcoder.management.project.persistence.InformixProjectPersistence].
Read propery[ConnectionName] which is  optional  with value[informix_connection] from namespace [com.topcoder.management.project.persistence.InformixProjectPersistence].
Read propery[ProjectIdSequenceName] which is  optional  with value[project_id_seq] from namespace [com.topcoder.management.project.persistence.InformixProjectPersistence].
Read propery[ProjectAuditIdSequenceName] which is  optional  with value[project_audit_id_seq] from namespace [com.topcoder.management.project.persistence.InformixProjectPersistence].
Read propery[ConnectionFactoryNS] which is  required  with value[com.topcoder.db.connectionfactory.DBConnectionFactoryImpl] from namespace [com.topcoder.management.project.persistence.link.ProjectLinkManagerImpl].
Read propery[ConnectionName] which is  optional  with value[informix_connection] from namespace [com.topcoder.management.project.persistence.link.ProjectLinkManagerImpl].
read property ConnectionFactoryNS[com.topcoder.db.connectionfactory.DBConnectionFactoryImpl] from the namespace :com.topcoder.management.scorecard.persistence.InformixScorecardPersistence
read property ConnectionName[informix_connection] from the namespace :com.topcoder.management.scorecard.persistence.InformixScorecardPersistence
Instantiate SqlUploadPersistence with connectionFactory and connectioName:informix_connection
Instantiate PersistenceUploadManager with UploadPersistence, uploadSearchBundle, submissionSearchBundle, uploadIdGenerator, uploadTypeIdGenerator, uploadStatusIdGenerator, submissionIDGenerator, submissionStatusIdGenerator and submissionTypeIdGenerator.
Instantiate AbstractResourcePersistence with connectionFactory and connectionName[informix_connection].
load Resource role with ids:[J@e674d6,[J@e674d6,[J@e674d6,[J@e674d6,[J@e674d6,[J@e674d6,[J@e674d6,[J@e674d6,[J@e674d6,[J@e674d6,[J@e674d6,[J@e674d6,[J@e674d6,[J@e674d6,[J@e674d6,[J@e674d6,[J@e674d6,[J@e674d6,[J@e674d6,[J@e674d6,[J@e674d6,[J@e674d6
operator: UnknownresourceId: Unknown - creating db connection using connection name: informix_connection
committing transaction
load Resource with ids:[J@476914,[J@476914
operator: UnknownresourceId: Unknown - creating db connection using connection name: informix_connection
load ResourceRole with id:1
operator: UnknownresourceId: Unknown - creating db connection using connection name: informix_connection
committing transaction
load ResourceRole with id:1
operator: UnknownresourceId: Unknown - creating db connection using connection name: informix_connection
committing transaction
committing transaction
load Notifications with array of userIds/projectIds/notificationTypes.
operator: UnknownresourceId: Unknown - creating db connection using connection name: informix_connection
committing transaction
get projects with the ids: 1
operator: UnknownprojectId: Unknown - creating db connection using connection name: informix_connection
committing transaction
load Resource role with ids:[J@19a639b,[J@19a639b,[J@19a639b,[J@19a639b,[J@19a639b,[J@19a639b,[J@19a639b,[J@19a639b,[J@19a639b,[J@19a639b,[J@19a639b,[J@19a639b,[J@19a639b,[J@19a639b,[J@19a639b,[J@19a639b,[J@19a639b,[J@19a639b,[J@19a639b,[J@19a639b,[J@19a639b,[J@19a639b
operator: UnknownresourceId: Unknown - creating db connection using connection name: informix_connection
committing transaction
load Resource with ids:[J@95a253
operator: UnknownresourceId: Unknown - creating db connection using connection name: informix_connection
load ResourceRole with id:4
operator: UnknownresourceId: Unknown - creating db connection using connection name: informix_connection
committing transaction
committing transaction
load Resource with ids:[J@1d1695e
operator: UnknownresourceId: Unknown - creating db connection using connection name: informix_connection
load ResourceRole with id:12
operator: UnknownresourceId: Unknown - creating db connection using connection name: informix_connection
committing transaction
committing transaction
load Resource with ids:[J@1473a2e
operator: UnknownresourceId: Unknown - creating db connection using connection name: informix_connection
load ResourceRole with id:13
operator: UnknownresourceId: Unknown - creating db connection using connection name: informix_connection
committing transaction
committing transaction
load Resource with ids:[J@2219b4
operator: UnknownresourceId: Unknown - creating db connection using connection name: informix_connection
load ResourceRole with id:9
operator: UnknownresourceId: Unknown - creating db connection using connection name: informix_connection
committing transaction
committing transaction
load Resource with ids:[J@1d43bb3,[J@1d43bb3
operator: UnknownresourceId: Unknown - creating db connection using connection name: informix_connection
load ResourceRole with id:1
operator: UnknownresourceId: Unknown - creating db connection using connection name: informix_connection
committing transaction
load ResourceRole with id:1
operator: UnknownresourceId: Unknown - creating db connection using connection name: informix_connection
committing transaction
committing transaction
operator: UnknownresourceId: 100001 - load resource.
operator: UnknownresourceId: Unknown - creating db connection using connection name: informix_connection
load ResourceRole with id:4
operator: UnknownresourceId: Unknown - creating db connection using connection name: informix_connection
committing transaction
committing transaction
operator: UnknownresourceId: 4 - load resource.
operator: UnknownresourceId: Unknown - creating db connection using connection name: informix_connection
load ResourceRole with id:1
operator: UnknownresourceId: Unknown - creating db connection using connection name: informix_connection
committing transaction
committing transaction
operator: UnknownresourceId: 100000 - load resource.
operator: UnknownresourceId: Unknown - creating db connection using connection name: informix_connection
load ResourceRole with id:13
operator: UnknownresourceId: Unknown - creating db connection using connection name: informix_connection
committing transaction
committing transaction
operator: UnknownresourceId: 5 - load resource.
operator: UnknownresourceId: Unknown - creating db connection using connection name: informix_connection
load ResourceRole with id:1
operator: UnknownresourceId: Unknown - creating db connection using connection name: informix_connection
committing transaction
committing transaction
Read propery[ConnectionFactoryNS] which is  required  with value[com.topcoder.db.connectionfactory.DBConnectionFactoryImpl] from namespace [com.topcoder.management.project.persistence.InformixProjectPersistence].
Read propery[ConnectionName] which is  optional  with value[informix_connection] from namespace [com.topcoder.management.project.persistence.InformixProjectPersistence].
Read propery[ProjectIdSequenceName] which is  optional  with value[project_id_seq] from namespace [com.topcoder.management.project.persistence.InformixProjectPersistence].
Read propery[ProjectAuditIdSequenceName] which is  optional  with value[project_audit_id_seq] from namespace [com.topcoder.management.project.persistence.InformixProjectPersistence].
Read propery[ConnectionFactoryNS] which is  required  with value[com.topcoder.db.connectionfactory.DBConnectionFactoryImpl] from namespace [com.topcoder.management.project.persistence.link.ProjectLinkManagerImpl].
Read propery[ConnectionName] which is  optional  with value[informix_connection] from namespace [com.topcoder.management.project.persistence.link.ProjectLinkManagerImpl].
read property ConnectionFactoryNS[com.topcoder.db.connectionfactory.DBConnectionFactoryImpl] from the namespace :com.topcoder.management.scorecard.persistence.InformixScorecardPersistence
read property ConnectionName[informix_connection] from the namespace :com.topcoder.management.scorecard.persistence.InformixScorecardPersistence
Instantiate SqlUploadPersistence with connectionFactory and connectioName:informix_connection
Instantiate PersistenceUploadManager with UploadPersistence, uploadSearchBundle, submissionSearchBundle, uploadIdGenerator, uploadTypeIdGenerator, uploadStatusIdGenerator, submissionIDGenerator, submissionStatusIdGenerator and submissionTypeIdGenerator.
Instantiate AbstractResourcePersistence with connectionFactory and connectionName[informix_connection].
load Resource role with ids:[J@1ad186f,[J@1ad186f,[J@1ad186f,[J@1ad186f,[J@1ad186f,[J@1ad186f,[J@1ad186f,[J@1ad186f,[J@1ad186f,[J@1ad186f,[J@1ad186f,[J@1ad186f,[J@1ad186f,[J@1ad186f,[J@1ad186f,[J@1ad186f,[J@1ad186f,[J@1ad186f,[J@1ad186f,[J@1ad186f,[J@1ad186f,[J@1ad186f
operator: UnknownresourceId: Unknown - creating db connection using connection name: informix_connection
committing transaction
get projects with the ids: 1
operator: UnknownprojectId: Unknown - creating db connection using connection name: informix_connection
committing transaction
load Notifications with array of userIds/projectIds/notificationTypes.
operator: UnknownresourceId: Unknown - creating db connection using connection name: informix_connection
committing transaction
get projects with the ids: 1
operator: UnknownprojectId: Unknown - creating db connection using connection name: informix_connection
committing transaction
load Resource role with ids:[J@3c33d3,[J@3c33d3,[J@3c33d3,[J@3c33d3,[J@3c33d3,[J@3c33d3,[J@3c33d3,[J@3c33d3,[J@3c33d3,[J@3c33d3,[J@3c33d3,[J@3c33d3,[J@3c33d3,[J@3c33d3,[J@3c33d3,[J@3c33d3,[J@3c33d3,[J@3c33d3,[J@3c33d3,[J@3c33d3,[J@3c33d3,[J@3c33d3
operator: UnknownresourceId: Unknown - creating db connection using connection name: informix_connection
committing transaction
load Resource with ids:[J@5e7663
operator: UnknownresourceId: Unknown - creating db connection using connection name: informix_connection
load ResourceRole with id:4
operator: UnknownresourceId: Unknown - creating db connection using connection name: informix_connection
committing transaction
committing transaction
load Resource with ids:[J@120d6b7
operator: UnknownresourceId: Unknown - creating db connection using connection name: informix_connection
load ResourceRole with id:12
operator: UnknownresourceId: Unknown - creating db connection using connection name: informix_connection
committing transaction
committing transaction
load Resource with ids:[J@5354a
operator: UnknownresourceId: Unknown - creating db connection using connection name: informix_connection
load ResourceRole with id:13
operator: UnknownresourceId: Unknown - creating db connection using connection name: informix_connection
committing transaction
committing transaction
load Resource with ids:[J@a316ad
operator: UnknownresourceId: Unknown - creating db connection using connection name: informix_connection
load ResourceRole with id:9
operator: UnknownresourceId: Unknown - creating db connection using connection name: informix_connection
committing transaction
committing transaction
operator: UnknownresourceId: 100001 - load resource.
operator: UnknownresourceId: Unknown - creating db connection using connection name: informix_connection
load ResourceRole with id:4
operator: UnknownresourceId: Unknown - creating db connection using connection name: informix_connection
committing transaction
committing transaction
operator: UnknownresourceId: 100000 - load resource.
operator: UnknownresourceId: Unknown - creating db connection using connection name: informix_connection
load ResourceRole with id:13
operator: UnknownresourceId: Unknown - creating db connection using connection name: informix_connection
committing transaction
committing transaction
Read propery[ConnectionFactoryNS] which is  required  with value[com.topcoder.db.connectionfactory.DBConnectionFactoryImpl] from namespace [com.topcoder.management.project.persistence.InformixProjectPersistence].
Read propery[ConnectionName] which is  optional  with value[informix_connection] from namespace [com.topcoder.management.project.persistence.InformixProjectPersistence].
Read propery[ProjectIdSequenceName] which is  optional  with value[project_id_seq] from namespace [com.topcoder.management.project.persistence.InformixProjectPersistence].
Read propery[ProjectAuditIdSequenceName] which is  optional  with value[project_audit_id_seq] from namespace [com.topcoder.management.project.persistence.InformixProjectPersistence].
Read propery[ConnectionFactoryNS] which is  required  with value[com.topcoder.db.connectionfactory.DBConnectionFactoryImpl] from namespace [com.topcoder.management.project.persistence.link.ProjectLinkManagerImpl].
Read propery[ConnectionName] which is  optional  with value[informix_connection] from namespace [com.topcoder.management.project.persistence.link.ProjectLinkManagerImpl].
read property ConnectionFactoryNS[com.topcoder.db.connectionfactory.DBConnectionFactoryImpl] from the namespace :com.topcoder.management.scorecard.persistence.InformixScorecardPersistence
read property ConnectionName[informix_connection] from the namespace :com.topcoder.management.scorecard.persistence.InformixScorecardPersistence
Instantiate SqlUploadPersistence with connectionFactory and connectioName:informix_connection
Instantiate PersistenceUploadManager with UploadPersistence, uploadSearchBundle, submissionSearchBundle, uploadIdGenerator, uploadTypeIdGenerator, uploadStatusIdGenerator, submissionIDGenerator, submissionStatusIdGenerator and submissionTypeIdGenerator.
Instantiate AbstractResourcePersistence with connectionFactory and connectionName[informix_connection].
load Resource role with ids:[J@10a6723,[J@10a6723,[J@10a6723,[J@10a6723,[J@10a6723,[J@10a6723,[J@10a6723,[J@10a6723,[J@10a6723,[J@10a6723,[J@10a6723,[J@10a6723,[J@10a6723,[J@10a6723,[J@10a6723,[J@10a6723,[J@10a6723,[J@10a6723,[J@10a6723,[J@10a6723,[J@10a6723,[J@10a6723
operator: UnknownresourceId: Unknown - creating db connection using connection name: informix_connection
committing transaction
Read propery[ConnectionFactoryNS] which is  required  with value[com.topcoder.db.connectionfactory.DBConnectionFactoryImpl] from namespace [com.topcoder.management.project.persistence.InformixProjectPersistence].
Read propery[ConnectionName] which is  optional  with value[informix_connection] from namespace [com.topcoder.management.project.persistence.InformixProjectPersistence].
Read propery[ProjectIdSequenceName] which is  optional  with value[project_id_seq] from namespace [com.topcoder.management.project.persistence.InformixProjectPersistence].
Read propery[ProjectAuditIdSequenceName] which is  optional  with value[project_audit_id_seq] from namespace [com.topcoder.management.project.persistence.InformixProjectPersistence].
Read propery[ConnectionFactoryNS] which is  required  with value[com.topcoder.db.connectionfactory.DBConnectionFactoryImpl] from namespace [com.topcoder.management.project.persistence.link.ProjectLinkManagerImpl].
Read propery[ConnectionName] which is  optional  with value[informix_connection] from namespace [com.topcoder.management.project.persistence.link.ProjectLinkManagerImpl].
read property ConnectionFactoryNS[com.topcoder.db.connectionfactory.DBConnectionFactoryImpl] from the namespace :com.topcoder.management.scorecard.persistence.InformixScorecardPersistence
read property ConnectionName[informix_connection] from the namespace :com.topcoder.management.scorecard.persistence.InformixScorecardPersistence
Instantiate SqlUploadPersistence with connectionFactory and connectioName:informix_connection
Instantiate PersistenceUploadManager with UploadPersistence, uploadSearchBundle, submissionSearchBundle, uploadIdGenerator, uploadTypeIdGenerator, uploadStatusIdGenerator, submissionIDGenerator, submissionStatusIdGenerator and submissionTypeIdGenerator.
Instantiate AbstractResourcePersistence with connectionFactory and connectionName[informix_connection].
load Resource role with ids:[J@b1406b,[J@b1406b,[J@b1406b,[J@b1406b,[J@b1406b,[J@b1406b,[J@b1406b,[J@b1406b,[J@b1406b,[J@b1406b,[J@b1406b,[J@b1406b,[J@b1406b,[J@b1406b,[J@b1406b,[J@b1406b,[J@b1406b,[J@b1406b,[J@b1406b,[J@b1406b,[J@b1406b,[J@b1406b
operator: UnknownresourceId: Unknown - creating db connection using connection name: informix_connection
committing transaction
Read propery[ConnectionFactoryNS] which is  required  with value[com.topcoder.db.connectionfactory.DBConnectionFactoryImpl] from namespace [com.topcoder.management.project.persistence.InformixProjectPersistence].
Read propery[ConnectionName] which is  optional  with value[informix_connection] from namespace [com.topcoder.management.project.persistence.InformixProjectPersistence].
Read propery[ProjectIdSequenceName] which is  optional  with value[project_id_seq] from namespace [com.topcoder.management.project.persistence.InformixProjectPersistence].
Read propery[ProjectAuditIdSequenceName] which is  optional  with value[project_audit_id_seq] from namespace [com.topcoder.management.project.persistence.InformixProjectPersistence].
Read propery[ConnectionFactoryNS] which is  required  with value[com.topcoder.db.connectionfactory.DBConnectionFactoryImpl] from namespace [com.topcoder.management.project.persistence.link.ProjectLinkManagerImpl].
Read propery[ConnectionName] which is  optional  with value[informix_connection] from namespace [com.topcoder.management.project.persistence.link.ProjectLinkManagerImpl].
read property ConnectionFactoryNS[com.topcoder.db.connectionfactory.DBConnectionFactoryImpl] from the namespace :com.topcoder.management.scorecard.persistence.InformixScorecardPersistence
read property ConnectionName[informix_connection] from the namespace :com.topcoder.management.scorecard.persistence.InformixScorecardPersistence
Instantiate SqlUploadPersistence with connectionFactory and connectioName:informix_connection
Instantiate PersistenceUploadManager with UploadPersistence, uploadSearchBundle, submissionSearchBundle, uploadIdGenerator, uploadTypeIdGenerator, uploadStatusIdGenerator, submissionIDGenerator, submissionStatusIdGenerator and submissionTypeIdGenerator.
Instantiate AbstractResourcePersistence with connectionFactory and connectionName[informix_connection].
load Resource role with ids:[J@fbd1fc,[J@fbd1fc,[J@fbd1fc,[J@fbd1fc,[J@fbd1fc,[J@fbd1fc,[J@fbd1fc,[J@fbd1fc,[J@fbd1fc,[J@fbd1fc,[J@fbd1fc,[J@fbd1fc,[J@fbd1fc,[J@fbd1fc,[J@fbd1fc,[J@fbd1fc,[J@fbd1fc,[J@fbd1fc,[J@fbd1fc,[J@fbd1fc,[J@fbd1fc,[J@fbd1fc
operator: UnknownresourceId: Unknown - creating db connection using connection name: informix_connection
committing transaction
Read propery[ConnectionFactoryNS] which is  required  with value[com.topcoder.db.connectionfactory.DBConnectionFactoryImpl] from namespace [com.topcoder.management.project.persistence.InformixProjectPersistence].
Read propery[ConnectionName] which is  optional  with value[informix_connection] from namespace [com.topcoder.management.project.persistence.InformixProjectPersistence].
Read propery[ProjectIdSequenceName] which is  optional  with value[project_id_seq] from namespace [com.topcoder.management.project.persistence.InformixProjectPersistence].
Read propery[ProjectAuditIdSequenceName] which is  optional  with value[project_audit_id_seq] from namespace [com.topcoder.management.project.persistence.InformixProjectPersistence].
Read propery[ConnectionFactoryNS] which is  required  with value[com.topcoder.db.connectionfactory.DBConnectionFactoryImpl] from namespace [com.topcoder.management.project.persistence.link.ProjectLinkManagerImpl].
Read propery[ConnectionName] which is  optional  with value[informix_connection] from namespace [com.topcoder.management.project.persistence.link.ProjectLinkManagerImpl].
read property ConnectionFactoryNS[com.topcoder.db.connectionfactory.DBConnectionFactoryImpl] from the namespace :com.topcoder.management.scorecard.persistence.InformixScorecardPersistence
read property ConnectionName[informix_connection] from the namespace :com.topcoder.management.scorecard.persistence.InformixScorecardPersistence
Instantiate SqlUploadPersistence with connectionFactory and connectioName:informix_connection
Instantiate PersistenceUploadManager with UploadPersistence, uploadSearchBundle, submissionSearchBundle, uploadIdGenerator, uploadTypeIdGenerator, uploadStatusIdGenerator, submissionIDGenerator, submissionStatusIdGenerator and submissionTypeIdGenerator.
Instantiate AbstractResourcePersistence with connectionFactory and connectionName[informix_connection].
load Resource role with ids:[J@1530551,[J@1530551,[J@1530551,[J@1530551,[J@1530551,[J@1530551,[J@1530551,[J@1530551,[J@1530551,[J@1530551,[J@1530551,[J@1530551,[J@1530551,[J@1530551,[J@1530551,[J@1530551,[J@1530551,[J@1530551,[J@1530551,[J@1530551,[J@1530551,[J@1530551
operator: UnknownresourceId: Unknown - creating db connection using connection name: informix_connection
committing transaction
Read propery[ConnectionFactoryNS] which is  required  with value[com.topcoder.db.connectionfactory.DBConnectionFactoryImpl] from namespace [com.topcoder.management.project.persistence.InformixProjectPersistence].
Read propery[ConnectionName] which is  optional  with value[informix_connection] from namespace [com.topcoder.management.project.persistence.InformixProjectPersistence].
Read propery[ProjectIdSequenceName] which is  optional  with value[project_id_seq] from namespace [com.topcoder.management.project.persistence.InformixProjectPersistence].
Read propery[ProjectAuditIdSequenceName] which is  optional  with value[project_audit_id_seq] from namespace [com.topcoder.management.project.persistence.InformixProjectPersistence].
Read propery[ConnectionFactoryNS] which is  required  with value[com.topcoder.db.connectionfactory.DBConnectionFactoryImpl] from namespace [com.topcoder.management.project.persistence.link.ProjectLinkManagerImpl].
Read propery[ConnectionName] which is  optional  with value[informix_connection] from namespace [com.topcoder.management.project.persistence.link.ProjectLinkManagerImpl].
read property ConnectionFactoryNS[com.topcoder.db.connectionfactory.DBConnectionFactoryImpl] from the namespace :com.topcoder.management.scorecard.persistence.InformixScorecardPersistence
read property ConnectionName[informix_connection] from the namespace :com.topcoder.management.scorecard.persistence.InformixScorecardPersistence
Instantiate SqlUploadPersistence with connectionFactory and connectioName:informix_connection
Instantiate PersistenceUploadManager with UploadPersistence, uploadSearchBundle, submissionSearchBundle, uploadIdGenerator, uploadTypeIdGenerator, uploadStatusIdGenerator, submissionIDGenerator, submissionStatusIdGenerator and submissionTypeIdGenerator.
Instantiate AbstractResourcePersistence with connectionFactory and connectionName[informix_connection].
load Resource role with ids:[J@1a8123b,[J@1a8123b,[J@1a8123b,[J@1a8123b,[J@1a8123b,[J@1a8123b,[J@1a8123b,[J@1a8123b,[J@1a8123b,[J@1a8123b,[J@1a8123b,[J@1a8123b,[J@1a8123b,[J@1a8123b,[J@1a8123b,[J@1a8123b,[J@1a8123b,[J@1a8123b,[J@1a8123b,[J@1a8123b,[J@1a8123b,[J@1a8123b
operator: UnknownresourceId: Unknown - creating db connection using connection name: informix_connection
committing transaction
Read propery[ConnectionFactoryNS] which is  required  with value[com.topcoder.db.connectionfactory.DBConnectionFactoryImpl] from namespace [com.topcoder.management.project.persistence.InformixProjectPersistence].
Read propery[ConnectionName] which is  optional  with value[informix_connection] from namespace [com.topcoder.management.project.persistence.InformixProjectPersistence].
Read propery[ProjectIdSequenceName] which is  optional  with value[project_id_seq] from namespace [com.topcoder.management.project.persistence.InformixProjectPersistence].
Read propery[ProjectAuditIdSequenceName] which is  optional  with value[project_audit_id_seq] from namespace [com.topcoder.management.project.persistence.InformixProjectPersistence].
Read propery[ConnectionFactoryNS] which is  required  with value[com.topcoder.db.connectionfactory.DBConnectionFactoryImpl] from namespace [com.topcoder.management.project.persistence.link.ProjectLinkManagerImpl].
Read propery[ConnectionName] which is  optional  with value[informix_connection] from namespace [com.topcoder.management.project.persistence.link.ProjectLinkManagerImpl].
read property ConnectionFactoryNS[com.topcoder.db.connectionfactory.DBConnectionFactoryImpl] from the namespace :com.topcoder.management.scorecard.persistence.InformixScorecardPersistence
read property ConnectionName[informix_connection] from the namespace :com.topcoder.management.scorecard.persistence.InformixScorecardPersistence
Instantiate SqlUploadPersistence with connectionFactory and connectioName:informix_connection
Instantiate PersistenceUploadManager with UploadPersistence, uploadSearchBundle, submissionSearchBundle, uploadIdGenerator, uploadTypeIdGenerator, uploadStatusIdGenerator, submissionIDGenerator, submissionStatusIdGenerator and submissionTypeIdGenerator.
Instantiate AbstractResourcePersistence with connectionFactory and connectionName[informix_connection].
load Resource role with ids:[J@1677737,[J@1677737,[J@1677737,[J@1677737,[J@1677737,[J@1677737,[J@1677737,[J@1677737,[J@1677737,[J@1677737,[J@1677737,[J@1677737,[J@1677737,[J@1677737,[J@1677737,[J@1677737,[J@1677737,[J@1677737,[J@1677737,[J@1677737,[J@1677737,[J@1677737
operator: UnknownresourceId: Unknown - creating db connection using connection name: informix_connection
committing transaction
Read propery[ConnectionFactoryNS] which is  required  with value[com.topcoder.db.connectionfactory.DBConnectionFactoryImpl] from namespace [com.topcoder.management.project.persistence.InformixProjectPersistence].
Read propery[ConnectionName] which is  optional  with value[informix_connection] from namespace [com.topcoder.management.project.persistence.InformixProjectPersistence].
Read propery[ProjectIdSequenceName] which is  optional  with value[project_id_seq] from namespace [com.topcoder.management.project.persistence.InformixProjectPersistence].
Read propery[ProjectAuditIdSequenceName] which is  optional  with value[project_audit_id_seq] from namespace [com.topcoder.management.project.persistence.InformixProjectPersistence].
Read propery[ConnectionFactoryNS] which is  required  with value[com.topcoder.db.connectionfactory.DBConnectionFactoryImpl] from namespace [com.topcoder.management.project.persistence.link.ProjectLinkManagerImpl].
Read propery[ConnectionName] which is  optional  with value[informix_connection] from namespace [com.topcoder.management.project.persistence.link.ProjectLinkManagerImpl].
read property ConnectionFactoryNS[com.topcoder.db.connectionfactory.DBConnectionFactoryImpl] from the namespace :com.topcoder.management.scorecard.persistence.InformixScorecardPersistence
read property ConnectionName[informix_connection] from the namespace :com.topcoder.management.scorecard.persistence.InformixScorecardPersistence
Instantiate SqlUploadPersistence with connectionFactory and connectioName:informix_connection
Instantiate PersistenceUploadManager with UploadPersistence, uploadSearchBundle, submissionSearchBundle, uploadIdGenerator, uploadTypeIdGenerator, uploadStatusIdGenerator, submissionIDGenerator, submissionStatusIdGenerator and submissionTypeIdGenerator.
Instantiate AbstractResourcePersistence with connectionFactory and connectionName[informix_connection].
load Resource role with ids:[J@1c4d594,[J@1c4d594,[J@1c4d594,[J@1c4d594,[J@1c4d594,[J@1c4d594,[J@1c4d594,[J@1c4d594,[J@1c4d594,[J@1c4d594,[J@1c4d594,[J@1c4d594,[J@1c4d594,[J@1c4d594,[J@1c4d594,[J@1c4d594,[J@1c4d594,[J@1c4d594,[J@1c4d594,[J@1c4d594,[J@1c4d594,[J@1c4d594
operator: UnknownresourceId: Unknown - creating db connection using connection name: informix_connection
committing transaction
Read propery[ConnectionFactoryNS] which is  required  with value[com.topcoder.db.connectionfactory.DBConnectionFactoryImpl] from namespace [com.topcoder.management.project.persistence.InformixProjectPersistence].
Read propery[ConnectionName] which is  optional  with value[informix_connection] from namespace [com.topcoder.management.project.persistence.InformixProjectPersistence].
Read propery[ProjectIdSequenceName] which is  optional  with value[project_id_seq] from namespace [com.topcoder.management.project.persistence.InformixProjectPersistence].
Read propery[ProjectAuditIdSequenceName] which is  optional  with value[project_audit_id_seq] from namespace [com.topcoder.management.project.persistence.InformixProjectPersistence].
Read propery[ConnectionFactoryNS] which is  required  with value[com.topcoder.db.connectionfactory.DBConnectionFactoryImpl] from namespace [com.topcoder.management.project.persistence.link.ProjectLinkManagerImpl].
Read propery[ConnectionName] which is  optional  with value[informix_connection] from namespace [com.topcoder.management.project.persistence.link.ProjectLinkManagerImpl].
read property ConnectionFactoryNS[com.topcoder.db.connectionfactory.DBConnectionFactoryImpl] from the namespace :com.topcoder.management.scorecard.persistence.InformixScorecardPersistence
read property ConnectionName[informix_connection] from the namespace :com.topcoder.management.scorecard.persistence.InformixScorecardPersistence
Instantiate SqlUploadPersistence with connectionFactory and connectioName:informix_connection
Instantiate PersistenceUploadManager with UploadPersistence, uploadSearchBundle, submissionSearchBundle, uploadIdGenerator, uploadTypeIdGenerator, uploadStatusIdGenerator, submissionIDGenerator, submissionStatusIdGenerator and submissionTypeIdGenerator.
Instantiate AbstractResourcePersistence with connectionFactory and connectionName[informix_connection].
load Resource role with ids:[J@a5c9f1,[J@a5c9f1,[J@a5c9f1,[J@a5c9f1,[J@a5c9f1,[J@a5c9f1,[J@a5c9f1,[J@a5c9f1,[J@a5c9f1,[J@a5c9f1,[J@a5c9f1,[J@a5c9f1,[J@a5c9f1,[J@a5c9f1,[J@a5c9f1,[J@a5c9f1,[J@a5c9f1,[J@a5c9f1,[J@a5c9f1,[J@a5c9f1,[J@a5c9f1,[J@a5c9f1
operator: UnknownresourceId: Unknown - creating db connection using connection name: informix_connection
committing transaction
Read propery[ConnectionFactoryNS] which is  required  with value[com.topcoder.db.connectionfactory.DBConnectionFactoryImpl] from namespace [com.topcoder.management.project.persistence.InformixProjectPersistence].
Read propery[ConnectionName] which is  optional  with value[informix_connection] from namespace [com.topcoder.management.project.persistence.InformixProjectPersistence].
Read propery[ProjectIdSequenceName] which is  optional  with value[project_id_seq] from namespace [com.topcoder.management.project.persistence.InformixProjectPersistence].
Read propery[ProjectAuditIdSequenceName] which is  optional  with value[project_audit_id_seq] from namespace [com.topcoder.management.project.persistence.InformixProjectPersistence].
Read propery[ConnectionFactoryNS] which is  required  with value[com.topcoder.db.connectionfactory.DBConnectionFactoryImpl] from namespace [com.topcoder.management.project.persistence.link.ProjectLinkManagerImpl].
Read propery[ConnectionName] which is  optional  with value[informix_connection] from namespace [com.topcoder.management.project.persistence.link.ProjectLinkManagerImpl].
read property ConnectionFactoryNS[com.topcoder.db.connectionfactory.DBConnectionFactoryImpl] from the namespace :com.topcoder.management.scorecard.persistence.InformixScorecardPersistence
read property ConnectionName[informix_connection] from the namespace :com.topcoder.management.scorecard.persistence.InformixScorecardPersistence
Instantiate SqlUploadPersistence with connectionFactory and connectioName:informix_connection
Instantiate PersistenceUploadManager with UploadPersistence, uploadSearchBundle, submissionSearchBundle, uploadIdGenerator, uploadTypeIdGenerator, uploadStatusIdGenerator, submissionIDGenerator, submissionStatusIdGenerator and submissionTypeIdGenerator.
Instantiate AbstractResourcePersistence with connectionFactory and connectionName[informix_connection].
load Resource role with ids:[J@156c69c,[J@156c69c,[J@156c69c,[J@156c69c,[J@156c69c,[J@156c69c,[J@156c69c,[J@156c69c,[J@156c69c,[J@156c69c,[J@156c69c,[J@156c69c,[J@156c69c,[J@156c69c,[J@156c69c,[J@156c69c,[J@156c69c,[J@156c69c,[J@156c69c,[J@156c69c,[J@156c69c,[J@156c69c
operator: UnknownresourceId: Unknown - creating db connection using connection name: informix_connection
committing transaction
Read propery[ConnectionFactoryNS] which is  required  with value[com.topcoder.db.connectionfactory.DBConnectionFactoryImpl] from namespace [com.topcoder.management.project.persistence.InformixProjectPersistence].
Read propery[ConnectionName] which is  optional  with value[informix_connection] from namespace [com.topcoder.management.project.persistence.InformixProjectPersistence].
Read propery[ProjectIdSequenceName] which is  optional  with value[project_id_seq] from namespace [com.topcoder.management.project.persistence.InformixProjectPersistence].
Read propery[ProjectAuditIdSequenceName] which is  optional  with value[project_audit_id_seq] from namespace [com.topcoder.management.project.persistence.InformixProjectPersistence].
Read propery[ConnectionFactoryNS] which is  required  with value[com.topcoder.db.connectionfactory.DBConnectionFactoryImpl] from namespace [com.topcoder.management.project.persistence.link.ProjectLinkManagerImpl].
Read propery[ConnectionName] which is  optional  with value[informix_connection] from namespace [com.topcoder.management.project.persistence.link.ProjectLinkManagerImpl].
read property ConnectionFactoryNS[com.topcoder.db.connectionfactory.DBConnectionFactoryImpl] from the namespace :com.topcoder.management.scorecard.persistence.InformixScorecardPersistence
read property ConnectionName[informix_connection] from the namespace :com.topcoder.management.scorecard.persistence.InformixScorecardPersistence
Instantiate SqlUploadPersistence with connectionFactory and connectioName:informix_connection
Instantiate PersistenceUploadManager with UploadPersistence, uploadSearchBundle, submissionSearchBundle, uploadIdGenerator, uploadTypeIdGenerator, uploadStatusIdGenerator, submissionIDGenerator, submissionStatusIdGenerator and submissionTypeIdGenerator.
Instantiate AbstractResourcePersistence with connectionFactory and connectionName[informix_connection].
load Resource role with ids:[J@1535ac,[J@1535ac,[J@1535ac,[J@1535ac,[J@1535ac,[J@1535ac,[J@1535ac,[J@1535ac,[J@1535ac,[J@1535ac,[J@1535ac,[J@1535ac,[J@1535ac,[J@1535ac,[J@1535ac,[J@1535ac,[J@1535ac,[J@1535ac,[J@1535ac,[J@1535ac,[J@1535ac,[J@1535ac
operator: UnknownresourceId: Unknown - creating db connection using connection name: informix_connection
committing transaction
type: Upload id: Unknown operator:Unknown - search submissions with filter. found: 1
load Resource with ids:[J@1955c3,[J@1955c3
operator: UnknownresourceId: Unknown - creating db connection using connection name: informix_connection
load ResourceRole with id:2
operator: UnknownresourceId: Unknown - creating db connection using connection name: informix_connection
committing transaction
load ResourceRole with id:3
operator: UnknownresourceId: Unknown - creating db connection using connection name: informix_connection
committing transaction
committing transaction
type: Scorecard id: Unknown operator:Unknown - retrieve scorecard with ids:1, and is incomplete
create db connection with connect name:informix_connection
close the connection.
Read propery[ConnectionFactoryNS] which is  required  with value[com.topcoder.db.connectionfactory.DBConnectionFactoryImpl] from namespace [com.topcoder.management.project.persistence.InformixProjectPersistence].
Read propery[ConnectionName] which is  optional  with value[informix_connection] from namespace [com.topcoder.management.project.persistence.InformixProjectPersistence].
Read propery[ProjectIdSequenceName] which is  optional  with value[project_id_seq] from namespace [com.topcoder.management.project.persistence.InformixProjectPersistence].
Read propery[ProjectAuditIdSequenceName] which is  optional  with value[project_audit_id_seq] from namespace [com.topcoder.management.project.persistence.InformixProjectPersistence].
Read propery[ConnectionFactoryNS] which is  required  with value[com.topcoder.db.connectionfactory.DBConnectionFactoryImpl] from namespace [com.topcoder.management.project.persistence.link.ProjectLinkManagerImpl].
Read propery[ConnectionName] which is  optional  with value[informix_connection] from namespace [com.topcoder.management.project.persistence.link.ProjectLinkManagerImpl].
read property ConnectionFactoryNS[com.topcoder.db.connectionfactory.DBConnectionFactoryImpl] from the namespace :com.topcoder.management.scorecard.persistence.InformixScorecardPersistence
read property ConnectionName[informix_connection] from the namespace :com.topcoder.management.scorecard.persistence.InformixScorecardPersistence
Instantiate SqlUploadPersistence with connectionFactory and connectioName:informix_connection
Instantiate PersistenceUploadManager with UploadPersistence, uploadSearchBundle, submissionSearchBundle, uploadIdGenerator, uploadTypeIdGenerator, uploadStatusIdGenerator, submissionIDGenerator, submissionStatusIdGenerator and submissionTypeIdGenerator.
Instantiate AbstractResourcePersistence with connectionFactory and connectionName[informix_connection].
load Resource role with ids:[J@a4effe,[J@a4effe,[J@a4effe,[J@a4effe,[J@a4effe,[J@a4effe,[J@a4effe,[J@a4effe,[J@a4effe,[J@a4effe,[J@a4effe,[J@a4effe,[J@a4effe,[J@a4effe,[J@a4effe,[J@a4effe,[J@a4effe,[J@a4effe,[J@a4effe,[J@a4effe,[J@a4effe,[J@a4effe
operator: UnknownresourceId: Unknown - creating db connection using connection name: informix_connection
committing transaction
type: Upload id: Unknown operator:Unknown - search submissions with filter. found: 0
get projects with the ids: 1
operator: UnknownprojectId: Unknown - creating db connection using connection name: informix_connection
committing transaction
Read propery[ConnectionFactoryNS] which is  required  with value[com.topcoder.db.connectionfactory.DBConnectionFactoryImpl] from namespace [com.topcoder.management.project.persistence.InformixProjectPersistence].
Read propery[ConnectionName] which is  optional  with value[informix_connection] from namespace [com.topcoder.management.project.persistence.InformixProjectPersistence].
Read propery[ProjectIdSequenceName] which is  optional  with value[project_id_seq] from namespace [com.topcoder.management.project.persistence.InformixProjectPersistence].
Read propery[ProjectAuditIdSequenceName] which is  optional  with value[project_audit_id_seq] from namespace [com.topcoder.management.project.persistence.InformixProjectPersistence].
Read propery[ConnectionFactoryNS] which is  required  with value[com.topcoder.db.connectionfactory.DBConnectionFactoryImpl] from namespace [com.topcoder.management.project.persistence.link.ProjectLinkManagerImpl].
Read propery[ConnectionName] which is  optional  with value[informix_connection] from namespace [com.topcoder.management.project.persistence.link.ProjectLinkManagerImpl].
read property ConnectionFactoryNS[com.topcoder.db.connectionfactory.DBConnectionFactoryImpl] from the namespace :com.topcoder.management.scorecard.persistence.InformixScorecardPersistence
read property ConnectionName[informix_connection] from the namespace :com.topcoder.management.scorecard.persistence.InformixScorecardPersistence
Instantiate SqlUploadPersistence with connectionFactory and connectioName:informix_connection
Instantiate PersistenceUploadManager with UploadPersistence, uploadSearchBundle, submissionSearchBundle, uploadIdGenerator, uploadTypeIdGenerator, uploadStatusIdGenerator, submissionIDGenerator, submissionStatusIdGenerator and submissionTypeIdGenerator.
Instantiate AbstractResourcePersistence with connectionFactory and connectionName[informix_connection].
load Resource role with ids:[J@1a264f1,[J@1a264f1,[J@1a264f1,[J@1a264f1,[J@1a264f1,[J@1a264f1,[J@1a264f1,[J@1a264f1,[J@1a264f1,[J@1a264f1,[J@1a264f1,[J@1a264f1,[J@1a264f1,[J@1a264f1,[J@1a264f1,[J@1a264f1,[J@1a264f1,[J@1a264f1,[J@1a264f1,[J@1a264f1,[J@1a264f1,[J@1a264f1
operator: UnknownresourceId: Unknown - creating db connection using connection name: informix_connection
committing transaction
load Notifications with array of userIds/projectIds/notificationTypes.
operator: UnknownresourceId: Unknown - creating db connection using connection name: informix_connection
committing transaction
get projects with the ids: 1
operator: UnknownprojectId: Unknown - creating db connection using connection name: informix_connection
committing transaction
load Resource role with ids:[J@618565,[J@618565,[J@618565,[J@618565,[J@618565,[J@618565,[J@618565,[J@618565,[J@618565,[J@618565,[J@618565,[J@618565,[J@618565,[J@618565,[J@618565,[J@618565,[J@618565,[J@618565,[J@618565,[J@618565,[J@618565,[J@618565
operator: UnknownresourceId: Unknown - creating db connection using connection name: informix_connection
committing transaction
load Resource with ids:[J@16c14e7
operator: UnknownresourceId: Unknown - creating db connection using connection name: informix_connection
load ResourceRole with id:4
operator: UnknownresourceId: Unknown - creating db connection using connection name: informix_connection
committing transaction
committing transaction
load Resource with ids:[J@f7cbcc
operator: UnknownresourceId: Unknown - creating db connection using connection name: informix_connection
load ResourceRole with id:12
operator: UnknownresourceId: Unknown - creating db connection using connection name: informix_connection
committing transaction
committing transaction
load Resource with ids:[J@bbb2d0
operator: UnknownresourceId: Unknown - creating db connection using connection name: informix_connection
load ResourceRole with id:13
operator: UnknownresourceId: Unknown - creating db connection using connection name: informix_connection
committing transaction
committing transaction
load Resource with ids:[J@eb607d
operator: UnknownresourceId: Unknown - creating db connection using connection name: informix_connection
load ResourceRole with id:9
operator: UnknownresourceId: Unknown - creating db connection using connection name: informix_connection
committing transaction
committing transaction
operator: UnknownresourceId: 100001 - load resource.
operator: UnknownresourceId: Unknown - creating db connection using connection name: informix_connection
load ResourceRole with id:4
operator: UnknownresourceId: Unknown - creating db connection using connection name: informix_connection
committing transaction
committing transaction
operator: UnknownresourceId: 100000 - load resource.
operator: UnknownresourceId: Unknown - creating db connection using connection name: informix_connection
load ResourceRole with id:13
operator: UnknownresourceId: Unknown - creating db connection using connection name: informix_connection
committing transaction
committing transaction
Read propery[ConnectionFactoryNS] which is  required  with value[com.topcoder.db.connectionfactory.DBConnectionFactoryImpl] from namespace [com.topcoder.management.project.persistence.InformixProjectPersistence].
Read propery[ConnectionName] which is  optional  with value[informix_connection] from namespace [com.topcoder.management.project.persistence.InformixProjectPersistence].
Read propery[ProjectIdSequenceName] which is  optional  with value[project_id_seq] from namespace [com.topcoder.management.project.persistence.InformixProjectPersistence].
Read propery[ProjectAuditIdSequenceName] which is  optional  with value[project_audit_id_seq] from namespace [com.topcoder.management.project.persistence.InformixProjectPersistence].
Read propery[ConnectionFactoryNS] which is  required  with value[com.topcoder.db.connectionfactory.DBConnectionFactoryImpl] from namespace [com.topcoder.management.project.persistence.link.ProjectLinkManagerImpl].
Read propery[ConnectionName] which is  optional  with value[informix_connection] from namespace [com.topcoder.management.project.persistence.link.ProjectLinkManagerImpl].
read property ConnectionFactoryNS[com.topcoder.db.connectionfactory.DBConnectionFactoryImpl] from the namespace :com.topcoder.management.scorecard.persistence.InformixScorecardPersistence
read property ConnectionName[informix_connection] from the namespace :com.topcoder.management.scorecard.persistence.InformixScorecardPersistence
Instantiate SqlUploadPersistence with connectionFactory and connectioName:informix_connection
Instantiate PersistenceUploadManager with UploadPersistence, uploadSearchBundle, submissionSearchBundle, uploadIdGenerator, uploadTypeIdGenerator, uploadStatusIdGenerator, submissionIDGenerator, submissionStatusIdGenerator and submissionTypeIdGenerator.
Instantiate AbstractResourcePersistence with connectionFactory and connectionName[informix_connection].
load Resource role with ids:[J@af07c4,[J@af07c4,[J@af07c4,[J@af07c4,[J@af07c4,[J@af07c4,[J@af07c4,[J@af07c4,[J@af07c4,[J@af07c4,[J@af07c4,[J@af07c4,[J@af07c4,[J@af07c4,[J@af07c4,[J@af07c4,[J@af07c4,[J@af07c4,[J@af07c4,[J@af07c4,[J@af07c4,[J@af07c4
operator: UnknownresourceId: Unknown - creating db connection using connection name: informix_connection
committing transaction
type: Upload id: Unknown operator:Unknown - search submissions with filter. found: 0
get projects with the ids: 1
operator: UnknownprojectId: Unknown - creating db connection using connection name: informix_connection
committing transaction
load Notifications with array of userIds/projectIds/notificationTypes.
operator: UnknownresourceId: Unknown - creating db connection using connection name: informix_connection
committing transaction
get projects with the ids: 1
operator: UnknownprojectId: Unknown - creating db connection using connection name: informix_connection
committing transaction
load Resource role with ids:[J@1f784d7,[J@1f784d7,[J@1f784d7,[J@1f784d7,[J@1f784d7,[J@1f784d7,[J@1f784d7,[J@1f784d7,[J@1f784d7,[J@1f784d7,[J@1f784d7,[J@1f784d7,[J@1f784d7,[J@1f784d7,[J@1f784d7,[J@1f784d7,[J@1f784d7,[J@1f784d7,[J@1f784d7,[J@1f784d7,[J@1f784d7,[J@1f784d7
operator: UnknownresourceId: Unknown - creating db connection using connection name: informix_connection
committing transaction
load Resource with ids:[J@1a5ee7c
operator: UnknownresourceId: Unknown - creating db connection using connection name: informix_connection
load ResourceRole with id:4
operator: UnknownresourceId: Unknown - creating db connection using connection name: informix_connection
committing transaction
committing transaction
load Resource with ids:[J@16a2c7b
operator: UnknownresourceId: Unknown - creating db connection using connection name: informix_connection
load ResourceRole with id:12
operator: UnknownresourceId: Unknown - creating db connection using connection name: informix_connection
committing transaction
committing transaction
load Resource with ids:[J@1660d22
operator: UnknownresourceId: Unknown - creating db connection using connection name: informix_connection
load ResourceRole with id:13
operator: UnknownresourceId: Unknown - creating db connection using connection name: informix_connection
committing transaction
committing transaction
load Resource with ids:[J@13887c2
operator: UnknownresourceId: Unknown - creating db connection using connection name: informix_connection
load ResourceRole with id:9
operator: UnknownresourceId: Unknown - creating db connection using connection name: informix_connection
committing transaction
committing transaction
operator: UnknownresourceId: 100001 - load resource.
operator: UnknownresourceId: Unknown - creating db connection using connection name: informix_connection
load ResourceRole with id:4
operator: UnknownresourceId: Unknown - creating db connection using connection name: informix_connection
committing transaction
committing transaction
operator: UnknownresourceId: 100000 - load resource.
operator: UnknownresourceId: Unknown - creating db connection using connection name: informix_connection
load ResourceRole with id:13
operator: UnknownresourceId: Unknown - creating db connection using connection name: informix_connection
committing transaction
committing transaction
Read propery[ConnectionFactoryNS] which is  required  with value[com.topcoder.db.connectionfactory.DBConnectionFactoryImpl] from namespace [com.topcoder.management.project.persistence.InformixProjectPersistence].
Read propery[ConnectionName] which is  optional  with value[informix_connection] from namespace [com.topcoder.management.project.persistence.InformixProjectPersistence].
Read propery[ProjectIdSequenceName] which is  optional  with value[project_id_seq] from namespace [com.topcoder.management.project.persistence.InformixProjectPersistence].
Read propery[ProjectAuditIdSequenceName] which is  optional  with value[project_audit_id_seq] from namespace [com.topcoder.management.project.persistence.InformixProjectPersistence].
Read propery[ConnectionFactoryNS] which is  required  with value[com.topcoder.db.connectionfactory.DBConnectionFactoryImpl] from namespace [com.topcoder.management.project.persistence.link.ProjectLinkManagerImpl].
Read propery[ConnectionName] which is  optional  with value[informix_connection] from namespace [com.topcoder.management.project.persistence.link.ProjectLinkManagerImpl].
read property ConnectionFactoryNS[com.topcoder.db.connectionfactory.DBConnectionFactoryImpl] from the namespace :com.topcoder.management.scorecard.persistence.InformixScorecardPersistence
read property ConnectionName[informix_connection] from the namespace :com.topcoder.management.scorecard.persistence.InformixScorecardPersistence
Instantiate SqlUploadPersistence with connectionFactory and connectioName:informix_connection
Instantiate PersistenceUploadManager with UploadPersistence, uploadSearchBundle, submissionSearchBundle, uploadIdGenerator, uploadTypeIdGenerator, uploadStatusIdGenerator, submissionIDGenerator, submissionStatusIdGenerator and submissionTypeIdGenerator.
Instantiate AbstractResourcePersistence with connectionFactory and connectionName[informix_connection].
load Resource role with ids:[J@afb650,[J@afb650,[J@afb650,[J@afb650,[J@afb650,[J@afb650,[J@afb650,[J@afb650,[J@afb650,[J@afb650,[J@afb650,[J@afb650,[J@afb650,[J@afb650,[J@afb650,[J@afb650,[J@afb650,[J@afb650,[J@afb650,[J@afb650,[J@afb650,[J@afb650
operator: UnknownresourceId: Unknown - creating db connection using connection name: informix_connection
committing transaction
type: Upload id: Unknown operator:Unknown - search submissions with filter. found: 1
operator: UnknownresourceId: 1 - load resource.
operator: UnknownresourceId: Unknown - creating db connection using connection name: informix_connection
load ResourceRole with id:1
operator: UnknownresourceId: Unknown - creating db connection using connection name: informix_connection
committing transaction
committing transaction
get projects with the ids: 1
operator: UnknownprojectId: Unknown - creating db connection using connection name: informix_connection
committing transaction
load Resource role with ids:[J@1f1cc1a,[J@1f1cc1a,[J@1f1cc1a,[J@1f1cc1a,[J@1f1cc1a,[J@1f1cc1a,[J@1f1cc1a,[J@1f1cc1a,[J@1f1cc1a,[J@1f1cc1a,[J@1f1cc1a,[J@1f1cc1a,[J@1f1cc1a,[J@1f1cc1a,[J@1f1cc1a,[J@1f1cc1a,[J@1f1cc1a,[J@1f1cc1a,[J@1f1cc1a,[J@1f1cc1a,[J@1f1cc1a,[J@1f1cc1a
operator: UnknownresourceId: Unknown - creating db connection using connection name: informix_connection
committing transaction
Read propery[ConnectionFactoryNS] which is  required  with value[com.topcoder.db.connectionfactory.DBConnectionFactoryImpl] from namespace [com.topcoder.management.project.persistence.InformixProjectPersistence].
Read propery[ConnectionName] which is  optional  with value[informix_connection] from namespace [com.topcoder.management.project.persistence.InformixProjectPersistence].
Read propery[ProjectIdSequenceName] which is  optional  with value[project_id_seq] from namespace [com.topcoder.management.project.persistence.InformixProjectPersistence].
Read propery[ProjectAuditIdSequenceName] which is  optional  with value[project_audit_id_seq] from namespace [com.topcoder.management.project.persistence.InformixProjectPersistence].
Read propery[ConnectionFactoryNS] which is  required  with value[com.topcoder.db.connectionfactory.DBConnectionFactoryImpl] from namespace [com.topcoder.management.project.persistence.link.ProjectLinkManagerImpl].
Read propery[ConnectionName] which is  optional  with value[informix_connection] from namespace [com.topcoder.management.project.persistence.link.ProjectLinkManagerImpl].
read property ConnectionFactoryNS[com.topcoder.db.connectionfactory.DBConnectionFactoryImpl] from the namespace :com.topcoder.management.scorecard.persistence.InformixScorecardPersistence
read property ConnectionName[informix_connection] from the namespace :com.topcoder.management.scorecard.persistence.InformixScorecardPersistence
Instantiate SqlUploadPersistence with connectionFactory and connectioName:informix_connection
Instantiate PersistenceUploadManager with UploadPersistence, uploadSearchBundle, submissionSearchBundle, uploadIdGenerator, uploadTypeIdGenerator, uploadStatusIdGenerator, submissionIDGenerator, submissionStatusIdGenerator and submissionTypeIdGenerator.
Instantiate AbstractResourcePersistence with connectionFactory and connectionName[informix_connection].
load Resource role with ids:[J@739136,[J@739136,[J@739136,[J@739136,[J@739136,[J@739136,[J@739136,[J@739136,[J@739136,[J@739136,[J@739136,[J@739136,[J@739136,[J@739136,[J@739136,[J@739136,[J@739136,[J@739136,[J@739136,[J@739136,[J@739136,[J@739136
operator: UnknownresourceId: Unknown - creating db connection using connection name: informix_connection
committing transaction
type: Upload id: Unknown operator:Unknown - search submissions with filter. found: 2
operator: UnknownresourceId: 4 - load resource.
operator: UnknownresourceId: Unknown - creating db connection using connection name: informix_connection
load ResourceRole with id:1
operator: UnknownresourceId: Unknown - creating db connection using connection name: informix_connection
committing transaction
committing transaction
operator: UnknownresourceId: 5 - load resource.
operator: UnknownresourceId: Unknown - creating db connection using connection name: informix_connection
load ResourceRole with id:1
operator: UnknownresourceId: Unknown - creating db connection using connection name: informix_connection
committing transaction
committing transaction
load Notifications with array of userIds/projectIds/notificationTypes.
operator: UnknownresourceId: Unknown - creating db connection using connection name: informix_connection
committing transaction
get projects with the ids: 1
operator: UnknownprojectId: Unknown - creating db connection using connection name: informix_connection
committing transaction
load Resource role with ids:[J@c3bb57,[J@c3bb57,[J@c3bb57,[J@c3bb57,[J@c3bb57,[J@c3bb57,[J@c3bb57,[J@c3bb57,[J@c3bb57,[J@c3bb57,[J@c3bb57,[J@c3bb57,[J@c3bb57,[J@c3bb57,[J@c3bb57,[J@c3bb57,[J@c3bb57,[J@c3bb57,[J@c3bb57,[J@c3bb57,[J@c3bb57,[J@c3bb57
operator: UnknownresourceId: Unknown - creating db connection using connection name: informix_connection
committing transaction
load Resource with ids:[J@c0267a
operator: UnknownresourceId: Unknown - creating db connection using connection name: informix_connection
load ResourceRole with id:4
operator: UnknownresourceId: Unknown - creating db connection using connection name: informix_connection
committing transaction
committing transaction
load Resource with ids:[J@78e185
operator: UnknownresourceId: Unknown - creating db connection using connection name: informix_connection
load ResourceRole with id:12
operator: UnknownresourceId: Unknown - creating db connection using connection name: informix_connection
committing transaction
committing transaction
load Resource with ids:[J@d083
operator: UnknownresourceId: Unknown - creating db connection using connection name: informix_connection
load ResourceRole with id:13
operator: UnknownresourceId: Unknown - creating db connection using connection name: informix_connection
committing transaction
committing transaction
load Resource with ids:[J@76438d
operator: UnknownresourceId: Unknown - creating db connection using connection name: informix_connection
load ResourceRole with id:9
operator: UnknownresourceId: Unknown - creating db connection using connection name: informix_connection
committing transaction
committing transaction
load Resource with ids:[J@1291479,[J@1291479
operator: UnknownresourceId: Unknown - creating db connection using connection name: informix_connection
load ResourceRole with id:1
operator: UnknownresourceId: Unknown - creating db connection using connection name: informix_connection
committing transaction
load ResourceRole with id:1
operator: UnknownresourceId: Unknown - creating db connection using connection name: informix_connection
committing transaction
committing transaction
operator: UnknownresourceId: 100001 - load resource.
operator: UnknownresourceId: Unknown - creating db connection using connection name: informix_connection
load ResourceRole with id:4
operator: UnknownresourceId: Unknown - creating db connection using connection name: informix_connection
committing transaction
committing transaction
operator: UnknownresourceId: 4 - load resource.
operator: UnknownresourceId: Unknown - creating db connection using connection name: informix_connection
load ResourceRole with id:1
operator: UnknownresourceId: Unknown - creating db connection using connection name: informix_connection
committing transaction
committing transaction
operator: UnknownresourceId: 100000 - load resource.
operator: UnknownresourceId: Unknown - creating db connection using connection name: informix_connection
load ResourceRole with id:13
operator: UnknownresourceId: Unknown - creating db connection using connection name: informix_connection
committing transaction
committing transaction
operator: UnknownresourceId: 5 - load resource.
operator: UnknownresourceId: Unknown - creating db connection using connection name: informix_connection
load ResourceRole with id:1
operator: UnknownresourceId: Unknown - creating db connection using connection name: informix_connection
committing transaction
committing transaction
Read propery[ConnectionFactoryNS] which is  required  with value[com.topcoder.db.connectionfactory.DBConnectionFactoryImpl] from namespace [com.topcoder.management.project.persistence.InformixProjectPersistence].
Read propery[ConnectionName] which is  optional  with value[informix_connection] from namespace [com.topcoder.management.project.persistence.InformixProjectPersistence].
Read propery[ProjectIdSequenceName] which is  optional  with value[project_id_seq] from namespace [com.topcoder.management.project.persistence.InformixProjectPersistence].
Read propery[ProjectAuditIdSequenceName] which is  optional  with value[project_audit_id_seq] from namespace [com.topcoder.management.project.persistence.InformixProjectPersistence].
Read propery[ConnectionFactoryNS] which is  required  with value[com.topcoder.db.connectionfactory.DBConnectionFactoryImpl] from namespace [com.topcoder.management.project.persistence.link.ProjectLinkManagerImpl].
Read propery[ConnectionName] which is  optional  with value[informix_connection] from namespace [com.topcoder.management.project.persistence.link.ProjectLinkManagerImpl].
read property ConnectionFactoryNS[com.topcoder.db.connectionfactory.DBConnectionFactoryImpl] from the namespace :com.topcoder.management.scorecard.persistence.InformixScorecardPersistence
read property ConnectionName[informix_connection] from the namespace :com.topcoder.management.scorecard.persistence.InformixScorecardPersistence
Instantiate SqlUploadPersistence with connectionFactory and connectioName:informix_connection
Instantiate PersistenceUploadManager with UploadPersistence, uploadSearchBundle, submissionSearchBundle, uploadIdGenerator, uploadTypeIdGenerator, uploadStatusIdGenerator, submissionIDGenerator, submissionStatusIdGenerator and submissionTypeIdGenerator.
Instantiate AbstractResourcePersistence with connectionFactory and connectionName[informix_connection].
load Resource role with ids:[J@b9242e,[J@b9242e,[J@b9242e,[J@b9242e,[J@b9242e,[J@b9242e,[J@b9242e,[J@b9242e,[J@b9242e,[J@b9242e,[J@b9242e,[J@b9242e,[J@b9242e,[J@b9242e,[J@b9242e,[J@b9242e,[J@b9242e,[J@b9242e,[J@b9242e,[J@b9242e,[J@b9242e,[J@b9242e
operator: UnknownresourceId: Unknown - creating db connection using connection name: informix_connection
committing transaction
type: Upload id: Unknown operator:Unknown - search submissions with filter. found: 1
Read propery[ConnectionFactoryNS] which is  required  with value[com.topcoder.db.connectionfactory.DBConnectionFactoryImpl] from namespace [com.topcoder.management.project.persistence.InformixProjectPersistence].
Read propery[ConnectionName] which is  optional  with value[informix_connection] from namespace [com.topcoder.management.project.persistence.InformixProjectPersistence].
Read propery[ProjectIdSequenceName] which is  optional  with value[project_id_seq] from namespace [com.topcoder.management.project.persistence.InformixProjectPersistence].
Read propery[ProjectAuditIdSequenceName] which is  optional  with value[project_audit_id_seq] from namespace [com.topcoder.management.project.persistence.InformixProjectPersistence].
Read propery[ConnectionFactoryNS] which is  required  with value[com.topcoder.db.connectionfactory.DBConnectionFactoryImpl] from namespace [com.topcoder.management.project.persistence.link.ProjectLinkManagerImpl].
Read propery[ConnectionName] which is  optional  with value[informix_connection] from namespace [com.topcoder.management.project.persistence.link.ProjectLinkManagerImpl].
read property ConnectionFactoryNS[com.topcoder.db.connectionfactory.DBConnectionFactoryImpl] from the namespace :com.topcoder.management.scorecard.persistence.InformixScorecardPersistence
read property ConnectionName[informix_connection] from the namespace :com.topcoder.management.scorecard.persistence.InformixScorecardPersistence
Instantiate SqlUploadPersistence with connectionFactory and connectioName:informix_connection
Instantiate PersistenceUploadManager with UploadPersistence, uploadSearchBundle, submissionSearchBundle, uploadIdGenerator, uploadTypeIdGenerator, uploadStatusIdGenerator, submissionIDGenerator, submissionStatusIdGenerator and submissionTypeIdGenerator.
Instantiate AbstractResourcePersistence with connectionFactory and connectionName[informix_connection].
load Resource role with ids:[J@16b3939,[J@16b3939,[J@16b3939,[J@16b3939,[J@16b3939,[J@16b3939,[J@16b3939,[J@16b3939,[J@16b3939,[J@16b3939,[J@16b3939,[J@16b3939,[J@16b3939,[J@16b3939,[J@16b3939,[J@16b3939,[J@16b3939,[J@16b3939,[J@16b3939,[J@16b3939,[J@16b3939,[J@16b3939
operator: UnknownresourceId: Unknown - creating db connection using connection name: informix_connection
committing transaction
type: Upload id: Unknown operator:Unknown - search submissions with filter. found: 1
type: Upload id: Unknown operator:Unknown - search submissions with filter. found: 1
Read propery[ConnectionFactoryNS] which is  required  with value[com.topcoder.db.connectionfactory.DBConnectionFactoryImpl] from namespace [com.topcoder.management.project.persistence.InformixProjectPersistence].
Read propery[ConnectionName] which is  optional  with value[informix_connection] from namespace [com.topcoder.management.project.persistence.InformixProjectPersistence].
Read propery[ProjectIdSequenceName] which is  optional  with value[project_id_seq] from namespace [com.topcoder.management.project.persistence.InformixProjectPersistence].
Read propery[ProjectAuditIdSequenceName] which is  optional  with value[project_audit_id_seq] from namespace [com.topcoder.management.project.persistence.InformixProjectPersistence].
Read propery[ConnectionFactoryNS] which is  required  with value[com.topcoder.db.connectionfactory.DBConnectionFactoryImpl] from namespace [com.topcoder.management.project.persistence.link.ProjectLinkManagerImpl].
Read propery[ConnectionName] which is  optional  with value[informix_connection] from namespace [com.topcoder.management.project.persistence.link.ProjectLinkManagerImpl].
read property ConnectionFactoryNS[com.topcoder.db.connectionfactory.DBConnectionFactoryImpl] from the namespace :com.topcoder.management.scorecard.persistence.InformixScorecardPersistence
read property ConnectionName[informix_connection] from the namespace :com.topcoder.management.scorecard.persistence.InformixScorecardPersistence
Instantiate SqlUploadPersistence with connectionFactory and connectioName:informix_connection
Instantiate PersistenceUploadManager with UploadPersistence, uploadSearchBundle, submissionSearchBundle, uploadIdGenerator, uploadTypeIdGenerator, uploadStatusIdGenerator, submissionIDGenerator, submissionStatusIdGenerator and submissionTypeIdGenerator.
Instantiate AbstractResourcePersistence with connectionFactory and connectionName[informix_connection].
load Resource role with ids:[J@669255,[J@669255,[J@669255,[J@669255,[J@669255,[J@669255,[J@669255,[J@669255,[J@669255,[J@669255,[J@669255,[J@669255,[J@669255,[J@669255,[J@669255,[J@669255,[J@669255,[J@669255,[J@669255,[J@669255,[J@669255,[J@669255
operator: UnknownresourceId: Unknown - creating db connection using connection name: informix_connection
committing transaction
Read propery[ConnectionFactoryNS] which is  required  with value[com.topcoder.db.connectionfactory.DBConnectionFactoryImpl] from namespace [com.topcoder.management.project.persistence.InformixProjectPersistence].
Read propery[ConnectionName] which is  optional  with value[informix_connection] from namespace [com.topcoder.management.project.persistence.InformixProjectPersistence].
Read propery[ProjectIdSequenceName] which is  optional  with value[project_id_seq] from namespace [com.topcoder.management.project.persistence.InformixProjectPersistence].
Read propery[ProjectAuditIdSequenceName] which is  optional  with value[project_audit_id_seq] from namespace [com.topcoder.management.project.persistence.InformixProjectPersistence].
Read propery[ConnectionFactoryNS] which is  required  with value[com.topcoder.db.connectionfactory.DBConnectionFactoryImpl] from namespace [com.topcoder.management.project.persistence.link.ProjectLinkManagerImpl].
Read propery[ConnectionName] which is  optional  with value[informix_connection] from namespace [com.topcoder.management.project.persistence.link.ProjectLinkManagerImpl].
read property ConnectionFactoryNS[com.topcoder.db.connectionfactory.DBConnectionFactoryImpl] from the namespace :com.topcoder.management.scorecard.persistence.InformixScorecardPersistence
read property ConnectionName[informix_connection] from the namespace :com.topcoder.management.scorecard.persistence.InformixScorecardPersistence
Instantiate SqlUploadPersistence with connectionFactory and connectioName:informix_connection
Instantiate PersistenceUploadManager with UploadPersistence, uploadSearchBundle, submissionSearchBundle, uploadIdGenerator, uploadTypeIdGenerator, uploadStatusIdGenerator, submissionIDGenerator, submissionStatusIdGenerator and submissionTypeIdGenerator.
Instantiate AbstractResourcePersistence with connectionFactory and connectionName[informix_connection].
load Resource role with ids:[J@151e135,[J@151e135,[J@151e135,[J@151e135,[J@151e135,[J@151e135,[J@151e135,[J@151e135,[J@151e135,[J@151e135,[J@151e135,[J@151e135,[J@151e135,[J@151e135,[J@151e135,[J@151e135,[J@151e135,[J@151e135,[J@151e135,[J@151e135,[J@151e135,[J@151e135
operator: UnknownresourceId: Unknown - creating db connection using connection name: informix_connection
committing transaction
Read propery[ConnectionFactoryNS] which is  required  with value[com.topcoder.db.connectionfactory.DBConnectionFactoryImpl] from namespace [com.topcoder.management.project.persistence.InformixProjectPersistence].
Read propery[ConnectionName] which is  optional  with value[informix_connection] from namespace [com.topcoder.management.project.persistence.InformixProjectPersistence].
Read propery[ProjectIdSequenceName] which is  optional  with value[project_id_seq] from namespace [com.topcoder.management.project.persistence.InformixProjectPersistence].
Read propery[ProjectAuditIdSequenceName] which is  optional  with value[project_audit_id_seq] from namespace [com.topcoder.management.project.persistence.InformixProjectPersistence].
Read propery[ConnectionFactoryNS] which is  required  with value[com.topcoder.db.connectionfactory.DBConnectionFactoryImpl] from namespace [com.topcoder.management.project.persistence.link.ProjectLinkManagerImpl].
Read propery[ConnectionName] which is  optional  with value[informix_connection] from namespace [com.topcoder.management.project.persistence.link.ProjectLinkManagerImpl].
read property ConnectionFactoryNS[com.topcoder.db.connectionfactory.DBConnectionFactoryImpl] from the namespace :com.topcoder.management.scorecard.persistence.InformixScorecardPersistence
read property ConnectionName[informix_connection] from the namespace :com.topcoder.management.scorecard.persistence.InformixScorecardPersistence
Instantiate SqlUploadPersistence with connectionFactory and connectioName:informix_connection
Instantiate PersistenceUploadManager with UploadPersistence, uploadSearchBundle, submissionSearchBundle, uploadIdGenerator, uploadTypeIdGenerator, uploadStatusIdGenerator, submissionIDGenerator, submissionStatusIdGenerator and submissionTypeIdGenerator.
Instantiate AbstractResourcePersistence with connectionFactory and connectionName[informix_connection].
load Resource role with ids:[J@123b9c1,[J@123b9c1,[J@123b9c1,[J@123b9c1,[J@123b9c1,[J@123b9c1,[J@123b9c1,[J@123b9c1,[J@123b9c1,[J@123b9c1,[J@123b9c1,[J@123b9c1,[J@123b9c1,[J@123b9c1,[J@123b9c1,[J@123b9c1,[J@123b9c1,[J@123b9c1,[J@123b9c1,[J@123b9c1,[J@123b9c1,[J@123b9c1
operator: UnknownresourceId: Unknown - creating db connection using connection name: informix_connection
committing transaction
Read propery[ConnectionFactoryNS] which is  required  with value[com.topcoder.db.connectionfactory.DBConnectionFactoryImpl] from namespace [com.topcoder.management.project.persistence.InformixProjectPersistence].
Read propery[ConnectionName] which is  optional  with value[informix_connection] from namespace [com.topcoder.management.project.persistence.InformixProjectPersistence].
Read propery[ProjectIdSequenceName] which is  optional  with value[project_id_seq] from namespace [com.topcoder.management.project.persistence.InformixProjectPersistence].
Read propery[ProjectAuditIdSequenceName] which is  optional  with value[project_audit_id_seq] from namespace [com.topcoder.management.project.persistence.InformixProjectPersistence].
Read propery[ConnectionFactoryNS] which is  required  with value[com.topcoder.db.connectionfactory.DBConnectionFactoryImpl] from namespace [com.topcoder.management.project.persistence.link.ProjectLinkManagerImpl].
Read propery[ConnectionName] which is  optional  with value[informix_connection] from namespace [com.topcoder.management.project.persistence.link.ProjectLinkManagerImpl].
read property ConnectionFactoryNS[com.topcoder.db.connectionfactory.DBConnectionFactoryImpl] from the namespace :com.topcoder.management.scorecard.persistence.InformixScorecardPersistence
read property ConnectionName[informix_connection] from the namespace :com.topcoder.management.scorecard.persistence.InformixScorecardPersistence
Instantiate SqlUploadPersistence with connectionFactory and connectioName:informix_connection
Instantiate PersistenceUploadManager with UploadPersistence, uploadSearchBundle, submissionSearchBundle, uploadIdGenerator, uploadTypeIdGenerator, uploadStatusIdGenerator, submissionIDGenerator, submissionStatusIdGenerator and submissionTypeIdGenerator.
Instantiate AbstractResourcePersistence with connectionFactory and connectionName[informix_connection].
load Resource role with ids:[J@7bf4c3,[J@7bf4c3,[J@7bf4c3,[J@7bf4c3,[J@7bf4c3,[J@7bf4c3,[J@7bf4c3,[J@7bf4c3,[J@7bf4c3,[J@7bf4c3,[J@7bf4c3,[J@7bf4c3,[J@7bf4c3,[J@7bf4c3,[J@7bf4c3,[J@7bf4c3,[J@7bf4c3,[J@7bf4c3,[J@7bf4c3,[J@7bf4c3,[J@7bf4c3,[J@7bf4c3
operator: UnknownresourceId: Unknown - creating db connection using connection name: informix_connection
committing transaction
Read propery[ConnectionFactoryNS] which is  required  with value[com.topcoder.db.connectionfactory.DBConnectionFactoryImpl] from namespace [com.topcoder.management.project.persistence.InformixProjectPersistence].
Read propery[ConnectionName] which is  optional  with value[informix_connection] from namespace [com.topcoder.management.project.persistence.InformixProjectPersistence].
Read propery[ProjectIdSequenceName] which is  optional  with value[project_id_seq] from namespace [com.topcoder.management.project.persistence.InformixProjectPersistence].
Read propery[ProjectAuditIdSequenceName] which is  optional  with value[project_audit_id_seq] from namespace [com.topcoder.management.project.persistence.InformixProjectPersistence].
Read propery[ConnectionFactoryNS] which is  required  with value[com.topcoder.db.connectionfactory.DBConnectionFactoryImpl] from namespace [com.topcoder.management.project.persistence.link.ProjectLinkManagerImpl].
Read propery[ConnectionName] which is  optional  with value[informix_connection] from namespace [com.topcoder.management.project.persistence.link.ProjectLinkManagerImpl].
read property ConnectionFactoryNS[com.topcoder.db.connectionfactory.DBConnectionFactoryImpl] from the namespace :com.topcoder.management.scorecard.persistence.InformixScorecardPersistence
read property ConnectionName[informix_connection] from the namespace :com.topcoder.management.scorecard.persistence.InformixScorecardPersistence
Instantiate SqlUploadPersistence with connectionFactory and connectioName:informix_connection
Instantiate PersistenceUploadManager with UploadPersistence, uploadSearchBundle, submissionSearchBundle, uploadIdGenerator, uploadTypeIdGenerator, uploadStatusIdGenerator, submissionIDGenerator, submissionStatusIdGenerator and submissionTypeIdGenerator.
Instantiate AbstractResourcePersistence with connectionFactory and connectionName[informix_connection].
load Resource role with ids:[J@f274b4,[J@f274b4,[J@f274b4,[J@f274b4,[J@f274b4,[J@f274b4,[J@f274b4,[J@f274b4,[J@f274b4,[J@f274b4,[J@f274b4,[J@f274b4,[J@f274b4,[J@f274b4,[J@f274b4,[J@f274b4,[J@f274b4,[J@f274b4,[J@f274b4,[J@f274b4,[J@f274b4,[J@f274b4
operator: UnknownresourceId: Unknown - creating db connection using connection name: informix_connection
committing transaction
Read propery[ConnectionFactoryNS] which is  required  with value[com.topcoder.db.connectionfactory.DBConnectionFactoryImpl] from namespace [com.topcoder.management.project.persistence.InformixProjectPersistence].
Read propery[ConnectionName] which is  optional  with value[informix_connection] from namespace [com.topcoder.management.project.persistence.InformixProjectPersistence].
Read propery[ProjectIdSequenceName] which is  optional  with value[project_id_seq] from namespace [com.topcoder.management.project.persistence.InformixProjectPersistence].
Read propery[ProjectAuditIdSequenceName] which is  optional  with value[project_audit_id_seq] from namespace [com.topcoder.management.project.persistence.InformixProjectPersistence].
Read propery[ConnectionFactoryNS] which is  required  with value[com.topcoder.db.connectionfactory.DBConnectionFactoryImpl] from namespace [com.topcoder.management.project.persistence.link.ProjectLinkManagerImpl].
Read propery[ConnectionName] which is  optional  with value[informix_connection] from namespace [com.topcoder.management.project.persistence.link.ProjectLinkManagerImpl].
read property ConnectionFactoryNS[com.topcoder.db.connectionfactory.DBConnectionFactoryImpl] from the namespace :com.topcoder.management.scorecard.persistence.InformixScorecardPersistence
read property ConnectionName[informix_connection] from the namespace :com.topcoder.management.scorecard.persistence.InformixScorecardPersistence
Instantiate SqlUploadPersistence with connectionFactory and connectioName:informix_connection
Instantiate PersistenceUploadManager with UploadPersistence, uploadSearchBundle, submissionSearchBundle, uploadIdGenerator, uploadTypeIdGenerator, uploadStatusIdGenerator, submissionIDGenerator, submissionStatusIdGenerator and submissionTypeIdGenerator.
Instantiate AbstractResourcePersistence with connectionFactory and connectionName[informix_connection].
load Resource role with ids:[J@16b724d,[J@16b724d,[J@16b724d,[J@16b724d,[J@16b724d,[J@16b724d,[J@16b724d,[J@16b724d,[J@16b724d,[J@16b724d,[J@16b724d,[J@16b724d,[J@16b724d,[J@16b724d,[J@16b724d,[J@16b724d,[J@16b724d,[J@16b724d,[J@16b724d,[J@16b724d,[J@16b724d,[J@16b724d
operator: UnknownresourceId: Unknown - creating db connection using connection name: informix_connection
committing transaction
Read propery[ConnectionFactoryNS] which is  required  with value[com.topcoder.db.connectionfactory.DBConnectionFactoryImpl] from namespace [com.topcoder.management.project.persistence.InformixProjectPersistence].
Read propery[ConnectionName] which is  optional  with value[informix_connection] from namespace [com.topcoder.management.project.persistence.InformixProjectPersistence].
Read propery[ProjectIdSequenceName] which is  optional  with value[project_id_seq] from namespace [com.topcoder.management.project.persistence.InformixProjectPersistence].
Read propery[ProjectAuditIdSequenceName] which is  optional  with value[project_audit_id_seq] from namespace [com.topcoder.management.project.persistence.InformixProjectPersistence].
Read propery[ConnectionFactoryNS] which is  required  with value[com.topcoder.db.connectionfactory.DBConnectionFactoryImpl] from namespace [com.topcoder.management.project.persistence.link.ProjectLinkManagerImpl].
Read propery[ConnectionName] which is  optional  with value[informix_connection] from namespace [com.topcoder.management.project.persistence.link.ProjectLinkManagerImpl].
read property ConnectionFactoryNS[com.topcoder.db.connectionfactory.DBConnectionFactoryImpl] from the namespace :com.topcoder.management.scorecard.persistence.InformixScorecardPersistence
read property ConnectionName[informix_connection] from the namespace :com.topcoder.management.scorecard.persistence.InformixScorecardPersistence
Instantiate SqlUploadPersistence with connectionFactory and connectioName:informix_connection
Instantiate PersistenceUploadManager with UploadPersistence, uploadSearchBundle, submissionSearchBundle, uploadIdGenerator, uploadTypeIdGenerator, uploadStatusIdGenerator, submissionIDGenerator, submissionStatusIdGenerator and submissionTypeIdGenerator.
Instantiate AbstractResourcePersistence with connectionFactory and connectionName[informix_connection].
load Resource role with ids:[J@7510e7,[J@7510e7,[J@7510e7,[J@7510e7,[J@7510e7,[J@7510e7,[J@7510e7,[J@7510e7,[J@7510e7,[J@7510e7,[J@7510e7,[J@7510e7,[J@7510e7,[J@7510e7,[J@7510e7,[J@7510e7,[J@7510e7,[J@7510e7,[J@7510e7,[J@7510e7,[J@7510e7,[J@7510e7
operator: UnknownresourceId: Unknown - creating db connection using connection name: informix_connection
committing transaction
Read propery[ConnectionFactoryNS] which is  required  with value[com.topcoder.db.connectionfactory.DBConnectionFactoryImpl] from namespace [com.topcoder.management.project.persistence.InformixProjectPersistence].
Read propery[ConnectionName] which is  optional  with value[informix_connection] from namespace [com.topcoder.management.project.persistence.InformixProjectPersistence].
Read propery[ProjectIdSequenceName] which is  optional  with value[project_id_seq] from namespace [com.topcoder.management.project.persistence.InformixProjectPersistence].
Read propery[ProjectAuditIdSequenceName] which is  optional  with value[project_audit_id_seq] from namespace [com.topcoder.management.project.persistence.InformixProjectPersistence].
Read propery[ConnectionFactoryNS] which is  required  with value[com.topcoder.db.connectionfactory.DBConnectionFactoryImpl] from namespace [com.topcoder.management.project.persistence.link.ProjectLinkManagerImpl].
Read propery[ConnectionName] which is  optional  with value[informix_connection] from namespace [com.topcoder.management.project.persistence.link.ProjectLinkManagerImpl].
read property ConnectionFactoryNS[com.topcoder.db.connectionfactory.DBConnectionFactoryImpl] from the namespace :com.topcoder.management.scorecard.persistence.InformixScorecardPersistence
read property ConnectionName[informix_connection] from the namespace :com.topcoder.management.scorecard.persistence.InformixScorecardPersistence
Instantiate SqlUploadPersistence with connectionFactory and connectioName:informix_connection
Instantiate PersistenceUploadManager with UploadPersistence, uploadSearchBundle, submissionSearchBundle, uploadIdGenerator, uploadTypeIdGenerator, uploadStatusIdGenerator, submissionIDGenerator, submissionStatusIdGenerator and submissionTypeIdGenerator.
Instantiate AbstractResourcePersistence with connectionFactory and connectionName[informix_connection].
load Resource role with ids:[J@bc9f58,[J@bc9f58,[J@bc9f58,[J@bc9f58,[J@bc9f58,[J@bc9f58,[J@bc9f58,[J@bc9f58,[J@bc9f58,[J@bc9f58,[J@bc9f58,[J@bc9f58,[J@bc9f58,[J@bc9f58,[J@bc9f58,[J@bc9f58,[J@bc9f58,[J@bc9f58,[J@bc9f58,[J@bc9f58,[J@bc9f58,[J@bc9f58
operator: UnknownresourceId: Unknown - creating db connection using connection name: informix_connection
committing transaction
Read propery[ConnectionFactoryNS] which is  required  with value[com.topcoder.db.connectionfactory.DBConnectionFactoryImpl] from namespace [com.topcoder.management.project.persistence.InformixProjectPersistence].
Read propery[ConnectionName] which is  optional  with value[informix_connection] from namespace [com.topcoder.management.project.persistence.InformixProjectPersistence].
Read propery[ProjectIdSequenceName] which is  optional  with value[project_id_seq] from namespace [com.topcoder.management.project.persistence.InformixProjectPersistence].
Read propery[ProjectAuditIdSequenceName] which is  optional  with value[project_audit_id_seq] from namespace [com.topcoder.management.project.persistence.InformixProjectPersistence].
Read propery[ConnectionFactoryNS] which is  required  with value[com.topcoder.db.connectionfactory.DBConnectionFactoryImpl] from namespace [com.topcoder.management.project.persistence.link.ProjectLinkManagerImpl].
Read propery[ConnectionName] which is  optional  with value[informix_connection] from namespace [com.topcoder.management.project.persistence.link.ProjectLinkManagerImpl].
read property ConnectionFactoryNS[com.topcoder.db.connectionfactory.DBConnectionFactoryImpl] from the namespace :com.topcoder.management.scorecard.persistence.InformixScorecardPersistence
read property ConnectionName[informix_connection] from the namespace :com.topcoder.management.scorecard.persistence.InformixScorecardPersistence
Instantiate SqlUploadPersistence with connectionFactory and connectioName:informix_connection
Instantiate PersistenceUploadManager with UploadPersistence, uploadSearchBundle, submissionSearchBundle, uploadIdGenerator, uploadTypeIdGenerator, uploadStatusIdGenerator, submissionIDGenerator, submissionStatusIdGenerator and submissionTypeIdGenerator.
Instantiate AbstractResourcePersistence with connectionFactory and connectionName[informix_connection].
load Resource role with ids:[J@2b452b,[J@2b452b,[J@2b452b,[J@2b452b,[J@2b452b,[J@2b452b,[J@2b452b,[J@2b452b,[J@2b452b,[J@2b452b,[J@2b452b,[J@2b452b,[J@2b452b,[J@2b452b,[J@2b452b,[J@2b452b,[J@2b452b,[J@2b452b,[J@2b452b,[J@2b452b,[J@2b452b,[J@2b452b
operator: UnknownresourceId: Unknown - creating db connection using connection name: informix_connection
committing transaction
type: Upload id: Unknown operator:Unknown - search submissions with filter. found: 1
Read propery[ConnectionFactoryNS] which is  required  with value[com.topcoder.db.connectionfactory.DBConnectionFactoryImpl] from namespace [com.topcoder.management.project.persistence.InformixProjectPersistence].
Read propery[ConnectionName] which is  optional  with value[informix_connection] from namespace [com.topcoder.management.project.persistence.InformixProjectPersistence].
Read propery[ProjectIdSequenceName] which is  optional  with value[project_id_seq] from namespace [com.topcoder.management.project.persistence.InformixProjectPersistence].
Read propery[ProjectAuditIdSequenceName] which is  optional  with value[project_audit_id_seq] from namespace [com.topcoder.management.project.persistence.InformixProjectPersistence].
Read propery[ConnectionFactoryNS] which is  required  with value[com.topcoder.db.connectionfactory.DBConnectionFactoryImpl] from namespace [com.topcoder.management.project.persistence.link.ProjectLinkManagerImpl].
Read propery[ConnectionName] which is  optional  with value[informix_connection] from namespace [com.topcoder.management.project.persistence.link.ProjectLinkManagerImpl].
read property ConnectionFactoryNS[com.topcoder.db.connectionfactory.DBConnectionFactoryImpl] from the namespace :com.topcoder.management.scorecard.persistence.InformixScorecardPersistence
read property ConnectionName[informix_connection] from the namespace :com.topcoder.management.scorecard.persistence.InformixScorecardPersistence
Instantiate SqlUploadPersistence with connectionFactory and connectioName:informix_connection
Instantiate PersistenceUploadManager with UploadPersistence, uploadSearchBundle, submissionSearchBundle, uploadIdGenerator, uploadTypeIdGenerator, uploadStatusIdGenerator, submissionIDGenerator, submissionStatusIdGenerator and submissionTypeIdGenerator.
Instantiate AbstractResourcePersistence with connectionFactory and connectionName[informix_connection].
load Resource role with ids:[J@b7bc80,[J@b7bc80,[J@b7bc80,[J@b7bc80,[J@b7bc80,[J@b7bc80,[J@b7bc80,[J@b7bc80,[J@b7bc80,[J@b7bc80,[J@b7bc80,[J@b7bc80,[J@b7bc80,[J@b7bc80,[J@b7bc80,[J@b7bc80,[J@b7bc80,[J@b7bc80,[J@b7bc80,[J@b7bc80,[J@b7bc80,[J@b7bc80
operator: UnknownresourceId: Unknown - creating db connection using connection name: informix_connection
committing transaction
Read propery[ConnectionFactoryNS] which is  required  with value[com.topcoder.db.connectionfactory.DBConnectionFactoryImpl] from namespace [com.topcoder.management.project.persistence.InformixProjectPersistence].
Read propery[ConnectionName] which is  optional  with value[informix_connection] from namespace [com.topcoder.management.project.persistence.InformixProjectPersistence].
Read propery[ProjectIdSequenceName] which is  optional  with value[project_id_seq] from namespace [com.topcoder.management.project.persistence.InformixProjectPersistence].
Read propery[ProjectAuditIdSequenceName] which is  optional  with value[project_audit_id_seq] from namespace [com.topcoder.management.project.persistence.InformixProjectPersistence].
Read propery[ConnectionFactoryNS] which is  required  with value[com.topcoder.db.connectionfactory.DBConnectionFactoryImpl] from namespace [com.topcoder.management.project.persistence.link.ProjectLinkManagerImpl].
Read propery[ConnectionName] which is  optional  with value[informix_connection] from namespace [com.topcoder.management.project.persistence.link.ProjectLinkManagerImpl].
read property ConnectionFactoryNS[com.topcoder.db.connectionfactory.DBConnectionFactoryImpl] from the namespace :com.topcoder.management.scorecard.persistence.InformixScorecardPersistence
read property ConnectionName[informix_connection] from the namespace :com.topcoder.management.scorecard.persistence.InformixScorecardPersistence
Instantiate SqlUploadPersistence with connectionFactory and connectioName:informix_connection
Instantiate PersistenceUploadManager with UploadPersistence, uploadSearchBundle, submissionSearchBundle, uploadIdGenerator, uploadTypeIdGenerator, uploadStatusIdGenerator, submissionIDGenerator, submissionStatusIdGenerator and submissionTypeIdGenerator.
Instantiate AbstractResourcePersistence with connectionFactory and connectionName[informix_connection].
load Resource role with ids:[J@1f5acd0,[J@1f5acd0,[J@1f5acd0,[J@1f5acd0,[J@1f5acd0,[J@1f5acd0,[J@1f5acd0,[J@1f5acd0,[J@1f5acd0,[J@1f5acd0,[J@1f5acd0,[J@1f5acd0,[J@1f5acd0,[J@1f5acd0,[J@1f5acd0,[J@1f5acd0,[J@1f5acd0,[J@1f5acd0,[J@1f5acd0,[J@1f5acd0,[J@1f5acd0,[J@1f5acd0
operator: UnknownresourceId: Unknown - creating db connection using connection name: informix_connection
committing transaction
Read propery[ConnectionFactoryNS] which is  required  with value[com.topcoder.db.connectionfactory.DBConnectionFactoryImpl] from namespace [com.topcoder.management.project.persistence.InformixProjectPersistence].
Read propery[ConnectionName] which is  optional  with value[informix_connection] from namespace [com.topcoder.management.project.persistence.InformixProjectPersistence].
Read propery[ProjectIdSequenceName] which is  optional  with value[project_id_seq] from namespace [com.topcoder.management.project.persistence.InformixProjectPersistence].
Read propery[ProjectAuditIdSequenceName] which is  optional  with value[project_audit_id_seq] from namespace [com.topcoder.management.project.persistence.InformixProjectPersistence].
Read propery[ConnectionFactoryNS] which is  required  with value[com.topcoder.db.connectionfactory.DBConnectionFactoryImpl] from namespace [com.topcoder.management.project.persistence.link.ProjectLinkManagerImpl].
Read propery[ConnectionName] which is  optional  with value[informix_connection] from namespace [com.topcoder.management.project.persistence.link.ProjectLinkManagerImpl].
read property ConnectionFactoryNS[com.topcoder.db.connectionfactory.DBConnectionFactoryImpl] from the namespace :com.topcoder.management.scorecard.persistence.InformixScorecardPersistence
read property ConnectionName[informix_connection] from the namespace :com.topcoder.management.scorecard.persistence.InformixScorecardPersistence
Instantiate SqlUploadPersistence with connectionFactory and connectioName:informix_connection
Instantiate PersistenceUploadManager with UploadPersistence, uploadSearchBundle, submissionSearchBundle, uploadIdGenerator, uploadTypeIdGenerator, uploadStatusIdGenerator, submissionIDGenerator, submissionStatusIdGenerator and submissionTypeIdGenerator.
Instantiate AbstractResourcePersistence with connectionFactory and connectionName[informix_connection].
load Resource role with ids:[J@fb78af,[J@fb78af,[J@fb78af,[J@fb78af,[J@fb78af,[J@fb78af,[J@fb78af,[J@fb78af,[J@fb78af,[J@fb78af,[J@fb78af,[J@fb78af,[J@fb78af,[J@fb78af,[J@fb78af,[J@fb78af,[J@fb78af,[J@fb78af,[J@fb78af,[J@fb78af,[J@fb78af,[J@fb78af
operator: UnknownresourceId: Unknown - creating db connection using connection name: informix_connection
committing transaction
type: Upload id: Unknown operator:Unknown - search submissions with filter. found: 0
get projects with the ids: 1
operator: UnknownprojectId: Unknown - creating db connection using connection name: informix_connection
committing transaction
load Resource role with ids:[J@1abdb5e,[J@1abdb5e,[J@1abdb5e,[J@1abdb5e,[J@1abdb5e,[J@1abdb5e,[J@1abdb5e,[J@1abdb5e,[J@1abdb5e,[J@1abdb5e,[J@1abdb5e,[J@1abdb5e,[J@1abdb5e,[J@1abdb5e,[J@1abdb5e,[J@1abdb5e,[J@1abdb5e,[J@1abdb5e,[J@1abdb5e,[J@1abdb5e,[J@1abdb5e,[J@1abdb5e
operator: UnknownresourceId: Unknown - creating db connection using connection name: informix_connection
committing transaction
Read propery[ConnectionFactoryNS] which is  required  with value[com.topcoder.db.connectionfactory.DBConnectionFactoryImpl] from namespace [com.topcoder.management.project.persistence.InformixProjectPersistence].
Read propery[ConnectionName] which is  optional  with value[informix_connection] from namespace [com.topcoder.management.project.persistence.InformixProjectPersistence].
Read propery[ProjectIdSequenceName] which is  optional  with value[project_id_seq] from namespace [com.topcoder.management.project.persistence.InformixProjectPersistence].
Read propery[ProjectAuditIdSequenceName] which is  optional  with value[project_audit_id_seq] from namespace [com.topcoder.management.project.persistence.InformixProjectPersistence].
Read propery[ConnectionFactoryNS] which is  required  with value[com.topcoder.db.connectionfactory.DBConnectionFactoryImpl] from namespace [com.topcoder.management.project.persistence.link.ProjectLinkManagerImpl].
Read propery[ConnectionName] which is  optional  with value[informix_connection] from namespace [com.topcoder.management.project.persistence.link.ProjectLinkManagerImpl].
read property ConnectionFactoryNS[com.topcoder.db.connectionfactory.DBConnectionFactoryImpl] from the namespace :com.topcoder.management.scorecard.persistence.InformixScorecardPersistence
read property ConnectionName[informix_connection] from the namespace :com.topcoder.management.scorecard.persistence.InformixScorecardPersistence
Instantiate SqlUploadPersistence with connectionFactory and connectioName:informix_connection
Instantiate PersistenceUploadManager with UploadPersistence, uploadSearchBundle, submissionSearchBundle, uploadIdGenerator, uploadTypeIdGenerator, uploadStatusIdGenerator, submissionIDGenerator, submissionStatusIdGenerator and submissionTypeIdGenerator.
Instantiate AbstractResourcePersistence with connectionFactory and connectionName[informix_connection].
load Resource role with ids:[J@137bc9,[J@137bc9,[J@137bc9,[J@137bc9,[J@137bc9,[J@137bc9,[J@137bc9,[J@137bc9,[J@137bc9,[J@137bc9,[J@137bc9,[J@137bc9,[J@137bc9,[J@137bc9,[J@137bc9,[J@137bc9,[J@137bc9,[J@137bc9,[J@137bc9,[J@137bc9,[J@137bc9,[J@137bc9
operator: UnknownresourceId: Unknown - creating db connection using connection name: informix_connection
committing transaction
type: Upload id: Unknown operator:Unknown - search submissions with filter. found: 1
load Resource with ids:[J@723646
operator: UnknownresourceId: Unknown - creating db connection using connection name: informix_connection
load ResourceRole with id:3
operator: UnknownresourceId: Unknown - creating db connection using connection name: informix_connection
committing transaction
committing transaction
type: Scorecard id: Unknown operator:Unknown - retrieve scorecard with ids:1, and is incomplete
create db connection with connect name:informix_connection
close the connection.
type: Submission id: 102 operator:1001 - update Submission.
type: Submission id: 102 operator:Unknown - Update Submission, it will update record in submission table.
create db connection using connection name:informix_connection
close the connection.
operator: UnknownresourceId: 102 - load resource.
operator: UnknownresourceId: Unknown - creating db connection using connection name: informix_connection
load ResourceRole with id:1
operator: UnknownresourceId: Unknown - creating db connection using connection name: informix_connection
committing transaction
committing transaction
get projects with the ids: 1
operator: UnknownprojectId: Unknown - creating db connection using connection name: informix_connection
committing transaction
load Resource role with ids:[J@18bea70,[J@18bea70,[J@18bea70,[J@18bea70,[J@18bea70,[J@18bea70,[J@18bea70,[J@18bea70,[J@18bea70,[J@18bea70,[J@18bea70,[J@18bea70,[J@18bea70,[J@18bea70,[J@18bea70,[J@18bea70,[J@18bea70,[J@18bea70,[J@18bea70,[J@18bea70,[J@18bea70,[J@18bea70
operator: UnknownresourceId: Unknown - creating db connection using connection name: informix_connection
committing transaction
load Resource with ids:[J@a92801
operator: UnknownresourceId: Unknown - creating db connection using connection name: informix_connection
load ResourceRole with id:3
operator: UnknownresourceId: Unknown - creating db connection using connection name: informix_connection
committing transaction
committing transaction
load Resource with ids:[J@1e6e48b
operator: UnknownresourceId: Unknown - creating db connection using connection name: informix_connection
load ResourceRole with id:1
operator: UnknownresourceId: Unknown - creating db connection using connection name: informix_connection
committing transaction
committing transaction
Read propery[ConnectionFactoryNS] which is  required  with value[com.topcoder.db.connectionfactory.DBConnectionFactoryImpl] from namespace [com.topcoder.management.project.persistence.InformixProjectPersistence].
Read propery[ConnectionName] which is  optional  with value[informix_connection] from namespace [com.topcoder.management.project.persistence.InformixProjectPersistence].
Read propery[ProjectIdSequenceName] which is  optional  with value[project_id_seq] from namespace [com.topcoder.management.project.persistence.InformixProjectPersistence].
Read propery[ProjectAuditIdSequenceName] which is  optional  with value[project_audit_id_seq] from namespace [com.topcoder.management.project.persistence.InformixProjectPersistence].
Read propery[ConnectionFactoryNS] which is  required  with value[com.topcoder.db.connectionfactory.DBConnectionFactoryImpl] from namespace [com.topcoder.management.project.persistence.link.ProjectLinkManagerImpl].
Read propery[ConnectionName] which is  optional  with value[informix_connection] from namespace [com.topcoder.management.project.persistence.link.ProjectLinkManagerImpl].
read property ConnectionFactoryNS[com.topcoder.db.connectionfactory.DBConnectionFactoryImpl] from the namespace :com.topcoder.management.scorecard.persistence.InformixScorecardPersistence
read property ConnectionName[informix_connection] from the namespace :com.topcoder.management.scorecard.persistence.InformixScorecardPersistence
Instantiate SqlUploadPersistence with connectionFactory and connectioName:informix_connection
Instantiate PersistenceUploadManager with UploadPersistence, uploadSearchBundle, submissionSearchBundle, uploadIdGenerator, uploadTypeIdGenerator, uploadStatusIdGenerator, submissionIDGenerator, submissionStatusIdGenerator and submissionTypeIdGenerator.
Instantiate AbstractResourcePersistence with connectionFactory and connectionName[informix_connection].
load Resource role with ids:[J@88485f,[J@88485f,[J@88485f,[J@88485f,[J@88485f,[J@88485f,[J@88485f,[J@88485f,[J@88485f,[J@88485f,[J@88485f,[J@88485f,[J@88485f,[J@88485f,[J@88485f,[J@88485f,[J@88485f,[J@88485f,[J@88485f,[J@88485f,[J@88485f,[J@88485f
operator: UnknownresourceId: Unknown - creating db connection using connection name: informix_connection
committing transaction
load Resource with ids:[J@11a9f20
operator: UnknownresourceId: Unknown - creating db connection using connection name: informix_connection
load ResourceRole with id:2
operator: UnknownresourceId: Unknown - creating db connection using connection name: informix_connection
committing transaction
committing transaction
load Resource with ids:[J@22f376
operator: UnknownresourceId: Unknown - creating db connection using connection name: informix_connection
load ResourceRole with id:2
operator: UnknownresourceId: Unknown - creating db connection using connection name: informix_connection
committing transaction
committing transaction
type: Upload id: Unknown operator:Unknown - search submissions with filter. found: 1
type: Upload id: Unknown operator:Unknown - search submissions with filter. found: 1
load Resource with ids:[J@19e0994
operator: UnknownresourceId: Unknown - creating db connection using connection name: informix_connection
load ResourceRole with id:2
operator: UnknownresourceId: Unknown - creating db connection using connection name: informix_connection
committing transaction
committing transaction
type: Scorecard id: Unknown operator:Unknown - retrieve scorecard with ids:1, and is incomplete
create db connection with connect name:informix_connection
close the connection.
type: Submission id: 102 operator:1001 - update Submission.
type: Submission id: 102 operator:Unknown - Update Submission, it will update record in submission table.
create db connection using connection name:informix_connection
close the connection.
operator: UnknownresourceId: 102 - load resource.
operator: UnknownresourceId: Unknown - creating db connection using connection name: informix_connection
load ResourceRole with id:1
operator: UnknownresourceId: Unknown - creating db connection using connection name: informix_connection
committing transaction
committing transaction
get projects with the ids: 1
operator: UnknownprojectId: Unknown - creating db connection using connection name: informix_connection
committing transaction
load Resource role with ids:[J@f92541,[J@f92541,[J@f92541,[J@f92541,[J@f92541,[J@f92541,[J@f92541,[J@f92541,[J@f92541,[J@f92541,[J@f92541,[J@f92541,[J@f92541,[J@f92541,[J@f92541,[J@f92541,[J@f92541,[J@f92541,[J@f92541,[J@f92541,[J@f92541,[J@f92541
operator: UnknownresourceId: Unknown - creating db connection using connection name: informix_connection
committing transaction
load Resource with ids:[J@1a183d2
operator: UnknownresourceId: Unknown - creating db connection using connection name: informix_connection
load ResourceRole with id:2
operator: UnknownresourceId: Unknown - creating db connection using connection name: informix_connection
committing transaction
committing transaction
load Resource with ids:[J@feba21
operator: UnknownresourceId: Unknown - creating db connection using connection name: informix_connection
load ResourceRole with id:1
operator: UnknownresourceId: Unknown - creating db connection using connection name: informix_connection
committing transaction
committing transaction
Read propery[ConnectionFactoryNS] which is  required  with value[com.topcoder.db.connectionfactory.DBConnectionFactoryImpl] from namespace [com.topcoder.management.project.persistence.InformixProjectPersistence].
Read propery[ConnectionName] which is  optional  with value[informix_connection] from namespace [com.topcoder.management.project.persistence.InformixProjectPersistence].
Read propery[ProjectIdSequenceName] which is  optional  with value[project_id_seq] from namespace [com.topcoder.management.project.persistence.InformixProjectPersistence].
Read propery[ProjectAuditIdSequenceName] which is  optional  with value[project_audit_id_seq] from namespace [com.topcoder.management.project.persistence.InformixProjectPersistence].
Read propery[ConnectionFactoryNS] which is  required  with value[com.topcoder.db.connectionfactory.DBConnectionFactoryImpl] from namespace [com.topcoder.management.project.persistence.link.ProjectLinkManagerImpl].
Read propery[ConnectionName] which is  optional  with value[informix_connection] from namespace [com.topcoder.management.project.persistence.link.ProjectLinkManagerImpl].
read property ConnectionFactoryNS[com.topcoder.db.connectionfactory.DBConnectionFactoryImpl] from the namespace :com.topcoder.management.scorecard.persistence.InformixScorecardPersistence
read property ConnectionName[informix_connection] from the namespace :com.topcoder.management.scorecard.persistence.InformixScorecardPersistence
Instantiate SqlUploadPersistence with connectionFactory and connectioName:informix_connection
Instantiate PersistenceUploadManager with UploadPersistence, uploadSearchBundle, submissionSearchBundle, uploadIdGenerator, uploadTypeIdGenerator, uploadStatusIdGenerator, submissionIDGenerator, submissionStatusIdGenerator and submissionTypeIdGenerator.
Instantiate AbstractResourcePersistence with connectionFactory and connectionName[informix_connection].
load Resource role with ids:[J@16e3762,[J@16e3762,[J@16e3762,[J@16e3762,[J@16e3762,[J@16e3762,[J@16e3762,[J@16e3762,[J@16e3762,[J@16e3762,[J@16e3762,[J@16e3762,[J@16e3762,[J@16e3762,[J@16e3762,[J@16e3762,[J@16e3762,[J@16e3762,[J@16e3762,[J@16e3762,[J@16e3762,[J@16e3762
operator: UnknownresourceId: Unknown - creating db connection using connection name: informix_connection
committing transaction
load Resource with ids:[J@1bb0662
operator: UnknownresourceId: Unknown - creating db connection using connection name: informix_connection
load ResourceRole with id:2
operator: UnknownresourceId: Unknown - creating db connection using connection name: informix_connection
committing transaction
committing transaction
load Resource with ids:[J@1f60f2b
operator: UnknownresourceId: Unknown - creating db connection using connection name: informix_connection
load ResourceRole with id:2
operator: UnknownresourceId: Unknown - creating db connection using connection name: informix_connection
committing transaction
committing transaction
type: Upload id: Unknown operator:Unknown - search submissions with filter. found: 1
type: Upload id: Unknown operator:Unknown - search submissions with filter. found: 1
load Resource with ids:[J@1487e30
operator: UnknownresourceId: Unknown - creating db connection using connection name: informix_connection
load ResourceRole with id:2
operator: UnknownresourceId: Unknown - creating db connection using connection name: informix_connection
committing transaction
committing transaction
type: Scorecard id: Unknown operator:Unknown - retrieve scorecard with ids:1, and is incomplete
create db connection with connect name:informix_connection
close the connection.
get All submission statuses, delegate to persistence.
get All submission statuses, delegate to persistence.
create db connection using connection name:informix_connection
close the connection.
type: SubmissionStatus id: Unknown operator:Unknown - Load SubmissionStatuses with ids:1,2,3,4,5
create db connection using connection name:informix_connection
close the connection.
type: Submission id: 102 operator:1001 - update Submission.
type: Submission id: 102 operator:Unknown - Update Submission, it will update record in submission table.
create db connection using connection name:informix_connection
close the connection.
operator: UnknownresourceId: 102 - load resource.
operator: UnknownresourceId: Unknown - creating db connection using connection name: informix_connection
load ResourceRole with id:1
operator: UnknownresourceId: Unknown - creating db connection using connection name: informix_connection
committing transaction
committing transaction
get projects with the ids: 1
operator: UnknownprojectId: Unknown - creating db connection using connection name: informix_connection
committing transaction
get projects with the ids: 1
operator: UnknownprojectId: Unknown - creating db connection using connection name: informix_connection
committing transaction
load Resource role with ids:[J@94a05c,[J@94a05c,[J@94a05c,[J@94a05c,[J@94a05c,[J@94a05c,[J@94a05c,[J@94a05c,[J@94a05c,[J@94a05c,[J@94a05c,[J@94a05c,[J@94a05c,[J@94a05c,[J@94a05c,[J@94a05c,[J@94a05c,[J@94a05c,[J@94a05c,[J@94a05c,[J@94a05c,[J@94a05c
operator: UnknownresourceId: Unknown - creating db connection using connection name: informix_connection
committing transaction
load Resource with ids:[J@175beef
operator: UnknownresourceId: Unknown - creating db connection using connection name: informix_connection
load ResourceRole with id:2
operator: UnknownresourceId: Unknown - creating db connection using connection name: informix_connection
committing transaction
committing transaction
load Resource with ids:[J@fbca58
operator: UnknownresourceId: Unknown - creating db connection using connection name: informix_connection
load ResourceRole with id:1
operator: UnknownresourceId: Unknown - creating db connection using connection name: informix_connection
committing transaction
committing transaction
Read propery[ConnectionFactoryNS] which is  required  with value[com.topcoder.db.connectionfactory.DBConnectionFactoryImpl] from namespace [com.topcoder.management.project.persistence.InformixProjectPersistence].
Read propery[ConnectionName] which is  optional  with value[informix_connection] from namespace [com.topcoder.management.project.persistence.InformixProjectPersistence].
Read propery[ProjectIdSequenceName] which is  optional  with value[project_id_seq] from namespace [com.topcoder.management.project.persistence.InformixProjectPersistence].
Read propery[ProjectAuditIdSequenceName] which is  optional  with value[project_audit_id_seq] from namespace [com.topcoder.management.project.persistence.InformixProjectPersistence].
Read propery[ConnectionFactoryNS] which is  required  with value[com.topcoder.db.connectionfactory.DBConnectionFactoryImpl] from namespace [com.topcoder.management.project.persistence.link.ProjectLinkManagerImpl].
Read propery[ConnectionName] which is  optional  with value[informix_connection] from namespace [com.topcoder.management.project.persistence.link.ProjectLinkManagerImpl].
read property ConnectionFactoryNS[com.topcoder.db.connectionfactory.DBConnectionFactoryImpl] from the namespace :com.topcoder.management.scorecard.persistence.InformixScorecardPersistence
read property ConnectionName[informix_connection] from the namespace :com.topcoder.management.scorecard.persistence.InformixScorecardPersistence
Instantiate SqlUploadPersistence with connectionFactory and connectioName:informix_connection
Instantiate PersistenceUploadManager with UploadPersistence, uploadSearchBundle, submissionSearchBundle, uploadIdGenerator, uploadTypeIdGenerator, uploadStatusIdGenerator, submissionIDGenerator, submissionStatusIdGenerator and submissionTypeIdGenerator.
Instantiate AbstractResourcePersistence with connectionFactory and connectionName[informix_connection].
load Resource role with ids:[J@a21c07,[J@a21c07,[J@a21c07,[J@a21c07,[J@a21c07,[J@a21c07,[J@a21c07,[J@a21c07,[J@a21c07,[J@a21c07,[J@a21c07,[J@a21c07,[J@a21c07,[J@a21c07,[J@a21c07,[J@a21c07,[J@a21c07,[J@a21c07,[J@a21c07,[J@a21c07,[J@a21c07,[J@a21c07
operator: UnknownresourceId: Unknown - creating db connection using connection name: informix_connection
committing transaction
load Resource with ids:[J@1d43df5
operator: UnknownresourceId: Unknown - creating db connection using connection name: informix_connection
load ResourceRole with id:3
operator: UnknownresourceId: Unknown - creating db connection using connection name: informix_connection
committing transaction
committing transaction
load Resource with ids:[J@d4855d
operator: UnknownresourceId: Unknown - creating db connection using connection name: informix_connection
load ResourceRole with id:1
operator: UnknownresourceId: Unknown - creating db connection using connection name: informix_connection
committing transaction
committing transaction
type: Upload id: Unknown operator:Unknown - search submissions with filter. found: 1
load Resource with ids:[J@1ddcb
operator: UnknownresourceId: Unknown - creating db connection using connection name: informix_connection
load ResourceRole with id:3
operator: UnknownresourceId: Unknown - creating db connection using connection name: informix_connection
committing transaction
committing transaction
type: Upload id: Unknown operator:Unknown - search submissions with filter. found: 1
load Resource with ids:[J@2b7711
operator: UnknownresourceId: Unknown - creating db connection using connection name: informix_connection
load ResourceRole with id:3
operator: UnknownresourceId: Unknown - creating db connection using connection name: informix_connection
committing transaction
committing transaction
type: Scorecard id: Unknown operator:Unknown - retrieve scorecard with ids:1, and is incomplete
create db connection with connect name:informix_connection
close the connection.
type: Submission id: 102 operator:1001 - update Submission.
type: Submission id: 102 operator:Unknown - Update Submission, it will update record in submission table.
create db connection using connection name:informix_connection
close the connection.
operator: UnknownresourceId: 102 - load resource.
operator: UnknownresourceId: Unknown - creating db connection using connection name: informix_connection
load ResourceRole with id:1
operator: UnknownresourceId: Unknown - creating db connection using connection name: informix_connection
committing transaction
committing transaction
get projects with the ids: 1
operator: UnknownprojectId: Unknown - creating db connection using connection name: informix_connection
committing transaction
load Resource role with ids:[J@1ac8210,[J@1ac8210,[J@1ac8210,[J@1ac8210,[J@1ac8210,[J@1ac8210,[J@1ac8210,[J@1ac8210,[J@1ac8210,[J@1ac8210,[J@1ac8210,[J@1ac8210,[J@1ac8210,[J@1ac8210,[J@1ac8210,[J@1ac8210,[J@1ac8210,[J@1ac8210,[J@1ac8210,[J@1ac8210,[J@1ac8210,[J@1ac8210
operator: UnknownresourceId: Unknown - creating db connection using connection name: informix_connection
committing transaction
load Resource with ids:[J@76a9b6
operator: UnknownresourceId: Unknown - creating db connection using connection name: informix_connection
load ResourceRole with id:3
operator: UnknownresourceId: Unknown - creating db connection using connection name: informix_connection
committing transaction
committing transaction
load Resource with ids:[J@19f332b
operator: UnknownresourceId: Unknown - creating db connection using connection name: informix_connection
load ResourceRole with id:1
operator: UnknownresourceId: Unknown - creating db connection using connection name: informix_connection
committing transaction
committing transaction
Read propery[ConnectionFactoryNS] which is  required  with value[com.topcoder.db.connectionfactory.DBConnectionFactoryImpl] from namespace [com.topcoder.management.project.persistence.InformixProjectPersistence].
Read propery[ConnectionName] which is  optional  with value[informix_connection] from namespace [com.topcoder.management.project.persistence.InformixProjectPersistence].
Read propery[ProjectIdSequenceName] which is  optional  with value[project_id_seq] from namespace [com.topcoder.management.project.persistence.InformixProjectPersistence].
Read propery[ProjectAuditIdSequenceName] which is  optional  with value[project_audit_id_seq] from namespace [com.topcoder.management.project.persistence.InformixProjectPersistence].
Read propery[ConnectionFactoryNS] which is  required  with value[com.topcoder.db.connectionfactory.DBConnectionFactoryImpl] from namespace [com.topcoder.management.project.persistence.link.ProjectLinkManagerImpl].
Read propery[ConnectionName] which is  optional  with value[informix_connection] from namespace [com.topcoder.management.project.persistence.link.ProjectLinkManagerImpl].
read property ConnectionFactoryNS[com.topcoder.db.connectionfactory.DBConnectionFactoryImpl] from the namespace :com.topcoder.management.scorecard.persistence.InformixScorecardPersistence
read property ConnectionName[informix_connection] from the namespace :com.topcoder.management.scorecard.persistence.InformixScorecardPersistence
Instantiate SqlUploadPersistence with connectionFactory and connectioName:informix_connection
Instantiate PersistenceUploadManager with UploadPersistence, uploadSearchBundle, submissionSearchBundle, uploadIdGenerator, uploadTypeIdGenerator, uploadStatusIdGenerator, submissionIDGenerator, submissionStatusIdGenerator and submissionTypeIdGenerator.
Instantiate AbstractResourcePersistence with connectionFactory and connectionName[informix_connection].
load Resource role with ids:[J@47934,[J@47934,[J@47934,[J@47934,[J@47934,[J@47934,[J@47934,[J@47934,[J@47934,[J@47934,[J@47934,[J@47934,[J@47934,[J@47934,[J@47934,[J@47934,[J@47934,[J@47934,[J@47934,[J@47934,[J@47934,[J@47934
operator: UnknownresourceId: Unknown - creating db connection using connection name: informix_connection
committing transaction
type: Upload id: Unknown operator:Unknown - search submissions with filter. found: 2
operator: UnknownresourceId: 4 - load resource.
operator: UnknownresourceId: Unknown - creating db connection using connection name: informix_connection
load ResourceRole with id:1
operator: UnknownresourceId: Unknown - creating db connection using connection name: informix_connection
committing transaction
committing transaction
operator: UnknownresourceId: 5 - load resource.
operator: UnknownresourceId: Unknown - creating db connection using connection name: informix_connection
load ResourceRole with id:1
operator: UnknownresourceId: Unknown - creating db connection using connection name: informix_connection
committing transaction
committing transaction
load Notifications with array of userIds/projectIds/notificationTypes.
operator: UnknownresourceId: Unknown - creating db connection using connection name: informix_connection
committing transaction
get projects with the ids: 1
operator: UnknownprojectId: Unknown - creating db connection using connection name: informix_connection
committing transaction
load Resource role with ids:[J@15887db,[J@15887db,[J@15887db,[J@15887db,[J@15887db,[J@15887db,[J@15887db,[J@15887db,[J@15887db,[J@15887db,[J@15887db,[J@15887db,[J@15887db,[J@15887db,[J@15887db,[J@15887db,[J@15887db,[J@15887db,[J@15887db,[J@15887db,[J@15887db,[J@15887db
operator: UnknownresourceId: Unknown - creating db connection using connection name: informix_connection
committing transaction
load Resource with ids:[J@144ffa4
operator: UnknownresourceId: Unknown - creating db connection using connection name: informix_connection
load ResourceRole with id:4
operator: UnknownresourceId: Unknown - creating db connection using connection name: informix_connection
committing transaction
committing transaction
load Resource with ids:[J@874bd3
operator: UnknownresourceId: Unknown - creating db connection using connection name: informix_connection
load ResourceRole with id:12
operator: UnknownresourceId: Unknown - creating db connection using connection name: informix_connection
committing transaction
committing transaction
load Resource with ids:[J@5acf13
operator: UnknownresourceId: Unknown - creating db connection using connection name: informix_connection
load ResourceRole with id:13
operator: UnknownresourceId: Unknown - creating db connection using connection name: informix_connection
committing transaction
committing transaction
load Resource with ids:[J@c26acd
operator: UnknownresourceId: Unknown - creating db connection using connection name: informix_connection
load ResourceRole with id:9
operator: UnknownresourceId: Unknown - creating db connection using connection name: informix_connection
committing transaction
committing transaction
load Resource with ids:[J@86558,[J@86558
operator: UnknownresourceId: Unknown - creating db connection using connection name: informix_connection
load ResourceRole with id:1
operator: UnknownresourceId: Unknown - creating db connection using connection name: informix_connection
committing transaction
load ResourceRole with id:1
operator: UnknownresourceId: Unknown - creating db connection using connection name: informix_connection
committing transaction
committing transaction
operator: UnknownresourceId: 100001 - load resource.
operator: UnknownresourceId: Unknown - creating db connection using connection name: informix_connection
load ResourceRole with id:4
operator: UnknownresourceId: Unknown - creating db connection using connection name: informix_connection
committing transaction
committing transaction
operator: UnknownresourceId: 4 - load resource.
operator: UnknownresourceId: Unknown - creating db connection using connection name: informix_connection
load ResourceRole with id:1
operator: UnknownresourceId: Unknown - creating db connection using connection name: informix_connection
committing transaction
committing transaction
operator: UnknownresourceId: 100000 - load resource.
operator: UnknownresourceId: Unknown - creating db connection using connection name: informix_connection
load ResourceRole with id:13
operator: UnknownresourceId: Unknown - creating db connection using connection name: informix_connection
committing transaction
committing transaction
operator: UnknownresourceId: 5 - load resource.
operator: UnknownresourceId: Unknown - creating db connection using connection name: informix_connection
load ResourceRole with id:1
operator: UnknownresourceId: Unknown - creating db connection using connection name: informix_connection
committing transaction
committing transaction
Read propery[ConnectionFactoryNS] which is  required  with value[com.topcoder.db.connectionfactory.DBConnectionFactoryImpl] from namespace [com.topcoder.management.project.persistence.InformixProjectPersistence].
Read propery[ConnectionName] which is  optional  with value[informix_connection] from namespace [com.topcoder.management.project.persistence.InformixProjectPersistence].
Read propery[ProjectIdSequenceName] which is  optional  with value[project_id_seq] from namespace [com.topcoder.management.project.persistence.InformixProjectPersistence].
Read propery[ProjectAuditIdSequenceName] which is  optional  with value[project_audit_id_seq] from namespace [com.topcoder.management.project.persistence.InformixProjectPersistence].
Read propery[ConnectionFactoryNS] which is  required  with value[com.topcoder.db.connectionfactory.DBConnectionFactoryImpl] from namespace [com.topcoder.management.project.persistence.link.ProjectLinkManagerImpl].
Read propery[ConnectionName] which is  optional  with value[informix_connection] from namespace [com.topcoder.management.project.persistence.link.ProjectLinkManagerImpl].
read property ConnectionFactoryNS[com.topcoder.db.connectionfactory.DBConnectionFactoryImpl] from the namespace :com.topcoder.management.scorecard.persistence.InformixScorecardPersistence
read property ConnectionName[informix_connection] from the namespace :com.topcoder.management.scorecard.persistence.InformixScorecardPersistence
Instantiate SqlUploadPersistence with connectionFactory and connectioName:informix_connection
Instantiate PersistenceUploadManager with UploadPersistence, uploadSearchBundle, submissionSearchBundle, uploadIdGenerator, uploadTypeIdGenerator, uploadStatusIdGenerator, submissionIDGenerator, submissionStatusIdGenerator and submissionTypeIdGenerator.
Instantiate AbstractResourcePersistence with connectionFactory and connectionName[informix_connection].
load Resource role with ids:[J@16dcbc9,[J@16dcbc9,[J@16dcbc9,[J@16dcbc9,[J@16dcbc9,[J@16dcbc9,[J@16dcbc9,[J@16dcbc9,[J@16dcbc9,[J@16dcbc9,[J@16dcbc9,[J@16dcbc9,[J@16dcbc9,[J@16dcbc9,[J@16dcbc9,[J@16dcbc9,[J@16dcbc9,[J@16dcbc9,[J@16dcbc9,[J@16dcbc9,[J@16dcbc9,[J@16dcbc9
operator: UnknownresourceId: Unknown - creating db connection using connection name: informix_connection
committing transaction
load Resource with ids:[J@113eb9c
operator: UnknownresourceId: Unknown - creating db connection using connection name: informix_connection
load ResourceRole with id:3
operator: UnknownresourceId: Unknown - creating db connection using connection name: informix_connection
committing transaction
committing transaction
type: Upload id: Unknown operator:Unknown - search submissions with filter. found: 2
operator: UnknownresourceId: 4 - load resource.
operator: UnknownresourceId: Unknown - creating db connection using connection name: informix_connection
load ResourceRole with id:1
operator: UnknownresourceId: Unknown - creating db connection using connection name: informix_connection
committing transaction
committing transaction
operator: UnknownresourceId: 5 - load resource.
operator: UnknownresourceId: Unknown - creating db connection using connection name: informix_connection
load ResourceRole with id:1
operator: UnknownresourceId: Unknown - creating db connection using connection name: informix_connection
committing transaction
committing transaction
load Notifications with array of userIds/projectIds/notificationTypes.
operator: UnknownresourceId: Unknown - creating db connection using connection name: informix_connection
committing transaction
get projects with the ids: 1
operator: UnknownprojectId: Unknown - creating db connection using connection name: informix_connection
committing transaction
load Resource role with ids:[J@1129dc2,[J@1129dc2,[J@1129dc2,[J@1129dc2,[J@1129dc2,[J@1129dc2,[J@1129dc2,[J@1129dc2,[J@1129dc2,[J@1129dc2,[J@1129dc2,[J@1129dc2,[J@1129dc2,[J@1129dc2,[J@1129dc2,[J@1129dc2,[J@1129dc2,[J@1129dc2,[J@1129dc2,[J@1129dc2,[J@1129dc2,[J@1129dc2
operator: UnknownresourceId: Unknown - creating db connection using connection name: informix_connection
committing transaction
load Resource with ids:[J@b8e5d1
operator: UnknownresourceId: Unknown - creating db connection using connection name: informix_connection
load ResourceRole with id:4
operator: UnknownresourceId: Unknown - creating db connection using connection name: informix_connection
committing transaction
committing transaction
load Resource with ids:[J@ee159e
operator: UnknownresourceId: Unknown - creating db connection using connection name: informix_connection
load ResourceRole with id:3
operator: UnknownresourceId: Unknown - creating db connection using connection name: informix_connection
committing transaction
committing transaction
load Resource with ids:[J@16eeaaa
operator: UnknownresourceId: Unknown - creating db connection using connection name: informix_connection
load ResourceRole with id:12
operator: UnknownresourceId: Unknown - creating db connection using connection name: informix_connection
committing transaction
committing transaction
load Resource with ids:[J@1f44f8a
operator: UnknownresourceId: Unknown - creating db connection using connection name: informix_connection
load ResourceRole with id:13
operator: UnknownresourceId: Unknown - creating db connection using connection name: informix_connection
committing transaction
committing transaction
load Resource with ids:[J@87281f
operator: UnknownresourceId: Unknown - creating db connection using connection name: informix_connection
load ResourceRole with id:9
operator: UnknownresourceId: Unknown - creating db connection using connection name: informix_connection
committing transaction
committing transaction
load Resource with ids:[J@74187a,[J@74187a
operator: UnknownresourceId: Unknown - creating db connection using connection name: informix_connection
load ResourceRole with id:1
operator: UnknownresourceId: Unknown - creating db connection using connection name: informix_connection
committing transaction
load ResourceRole with id:1
operator: UnknownresourceId: Unknown - creating db connection using connection name: informix_connection
committing transaction
committing transaction
operator: UnknownresourceId: 100001 - load resource.
operator: UnknownresourceId: Unknown - creating db connection using connection name: informix_connection
load ResourceRole with id:4
operator: UnknownresourceId: Unknown - creating db connection using connection name: informix_connection
committing transaction
committing transaction
operator: UnknownresourceId: 4 - load resource.
operator: UnknownresourceId: Unknown - creating db connection using connection name: informix_connection
load ResourceRole with id:1
operator: UnknownresourceId: Unknown - creating db connection using connection name: informix_connection
committing transaction
committing transaction
operator: UnknownresourceId: 100000 - load resource.
operator: UnknownresourceId: Unknown - creating db connection using connection name: informix_connection
load ResourceRole with id:13
operator: UnknownresourceId: Unknown - creating db connection using connection name: informix_connection
committing transaction
committing transaction
operator: UnknownresourceId: 5 - load resource.
operator: UnknownresourceId: Unknown - creating db connection using connection name: informix_connection
load ResourceRole with id:1
operator: UnknownresourceId: Unknown - creating db connection using connection name: informix_connection
committing transaction
committing transaction
Read propery[ConnectionFactoryNS] which is  required  with value[com.topcoder.db.connectionfactory.DBConnectionFactoryImpl] from namespace [com.topcoder.management.project.persistence.InformixProjectPersistence].
Read propery[ConnectionName] which is  optional  with value[informix_connection] from namespace [com.topcoder.management.project.persistence.InformixProjectPersistence].
Read propery[ProjectIdSequenceName] which is  optional  with value[project_id_seq] from namespace [com.topcoder.management.project.persistence.InformixProjectPersistence].
Read propery[ProjectAuditIdSequenceName] which is  optional  with value[project_audit_id_seq] from namespace [com.topcoder.management.project.persistence.InformixProjectPersistence].
Read propery[ConnectionFactoryNS] which is  required  with value[com.topcoder.db.connectionfactory.DBConnectionFactoryImpl] from namespace [com.topcoder.management.project.persistence.link.ProjectLinkManagerImpl].
Read propery[ConnectionName] which is  optional  with value[informix_connection] from namespace [com.topcoder.management.project.persistence.link.ProjectLinkManagerImpl].
read property ConnectionFactoryNS[com.topcoder.db.connectionfactory.DBConnectionFactoryImpl] from the namespace :com.topcoder.management.scorecard.persistence.InformixScorecardPersistence
read property ConnectionName[informix_connection] from the namespace :com.topcoder.management.scorecard.persistence.InformixScorecardPersistence
Instantiate SqlUploadPersistence with connectionFactory and connectioName:informix_connection
Instantiate PersistenceUploadManager with UploadPersistence, uploadSearchBundle, submissionSearchBundle, uploadIdGenerator, uploadTypeIdGenerator, uploadStatusIdGenerator, submissionIDGenerator, submissionStatusIdGenerator and submissionTypeIdGenerator.
Instantiate AbstractResourcePersistence with connectionFactory and connectionName[informix_connection].
load Resource role with ids:[J@7965f,[J@7965f,[J@7965f,[J@7965f,[J@7965f,[J@7965f,[J@7965f,[J@7965f,[J@7965f,[J@7965f,[J@7965f,[J@7965f,[J@7965f,[J@7965f,[J@7965f,[J@7965f,[J@7965f,[J@7965f,[J@7965f,[J@7965f,[J@7965f,[J@7965f
operator: UnknownresourceId: Unknown - creating db connection using connection name: informix_connection
committing transaction
type: Upload id: Unknown operator:Unknown - search submissions with filter. found: 2
load Resource with ids:[J@74a7af
operator: UnknownresourceId: Unknown - creating db connection using connection name: informix_connection
load ResourceRole with id:3
operator: UnknownresourceId: Unknown - creating db connection using connection name: informix_connection
committing transaction
committing transaction
type: Scorecard id: Unknown operator:Unknown - retrieve scorecard with ids:1, and is incomplete
create db connection with connect name:informix_connection
close the connection.
type: Submission id: 1 operator:1001 - update Submission.
type: Submission id: 1 operator:Unknown - Update Submission, it will update record in submission table.
create db connection using connection name:informix_connection
close the connection.
get All submission statuses, delegate to persistence.
get All submission statuses, delegate to persistence.
create db connection using connection name:informix_connection
close the connection.
type: SubmissionStatus id: Unknown operator:Unknown - Load SubmissionStatuses with ids:1,2,3,4,5
create db connection using connection name:informix_connection
close the connection.
type: Submission id: 2 operator:1001 - update Submission.
type: Submission id: 2 operator:Unknown - Update Submission, it will update record in submission table.
create db connection using connection name:informix_connection
close the connection.
operator: UnknownresourceId: 4 - load resource.
operator: UnknownresourceId: Unknown - creating db connection using connection name: informix_connection
load ResourceRole with id:1
operator: UnknownresourceId: Unknown - creating db connection using connection name: informix_connection
committing transaction
committing transaction
operator: UnknownresourceId: 5 - load resource.
operator: UnknownresourceId: Unknown - creating db connection using connection name: informix_connection
load ResourceRole with id:1
operator: UnknownresourceId: Unknown - creating db connection using connection name: informix_connection
committing transaction
committing transaction
load Notifications with array of userIds/projectIds/notificationTypes.
operator: UnknownresourceId: Unknown - creating db connection using connection name: informix_connection
committing transaction
get projects with the ids: 1
operator: UnknownprojectId: Unknown - creating db connection using connection name: informix_connection
committing transaction
load Resource role with ids:[J@cbbaf,[J@cbbaf,[J@cbbaf,[J@cbbaf,[J@cbbaf,[J@cbbaf,[J@cbbaf,[J@cbbaf,[J@cbbaf,[J@cbbaf,[J@cbbaf,[J@cbbaf,[J@cbbaf,[J@cbbaf,[J@cbbaf,[J@cbbaf,[J@cbbaf,[J@cbbaf,[J@cbbaf,[J@cbbaf,[J@cbbaf,[J@cbbaf
operator: UnknownresourceId: Unknown - creating db connection using connection name: informix_connection
committing transaction
load Resource with ids:[J@17f61bb
operator: UnknownresourceId: Unknown - creating db connection using connection name: informix_connection
load ResourceRole with id:4
operator: UnknownresourceId: Unknown - creating db connection using connection name: informix_connection
committing transaction
committing transaction
load Resource with ids:[J@197a82f
operator: UnknownresourceId: Unknown - creating db connection using connection name: informix_connection
load ResourceRole with id:3
operator: UnknownresourceId: Unknown - creating db connection using connection name: informix_connection
committing transaction
committing transaction
load Resource with ids:[J@48bd67
operator: UnknownresourceId: Unknown - creating db connection using connection name: informix_connection
load ResourceRole with id:12
operator: UnknownresourceId: Unknown - creating db connection using connection name: informix_connection
committing transaction
committing transaction
load Resource with ids:[J@1af31b8
operator: UnknownresourceId: Unknown - creating db connection using connection name: informix_connection
load ResourceRole with id:13
operator: UnknownresourceId: Unknown - creating db connection using connection name: informix_connection
committing transaction
committing transaction
load Resource with ids:[J@e47e99
operator: UnknownresourceId: Unknown - creating db connection using connection name: informix_connection
load ResourceRole with id:9
operator: UnknownresourceId: Unknown - creating db connection using connection name: informix_connection
committing transaction
committing transaction
load Resource with ids:[J@7310bf,[J@7310bf
operator: UnknownresourceId: Unknown - creating db connection using connection name: informix_connection
load ResourceRole with id:1
operator: UnknownresourceId: Unknown - creating db connection using connection name: informix_connection
committing transaction
load ResourceRole with id:1
operator: UnknownresourceId: Unknown - creating db connection using connection name: informix_connection
committing transaction
committing transaction
operator: UnknownresourceId: 100008 - load resource.
operator: UnknownresourceId: Unknown - creating db connection using connection name: informix_connection
load ResourceRole with id:9
operator: UnknownresourceId: Unknown - creating db connection using connection name: informix_connection
committing transaction
committing transaction
operator: UnknownresourceId: 4 - load resource.
operator: UnknownresourceId: Unknown - creating db connection using connection name: informix_connection
load ResourceRole with id:1
operator: UnknownresourceId: Unknown - creating db connection using connection name: informix_connection
committing transaction
committing transaction
operator: UnknownresourceId: 100000 - load resource.
operator: UnknownresourceId: Unknown - creating db connection using connection name: informix_connection
load ResourceRole with id:13
operator: UnknownresourceId: Unknown - creating db connection using connection name: informix_connection
committing transaction
committing transaction
operator: UnknownresourceId: 5 - load resource.
operator: UnknownresourceId: Unknown - creating db connection using connection name: informix_connection
load ResourceRole with id:1
operator: UnknownresourceId: Unknown - creating db connection using connection name: informix_connection
committing transaction
committing transaction
Read propery[ConnectionFactoryNS] which is  required  with value[com.topcoder.db.connectionfactory.DBConnectionFactoryImpl] from namespace [com.topcoder.management.project.persistence.InformixProjectPersistence].
Read propery[ConnectionName] which is  optional  with value[informix_connection] from namespace [com.topcoder.management.project.persistence.InformixProjectPersistence].
Read propery[ProjectIdSequenceName] which is  optional  with value[project_id_seq] from namespace [com.topcoder.management.project.persistence.InformixProjectPersistence].
Read propery[ProjectAuditIdSequenceName] which is  optional  with value[project_audit_id_seq] from namespace [com.topcoder.management.project.persistence.InformixProjectPersistence].
Read propery[ConnectionFactoryNS] which is  required  with value[com.topcoder.db.connectionfactory.DBConnectionFactoryImpl] from namespace [com.topcoder.management.project.persistence.link.ProjectLinkManagerImpl].
Read propery[ConnectionName] which is  optional  with value[informix_connection] from namespace [com.topcoder.management.project.persistence.link.ProjectLinkManagerImpl].
read property ConnectionFactoryNS[com.topcoder.db.connectionfactory.DBConnectionFactoryImpl] from the namespace :com.topcoder.management.scorecard.persistence.InformixScorecardPersistence
read property ConnectionName[informix_connection] from the namespace :com.topcoder.management.scorecard.persistence.InformixScorecardPersistence
Instantiate SqlUploadPersistence with connectionFactory and connectioName:informix_connection
Instantiate PersistenceUploadManager with UploadPersistence, uploadSearchBundle, submissionSearchBundle, uploadIdGenerator, uploadTypeIdGenerator, uploadStatusIdGenerator, submissionIDGenerator, submissionStatusIdGenerator and submissionTypeIdGenerator.
Instantiate AbstractResourcePersistence with connectionFactory and connectionName[informix_connection].
load Resource role with ids:[J@154728d,[J@154728d,[J@154728d,[J@154728d,[J@154728d,[J@154728d,[J@154728d,[J@154728d,[J@154728d,[J@154728d,[J@154728d,[J@154728d,[J@154728d,[J@154728d,[J@154728d,[J@154728d,[J@154728d,[J@154728d,[J@154728d,[J@154728d,[J@154728d,[J@154728d
operator: UnknownresourceId: Unknown - creating db connection using connection name: informix_connection
committing transaction
type: Upload id: Unknown operator:Unknown - search submissions with filter. found: 2
load Resource with ids:[J@1f9f663
operator: UnknownresourceId: Unknown - creating db connection using connection name: informix_connection
load ResourceRole with id:3
operator: UnknownresourceId: Unknown - creating db connection using connection name: informix_connection
committing transaction
committing transaction
Read propery[ConnectionFactoryNS] which is  required  with value[com.topcoder.db.connectionfactory.DBConnectionFactoryImpl] from namespace [com.topcoder.management.project.persistence.InformixProjectPersistence].
Read propery[ConnectionName] which is  optional  with value[informix_connection] from namespace [com.topcoder.management.project.persistence.InformixProjectPersistence].
Read propery[ProjectIdSequenceName] which is  optional  with value[project_id_seq] from namespace [com.topcoder.management.project.persistence.InformixProjectPersistence].
Read propery[ProjectAuditIdSequenceName] which is  optional  with value[project_audit_id_seq] from namespace [com.topcoder.management.project.persistence.InformixProjectPersistence].
Read propery[ConnectionFactoryNS] which is  required  with value[com.topcoder.db.connectionfactory.DBConnectionFactoryImpl] from namespace [com.topcoder.management.project.persistence.link.ProjectLinkManagerImpl].
Read propery[ConnectionName] which is  optional  with value[informix_connection] from namespace [com.topcoder.management.project.persistence.link.ProjectLinkManagerImpl].
read property ConnectionFactoryNS[com.topcoder.db.connectionfactory.DBConnectionFactoryImpl] from the namespace :com.topcoder.management.scorecard.persistence.InformixScorecardPersistence
read property ConnectionName[informix_connection] from the namespace :com.topcoder.management.scorecard.persistence.InformixScorecardPersistence
Instantiate SqlUploadPersistence with connectionFactory and connectioName:informix_connection
Instantiate PersistenceUploadManager with UploadPersistence, uploadSearchBundle, submissionSearchBundle, uploadIdGenerator, uploadTypeIdGenerator, uploadStatusIdGenerator, submissionIDGenerator, submissionStatusIdGenerator and submissionTypeIdGenerator.
Instantiate AbstractResourcePersistence with connectionFactory and connectionName[informix_connection].
load Resource role with ids:[J@dc60af,[J@dc60af,[J@dc60af,[J@dc60af,[J@dc60af,[J@dc60af,[J@dc60af,[J@dc60af,[J@dc60af,[J@dc60af,[J@dc60af,[J@dc60af,[J@dc60af,[J@dc60af,[J@dc60af,[J@dc60af,[J@dc60af,[J@dc60af,[J@dc60af,[J@dc60af,[J@dc60af,[J@dc60af
operator: UnknownresourceId: Unknown - creating db connection using connection name: informix_connection
committing transaction
load Resource with ids:[J@178f2b
operator: UnknownresourceId: Unknown - creating db connection using connection name: informix_connection
load ResourceRole with id:3
operator: UnknownresourceId: Unknown - creating db connection using connection name: informix_connection
committing transaction
committing transaction
Read propery[ConnectionFactoryNS] which is  required  with value[com.topcoder.db.connectionfactory.DBConnectionFactoryImpl] from namespace [com.topcoder.management.project.persistence.InformixProjectPersistence].
Read propery[ConnectionName] which is  optional  with value[informix_connection] from namespace [com.topcoder.management.project.persistence.InformixProjectPersistence].
Read propery[ProjectIdSequenceName] which is  optional  with value[project_id_seq] from namespace [com.topcoder.management.project.persistence.InformixProjectPersistence].
Read propery[ProjectAuditIdSequenceName] which is  optional  with value[project_audit_id_seq] from namespace [com.topcoder.management.project.persistence.InformixProjectPersistence].
Read propery[ConnectionFactoryNS] which is  required  with value[com.topcoder.db.connectionfactory.DBConnectionFactoryImpl] from namespace [com.topcoder.management.project.persistence.link.ProjectLinkManagerImpl].
Read propery[ConnectionName] which is  optional  with value[informix_connection] from namespace [com.topcoder.management.project.persistence.link.ProjectLinkManagerImpl].
read property ConnectionFactoryNS[com.topcoder.db.connectionfactory.DBConnectionFactoryImpl] from the namespace :com.topcoder.management.scorecard.persistence.InformixScorecardPersistence
read property ConnectionName[informix_connection] from the namespace :com.topcoder.management.scorecard.persistence.InformixScorecardPersistence
Instantiate SqlUploadPersistence with connectionFactory and connectioName:informix_connection
Instantiate PersistenceUploadManager with UploadPersistence, uploadSearchBundle, submissionSearchBundle, uploadIdGenerator, uploadTypeIdGenerator, uploadStatusIdGenerator, submissionIDGenerator, submissionStatusIdGenerator and submissionTypeIdGenerator.
Instantiate AbstractResourcePersistence with connectionFactory and connectionName[informix_connection].
load Resource role with ids:[J@62ce0a,[J@62ce0a,[J@62ce0a,[J@62ce0a,[J@62ce0a,[J@62ce0a,[J@62ce0a,[J@62ce0a,[J@62ce0a,[J@62ce0a,[J@62ce0a,[J@62ce0a,[J@62ce0a,[J@62ce0a,[J@62ce0a,[J@62ce0a,[J@62ce0a,[J@62ce0a,[J@62ce0a,[J@62ce0a,[J@62ce0a,[J@62ce0a
operator: UnknownresourceId: Unknown - creating db connection using connection name: informix_connection
committing transaction
load Resource with ids:[J@10aeb1f
operator: UnknownresourceId: Unknown - creating db connection using connection name: informix_connection
load ResourceRole with id:3
operator: UnknownresourceId: Unknown - creating db connection using connection name: informix_connection
committing transaction
committing transaction
load Resource with ids:[J@88579c
operator: UnknownresourceId: Unknown - creating db connection using connection name: informix_connection
load ResourceRole with id:1
operator: UnknownresourceId: Unknown - creating db connection using connection name: informix_connection
committing transaction
committing transaction
type: Upload id: Unknown operator:Unknown - search submissions with filter. found: 0
Read propery[ConnectionFactoryNS] which is  required  with value[com.topcoder.db.connectionfactory.DBConnectionFactoryImpl] from namespace [com.topcoder.management.project.persistence.InformixProjectPersistence].
Read propery[ConnectionName] which is  optional  with value[informix_connection] from namespace [com.topcoder.management.project.persistence.InformixProjectPersistence].
Read propery[ProjectIdSequenceName] which is  optional  with value[project_id_seq] from namespace [com.topcoder.management.project.persistence.InformixProjectPersistence].
Read propery[ProjectAuditIdSequenceName] which is  optional  with value[project_audit_id_seq] from namespace [com.topcoder.management.project.persistence.InformixProjectPersistence].
Read propery[ConnectionFactoryNS] which is  required  with value[com.topcoder.db.connectionfactory.DBConnectionFactoryImpl] from namespace [com.topcoder.management.project.persistence.link.ProjectLinkManagerImpl].
Read propery[ConnectionName] which is  optional  with value[informix_connection] from namespace [com.topcoder.management.project.persistence.link.ProjectLinkManagerImpl].
read property ConnectionFactoryNS[com.topcoder.db.connectionfactory.DBConnectionFactoryImpl] from the namespace :com.topcoder.management.scorecard.persistence.InformixScorecardPersistence
read property ConnectionName[informix_connection] from the namespace :com.topcoder.management.scorecard.persistence.InformixScorecardPersistence
Instantiate SqlUploadPersistence with connectionFactory and connectioName:informix_connection
Instantiate PersistenceUploadManager with UploadPersistence, uploadSearchBundle, submissionSearchBundle, uploadIdGenerator, uploadTypeIdGenerator, uploadStatusIdGenerator, submissionIDGenerator, submissionStatusIdGenerator and submissionTypeIdGenerator.
Instantiate AbstractResourcePersistence with connectionFactory and connectionName[informix_connection].
load Resource role with ids:[J@c540c0,[J@c540c0,[J@c540c0,[J@c540c0,[J@c540c0,[J@c540c0,[J@c540c0,[J@c540c0,[J@c540c0,[J@c540c0,[J@c540c0,[J@c540c0,[J@c540c0,[J@c540c0,[J@c540c0,[J@c540c0,[J@c540c0,[J@c540c0,[J@c540c0,[J@c540c0,[J@c540c0,[J@c540c0
operator: UnknownresourceId: Unknown - creating db connection using connection name: informix_connection
committing transaction
load Resource with ids:[J@d02649
operator: UnknownresourceId: Unknown - creating db connection using connection name: informix_connection
load ResourceRole with id:3
operator: UnknownresourceId: Unknown - creating db connection using connection name: informix_connection
committing transaction
committing transaction
load Resource with ids:[J@1239752
operator: UnknownresourceId: Unknown - creating db connection using connection name: informix_connection
load ResourceRole with id:1
operator: UnknownresourceId: Unknown - creating db connection using connection name: informix_connection
committing transaction
committing transaction
type: Upload id: Unknown operator:Unknown - search submissions with filter. found: 1
load Resource with ids:[J@4e904
operator: UnknownresourceId: Unknown - creating db connection using connection name: informix_connection
load ResourceRole with id:3
operator: UnknownresourceId: Unknown - creating db connection using connection name: informix_connection
committing transaction
committing transaction
Read propery[ConnectionFactoryNS] which is  required  with value[com.topcoder.db.connectionfactory.DBConnectionFactoryImpl] from namespace [com.topcoder.management.project.persistence.InformixProjectPersistence].
Read propery[ConnectionName] which is  optional  with value[informix_connection] from namespace [com.topcoder.management.project.persistence.InformixProjectPersistence].
Read propery[ProjectIdSequenceName] which is  optional  with value[project_id_seq] from namespace [com.topcoder.management.project.persistence.InformixProjectPersistence].
Read propery[ProjectAuditIdSequenceName] which is  optional  with value[project_audit_id_seq] from namespace [com.topcoder.management.project.persistence.InformixProjectPersistence].
Read propery[ConnectionFactoryNS] which is  required  with value[com.topcoder.db.connectionfactory.DBConnectionFactoryImpl] from namespace [com.topcoder.management.project.persistence.link.ProjectLinkManagerImpl].
Read propery[ConnectionName] which is  optional  with value[informix_connection] from namespace [com.topcoder.management.project.persistence.link.ProjectLinkManagerImpl].
read property ConnectionFactoryNS[com.topcoder.db.connectionfactory.DBConnectionFactoryImpl] from the namespace :com.topcoder.management.scorecard.persistence.InformixScorecardPersistence
read property ConnectionName[informix_connection] from the namespace :com.topcoder.management.scorecard.persistence.InformixScorecardPersistence
Instantiate SqlUploadPersistence with connectionFactory and connectioName:informix_connection
Instantiate PersistenceUploadManager with UploadPersistence, uploadSearchBundle, submissionSearchBundle, uploadIdGenerator, uploadTypeIdGenerator, uploadStatusIdGenerator, submissionIDGenerator, submissionStatusIdGenerator and submissionTypeIdGenerator.
Instantiate AbstractResourcePersistence with connectionFactory and connectionName[informix_connection].
load Resource role with ids:[J@2bc29,[J@2bc29,[J@2bc29,[J@2bc29,[J@2bc29,[J@2bc29,[J@2bc29,[J@2bc29,[J@2bc29,[J@2bc29,[J@2bc29,[J@2bc29,[J@2bc29,[J@2bc29,[J@2bc29,[J@2bc29,[J@2bc29,[J@2bc29,[J@2bc29,[J@2bc29,[J@2bc29,[J@2bc29
operator: UnknownresourceId: Unknown - creating db connection using connection name: informix_connection
committing transaction
load Resource with ids:[J@201dbc
operator: UnknownresourceId: Unknown - creating db connection using connection name: informix_connection
load ResourceRole with id:3
operator: UnknownresourceId: Unknown - creating db connection using connection name: informix_connection
committing transaction
committing transaction
load Resource with ids:[J@1644c9
operator: UnknownresourceId: Unknown - creating db connection using connection name: informix_connection
load ResourceRole with id:1
operator: UnknownresourceId: Unknown - creating db connection using connection name: informix_connection
committing transaction
committing transaction
type: Upload id: Unknown operator:Unknown - search submissions with filter. found: 1
load Resource with ids:[J@1d03ed2
operator: UnknownresourceId: Unknown - creating db connection using connection name: informix_connection
load ResourceRole with id:3
operator: UnknownresourceId: Unknown - creating db connection using connection name: informix_connection
committing transaction
committing transaction
Read propery[ConnectionFactoryNS] which is  required  with value[com.topcoder.db.connectionfactory.DBConnectionFactoryImpl] from namespace [com.topcoder.management.project.persistence.InformixProjectPersistence].
Read propery[ConnectionName] which is  optional  with value[informix_connection] from namespace [com.topcoder.management.project.persistence.InformixProjectPersistence].
Read propery[ProjectIdSequenceName] which is  optional  with value[project_id_seq] from namespace [com.topcoder.management.project.persistence.InformixProjectPersistence].
Read propery[ProjectAuditIdSequenceName] which is  optional  with value[project_audit_id_seq] from namespace [com.topcoder.management.project.persistence.InformixProjectPersistence].
Read propery[ConnectionFactoryNS] which is  required  with value[com.topcoder.db.connectionfactory.DBConnectionFactoryImpl] from namespace [com.topcoder.management.project.persistence.link.ProjectLinkManagerImpl].
Read propery[ConnectionName] which is  optional  with value[informix_connection] from namespace [com.topcoder.management.project.persistence.link.ProjectLinkManagerImpl].
read property ConnectionFactoryNS[com.topcoder.db.connectionfactory.DBConnectionFactoryImpl] from the namespace :com.topcoder.management.scorecard.persistence.InformixScorecardPersistence
read property ConnectionName[informix_connection] from the namespace :com.topcoder.management.scorecard.persistence.InformixScorecardPersistence
Instantiate SqlUploadPersistence with connectionFactory and connectioName:informix_connection
Instantiate PersistenceUploadManager with UploadPersistence, uploadSearchBundle, submissionSearchBundle, uploadIdGenerator, uploadTypeIdGenerator, uploadStatusIdGenerator, submissionIDGenerator, submissionStatusIdGenerator and submissionTypeIdGenerator.
Instantiate AbstractResourcePersistence with connectionFactory and connectionName[informix_connection].
load Resource role with ids:[J@18ca7cb,[J@18ca7cb,[J@18ca7cb,[J@18ca7cb,[J@18ca7cb,[J@18ca7cb,[J@18ca7cb,[J@18ca7cb,[J@18ca7cb,[J@18ca7cb,[J@18ca7cb,[J@18ca7cb,[J@18ca7cb,[J@18ca7cb,[J@18ca7cb,[J@18ca7cb,[J@18ca7cb,[J@18ca7cb,[J@18ca7cb,[J@18ca7cb,[J@18ca7cb,[J@18ca7cb
operator: UnknownresourceId: Unknown - creating db connection using connection name: informix_connection
committing transaction
load Resource with ids:[J@15c8049
operator: UnknownresourceId: Unknown - creating db connection using connection name: informix_connection
load ResourceRole with id:3
operator: UnknownresourceId: Unknown - creating db connection using connection name: informix_connection
committing transaction
committing transaction
load Resource with ids:[J@11dda2d
operator: UnknownresourceId: Unknown - creating db connection using connection name: informix_connection
load ResourceRole with id:1
operator: UnknownresourceId: Unknown - creating db connection using connection name: informix_connection
committing transaction
committing transaction
type: Upload id: Unknown operator:Unknown - search submissions with filter. found: 1
load Resource with ids:[J@1d34eac
operator: UnknownresourceId: Unknown - creating db connection using connection name: informix_connection
load ResourceRole with id:3
operator: UnknownresourceId: Unknown - creating db connection using connection name: informix_connection
committing transaction
committing transaction
Read propery[ConnectionFactoryNS] which is  required  with value[com.topcoder.db.connectionfactory.DBConnectionFactoryImpl] from namespace [com.topcoder.management.project.persistence.InformixProjectPersistence].
Read propery[ConnectionName] which is  optional  with value[informix_connection] from namespace [com.topcoder.management.project.persistence.InformixProjectPersistence].
Read propery[ProjectIdSequenceName] which is  optional  with value[project_id_seq] from namespace [com.topcoder.management.project.persistence.InformixProjectPersistence].
Read propery[ProjectAuditIdSequenceName] which is  optional  with value[project_audit_id_seq] from namespace [com.topcoder.management.project.persistence.InformixProjectPersistence].
Read propery[ConnectionFactoryNS] which is  required  with value[com.topcoder.db.connectionfactory.DBConnectionFactoryImpl] from namespace [com.topcoder.management.project.persistence.link.ProjectLinkManagerImpl].
Read propery[ConnectionName] which is  optional  with value[informix_connection] from namespace [com.topcoder.management.project.persistence.link.ProjectLinkManagerImpl].
read property ConnectionFactoryNS[com.topcoder.db.connectionfactory.DBConnectionFactoryImpl] from the namespace :com.topcoder.management.scorecard.persistence.InformixScorecardPersistence
read property ConnectionName[informix_connection] from the namespace :com.topcoder.management.scorecard.persistence.InformixScorecardPersistence
Instantiate SqlUploadPersistence with connectionFactory and connectioName:informix_connection
Instantiate PersistenceUploadManager with UploadPersistence, uploadSearchBundle, submissionSearchBundle, uploadIdGenerator, uploadTypeIdGenerator, uploadStatusIdGenerator, submissionIDGenerator, submissionStatusIdGenerator and submissionTypeIdGenerator.
Instantiate AbstractResourcePersistence with connectionFactory and connectionName[informix_connection].
load Resource role with ids:[J@1f7b41b,[J@1f7b41b,[J@1f7b41b,[J@1f7b41b,[J@1f7b41b,[J@1f7b41b,[J@1f7b41b,[J@1f7b41b,[J@1f7b41b,[J@1f7b41b,[J@1f7b41b,[J@1f7b41b,[J@1f7b41b,[J@1f7b41b,[J@1f7b41b,[J@1f7b41b,[J@1f7b41b,[J@1f7b41b,[J@1f7b41b,[J@1f7b41b,[J@1f7b41b,[J@1f7b41b
operator: UnknownresourceId: Unknown - creating db connection using connection name: informix_connection
committing transaction
load Resource with ids:[J@70ccb
operator: UnknownresourceId: Unknown - creating db connection using connection name: informix_connection
load ResourceRole with id:2
operator: UnknownresourceId: Unknown - creating db connection using connection name: informix_connection
committing transaction
committing transaction
load Resource with ids:[J@f5b2da
operator: UnknownresourceId: Unknown - creating db connection using connection name: informix_connection
load ResourceRole with id:2
operator: UnknownresourceId: Unknown - creating db connection using connection name: informix_connection
committing transaction
committing transaction
type: Upload id: Unknown operator:Unknown - search submissions with filter. found: 1
Read propery[ConnectionFactoryNS] which is  required  with value[com.topcoder.db.connectionfactory.DBConnectionFactoryImpl] from namespace [com.topcoder.management.project.persistence.InformixProjectPersistence].
Read propery[ConnectionName] which is  optional  with value[informix_connection] from namespace [com.topcoder.management.project.persistence.InformixProjectPersistence].
Read propery[ProjectIdSequenceName] which is  optional  with value[project_id_seq] from namespace [com.topcoder.management.project.persistence.InformixProjectPersistence].
Read propery[ProjectAuditIdSequenceName] which is  optional  with value[project_audit_id_seq] from namespace [com.topcoder.management.project.persistence.InformixProjectPersistence].
Read propery[ConnectionFactoryNS] which is  required  with value[com.topcoder.db.connectionfactory.DBConnectionFactoryImpl] from namespace [com.topcoder.management.project.persistence.link.ProjectLinkManagerImpl].
Read propery[ConnectionName] which is  optional  with value[informix_connection] from namespace [com.topcoder.management.project.persistence.link.ProjectLinkManagerImpl].
read property ConnectionFactoryNS[com.topcoder.db.connectionfactory.DBConnectionFactoryImpl] from the namespace :com.topcoder.management.scorecard.persistence.InformixScorecardPersistence
read property ConnectionName[informix_connection] from the namespace :com.topcoder.management.scorecard.persistence.InformixScorecardPersistence
Instantiate SqlUploadPersistence with connectionFactory and connectioName:informix_connection
Instantiate PersistenceUploadManager with UploadPersistence, uploadSearchBundle, submissionSearchBundle, uploadIdGenerator, uploadTypeIdGenerator, uploadStatusIdGenerator, submissionIDGenerator, submissionStatusIdGenerator and submissionTypeIdGenerator.
Instantiate AbstractResourcePersistence with connectionFactory and connectionName[informix_connection].
load Resource role with ids:[J@1e31f72,[J@1e31f72,[J@1e31f72,[J@1e31f72,[J@1e31f72,[J@1e31f72,[J@1e31f72,[J@1e31f72,[J@1e31f72,[J@1e31f72,[J@1e31f72,[J@1e31f72,[J@1e31f72,[J@1e31f72,[J@1e31f72,[J@1e31f72,[J@1e31f72,[J@1e31f72,[J@1e31f72,[J@1e31f72,[J@1e31f72,[J@1e31f72
operator: UnknownresourceId: Unknown - creating db connection using connection name: informix_connection
committing transaction
load Resource with ids:[J@15c7b94
operator: UnknownresourceId: Unknown - creating db connection using connection name: informix_connection
load ResourceRole with id:2
operator: UnknownresourceId: Unknown - creating db connection using connection name: informix_connection
committing transaction
committing transaction
load Resource with ids:[J@119719f
operator: UnknownresourceId: Unknown - creating db connection using connection name: informix_connection
load ResourceRole with id:2
operator: UnknownresourceId: Unknown - creating db connection using connection name: informix_connection
committing transaction
committing transaction
type: Upload id: Unknown operator:Unknown - search submissions with filter. found: 1
Read propery[ConnectionFactoryNS] which is  required  with value[com.topcoder.db.connectionfactory.DBConnectionFactoryImpl] from namespace [com.topcoder.management.project.persistence.InformixProjectPersistence].
Read propery[ConnectionName] which is  optional  with value[informix_connection] from namespace [com.topcoder.management.project.persistence.InformixProjectPersistence].
Read propery[ProjectIdSequenceName] which is  optional  with value[project_id_seq] from namespace [com.topcoder.management.project.persistence.InformixProjectPersistence].
Read propery[ProjectAuditIdSequenceName] which is  optional  with value[project_audit_id_seq] from namespace [com.topcoder.management.project.persistence.InformixProjectPersistence].
Read propery[ConnectionFactoryNS] which is  required  with value[com.topcoder.db.connectionfactory.DBConnectionFactoryImpl] from namespace [com.topcoder.management.project.persistence.link.ProjectLinkManagerImpl].
Read propery[ConnectionName] which is  optional  with value[informix_connection] from namespace [com.topcoder.management.project.persistence.link.ProjectLinkManagerImpl].
read property ConnectionFactoryNS[com.topcoder.db.connectionfactory.DBConnectionFactoryImpl] from the namespace :com.topcoder.management.scorecard.persistence.InformixScorecardPersistence
read property ConnectionName[informix_connection] from the namespace :com.topcoder.management.scorecard.persistence.InformixScorecardPersistence
Instantiate SqlUploadPersistence with connectionFactory and connectioName:informix_connection
Instantiate PersistenceUploadManager with UploadPersistence, uploadSearchBundle, submissionSearchBundle, uploadIdGenerator, uploadTypeIdGenerator, uploadStatusIdGenerator, submissionIDGenerator, submissionStatusIdGenerator and submissionTypeIdGenerator.
Instantiate AbstractResourcePersistence with connectionFactory and connectionName[informix_connection].
load Resource role with ids:[J@b7ff0e,[J@b7ff0e,[J@b7ff0e,[J@b7ff0e,[J@b7ff0e,[J@b7ff0e,[J@b7ff0e,[J@b7ff0e,[J@b7ff0e,[J@b7ff0e,[J@b7ff0e,[J@b7ff0e,[J@b7ff0e,[J@b7ff0e,[J@b7ff0e,[J@b7ff0e,[J@b7ff0e,[J@b7ff0e,[J@b7ff0e,[J@b7ff0e,[J@b7ff0e,[J@b7ff0e
operator: UnknownresourceId: Unknown - creating db connection using connection name: informix_connection
committing transaction
Read propery[ConnectionFactoryNS] which is  required  with value[com.topcoder.db.connectionfactory.DBConnectionFactoryImpl] from namespace [com.topcoder.management.project.persistence.InformixProjectPersistence].
Read propery[ConnectionName] which is  optional  with value[informix_connection] from namespace [com.topcoder.management.project.persistence.InformixProjectPersistence].
Read propery[ProjectIdSequenceName] which is  optional  with value[project_id_seq] from namespace [com.topcoder.management.project.persistence.InformixProjectPersistence].
Read propery[ProjectAuditIdSequenceName] which is  optional  with value[project_audit_id_seq] from namespace [com.topcoder.management.project.persistence.InformixProjectPersistence].
Read propery[ConnectionFactoryNS] which is  required  with value[com.topcoder.db.connectionfactory.DBConnectionFactoryImpl] from namespace [com.topcoder.management.project.persistence.link.ProjectLinkManagerImpl].
Read propery[ConnectionName] which is  optional  with value[informix_connection] from namespace [com.topcoder.management.project.persistence.link.ProjectLinkManagerImpl].
read property ConnectionFactoryNS[com.topcoder.db.connectionfactory.DBConnectionFactoryImpl] from the namespace :com.topcoder.management.scorecard.persistence.InformixScorecardPersistence
read property ConnectionName[informix_connection] from the namespace :com.topcoder.management.scorecard.persistence.InformixScorecardPersistence
Instantiate SqlUploadPersistence with connectionFactory and connectioName:informix_connection
Instantiate PersistenceUploadManager with UploadPersistence, uploadSearchBundle, submissionSearchBundle, uploadIdGenerator, uploadTypeIdGenerator, uploadStatusIdGenerator, submissionIDGenerator, submissionStatusIdGenerator and submissionTypeIdGenerator.
Instantiate AbstractResourcePersistence with connectionFactory and connectionName[informix_connection].
load Resource role with ids:[J@4f349b,[J@4f349b,[J@4f349b,[J@4f349b,[J@4f349b,[J@4f349b,[J@4f349b,[J@4f349b,[J@4f349b,[J@4f349b,[J@4f349b,[J@4f349b,[J@4f349b,[J@4f349b,[J@4f349b,[J@4f349b,[J@4f349b,[J@4f349b,[J@4f349b,[J@4f349b,[J@4f349b,[J@4f349b
operator: UnknownresourceId: Unknown - creating db connection using connection name: informix_connection
committing transaction
Read propery[ConnectionFactoryNS] which is  required  with value[com.topcoder.db.connectionfactory.DBConnectionFactoryImpl] from namespace [com.topcoder.management.project.persistence.InformixProjectPersistence].
Read propery[ConnectionName] which is  optional  with value[informix_connection] from namespace [com.topcoder.management.project.persistence.InformixProjectPersistence].
Read propery[ProjectIdSequenceName] which is  optional  with value[project_id_seq] from namespace [com.topcoder.management.project.persistence.InformixProjectPersistence].
Read propery[ProjectAuditIdSequenceName] which is  optional  with value[project_audit_id_seq] from namespace [com.topcoder.management.project.persistence.InformixProjectPersistence].
Read propery[ConnectionFactoryNS] which is  required  with value[com.topcoder.db.connectionfactory.DBConnectionFactoryImpl] from namespace [com.topcoder.management.project.persistence.link.ProjectLinkManagerImpl].
Read propery[ConnectionName] which is  optional  with value[informix_connection] from namespace [com.topcoder.management.project.persistence.link.ProjectLinkManagerImpl].
read property ConnectionFactoryNS[com.topcoder.db.connectionfactory.DBConnectionFactoryImpl] from the namespace :com.topcoder.management.scorecard.persistence.InformixScorecardPersistence
read property ConnectionName[informix_connection] from the namespace :com.topcoder.management.scorecard.persistence.InformixScorecardPersistence
Instantiate SqlUploadPersistence with connectionFactory and connectioName:informix_connection
Instantiate PersistenceUploadManager with UploadPersistence, uploadSearchBundle, submissionSearchBundle, uploadIdGenerator, uploadTypeIdGenerator, uploadStatusIdGenerator, submissionIDGenerator, submissionStatusIdGenerator and submissionTypeIdGenerator.
Instantiate AbstractResourcePersistence with connectionFactory and connectionName[informix_connection].
load Resource role with ids:[J@11ef262,[J@11ef262,[J@11ef262,[J@11ef262,[J@11ef262,[J@11ef262,[J@11ef262,[J@11ef262,[J@11ef262,[J@11ef262,[J@11ef262,[J@11ef262,[J@11ef262,[J@11ef262,[J@11ef262,[J@11ef262,[J@11ef262,[J@11ef262,[J@11ef262,[J@11ef262,[J@11ef262,[J@11ef262
operator: UnknownresourceId: Unknown - creating db connection using connection name: informix_connection
committing transaction
Read propery[ConnectionFactoryNS] which is  required  with value[com.topcoder.db.connectionfactory.DBConnectionFactoryImpl] from namespace [com.topcoder.management.project.persistence.InformixProjectPersistence].
Read propery[ConnectionName] which is  optional  with value[informix_connection] from namespace [com.topcoder.management.project.persistence.InformixProjectPersistence].
Read propery[ProjectIdSequenceName] which is  optional  with value[project_id_seq] from namespace [com.topcoder.management.project.persistence.InformixProjectPersistence].
Read propery[ProjectAuditIdSequenceName] which is  optional  with value[project_audit_id_seq] from namespace [com.topcoder.management.project.persistence.InformixProjectPersistence].
Read propery[ConnectionFactoryNS] which is  required  with value[com.topcoder.db.connectionfactory.DBConnectionFactoryImpl] from namespace [com.topcoder.management.project.persistence.link.ProjectLinkManagerImpl].
Read propery[ConnectionName] which is  optional  with value[informix_connection] from namespace [com.topcoder.management.project.persistence.link.ProjectLinkManagerImpl].
read property ConnectionFactoryNS[com.topcoder.db.connectionfactory.DBConnectionFactoryImpl] from the namespace :com.topcoder.management.scorecard.persistence.InformixScorecardPersistence
read property ConnectionName[informix_connection] from the namespace :com.topcoder.management.scorecard.persistence.InformixScorecardPersistence
Instantiate SqlUploadPersistence with connectionFactory and connectioName:informix_connection
Instantiate PersistenceUploadManager with UploadPersistence, uploadSearchBundle, submissionSearchBundle, uploadIdGenerator, uploadTypeIdGenerator, uploadStatusIdGenerator, submissionIDGenerator, submissionStatusIdGenerator and submissionTypeIdGenerator.
Instantiate AbstractResourcePersistence with connectionFactory and connectionName[informix_connection].
load Resource role with ids:[J@1d451d2,[J@1d451d2,[J@1d451d2,[J@1d451d2,[J@1d451d2,[J@1d451d2,[J@1d451d2,[J@1d451d2,[J@1d451d2,[J@1d451d2,[J@1d451d2,[J@1d451d2,[J@1d451d2,[J@1d451d2,[J@1d451d2,[J@1d451d2,[J@1d451d2,[J@1d451d2,[J@1d451d2,[J@1d451d2,[J@1d451d2,[J@1d451d2
operator: UnknownresourceId: Unknown - creating db connection using connection name: informix_connection
committing transaction
Read propery[ConnectionFactoryNS] which is  required  with value[com.topcoder.db.connectionfactory.DBConnectionFactoryImpl] from namespace [com.topcoder.management.project.persistence.InformixProjectPersistence].
Read propery[ConnectionName] which is  optional  with value[informix_connection] from namespace [com.topcoder.management.project.persistence.InformixProjectPersistence].
Read propery[ProjectIdSequenceName] which is  optional  with value[project_id_seq] from namespace [com.topcoder.management.project.persistence.InformixProjectPersistence].
Read propery[ProjectAuditIdSequenceName] which is  optional  with value[project_audit_id_seq] from namespace [com.topcoder.management.project.persistence.InformixProjectPersistence].
Read propery[ConnectionFactoryNS] which is  required  with value[com.topcoder.db.connectionfactory.DBConnectionFactoryImpl] from namespace [com.topcoder.management.project.persistence.link.ProjectLinkManagerImpl].
Read propery[ConnectionName] which is  optional  with value[informix_connection] from namespace [com.topcoder.management.project.persistence.link.ProjectLinkManagerImpl].
read property ConnectionFactoryNS[com.topcoder.db.connectionfactory.DBConnectionFactoryImpl] from the namespace :com.topcoder.management.scorecard.persistence.InformixScorecardPersistence
read property ConnectionName[informix_connection] from the namespace :com.topcoder.management.scorecard.persistence.InformixScorecardPersistence
Instantiate SqlUploadPersistence with connectionFactory and connectioName:informix_connection
Instantiate PersistenceUploadManager with UploadPersistence, uploadSearchBundle, submissionSearchBundle, uploadIdGenerator, uploadTypeIdGenerator, uploadStatusIdGenerator, submissionIDGenerator, submissionStatusIdGenerator and submissionTypeIdGenerator.
Instantiate AbstractResourcePersistence with connectionFactory and connectionName[informix_connection].
load Resource role with ids:[J@133ef6a,[J@133ef6a,[J@133ef6a,[J@133ef6a,[J@133ef6a,[J@133ef6a,[J@133ef6a,[J@133ef6a,[J@133ef6a,[J@133ef6a,[J@133ef6a,[J@133ef6a,[J@133ef6a,[J@133ef6a,[J@133ef6a,[J@133ef6a,[J@133ef6a,[J@133ef6a,[J@133ef6a,[J@133ef6a,[J@133ef6a,[J@133ef6a
operator: UnknownresourceId: Unknown - creating db connection using connection name: informix_connection
committing transaction
Read propery[ConnectionFactoryNS] which is  required  with value[com.topcoder.db.connectionfactory.DBConnectionFactoryImpl] from namespace [com.topcoder.management.project.persistence.InformixProjectPersistence].
Read propery[ConnectionName] which is  optional  with value[informix_connection] from namespace [com.topcoder.management.project.persistence.InformixProjectPersistence].
Read propery[ProjectIdSequenceName] which is  optional  with value[project_id_seq] from namespace [com.topcoder.management.project.persistence.InformixProjectPersistence].
Read propery[ProjectAuditIdSequenceName] which is  optional  with value[project_audit_id_seq] from namespace [com.topcoder.management.project.persistence.InformixProjectPersistence].
Read propery[ConnectionFactoryNS] which is  required  with value[com.topcoder.db.connectionfactory.DBConnectionFactoryImpl] from namespace [com.topcoder.management.project.persistence.link.ProjectLinkManagerImpl].
Read propery[ConnectionName] which is  optional  with value[informix_connection] from namespace [com.topcoder.management.project.persistence.link.ProjectLinkManagerImpl].
read property ConnectionFactoryNS[com.topcoder.db.connectionfactory.DBConnectionFactoryImpl] from the namespace :com.topcoder.management.scorecard.persistence.InformixScorecardPersistence
read property ConnectionName[informix_connection] from the namespace :com.topcoder.management.scorecard.persistence.InformixScorecardPersistence
Instantiate SqlUploadPersistence with connectionFactory and connectioName:informix_connection
Instantiate PersistenceUploadManager with UploadPersistence, uploadSearchBundle, submissionSearchBundle, uploadIdGenerator, uploadTypeIdGenerator, uploadStatusIdGenerator, submissionIDGenerator, submissionStatusIdGenerator and submissionTypeIdGenerator.
Instantiate AbstractResourcePersistence with connectionFactory and connectionName[informix_connection].
load Resource role with ids:[J@b2c603,[J@b2c603,[J@b2c603,[J@b2c603,[J@b2c603,[J@b2c603,[J@b2c603,[J@b2c603,[J@b2c603,[J@b2c603,[J@b2c603,[J@b2c603,[J@b2c603,[J@b2c603,[J@b2c603,[J@b2c603,[J@b2c603,[J@b2c603,[J@b2c603,[J@b2c603,[J@b2c603,[J@b2c603
operator: UnknownresourceId: Unknown - creating db connection using connection name: informix_connection
committing transaction
Read propery[ConnectionFactoryNS] which is  required  with value[com.topcoder.db.connectionfactory.DBConnectionFactoryImpl] from namespace [com.topcoder.management.project.persistence.InformixProjectPersistence].
Read propery[ConnectionName] which is  optional  with value[informix_connection] from namespace [com.topcoder.management.project.persistence.InformixProjectPersistence].
Read propery[ProjectIdSequenceName] which is  optional  with value[project_id_seq] from namespace [com.topcoder.management.project.persistence.InformixProjectPersistence].
Read propery[ProjectAuditIdSequenceName] which is  optional  with value[project_audit_id_seq] from namespace [com.topcoder.management.project.persistence.InformixProjectPersistence].
Read propery[ConnectionFactoryNS] which is  required  with value[com.topcoder.db.connectionfactory.DBConnectionFactoryImpl] from namespace [com.topcoder.management.project.persistence.link.ProjectLinkManagerImpl].
Read propery[ConnectionName] which is  optional  with value[informix_connection] from namespace [com.topcoder.management.project.persistence.link.ProjectLinkManagerImpl].
read property ConnectionFactoryNS[com.topcoder.db.connectionfactory.DBConnectionFactoryImpl] from the namespace :com.topcoder.management.scorecard.persistence.InformixScorecardPersistence
read property ConnectionName[informix_connection] from the namespace :com.topcoder.management.scorecard.persistence.InformixScorecardPersistence
Instantiate SqlUploadPersistence with connectionFactory and connectioName:informix_connection
Instantiate PersistenceUploadManager with UploadPersistence, uploadSearchBundle, submissionSearchBundle, uploadIdGenerator, uploadTypeIdGenerator, uploadStatusIdGenerator, submissionIDGenerator, submissionStatusIdGenerator and submissionTypeIdGenerator.
Instantiate AbstractResourcePersistence with connectionFactory and connectionName[informix_connection].
load Resource role with ids:[J@1d4894c,[J@1d4894c,[J@1d4894c,[J@1d4894c,[J@1d4894c,[J@1d4894c,[J@1d4894c,[J@1d4894c,[J@1d4894c,[J@1d4894c,[J@1d4894c,[J@1d4894c,[J@1d4894c,[J@1d4894c,[J@1d4894c,[J@1d4894c,[J@1d4894c,[J@1d4894c,[J@1d4894c,[J@1d4894c,[J@1d4894c,[J@1d4894c
operator: UnknownresourceId: Unknown - creating db connection using connection name: informix_connection
committing transaction
Read propery[ConnectionFactoryNS] which is  required  with value[com.topcoder.db.connectionfactory.DBConnectionFactoryImpl] from namespace [com.topcoder.management.project.persistence.InformixProjectPersistence].
Read propery[ConnectionName] which is  optional  with value[informix_connection] from namespace [com.topcoder.management.project.persistence.InformixProjectPersistence].
Read propery[ProjectIdSequenceName] which is  optional  with value[project_id_seq] from namespace [com.topcoder.management.project.persistence.InformixProjectPersistence].
Read propery[ProjectAuditIdSequenceName] which is  optional  with value[project_audit_id_seq] from namespace [com.topcoder.management.project.persistence.InformixProjectPersistence].
Read propery[ConnectionFactoryNS] which is  required  with value[com.topcoder.db.connectionfactory.DBConnectionFactoryImpl] from namespace [com.topcoder.management.project.persistence.link.ProjectLinkManagerImpl].
Read propery[ConnectionName] which is  optional  with value[informix_connection] from namespace [com.topcoder.management.project.persistence.link.ProjectLinkManagerImpl].
read property ConnectionFactoryNS[com.topcoder.db.connectionfactory.DBConnectionFactoryImpl] from the namespace :com.topcoder.management.scorecard.persistence.InformixScorecardPersistence
read property ConnectionName[informix_connection] from the namespace :com.topcoder.management.scorecard.persistence.InformixScorecardPersistence
Instantiate SqlUploadPersistence with connectionFactory and connectioName:informix_connection
Instantiate PersistenceUploadManager with UploadPersistence, uploadSearchBundle, submissionSearchBundle, uploadIdGenerator, uploadTypeIdGenerator, uploadStatusIdGenerator, submissionIDGenerator, submissionStatusIdGenerator and submissionTypeIdGenerator.
Instantiate AbstractResourcePersistence with connectionFactory and connectionName[informix_connection].
load Resource role with ids:[J@fc519b,[J@fc519b,[J@fc519b,[J@fc519b,[J@fc519b,[J@fc519b,[J@fc519b,[J@fc519b,[J@fc519b,[J@fc519b,[J@fc519b,[J@fc519b,[J@fc519b,[J@fc519b,[J@fc519b,[J@fc519b,[J@fc519b,[J@fc519b,[J@fc519b,[J@fc519b,[J@fc519b,[J@fc519b
operator: UnknownresourceId: Unknown - creating db connection using connection name: informix_connection
committing transaction
Read propery[ConnectionFactoryNS] which is  required  with value[com.topcoder.db.connectionfactory.DBConnectionFactoryImpl] from namespace [com.topcoder.management.project.persistence.InformixProjectPersistence].
Read propery[ConnectionName] which is  optional  with value[informix_connection] from namespace [com.topcoder.management.project.persistence.InformixProjectPersistence].
Read propery[ProjectIdSequenceName] which is  optional  with value[project_id_seq] from namespace [com.topcoder.management.project.persistence.InformixProjectPersistence].
Read propery[ProjectAuditIdSequenceName] which is  optional  with value[project_audit_id_seq] from namespace [com.topcoder.management.project.persistence.InformixProjectPersistence].
Read propery[ConnectionFactoryNS] which is  required  with value[com.topcoder.db.connectionfactory.DBConnectionFactoryImpl] from namespace [com.topcoder.management.project.persistence.link.ProjectLinkManagerImpl].
Read propery[ConnectionName] which is  optional  with value[informix_connection] from namespace [com.topcoder.management.project.persistence.link.ProjectLinkManagerImpl].
read property ConnectionFactoryNS[com.topcoder.db.connectionfactory.DBConnectionFactoryImpl] from the namespace :com.topcoder.management.scorecard.persistence.InformixScorecardPersistence
read property ConnectionName[informix_connection] from the namespace :com.topcoder.management.scorecard.persistence.InformixScorecardPersistence
Instantiate SqlUploadPersistence with connectionFactory and connectioName:informix_connection
Instantiate PersistenceUploadManager with UploadPersistence, uploadSearchBundle, submissionSearchBundle, uploadIdGenerator, uploadTypeIdGenerator, uploadStatusIdGenerator, submissionIDGenerator, submissionStatusIdGenerator and submissionTypeIdGenerator.
Instantiate AbstractResourcePersistence with connectionFactory and connectionName[informix_connection].
load Resource role with ids:[J@b5423f,[J@b5423f,[J@b5423f,[J@b5423f,[J@b5423f,[J@b5423f,[J@b5423f,[J@b5423f,[J@b5423f,[J@b5423f,[J@b5423f,[J@b5423f,[J@b5423f,[J@b5423f,[J@b5423f,[J@b5423f,[J@b5423f,[J@b5423f,[J@b5423f,[J@b5423f,[J@b5423f,[J@b5423f
operator: UnknownresourceId: Unknown - creating db connection using connection name: informix_connection
committing transaction
type: Upload id: Unknown operator:Unknown - search submissions with filter. found: 1
Read propery[ConnectionFactoryNS] which is  required  with value[com.topcoder.db.connectionfactory.DBConnectionFactoryImpl] from namespace [com.topcoder.management.project.persistence.InformixProjectPersistence].
Read propery[ConnectionName] which is  optional  with value[informix_connection] from namespace [com.topcoder.management.project.persistence.InformixProjectPersistence].
Read propery[ProjectIdSequenceName] which is  optional  with value[project_id_seq] from namespace [com.topcoder.management.project.persistence.InformixProjectPersistence].
Read propery[ProjectAuditIdSequenceName] which is  optional  with value[project_audit_id_seq] from namespace [com.topcoder.management.project.persistence.InformixProjectPersistence].
Read propery[ConnectionFactoryNS] which is  required  with value[com.topcoder.db.connectionfactory.DBConnectionFactoryImpl] from namespace [com.topcoder.management.project.persistence.link.ProjectLinkManagerImpl].
Read propery[ConnectionName] which is  optional  with value[informix_connection] from namespace [com.topcoder.management.project.persistence.link.ProjectLinkManagerImpl].
read property ConnectionFactoryNS[com.topcoder.db.connectionfactory.DBConnectionFactoryImpl] from the namespace :com.topcoder.management.scorecard.persistence.InformixScorecardPersistence
read property ConnectionName[informix_connection] from the namespace :com.topcoder.management.scorecard.persistence.InformixScorecardPersistence
Instantiate SqlUploadPersistence with connectionFactory and connectioName:informix_connection
Instantiate PersistenceUploadManager with UploadPersistence, uploadSearchBundle, submissionSearchBundle, uploadIdGenerator, uploadTypeIdGenerator, uploadStatusIdGenerator, submissionIDGenerator, submissionStatusIdGenerator and submissionTypeIdGenerator.
Instantiate AbstractResourcePersistence with connectionFactory and connectionName[informix_connection].
load Resource role with ids:[J@11696ec,[J@11696ec,[J@11696ec,[J@11696ec,[J@11696ec,[J@11696ec,[J@11696ec,[J@11696ec,[J@11696ec,[J@11696ec,[J@11696ec,[J@11696ec,[J@11696ec,[J@11696ec,[J@11696ec,[J@11696ec,[J@11696ec,[J@11696ec,[J@11696ec,[J@11696ec,[J@11696ec,[J@11696ec
operator: UnknownresourceId: Unknown - creating db connection using connection name: informix_connection
committing transaction
type: Upload id: Unknown operator:Unknown - search submissions with filter. found: 0
no reviewrs for project: 1
pid: 1 - PhasesHelper.arePhaseDependenciesMet(phase, false): false
pid: 1 - allReviewsDone(phase): false
pid: 1 - allTestCasesUploaded(phase): true
Read propery[ConnectionFactoryNS] which is  required  with value[com.topcoder.db.connectionfactory.DBConnectionFactoryImpl] from namespace [com.topcoder.management.project.persistence.InformixProjectPersistence].
Read propery[ConnectionName] which is  optional  with value[informix_connection] from namespace [com.topcoder.management.project.persistence.InformixProjectPersistence].
Read propery[ProjectIdSequenceName] which is  optional  with value[project_id_seq] from namespace [com.topcoder.management.project.persistence.InformixProjectPersistence].
Read propery[ProjectAuditIdSequenceName] which is  optional  with value[project_audit_id_seq] from namespace [com.topcoder.management.project.persistence.InformixProjectPersistence].
Read propery[ConnectionFactoryNS] which is  required  with value[com.topcoder.db.connectionfactory.DBConnectionFactoryImpl] from namespace [com.topcoder.management.project.persistence.link.ProjectLinkManagerImpl].
Read propery[ConnectionName] which is  optional  with value[informix_connection] from namespace [com.topcoder.management.project.persistence.link.ProjectLinkManagerImpl].
read property ConnectionFactoryNS[com.topcoder.db.connectionfactory.DBConnectionFactoryImpl] from the namespace :com.topcoder.management.scorecard.persistence.InformixScorecardPersistence
read property ConnectionName[informix_connection] from the namespace :com.topcoder.management.scorecard.persistence.InformixScorecardPersistence
Instantiate SqlUploadPersistence with connectionFactory and connectioName:informix_connection
Instantiate PersistenceUploadManager with UploadPersistence, uploadSearchBundle, submissionSearchBundle, uploadIdGenerator, uploadTypeIdGenerator, uploadStatusIdGenerator, submissionIDGenerator, submissionStatusIdGenerator and submissionTypeIdGenerator.
Instantiate AbstractResourcePersistence with connectionFactory and connectionName[informix_connection].
load Resource role with ids:[J@f2f761,[J@f2f761,[J@f2f761,[J@f2f761,[J@f2f761,[J@f2f761,[J@f2f761,[J@f2f761,[J@f2f761,[J@f2f761,[J@f2f761,[J@f2f761,[J@f2f761,[J@f2f761,[J@f2f761,[J@f2f761,[J@f2f761,[J@f2f761,[J@f2f761,[J@f2f761,[J@f2f761,[J@f2f761
operator: UnknownresourceId: Unknown - creating db connection using connection name: informix_connection
committing transaction
type: Upload id: Unknown operator:Unknown - search submissions with filter. found: 2
operator: UnknownresourceId: 4 - load resource.
operator: UnknownresourceId: Unknown - creating db connection using connection name: informix_connection
load ResourceRole with id:1
operator: UnknownresourceId: Unknown - creating db connection using connection name: informix_connection
committing transaction
committing transaction
operator: UnknownresourceId: 5 - load resource.
operator: UnknownresourceId: Unknown - creating db connection using connection name: informix_connection
load ResourceRole with id:1
operator: UnknownresourceId: Unknown - creating db connection using connection name: informix_connection
committing transaction
committing transaction
load Notifications with array of userIds/projectIds/notificationTypes.
operator: UnknownresourceId: Unknown - creating db connection using connection name: informix_connection
committing transaction
get projects with the ids: 1
operator: UnknownprojectId: Unknown - creating db connection using connection name: informix_connection
committing transaction
load Resource role with ids:[J@eaa683,[J@eaa683,[J@eaa683,[J@eaa683,[J@eaa683,[J@eaa683,[J@eaa683,[J@eaa683,[J@eaa683,[J@eaa683,[J@eaa683,[J@eaa683,[J@eaa683,[J@eaa683,[J@eaa683,[J@eaa683,[J@eaa683,[J@eaa683,[J@eaa683,[J@eaa683,[J@eaa683,[J@eaa683
operator: UnknownresourceId: Unknown - creating db connection using connection name: informix_connection
committing transaction
load Resource with ids:[J@2203c1
operator: UnknownresourceId: Unknown - creating db connection using connection name: informix_connection
load ResourceRole with id:4
operator: UnknownresourceId: Unknown - creating db connection using connection name: informix_connection
committing transaction
committing transaction
load Resource with ids:[J@1d1f967
operator: UnknownresourceId: Unknown - creating db connection using connection name: informix_connection
load ResourceRole with id:12
operator: UnknownresourceId: Unknown - creating db connection using connection name: informix_connection
committing transaction
committing transaction
load Resource with ids:[J@13b5500
operator: UnknownresourceId: Unknown - creating db connection using connection name: informix_connection
load ResourceRole with id:13
operator: UnknownresourceId: Unknown - creating db connection using connection name: informix_connection
committing transaction
committing transaction
load Resource with ids:[J@bc5aea
operator: UnknownresourceId: Unknown - creating db connection using connection name: informix_connection
load ResourceRole with id:9
operator: UnknownresourceId: Unknown - creating db connection using connection name: informix_connection
committing transaction
committing transaction
load Resource with ids:[J@254a1a,[J@254a1a
operator: UnknownresourceId: Unknown - creating db connection using connection name: informix_connection
load ResourceRole with id:1
operator: UnknownresourceId: Unknown - creating db connection using connection name: informix_connection
committing transaction
load ResourceRole with id:1
operator: UnknownresourceId: Unknown - creating db connection using connection name: informix_connection
committing transaction
committing transaction
operator: UnknownresourceId: 100001 - load resource.
operator: UnknownresourceId: Unknown - creating db connection using connection name: informix_connection
load ResourceRole with id:4
operator: UnknownresourceId: Unknown - creating db connection using connection name: informix_connection
committing transaction
committing transaction
operator: UnknownresourceId: 4 - load resource.
operator: UnknownresourceId: Unknown - creating db connection using connection name: informix_connection
load ResourceRole with id:1
operator: UnknownresourceId: Unknown - creating db connection using connection name: informix_connection
committing transaction
committing transaction
operator: UnknownresourceId: 100000 - load resource.
operator: UnknownresourceId: Unknown - creating db connection using connection name: informix_connection
load ResourceRole with id:13
operator: UnknownresourceId: Unknown - creating db connection using connection name: informix_connection
committing transaction
committing transaction
operator: UnknownresourceId: 5 - load resource.
operator: UnknownresourceId: Unknown - creating db connection using connection name: informix_connection
load ResourceRole with id:1
operator: UnknownresourceId: Unknown - creating db connection using connection name: informix_connection
committing transaction
committing transaction
Read propery[ConnectionFactoryNS] which is  required  with value[com.topcoder.db.connectionfactory.DBConnectionFactoryImpl] from namespace [com.topcoder.management.project.persistence.InformixProjectPersistence].
Read propery[ConnectionName] which is  optional  with value[informix_connection] from namespace [com.topcoder.management.project.persistence.InformixProjectPersistence].
Read propery[ProjectIdSequenceName] which is  optional  with value[project_id_seq] from namespace [com.topcoder.management.project.persistence.InformixProjectPersistence].
Read propery[ProjectAuditIdSequenceName] which is  optional  with value[project_audit_id_seq] from namespace [com.topcoder.management.project.persistence.InformixProjectPersistence].
Read propery[ConnectionFactoryNS] which is  required  with value[com.topcoder.db.connectionfactory.DBConnectionFactoryImpl] from namespace [com.topcoder.management.project.persistence.link.ProjectLinkManagerImpl].
Read propery[ConnectionName] which is  optional  with value[informix_connection] from namespace [com.topcoder.management.project.persistence.link.ProjectLinkManagerImpl].
read property ConnectionFactoryNS[com.topcoder.db.connectionfactory.DBConnectionFactoryImpl] from the namespace :com.topcoder.management.scorecard.persistence.InformixScorecardPersistence
read property ConnectionName[informix_connection] from the namespace :com.topcoder.management.scorecard.persistence.InformixScorecardPersistence
Instantiate SqlUploadPersistence with connectionFactory and connectioName:informix_connection
Instantiate PersistenceUploadManager with UploadPersistence, uploadSearchBundle, submissionSearchBundle, uploadIdGenerator, uploadTypeIdGenerator, uploadStatusIdGenerator, submissionIDGenerator, submissionStatusIdGenerator and submissionTypeIdGenerator.
Instantiate AbstractResourcePersistence with connectionFactory and connectionName[informix_connection].
load Resource role with ids:[J@36f58e,[J@36f58e,[J@36f58e,[J@36f58e,[J@36f58e,[J@36f58e,[J@36f58e,[J@36f58e,[J@36f58e,[J@36f58e,[J@36f58e,[J@36f58e,[J@36f58e,[J@36f58e,[J@36f58e,[J@36f58e,[J@36f58e,[J@36f58e,[J@36f58e,[J@36f58e,[J@36f58e,[J@36f58e
operator: UnknownresourceId: Unknown - creating db connection using connection name: informix_connection
committing transaction
type: Upload id: Unknown operator:Unknown - search submissions with filter. found: 2
operator: UnknownresourceId: 4 - load resource.
operator: UnknownresourceId: Unknown - creating db connection using connection name: informix_connection
load ResourceRole with id:1
operator: UnknownresourceId: Unknown - creating db connection using connection name: informix_connection
committing transaction
committing transaction
operator: UnknownresourceId: 5 - load resource.
operator: UnknownresourceId: Unknown - creating db connection using connection name: informix_connection
load ResourceRole with id:1
operator: UnknownresourceId: Unknown - creating db connection using connection name: informix_connection
committing transaction
committing transaction
load Resource with ids:[J@e70dfb
operator: UnknownresourceId: Unknown - creating db connection using connection name: informix_connection
load ResourceRole with id:4
operator: UnknownresourceId: Unknown - creating db connection using connection name: informix_connection
committing transaction
committing transaction
load Notifications with array of userIds/projectIds/notificationTypes.
operator: UnknownresourceId: Unknown - creating db connection using connection name: informix_connection
committing transaction
get projects with the ids: 1
operator: UnknownprojectId: Unknown - creating db connection using connection name: informix_connection
committing transaction
load Resource role with ids:[J@855379,[J@855379,[J@855379,[J@855379,[J@855379,[J@855379,[J@855379,[J@855379,[J@855379,[J@855379,[J@855379,[J@855379,[J@855379,[J@855379,[J@855379,[J@855379,[J@855379,[J@855379,[J@855379,[J@855379,[J@855379,[J@855379
operator: UnknownresourceId: Unknown - creating db connection using connection name: informix_connection
committing transaction
load Resource with ids:[J@1c8cc59,[J@1c8cc59
operator: UnknownresourceId: Unknown - creating db connection using connection name: informix_connection
load ResourceRole with id:4
operator: UnknownresourceId: Unknown - creating db connection using connection name: informix_connection
committing transaction
load ResourceRole with id:4
operator: UnknownresourceId: Unknown - creating db connection using connection name: informix_connection
committing transaction
committing transaction
load Resource with ids:[J@abe02e
operator: UnknownresourceId: Unknown - creating db connection using connection name: informix_connection
load ResourceRole with id:12
operator: UnknownresourceId: Unknown - creating db connection using connection name: informix_connection
committing transaction
committing transaction
load Resource with ids:[J@c24496
operator: UnknownresourceId: Unknown - creating db connection using connection name: informix_connection
load ResourceRole with id:13
operator: UnknownresourceId: Unknown - creating db connection using connection name: informix_connection
committing transaction
committing transaction
load Resource with ids:[J@15efa6a
operator: UnknownresourceId: Unknown - creating db connection using connection name: informix_connection
load ResourceRole with id:9
operator: UnknownresourceId: Unknown - creating db connection using connection name: informix_connection
committing transaction
committing transaction
load Resource with ids:[J@1a6725c,[J@1a6725c
operator: UnknownresourceId: Unknown - creating db connection using connection name: informix_connection
load ResourceRole with id:1
operator: UnknownresourceId: Unknown - creating db connection using connection name: informix_connection
committing transaction
load ResourceRole with id:1
operator: UnknownresourceId: Unknown - creating db connection using connection name: informix_connection
committing transaction
committing transaction
operator: UnknownresourceId: 6 - load resource.
operator: UnknownresourceId: Unknown - creating db connection using connection name: informix_connection
load ResourceRole with id:4
operator: UnknownresourceId: Unknown - creating db connection using connection name: informix_connection
committing transaction
committing transaction
operator: UnknownresourceId: 4 - load resource.
operator: UnknownresourceId: Unknown - creating db connection using connection name: informix_connection
load ResourceRole with id:1
operator: UnknownresourceId: Unknown - creating db connection using connection name: informix_connection
committing transaction
committing transaction
operator: UnknownresourceId: 100000 - load resource.
operator: UnknownresourceId: Unknown - creating db connection using connection name: informix_connection
load ResourceRole with id:13
operator: UnknownresourceId: Unknown - creating db connection using connection name: informix_connection
committing transaction
committing transaction
operator: UnknownresourceId: 5 - load resource.
operator: UnknownresourceId: Unknown - creating db connection using connection name: informix_connection
load ResourceRole with id:1
operator: UnknownresourceId: Unknown - creating db connection using connection name: informix_connection
committing transaction
committing transaction
Read propery[ConnectionFactoryNS] which is  required  with value[com.topcoder.db.connectionfactory.DBConnectionFactoryImpl] from namespace [com.topcoder.management.project.persistence.InformixProjectPersistence].
Read propery[ConnectionName] which is  optional  with value[informix_connection] from namespace [com.topcoder.management.project.persistence.InformixProjectPersistence].
Read propery[ProjectIdSequenceName] which is  optional  with value[project_id_seq] from namespace [com.topcoder.management.project.persistence.InformixProjectPersistence].
Read propery[ProjectAuditIdSequenceName] which is  optional  with value[project_audit_id_seq] from namespace [com.topcoder.management.project.persistence.InformixProjectPersistence].
Read propery[ConnectionFactoryNS] which is  required  with value[com.topcoder.db.connectionfactory.DBConnectionFactoryImpl] from namespace [com.topcoder.management.project.persistence.link.ProjectLinkManagerImpl].
Read propery[ConnectionName] which is  optional  with value[informix_connection] from namespace [com.topcoder.management.project.persistence.link.ProjectLinkManagerImpl].
read property ConnectionFactoryNS[com.topcoder.db.connectionfactory.DBConnectionFactoryImpl] from the namespace :com.topcoder.management.scorecard.persistence.InformixScorecardPersistence
read property ConnectionName[informix_connection] from the namespace :com.topcoder.management.scorecard.persistence.InformixScorecardPersistence
Instantiate SqlUploadPersistence with connectionFactory and connectioName:informix_connection
Instantiate PersistenceUploadManager with UploadPersistence, uploadSearchBundle, submissionSearchBundle, uploadIdGenerator, uploadTypeIdGenerator, uploadStatusIdGenerator, submissionIDGenerator, submissionStatusIdGenerator and submissionTypeIdGenerator.
Instantiate AbstractResourcePersistence with connectionFactory and connectionName[informix_connection].
load Resource role with ids:[J@1fa5d1a,[J@1fa5d1a,[J@1fa5d1a,[J@1fa5d1a,[J@1fa5d1a,[J@1fa5d1a,[J@1fa5d1a,[J@1fa5d1a,[J@1fa5d1a,[J@1fa5d1a,[J@1fa5d1a,[J@1fa5d1a,[J@1fa5d1a,[J@1fa5d1a,[J@1fa5d1a,[J@1fa5d1a,[J@1fa5d1a,[J@1fa5d1a,[J@1fa5d1a,[J@1fa5d1a,[J@1fa5d1a,[J@1fa5d1a
operator: UnknownresourceId: Unknown - creating db connection using connection name: informix_connection
committing transaction
type: Upload id: Unknown operator:Unknown - search submissions with filter. found: 2
load Resource with ids:[J@fe464e,[J@fe464e
operator: UnknownresourceId: Unknown - creating db connection using connection name: informix_connection
load ResourceRole with id:4
operator: UnknownresourceId: Unknown - creating db connection using connection name: informix_connection
committing transaction
load ResourceRole with id:4
operator: UnknownresourceId: Unknown - creating db connection using connection name: informix_connection
committing transaction
committing transaction
type: Submission id: 1 operator:1001 - update Submission.
type: Submission id: 1 operator:Unknown - Update Submission, it will update record in submission table.
create db connection using connection name:informix_connection
close the connection.
type: Submission id: 2 operator:1001 - update Submission.
type: Submission id: 2 operator:Unknown - Update Submission, it will update record in submission table.
create db connection using connection name:informix_connection
close the connection.
operator: UnknownresourceId: 4 - load resource.
operator: UnknownresourceId: Unknown - creating db connection using connection name: informix_connection
load ResourceRole with id:1
operator: UnknownresourceId: Unknown - creating db connection using connection name: informix_connection
committing transaction
committing transaction
operator: UnknownresourceId: 5 - load resource.
operator: UnknownresourceId: Unknown - creating db connection using connection name: informix_connection
load ResourceRole with id:1
operator: UnknownresourceId: Unknown - creating db connection using connection name: informix_connection
committing transaction
committing transaction
load Notifications with array of userIds/projectIds/notificationTypes.
operator: UnknownresourceId: Unknown - creating db connection using connection name: informix_connection
committing transaction
get projects with the ids: 1
operator: UnknownprojectId: Unknown - creating db connection using connection name: informix_connection
committing transaction
load Resource role with ids:[J@17e9fe8,[J@17e9fe8,[J@17e9fe8,[J@17e9fe8,[J@17e9fe8,[J@17e9fe8,[J@17e9fe8,[J@17e9fe8,[J@17e9fe8,[J@17e9fe8,[J@17e9fe8,[J@17e9fe8,[J@17e9fe8,[J@17e9fe8,[J@17e9fe8,[J@17e9fe8,[J@17e9fe8,[J@17e9fe8,[J@17e9fe8,[J@17e9fe8,[J@17e9fe8,[J@17e9fe8
operator: UnknownresourceId: Unknown - creating db connection using connection name: informix_connection
committing transaction
load Resource with ids:[J@129da77,[J@129da77,[J@129da77
operator: UnknownresourceId: Unknown - creating db connection using connection name: informix_connection
load ResourceRole with id:4
operator: UnknownresourceId: Unknown - creating db connection using connection name: informix_connection
committing transaction
load ResourceRole with id:4
operator: UnknownresourceId: Unknown - creating db connection using connection name: informix_connection
committing transaction
load ResourceRole with id:4
operator: UnknownresourceId: Unknown - creating db connection using connection name: informix_connection
committing transaction
committing transaction
load Resource with ids:[J@19f5783
operator: UnknownresourceId: Unknown - creating db connection using connection name: informix_connection
load ResourceRole with id:12
operator: UnknownresourceId: Unknown - creating db connection using connection name: informix_connection
committing transaction
committing transaction
load Resource with ids:[J@60efe7
operator: UnknownresourceId: Unknown - creating db connection using connection name: informix_connection
load ResourceRole with id:13
operator: UnknownresourceId: Unknown - creating db connection using connection name: informix_connection
committing transaction
committing transaction
load Resource with ids:[J@d0a9b2
operator: UnknownresourceId: Unknown - creating db connection using connection name: informix_connection
load ResourceRole with id:9
operator: UnknownresourceId: Unknown - creating db connection using connection name: informix_connection
committing transaction
committing transaction
load Resource with ids:[J@144c134,[J@144c134
operator: UnknownresourceId: Unknown - creating db connection using connection name: informix_connection
load ResourceRole with id:1
operator: UnknownresourceId: Unknown - creating db connection using connection name: informix_connection
committing transaction
load ResourceRole with id:1
operator: UnknownresourceId: Unknown - creating db connection using connection name: informix_connection
committing transaction
committing transaction
operator: UnknownresourceId: 6 - load resource.
operator: UnknownresourceId: Unknown - creating db connection using connection name: informix_connection
load ResourceRole with id:4
operator: UnknownresourceId: Unknown - creating db connection using connection name: informix_connection
committing transaction
committing transaction
operator: UnknownresourceId: 4 - load resource.
operator: UnknownresourceId: Unknown - creating db connection using connection name: informix_connection
load ResourceRole with id:1
operator: UnknownresourceId: Unknown - creating db connection using connection name: informix_connection
committing transaction
committing transaction
operator: UnknownresourceId: 100000 - load resource.
operator: UnknownresourceId: Unknown - creating db connection using connection name: informix_connection
load ResourceRole with id:13
operator: UnknownresourceId: Unknown - creating db connection using connection name: informix_connection
committing transaction
committing transaction
operator: UnknownresourceId: 7 - load resource.
operator: UnknownresourceId: Unknown - creating db connection using connection name: informix_connection
load ResourceRole with id:4
operator: UnknownresourceId: Unknown - creating db connection using connection name: informix_connection
committing transaction
committing transaction
operator: UnknownresourceId: 5 - load resource.
operator: UnknownresourceId: Unknown - creating db connection using connection name: informix_connection
load ResourceRole with id:1
operator: UnknownresourceId: Unknown - creating db connection using connection name: informix_connection
committing transaction
committing transaction
Read propery[ConnectionFactoryNS] which is  required  with value[com.topcoder.db.connectionfactory.DBConnectionFactoryImpl] from namespace [com.topcoder.management.project.persistence.InformixProjectPersistence].
Read propery[ConnectionName] which is  optional  with value[informix_connection] from namespace [com.topcoder.management.project.persistence.InformixProjectPersistence].
Read propery[ProjectIdSequenceName] which is  optional  with value[project_id_seq] from namespace [com.topcoder.management.project.persistence.InformixProjectPersistence].
Read propery[ProjectAuditIdSequenceName] which is  optional  with value[project_audit_id_seq] from namespace [com.topcoder.management.project.persistence.InformixProjectPersistence].
Read propery[ConnectionFactoryNS] which is  required  with value[com.topcoder.db.connectionfactory.DBConnectionFactoryImpl] from namespace [com.topcoder.management.project.persistence.link.ProjectLinkManagerImpl].
Read propery[ConnectionName] which is  optional  with value[informix_connection] from namespace [com.topcoder.management.project.persistence.link.ProjectLinkManagerImpl].
read property ConnectionFactoryNS[com.topcoder.db.connectionfactory.DBConnectionFactoryImpl] from the namespace :com.topcoder.management.scorecard.persistence.InformixScorecardPersistence
read property ConnectionName[informix_connection] from the namespace :com.topcoder.management.scorecard.persistence.InformixScorecardPersistence
Instantiate SqlUploadPersistence with connectionFactory and connectioName:informix_connection
Instantiate PersistenceUploadManager with UploadPersistence, uploadSearchBundle, submissionSearchBundle, uploadIdGenerator, uploadTypeIdGenerator, uploadStatusIdGenerator, submissionIDGenerator, submissionStatusIdGenerator and submissionTypeIdGenerator.
Instantiate AbstractResourcePersistence with connectionFactory and connectionName[informix_connection].
load Resource role with ids:[J@101b085,[J@101b085,[J@101b085,[J@101b085,[J@101b085,[J@101b085,[J@101b085,[J@101b085,[J@101b085,[J@101b085,[J@101b085,[J@101b085,[J@101b085,[J@101b085,[J@101b085,[J@101b085,[J@101b085,[J@101b085,[J@101b085,[J@101b085,[J@101b085,[J@101b085
operator: UnknownresourceId: Unknown - creating db connection using connection name: informix_connection
committing transaction
type: Upload id: Unknown operator:Unknown - search submissions with filter. found: 2
submission: 1
submission: 2
no reviewrs for project: 1
pid: 1 - PhasesHelper.arePhaseDependenciesMet(phase, false): true
pid: 1 - allReviewsDone(phase): false
pid: 1 - allTestCasesUploaded(phase): true
Read propery[ConnectionFactoryNS] which is  required  with value[com.topcoder.db.connectionfactory.DBConnectionFactoryImpl] from namespace [com.topcoder.management.project.persistence.InformixProjectPersistence].
Read propery[ConnectionName] which is  optional  with value[informix_connection] from namespace [com.topcoder.management.project.persistence.InformixProjectPersistence].
Read propery[ProjectIdSequenceName] which is  optional  with value[project_id_seq] from namespace [com.topcoder.management.project.persistence.InformixProjectPersistence].
Read propery[ProjectAuditIdSequenceName] which is  optional  with value[project_audit_id_seq] from namespace [com.topcoder.management.project.persistence.InformixProjectPersistence].
Read propery[ConnectionFactoryNS] which is  required  with value[com.topcoder.db.connectionfactory.DBConnectionFactoryImpl] from namespace [com.topcoder.management.project.persistence.link.ProjectLinkManagerImpl].
Read propery[ConnectionName] which is  optional  with value[informix_connection] from namespace [com.topcoder.management.project.persistence.link.ProjectLinkManagerImpl].
read property ConnectionFactoryNS[com.topcoder.db.connectionfactory.DBConnectionFactoryImpl] from the namespace :com.topcoder.management.scorecard.persistence.InformixScorecardPersistence
read property ConnectionName[informix_connection] from the namespace :com.topcoder.management.scorecard.persistence.InformixScorecardPersistence
Instantiate SqlUploadPersistence with connectionFactory and connectioName:informix_connection
Instantiate PersistenceUploadManager with UploadPersistence, uploadSearchBundle, submissionSearchBundle, uploadIdGenerator, uploadTypeIdGenerator, uploadStatusIdGenerator, submissionIDGenerator, submissionStatusIdGenerator and submissionTypeIdGenerator.
Instantiate AbstractResourcePersistence with connectionFactory and connectionName[informix_connection].
load Resource role with ids:[J@fb2f19,[J@fb2f19,[J@fb2f19,[J@fb2f19,[J@fb2f19,[J@fb2f19,[J@fb2f19,[J@fb2f19,[J@fb2f19,[J@fb2f19,[J@fb2f19,[J@fb2f19,[J@fb2f19,[J@fb2f19,[J@fb2f19,[J@fb2f19,[J@fb2f19,[J@fb2f19,[J@fb2f19,[J@fb2f19,[J@fb2f19,[J@fb2f19
operator: UnknownresourceId: Unknown - creating db connection using connection name: informix_connection
committing transaction
type: Upload id: Unknown operator:Unknown - search submissions with filter. found: 2
load Resource with ids:[J@2ce255
operator: UnknownresourceId: Unknown - creating db connection using connection name: informix_connection
load ResourceRole with id:4
operator: UnknownresourceId: Unknown - creating db connection using connection name: informix_connection
committing transaction
committing transaction
load Resource with ids:[J@1e59730
operator: UnknownresourceId: Unknown - creating db connection using connection name: informix_connection
load ResourceRole with id:4
operator: UnknownresourceId: Unknown - creating db connection using connection name: informix_connection
committing transaction
committing transaction
submission: 1
submission: 2
reviwer: 6, null, Reviewer
can't end phase because: numReviews != reviewers.length, projectId: 1
pid: 1 - PhasesHelper.arePhaseDependenciesMet(phase, false): true
pid: 1 - allReviewsDone(phase): false
pid: 1 - allTestCasesUploaded(phase): true
Read propery[ConnectionFactoryNS] which is  required  with value[com.topcoder.db.connectionfactory.DBConnectionFactoryImpl] from namespace [com.topcoder.management.project.persistence.InformixProjectPersistence].
Read propery[ConnectionName] which is  optional  with value[informix_connection] from namespace [com.topcoder.management.project.persistence.InformixProjectPersistence].
Read propery[ProjectIdSequenceName] which is  optional  with value[project_id_seq] from namespace [com.topcoder.management.project.persistence.InformixProjectPersistence].
Read propery[ProjectAuditIdSequenceName] which is  optional  with value[project_audit_id_seq] from namespace [com.topcoder.management.project.persistence.InformixProjectPersistence].
Read propery[ConnectionFactoryNS] which is  required  with value[com.topcoder.db.connectionfactory.DBConnectionFactoryImpl] from namespace [com.topcoder.management.project.persistence.link.ProjectLinkManagerImpl].
Read propery[ConnectionName] which is  optional  with value[informix_connection] from namespace [com.topcoder.management.project.persistence.link.ProjectLinkManagerImpl].
read property ConnectionFactoryNS[com.topcoder.db.connectionfactory.DBConnectionFactoryImpl] from the namespace :com.topcoder.management.scorecard.persistence.InformixScorecardPersistence
read property ConnectionName[informix_connection] from the namespace :com.topcoder.management.scorecard.persistence.InformixScorecardPersistence
Instantiate SqlUploadPersistence with connectionFactory and connectioName:informix_connection
Instantiate PersistenceUploadManager with UploadPersistence, uploadSearchBundle, submissionSearchBundle, uploadIdGenerator, uploadTypeIdGenerator, uploadStatusIdGenerator, submissionIDGenerator, submissionStatusIdGenerator and submissionTypeIdGenerator.
Instantiate AbstractResourcePersistence with connectionFactory and connectionName[informix_connection].
load Resource role with ids:[J@dc942b,[J@dc942b,[J@dc942b,[J@dc942b,[J@dc942b,[J@dc942b,[J@dc942b,[J@dc942b,[J@dc942b,[J@dc942b,[J@dc942b,[J@dc942b,[J@dc942b,[J@dc942b,[J@dc942b,[J@dc942b,[J@dc942b,[J@dc942b,[J@dc942b,[J@dc942b,[J@dc942b,[J@dc942b
operator: UnknownresourceId: Unknown - creating db connection using connection name: informix_connection
committing transaction
type: Upload id: Unknown operator:Unknown - search submissions with filter. found: 2
load Resource with ids:[J@1e9262d,[J@1e9262d
operator: UnknownresourceId: Unknown - creating db connection using connection name: informix_connection
load ResourceRole with id:6
operator: UnknownresourceId: Unknown - creating db connection using connection name: informix_connection
committing transaction
load ResourceRole with id:7
operator: UnknownresourceId: Unknown - creating db connection using connection name: informix_connection
committing transaction
committing transaction
load Resource with ids:[J@1a75e1b,[J@1a75e1b
operator: UnknownresourceId: Unknown - creating db connection using connection name: informix_connection
load ResourceRole with id:6
operator: UnknownresourceId: Unknown - creating db connection using connection name: informix_connection
committing transaction
load ResourceRole with id:7
operator: UnknownresourceId: Unknown - creating db connection using connection name: informix_connection
committing transaction
committing transaction
submission: 1
submission: 2
reviwer: 6, null, Failure Reviewer
reviwer: 7, null, Stress Reviewer
review: 1, 1, 6, true
review: 2, 2, 6, true
review: 3, 1, 7, true
review: 4, 2, 7, true
load Resource with ids:[J@1600b34,[J@1600b34
operator: UnknownresourceId: Unknown - creating db connection using connection name: informix_connection
load ResourceRole with id:6
operator: UnknownresourceId: Unknown - creating db connection using connection name: informix_connection
committing transaction
load ResourceRole with id:7
operator: UnknownresourceId: Unknown - creating db connection using connection name: informix_connection
committing transaction
committing transaction
projectId: 1reviwer: 6, null, Failure Reviewer
projectId: 1reviwer: 7, null, Stress Reviewer
type: Upload id: Unknown operator:Unknown - search uploads with filter. found: 0
can't end phase. cant find upload for reviewer: 6, null, Failure Reviewer
pid: 1 - PhasesHelper.arePhaseDependenciesMet(phase, false): true
pid: 1 - allReviewsDone(phase): true
pid: 1 - allTestCasesUploaded(phase): false
Read propery[ConnectionFactoryNS] which is  required  with value[com.topcoder.db.connectionfactory.DBConnectionFactoryImpl] from namespace [com.topcoder.management.project.persistence.InformixProjectPersistence].
Read propery[ConnectionName] which is  optional  with value[informix_connection] from namespace [com.topcoder.management.project.persistence.InformixProjectPersistence].
Read propery[ProjectIdSequenceName] which is  optional  with value[project_id_seq] from namespace [com.topcoder.management.project.persistence.InformixProjectPersistence].
Read propery[ProjectAuditIdSequenceName] which is  optional  with value[project_audit_id_seq] from namespace [com.topcoder.management.project.persistence.InformixProjectPersistence].
Read propery[ConnectionFactoryNS] which is  required  with value[com.topcoder.db.connectionfactory.DBConnectionFactoryImpl] from namespace [com.topcoder.management.project.persistence.link.ProjectLinkManagerImpl].
Read propery[ConnectionName] which is  optional  with value[informix_connection] from namespace [com.topcoder.management.project.persistence.link.ProjectLinkManagerImpl].
read property ConnectionFactoryNS[com.topcoder.db.connectionfactory.DBConnectionFactoryImpl] from the namespace :com.topcoder.management.scorecard.persistence.InformixScorecardPersistence
read property ConnectionName[informix_connection] from the namespace :com.topcoder.management.scorecard.persistence.InformixScorecardPersistence
Instantiate SqlUploadPersistence with connectionFactory and connectioName:informix_connection
Instantiate PersistenceUploadManager with UploadPersistence, uploadSearchBundle, submissionSearchBundle, uploadIdGenerator, uploadTypeIdGenerator, uploadStatusIdGenerator, submissionIDGenerator, submissionStatusIdGenerator and submissionTypeIdGenerator.
Instantiate AbstractResourcePersistence with connectionFactory and connectionName[informix_connection].
load Resource role with ids:[J@a34435,[J@a34435,[J@a34435,[J@a34435,[J@a34435,[J@a34435,[J@a34435,[J@a34435,[J@a34435,[J@a34435,[J@a34435,[J@a34435,[J@a34435,[J@a34435,[J@a34435,[J@a34435,[J@a34435,[J@a34435,[J@a34435,[J@a34435,[J@a34435,[J@a34435
operator: UnknownresourceId: Unknown - creating db connection using connection name: informix_connection
committing transaction
type: Upload id: Unknown operator:Unknown - search submissions with filter. found: 2
load Resource with ids:[J@f6dcc7,[J@f6dcc7
operator: UnknownresourceId: Unknown - creating db connection using connection name: informix_connection
load ResourceRole with id:6
operator: UnknownresourceId: Unknown - creating db connection using connection name: informix_connection
committing transaction
load ResourceRole with id:7
operator: UnknownresourceId: Unknown - creating db connection using connection name: informix_connection
committing transaction
committing transaction
load Resource with ids:[J@aa5b2d,[J@aa5b2d
operator: UnknownresourceId: Unknown - creating db connection using connection name: informix_connection
load ResourceRole with id:6
operator: UnknownresourceId: Unknown - creating db connection using connection name: informix_connection
committing transaction
load ResourceRole with id:7
operator: UnknownresourceId: Unknown - creating db connection using connection name: informix_connection
committing transaction
committing transaction
submission: 1
submission: 2
reviwer: 6, null, Failure Reviewer
reviwer: 7, null, Stress Reviewer
review: 1, 1, 6, true
review: 2, 2, 6, true
review: 3, 1, 7, true
review: 4, 2, 7, true
load Resource with ids:[J@fad2a1,[J@fad2a1
operator: UnknownresourceId: Unknown - creating db connection using connection name: informix_connection
load ResourceRole with id:6
operator: UnknownresourceId: Unknown - creating db connection using connection name: informix_connection
committing transaction
load ResourceRole with id:7
operator: UnknownresourceId: Unknown - creating db connection using connection name: informix_connection
committing transaction
committing transaction
projectId: 1reviwer: 6, null, Failure Reviewer
projectId: 1reviwer: 7, null, Stress Reviewer
type: Upload id: Unknown operator:Unknown - search uploads with filter. found: 0
can't end phase. cant find upload for reviewer: 6, null, Failure Reviewer
pid: 1 - PhasesHelper.arePhaseDependenciesMet(phase, false): true
pid: 1 - allReviewsDone(phase): true
pid: 1 - allTestCasesUploaded(phase): false
Read propery[ConnectionFactoryNS] which is  required  with value[com.topcoder.db.connectionfactory.DBConnectionFactoryImpl] from namespace [com.topcoder.management.project.persistence.InformixProjectPersistence].
Read propery[ConnectionName] which is  optional  with value[informix_connection] from namespace [com.topcoder.management.project.persistence.InformixProjectPersistence].
Read propery[ProjectIdSequenceName] which is  optional  with value[project_id_seq] from namespace [com.topcoder.management.project.persistence.InformixProjectPersistence].
Read propery[ProjectAuditIdSequenceName] which is  optional  with value[project_audit_id_seq] from namespace [com.topcoder.management.project.persistence.InformixProjectPersistence].
Read propery[ConnectionFactoryNS] which is  required  with value[com.topcoder.db.connectionfactory.DBConnectionFactoryImpl] from namespace [com.topcoder.management.project.persistence.link.ProjectLinkManagerImpl].
Read propery[ConnectionName] which is  optional  with value[informix_connection] from namespace [com.topcoder.management.project.persistence.link.ProjectLinkManagerImpl].
read property ConnectionFactoryNS[com.topcoder.db.connectionfactory.DBConnectionFactoryImpl] from the namespace :com.topcoder.management.scorecard.persistence.InformixScorecardPersistence
read property ConnectionName[informix_connection] from the namespace :com.topcoder.management.scorecard.persistence.InformixScorecardPersistence
Instantiate SqlUploadPersistence with connectionFactory and connectioName:informix_connection
Instantiate PersistenceUploadManager with UploadPersistence, uploadSearchBundle, submissionSearchBundle, uploadIdGenerator, uploadTypeIdGenerator, uploadStatusIdGenerator, submissionIDGenerator, submissionStatusIdGenerator and submissionTypeIdGenerator.
Instantiate AbstractResourcePersistence with connectionFactory and connectionName[informix_connection].
load Resource role with ids:[J@15390b7,[J@15390b7,[J@15390b7,[J@15390b7,[J@15390b7,[J@15390b7,[J@15390b7,[J@15390b7,[J@15390b7,[J@15390b7,[J@15390b7,[J@15390b7,[J@15390b7,[J@15390b7,[J@15390b7,[J@15390b7,[J@15390b7,[J@15390b7,[J@15390b7,[J@15390b7,[J@15390b7,[J@15390b7
operator: UnknownresourceId: Unknown - creating db connection using connection name: informix_connection
committing transaction
type: Upload id: Unknown operator:Unknown - search submissions with filter. found: 2
load Resource with ids:[J@7c06ab,[J@7c06ab
operator: UnknownresourceId: Unknown - creating db connection using connection name: informix_connection
load ResourceRole with id:6
operator: UnknownresourceId: Unknown - creating db connection using connection name: informix_connection
committing transaction
load ResourceRole with id:7
operator: UnknownresourceId: Unknown - creating db connection using connection name: informix_connection
committing transaction
committing transaction
load Resource with ids:[J@1b41650,[J@1b41650
operator: UnknownresourceId: Unknown - creating db connection using connection name: informix_connection
load ResourceRole with id:6
operator: UnknownresourceId: Unknown - creating db connection using connection name: informix_connection
committing transaction
load ResourceRole with id:7
operator: UnknownresourceId: Unknown - creating db connection using connection name: informix_connection
committing transaction
committing transaction
submission: 1
submission: 2
reviwer: 6, null, Failure Reviewer
reviwer: 7, null, Stress Reviewer
review: 1, 1, 6, true
review: 2, 2, 6, true
review: 3, 1, 7, true
review: 4, 2, 7, true
load Resource with ids:[J@19bba3,[J@19bba3
operator: UnknownresourceId: Unknown - creating db connection using connection name: informix_connection
load ResourceRole with id:6
operator: UnknownresourceId: Unknown - creating db connection using connection name: informix_connection
committing transaction
load ResourceRole with id:7
operator: UnknownresourceId: Unknown - creating db connection using connection name: informix_connection
committing transaction
committing transaction
projectId: 1reviwer: 6, null, Failure Reviewer
projectId: 1reviwer: 7, null, Stress Reviewer
type: Upload id: Unknown operator:Unknown - search uploads with filter. found: 2
pid: 1 - PhasesHelper.arePhaseDependenciesMet(phase, false): true
pid: 1 - allReviewsDone(phase): true
pid: 1 - allTestCasesUploaded(phase): true
Read propery[ConnectionFactoryNS] which is  required  with value[com.topcoder.db.connectionfactory.DBConnectionFactoryImpl] from namespace [com.topcoder.management.project.persistence.InformixProjectPersistence].
Read propery[ConnectionName] which is  optional  with value[informix_connection] from namespace [com.topcoder.management.project.persistence.InformixProjectPersistence].
Read propery[ProjectIdSequenceName] which is  optional  with value[project_id_seq] from namespace [com.topcoder.management.project.persistence.InformixProjectPersistence].
Read propery[ProjectAuditIdSequenceName] which is  optional  with value[project_audit_id_seq] from namespace [com.topcoder.management.project.persistence.InformixProjectPersistence].
Read propery[ConnectionFactoryNS] which is  required  with value[com.topcoder.db.connectionfactory.DBConnectionFactoryImpl] from namespace [com.topcoder.management.project.persistence.link.ProjectLinkManagerImpl].
Read propery[ConnectionName] which is  optional  with value[informix_connection] from namespace [com.topcoder.management.project.persistence.link.ProjectLinkManagerImpl].
read property ConnectionFactoryNS[com.topcoder.db.connectionfactory.DBConnectionFactoryImpl] from the namespace :com.topcoder.management.scorecard.persistence.InformixScorecardPersistence
read property ConnectionName[informix_connection] from the namespace :com.topcoder.management.scorecard.persistence.InformixScorecardPersistence
Instantiate SqlUploadPersistence with connectionFactory and connectioName:informix_connection
Instantiate PersistenceUploadManager with UploadPersistence, uploadSearchBundle, submissionSearchBundle, uploadIdGenerator, uploadTypeIdGenerator, uploadStatusIdGenerator, submissionIDGenerator, submissionStatusIdGenerator and submissionTypeIdGenerator.
Instantiate AbstractResourcePersistence with connectionFactory and connectionName[informix_connection].
load Resource role with ids:[J@99ea5d,[J@99ea5d,[J@99ea5d,[J@99ea5d,[J@99ea5d,[J@99ea5d,[J@99ea5d,[J@99ea5d,[J@99ea5d,[J@99ea5d,[J@99ea5d,[J@99ea5d,[J@99ea5d,[J@99ea5d,[J@99ea5d,[J@99ea5d,[J@99ea5d,[J@99ea5d,[J@99ea5d,[J@99ea5d,[J@99ea5d,[J@99ea5d
operator: UnknownresourceId: Unknown - creating db connection using connection name: informix_connection
committing transaction
type: Upload id: Unknown operator:Unknown - search submissions with filter. found: 2
load Resource with ids:[J@fc02c8,[J@fc02c8
operator: UnknownresourceId: Unknown - creating db connection using connection name: informix_connection
load ResourceRole with id:6
operator: UnknownresourceId: Unknown - creating db connection using connection name: informix_connection
committing transaction
load ResourceRole with id:7
operator: UnknownresourceId: Unknown - creating db connection using connection name: informix_connection
committing transaction
committing transaction
load Resource with ids:[J@1cad3a6,[J@1cad3a6
operator: UnknownresourceId: Unknown - creating db connection using connection name: informix_connection
load ResourceRole with id:6
operator: UnknownresourceId: Unknown - creating db connection using connection name: informix_connection
committing transaction
load ResourceRole with id:7
operator: UnknownresourceId: Unknown - creating db connection using connection name: informix_connection
committing transaction
committing transaction
submission: 1
submission: 2
reviwer: 6, null, Failure Reviewer
reviwer: 7, null, Stress Reviewer
review: 1, 1, 6, true
review: 2, 2, 6, true
review: 3, 1, 7, true
review: 4, 2, 7, true
load Resource with ids:[J@27c652,[J@27c652
operator: UnknownresourceId: Unknown - creating db connection using connection name: informix_connection
load ResourceRole with id:6
operator: UnknownresourceId: Unknown - creating db connection using connection name: informix_connection
committing transaction
load ResourceRole with id:7
operator: UnknownresourceId: Unknown - creating db connection using connection name: informix_connection
committing transaction
committing transaction
projectId: 1reviwer: 6, null, Failure Reviewer
projectId: 1reviwer: 7, null, Stress Reviewer
type: Upload id: Unknown operator:Unknown - search uploads with filter. found: 0
can't end phase. cant find upload for reviewer: 6, null, Failure Reviewer
pid: 1 - PhasesHelper.arePhaseDependenciesMet(phase, false): true
pid: 1 - allReviewsDone(phase): true
pid: 1 - allTestCasesUploaded(phase): false
Read propery[ConnectionFactoryNS] which is  required  with value[com.topcoder.db.connectionfactory.DBConnectionFactoryImpl] from namespace [com.topcoder.management.project.persistence.InformixProjectPersistence].
Read propery[ConnectionName] which is  optional  with value[informix_connection] from namespace [com.topcoder.management.project.persistence.InformixProjectPersistence].
Read propery[ProjectIdSequenceName] which is  optional  with value[project_id_seq] from namespace [com.topcoder.management.project.persistence.InformixProjectPersistence].
Read propery[ProjectAuditIdSequenceName] which is  optional  with value[project_audit_id_seq] from namespace [com.topcoder.management.project.persistence.InformixProjectPersistence].
Read propery[ConnectionFactoryNS] which is  required  with value[com.topcoder.db.connectionfactory.DBConnectionFactoryImpl] from namespace [com.topcoder.management.project.persistence.link.ProjectLinkManagerImpl].
Read propery[ConnectionName] which is  optional  with value[informix_connection] from namespace [com.topcoder.management.project.persistence.link.ProjectLinkManagerImpl].
read property ConnectionFactoryNS[com.topcoder.db.connectionfactory.DBConnectionFactoryImpl] from the namespace :com.topcoder.management.scorecard.persistence.InformixScorecardPersistence
read property ConnectionName[informix_connection] from the namespace :com.topcoder.management.scorecard.persistence.InformixScorecardPersistence
Instantiate SqlUploadPersistence with connectionFactory and connectioName:informix_connection
Instantiate PersistenceUploadManager with UploadPersistence, uploadSearchBundle, submissionSearchBundle, uploadIdGenerator, uploadTypeIdGenerator, uploadStatusIdGenerator, submissionIDGenerator, submissionStatusIdGenerator and submissionTypeIdGenerator.
Instantiate AbstractResourcePersistence with connectionFactory and connectionName[informix_connection].
load Resource role with ids:[J@101aec1,[J@101aec1,[J@101aec1,[J@101aec1,[J@101aec1,[J@101aec1,[J@101aec1,[J@101aec1,[J@101aec1,[J@101aec1,[J@101aec1,[J@101aec1,[J@101aec1,[J@101aec1,[J@101aec1,[J@101aec1,[J@101aec1,[J@101aec1,[J@101aec1,[J@101aec1,[J@101aec1,[J@101aec1
operator: UnknownresourceId: Unknown - creating db connection using connection name: informix_connection
committing transaction
Read propery[ConnectionFactoryNS] which is  required  with value[com.topcoder.db.connectionfactory.DBConnectionFactoryImpl] from namespace [com.topcoder.management.project.persistence.InformixProjectPersistence].
Read propery[ConnectionName] which is  optional  with value[informix_connection] from namespace [com.topcoder.management.project.persistence.InformixProjectPersistence].
Read propery[ProjectIdSequenceName] which is  optional  with value[project_id_seq] from namespace [com.topcoder.management.project.persistence.InformixProjectPersistence].
Read propery[ProjectAuditIdSequenceName] which is  optional  with value[project_audit_id_seq] from namespace [com.topcoder.management.project.persistence.InformixProjectPersistence].
Read propery[ConnectionFactoryNS] which is  required  with value[com.topcoder.db.connectionfactory.DBConnectionFactoryImpl] from namespace [com.topcoder.management.project.persistence.link.ProjectLinkManagerImpl].
Read propery[ConnectionName] which is  optional  with value[informix_connection] from namespace [com.topcoder.management.project.persistence.link.ProjectLinkManagerImpl].
read property ConnectionFactoryNS[com.topcoder.db.connectionfactory.DBConnectionFactoryImpl] from the namespace :com.topcoder.management.scorecard.persistence.InformixScorecardPersistence
read property ConnectionName[informix_connection] from the namespace :com.topcoder.management.scorecard.persistence.InformixScorecardPersistence
Instantiate SqlUploadPersistence with connectionFactory and connectioName:informix_connection
Instantiate PersistenceUploadManager with UploadPersistence, uploadSearchBundle, submissionSearchBundle, uploadIdGenerator, uploadTypeIdGenerator, uploadStatusIdGenerator, submissionIDGenerator, submissionStatusIdGenerator and submissionTypeIdGenerator.
Instantiate AbstractResourcePersistence with connectionFactory and connectionName[informix_connection].
load Resource role with ids:[J@1e295f8,[J@1e295f8,[J@1e295f8,[J@1e295f8,[J@1e295f8,[J@1e295f8,[J@1e295f8,[J@1e295f8,[J@1e295f8,[J@1e295f8,[J@1e295f8,[J@1e295f8,[J@1e295f8,[J@1e295f8,[J@1e295f8,[J@1e295f8,[J@1e295f8,[J@1e295f8,[J@1e295f8,[J@1e295f8,[J@1e295f8,[J@1e295f8
operator: UnknownresourceId: Unknown - creating db connection using connection name: informix_connection
committing transaction
Read propery[ConnectionFactoryNS] which is  required  with value[com.topcoder.db.connectionfactory.DBConnectionFactoryImpl] from namespace [com.topcoder.management.project.persistence.InformixProjectPersistence].
Read propery[ConnectionName] which is  optional  with value[informix_connection] from namespace [com.topcoder.management.project.persistence.InformixProjectPersistence].
Read propery[ProjectIdSequenceName] which is  optional  with value[project_id_seq] from namespace [com.topcoder.management.project.persistence.InformixProjectPersistence].
Read propery[ProjectAuditIdSequenceName] which is  optional  with value[project_audit_id_seq] from namespace [com.topcoder.management.project.persistence.InformixProjectPersistence].
Read propery[ConnectionFactoryNS] which is  required  with value[com.topcoder.db.connectionfactory.DBConnectionFactoryImpl] from namespace [com.topcoder.management.project.persistence.link.ProjectLinkManagerImpl].
Read propery[ConnectionName] which is  optional  with value[informix_connection] from namespace [com.topcoder.management.project.persistence.link.ProjectLinkManagerImpl].
read property ConnectionFactoryNS[com.topcoder.db.connectionfactory.DBConnectionFactoryImpl] from the namespace :com.topcoder.management.scorecard.persistence.InformixScorecardPersistence
read property ConnectionName[informix_connection] from the namespace :com.topcoder.management.scorecard.persistence.InformixScorecardPersistence
Instantiate SqlUploadPersistence with connectionFactory and connectioName:informix_connection
Instantiate PersistenceUploadManager with UploadPersistence, uploadSearchBundle, submissionSearchBundle, uploadIdGenerator, uploadTypeIdGenerator, uploadStatusIdGenerator, submissionIDGenerator, submissionStatusIdGenerator and submissionTypeIdGenerator.
Instantiate AbstractResourcePersistence with connectionFactory and connectionName[informix_connection].
load Resource role with ids:[J@1109962,[J@1109962,[J@1109962,[J@1109962,[J@1109962,[J@1109962,[J@1109962,[J@1109962,[J@1109962,[J@1109962,[J@1109962,[J@1109962,[J@1109962,[J@1109962,[J@1109962,[J@1109962,[J@1109962,[J@1109962,[J@1109962,[J@1109962,[J@1109962,[J@1109962
operator: UnknownresourceId: Unknown - creating db connection using connection name: informix_connection
committing transaction
Read propery[ConnectionFactoryNS] which is  required  with value[com.topcoder.db.connectionfactory.DBConnectionFactoryImpl] from namespace [com.topcoder.management.project.persistence.InformixProjectPersistence].
Read propery[ConnectionName] which is  optional  with value[informix_connection] from namespace [com.topcoder.management.project.persistence.InformixProjectPersistence].
Read propery[ProjectIdSequenceName] which is  optional  with value[project_id_seq] from namespace [com.topcoder.management.project.persistence.InformixProjectPersistence].
Read propery[ProjectAuditIdSequenceName] which is  optional  with value[project_audit_id_seq] from namespace [com.topcoder.management.project.persistence.InformixProjectPersistence].
Read propery[ConnectionFactoryNS] which is  required  with value[com.topcoder.db.connectionfactory.DBConnectionFactoryImpl] from namespace [com.topcoder.management.project.persistence.link.ProjectLinkManagerImpl].
Read propery[ConnectionName] which is  optional  with value[informix_connection] from namespace [com.topcoder.management.project.persistence.link.ProjectLinkManagerImpl].
read property ConnectionFactoryNS[com.topcoder.db.connectionfactory.DBConnectionFactoryImpl] from the namespace :com.topcoder.management.scorecard.persistence.InformixScorecardPersistence
read property ConnectionName[informix_connection] from the namespace :com.topcoder.management.scorecard.persistence.InformixScorecardPersistence
Instantiate SqlUploadPersistence with connectionFactory and connectioName:informix_connection
Instantiate PersistenceUploadManager with UploadPersistence, uploadSearchBundle, submissionSearchBundle, uploadIdGenerator, uploadTypeIdGenerator, uploadStatusIdGenerator, submissionIDGenerator, submissionStatusIdGenerator and submissionTypeIdGenerator.
Instantiate AbstractResourcePersistence with connectionFactory and connectionName[informix_connection].
load Resource role with ids:[J@1e4c320,[J@1e4c320,[J@1e4c320,[J@1e4c320,[J@1e4c320,[J@1e4c320,[J@1e4c320,[J@1e4c320,[J@1e4c320,[J@1e4c320,[J@1e4c320,[J@1e4c320,[J@1e4c320,[J@1e4c320,[J@1e4c320,[J@1e4c320,[J@1e4c320,[J@1e4c320,[J@1e4c320,[J@1e4c320,[J@1e4c320,[J@1e4c320
operator: UnknownresourceId: Unknown - creating db connection using connection name: informix_connection
committing transaction
Read propery[ConnectionFactoryNS] which is  required  with value[com.topcoder.db.connectionfactory.DBConnectionFactoryImpl] from namespace [com.topcoder.management.project.persistence.InformixProjectPersistence].
Read propery[ConnectionName] which is  optional  with value[informix_connection] from namespace [com.topcoder.management.project.persistence.InformixProjectPersistence].
Read propery[ProjectIdSequenceName] which is  optional  with value[project_id_seq] from namespace [com.topcoder.management.project.persistence.InformixProjectPersistence].
Read propery[ProjectAuditIdSequenceName] which is  optional  with value[project_audit_id_seq] from namespace [com.topcoder.management.project.persistence.InformixProjectPersistence].
Read propery[ConnectionFactoryNS] which is  required  with value[com.topcoder.db.connectionfactory.DBConnectionFactoryImpl] from namespace [com.topcoder.management.project.persistence.link.ProjectLinkManagerImpl].
Read propery[ConnectionName] which is  optional  with value[informix_connection] from namespace [com.topcoder.management.project.persistence.link.ProjectLinkManagerImpl].
read property ConnectionFactoryNS[com.topcoder.db.connectionfactory.DBConnectionFactoryImpl] from the namespace :com.topcoder.management.scorecard.persistence.InformixScorecardPersistence
read property ConnectionName[informix_connection] from the namespace :com.topcoder.management.scorecard.persistence.InformixScorecardPersistence
Instantiate SqlUploadPersistence with connectionFactory and connectioName:informix_connection
Instantiate PersistenceUploadManager with UploadPersistence, uploadSearchBundle, submissionSearchBundle, uploadIdGenerator, uploadTypeIdGenerator, uploadStatusIdGenerator, submissionIDGenerator, submissionStatusIdGenerator and submissionTypeIdGenerator.
Instantiate AbstractResourcePersistence with connectionFactory and connectionName[informix_connection].
load Resource role with ids:[J@11f74aa,[J@11f74aa,[J@11f74aa,[J@11f74aa,[J@11f74aa,[J@11f74aa,[J@11f74aa,[J@11f74aa,[J@11f74aa,[J@11f74aa,[J@11f74aa,[J@11f74aa,[J@11f74aa,[J@11f74aa,[J@11f74aa,[J@11f74aa,[J@11f74aa,[J@11f74aa,[J@11f74aa,[J@11f74aa,[J@11f74aa,[J@11f74aa
operator: UnknownresourceId: Unknown - creating db connection using connection name: informix_connection
committing transaction
Read propery[ConnectionFactoryNS] which is  required  with value[com.topcoder.db.connectionfactory.DBConnectionFactoryImpl] from namespace [com.topcoder.management.project.persistence.InformixProjectPersistence].
Read propery[ConnectionName] which is  optional  with value[informix_connection] from namespace [com.topcoder.management.project.persistence.InformixProjectPersistence].
Read propery[ProjectIdSequenceName] which is  optional  with value[project_id_seq] from namespace [com.topcoder.management.project.persistence.InformixProjectPersistence].
Read propery[ProjectAuditIdSequenceName] which is  optional  with value[project_audit_id_seq] from namespace [com.topcoder.management.project.persistence.InformixProjectPersistence].
Read propery[ConnectionFactoryNS] which is  required  with value[com.topcoder.db.connectionfactory.DBConnectionFactoryImpl] from namespace [com.topcoder.management.project.persistence.link.ProjectLinkManagerImpl].
Read propery[ConnectionName] which is  optional  with value[informix_connection] from namespace [com.topcoder.management.project.persistence.link.ProjectLinkManagerImpl].
read property ConnectionFactoryNS[com.topcoder.db.connectionfactory.DBConnectionFactoryImpl] from the namespace :com.topcoder.management.scorecard.persistence.InformixScorecardPersistence
read property ConnectionName[informix_connection] from the namespace :com.topcoder.management.scorecard.persistence.InformixScorecardPersistence
Instantiate SqlUploadPersistence with connectionFactory and connectioName:informix_connection
Instantiate PersistenceUploadManager with UploadPersistence, uploadSearchBundle, submissionSearchBundle, uploadIdGenerator, uploadTypeIdGenerator, uploadStatusIdGenerator, submissionIDGenerator, submissionStatusIdGenerator and submissionTypeIdGenerator.
Instantiate AbstractResourcePersistence with connectionFactory and connectionName[informix_connection].
load Resource role with ids:[J@1a1f567,[J@1a1f567,[J@1a1f567,[J@1a1f567,[J@1a1f567,[J@1a1f567,[J@1a1f567,[J@1a1f567,[J@1a1f567,[J@1a1f567,[J@1a1f567,[J@1a1f567,[J@1a1f567,[J@1a1f567,[J@1a1f567,[J@1a1f567,[J@1a1f567,[J@1a1f567,[J@1a1f567,[J@1a1f567,[J@1a1f567,[J@1a1f567
operator: UnknownresourceId: Unknown - creating db connection using connection name: informix_connection
committing transaction
Read propery[ConnectionFactoryNS] which is  required  with value[com.topcoder.db.connectionfactory.DBConnectionFactoryImpl] from namespace [com.topcoder.management.project.persistence.InformixProjectPersistence].
Read propery[ConnectionName] which is  optional  with value[informix_connection] from namespace [com.topcoder.management.project.persistence.InformixProjectPersistence].
Read propery[ProjectIdSequenceName] which is  optional  with value[project_id_seq] from namespace [com.topcoder.management.project.persistence.InformixProjectPersistence].
Read propery[ProjectAuditIdSequenceName] which is  optional  with value[project_audit_id_seq] from namespace [com.topcoder.management.project.persistence.InformixProjectPersistence].
Read propery[ConnectionFactoryNS] which is  required  with value[com.topcoder.db.connectionfactory.DBConnectionFactoryImpl] from namespace [com.topcoder.management.project.persistence.link.ProjectLinkManagerImpl].
Read propery[ConnectionName] which is  optional  with value[informix_connection] from namespace [com.topcoder.management.project.persistence.link.ProjectLinkManagerImpl].
read property ConnectionFactoryNS[com.topcoder.db.connectionfactory.DBConnectionFactoryImpl] from the namespace :com.topcoder.management.scorecard.persistence.InformixScorecardPersistence
read property ConnectionName[informix_connection] from the namespace :com.topcoder.management.scorecard.persistence.InformixScorecardPersistence
Instantiate SqlUploadPersistence with connectionFactory and connectioName:informix_connection
Instantiate PersistenceUploadManager with UploadPersistence, uploadSearchBundle, submissionSearchBundle, uploadIdGenerator, uploadTypeIdGenerator, uploadStatusIdGenerator, submissionIDGenerator, submissionStatusIdGenerator and submissionTypeIdGenerator.
Instantiate AbstractResourcePersistence with connectionFactory and connectionName[informix_connection].
load Resource role with ids:[J@108c4e1,[J@108c4e1,[J@108c4e1,[J@108c4e1,[J@108c4e1,[J@108c4e1,[J@108c4e1,[J@108c4e1,[J@108c4e1,[J@108c4e1,[J@108c4e1,[J@108c4e1,[J@108c4e1,[J@108c4e1,[J@108c4e1,[J@108c4e1,[J@108c4e1,[J@108c4e1,[J@108c4e1,[J@108c4e1,[J@108c4e1,[J@108c4e1
operator: UnknownresourceId: Unknown - creating db connection using connection name: informix_connection
committing transaction
Read propery[ConnectionFactoryNS] which is  required  with value[com.topcoder.db.connectionfactory.DBConnectionFactoryImpl] from namespace [com.topcoder.management.project.persistence.InformixProjectPersistence].
Read propery[ConnectionName] which is  optional  with value[informix_connection] from namespace [com.topcoder.management.project.persistence.InformixProjectPersistence].
Read propery[ProjectIdSequenceName] which is  optional  with value[project_id_seq] from namespace [com.topcoder.management.project.persistence.InformixProjectPersistence].
Read propery[ProjectAuditIdSequenceName] which is  optional  with value[project_audit_id_seq] from namespace [com.topcoder.management.project.persistence.InformixProjectPersistence].
Read propery[ConnectionFactoryNS] which is  required  with value[com.topcoder.db.connectionfactory.DBConnectionFactoryImpl] from namespace [com.topcoder.management.project.persistence.link.ProjectLinkManagerImpl].
Read propery[ConnectionName] which is  optional  with value[informix_connection] from namespace [com.topcoder.management.project.persistence.link.ProjectLinkManagerImpl].
read property ConnectionFactoryNS[com.topcoder.db.connectionfactory.DBConnectionFactoryImpl] from the namespace :com.topcoder.management.scorecard.persistence.InformixScorecardPersistence
read property ConnectionName[informix_connection] from the namespace :com.topcoder.management.scorecard.persistence.InformixScorecardPersistence
Instantiate SqlUploadPersistence with connectionFactory and connectioName:informix_connection
Instantiate PersistenceUploadManager with UploadPersistence, uploadSearchBundle, submissionSearchBundle, uploadIdGenerator, uploadTypeIdGenerator, uploadStatusIdGenerator, submissionIDGenerator, submissionStatusIdGenerator and submissionTypeIdGenerator.
Instantiate AbstractResourcePersistence with connectionFactory and connectionName[informix_connection].
load Resource role with ids:[J@1d15f8c,[J@1d15f8c,[J@1d15f8c,[J@1d15f8c,[J@1d15f8c,[J@1d15f8c,[J@1d15f8c,[J@1d15f8c,[J@1d15f8c,[J@1d15f8c,[J@1d15f8c,[J@1d15f8c,[J@1d15f8c,[J@1d15f8c,[J@1d15f8c,[J@1d15f8c,[J@1d15f8c,[J@1d15f8c,[J@1d15f8c,[J@1d15f8c,[J@1d15f8c,[J@1d15f8c
operator: UnknownresourceId: Unknown - creating db connection using connection name: informix_connection
committing transaction
Read propery[ConnectionFactoryNS] which is  required  with value[com.topcoder.db.connectionfactory.DBConnectionFactoryImpl] from namespace [com.topcoder.management.project.persistence.InformixProjectPersistence].
Read propery[ConnectionName] which is  optional  with value[informix_connection] from namespace [com.topcoder.management.project.persistence.InformixProjectPersistence].
Read propery[ProjectIdSequenceName] which is  optional  with value[project_id_seq] from namespace [com.topcoder.management.project.persistence.InformixProjectPersistence].
Read propery[ProjectAuditIdSequenceName] which is  optional  with value[project_audit_id_seq] from namespace [com.topcoder.management.project.persistence.InformixProjectPersistence].
Read propery[ConnectionFactoryNS] which is  required  with value[com.topcoder.db.connectionfactory.DBConnectionFactoryImpl] from namespace [com.topcoder.management.project.persistence.link.ProjectLinkManagerImpl].
Read propery[ConnectionName] which is  optional  with value[informix_connection] from namespace [com.topcoder.management.project.persistence.link.ProjectLinkManagerImpl].
read property ConnectionFactoryNS[com.topcoder.db.connectionfactory.DBConnectionFactoryImpl] from the namespace :com.topcoder.management.scorecard.persistence.InformixScorecardPersistence
read property ConnectionName[informix_connection] from the namespace :com.topcoder.management.scorecard.persistence.InformixScorecardPersistence
Instantiate SqlUploadPersistence with connectionFactory and connectioName:informix_connection
Instantiate PersistenceUploadManager with UploadPersistence, uploadSearchBundle, submissionSearchBundle, uploadIdGenerator, uploadTypeIdGenerator, uploadStatusIdGenerator, submissionIDGenerator, submissionStatusIdGenerator and submissionTypeIdGenerator.
Instantiate AbstractResourcePersistence with connectionFactory and connectionName[informix_connection].
load Resource role with ids:[J@30b6a4,[J@30b6a4,[J@30b6a4,[J@30b6a4,[J@30b6a4,[J@30b6a4,[J@30b6a4,[J@30b6a4,[J@30b6a4,[J@30b6a4,[J@30b6a4,[J@30b6a4,[J@30b6a4,[J@30b6a4,[J@30b6a4,[J@30b6a4,[J@30b6a4,[J@30b6a4,[J@30b6a4,[J@30b6a4,[J@30b6a4,[J@30b6a4
operator: UnknownresourceId: Unknown - creating db connection using connection name: informix_connection
committing transaction
Read propery[ConnectionFactoryNS] which is  required  with value[com.topcoder.db.connectionfactory.DBConnectionFactoryImpl] from namespace [com.topcoder.management.project.persistence.InformixProjectPersistence].
Read propery[ConnectionName] which is  optional  with value[informix_connection] from namespace [com.topcoder.management.project.persistence.InformixProjectPersistence].
Read propery[ProjectIdSequenceName] which is  optional  with value[project_id_seq] from namespace [com.topcoder.management.project.persistence.InformixProjectPersistence].
Read propery[ProjectAuditIdSequenceName] which is  optional  with value[project_audit_id_seq] from namespace [com.topcoder.management.project.persistence.InformixProjectPersistence].
Read propery[ConnectionFactoryNS] which is  required  with value[com.topcoder.db.connectionfactory.DBConnectionFactoryImpl] from namespace [com.topcoder.management.project.persistence.link.ProjectLinkManagerImpl].
Read propery[ConnectionName] which is  optional  with value[informix_connection] from namespace [com.topcoder.management.project.persistence.link.ProjectLinkManagerImpl].
read property ConnectionFactoryNS[com.topcoder.db.connectionfactory.DBConnectionFactoryImpl] from the namespace :com.topcoder.management.scorecard.persistence.InformixScorecardPersistence
read property ConnectionName[informix_connection] from the namespace :com.topcoder.management.scorecard.persistence.InformixScorecardPersistence
Instantiate SqlUploadPersistence with connectionFactory and connectioName:informix_connection
Instantiate PersistenceUploadManager with UploadPersistence, uploadSearchBundle, submissionSearchBundle, uploadIdGenerator, uploadTypeIdGenerator, uploadStatusIdGenerator, submissionIDGenerator, submissionStatusIdGenerator and submissionTypeIdGenerator.
Instantiate AbstractResourcePersistence with connectionFactory and connectionName[informix_connection].
load Resource role with ids:[J@6a966e,[J@6a966e,[J@6a966e,[J@6a966e,[J@6a966e,[J@6a966e,[J@6a966e,[J@6a966e,[J@6a966e,[J@6a966e,[J@6a966e,[J@6a966e,[J@6a966e,[J@6a966e,[J@6a966e,[J@6a966e,[J@6a966e,[J@6a966e,[J@6a966e,[J@6a966e,[J@6a966e,[J@6a966e
operator: UnknownresourceId: Unknown - creating db connection using connection name: informix_connection
committing transaction
Read propery[ConnectionFactoryNS] which is  required  with value[com.topcoder.db.connectionfactory.DBConnectionFactoryImpl] from namespace [com.topcoder.management.project.persistence.InformixProjectPersistence].
Read propery[ConnectionName] which is  optional  with value[informix_connection] from namespace [com.topcoder.management.project.persistence.InformixProjectPersistence].
Read propery[ProjectIdSequenceName] which is  optional  with value[project_id_seq] from namespace [com.topcoder.management.project.persistence.InformixProjectPersistence].
Read propery[ProjectAuditIdSequenceName] which is  optional  with value[project_audit_id_seq] from namespace [com.topcoder.management.project.persistence.InformixProjectPersistence].
Read propery[ConnectionFactoryNS] which is  required  with value[com.topcoder.db.connectionfactory.DBConnectionFactoryImpl] from namespace [com.topcoder.management.project.persistence.link.ProjectLinkManagerImpl].
Read propery[ConnectionName] which is  optional  with value[informix_connection] from namespace [com.topcoder.management.project.persistence.link.ProjectLinkManagerImpl].
read property ConnectionFactoryNS[com.topcoder.db.connectionfactory.DBConnectionFactoryImpl] from the namespace :com.topcoder.management.scorecard.persistence.InformixScorecardPersistence
read property ConnectionName[informix_connection] from the namespace :com.topcoder.management.scorecard.persistence.InformixScorecardPersistence
Instantiate SqlUploadPersistence with connectionFactory and connectioName:informix_connection
Instantiate PersistenceUploadManager with UploadPersistence, uploadSearchBundle, submissionSearchBundle, uploadIdGenerator, uploadTypeIdGenerator, uploadStatusIdGenerator, submissionIDGenerator, submissionStatusIdGenerator and submissionTypeIdGenerator.
Instantiate AbstractResourcePersistence with connectionFactory and connectionName[informix_connection].
load Resource role with ids:[J@1567ee3,[J@1567ee3,[J@1567ee3,[J@1567ee3,[J@1567ee3,[J@1567ee3,[J@1567ee3,[J@1567ee3,[J@1567ee3,[J@1567ee3,[J@1567ee3,[J@1567ee3,[J@1567ee3,[J@1567ee3,[J@1567ee3,[J@1567ee3,[J@1567ee3,[J@1567ee3,[J@1567ee3,[J@1567ee3,[J@1567ee3,[J@1567ee3
operator: UnknownresourceId: Unknown - creating db connection using connection name: informix_connection
committing transaction
Read propery[ConnectionFactoryNS] which is  required  with value[com.topcoder.db.connectionfactory.DBConnectionFactoryImpl] from namespace [com.topcoder.management.project.persistence.InformixProjectPersistence].
Read propery[ConnectionName] which is  optional  with value[informix_connection] from namespace [com.topcoder.management.project.persistence.InformixProjectPersistence].
Read propery[ProjectIdSequenceName] which is  optional  with value[project_id_seq] from namespace [com.topcoder.management.project.persistence.InformixProjectPersistence].
Read propery[ProjectAuditIdSequenceName] which is  optional  with value[project_audit_id_seq] from namespace [com.topcoder.management.project.persistence.InformixProjectPersistence].
Read propery[ConnectionFactoryNS] which is  required  with value[com.topcoder.db.connectionfactory.DBConnectionFactoryImpl] from namespace [com.topcoder.management.project.persistence.link.ProjectLinkManagerImpl].
Read propery[ConnectionName] which is  optional  with value[informix_connection] from namespace [com.topcoder.management.project.persistence.link.ProjectLinkManagerImpl].
read property ConnectionFactoryNS[com.topcoder.db.connectionfactory.DBConnectionFactoryImpl] from the namespace :com.topcoder.management.scorecard.persistence.InformixScorecardPersistence
read property ConnectionName[informix_connection] from the namespace :com.topcoder.management.scorecard.persistence.InformixScorecardPersistence
Instantiate SqlUploadPersistence with connectionFactory and connectioName:informix_connection
Instantiate PersistenceUploadManager with UploadPersistence, uploadSearchBundle, submissionSearchBundle, uploadIdGenerator, uploadTypeIdGenerator, uploadStatusIdGenerator, submissionIDGenerator, submissionStatusIdGenerator and submissionTypeIdGenerator.
Instantiate AbstractResourcePersistence with connectionFactory and connectionName[informix_connection].
load Resource role with ids:[J@1a07a6f,[J@1a07a6f,[J@1a07a6f,[J@1a07a6f,[J@1a07a6f,[J@1a07a6f,[J@1a07a6f,[J@1a07a6f,[J@1a07a6f,[J@1a07a6f,[J@1a07a6f,[J@1a07a6f,[J@1a07a6f,[J@1a07a6f,[J@1a07a6f,[J@1a07a6f,[J@1a07a6f,[J@1a07a6f,[J@1a07a6f,[J@1a07a6f,[J@1a07a6f,[J@1a07a6f
operator: UnknownresourceId: Unknown - creating db connection using connection name: informix_connection
committing transaction
type: Upload id: Unknown operator:Unknown - search submissions with filter. found: 2
load Resource with ids:[J@1460a4a,[J@1460a4a
operator: UnknownresourceId: Unknown - creating db connection using connection name: informix_connection
load ResourceRole with id:4
operator: UnknownresourceId: Unknown - creating db connection using connection name: informix_connection
committing transaction
load ResourceRole with id:4
operator: UnknownresourceId: Unknown - creating db connection using connection name: informix_connection
committing transaction
committing transaction
type: Submission id: 1 operator:1001 - update Submission.
type: Submission id: 1 operator:Unknown - Update Submission, it will update record in submission table.
create db connection using connection name:informix_connection
close the connection.
type: Submission id: 2 operator:1001 - update Submission.
type: Submission id: 2 operator:Unknown - Update Submission, it will update record in submission table.
create db connection using connection name:informix_connection
close the connection.
operator: UnknownresourceId: 4 - load resource.
operator: UnknownresourceId: Unknown - creating db connection using connection name: informix_connection
load ResourceRole with id:1
operator: UnknownresourceId: Unknown - creating db connection using connection name: informix_connection
committing transaction
committing transaction
operator: UnknownresourceId: 5 - load resource.
operator: UnknownresourceId: Unknown - creating db connection using connection name: informix_connection
load ResourceRole with id:1
operator: UnknownresourceId: Unknown - creating db connection using connection name: informix_connection
committing transaction
committing transaction
load Notifications with array of userIds/projectIds/notificationTypes.
operator: UnknownresourceId: Unknown - creating db connection using connection name: informix_connection
committing transaction
get projects with the ids: 1
operator: UnknownprojectId: Unknown - creating db connection using connection name: informix_connection
committing transaction
load Resource role with ids:[J@503677,[J@503677,[J@503677,[J@503677,[J@503677,[J@503677,[J@503677,[J@503677,[J@503677,[J@503677,[J@503677,[J@503677,[J@503677,[J@503677,[J@503677,[J@503677,[J@503677,[J@503677,[J@503677,[J@503677,[J@503677,[J@503677
operator: UnknownresourceId: Unknown - creating db connection using connection name: informix_connection
committing transaction
load Resource with ids:[J@159fb5c,[J@159fb5c,[J@159fb5c
operator: UnknownresourceId: Unknown - creating db connection using connection name: informix_connection
load ResourceRole with id:4
operator: UnknownresourceId: Unknown - creating db connection using connection name: informix_connection
committing transaction
load ResourceRole with id:4
operator: UnknownresourceId: Unknown - creating db connection using connection name: informix_connection
committing transaction
load ResourceRole with id:4
operator: UnknownresourceId: Unknown - creating db connection using connection name: informix_connection
committing transaction
committing transaction
load Resource with ids:[J@1e7bff8
operator: UnknownresourceId: Unknown - creating db connection using connection name: informix_connection
load ResourceRole with id:12
operator: UnknownresourceId: Unknown - creating db connection using connection name: informix_connection
committing transaction
committing transaction
load Resource with ids:[J@f2a5af
operator: UnknownresourceId: Unknown - creating db connection using connection name: informix_connection
load ResourceRole with id:13
operator: UnknownresourceId: Unknown - creating db connection using connection name: informix_connection
committing transaction
committing transaction
load Resource with ids:[J@f50903
operator: UnknownresourceId: Unknown - creating db connection using connection name: informix_connection
load ResourceRole with id:9
operator: UnknownresourceId: Unknown - creating db connection using connection name: informix_connection
committing transaction
committing transaction
load Resource with ids:[J@f0a6e8,[J@f0a6e8
operator: UnknownresourceId: Unknown - creating db connection using connection name: informix_connection
load ResourceRole with id:1
operator: UnknownresourceId: Unknown - creating db connection using connection name: informix_connection
committing transaction
load ResourceRole with id:1
operator: UnknownresourceId: Unknown - creating db connection using connection name: informix_connection
committing transaction
committing transaction
operator: UnknownresourceId: 6 - load resource.
operator: UnknownresourceId: Unknown - creating db connection using connection name: informix_connection
load ResourceRole with id:4
operator: UnknownresourceId: Unknown - creating db connection using connection name: informix_connection
committing transaction
committing transaction
operator: UnknownresourceId: 4 - load resource.
operator: UnknownresourceId: Unknown - creating db connection using connection name: informix_connection
load ResourceRole with id:1
operator: UnknownresourceId: Unknown - creating db connection using connection name: informix_connection
committing transaction
committing transaction
operator: UnknownresourceId: 100000 - load resource.
operator: UnknownresourceId: Unknown - creating db connection using connection name: informix_connection
load ResourceRole with id:13
operator: UnknownresourceId: Unknown - creating db connection using connection name: informix_connection
committing transaction
committing transaction
operator: UnknownresourceId: 7 - load resource.
operator: UnknownresourceId: Unknown - creating db connection using connection name: informix_connection
load ResourceRole with id:4
operator: UnknownresourceId: Unknown - creating db connection using connection name: informix_connection
committing transaction
committing transaction
operator: UnknownresourceId: 5 - load resource.
operator: UnknownresourceId: Unknown - creating db connection using connection name: informix_connection
load ResourceRole with id:1
operator: UnknownresourceId: Unknown - creating db connection using connection name: informix_connection
committing transaction
committing transaction
type: Upload id: Unknown operator:Unknown - search submissions with filter. found: 2
operator: UnknownresourceId: 4 - load resource.
operator: UnknownresourceId: Unknown - creating db connection using connection name: informix_connection
load ResourceRole with id:1
operator: UnknownresourceId: Unknown - creating db connection using connection name: informix_connection
committing transaction
committing transaction
operator: UnknownresourceId: 5 - load resource.
operator: UnknownresourceId: Unknown - creating db connection using connection name: informix_connection
load ResourceRole with id:1
operator: UnknownresourceId: Unknown - creating db connection using connection name: informix_connection
committing transaction
committing transaction
load Notifications with array of userIds/projectIds/notificationTypes.
operator: UnknownresourceId: Unknown - creating db connection using connection name: informix_connection
committing transaction
get projects with the ids: 1
operator: UnknownprojectId: Unknown - creating db connection using connection name: informix_connection
committing transaction
load Resource role with ids:[J@483a5,[J@483a5,[J@483a5,[J@483a5,[J@483a5,[J@483a5,[J@483a5,[J@483a5,[J@483a5,[J@483a5,[J@483a5,[J@483a5,[J@483a5,[J@483a5,[J@483a5,[J@483a5,[J@483a5,[J@483a5,[J@483a5,[J@483a5,[J@483a5,[J@483a5
operator: UnknownresourceId: Unknown - creating db connection using connection name: informix_connection
committing transaction
load Resource with ids:[J@1fd96c5,[J@1fd96c5,[J@1fd96c5
operator: UnknownresourceId: Unknown - creating db connection using connection name: informix_connection
load ResourceRole with id:4
operator: UnknownresourceId: Unknown - creating db connection using connection name: informix_connection
committing transaction
load ResourceRole with id:4
operator: UnknownresourceId: Unknown - creating db connection using connection name: informix_connection
committing transaction
load ResourceRole with id:4
operator: UnknownresourceId: Unknown - creating db connection using connection name: informix_connection
committing transaction
committing transaction
load Resource with ids:[J@1ecb654
operator: UnknownresourceId: Unknown - creating db connection using connection name: informix_connection
load ResourceRole with id:12
operator: UnknownresourceId: Unknown - creating db connection using connection name: informix_connection
committing transaction
committing transaction
load Resource with ids:[J@104a340
operator: UnknownresourceId: Unknown - creating db connection using connection name: informix_connection
load ResourceRole with id:13
operator: UnknownresourceId: Unknown - creating db connection using connection name: informix_connection
committing transaction
committing transaction
load Resource with ids:[J@1f0caaa
operator: UnknownresourceId: Unknown - creating db connection using connection name: informix_connection
load ResourceRole with id:9
operator: UnknownresourceId: Unknown - creating db connection using connection name: informix_connection
committing transaction
committing transaction
load Resource with ids:[J@1cdf021,[J@1cdf021
operator: UnknownresourceId: Unknown - creating db connection using connection name: informix_connection
load ResourceRole with id:1
operator: UnknownresourceId: Unknown - creating db connection using connection name: informix_connection
committing transaction
load ResourceRole with id:1
operator: UnknownresourceId: Unknown - creating db connection using connection name: informix_connection
committing transaction
committing transaction
operator: UnknownresourceId: 6 - load resource.
operator: UnknownresourceId: Unknown - creating db connection using connection name: informix_connection
load ResourceRole with id:4
operator: UnknownresourceId: Unknown - creating db connection using connection name: informix_connection
committing transaction
committing transaction
operator: UnknownresourceId: 4 - load resource.
operator: UnknownresourceId: Unknown - creating db connection using connection name: informix_connection
load ResourceRole with id:1
operator: UnknownresourceId: Unknown - creating db connection using connection name: informix_connection
committing transaction
committing transaction
operator: UnknownresourceId: 100000 - load resource.
operator: UnknownresourceId: Unknown - creating db connection using connection name: informix_connection
load ResourceRole with id:13
operator: UnknownresourceId: Unknown - creating db connection using connection name: informix_connection
committing transaction
committing transaction
operator: UnknownresourceId: 7 - load resource.
operator: UnknownresourceId: Unknown - creating db connection using connection name: informix_connection
load ResourceRole with id:4
operator: UnknownresourceId: Unknown - creating db connection using connection name: informix_connection
committing transaction
committing transaction
operator: UnknownresourceId: 5 - load resource.
operator: UnknownresourceId: Unknown - creating db connection using connection name: informix_connection
load ResourceRole with id:1
operator: UnknownresourceId: Unknown - creating db connection using connection name: informix_connection
committing transaction
committing transaction
Read propery[ConnectionFactoryNS] which is  required  with value[com.topcoder.db.connectionfactory.DBConnectionFactoryImpl] from namespace [com.topcoder.management.project.persistence.InformixProjectPersistence].
Read propery[ConnectionName] which is  optional  with value[informix_connection] from namespace [com.topcoder.management.project.persistence.InformixProjectPersistence].
Read propery[ProjectIdSequenceName] which is  optional  with value[project_id_seq] from namespace [com.topcoder.management.project.persistence.InformixProjectPersistence].
Read propery[ProjectAuditIdSequenceName] which is  optional  with value[project_audit_id_seq] from namespace [com.topcoder.management.project.persistence.InformixProjectPersistence].
Read propery[ConnectionFactoryNS] which is  required  with value[com.topcoder.db.connectionfactory.DBConnectionFactoryImpl] from namespace [com.topcoder.management.project.persistence.link.ProjectLinkManagerImpl].
Read propery[ConnectionName] which is  optional  with value[informix_connection] from namespace [com.topcoder.management.project.persistence.link.ProjectLinkManagerImpl].
read property ConnectionFactoryNS[com.topcoder.db.connectionfactory.DBConnectionFactoryImpl] from the namespace :com.topcoder.management.scorecard.persistence.InformixScorecardPersistence
read property ConnectionName[informix_connection] from the namespace :com.topcoder.management.scorecard.persistence.InformixScorecardPersistence
Instantiate SqlUploadPersistence with connectionFactory and connectioName:informix_connection
Instantiate PersistenceUploadManager with UploadPersistence, uploadSearchBundle, submissionSearchBundle, uploadIdGenerator, uploadTypeIdGenerator, uploadStatusIdGenerator, submissionIDGenerator, submissionStatusIdGenerator and submissionTypeIdGenerator.
Instantiate AbstractResourcePersistence with connectionFactory and connectionName[informix_connection].
load Resource role with ids:[J@19ff359,[J@19ff359,[J@19ff359,[J@19ff359,[J@19ff359,[J@19ff359,[J@19ff359,[J@19ff359,[J@19ff359,[J@19ff359,[J@19ff359,[J@19ff359,[J@19ff359,[J@19ff359,[J@19ff359,[J@19ff359,[J@19ff359,[J@19ff359,[J@19ff359,[J@19ff359,[J@19ff359,[J@19ff359
operator: UnknownresourceId: Unknown - creating db connection using connection name: informix_connection
committing transaction
type: Upload id: Unknown operator:Unknown - search submissions with filter. found: 0
Read propery[ConnectionFactoryNS] which is  required  with value[com.topcoder.db.connectionfactory.DBConnectionFactoryImpl] from namespace [com.topcoder.management.project.persistence.InformixProjectPersistence].
Read propery[ConnectionName] which is  optional  with value[informix_connection] from namespace [com.topcoder.management.project.persistence.InformixProjectPersistence].
Read propery[ProjectIdSequenceName] which is  optional  with value[project_id_seq] from namespace [com.topcoder.management.project.persistence.InformixProjectPersistence].
Read propery[ProjectAuditIdSequenceName] which is  optional  with value[project_audit_id_seq] from namespace [com.topcoder.management.project.persistence.InformixProjectPersistence].
Read propery[ConnectionFactoryNS] which is  required  with value[com.topcoder.db.connectionfactory.DBConnectionFactoryImpl] from namespace [com.topcoder.management.project.persistence.link.ProjectLinkManagerImpl].
Read propery[ConnectionName] which is  optional  with value[informix_connection] from namespace [com.topcoder.management.project.persistence.link.ProjectLinkManagerImpl].
read property ConnectionFactoryNS[com.topcoder.db.connectionfactory.DBConnectionFactoryImpl] from the namespace :com.topcoder.management.scorecard.persistence.InformixScorecardPersistence
read property ConnectionName[informix_connection] from the namespace :com.topcoder.management.scorecard.persistence.InformixScorecardPersistence
Instantiate SqlUploadPersistence with connectionFactory and connectioName:informix_connection
Instantiate PersistenceUploadManager with UploadPersistence, uploadSearchBundle, submissionSearchBundle, uploadIdGenerator, uploadTypeIdGenerator, uploadStatusIdGenerator, submissionIDGenerator, submissionStatusIdGenerator and submissionTypeIdGenerator.
Instantiate AbstractResourcePersistence with connectionFactory and connectionName[informix_connection].
load Resource role with ids:[J@163da81,[J@163da81,[J@163da81,[J@163da81,[J@163da81,[J@163da81,[J@163da81,[J@163da81,[J@163da81,[J@163da81,[J@163da81,[J@163da81,[J@163da81,[J@163da81,[J@163da81,[J@163da81,[J@163da81,[J@163da81,[J@163da81,[J@163da81,[J@163da81,[J@163da81
operator: UnknownresourceId: Unknown - creating db connection using connection name: informix_connection
committing transaction
type: Upload id: Unknown operator:Unknown - search submissions with filter. found: 0
get projects with the ids: 1
operator: UnknownprojectId: Unknown - creating db connection using connection name: informix_connection
committing transaction
load Resource role with ids:[J@192deaf,[J@192deaf,[J@192deaf,[J@192deaf,[J@192deaf,[J@192deaf,[J@192deaf,[J@192deaf,[J@192deaf,[J@192deaf,[J@192deaf,[J@192deaf,[J@192deaf,[J@192deaf,[J@192deaf,[J@192deaf,[J@192deaf,[J@192deaf,[J@192deaf,[J@192deaf,[J@192deaf,[J@192deaf
operator: UnknownresourceId: Unknown - creating db connection using connection name: informix_connection
committing transaction
type: Upload id: Unknown operator:Unknown - search submissions with filter. found: 0
get projects with the ids: 1
operator: UnknownprojectId: Unknown - creating db connection using connection name: informix_connection
committing transaction
load Resource role with ids:[J@12a95c7,[J@12a95c7,[J@12a95c7,[J@12a95c7,[J@12a95c7,[J@12a95c7,[J@12a95c7,[J@12a95c7,[J@12a95c7,[J@12a95c7,[J@12a95c7,[J@12a95c7,[J@12a95c7,[J@12a95c7,[J@12a95c7,[J@12a95c7,[J@12a95c7,[J@12a95c7,[J@12a95c7,[J@12a95c7,[J@12a95c7,[J@12a95c7
operator: UnknownresourceId: Unknown - creating db connection using connection name: informix_connection
committing transaction
Read propery[ConnectionFactoryNS] which is  required  with value[com.topcoder.db.connectionfactory.DBConnectionFactoryImpl] from namespace [com.topcoder.management.project.persistence.InformixProjectPersistence].
Read propery[ConnectionName] which is  optional  with value[informix_connection] from namespace [com.topcoder.management.project.persistence.InformixProjectPersistence].
Read propery[ProjectIdSequenceName] which is  optional  with value[project_id_seq] from namespace [com.topcoder.management.project.persistence.InformixProjectPersistence].
Read propery[ProjectAuditIdSequenceName] which is  optional  with value[project_audit_id_seq] from namespace [com.topcoder.management.project.persistence.InformixProjectPersistence].
Read propery[ConnectionFactoryNS] which is  required  with value[com.topcoder.db.connectionfactory.DBConnectionFactoryImpl] from namespace [com.topcoder.management.project.persistence.link.ProjectLinkManagerImpl].
Read propery[ConnectionName] which is  optional  with value[informix_connection] from namespace [com.topcoder.management.project.persistence.link.ProjectLinkManagerImpl].
read property ConnectionFactoryNS[com.topcoder.db.connectionfactory.DBConnectionFactoryImpl] from the namespace :com.topcoder.management.scorecard.persistence.InformixScorecardPersistence
read property ConnectionName[informix_connection] from the namespace :com.topcoder.management.scorecard.persistence.InformixScorecardPersistence
Instantiate SqlUploadPersistence with connectionFactory and connectioName:informix_connection
Instantiate PersistenceUploadManager with UploadPersistence, uploadSearchBundle, submissionSearchBundle, uploadIdGenerator, uploadTypeIdGenerator, uploadStatusIdGenerator, submissionIDGenerator, submissionStatusIdGenerator and submissionTypeIdGenerator.
Instantiate AbstractResourcePersistence with connectionFactory and connectionName[informix_connection].
load Resource role with ids:[J@317d82,[J@317d82,[J@317d82,[J@317d82,[J@317d82,[J@317d82,[J@317d82,[J@317d82,[J@317d82,[J@317d82,[J@317d82,[J@317d82,[J@317d82,[J@317d82,[J@317d82,[J@317d82,[J@317d82,[J@317d82,[J@317d82,[J@317d82,[J@317d82,[J@317d82
operator: UnknownresourceId: Unknown - creating db connection using connection name: informix_connection
committing transaction
Read propery[ConnectionFactoryNS] which is  required  with value[com.topcoder.db.connectionfactory.DBConnectionFactoryImpl] from namespace [com.topcoder.management.project.persistence.InformixProjectPersistence].
Read propery[ConnectionName] which is  optional  with value[informix_connection] from namespace [com.topcoder.management.project.persistence.InformixProjectPersistence].
Read propery[ProjectIdSequenceName] which is  optional  with value[project_id_seq] from namespace [com.topcoder.management.project.persistence.InformixProjectPersistence].
Read propery[ProjectAuditIdSequenceName] which is  optional  with value[project_audit_id_seq] from namespace [com.topcoder.management.project.persistence.InformixProjectPersistence].
Read propery[ConnectionFactoryNS] which is  required  with value[com.topcoder.db.connectionfactory.DBConnectionFactoryImpl] from namespace [com.topcoder.management.project.persistence.link.ProjectLinkManagerImpl].
Read propery[ConnectionName] which is  optional  with value[informix_connection] from namespace [com.topcoder.management.project.persistence.link.ProjectLinkManagerImpl].
read property ConnectionFactoryNS[com.topcoder.db.connectionfactory.DBConnectionFactoryImpl] from the namespace :com.topcoder.management.scorecard.persistence.InformixScorecardPersistence
read property ConnectionName[informix_connection] from the namespace :com.topcoder.management.scorecard.persistence.InformixScorecardPersistence
Instantiate SqlUploadPersistence with connectionFactory and connectioName:informix_connection
Instantiate PersistenceUploadManager with UploadPersistence, uploadSearchBundle, submissionSearchBundle, uploadIdGenerator, uploadTypeIdGenerator, uploadStatusIdGenerator, submissionIDGenerator, submissionStatusIdGenerator and submissionTypeIdGenerator.
Instantiate AbstractResourcePersistence with connectionFactory and connectionName[informix_connection].
load Resource role with ids:[J@14536a5,[J@14536a5,[J@14536a5,[J@14536a5,[J@14536a5,[J@14536a5,[J@14536a5,[J@14536a5,[J@14536a5,[J@14536a5,[J@14536a5,[J@14536a5,[J@14536a5,[J@14536a5,[J@14536a5,[J@14536a5,[J@14536a5,[J@14536a5,[J@14536a5,[J@14536a5,[J@14536a5,[J@14536a5
operator: UnknownresourceId: Unknown - creating db connection using connection name: informix_connection
committing transaction
type: Upload id: Unknown operator:Unknown - search submissions with filter. found: 2
load Resource with ids:[J@1887119,[J@1887119
operator: UnknownresourceId: Unknown - creating db connection using connection name: informix_connection
load ResourceRole with id:4
operator: UnknownresourceId: Unknown - creating db connection using connection name: informix_connection
committing transaction
load ResourceRole with id:4
operator: UnknownresourceId: Unknown - creating db connection using connection name: informix_connection
committing transaction
committing transaction
type: Submission id: 1 operator:1001 - update Submission.
type: Submission id: 1 operator:Unknown - Update Submission, it will update record in submission table.
create db connection using connection name:informix_connection
close the connection.
type: Submission id: 2 operator:1001 - update Submission.
type: Submission id: 2 operator:Unknown - Update Submission, it will update record in submission table.
create db connection using connection name:informix_connection
close the connection.
operator: UnknownresourceId: 4 - load resource.
operator: UnknownresourceId: Unknown - creating db connection using connection name: informix_connection
load ResourceRole with id:1
operator: UnknownresourceId: Unknown - creating db connection using connection name: informix_connection
committing transaction
committing transaction
operator: UnknownresourceId: 5 - load resource.
operator: UnknownresourceId: Unknown - creating db connection using connection name: informix_connection
load ResourceRole with id:1
operator: UnknownresourceId: Unknown - creating db connection using connection name: informix_connection
committing transaction
committing transaction
load Notifications with array of userIds/projectIds/notificationTypes.
operator: UnknownresourceId: Unknown - creating db connection using connection name: informix_connection
committing transaction
get projects with the ids: 1
operator: UnknownprojectId: Unknown - creating db connection using connection name: informix_connection
committing transaction
load Resource role with ids:[J@c69727,[J@c69727,[J@c69727,[J@c69727,[J@c69727,[J@c69727,[J@c69727,[J@c69727,[J@c69727,[J@c69727,[J@c69727,[J@c69727,[J@c69727,[J@c69727,[J@c69727,[J@c69727,[J@c69727,[J@c69727,[J@c69727,[J@c69727,[J@c69727,[J@c69727
operator: UnknownresourceId: Unknown - creating db connection using connection name: informix_connection
committing transaction
load Resource with ids:[J@4af41d,[J@4af41d,[J@4af41d
operator: UnknownresourceId: Unknown - creating db connection using connection name: informix_connection
load ResourceRole with id:4
operator: UnknownresourceId: Unknown - creating db connection using connection name: informix_connection
committing transaction
load ResourceRole with id:4
operator: UnknownresourceId: Unknown - creating db connection using connection name: informix_connection
committing transaction
load ResourceRole with id:4
operator: UnknownresourceId: Unknown - creating db connection using connection name: informix_connection
committing transaction
committing transaction
load Resource with ids:[J@1d1e70a
operator: UnknownresourceId: Unknown - creating db connection using connection name: informix_connection
load ResourceRole with id:12
operator: UnknownresourceId: Unknown - creating db connection using connection name: informix_connection
committing transaction
committing transaction
load Resource with ids:[J@e60a5e
operator: UnknownresourceId: Unknown - creating db connection using connection name: informix_connection
load ResourceRole with id:13
operator: UnknownresourceId: Unknown - creating db connection using connection name: informix_connection
committing transaction
committing transaction
load Resource with ids:[J@138e667
operator: UnknownresourceId: Unknown - creating db connection using connection name: informix_connection
load ResourceRole with id:9
operator: UnknownresourceId: Unknown - creating db connection using connection name: informix_connection
committing transaction
committing transaction
load Resource with ids:[J@82ffe6,[J@82ffe6
operator: UnknownresourceId: Unknown - creating db connection using connection name: informix_connection
load ResourceRole with id:1
operator: UnknownresourceId: Unknown - creating db connection using connection name: informix_connection
committing transaction
load ResourceRole with id:1
operator: UnknownresourceId: Unknown - creating db connection using connection name: informix_connection
committing transaction
committing transaction
operator: UnknownresourceId: 6 - load resource.
operator: UnknownresourceId: Unknown - creating db connection using connection name: informix_connection
load ResourceRole with id:4
operator: UnknownresourceId: Unknown - creating db connection using connection name: informix_connection
committing transaction
committing transaction
operator: UnknownresourceId: 4 - load resource.
operator: UnknownresourceId: Unknown - creating db connection using connection name: informix_connection
load ResourceRole with id:1
operator: UnknownresourceId: Unknown - creating db connection using connection name: informix_connection
committing transaction
committing transaction
operator: UnknownresourceId: 100000 - load resource.
operator: UnknownresourceId: Unknown - creating db connection using connection name: informix_connection
load ResourceRole with id:13
operator: UnknownresourceId: Unknown - creating db connection using connection name: informix_connection
committing transaction
committing transaction
operator: UnknownresourceId: 7 - load resource.
operator: UnknownresourceId: Unknown - creating db connection using connection name: informix_connection
load ResourceRole with id:4
operator: UnknownresourceId: Unknown - creating db connection using connection name: informix_connection
committing transaction
committing transaction
operator: UnknownresourceId: 5 - load resource.
operator: UnknownresourceId: Unknown - creating db connection using connection name: informix_connection
load ResourceRole with id:1
operator: UnknownresourceId: Unknown - creating db connection using connection name: informix_connection
committing transaction
committing transaction
type: Upload id: Unknown operator:Unknown - search submissions with filter. found: 2
operator: UnknownresourceId: 4 - load resource.
operator: UnknownresourceId: Unknown - creating db connection using connection name: informix_connection
load ResourceRole with id:1
operator: UnknownresourceId: Unknown - creating db connection using connection name: informix_connection
committing transaction
committing transaction
operator: UnknownresourceId: 5 - load resource.
operator: UnknownresourceId: Unknown - creating db connection using connection name: informix_connection
load ResourceRole with id:1
operator: UnknownresourceId: Unknown - creating db connection using connection name: informix_connection
committing transaction
committing transaction
load Notifications with array of userIds/projectIds/notificationTypes.
operator: UnknownresourceId: Unknown - creating db connection using connection name: informix_connection
committing transaction
get projects with the ids: 1
operator: UnknownprojectId: Unknown - creating db connection using connection name: informix_connection
committing transaction
load Resource role with ids:[J@17750ef,[J@17750ef,[J@17750ef,[J@17750ef,[J@17750ef,[J@17750ef,[J@17750ef,[J@17750ef,[J@17750ef,[J@17750ef,[J@17750ef,[J@17750ef,[J@17750ef,[J@17750ef,[J@17750ef,[J@17750ef,[J@17750ef,[J@17750ef,[J@17750ef,[J@17750ef,[J@17750ef,[J@17750ef
operator: UnknownresourceId: Unknown - creating db connection using connection name: informix_connection
committing transaction
load Resource with ids:[J@19005c4,[J@19005c4,[J@19005c4
operator: UnknownresourceId: Unknown - creating db connection using connection name: informix_connection
load ResourceRole with id:4
operator: UnknownresourceId: Unknown - creating db connection using connection name: informix_connection
committing transaction
load ResourceRole with id:4
operator: UnknownresourceId: Unknown - creating db connection using connection name: informix_connection
committing transaction
load ResourceRole with id:4
operator: UnknownresourceId: Unknown - creating db connection using connection name: informix_connection
committing transaction
committing transaction
load Resource with ids:[J@1d7a7b3
operator: UnknownresourceId: Unknown - creating db connection using connection name: informix_connection
load ResourceRole with id:12
operator: UnknownresourceId: Unknown - creating db connection using connection name: informix_connection
committing transaction
committing transaction
load Resource with ids:[J@5291d9
operator: UnknownresourceId: Unknown - creating db connection using connection name: informix_connection
load ResourceRole with id:13
operator: UnknownresourceId: Unknown - creating db connection using connection name: informix_connection
committing transaction
committing transaction
load Resource with ids:[J@cc6798
operator: UnknownresourceId: Unknown - creating db connection using connection name: informix_connection
load ResourceRole with id:9
operator: UnknownresourceId: Unknown - creating db connection using connection name: informix_connection
committing transaction
committing transaction
load Resource with ids:[J@1535cbe,[J@1535cbe
operator: UnknownresourceId: Unknown - creating db connection using connection name: informix_connection
load ResourceRole with id:1
operator: UnknownresourceId: Unknown - creating db connection using connection name: informix_connection
committing transaction
load ResourceRole with id:1
operator: UnknownresourceId: Unknown - creating db connection using connection name: informix_connection
committing transaction
committing transaction
operator: UnknownresourceId: 6 - load resource.
operator: UnknownresourceId: Unknown - creating db connection using connection name: informix_connection
load ResourceRole with id:4
operator: UnknownresourceId: Unknown - creating db connection using connection name: informix_connection
committing transaction
committing transaction
operator: UnknownresourceId: 4 - load resource.
operator: UnknownresourceId: Unknown - creating db connection using connection name: informix_connection
load ResourceRole with id:1
operator: UnknownresourceId: Unknown - creating db connection using connection name: informix_connection
committing transaction
committing transaction
operator: UnknownresourceId: 100000 - load resource.
operator: UnknownresourceId: Unknown - creating db connection using connection name: informix_connection
load ResourceRole with id:13
operator: UnknownresourceId: Unknown - creating db connection using connection name: informix_connection
committing transaction
committing transaction
operator: UnknownresourceId: 7 - load resource.
operator: UnknownresourceId: Unknown - creating db connection using connection name: informix_connection
load ResourceRole with id:4
operator: UnknownresourceId: Unknown - creating db connection using connection name: informix_connection
committing transaction
committing transaction
operator: UnknownresourceId: 5 - load resource.
operator: UnknownresourceId: Unknown - creating db connection using connection name: informix_connection
load ResourceRole with id:1
operator: UnknownresourceId: Unknown - creating db connection using connection name: informix_connection
committing transaction
committing transaction
Read propery[ConnectionFactoryNS] which is  required  with value[com.topcoder.db.connectionfactory.DBConnectionFactoryImpl] from namespace [com.topcoder.management.project.persistence.InformixProjectPersistence].
Read propery[ConnectionName] which is  optional  with value[informix_connection] from namespace [com.topcoder.management.project.persistence.InformixProjectPersistence].
Read propery[ProjectIdSequenceName] which is  optional  with value[project_id_seq] from namespace [com.topcoder.management.project.persistence.InformixProjectPersistence].
Read propery[ProjectAuditIdSequenceName] which is  optional  with value[project_audit_id_seq] from namespace [com.topcoder.management.project.persistence.InformixProjectPersistence].
Read propery[ConnectionFactoryNS] which is  required  with value[com.topcoder.db.connectionfactory.DBConnectionFactoryImpl] from namespace [com.topcoder.management.project.persistence.link.ProjectLinkManagerImpl].
Read propery[ConnectionName] which is  optional  with value[informix_connection] from namespace [com.topcoder.management.project.persistence.link.ProjectLinkManagerImpl].
read property ConnectionFactoryNS[com.topcoder.db.connectionfactory.DBConnectionFactoryImpl] from the namespace :com.topcoder.management.scorecard.persistence.InformixScorecardPersistence
read property ConnectionName[informix_connection] from the namespace :com.topcoder.management.scorecard.persistence.InformixScorecardPersistence
Instantiate SqlUploadPersistence with connectionFactory and connectioName:informix_connection
Instantiate PersistenceUploadManager with UploadPersistence, uploadSearchBundle, submissionSearchBundle, uploadIdGenerator, uploadTypeIdGenerator, uploadStatusIdGenerator, submissionIDGenerator, submissionStatusIdGenerator and submissionTypeIdGenerator.
Instantiate AbstractResourcePersistence with connectionFactory and connectionName[informix_connection].
load Resource role with ids:[J@1481dc3,[J@1481dc3,[J@1481dc3,[J@1481dc3,[J@1481dc3,[J@1481dc3,[J@1481dc3,[J@1481dc3,[J@1481dc3,[J@1481dc3,[J@1481dc3,[J@1481dc3,[J@1481dc3,[J@1481dc3,[J@1481dc3,[J@1481dc3,[J@1481dc3,[J@1481dc3,[J@1481dc3,[J@1481dc3,[J@1481dc3,[J@1481dc3
operator: UnknownresourceId: Unknown - creating db connection using connection name: informix_connection
committing transaction
Read propery[ConnectionFactoryNS] which is  required  with value[com.topcoder.db.connectionfactory.DBConnectionFactoryImpl] from namespace [com.topcoder.management.project.persistence.InformixProjectPersistence].
Read propery[ConnectionName] which is  optional  with value[informix_connection] from namespace [com.topcoder.management.project.persistence.InformixProjectPersistence].
Read propery[ProjectIdSequenceName] which is  optional  with value[project_id_seq] from namespace [com.topcoder.management.project.persistence.InformixProjectPersistence].
Read propery[ProjectAuditIdSequenceName] which is  optional  with value[project_audit_id_seq] from namespace [com.topcoder.management.project.persistence.InformixProjectPersistence].
Read propery[ConnectionFactoryNS] which is  required  with value[com.topcoder.db.connectionfactory.DBConnectionFactoryImpl] from namespace [com.topcoder.management.project.persistence.link.ProjectLinkManagerImpl].
Read propery[ConnectionName] which is  optional  with value[informix_connection] from namespace [com.topcoder.management.project.persistence.link.ProjectLinkManagerImpl].
read property ConnectionFactoryNS[com.topcoder.db.connectionfactory.DBConnectionFactoryImpl] from the namespace :com.topcoder.management.scorecard.persistence.InformixScorecardPersistence
read property ConnectionName[informix_connection] from the namespace :com.topcoder.management.scorecard.persistence.InformixScorecardPersistence
Instantiate SqlUploadPersistence with connectionFactory and connectioName:informix_connection
Instantiate PersistenceUploadManager with UploadPersistence, uploadSearchBundle, submissionSearchBundle, uploadIdGenerator, uploadTypeIdGenerator, uploadStatusIdGenerator, submissionIDGenerator, submissionStatusIdGenerator and submissionTypeIdGenerator.
Instantiate AbstractResourcePersistence with connectionFactory and connectionName[informix_connection].
load Resource role with ids:[J@1da8085,[J@1da8085,[J@1da8085,[J@1da8085,[J@1da8085,[J@1da8085,[J@1da8085,[J@1da8085,[J@1da8085,[J@1da8085,[J@1da8085,[J@1da8085,[J@1da8085,[J@1da8085,[J@1da8085,[J@1da8085,[J@1da8085,[J@1da8085,[J@1da8085,[J@1da8085,[J@1da8085,[J@1da8085
operator: UnknownresourceId: Unknown - creating db connection using connection name: informix_connection
committing transaction
Read propery[ConnectionFactoryNS] which is  required  with value[com.topcoder.db.connectionfactory.DBConnectionFactoryImpl] from namespace [com.topcoder.management.project.persistence.InformixProjectPersistence].
Read propery[ConnectionName] which is  optional  with value[informix_connection] from namespace [com.topcoder.management.project.persistence.InformixProjectPersistence].
Read propery[ProjectIdSequenceName] which is  optional  with value[project_id_seq] from namespace [com.topcoder.management.project.persistence.InformixProjectPersistence].
Read propery[ProjectAuditIdSequenceName] which is  optional  with value[project_audit_id_seq] from namespace [com.topcoder.management.project.persistence.InformixProjectPersistence].
Read propery[ConnectionFactoryNS] which is  required  with value[com.topcoder.db.connectionfactory.DBConnectionFactoryImpl] from namespace [com.topcoder.management.project.persistence.link.ProjectLinkManagerImpl].
Read propery[ConnectionName] which is  optional  with value[informix_connection] from namespace [com.topcoder.management.project.persistence.link.ProjectLinkManagerImpl].
read property ConnectionFactoryNS[com.topcoder.db.connectionfactory.DBConnectionFactoryImpl] from the namespace :com.topcoder.management.scorecard.persistence.InformixScorecardPersistence
read property ConnectionName[informix_connection] from the namespace :com.topcoder.management.scorecard.persistence.InformixScorecardPersistence
Instantiate SqlUploadPersistence with connectionFactory and connectioName:informix_connection
Instantiate PersistenceUploadManager with UploadPersistence, uploadSearchBundle, submissionSearchBundle, uploadIdGenerator, uploadTypeIdGenerator, uploadStatusIdGenerator, submissionIDGenerator, submissionStatusIdGenerator and submissionTypeIdGenerator.
Instantiate AbstractResourcePersistence with connectionFactory and connectionName[informix_connection].
load Resource role with ids:[J@18e2477,[J@18e2477,[J@18e2477,[J@18e2477,[J@18e2477,[J@18e2477,[J@18e2477,[J@18e2477,[J@18e2477,[J@18e2477,[J@18e2477,[J@18e2477,[J@18e2477,[J@18e2477,[J@18e2477,[J@18e2477,[J@18e2477,[J@18e2477,[J@18e2477,[J@18e2477,[J@18e2477,[J@18e2477
operator: UnknownresourceId: Unknown - creating db connection using connection name: informix_connection
committing transaction
Read propery[ConnectionFactoryNS] which is  required  with value[com.topcoder.db.connectionfactory.DBConnectionFactoryImpl] from namespace [com.topcoder.management.project.persistence.InformixProjectPersistence].
Read propery[ConnectionName] which is  optional  with value[informix_connection] from namespace [com.topcoder.management.project.persistence.InformixProjectPersistence].
Read propery[ProjectIdSequenceName] which is  optional  with value[project_id_seq] from namespace [com.topcoder.management.project.persistence.InformixProjectPersistence].
Read propery[ProjectAuditIdSequenceName] which is  optional  with value[project_audit_id_seq] from namespace [com.topcoder.management.project.persistence.InformixProjectPersistence].
Read propery[ConnectionFactoryNS] which is  required  with value[com.topcoder.db.connectionfactory.DBConnectionFactoryImpl] from namespace [com.topcoder.management.project.persistence.link.ProjectLinkManagerImpl].
Read propery[ConnectionName] which is  optional  with value[informix_connection] from namespace [com.topcoder.management.project.persistence.link.ProjectLinkManagerImpl].
read property ConnectionFactoryNS[com.topcoder.db.connectionfactory.DBConnectionFactoryImpl] from the namespace :com.topcoder.management.scorecard.persistence.InformixScorecardPersistence
read property ConnectionName[informix_connection] from the namespace :com.topcoder.management.scorecard.persistence.InformixScorecardPersistence
Instantiate SqlUploadPersistence with connectionFactory and connectioName:informix_connection
Instantiate PersistenceUploadManager with UploadPersistence, uploadSearchBundle, submissionSearchBundle, uploadIdGenerator, uploadTypeIdGenerator, uploadStatusIdGenerator, submissionIDGenerator, submissionStatusIdGenerator and submissionTypeIdGenerator.
Instantiate AbstractResourcePersistence with connectionFactory and connectionName[informix_connection].
load Resource role with ids:[J@14c0104,[J@14c0104,[J@14c0104,[J@14c0104,[J@14c0104,[J@14c0104,[J@14c0104,[J@14c0104,[J@14c0104,[J@14c0104,[J@14c0104,[J@14c0104,[J@14c0104,[J@14c0104,[J@14c0104,[J@14c0104,[J@14c0104,[J@14c0104,[J@14c0104,[J@14c0104,[J@14c0104,[J@14c0104
operator: UnknownresourceId: Unknown - creating db connection using connection name: informix_connection
committing transaction
Read propery[ConnectionFactoryNS] which is  required  with value[com.topcoder.db.connectionfactory.DBConnectionFactoryImpl] from namespace [com.topcoder.management.project.persistence.InformixProjectPersistence].
Read propery[ConnectionName] which is  optional  with value[informix_connection] from namespace [com.topcoder.management.project.persistence.InformixProjectPersistence].
Read propery[ProjectIdSequenceName] which is  optional  with value[project_id_seq] from namespace [com.topcoder.management.project.persistence.InformixProjectPersistence].
Read propery[ProjectAuditIdSequenceName] which is  optional  with value[project_audit_id_seq] from namespace [com.topcoder.management.project.persistence.InformixProjectPersistence].
Read propery[ConnectionFactoryNS] which is  required  with value[com.topcoder.db.connectionfactory.DBConnectionFactoryImpl] from namespace [com.topcoder.management.project.persistence.link.ProjectLinkManagerImpl].
Read propery[ConnectionName] which is  optional  with value[informix_connection] from namespace [com.topcoder.management.project.persistence.link.ProjectLinkManagerImpl].
read property ConnectionFactoryNS[com.topcoder.db.connectionfactory.DBConnectionFactoryImpl] from the namespace :com.topcoder.management.scorecard.persistence.InformixScorecardPersistence
read property ConnectionName[informix_connection] from the namespace :com.topcoder.management.scorecard.persistence.InformixScorecardPersistence
Instantiate SqlUploadPersistence with connectionFactory and connectioName:informix_connection
Instantiate PersistenceUploadManager with UploadPersistence, uploadSearchBundle, submissionSearchBundle, uploadIdGenerator, uploadTypeIdGenerator, uploadStatusIdGenerator, submissionIDGenerator, submissionStatusIdGenerator and submissionTypeIdGenerator.
Instantiate AbstractResourcePersistence with connectionFactory and connectionName[informix_connection].
load Resource role with ids:[J@1b80053,[J@1b80053,[J@1b80053,[J@1b80053,[J@1b80053,[J@1b80053,[J@1b80053,[J@1b80053,[J@1b80053,[J@1b80053,[J@1b80053,[J@1b80053,[J@1b80053,[J@1b80053,[J@1b80053,[J@1b80053,[J@1b80053,[J@1b80053,[J@1b80053,[J@1b80053,[J@1b80053,[J@1b80053
operator: UnknownresourceId: Unknown - creating db connection using connection name: informix_connection
committing transaction
Read propery[ConnectionFactoryNS] which is  required  with value[com.topcoder.db.connectionfactory.DBConnectionFactoryImpl] from namespace [com.topcoder.management.project.persistence.InformixProjectPersistence].
Read propery[ConnectionName] which is  optional  with value[informix_connection] from namespace [com.topcoder.management.project.persistence.InformixProjectPersistence].
Read propery[ProjectIdSequenceName] which is  optional  with value[project_id_seq] from namespace [com.topcoder.management.project.persistence.InformixProjectPersistence].
Read propery[ProjectAuditIdSequenceName] which is  optional  with value[project_audit_id_seq] from namespace [com.topcoder.management.project.persistence.InformixProjectPersistence].
Read propery[ConnectionFactoryNS] which is  required  with value[com.topcoder.db.connectionfactory.DBConnectionFactoryImpl] from namespace [com.topcoder.management.project.persistence.link.ProjectLinkManagerImpl].
Read propery[ConnectionName] which is  optional  with value[informix_connection] from namespace [com.topcoder.management.project.persistence.link.ProjectLinkManagerImpl].
read property ConnectionFactoryNS[com.topcoder.db.connectionfactory.DBConnectionFactoryImpl] from the namespace :com.topcoder.management.scorecard.persistence.InformixScorecardPersistence
read property ConnectionName[informix_connection] from the namespace :com.topcoder.management.scorecard.persistence.InformixScorecardPersistence
Instantiate SqlUploadPersistence with connectionFactory and connectioName:informix_connection
Instantiate PersistenceUploadManager with UploadPersistence, uploadSearchBundle, submissionSearchBundle, uploadIdGenerator, uploadTypeIdGenerator, uploadStatusIdGenerator, submissionIDGenerator, submissionStatusIdGenerator and submissionTypeIdGenerator.
Instantiate AbstractResourcePersistence with connectionFactory and connectionName[informix_connection].
load Resource role with ids:[J@14b6df0,[J@14b6df0,[J@14b6df0,[J@14b6df0,[J@14b6df0,[J@14b6df0,[J@14b6df0,[J@14b6df0,[J@14b6df0,[J@14b6df0,[J@14b6df0,[J@14b6df0,[J@14b6df0,[J@14b6df0,[J@14b6df0,[J@14b6df0,[J@14b6df0,[J@14b6df0,[J@14b6df0,[J@14b6df0,[J@14b6df0,[J@14b6df0
operator: UnknownresourceId: Unknown - creating db connection using connection name: informix_connection
committing transaction
Read propery[ConnectionFactoryNS] which is  required  with value[com.topcoder.db.connectionfactory.DBConnectionFactoryImpl] from namespace [com.topcoder.management.project.persistence.InformixProjectPersistence].
Read propery[ConnectionName] which is  optional  with value[informix_connection] from namespace [com.topcoder.management.project.persistence.InformixProjectPersistence].
Read propery[ProjectIdSequenceName] which is  optional  with value[project_id_seq] from namespace [com.topcoder.management.project.persistence.InformixProjectPersistence].
Read propery[ProjectAuditIdSequenceName] which is  optional  with value[project_audit_id_seq] from namespace [com.topcoder.management.project.persistence.InformixProjectPersistence].
Read propery[ConnectionFactoryNS] which is  required  with value[com.topcoder.db.connectionfactory.DBConnectionFactoryImpl] from namespace [com.topcoder.management.project.persistence.link.ProjectLinkManagerImpl].
Read propery[ConnectionName] which is  optional  with value[informix_connection] from namespace [com.topcoder.management.project.persistence.link.ProjectLinkManagerImpl].
read property ConnectionFactoryNS[com.topcoder.db.connectionfactory.DBConnectionFactoryImpl] from the namespace :com.topcoder.management.scorecard.persistence.InformixScorecardPersistence
read property ConnectionName[informix_connection] from the namespace :com.topcoder.management.scorecard.persistence.InformixScorecardPersistence
Instantiate SqlUploadPersistence with connectionFactory and connectioName:informix_connection
Instantiate PersistenceUploadManager with UploadPersistence, uploadSearchBundle, submissionSearchBundle, uploadIdGenerator, uploadTypeIdGenerator, uploadStatusIdGenerator, submissionIDGenerator, submissionStatusIdGenerator and submissionTypeIdGenerator.
Instantiate AbstractResourcePersistence with connectionFactory and connectionName[informix_connection].
load Resource role with ids:[J@1427f2e,[J@1427f2e,[J@1427f2e,[J@1427f2e,[J@1427f2e,[J@1427f2e,[J@1427f2e,[J@1427f2e,[J@1427f2e,[J@1427f2e,[J@1427f2e,[J@1427f2e,[J@1427f2e,[J@1427f2e,[J@1427f2e,[J@1427f2e,[J@1427f2e,[J@1427f2e,[J@1427f2e,[J@1427f2e,[J@1427f2e,[J@1427f2e
operator: UnknownresourceId: Unknown - creating db connection using connection name: informix_connection
committing transaction
Read propery[ConnectionFactoryNS] which is  required  with value[com.topcoder.db.connectionfactory.DBConnectionFactoryImpl] from namespace [com.topcoder.management.project.persistence.InformixProjectPersistence].
Read propery[ConnectionName] which is  optional  with value[informix_connection] from namespace [com.topcoder.management.project.persistence.InformixProjectPersistence].
Read propery[ProjectIdSequenceName] which is  optional  with value[project_id_seq] from namespace [com.topcoder.management.project.persistence.InformixProjectPersistence].
Read propery[ProjectAuditIdSequenceName] which is  optional  with value[project_audit_id_seq] from namespace [com.topcoder.management.project.persistence.InformixProjectPersistence].
Read propery[ConnectionFactoryNS] which is  required  with value[com.topcoder.db.connectionfactory.DBConnectionFactoryImpl] from namespace [com.topcoder.management.project.persistence.link.ProjectLinkManagerImpl].
Read propery[ConnectionName] which is  optional  with value[informix_connection] from namespace [com.topcoder.management.project.persistence.link.ProjectLinkManagerImpl].
read property ConnectionFactoryNS[com.topcoder.db.connectionfactory.DBConnectionFactoryImpl] from the namespace :com.topcoder.management.scorecard.persistence.InformixScorecardPersistence
read property ConnectionName[informix_connection] from the namespace :com.topcoder.management.scorecard.persistence.InformixScorecardPersistence
Instantiate SqlUploadPersistence with connectionFactory and connectioName:informix_connection
Instantiate PersistenceUploadManager with UploadPersistence, uploadSearchBundle, submissionSearchBundle, uploadIdGenerator, uploadTypeIdGenerator, uploadStatusIdGenerator, submissionIDGenerator, submissionStatusIdGenerator and submissionTypeIdGenerator.
Instantiate AbstractResourcePersistence with connectionFactory and connectionName[informix_connection].
load Resource role with ids:[J@13abadc,[J@13abadc,[J@13abadc,[J@13abadc,[J@13abadc,[J@13abadc,[J@13abadc,[J@13abadc,[J@13abadc,[J@13abadc,[J@13abadc,[J@13abadc,[J@13abadc,[J@13abadc,[J@13abadc,[J@13abadc,[J@13abadc,[J@13abadc,[J@13abadc,[J@13abadc,[J@13abadc,[J@13abadc
operator: UnknownresourceId: Unknown - creating db connection using connection name: informix_connection
committing transaction
Read propery[ConnectionFactoryNS] which is  required  with value[com.topcoder.db.connectionfactory.DBConnectionFactoryImpl] from namespace [com.topcoder.management.project.persistence.InformixProjectPersistence].
Read propery[ConnectionName] which is  optional  with value[informix_connection] from namespace [com.topcoder.management.project.persistence.InformixProjectPersistence].
Read propery[ProjectIdSequenceName] which is  optional  with value[project_id_seq] from namespace [com.topcoder.management.project.persistence.InformixProjectPersistence].
Read propery[ProjectAuditIdSequenceName] which is  optional  with value[project_audit_id_seq] from namespace [com.topcoder.management.project.persistence.InformixProjectPersistence].
Read propery[ConnectionFactoryNS] which is  required  with value[com.topcoder.db.connectionfactory.DBConnectionFactoryImpl] from namespace [com.topcoder.management.project.persistence.link.ProjectLinkManagerImpl].
Read propery[ConnectionName] which is  optional  with value[informix_connection] from namespace [com.topcoder.management.project.persistence.link.ProjectLinkManagerImpl].
read property ConnectionFactoryNS[com.topcoder.db.connectionfactory.DBConnectionFactoryImpl] from the namespace :com.topcoder.management.scorecard.persistence.InformixScorecardPersistence
read property ConnectionName[informix_connection] from the namespace :com.topcoder.management.scorecard.persistence.InformixScorecardPersistence
Instantiate SqlUploadPersistence with connectionFactory and connectioName:informix_connection
Instantiate PersistenceUploadManager with UploadPersistence, uploadSearchBundle, submissionSearchBundle, uploadIdGenerator, uploadTypeIdGenerator, uploadStatusIdGenerator, submissionIDGenerator, submissionStatusIdGenerator and submissionTypeIdGenerator.
Instantiate AbstractResourcePersistence with connectionFactory and connectionName[informix_connection].
load Resource role with ids:[J@135942c,[J@135942c,[J@135942c,[J@135942c,[J@135942c,[J@135942c,[J@135942c,[J@135942c,[J@135942c,[J@135942c,[J@135942c,[J@135942c,[J@135942c,[J@135942c,[J@135942c,[J@135942c,[J@135942c,[J@135942c,[J@135942c,[J@135942c,[J@135942c,[J@135942c
operator: UnknownresourceId: Unknown - creating db connection using connection name: informix_connection
committing transaction
Read propery[ConnectionFactoryNS] which is  required  with value[com.topcoder.db.connectionfactory.DBConnectionFactoryImpl] from namespace [com.topcoder.management.project.persistence.InformixProjectPersistence].
Read propery[ConnectionName] which is  optional  with value[informix_connection] from namespace [com.topcoder.management.project.persistence.InformixProjectPersistence].
Read propery[ProjectIdSequenceName] which is  optional  with value[project_id_seq] from namespace [com.topcoder.management.project.persistence.InformixProjectPersistence].
Read propery[ProjectAuditIdSequenceName] which is  optional  with value[project_audit_id_seq] from namespace [com.topcoder.management.project.persistence.InformixProjectPersistence].
Read propery[ConnectionFactoryNS] which is  required  with value[com.topcoder.db.connectionfactory.DBConnectionFactoryImpl] from namespace [com.topcoder.management.project.persistence.link.ProjectLinkManagerImpl].
Read propery[ConnectionName] which is  optional  with value[informix_connection] from namespace [com.topcoder.management.project.persistence.link.ProjectLinkManagerImpl].
read property ConnectionFactoryNS[com.topcoder.db.connectionfactory.DBConnectionFactoryImpl] from the namespace :com.topcoder.management.scorecard.persistence.InformixScorecardPersistence
read property ConnectionName[informix_connection] from the namespace :com.topcoder.management.scorecard.persistence.InformixScorecardPersistence
Instantiate SqlUploadPersistence with connectionFactory and connectioName:informix_connection
Instantiate PersistenceUploadManager with UploadPersistence, uploadSearchBundle, submissionSearchBundle, uploadIdGenerator, uploadTypeIdGenerator, uploadStatusIdGenerator, submissionIDGenerator, submissionStatusIdGenerator and submissionTypeIdGenerator.
Instantiate AbstractResourcePersistence with connectionFactory and connectionName[informix_connection].
load Resource role with ids:[J@92e1b2,[J@92e1b2,[J@92e1b2,[J@92e1b2,[J@92e1b2,[J@92e1b2,[J@92e1b2,[J@92e1b2,[J@92e1b2,[J@92e1b2,[J@92e1b2,[J@92e1b2,[J@92e1b2,[J@92e1b2,[J@92e1b2,[J@92e1b2,[J@92e1b2,[J@92e1b2,[J@92e1b2,[J@92e1b2,[J@92e1b2,[J@92e1b2
operator: UnknownresourceId: Unknown - creating db connection using connection name: informix_connection
committing transaction
Read propery[ConnectionFactoryNS] which is  required  with value[com.topcoder.db.connectionfactory.DBConnectionFactoryImpl] from namespace [com.topcoder.management.project.persistence.InformixProjectPersistence].
Read propery[ConnectionName] which is  optional  with value[informix_connection] from namespace [com.topcoder.management.project.persistence.InformixProjectPersistence].
Read propery[ProjectIdSequenceName] which is  optional  with value[project_id_seq] from namespace [com.topcoder.management.project.persistence.InformixProjectPersistence].
Read propery[ProjectAuditIdSequenceName] which is  optional  with value[project_audit_id_seq] from namespace [com.topcoder.management.project.persistence.InformixProjectPersistence].
Read propery[ConnectionFactoryNS] which is  required  with value[com.topcoder.db.connectionfactory.DBConnectionFactoryImpl] from namespace [com.topcoder.management.project.persistence.link.ProjectLinkManagerImpl].
Read propery[ConnectionName] which is  optional  with value[informix_connection] from namespace [com.topcoder.management.project.persistence.link.ProjectLinkManagerImpl].
read property ConnectionFactoryNS[com.topcoder.db.connectionfactory.DBConnectionFactoryImpl] from the namespace :com.topcoder.management.scorecard.persistence.InformixScorecardPersistence
read property ConnectionName[informix_connection] from the namespace :com.topcoder.management.scorecard.persistence.InformixScorecardPersistence
Instantiate SqlUploadPersistence with connectionFactory and connectioName:informix_connection
Instantiate PersistenceUploadManager with UploadPersistence, uploadSearchBundle, submissionSearchBundle, uploadIdGenerator, uploadTypeIdGenerator, uploadStatusIdGenerator, submissionIDGenerator, submissionStatusIdGenerator and submissionTypeIdGenerator.
Instantiate AbstractResourcePersistence with connectionFactory and connectionName[informix_connection].
load Resource role with ids:[J@11f3c4e,[J@11f3c4e,[J@11f3c4e,[J@11f3c4e,[J@11f3c4e,[J@11f3c4e,[J@11f3c4e,[J@11f3c4e,[J@11f3c4e,[J@11f3c4e,[J@11f3c4e,[J@11f3c4e,[J@11f3c4e,[J@11f3c4e,[J@11f3c4e,[J@11f3c4e,[J@11f3c4e,[J@11f3c4e,[J@11f3c4e,[J@11f3c4e,[J@11f3c4e,[J@11f3c4e
operator: UnknownresourceId: Unknown - creating db connection using connection name: informix_connection
committing transaction
type: Upload id: Unknown operator:Unknown - search submissions with filter. found: 0
get projects with the ids: 1
operator: UnknownprojectId: Unknown - creating db connection using connection name: informix_connection
committing transaction
load Resource role with ids:[J@11aed57,[J@11aed57,[J@11aed57,[J@11aed57,[J@11aed57,[J@11aed57,[J@11aed57,[J@11aed57,[J@11aed57,[J@11aed57,[J@11aed57,[J@11aed57,[J@11aed57,[J@11aed57,[J@11aed57,[J@11aed57,[J@11aed57,[J@11aed57,[J@11aed57,[J@11aed57,[J@11aed57,[J@11aed57
operator: UnknownresourceId: Unknown - creating db connection using connection name: informix_connection
committing transaction
Read propery[ConnectionFactoryNS] which is  required  with value[com.topcoder.db.connectionfactory.DBConnectionFactoryImpl] from namespace [com.topcoder.management.project.persistence.InformixProjectPersistence].
Read propery[ConnectionName] which is  optional  with value[informix_connection] from namespace [com.topcoder.management.project.persistence.InformixProjectPersistence].
Read propery[ProjectIdSequenceName] which is  optional  with value[project_id_seq] from namespace [com.topcoder.management.project.persistence.InformixProjectPersistence].
Read propery[ProjectAuditIdSequenceName] which is  optional  with value[project_audit_id_seq] from namespace [com.topcoder.management.project.persistence.InformixProjectPersistence].
Read propery[ConnectionFactoryNS] which is  required  with value[com.topcoder.db.connectionfactory.DBConnectionFactoryImpl] from namespace [com.topcoder.management.project.persistence.link.ProjectLinkManagerImpl].
Read propery[ConnectionName] which is  optional  with value[informix_connection] from namespace [com.topcoder.management.project.persistence.link.ProjectLinkManagerImpl].
read property ConnectionFactoryNS[com.topcoder.db.connectionfactory.DBConnectionFactoryImpl] from the namespace :com.topcoder.management.scorecard.persistence.InformixScorecardPersistence
read property ConnectionName[informix_connection] from the namespace :com.topcoder.management.scorecard.persistence.InformixScorecardPersistence
Instantiate SqlUploadPersistence with connectionFactory and connectioName:informix_connection
Instantiate PersistenceUploadManager with UploadPersistence, uploadSearchBundle, submissionSearchBundle, uploadIdGenerator, uploadTypeIdGenerator, uploadStatusIdGenerator, submissionIDGenerator, submissionStatusIdGenerator and submissionTypeIdGenerator.
Instantiate AbstractResourcePersistence with connectionFactory and connectionName[informix_connection].
load Resource role with ids:[J@33fec0,[J@33fec0,[J@33fec0,[J@33fec0,[J@33fec0,[J@33fec0,[J@33fec0,[J@33fec0,[J@33fec0,[J@33fec0,[J@33fec0,[J@33fec0,[J@33fec0,[J@33fec0,[J@33fec0,[J@33fec0,[J@33fec0,[J@33fec0,[J@33fec0,[J@33fec0,[J@33fec0,[J@33fec0
operator: UnknownresourceId: Unknown - creating db connection using connection name: informix_connection
committing transaction
Read propery[ConnectionFactoryNS] which is  required  with value[com.topcoder.db.connectionfactory.DBConnectionFactoryImpl] from namespace [com.topcoder.management.project.persistence.InformixProjectPersistence].
Read propery[ConnectionName] which is  optional  with value[informix_connection] from namespace [com.topcoder.management.project.persistence.InformixProjectPersistence].
Read propery[ProjectIdSequenceName] which is  optional  with value[project_id_seq] from namespace [com.topcoder.management.project.persistence.InformixProjectPersistence].
Read propery[ProjectAuditIdSequenceName] which is  optional  with value[project_audit_id_seq] from namespace [com.topcoder.management.project.persistence.InformixProjectPersistence].
Read propery[ConnectionFactoryNS] which is  required  with value[com.topcoder.db.connectionfactory.DBConnectionFactoryImpl] from namespace [com.topcoder.management.project.persistence.link.ProjectLinkManagerImpl].
Read propery[ConnectionName] which is  optional  with value[informix_connection] from namespace [com.topcoder.management.project.persistence.link.ProjectLinkManagerImpl].
read property ConnectionFactoryNS[com.topcoder.db.connectionfactory.DBConnectionFactoryImpl] from the namespace :com.topcoder.management.scorecard.persistence.InformixScorecardPersistence
read property ConnectionName[informix_connection] from the namespace :com.topcoder.management.scorecard.persistence.InformixScorecardPersistence
Instantiate SqlUploadPersistence with connectionFactory and connectioName:informix_connection
Instantiate PersistenceUploadManager with UploadPersistence, uploadSearchBundle, submissionSearchBundle, uploadIdGenerator, uploadTypeIdGenerator, uploadStatusIdGenerator, submissionIDGenerator, submissionStatusIdGenerator and submissionTypeIdGenerator.
Instantiate AbstractResourcePersistence with connectionFactory and connectionName[informix_connection].
load Resource role with ids:[J@dc5b6a,[J@dc5b6a,[J@dc5b6a,[J@dc5b6a,[J@dc5b6a,[J@dc5b6a,[J@dc5b6a,[J@dc5b6a,[J@dc5b6a,[J@dc5b6a,[J@dc5b6a,[J@dc5b6a,[J@dc5b6a,[J@dc5b6a,[J@dc5b6a,[J@dc5b6a,[J@dc5b6a,[J@dc5b6a,[J@dc5b6a,[J@dc5b6a,[J@dc5b6a,[J@dc5b6a
operator: UnknownresourceId: Unknown - creating db connection using connection name: informix_connection
committing transaction
type: Upload id: Unknown operator:Unknown - search submissions with filter. found: 2
load Resource with ids:[J@1024864,[J@1024864
operator: UnknownresourceId: Unknown - creating db connection using connection name: informix_connection
load ResourceRole with id:4
operator: UnknownresourceId: Unknown - creating db connection using connection name: informix_connection
committing transaction
load ResourceRole with id:4
operator: UnknownresourceId: Unknown - creating db connection using connection name: informix_connection
committing transaction
committing transaction
type: Submission id: 1 operator:1001 - update Submission.
type: Submission id: 1 operator:Unknown - Update Submission, it will update record in submission table.
create db connection using connection name:informix_connection
close the connection.
type: Submission id: 2 operator:1001 - update Submission.
type: Submission id: 2 operator:Unknown - Update Submission, it will update record in submission table.
create db connection using connection name:informix_connection
close the connection.
operator: UnknownresourceId: 4 - load resource.
operator: UnknownresourceId: Unknown - creating db connection using connection name: informix_connection
load ResourceRole with id:1
operator: UnknownresourceId: Unknown - creating db connection using connection name: informix_connection
committing transaction
committing transaction
operator: UnknownresourceId: 5 - load resource.
operator: UnknownresourceId: Unknown - creating db connection using connection name: informix_connection
load ResourceRole with id:1
operator: UnknownresourceId: Unknown - creating db connection using connection name: informix_connection
committing transaction
committing transaction
load Notifications with array of userIds/projectIds/notificationTypes.
operator: UnknownresourceId: Unknown - creating db connection using connection name: informix_connection
committing transaction
get projects with the ids: 1
operator: UnknownprojectId: Unknown - creating db connection using connection name: informix_connection
committing transaction
load Resource role with ids:[J@13651ed,[J@13651ed,[J@13651ed,[J@13651ed,[J@13651ed,[J@13651ed,[J@13651ed,[J@13651ed,[J@13651ed,[J@13651ed,[J@13651ed,[J@13651ed,[J@13651ed,[J@13651ed,[J@13651ed,[J@13651ed,[J@13651ed,[J@13651ed,[J@13651ed,[J@13651ed,[J@13651ed,[J@13651ed
operator: UnknownresourceId: Unknown - creating db connection using connection name: informix_connection
committing transaction
load Resource with ids:[J@1d4616f,[J@1d4616f,[J@1d4616f
operator: UnknownresourceId: Unknown - creating db connection using connection name: informix_connection
load ResourceRole with id:4
operator: UnknownresourceId: Unknown - creating db connection using connection name: informix_connection
committing transaction
load ResourceRole with id:4
operator: UnknownresourceId: Unknown - creating db connection using connection name: informix_connection
committing transaction
load ResourceRole with id:4
operator: UnknownresourceId: Unknown - creating db connection using connection name: informix_connection
committing transaction
committing transaction
load Resource with ids:[J@244f19
operator: UnknownresourceId: Unknown - creating db connection using connection name: informix_connection
load ResourceRole with id:12
operator: UnknownresourceId: Unknown - creating db connection using connection name: informix_connection
committing transaction
committing transaction
load Resource with ids:[J@4802af
operator: UnknownresourceId: Unknown - creating db connection using connection name: informix_connection
load ResourceRole with id:13
operator: UnknownresourceId: Unknown - creating db connection using connection name: informix_connection
committing transaction
committing transaction
load Resource with ids:[J@1082059
operator: UnknownresourceId: Unknown - creating db connection using connection name: informix_connection
load ResourceRole with id:9
operator: UnknownresourceId: Unknown - creating db connection using connection name: informix_connection
committing transaction
committing transaction
load Resource with ids:[J@1b96457,[J@1b96457
operator: UnknownresourceId: Unknown - creating db connection using connection name: informix_connection
load ResourceRole with id:1
operator: UnknownresourceId: Unknown - creating db connection using connection name: informix_connection
committing transaction
load ResourceRole with id:1
operator: UnknownresourceId: Unknown - creating db connection using connection name: informix_connection
committing transaction
committing transaction
operator: UnknownresourceId: 6 - load resource.
operator: UnknownresourceId: Unknown - creating db connection using connection name: informix_connection
load ResourceRole with id:4
operator: UnknownresourceId: Unknown - creating db connection using connection name: informix_connection
committing transaction
committing transaction
operator: UnknownresourceId: 4 - load resource.
operator: UnknownresourceId: Unknown - creating db connection using connection name: informix_connection
load ResourceRole with id:1
operator: UnknownresourceId: Unknown - creating db connection using connection name: informix_connection
committing transaction
committing transaction
operator: UnknownresourceId: 100000 - load resource.
operator: UnknownresourceId: Unknown - creating db connection using connection name: informix_connection
load ResourceRole with id:13
operator: UnknownresourceId: Unknown - creating db connection using connection name: informix_connection
committing transaction
committing transaction
operator: UnknownresourceId: 7 - load resource.
operator: UnknownresourceId: Unknown - creating db connection using connection name: informix_connection
load ResourceRole with id:4
operator: UnknownresourceId: Unknown - creating db connection using connection name: informix_connection
committing transaction
committing transaction
operator: UnknownresourceId: 5 - load resource.
operator: UnknownresourceId: Unknown - creating db connection using connection name: informix_connection
load ResourceRole with id:1
operator: UnknownresourceId: Unknown - creating db connection using connection name: informix_connection
committing transaction
committing transaction
type: Upload id: Unknown operator:Unknown - search submissions with filter. found: 2
load Resource with ids:[J@18f89c9,[J@18f89c9
operator: UnknownresourceId: Unknown - creating db connection using connection name: informix_connection
load ResourceRole with id:4
operator: UnknownresourceId: Unknown - creating db connection using connection name: informix_connection
committing transaction
load ResourceRole with id:4
operator: UnknownresourceId: Unknown - creating db connection using connection name: informix_connection
committing transaction
committing transaction
type: Scorecard id: Unknown operator:Unknown - retrieve scorecard with ids:1, and is incomplete
create db connection with connect name:informix_connection
close the connection.
get All submission statuses, delegate to persistence.
get All submission statuses, delegate to persistence.
create db connection using connection name:informix_connection
close the connection.
type: SubmissionStatus id: Unknown operator:Unknown - Load SubmissionStatuses with ids:1,2,3,4,5
create db connection using connection name:informix_connection
close the connection.
get All submission statuses, delegate to persistence.
get All submission statuses, delegate to persistence.
create db connection using connection name:informix_connection
close the connection.
type: SubmissionStatus id: Unknown operator:Unknown - Load SubmissionStatuses with ids:1,2,3,4,5
create db connection using connection name:informix_connection
close the connection.
operator: UnknownresourceId: 4 - load resource.
operator: UnknownresourceId: Unknown - creating db connection using connection name: informix_connection
load ResourceRole with id:1
operator: UnknownresourceId: Unknown - creating db connection using connection name: informix_connection
committing transaction
committing transaction
type: Submission id: 1 operator:1001 - update Submission.
type: Submission id: 1 operator:Unknown - Update Submission, it will update record in submission table.
create db connection using connection name:informix_connection
close the connection.
operator: UnknownresourceId: 5 - load resource.
operator: UnknownresourceId: Unknown - creating db connection using connection name: informix_connection
load ResourceRole with id:1
operator: UnknownresourceId: Unknown - creating db connection using connection name: informix_connection
committing transaction
committing transaction
type: Submission id: 2 operator:1001 - update Submission.
type: Submission id: 2 operator:Unknown - Update Submission, it will update record in submission table.
create db connection using connection name:informix_connection
close the connection.
get projects with the ids: 1
operator: UnknownprojectId: Unknown - creating db connection using connection name: informix_connection
committing transaction
operator: 1001projectId: 1 - updating project: {Winner External Reference ID=4, Project Name=Online Review Phases, Project Version=1.5}
operator: UnknownprojectId: Unknown - creating db connection using connection name: informix_connection
operator: 1001projectId: 1 - update project with projectId:1
operator: 1001projectId: 1 - update project, update project_info with projectId:1
operator: 1001projectId: 1 - insert record into project_info with project id1
operator: 1001projectId: 1 - generate new id for the project audit.
insert record into project_audit with projectId:1
operator: 1001projectId: 1 - execute sql:SELECT modify_date FROM project WHERE project_id=?
committing transaction
operator: UnknownresourceId: 4 - load resource.
operator: UnknownresourceId: Unknown - creating db connection using connection name: informix_connection
load ResourceRole with id:1
operator: UnknownresourceId: Unknown - creating db connection using connection name: informix_connection
committing transaction
committing transaction
operator: UnknownresourceId: 5 - load resource.
operator: UnknownresourceId: Unknown - creating db connection using connection name: informix_connection
load ResourceRole with id:1
operator: UnknownresourceId: Unknown - creating db connection using connection name: informix_connection
committing transaction
committing transaction
load Notifications with array of userIds/projectIds/notificationTypes.
operator: UnknownresourceId: Unknown - creating db connection using connection name: informix_connection
committing transaction
get projects with the ids: 1
operator: UnknownprojectId: Unknown - creating db connection using connection name: informix_connection
committing transaction
load Resource role with ids:[J@1adc6a5,[J@1adc6a5,[J@1adc6a5,[J@1adc6a5,[J@1adc6a5,[J@1adc6a5,[J@1adc6a5,[J@1adc6a5,[J@1adc6a5,[J@1adc6a5,[J@1adc6a5,[J@1adc6a5,[J@1adc6a5,[J@1adc6a5,[J@1adc6a5,[J@1adc6a5,[J@1adc6a5,[J@1adc6a5,[J@1adc6a5,[J@1adc6a5,[J@1adc6a5,[J@1adc6a5
operator: UnknownresourceId: Unknown - creating db connection using connection name: informix_connection
committing transaction
load Resource with ids:[J@32dfd4,[J@32dfd4,[J@32dfd4
operator: UnknownresourceId: Unknown - creating db connection using connection name: informix_connection
load ResourceRole with id:4
operator: UnknownresourceId: Unknown - creating db connection using connection name: informix_connection
committing transaction
load ResourceRole with id:4
operator: UnknownresourceId: Unknown - creating db connection using connection name: informix_connection
committing transaction
load ResourceRole with id:4
operator: UnknownresourceId: Unknown - creating db connection using connection name: informix_connection
committing transaction
committing transaction
load Resource with ids:[J@7b7af9
operator: UnknownresourceId: Unknown - creating db connection using connection name: informix_connection
load ResourceRole with id:12
operator: UnknownresourceId: Unknown - creating db connection using connection name: informix_connection
committing transaction
committing transaction
load Resource with ids:[J@9f45f4
operator: UnknownresourceId: Unknown - creating db connection using connection name: informix_connection
load ResourceRole with id:13
operator: UnknownresourceId: Unknown - creating db connection using connection name: informix_connection
committing transaction
committing transaction
load Resource with ids:[J@215748
operator: UnknownresourceId: Unknown - creating db connection using connection name: informix_connection
load ResourceRole with id:9
operator: UnknownresourceId: Unknown - creating db connection using connection name: informix_connection
committing transaction
committing transaction
load Resource with ids:[J@527179,[J@527179
operator: UnknownresourceId: Unknown - creating db connection using connection name: informix_connection
load ResourceRole with id:1
operator: UnknownresourceId: Unknown - creating db connection using connection name: informix_connection
committing transaction
load ResourceRole with id:1
operator: UnknownresourceId: Unknown - creating db connection using connection name: informix_connection
committing transaction
committing transaction
operator: UnknownresourceId: 6 - load resource.
operator: UnknownresourceId: Unknown - creating db connection using connection name: informix_connection
load ResourceRole with id:4
operator: UnknownresourceId: Unknown - creating db connection using connection name: informix_connection
committing transaction
committing transaction
operator: UnknownresourceId: 4 - load resource.
operator: UnknownresourceId: Unknown - creating db connection using connection name: informix_connection
load ResourceRole with id:1
operator: UnknownresourceId: Unknown - creating db connection using connection name: informix_connection
committing transaction
committing transaction
operator: UnknownresourceId: 100000 - load resource.
operator: UnknownresourceId: Unknown - creating db connection using connection name: informix_connection
load ResourceRole with id:13
operator: UnknownresourceId: Unknown - creating db connection using connection name: informix_connection
committing transaction
committing transaction
operator: UnknownresourceId: 7 - load resource.
operator: UnknownresourceId: Unknown - creating db connection using connection name: informix_connection
load ResourceRole with id:4
operator: UnknownresourceId: Unknown - creating db connection using connection name: informix_connection
committing transaction
committing transaction
operator: UnknownresourceId: 5 - load resource.
operator: UnknownresourceId: Unknown - creating db connection using connection name: informix_connection
load ResourceRole with id:1
operator: UnknownresourceId: Unknown - creating db connection using connection name: informix_connection
committing transaction
committing transaction
Read propery[ConnectionFactoryNS] which is  required  with value[com.topcoder.db.connectionfactory.DBConnectionFactoryImpl] from namespace [com.topcoder.management.project.persistence.InformixProjectPersistence].
Read propery[ConnectionName] which is  optional  with value[informix_connection] from namespace [com.topcoder.management.project.persistence.InformixProjectPersistence].
Read propery[ProjectIdSequenceName] which is  optional  with value[project_id_seq] from namespace [com.topcoder.management.project.persistence.InformixProjectPersistence].
Read propery[ProjectAuditIdSequenceName] which is  optional  with value[project_audit_id_seq] from namespace [com.topcoder.management.project.persistence.InformixProjectPersistence].
Read propery[ConnectionFactoryNS] which is  required  with value[com.topcoder.db.connectionfactory.DBConnectionFactoryImpl] from namespace [com.topcoder.management.project.persistence.link.ProjectLinkManagerImpl].
Read propery[ConnectionName] which is  optional  with value[informix_connection] from namespace [com.topcoder.management.project.persistence.link.ProjectLinkManagerImpl].
read property ConnectionFactoryNS[com.topcoder.db.connectionfactory.DBConnectionFactoryImpl] from the namespace :com.topcoder.management.scorecard.persistence.InformixScorecardPersistence
read property ConnectionName[informix_connection] from the namespace :com.topcoder.management.scorecard.persistence.InformixScorecardPersistence
Instantiate SqlUploadPersistence with connectionFactory and connectioName:informix_connection
Instantiate PersistenceUploadManager with UploadPersistence, uploadSearchBundle, submissionSearchBundle, uploadIdGenerator, uploadTypeIdGenerator, uploadStatusIdGenerator, submissionIDGenerator, submissionStatusIdGenerator and submissionTypeIdGenerator.
Instantiate AbstractResourcePersistence with connectionFactory and connectionName[informix_connection].
load Resource role with ids:[J@11a594c,[J@11a594c,[J@11a594c,[J@11a594c,[J@11a594c,[J@11a594c,[J@11a594c,[J@11a594c,[J@11a594c,[J@11a594c,[J@11a594c,[J@11a594c,[J@11a594c,[J@11a594c,[J@11a594c,[J@11a594c,[J@11a594c,[J@11a594c,[J@11a594c,[J@11a594c,[J@11a594c,[J@11a594c
operator: UnknownresourceId: Unknown - creating db connection using connection name: informix_connection
committing transaction
Read propery[ConnectionFactoryNS] which is  required  with value[com.topcoder.db.connectionfactory.DBConnectionFactoryImpl] from namespace [com.topcoder.management.project.persistence.InformixProjectPersistence].
Read propery[ConnectionName] which is  optional  with value[informix_connection] from namespace [com.topcoder.management.project.persistence.InformixProjectPersistence].
Read propery[ProjectIdSequenceName] which is  optional  with value[project_id_seq] from namespace [com.topcoder.management.project.persistence.InformixProjectPersistence].
Read propery[ProjectAuditIdSequenceName] which is  optional  with value[project_audit_id_seq] from namespace [com.topcoder.management.project.persistence.InformixProjectPersistence].
Read propery[ConnectionFactoryNS] which is  required  with value[com.topcoder.db.connectionfactory.DBConnectionFactoryImpl] from namespace [com.topcoder.management.project.persistence.link.ProjectLinkManagerImpl].
Read propery[ConnectionName] which is  optional  with value[informix_connection] from namespace [com.topcoder.management.project.persistence.link.ProjectLinkManagerImpl].
read property ConnectionFactoryNS[com.topcoder.db.connectionfactory.DBConnectionFactoryImpl] from the namespace :com.topcoder.management.scorecard.persistence.InformixScorecardPersistence
read property ConnectionName[informix_connection] from the namespace :com.topcoder.management.scorecard.persistence.InformixScorecardPersistence
Instantiate SqlUploadPersistence with connectionFactory and connectioName:informix_connection
Instantiate PersistenceUploadManager with UploadPersistence, uploadSearchBundle, submissionSearchBundle, uploadIdGenerator, uploadTypeIdGenerator, uploadStatusIdGenerator, submissionIDGenerator, submissionStatusIdGenerator and submissionTypeIdGenerator.
Instantiate AbstractResourcePersistence with connectionFactory and connectionName[informix_connection].
load Resource role with ids:[J@ada9e9,[J@ada9e9,[J@ada9e9,[J@ada9e9,[J@ada9e9,[J@ada9e9,[J@ada9e9,[J@ada9e9,[J@ada9e9,[J@ada9e9,[J@ada9e9,[J@ada9e9,[J@ada9e9,[J@ada9e9,[J@ada9e9,[J@ada9e9,[J@ada9e9,[J@ada9e9,[J@ada9e9,[J@ada9e9,[J@ada9e9,[J@ada9e9
operator: UnknownresourceId: Unknown - creating db connection using connection name: informix_connection
committing transaction
type: Upload id: Unknown operator:Unknown - search submissions with filter. found: 2
load Resource with ids:[J@1bd46e4,[J@1bd46e4
operator: UnknownresourceId: Unknown - creating db connection using connection name: informix_connection
load ResourceRole with id:4
operator: UnknownresourceId: Unknown - creating db connection using connection name: informix_connection
committing transaction
load ResourceRole with id:4
operator: UnknownresourceId: Unknown - creating db connection using connection name: informix_connection
committing transaction
committing transaction
type: Submission id: 1 operator:1001 - update Submission.
type: Submission id: 1 operator:Unknown - Update Submission, it will update record in submission table.
create db connection using connection name:informix_connection
close the connection.
type: Submission id: 2 operator:1001 - update Submission.
type: Submission id: 2 operator:Unknown - Update Submission, it will update record in submission table.
create db connection using connection name:informix_connection
close the connection.
operator: UnknownresourceId: 4 - load resource.
operator: UnknownresourceId: Unknown - creating db connection using connection name: informix_connection
load ResourceRole with id:1
operator: UnknownresourceId: Unknown - creating db connection using connection name: informix_connection
committing transaction
committing transaction
operator: UnknownresourceId: 5 - load resource.
operator: UnknownresourceId: Unknown - creating db connection using connection name: informix_connection
load ResourceRole with id:1
operator: UnknownresourceId: Unknown - creating db connection using connection name: informix_connection
committing transaction
committing transaction
load Notifications with array of userIds/projectIds/notificationTypes.
operator: UnknownresourceId: Unknown - creating db connection using connection name: informix_connection
committing transaction
get projects with the ids: 1
operator: UnknownprojectId: Unknown - creating db connection using connection name: informix_connection
committing transaction
load Resource role with ids:[J@1845cb3,[J@1845cb3,[J@1845cb3,[J@1845cb3,[J@1845cb3,[J@1845cb3,[J@1845cb3,[J@1845cb3,[J@1845cb3,[J@1845cb3,[J@1845cb3,[J@1845cb3,[J@1845cb3,[J@1845cb3,[J@1845cb3,[J@1845cb3,[J@1845cb3,[J@1845cb3,[J@1845cb3,[J@1845cb3,[J@1845cb3,[J@1845cb3
operator: UnknownresourceId: Unknown - creating db connection using connection name: informix_connection
committing transaction
load Resource with ids:[J@6aceba,[J@6aceba,[J@6aceba
operator: UnknownresourceId: Unknown - creating db connection using connection name: informix_connection
load ResourceRole with id:4
operator: UnknownresourceId: Unknown - creating db connection using connection name: informix_connection
committing transaction
load ResourceRole with id:4
operator: UnknownresourceId: Unknown - creating db connection using connection name: informix_connection
committing transaction
load ResourceRole with id:4
operator: UnknownresourceId: Unknown - creating db connection using connection name: informix_connection
committing transaction
committing transaction
load Resource with ids:[J@1d52a29
operator: UnknownresourceId: Unknown - creating db connection using connection name: informix_connection
load ResourceRole with id:12
operator: UnknownresourceId: Unknown - creating db connection using connection name: informix_connection
committing transaction
committing transaction
load Resource with ids:[J@a78af0
operator: UnknownresourceId: Unknown - creating db connection using connection name: informix_connection
load ResourceRole with id:13
operator: UnknownresourceId: Unknown - creating db connection using connection name: informix_connection
committing transaction
committing transaction
load Resource with ids:[J@71e889
operator: UnknownresourceId: Unknown - creating db connection using connection name: informix_connection
load ResourceRole with id:9
operator: UnknownresourceId: Unknown - creating db connection using connection name: informix_connection
committing transaction
committing transaction
load Resource with ids:[J@c7cee9,[J@c7cee9
operator: UnknownresourceId: Unknown - creating db connection using connection name: informix_connection
load ResourceRole with id:1
operator: UnknownresourceId: Unknown - creating db connection using connection name: informix_connection
committing transaction
load ResourceRole with id:1
operator: UnknownresourceId: Unknown - creating db connection using connection name: informix_connection
committing transaction
committing transaction
operator: UnknownresourceId: 6 - load resource.
operator: UnknownresourceId: Unknown - creating db connection using connection name: informix_connection
load ResourceRole with id:4
operator: UnknownresourceId: Unknown - creating db connection using connection name: informix_connection
committing transaction
committing transaction
operator: UnknownresourceId: 4 - load resource.
operator: UnknownresourceId: Unknown - creating db connection using connection name: informix_connection
load ResourceRole with id:1
operator: UnknownresourceId: Unknown - creating db connection using connection name: informix_connection
committing transaction
committing transaction
operator: UnknownresourceId: 100000 - load resource.
operator: UnknownresourceId: Unknown - creating db connection using connection name: informix_connection
load ResourceRole with id:13
operator: UnknownresourceId: Unknown - creating db connection using connection name: informix_connection
committing transaction
committing transaction
operator: UnknownresourceId: 7 - load resource.
operator: UnknownresourceId: Unknown - creating db connection using connection name: informix_connection
load ResourceRole with id:4
operator: UnknownresourceId: Unknown - creating db connection using connection name: informix_connection
committing transaction
committing transaction
operator: UnknownresourceId: 5 - load resource.
operator: UnknownresourceId: Unknown - creating db connection using connection name: informix_connection
load ResourceRole with id:1
operator: UnknownresourceId: Unknown - creating db connection using connection name: informix_connection
committing transaction
committing transaction
type: Upload id: Unknown operator:Unknown - search submissions with filter. found: 2
operator: UnknownresourceId: 4 - load resource.
operator: UnknownresourceId: Unknown - creating db connection using connection name: informix_connection
load ResourceRole with id:1
operator: UnknownresourceId: Unknown - creating db connection using connection name: informix_connection
committing transaction
committing transaction
operator: UnknownresourceId: 5 - load resource.
operator: UnknownresourceId: Unknown - creating db connection using connection name: informix_connection
load ResourceRole with id:1
operator: UnknownresourceId: Unknown - creating db connection using connection name: informix_connection
committing transaction
committing transaction
load Notifications with array of userIds/projectIds/notificationTypes.
operator: UnknownresourceId: Unknown - creating db connection using connection name: informix_connection
committing transaction
get projects with the ids: 1
operator: UnknownprojectId: Unknown - creating db connection using connection name: informix_connection
committing transaction
load Resource role with ids:[J@7acb6f,[J@7acb6f,[J@7acb6f,[J@7acb6f,[J@7acb6f,[J@7acb6f,[J@7acb6f,[J@7acb6f,[J@7acb6f,[J@7acb6f,[J@7acb6f,[J@7acb6f,[J@7acb6f,[J@7acb6f,[J@7acb6f,[J@7acb6f,[J@7acb6f,[J@7acb6f,[J@7acb6f,[J@7acb6f,[J@7acb6f,[J@7acb6f
operator: UnknownresourceId: Unknown - creating db connection using connection name: informix_connection
committing transaction
load Resource with ids:[J@39440,[J@39440,[J@39440
operator: UnknownresourceId: Unknown - creating db connection using connection name: informix_connection
load ResourceRole with id:4
operator: UnknownresourceId: Unknown - creating db connection using connection name: informix_connection
committing transaction
load ResourceRole with id:4
operator: UnknownresourceId: Unknown - creating db connection using connection name: informix_connection
committing transaction
load ResourceRole with id:4
operator: UnknownresourceId: Unknown - creating db connection using connection name: informix_connection
committing transaction
committing transaction
load Resource with ids:[J@d600e3
operator: UnknownresourceId: Unknown - creating db connection using connection name: informix_connection
load ResourceRole with id:12
operator: UnknownresourceId: Unknown - creating db connection using connection name: informix_connection
committing transaction
committing transaction
load Resource with ids:[J@176170d
operator: UnknownresourceId: Unknown - creating db connection using connection name: informix_connection
load ResourceRole with id:13
operator: UnknownresourceId: Unknown - creating db connection using connection name: informix_connection
committing transaction
committing transaction
load Resource with ids:[J@1e5da1d
operator: UnknownresourceId: Unknown - creating db connection using connection name: informix_connection
load ResourceRole with id:9
operator: UnknownresourceId: Unknown - creating db connection using connection name: informix_connection
committing transaction
committing transaction
load Resource with ids:[J@151660a,[J@151660a
operator: UnknownresourceId: Unknown - creating db connection using connection name: informix_connection
load ResourceRole with id:1
operator: UnknownresourceId: Unknown - creating db connection using connection name: informix_connection
committing transaction
load ResourceRole with id:1
operator: UnknownresourceId: Unknown - creating db connection using connection name: informix_connection
committing transaction
committing transaction
operator: UnknownresourceId: 6 - load resource.
operator: UnknownresourceId: Unknown - creating db connection using connection name: informix_connection
load ResourceRole with id:4
operator: UnknownresourceId: Unknown - creating db connection using connection name: informix_connection
committing transaction
committing transaction
operator: UnknownresourceId: 4 - load resource.
operator: UnknownresourceId: Unknown - creating db connection using connection name: informix_connection
load ResourceRole with id:1
operator: UnknownresourceId: Unknown - creating db connection using connection name: informix_connection
committing transaction
committing transaction
operator: UnknownresourceId: 100000 - load resource.
operator: UnknownresourceId: Unknown - creating db connection using connection name: informix_connection
load ResourceRole with id:13
operator: UnknownresourceId: Unknown - creating db connection using connection name: informix_connection
committing transaction
committing transaction
operator: UnknownresourceId: 7 - load resource.
operator: UnknownresourceId: Unknown - creating db connection using connection name: informix_connection
load ResourceRole with id:4
operator: UnknownresourceId: Unknown - creating db connection using connection name: informix_connection
committing transaction
committing transaction
operator: UnknownresourceId: 5 - load resource.
operator: UnknownresourceId: Unknown - creating db connection using connection name: informix_connection
load ResourceRole with id:1
operator: UnknownresourceId: Unknown - creating db connection using connection name: informix_connection
committing transaction
committing transaction
Read propery[ConnectionFactoryNS] which is  required  with value[com.topcoder.db.connectionfactory.DBConnectionFactoryImpl] from namespace [com.topcoder.management.project.persistence.InformixProjectPersistence].
Read propery[ConnectionName] which is  optional  with value[informix_connection] from namespace [com.topcoder.management.project.persistence.InformixProjectPersistence].
Read propery[ProjectIdSequenceName] which is  optional  with value[project_id_seq] from namespace [com.topcoder.management.project.persistence.InformixProjectPersistence].
Read propery[ProjectAuditIdSequenceName] which is  optional  with value[project_audit_id_seq] from namespace [com.topcoder.management.project.persistence.InformixProjectPersistence].
Read propery[ConnectionFactoryNS] which is  required  with value[com.topcoder.db.connectionfactory.DBConnectionFactoryImpl] from namespace [com.topcoder.management.project.persistence.link.ProjectLinkManagerImpl].
Read propery[ConnectionName] which is  optional  with value[informix_connection] from namespace [com.topcoder.management.project.persistence.link.ProjectLinkManagerImpl].
read property ConnectionFactoryNS[com.topcoder.db.connectionfactory.DBConnectionFactoryImpl] from the namespace :com.topcoder.management.scorecard.persistence.InformixScorecardPersistence
read property ConnectionName[informix_connection] from the namespace :com.topcoder.management.scorecard.persistence.InformixScorecardPersistence
Instantiate SqlUploadPersistence with connectionFactory and connectioName:informix_connection
Instantiate PersistenceUploadManager with UploadPersistence, uploadSearchBundle, submissionSearchBundle, uploadIdGenerator, uploadTypeIdGenerator, uploadStatusIdGenerator, submissionIDGenerator, submissionStatusIdGenerator and submissionTypeIdGenerator.
Instantiate AbstractResourcePersistence with connectionFactory and connectionName[informix_connection].
load Resource role with ids:[J@199182a,[J@199182a,[J@199182a,[J@199182a,[J@199182a,[J@199182a,[J@199182a,[J@199182a,[J@199182a,[J@199182a,[J@199182a,[J@199182a,[J@199182a,[J@199182a,[J@199182a,[J@199182a,[J@199182a,[J@199182a,[J@199182a,[J@199182a,[J@199182a,[J@199182a
operator: UnknownresourceId: Unknown - creating db connection using connection name: informix_connection
committing transaction
type: Upload id: Unknown operator:Unknown - search submissions with filter. found: 2
load Resource with ids:[J@23a923
operator: UnknownresourceId: Unknown - creating db connection using connection name: informix_connection
load ResourceRole with id:4
operator: UnknownresourceId: Unknown - creating db connection using connection name: informix_connection
committing transaction
committing transaction
type: Scorecard id: Unknown operator:Unknown - retrieve scorecard with ids:1, and is incomplete
create db connection with connect name:informix_connection
close the connection.
get All submission statuses, delegate to persistence.
get All submission statuses, delegate to persistence.
create db connection using connection name:informix_connection
close the connection.
type: SubmissionStatus id: Unknown operator:Unknown - Load SubmissionStatuses with ids:1,2,3,4,5
create db connection using connection name:informix_connection
close the connection.
get All submission statuses, delegate to persistence.
get All submission statuses, delegate to persistence.
create db connection using connection name:informix_connection
close the connection.
type: SubmissionStatus id: Unknown operator:Unknown - Load SubmissionStatuses with ids:1,2,3,4,5
create db connection using connection name:informix_connection
close the connection.
operator: UnknownresourceId: 1 - load resource.
operator: UnknownresourceId: Unknown - creating db connection using connection name: informix_connection
load ResourceRole with id:1
operator: UnknownresourceId: Unknown - creating db connection using connection name: informix_connection
committing transaction
committing transaction
type: Submission id: 1 operator:1001 - update Submission.
type: Submission id: 1 operator:Unknown - Update Submission, it will update record in submission table.
create db connection using connection name:informix_connection
close the connection.
operator: UnknownresourceId: 2 - load resource.
operator: UnknownresourceId: Unknown - creating db connection using connection name: informix_connection
load ResourceRole with id:1
operator: UnknownresourceId: Unknown - creating db connection using connection name: informix_connection
committing transaction
committing transaction
type: Submission id: 2 operator:1001 - update Submission.
type: Submission id: 2 operator:Unknown - Update Submission, it will update record in submission table.
create db connection using connection name:informix_connection
close the connection.
operator: UnknownresourceId: 1 - load resource.
operator: UnknownresourceId: Unknown - creating db connection using connection name: informix_connection
load ResourceRole with id:1
operator: UnknownresourceId: Unknown - creating db connection using connection name: informix_connection
committing transaction
committing transaction
operator: UnknownresourceId: 2 - load resource.
operator: UnknownresourceId: Unknown - creating db connection using connection name: informix_connection
load ResourceRole with id:1
operator: UnknownresourceId: Unknown - creating db connection using connection name: informix_connection
committing transaction
committing transaction
get projects with the ids: 1
operator: UnknownprojectId: Unknown - creating db connection using connection name: informix_connection
committing transaction
get projects with the ids: 1
operator: UnknownprojectId: Unknown - creating db connection using connection name: informix_connection
committing transaction
load Resource role with ids:[J@15a8006,[J@15a8006,[J@15a8006,[J@15a8006,[J@15a8006,[J@15a8006,[J@15a8006,[J@15a8006,[J@15a8006,[J@15a8006,[J@15a8006,[J@15a8006,[J@15a8006,[J@15a8006,[J@15a8006,[J@15a8006,[J@15a8006,[J@15a8006,[J@15a8006,[J@15a8006,[J@15a8006,[J@15a8006
operator: UnknownresourceId: Unknown - creating db connection using connection name: informix_connection
committing transaction
load Resource with ids:[J@d65428
operator: UnknownresourceId: Unknown - creating db connection using connection name: informix_connection
load ResourceRole with id:4
operator: UnknownresourceId: Unknown - creating db connection using connection name: informix_connection
committing transaction
committing transaction
load Resource with ids:[J@62a19d,[J@62a19d
operator: UnknownresourceId: Unknown - creating db connection using connection name: informix_connection
load ResourceRole with id:1
operator: UnknownresourceId: Unknown - creating db connection using connection name: informix_connection
committing transaction
load ResourceRole with id:1
operator: UnknownresourceId: Unknown - creating db connection using connection name: informix_connection
committing transaction
committing transaction
type: Submission id: 1 operator:Unknown - Retrieve Submission, delegate to persistence.
type: Submission id: 1 operator:Unknown - Load Submission. Delegate to loadSubmissions(long[] submissionId).
type: Submission id: Unknown operator:Unknown - Load Submissions with ids:1
create db connection using connection name:informix_connection
close the connection.
type: Submission id: 2 operator:Unknown - Retrieve Submission, delegate to persistence.
type: Submission id: 2 operator:Unknown - Load Submission. Delegate to loadSubmissions(long[] submissionId).
type: Submission id: Unknown operator:Unknown - Load Submissions with ids:2
create db connection using connection name:informix_connection
close the connection.
get projects with the ids: 1
operator: UnknownprojectId: Unknown - creating db connection using connection name: informix_connection
committing transaction
Read propery[ConnectionFactoryNS] which is  required  with value[com.topcoder.db.connectionfactory.DBConnectionFactoryImpl] from namespace [com.topcoder.management.project.persistence.InformixProjectPersistence].
Read propery[ConnectionName] which is  optional  with value[informix_connection] from namespace [com.topcoder.management.project.persistence.InformixProjectPersistence].
Read propery[ProjectIdSequenceName] which is  optional  with value[project_id_seq] from namespace [com.topcoder.management.project.persistence.InformixProjectPersistence].
Read propery[ProjectAuditIdSequenceName] which is  optional  with value[project_audit_id_seq] from namespace [com.topcoder.management.project.persistence.InformixProjectPersistence].
Read propery[ConnectionFactoryNS] which is  required  with value[com.topcoder.db.connectionfactory.DBConnectionFactoryImpl] from namespace [com.topcoder.management.project.persistence.link.ProjectLinkManagerImpl].
Read propery[ConnectionName] which is  optional  with value[informix_connection] from namespace [com.topcoder.management.project.persistence.link.ProjectLinkManagerImpl].
read property ConnectionFactoryNS[com.topcoder.db.connectionfactory.DBConnectionFactoryImpl] from the namespace :com.topcoder.management.scorecard.persistence.InformixScorecardPersistence
read property ConnectionName[informix_connection] from the namespace :com.topcoder.management.scorecard.persistence.InformixScorecardPersistence
Instantiate SqlUploadPersistence with connectionFactory and connectioName:informix_connection
Instantiate PersistenceUploadManager with UploadPersistence, uploadSearchBundle, submissionSearchBundle, uploadIdGenerator, uploadTypeIdGenerator, uploadStatusIdGenerator, submissionIDGenerator, submissionStatusIdGenerator and submissionTypeIdGenerator.
Instantiate AbstractResourcePersistence with connectionFactory and connectionName[informix_connection].
load Resource role with ids:[J@e6de16,[J@e6de16,[J@e6de16,[J@e6de16,[J@e6de16,[J@e6de16,[J@e6de16,[J@e6de16,[J@e6de16,[J@e6de16,[J@e6de16,[J@e6de16,[J@e6de16,[J@e6de16,[J@e6de16,[J@e6de16,[J@e6de16,[J@e6de16,[J@e6de16,[J@e6de16,[J@e6de16,[J@e6de16
operator: UnknownresourceId: Unknown - creating db connection using connection name: informix_connection
committing transaction
load Resource with ids:[J@13d346d
operator: UnknownresourceId: Unknown - creating db connection using connection name: informix_connection
load ResourceRole with id:4
operator: UnknownresourceId: Unknown - creating db connection using connection name: informix_connection
committing transaction
committing transaction
type: Upload id: Unknown operator:Unknown - search submissions with filter. found: 3
load Resource with ids:[J@167a256
operator: UnknownresourceId: Unknown - creating db connection using connection name: informix_connection
load ResourceRole with id:4
operator: UnknownresourceId: Unknown - creating db connection using connection name: informix_connection
committing transaction
committing transaction
type: Scorecard id: Unknown operator:Unknown - retrieve scorecard with ids:1, and is incomplete
create db connection with connect name:informix_connection
close the connection.
get All submission statuses, delegate to persistence.
get All submission statuses, delegate to persistence.
create db connection using connection name:informix_connection
close the connection.
type: SubmissionStatus id: Unknown operator:Unknown - Load SubmissionStatuses with ids:1,2,3,4,5
create db connection using connection name:informix_connection
close the connection.
get All submission statuses, delegate to persistence.
get All submission statuses, delegate to persistence.
create db connection using connection name:informix_connection
close the connection.
type: SubmissionStatus id: Unknown operator:Unknown - Load SubmissionStatuses with ids:1,2,3,4,5
create db connection using connection name:informix_connection
close the connection.
operator: UnknownresourceId: 1 - load resource.
operator: UnknownresourceId: Unknown - creating db connection using connection name: informix_connection
load ResourceRole with id:1
operator: UnknownresourceId: Unknown - creating db connection using connection name: informix_connection
committing transaction
committing transaction
type: Submission id: 1 operator:1001 - update Submission.
type: Submission id: 1 operator:Unknown - Update Submission, it will update record in submission table.
create db connection using connection name:informix_connection
close the connection.
operator: UnknownresourceId: 2 - load resource.
operator: UnknownresourceId: Unknown - creating db connection using connection name: informix_connection
load ResourceRole with id:1
operator: UnknownresourceId: Unknown - creating db connection using connection name: informix_connection
committing transaction
committing transaction
type: Submission id: 2 operator:1001 - update Submission.
type: Submission id: 2 operator:Unknown - Update Submission, it will update record in submission table.
create db connection using connection name:informix_connection
close the connection.
operator: UnknownresourceId: 3 - load resource.
operator: UnknownresourceId: Unknown - creating db connection using connection name: informix_connection
load ResourceRole with id:1
operator: UnknownresourceId: Unknown - creating db connection using connection name: informix_connection
committing transaction
committing transaction
type: Submission id: 3 operator:1001 - update Submission.
type: Submission id: 3 operator:Unknown - Update Submission, it will update record in submission table.
create db connection using connection name:informix_connection
close the connection.
get projects with the ids: 1
operator: UnknownprojectId: Unknown - creating db connection using connection name: informix_connection
committing transaction
operator: 1001projectId: 1 - updating project: {Winner External Reference ID=1, Runner-up External Reference ID=2}
operator: UnknownprojectId: Unknown - creating db connection using connection name: informix_connection
operator: 1001projectId: 1 - update project with projectId:1
operator: 1001projectId: 1 - update project, update project_info with projectId:1
operator: 1001projectId: 1 - insert record into project_info with project id1
operator: 1001projectId: 1 - generate new id for the project audit.
insert record into project_audit with projectId:1
operator: 1001projectId: 1 - execute sql:SELECT modify_date FROM project WHERE project_id=?
committing transaction
operator: UnknownresourceId: 1 - load resource.
operator: UnknownresourceId: Unknown - creating db connection using connection name: informix_connection
load ResourceRole with id:1
operator: UnknownresourceId: Unknown - creating db connection using connection name: informix_connection
committing transaction
committing transaction
operator: UnknownresourceId: 2 - load resource.
operator: UnknownresourceId: Unknown - creating db connection using connection name: informix_connection
load ResourceRole with id:1
operator: UnknownresourceId: Unknown - creating db connection using connection name: informix_connection
committing transaction
committing transaction
operator: UnknownresourceId: 3 - load resource.
operator: UnknownresourceId: Unknown - creating db connection using connection name: informix_connection
load ResourceRole with id:1
operator: UnknownresourceId: Unknown - creating db connection using connection name: informix_connection
committing transaction
committing transaction
get projects with the ids: 1
operator: UnknownprojectId: Unknown - creating db connection using connection name: informix_connection
committing transaction
load Resource role with ids:[J@123288b,[J@123288b,[J@123288b,[J@123288b,[J@123288b,[J@123288b,[J@123288b,[J@123288b,[J@123288b,[J@123288b,[J@123288b,[J@123288b,[J@123288b,[J@123288b,[J@123288b,[J@123288b,[J@123288b,[J@123288b,[J@123288b,[J@123288b,[J@123288b,[J@123288b
operator: UnknownresourceId: Unknown - creating db connection using connection name: informix_connection
committing transaction
load Resource with ids:[J@61e987
operator: UnknownresourceId: Unknown - creating db connection using connection name: informix_connection
load ResourceRole with id:4
operator: UnknownresourceId: Unknown - creating db connection using connection name: informix_connection
committing transaction
committing transaction
load Resource with ids:[J@18380a4,[J@18380a4,[J@18380a4
operator: UnknownresourceId: Unknown - creating db connection using connection name: informix_connection
load ResourceRole with id:1
operator: UnknownresourceId: Unknown - creating db connection using connection name: informix_connection
committing transaction
load ResourceRole with id:1
operator: UnknownresourceId: Unknown - creating db connection using connection name: informix_connection
committing transaction
load ResourceRole with id:1
operator: UnknownresourceId: Unknown - creating db connection using connection name: informix_connection
committing transaction
committing transaction
type: Submission id: 1 operator:Unknown - Retrieve Submission, delegate to persistence.
type: Submission id: 1 operator:Unknown - Load Submission. Delegate to loadSubmissions(long[] submissionId).
type: Submission id: Unknown operator:Unknown - Load Submissions with ids:1
create db connection using connection name:informix_connection
close the connection.
type: Submission id: 2 operator:Unknown - Retrieve Submission, delegate to persistence.
type: Submission id: 2 operator:Unknown - Load Submission. Delegate to loadSubmissions(long[] submissionId).
type: Submission id: Unknown operator:Unknown - Load Submissions with ids:2
create db connection using connection name:informix_connection
close the connection.
type: Submission id: 3 operator:Unknown - Retrieve Submission, delegate to persistence.
type: Submission id: 3 operator:Unknown - Load Submission. Delegate to loadSubmissions(long[] submissionId).
type: Submission id: Unknown operator:Unknown - Load Submissions with ids:3
create db connection using connection name:informix_connection
close the connection.
type: Submission id: 3 operator:Unknown - Retrieve Submission, delegate to persistence.
type: Submission id: 3 operator:Unknown - Load Submission. Delegate to loadSubmissions(long[] submissionId).
type: Submission id: Unknown operator:Unknown - Load Submissions with ids:3
create db connection using connection name:informix_connection
close the connection.
get projects with the ids: 1
operator: UnknownprojectId: Unknown - creating db connection using connection name: informix_connection
committing transaction
Read propery[ConnectionFactoryNS] which is  required  with value[com.topcoder.db.connectionfactory.DBConnectionFactoryImpl] from namespace [com.topcoder.management.project.persistence.InformixProjectPersistence].
Read propery[ConnectionName] which is  optional  with value[informix_connection] from namespace [com.topcoder.management.project.persistence.InformixProjectPersistence].
Read propery[ProjectIdSequenceName] which is  optional  with value[project_id_seq] from namespace [com.topcoder.management.project.persistence.InformixProjectPersistence].
Read propery[ProjectAuditIdSequenceName] which is  optional  with value[project_audit_id_seq] from namespace [com.topcoder.management.project.persistence.InformixProjectPersistence].
Read propery[ConnectionFactoryNS] which is  required  with value[com.topcoder.db.connectionfactory.DBConnectionFactoryImpl] from namespace [com.topcoder.management.project.persistence.link.ProjectLinkManagerImpl].
Read propery[ConnectionName] which is  optional  with value[informix_connection] from namespace [com.topcoder.management.project.persistence.link.ProjectLinkManagerImpl].
read property ConnectionFactoryNS[com.topcoder.db.connectionfactory.DBConnectionFactoryImpl] from the namespace :com.topcoder.management.scorecard.persistence.InformixScorecardPersistence
read property ConnectionName[informix_connection] from the namespace :com.topcoder.management.scorecard.persistence.InformixScorecardPersistence
Instantiate SqlUploadPersistence with connectionFactory and connectioName:informix_connection
Instantiate PersistenceUploadManager with UploadPersistence, uploadSearchBundle, submissionSearchBundle, uploadIdGenerator, uploadTypeIdGenerator, uploadStatusIdGenerator, submissionIDGenerator, submissionStatusIdGenerator and submissionTypeIdGenerator.
Instantiate AbstractResourcePersistence with connectionFactory and connectionName[informix_connection].
load Resource role with ids:[J@615c8b,[J@615c8b,[J@615c8b,[J@615c8b,[J@615c8b,[J@615c8b,[J@615c8b,[J@615c8b,[J@615c8b,[J@615c8b,[J@615c8b,[J@615c8b,[J@615c8b,[J@615c8b,[J@615c8b,[J@615c8b,[J@615c8b,[J@615c8b,[J@615c8b,[J@615c8b,[J@615c8b,[J@615c8b
operator: UnknownresourceId: Unknown - creating db connection using connection name: informix_connection
committing transaction
Read propery[ConnectionFactoryNS] which is  required  with value[com.topcoder.db.connectionfactory.DBConnectionFactoryImpl] from namespace [com.topcoder.management.project.persistence.InformixProjectPersistence].
Read propery[ConnectionName] which is  optional  with value[informix_connection] from namespace [com.topcoder.management.project.persistence.InformixProjectPersistence].
Read propery[ProjectIdSequenceName] which is  optional  with value[project_id_seq] from namespace [com.topcoder.management.project.persistence.InformixProjectPersistence].
Read propery[ProjectAuditIdSequenceName] which is  optional  with value[project_audit_id_seq] from namespace [com.topcoder.management.project.persistence.InformixProjectPersistence].
Read propery[ConnectionFactoryNS] which is  required  with value[com.topcoder.db.connectionfactory.DBConnectionFactoryImpl] from namespace [com.topcoder.management.project.persistence.link.ProjectLinkManagerImpl].
Read propery[ConnectionName] which is  optional  with value[informix_connection] from namespace [com.topcoder.management.project.persistence.link.ProjectLinkManagerImpl].
read property ConnectionFactoryNS[com.topcoder.db.connectionfactory.DBConnectionFactoryImpl] from the namespace :com.topcoder.management.scorecard.persistence.InformixScorecardPersistence
read property ConnectionName[informix_connection] from the namespace :com.topcoder.management.scorecard.persistence.InformixScorecardPersistence
Instantiate SqlUploadPersistence with connectionFactory and connectioName:informix_connection
Instantiate PersistenceUploadManager with UploadPersistence, uploadSearchBundle, submissionSearchBundle, uploadIdGenerator, uploadTypeIdGenerator, uploadStatusIdGenerator, submissionIDGenerator, submissionStatusIdGenerator and submissionTypeIdGenerator.
Instantiate AbstractResourcePersistence with connectionFactory and connectionName[informix_connection].
load Resource role with ids:[J@157444f,[J@157444f,[J@157444f,[J@157444f,[J@157444f,[J@157444f,[J@157444f,[J@157444f,[J@157444f,[J@157444f,[J@157444f,[J@157444f,[J@157444f,[J@157444f,[J@157444f,[J@157444f,[J@157444f,[J@157444f,[J@157444f,[J@157444f,[J@157444f,[J@157444f
operator: UnknownresourceId: Unknown - creating db connection using connection name: informix_connection
committing transaction
Read propery[ConnectionFactoryNS] which is  required  with value[com.topcoder.db.connectionfactory.DBConnectionFactoryImpl] from namespace [com.topcoder.management.project.persistence.InformixProjectPersistence].
Read propery[ConnectionName] which is  optional  with value[informix_connection] from namespace [com.topcoder.management.project.persistence.InformixProjectPersistence].
Read propery[ProjectIdSequenceName] which is  optional  with value[project_id_seq] from namespace [com.topcoder.management.project.persistence.InformixProjectPersistence].
Read propery[ProjectAuditIdSequenceName] which is  optional  with value[project_audit_id_seq] from namespace [com.topcoder.management.project.persistence.InformixProjectPersistence].
Read propery[ConnectionFactoryNS] which is  required  with value[com.topcoder.db.connectionfactory.DBConnectionFactoryImpl] from namespace [com.topcoder.management.project.persistence.link.ProjectLinkManagerImpl].
Read propery[ConnectionName] which is  optional  with value[informix_connection] from namespace [com.topcoder.management.project.persistence.link.ProjectLinkManagerImpl].
read property ConnectionFactoryNS[com.topcoder.db.connectionfactory.DBConnectionFactoryImpl] from the namespace :com.topcoder.management.scorecard.persistence.InformixScorecardPersistence
read property ConnectionName[informix_connection] from the namespace :com.topcoder.management.scorecard.persistence.InformixScorecardPersistence
Instantiate SqlUploadPersistence with connectionFactory and connectioName:informix_connection
Instantiate PersistenceUploadManager with UploadPersistence, uploadSearchBundle, submissionSearchBundle, uploadIdGenerator, uploadTypeIdGenerator, uploadStatusIdGenerator, submissionIDGenerator, submissionStatusIdGenerator and submissionTypeIdGenerator.
Instantiate AbstractResourcePersistence with connectionFactory and connectionName[informix_connection].
load Resource role with ids:[J@3c843d,[J@3c843d,[J@3c843d,[J@3c843d,[J@3c843d,[J@3c843d,[J@3c843d,[J@3c843d,[J@3c843d,[J@3c843d,[J@3c843d,[J@3c843d,[J@3c843d,[J@3c843d,[J@3c843d,[J@3c843d,[J@3c843d,[J@3c843d,[J@3c843d,[J@3c843d,[J@3c843d,[J@3c843d
operator: UnknownresourceId: Unknown - creating db connection using connection name: informix_connection
committing transaction
type: Upload id: Unknown operator:Unknown - search submissions with filter. found: 2
load Resource with ids:[J@1548499,[J@1548499
operator: UnknownresourceId: Unknown - creating db connection using connection name: informix_connection
load ResourceRole with id:4
operator: UnknownresourceId: Unknown - creating db connection using connection name: informix_connection
committing transaction
load ResourceRole with id:4
operator: UnknownresourceId: Unknown - creating db connection using connection name: informix_connection
committing transaction
committing transaction
type: Submission id: 1 operator:1001 - update Submission.
type: Submission id: 1 operator:Unknown - Update Submission, it will update record in submission table.
create db connection using connection name:informix_connection
close the connection.
type: Submission id: 2 operator:1001 - update Submission.
type: Submission id: 2 operator:Unknown - Update Submission, it will update record in submission table.
create db connection using connection name:informix_connection
close the connection.
operator: UnknownresourceId: 4 - load resource.
operator: UnknownresourceId: Unknown - creating db connection using connection name: informix_connection
load ResourceRole with id:1
operator: UnknownresourceId: Unknown - creating db connection using connection name: informix_connection
committing transaction
committing transaction
operator: UnknownresourceId: 5 - load resource.
operator: UnknownresourceId: Unknown - creating db connection using connection name: informix_connection
load ResourceRole with id:1
operator: UnknownresourceId: Unknown - creating db connection using connection name: informix_connection
committing transaction
committing transaction
load Notifications with array of userIds/projectIds/notificationTypes.
operator: UnknownresourceId: Unknown - creating db connection using connection name: informix_connection
committing transaction
get projects with the ids: 1
operator: UnknownprojectId: Unknown - creating db connection using connection name: informix_connection
committing transaction
load Resource role with ids:[J@102d823,[J@102d823,[J@102d823,[J@102d823,[J@102d823,[J@102d823,[J@102d823,[J@102d823,[J@102d823,[J@102d823,[J@102d823,[J@102d823,[J@102d823,[J@102d823,[J@102d823,[J@102d823,[J@102d823,[J@102d823,[J@102d823,[J@102d823,[J@102d823,[J@102d823
operator: UnknownresourceId: Unknown - creating db connection using connection name: informix_connection
committing transaction
load Resource with ids:[J@24823,[J@24823,[J@24823
operator: UnknownresourceId: Unknown - creating db connection using connection name: informix_connection
load ResourceRole with id:4
operator: UnknownresourceId: Unknown - creating db connection using connection name: informix_connection
committing transaction
load ResourceRole with id:4
operator: UnknownresourceId: Unknown - creating db connection using connection name: informix_connection
committing transaction
load ResourceRole with id:4
operator: UnknownresourceId: Unknown - creating db connection using connection name: informix_connection
committing transaction
committing transaction
load Resource with ids:[J@1e64656
operator: UnknownresourceId: Unknown - creating db connection using connection name: informix_connection
load ResourceRole with id:12
operator: UnknownresourceId: Unknown - creating db connection using connection name: informix_connection
committing transaction
committing transaction
load Resource with ids:[J@1b2fdc6
operator: UnknownresourceId: Unknown - creating db connection using connection name: informix_connection
load ResourceRole with id:13
operator: UnknownresourceId: Unknown - creating db connection using connection name: informix_connection
committing transaction
committing transaction
load Resource with ids:[J@67cc93
operator: UnknownresourceId: Unknown - creating db connection using connection name: informix_connection
load ResourceRole with id:9
operator: UnknownresourceId: Unknown - creating db connection using connection name: informix_connection
committing transaction
committing transaction
load Resource with ids:[J@17c9f02,[J@17c9f02
operator: UnknownresourceId: Unknown - creating db connection using connection name: informix_connection
load ResourceRole with id:1
operator: UnknownresourceId: Unknown - creating db connection using connection name: informix_connection
committing transaction
load ResourceRole with id:1
operator: UnknownresourceId: Unknown - creating db connection using connection name: informix_connection
committing transaction
committing transaction
operator: UnknownresourceId: 6 - load resource.
operator: UnknownresourceId: Unknown - creating db connection using connection name: informix_connection
load ResourceRole with id:4
operator: UnknownresourceId: Unknown - creating db connection using connection name: informix_connection
committing transaction
committing transaction
operator: UnknownresourceId: 4 - load resource.
operator: UnknownresourceId: Unknown - creating db connection using connection name: informix_connection
load ResourceRole with id:1
operator: UnknownresourceId: Unknown - creating db connection using connection name: informix_connection
committing transaction
committing transaction
operator: UnknownresourceId: 100000 - load resource.
operator: UnknownresourceId: Unknown - creating db connection using connection name: informix_connection
load ResourceRole with id:13
operator: UnknownresourceId: Unknown - creating db connection using connection name: informix_connection
committing transaction
committing transaction
operator: UnknownresourceId: 7 - load resource.
operator: UnknownresourceId: Unknown - creating db connection using connection name: informix_connection
load ResourceRole with id:4
operator: UnknownresourceId: Unknown - creating db connection using connection name: informix_connection
committing transaction
committing transaction
operator: UnknownresourceId: 5 - load resource.
operator: UnknownresourceId: Unknown - creating db connection using connection name: informix_connection
load ResourceRole with id:1
operator: UnknownresourceId: Unknown - creating db connection using connection name: informix_connection
committing transaction
committing transaction
load Resource with ids:[J@59e0e5,[J@59e0e5
operator: UnknownresourceId: Unknown - creating db connection using connection name: informix_connection
load ResourceRole with id:4
operator: UnknownresourceId: Unknown - creating db connection using connection name: informix_connection
committing transaction
load ResourceRole with id:4
operator: UnknownresourceId: Unknown - creating db connection using connection name: informix_connection
committing transaction
committing transaction
Read propery[ConnectionFactoryNS] which is  required  with value[com.topcoder.db.connectionfactory.DBConnectionFactoryImpl] from namespace [com.topcoder.management.project.persistence.InformixProjectPersistence].
Read propery[ConnectionName] which is  optional  with value[informix_connection] from namespace [com.topcoder.management.project.persistence.InformixProjectPersistence].
Read propery[ProjectIdSequenceName] which is  optional  with value[project_id_seq] from namespace [com.topcoder.management.project.persistence.InformixProjectPersistence].
Read propery[ProjectAuditIdSequenceName] which is  optional  with value[project_audit_id_seq] from namespace [com.topcoder.management.project.persistence.InformixProjectPersistence].
Read propery[ConnectionFactoryNS] which is  required  with value[com.topcoder.db.connectionfactory.DBConnectionFactoryImpl] from namespace [com.topcoder.management.project.persistence.link.ProjectLinkManagerImpl].
Read propery[ConnectionName] which is  optional  with value[informix_connection] from namespace [com.topcoder.management.project.persistence.link.ProjectLinkManagerImpl].
read property ConnectionFactoryNS[com.topcoder.db.connectionfactory.DBConnectionFactoryImpl] from the namespace :com.topcoder.management.scorecard.persistence.InformixScorecardPersistence
read property ConnectionName[informix_connection] from the namespace :com.topcoder.management.scorecard.persistence.InformixScorecardPersistence
Instantiate SqlUploadPersistence with connectionFactory and connectioName:informix_connection
Instantiate PersistenceUploadManager with UploadPersistence, uploadSearchBundle, submissionSearchBundle, uploadIdGenerator, uploadTypeIdGenerator, uploadStatusIdGenerator, submissionIDGenerator, submissionStatusIdGenerator and submissionTypeIdGenerator.
Instantiate AbstractResourcePersistence with connectionFactory and connectionName[informix_connection].
load Resource role with ids:[J@1d13c26,[J@1d13c26,[J@1d13c26,[J@1d13c26,[J@1d13c26,[J@1d13c26,[J@1d13c26,[J@1d13c26,[J@1d13c26,[J@1d13c26,[J@1d13c26,[J@1d13c26,[J@1d13c26,[J@1d13c26,[J@1d13c26,[J@1d13c26,[J@1d13c26,[J@1d13c26,[J@1d13c26,[J@1d13c26,[J@1d13c26,[J@1d13c26
operator: UnknownresourceId: Unknown - creating db connection using connection name: informix_connection
committing transaction
Read propery[ConnectionFactoryNS] which is  required  with value[com.topcoder.db.connectionfactory.DBConnectionFactoryImpl] from namespace [com.topcoder.management.project.persistence.InformixProjectPersistence].
Read propery[ConnectionName] which is  optional  with value[informix_connection] from namespace [com.topcoder.management.project.persistence.InformixProjectPersistence].
Read propery[ProjectIdSequenceName] which is  optional  with value[project_id_seq] from namespace [com.topcoder.management.project.persistence.InformixProjectPersistence].
Read propery[ProjectAuditIdSequenceName] which is  optional  with value[project_audit_id_seq] from namespace [com.topcoder.management.project.persistence.InformixProjectPersistence].
Read propery[ConnectionFactoryNS] which is  required  with value[com.topcoder.db.connectionfactory.DBConnectionFactoryImpl] from namespace [com.topcoder.management.project.persistence.link.ProjectLinkManagerImpl].
Read propery[ConnectionName] which is  optional  with value[informix_connection] from namespace [com.topcoder.management.project.persistence.link.ProjectLinkManagerImpl].
read property ConnectionFactoryNS[com.topcoder.db.connectionfactory.DBConnectionFactoryImpl] from the namespace :com.topcoder.management.scorecard.persistence.InformixScorecardPersistence
read property ConnectionName[informix_connection] from the namespace :com.topcoder.management.scorecard.persistence.InformixScorecardPersistence
Instantiate SqlUploadPersistence with connectionFactory and connectioName:informix_connection
Instantiate PersistenceUploadManager with UploadPersistence, uploadSearchBundle, submissionSearchBundle, uploadIdGenerator, uploadTypeIdGenerator, uploadStatusIdGenerator, submissionIDGenerator, submissionStatusIdGenerator and submissionTypeIdGenerator.
Instantiate AbstractResourcePersistence with connectionFactory and connectionName[informix_connection].
load Resource role with ids:[J@3ee38c,[J@3ee38c,[J@3ee38c,[J@3ee38c,[J@3ee38c,[J@3ee38c,[J@3ee38c,[J@3ee38c,[J@3ee38c,[J@3ee38c,[J@3ee38c,[J@3ee38c,[J@3ee38c,[J@3ee38c,[J@3ee38c,[J@3ee38c,[J@3ee38c,[J@3ee38c,[J@3ee38c,[J@3ee38c,[J@3ee38c,[J@3ee38c
operator: UnknownresourceId: Unknown - creating db connection using connection name: informix_connection
committing transaction
type: Upload id: Unknown operator:Unknown - search submissions with filter. found: 2
load Resource with ids:[J@e6d453,[J@e6d453
operator: UnknownresourceId: Unknown - creating db connection using connection name: informix_connection
load ResourceRole with id:4
operator: UnknownresourceId: Unknown - creating db connection using connection name: informix_connection
committing transaction
load ResourceRole with id:4
operator: UnknownresourceId: Unknown - creating db connection using connection name: informix_connection
committing transaction
committing transaction
type: Submission id: 1 operator:1001 - update Submission.
type: Submission id: 1 operator:Unknown - Update Submission, it will update record in submission table.
create db connection using connection name:informix_connection
close the connection.
type: Submission id: 2 operator:1001 - update Submission.
type: Submission id: 2 operator:Unknown - Update Submission, it will update record in submission table.
create db connection using connection name:informix_connection
close the connection.
operator: UnknownresourceId: 4 - load resource.
operator: UnknownresourceId: Unknown - creating db connection using connection name: informix_connection
load ResourceRole with id:1
operator: UnknownresourceId: Unknown - creating db connection using connection name: informix_connection
committing transaction
committing transaction
operator: UnknownresourceId: 5 - load resource.
operator: UnknownresourceId: Unknown - creating db connection using connection name: informix_connection
load ResourceRole with id:1
operator: UnknownresourceId: Unknown - creating db connection using connection name: informix_connection
committing transaction
committing transaction
load Notifications with array of userIds/projectIds/notificationTypes.
operator: UnknownresourceId: Unknown - creating db connection using connection name: informix_connection
committing transaction
get projects with the ids: 1
operator: UnknownprojectId: Unknown - creating db connection using connection name: informix_connection
committing transaction
load Resource role with ids:[J@191ff7e,[J@191ff7e,[J@191ff7e,[J@191ff7e,[J@191ff7e,[J@191ff7e,[J@191ff7e,[J@191ff7e,[J@191ff7e,[J@191ff7e,[J@191ff7e,[J@191ff7e,[J@191ff7e,[J@191ff7e,[J@191ff7e,[J@191ff7e,[J@191ff7e,[J@191ff7e,[J@191ff7e,[J@191ff7e,[J@191ff7e,[J@191ff7e
operator: UnknownresourceId: Unknown - creating db connection using connection name: informix_connection
committing transaction
load Resource with ids:[J@e64b80,[J@e64b80,[J@e64b80
operator: UnknownresourceId: Unknown - creating db connection using connection name: informix_connection
load ResourceRole with id:4
operator: UnknownresourceId: Unknown - creating db connection using connection name: informix_connection
committing transaction
load ResourceRole with id:4
operator: UnknownresourceId: Unknown - creating db connection using connection name: informix_connection
committing transaction
load ResourceRole with id:4
operator: UnknownresourceId: Unknown - creating db connection using connection name: informix_connection
committing transaction
committing transaction
load Resource with ids:[J@138f209
operator: UnknownresourceId: Unknown - creating db connection using connection name: informix_connection
load ResourceRole with id:12
operator: UnknownresourceId: Unknown - creating db connection using connection name: informix_connection
committing transaction
committing transaction
load Resource with ids:[J@c9e03
operator: UnknownresourceId: Unknown - creating db connection using connection name: informix_connection
load ResourceRole with id:13
operator: UnknownresourceId: Unknown - creating db connection using connection name: informix_connection
committing transaction
committing transaction
load Resource with ids:[J@dc55c
operator: UnknownresourceId: Unknown - creating db connection using connection name: informix_connection
load ResourceRole with id:9
operator: UnknownresourceId: Unknown - creating db connection using connection name: informix_connection
committing transaction
committing transaction
load Resource with ids:[J@125c934,[J@125c934
operator: UnknownresourceId: Unknown - creating db connection using connection name: informix_connection
load ResourceRole with id:1
operator: UnknownresourceId: Unknown - creating db connection using connection name: informix_connection
committing transaction
load ResourceRole with id:1
operator: UnknownresourceId: Unknown - creating db connection using connection name: informix_connection
committing transaction
committing transaction
operator: UnknownresourceId: 6 - load resource.
operator: UnknownresourceId: Unknown - creating db connection using connection name: informix_connection
load ResourceRole with id:4
operator: UnknownresourceId: Unknown - creating db connection using connection name: informix_connection
committing transaction
committing transaction
operator: UnknownresourceId: 4 - load resource.
operator: UnknownresourceId: Unknown - creating db connection using connection name: informix_connection
load ResourceRole with id:1
operator: UnknownresourceId: Unknown - creating db connection using connection name: informix_connection
committing transaction
committing transaction
operator: UnknownresourceId: 100000 - load resource.
operator: UnknownresourceId: Unknown - creating db connection using connection name: informix_connection
load ResourceRole with id:13
operator: UnknownresourceId: Unknown - creating db connection using connection name: informix_connection
committing transaction
committing transaction
operator: UnknownresourceId: 7 - load resource.
operator: UnknownresourceId: Unknown - creating db connection using connection name: informix_connection
load ResourceRole with id:4
operator: UnknownresourceId: Unknown - creating db connection using connection name: informix_connection
committing transaction
committing transaction
operator: UnknownresourceId: 5 - load resource.
operator: UnknownresourceId: Unknown - creating db connection using connection name: informix_connection
load ResourceRole with id:1
operator: UnknownresourceId: Unknown - creating db connection using connection name: informix_connection
committing transaction
committing transaction
load Resource with ids:[J@c3b8a3,[J@c3b8a3
operator: UnknownresourceId: Unknown - creating db connection using connection name: informix_connection
load ResourceRole with id:4
operator: UnknownresourceId: Unknown - creating db connection using connection name: informix_connection
committing transaction
load ResourceRole with id:4
operator: UnknownresourceId: Unknown - creating db connection using connection name: informix_connection
committing transaction
committing transaction
Read propery[ConnectionFactoryNS] which is  required  with value[com.topcoder.db.connectionfactory.DBConnectionFactoryImpl] from namespace [com.topcoder.management.project.persistence.InformixProjectPersistence].
Read propery[ConnectionName] which is  optional  with value[informix_connection] from namespace [com.topcoder.management.project.persistence.InformixProjectPersistence].
Read propery[ProjectIdSequenceName] which is  optional  with value[project_id_seq] from namespace [com.topcoder.management.project.persistence.InformixProjectPersistence].
Read propery[ProjectAuditIdSequenceName] which is  optional  with value[project_audit_id_seq] from namespace [com.topcoder.management.project.persistence.InformixProjectPersistence].
Read propery[ConnectionFactoryNS] which is  required  with value[com.topcoder.db.connectionfactory.DBConnectionFactoryImpl] from namespace [com.topcoder.management.project.persistence.link.ProjectLinkManagerImpl].
Read propery[ConnectionName] which is  optional  with value[informix_connection] from namespace [com.topcoder.management.project.persistence.link.ProjectLinkManagerImpl].
read property ConnectionFactoryNS[com.topcoder.db.connectionfactory.DBConnectionFactoryImpl] from the namespace :com.topcoder.management.scorecard.persistence.InformixScorecardPersistence
read property ConnectionName[informix_connection] from the namespace :com.topcoder.management.scorecard.persistence.InformixScorecardPersistence
Instantiate SqlUploadPersistence with connectionFactory and connectioName:informix_connection
Instantiate PersistenceUploadManager with UploadPersistence, uploadSearchBundle, submissionSearchBundle, uploadIdGenerator, uploadTypeIdGenerator, uploadStatusIdGenerator, submissionIDGenerator, submissionStatusIdGenerator and submissionTypeIdGenerator.
Instantiate AbstractResourcePersistence with connectionFactory and connectionName[informix_connection].
load Resource role with ids:[J@158d955,[J@158d955,[J@158d955,[J@158d955,[J@158d955,[J@158d955,[J@158d955,[J@158d955,[J@158d955,[J@158d955,[J@158d955,[J@158d955,[J@158d955,[J@158d955,[J@158d955,[J@158d955,[J@158d955,[J@158d955,[J@158d955,[J@158d955,[J@158d955,[J@158d955
operator: UnknownresourceId: Unknown - creating db connection using connection name: informix_connection
committing transaction
load Resource with ids:[J@c08a64
operator: UnknownresourceId: Unknown - creating db connection using connection name: informix_connection
load ResourceRole with id:4
operator: UnknownresourceId: Unknown - creating db connection using connection name: informix_connection
committing transaction
committing transaction
type: Upload id: Unknown operator:Unknown - search submissions with filter. found: 1
load Resource with ids:[J@137c3b5
operator: UnknownresourceId: Unknown - creating db connection using connection name: informix_connection
load ResourceRole with id:4
operator: UnknownresourceId: Unknown - creating db connection using connection name: informix_connection
committing transaction
committing transaction
Read propery[ConnectionFactoryNS] which is  required  with value[com.topcoder.db.connectionfactory.DBConnectionFactoryImpl] from namespace [com.topcoder.management.project.persistence.InformixProjectPersistence].
Read propery[ConnectionName] which is  optional  with value[informix_connection] from namespace [com.topcoder.management.project.persistence.InformixProjectPersistence].
Read propery[ProjectIdSequenceName] which is  optional  with value[project_id_seq] from namespace [com.topcoder.management.project.persistence.InformixProjectPersistence].
Read propery[ProjectAuditIdSequenceName] which is  optional  with value[project_audit_id_seq] from namespace [com.topcoder.management.project.persistence.InformixProjectPersistence].
Read propery[ConnectionFactoryNS] which is  required  with value[com.topcoder.db.connectionfactory.DBConnectionFactoryImpl] from namespace [com.topcoder.management.project.persistence.link.ProjectLinkManagerImpl].
Read propery[ConnectionName] which is  optional  with value[informix_connection] from namespace [com.topcoder.management.project.persistence.link.ProjectLinkManagerImpl].
read property ConnectionFactoryNS[com.topcoder.db.connectionfactory.DBConnectionFactoryImpl] from the namespace :com.topcoder.management.scorecard.persistence.InformixScorecardPersistence
read property ConnectionName[informix_connection] from the namespace :com.topcoder.management.scorecard.persistence.InformixScorecardPersistence
Instantiate SqlUploadPersistence with connectionFactory and connectioName:informix_connection
Instantiate PersistenceUploadManager with UploadPersistence, uploadSearchBundle, submissionSearchBundle, uploadIdGenerator, uploadTypeIdGenerator, uploadStatusIdGenerator, submissionIDGenerator, submissionStatusIdGenerator and submissionTypeIdGenerator.
Instantiate AbstractResourcePersistence with connectionFactory and connectionName[informix_connection].
load Resource role with ids:[J@16ba29,[J@16ba29,[J@16ba29,[J@16ba29,[J@16ba29,[J@16ba29,[J@16ba29,[J@16ba29,[J@16ba29,[J@16ba29,[J@16ba29,[J@16ba29,[J@16ba29,[J@16ba29,[J@16ba29,[J@16ba29,[J@16ba29,[J@16ba29,[J@16ba29,[J@16ba29,[J@16ba29,[J@16ba29
operator: UnknownresourceId: Unknown - creating db connection using connection name: informix_connection
committing transaction
Read propery[ConnectionFactoryNS] which is  required  with value[com.topcoder.db.connectionfactory.DBConnectionFactoryImpl] from namespace [com.topcoder.management.project.persistence.InformixProjectPersistence].
Read propery[ConnectionName] which is  optional  with value[informix_connection] from namespace [com.topcoder.management.project.persistence.InformixProjectPersistence].
Read propery[ProjectIdSequenceName] which is  optional  with value[project_id_seq] from namespace [com.topcoder.management.project.persistence.InformixProjectPersistence].
Read propery[ProjectAuditIdSequenceName] which is  optional  with value[project_audit_id_seq] from namespace [com.topcoder.management.project.persistence.InformixProjectPersistence].
Read propery[ConnectionFactoryNS] which is  required  with value[com.topcoder.db.connectionfactory.DBConnectionFactoryImpl] from namespace [com.topcoder.management.project.persistence.link.ProjectLinkManagerImpl].
Read propery[ConnectionName] which is  optional  with value[informix_connection] from namespace [com.topcoder.management.project.persistence.link.ProjectLinkManagerImpl].
read property ConnectionFactoryNS[com.topcoder.db.connectionfactory.DBConnectionFactoryImpl] from the namespace :com.topcoder.management.scorecard.persistence.InformixScorecardPersistence
read property ConnectionName[informix_connection] from the namespace :com.topcoder.management.scorecard.persistence.InformixScorecardPersistence
Instantiate SqlUploadPersistence with connectionFactory and connectioName:informix_connection
Instantiate PersistenceUploadManager with UploadPersistence, uploadSearchBundle, submissionSearchBundle, uploadIdGenerator, uploadTypeIdGenerator, uploadStatusIdGenerator, submissionIDGenerator, submissionStatusIdGenerator and submissionTypeIdGenerator.
Instantiate AbstractResourcePersistence with connectionFactory and connectionName[informix_connection].
load Resource role with ids:[J@1139f1b,[J@1139f1b,[J@1139f1b,[J@1139f1b,[J@1139f1b,[J@1139f1b,[J@1139f1b,[J@1139f1b,[J@1139f1b,[J@1139f1b,[J@1139f1b,[J@1139f1b,[J@1139f1b,[J@1139f1b,[J@1139f1b,[J@1139f1b,[J@1139f1b,[J@1139f1b,[J@1139f1b,[J@1139f1b,[J@1139f1b,[J@1139f1b
operator: UnknownresourceId: Unknown - creating db connection using connection name: informix_connection
committing transaction
Read propery[ConnectionFactoryNS] which is  required  with value[com.topcoder.db.connectionfactory.DBConnectionFactoryImpl] from namespace [com.topcoder.management.project.persistence.InformixProjectPersistence].
Read propery[ConnectionName] which is  optional  with value[informix_connection] from namespace [com.topcoder.management.project.persistence.InformixProjectPersistence].
Read propery[ProjectIdSequenceName] which is  optional  with value[project_id_seq] from namespace [com.topcoder.management.project.persistence.InformixProjectPersistence].
Read propery[ProjectAuditIdSequenceName] which is  optional  with value[project_audit_id_seq] from namespace [com.topcoder.management.project.persistence.InformixProjectPersistence].
Read propery[ConnectionFactoryNS] which is  required  with value[com.topcoder.db.connectionfactory.DBConnectionFactoryImpl] from namespace [com.topcoder.management.project.persistence.link.ProjectLinkManagerImpl].
Read propery[ConnectionName] which is  optional  with value[informix_connection] from namespace [com.topcoder.management.project.persistence.link.ProjectLinkManagerImpl].
read property ConnectionFactoryNS[com.topcoder.db.connectionfactory.DBConnectionFactoryImpl] from the namespace :com.topcoder.management.scorecard.persistence.InformixScorecardPersistence
read property ConnectionName[informix_connection] from the namespace :com.topcoder.management.scorecard.persistence.InformixScorecardPersistence
Instantiate SqlUploadPersistence with connectionFactory and connectioName:informix_connection
Instantiate PersistenceUploadManager with UploadPersistence, uploadSearchBundle, submissionSearchBundle, uploadIdGenerator, uploadTypeIdGenerator, uploadStatusIdGenerator, submissionIDGenerator, submissionStatusIdGenerator and submissionTypeIdGenerator.
Instantiate AbstractResourcePersistence with connectionFactory and connectionName[informix_connection].
load Resource role with ids:[J@889b3c,[J@889b3c,[J@889b3c,[J@889b3c,[J@889b3c,[J@889b3c,[J@889b3c,[J@889b3c,[J@889b3c,[J@889b3c,[J@889b3c,[J@889b3c,[J@889b3c,[J@889b3c,[J@889b3c,[J@889b3c,[J@889b3c,[J@889b3c,[J@889b3c,[J@889b3c,[J@889b3c,[J@889b3c
operator: UnknownresourceId: Unknown - creating db connection using connection name: informix_connection
committing transaction
Read propery[ConnectionFactoryNS] which is  required  with value[com.topcoder.db.connectionfactory.DBConnectionFactoryImpl] from namespace [com.topcoder.management.project.persistence.InformixProjectPersistence].
Read propery[ConnectionName] which is  optional  with value[informix_connection] from namespace [com.topcoder.management.project.persistence.InformixProjectPersistence].
Read propery[ProjectIdSequenceName] which is  optional  with value[project_id_seq] from namespace [com.topcoder.management.project.persistence.InformixProjectPersistence].
Read propery[ProjectAuditIdSequenceName] which is  optional  with value[project_audit_id_seq] from namespace [com.topcoder.management.project.persistence.InformixProjectPersistence].
Read propery[ConnectionFactoryNS] which is  required  with value[com.topcoder.db.connectionfactory.DBConnectionFactoryImpl] from namespace [com.topcoder.management.project.persistence.link.ProjectLinkManagerImpl].
Read propery[ConnectionName] which is  optional  with value[informix_connection] from namespace [com.topcoder.management.project.persistence.link.ProjectLinkManagerImpl].
read property ConnectionFactoryNS[com.topcoder.db.connectionfactory.DBConnectionFactoryImpl] from the namespace :com.topcoder.management.scorecard.persistence.InformixScorecardPersistence
read property ConnectionName[informix_connection] from the namespace :com.topcoder.management.scorecard.persistence.InformixScorecardPersistence
Instantiate SqlUploadPersistence with connectionFactory and connectioName:informix_connection
Instantiate PersistenceUploadManager with UploadPersistence, uploadSearchBundle, submissionSearchBundle, uploadIdGenerator, uploadTypeIdGenerator, uploadStatusIdGenerator, submissionIDGenerator, submissionStatusIdGenerator and submissionTypeIdGenerator.
Instantiate AbstractResourcePersistence with connectionFactory and connectionName[informix_connection].
load Resource role with ids:[J@235ed5,[J@235ed5,[J@235ed5,[J@235ed5,[J@235ed5,[J@235ed5,[J@235ed5,[J@235ed5,[J@235ed5,[J@235ed5,[J@235ed5,[J@235ed5,[J@235ed5,[J@235ed5,[J@235ed5,[J@235ed5,[J@235ed5,[J@235ed5,[J@235ed5,[J@235ed5,[J@235ed5,[J@235ed5
operator: UnknownresourceId: Unknown - creating db connection using connection name: informix_connection
committing transaction
Read propery[ConnectionFactoryNS] which is  required  with value[com.topcoder.db.connectionfactory.DBConnectionFactoryImpl] from namespace [com.topcoder.management.project.persistence.InformixProjectPersistence].
Read propery[ConnectionName] which is  optional  with value[informix_connection] from namespace [com.topcoder.management.project.persistence.InformixProjectPersistence].
Read propery[ProjectIdSequenceName] which is  optional  with value[project_id_seq] from namespace [com.topcoder.management.project.persistence.InformixProjectPersistence].
Read propery[ProjectAuditIdSequenceName] which is  optional  with value[project_audit_id_seq] from namespace [com.topcoder.management.project.persistence.InformixProjectPersistence].
Read propery[ConnectionFactoryNS] which is  required  with value[com.topcoder.db.connectionfactory.DBConnectionFactoryImpl] from namespace [com.topcoder.management.project.persistence.link.ProjectLinkManagerImpl].
Read propery[ConnectionName] which is  optional  with value[informix_connection] from namespace [com.topcoder.management.project.persistence.link.ProjectLinkManagerImpl].
read property ConnectionFactoryNS[com.topcoder.db.connectionfactory.DBConnectionFactoryImpl] from the namespace :com.topcoder.management.scorecard.persistence.InformixScorecardPersistence
read property ConnectionName[informix_connection] from the namespace :com.topcoder.management.scorecard.persistence.InformixScorecardPersistence
Instantiate SqlUploadPersistence with connectionFactory and connectioName:informix_connection
Instantiate PersistenceUploadManager with UploadPersistence, uploadSearchBundle, submissionSearchBundle, uploadIdGenerator, uploadTypeIdGenerator, uploadStatusIdGenerator, submissionIDGenerator, submissionStatusIdGenerator and submissionTypeIdGenerator.
Instantiate AbstractResourcePersistence with connectionFactory and connectionName[informix_connection].
load Resource role with ids:[J@d6f833,[J@d6f833,[J@d6f833,[J@d6f833,[J@d6f833,[J@d6f833,[J@d6f833,[J@d6f833,[J@d6f833,[J@d6f833,[J@d6f833,[J@d6f833,[J@d6f833,[J@d6f833,[J@d6f833,[J@d6f833,[J@d6f833,[J@d6f833,[J@d6f833,[J@d6f833,[J@d6f833,[J@d6f833
operator: UnknownresourceId: Unknown - creating db connection using connection name: informix_connection
committing transaction
Read propery[ConnectionFactoryNS] which is  required  with value[com.topcoder.db.connectionfactory.DBConnectionFactoryImpl] from namespace [com.topcoder.management.project.persistence.InformixProjectPersistence].
Read propery[ConnectionName] which is  optional  with value[informix_connection] from namespace [com.topcoder.management.project.persistence.InformixProjectPersistence].
Read propery[ProjectIdSequenceName] which is  optional  with value[project_id_seq] from namespace [com.topcoder.management.project.persistence.InformixProjectPersistence].
Read propery[ProjectAuditIdSequenceName] which is  optional  with value[project_audit_id_seq] from namespace [com.topcoder.management.project.persistence.InformixProjectPersistence].
Read propery[ConnectionFactoryNS] which is  required  with value[com.topcoder.db.connectionfactory.DBConnectionFactoryImpl] from namespace [com.topcoder.management.project.persistence.link.ProjectLinkManagerImpl].
Read propery[ConnectionName] which is  optional  with value[informix_connection] from namespace [com.topcoder.management.project.persistence.link.ProjectLinkManagerImpl].
read property ConnectionFactoryNS[com.topcoder.db.connectionfactory.DBConnectionFactoryImpl] from the namespace :com.topcoder.management.scorecard.persistence.InformixScorecardPersistence
read property ConnectionName[informix_connection] from the namespace :com.topcoder.management.scorecard.persistence.InformixScorecardPersistence
Instantiate SqlUploadPersistence with connectionFactory and connectioName:informix_connection
Instantiate PersistenceUploadManager with UploadPersistence, uploadSearchBundle, submissionSearchBundle, uploadIdGenerator, uploadTypeIdGenerator, uploadStatusIdGenerator, submissionIDGenerator, submissionStatusIdGenerator and submissionTypeIdGenerator.
Instantiate AbstractResourcePersistence with connectionFactory and connectionName[informix_connection].
load Resource role with ids:[J@4a19e2,[J@4a19e2,[J@4a19e2,[J@4a19e2,[J@4a19e2,[J@4a19e2,[J@4a19e2,[J@4a19e2,[J@4a19e2,[J@4a19e2,[J@4a19e2,[J@4a19e2,[J@4a19e2,[J@4a19e2,[J@4a19e2,[J@4a19e2,[J@4a19e2,[J@4a19e2,[J@4a19e2,[J@4a19e2,[J@4a19e2,[J@4a19e2
operator: UnknownresourceId: Unknown - creating db connection using connection name: informix_connection
committing transaction
Read propery[ConnectionFactoryNS] which is  required  with value[com.topcoder.db.connectionfactory.DBConnectionFactoryImpl] from namespace [com.topcoder.management.project.persistence.InformixProjectPersistence].
Read propery[ConnectionName] which is  optional  with value[informix_connection] from namespace [com.topcoder.management.project.persistence.InformixProjectPersistence].
Read propery[ProjectIdSequenceName] which is  optional  with value[project_id_seq] from namespace [com.topcoder.management.project.persistence.InformixProjectPersistence].
Read propery[ProjectAuditIdSequenceName] which is  optional  with value[project_audit_id_seq] from namespace [com.topcoder.management.project.persistence.InformixProjectPersistence].
Read propery[ConnectionFactoryNS] which is  required  with value[com.topcoder.db.connectionfactory.DBConnectionFactoryImpl] from namespace [com.topcoder.management.project.persistence.link.ProjectLinkManagerImpl].
Read propery[ConnectionName] which is  optional  with value[informix_connection] from namespace [com.topcoder.management.project.persistence.link.ProjectLinkManagerImpl].
read property ConnectionFactoryNS[com.topcoder.db.connectionfactory.DBConnectionFactoryImpl] from the namespace :com.topcoder.management.scorecard.persistence.InformixScorecardPersistence
read property ConnectionName[informix_connection] from the namespace :com.topcoder.management.scorecard.persistence.InformixScorecardPersistence
Instantiate SqlUploadPersistence with connectionFactory and connectioName:informix_connection
Instantiate PersistenceUploadManager with UploadPersistence, uploadSearchBundle, submissionSearchBundle, uploadIdGenerator, uploadTypeIdGenerator, uploadStatusIdGenerator, submissionIDGenerator, submissionStatusIdGenerator and submissionTypeIdGenerator.
Instantiate AbstractResourcePersistence with connectionFactory and connectionName[informix_connection].
load Resource role with ids:[J@6cea8a,[J@6cea8a,[J@6cea8a,[J@6cea8a,[J@6cea8a,[J@6cea8a,[J@6cea8a,[J@6cea8a,[J@6cea8a,[J@6cea8a,[J@6cea8a,[J@6cea8a,[J@6cea8a,[J@6cea8a,[J@6cea8a,[J@6cea8a,[J@6cea8a,[J@6cea8a,[J@6cea8a,[J@6cea8a,[J@6cea8a,[J@6cea8a
operator: UnknownresourceId: Unknown - creating db connection using connection name: informix_connection
committing transaction
Read propery[ConnectionFactoryNS] which is  required  with value[com.topcoder.db.connectionfactory.DBConnectionFactoryImpl] from namespace [com.topcoder.management.project.persistence.InformixProjectPersistence].
Read propery[ConnectionName] which is  optional  with value[informix_connection] from namespace [com.topcoder.management.project.persistence.InformixProjectPersistence].
Read propery[ProjectIdSequenceName] which is  optional  with value[project_id_seq] from namespace [com.topcoder.management.project.persistence.InformixProjectPersistence].
Read propery[ProjectAuditIdSequenceName] which is  optional  with value[project_audit_id_seq] from namespace [com.topcoder.management.project.persistence.InformixProjectPersistence].
Read propery[ConnectionFactoryNS] which is  required  with value[com.topcoder.db.connectionfactory.DBConnectionFactoryImpl] from namespace [com.topcoder.management.project.persistence.link.ProjectLinkManagerImpl].
Read propery[ConnectionName] which is  optional  with value[informix_connection] from namespace [com.topcoder.management.project.persistence.link.ProjectLinkManagerImpl].
read property ConnectionFactoryNS[com.topcoder.db.connectionfactory.DBConnectionFactoryImpl] from the namespace :com.topcoder.management.scorecard.persistence.InformixScorecardPersistence
read property ConnectionName[informix_connection] from the namespace :com.topcoder.management.scorecard.persistence.InformixScorecardPersistence
Instantiate SqlUploadPersistence with connectionFactory and connectioName:informix_connection
Instantiate PersistenceUploadManager with UploadPersistence, uploadSearchBundle, submissionSearchBundle, uploadIdGenerator, uploadTypeIdGenerator, uploadStatusIdGenerator, submissionIDGenerator, submissionStatusIdGenerator and submissionTypeIdGenerator.
Instantiate AbstractResourcePersistence with connectionFactory and connectionName[informix_connection].
load Resource role with ids:[J@1373a71,[J@1373a71,[J@1373a71,[J@1373a71,[J@1373a71,[J@1373a71,[J@1373a71,[J@1373a71,[J@1373a71,[J@1373a71,[J@1373a71,[J@1373a71,[J@1373a71,[J@1373a71,[J@1373a71,[J@1373a71,[J@1373a71,[J@1373a71,[J@1373a71,[J@1373a71,[J@1373a71,[J@1373a71
operator: UnknownresourceId: Unknown - creating db connection using connection name: informix_connection
committing transaction
Read propery[ConnectionFactoryNS] which is  required  with value[com.topcoder.db.connectionfactory.DBConnectionFactoryImpl] from namespace [com.topcoder.management.project.persistence.InformixProjectPersistence].
Read propery[ConnectionName] which is  optional  with value[informix_connection] from namespace [com.topcoder.management.project.persistence.InformixProjectPersistence].
Read propery[ProjectIdSequenceName] which is  optional  with value[project_id_seq] from namespace [com.topcoder.management.project.persistence.InformixProjectPersistence].
Read propery[ProjectAuditIdSequenceName] which is  optional  with value[project_audit_id_seq] from namespace [com.topcoder.management.project.persistence.InformixProjectPersistence].
Read propery[ConnectionFactoryNS] which is  required  with value[com.topcoder.db.connectionfactory.DBConnectionFactoryImpl] from namespace [com.topcoder.management.project.persistence.link.ProjectLinkManagerImpl].
Read propery[ConnectionName] which is  optional  with value[informix_connection] from namespace [com.topcoder.management.project.persistence.link.ProjectLinkManagerImpl].
read property ConnectionFactoryNS[com.topcoder.db.connectionfactory.DBConnectionFactoryImpl] from the namespace :com.topcoder.management.scorecard.persistence.InformixScorecardPersistence
read property ConnectionName[informix_connection] from the namespace :com.topcoder.management.scorecard.persistence.InformixScorecardPersistence
Instantiate SqlUploadPersistence with connectionFactory and connectioName:informix_connection
Instantiate PersistenceUploadManager with UploadPersistence, uploadSearchBundle, submissionSearchBundle, uploadIdGenerator, uploadTypeIdGenerator, uploadStatusIdGenerator, submissionIDGenerator, submissionStatusIdGenerator and submissionTypeIdGenerator.
Instantiate AbstractResourcePersistence with connectionFactory and connectionName[informix_connection].
load Resource role with ids:[J@1f33511,[J@1f33511,[J@1f33511,[J@1f33511,[J@1f33511,[J@1f33511,[J@1f33511,[J@1f33511,[J@1f33511,[J@1f33511,[J@1f33511,[J@1f33511,[J@1f33511,[J@1f33511,[J@1f33511,[J@1f33511,[J@1f33511,[J@1f33511,[J@1f33511,[J@1f33511,[J@1f33511,[J@1f33511
operator: UnknownresourceId: Unknown - creating db connection using connection name: informix_connection
committing transaction
get projects with the ids: 1
operator: UnknownprojectId: Unknown - creating db connection using connection name: informix_connection
committing transaction
can't open aggregation because there is no winner for project: 1
can't open aggregation because there is no Aggregator for project: 1
get projects with the ids: 1
operator: UnknownprojectId: Unknown - creating db connection using connection name: informix_connection
committing transaction
load Resource with ids:[J@1fd251
operator: UnknownresourceId: Unknown - creating db connection using connection name: informix_connection
load ResourceRole with id:1
operator: UnknownresourceId: Unknown - creating db connection using connection name: informix_connection
committing transaction
committing transaction
load Resource with ids:[J@1ca8007
operator: UnknownresourceId: Unknown - creating db connection using connection name: informix_connection
load ResourceRole with id:8
operator: UnknownresourceId: Unknown - creating db connection using connection name: informix_connection
committing transaction
committing transaction
Read propery[ConnectionFactoryNS] which is  required  with value[com.topcoder.db.connectionfactory.DBConnectionFactoryImpl] from namespace [com.topcoder.management.project.persistence.InformixProjectPersistence].
Read propery[ConnectionName] which is  optional  with value[informix_connection] from namespace [com.topcoder.management.project.persistence.InformixProjectPersistence].
Read propery[ProjectIdSequenceName] which is  optional  with value[project_id_seq] from namespace [com.topcoder.management.project.persistence.InformixProjectPersistence].
Read propery[ProjectAuditIdSequenceName] which is  optional  with value[project_audit_id_seq] from namespace [com.topcoder.management.project.persistence.InformixProjectPersistence].
Read propery[ConnectionFactoryNS] which is  required  with value[com.topcoder.db.connectionfactory.DBConnectionFactoryImpl] from namespace [com.topcoder.management.project.persistence.link.ProjectLinkManagerImpl].
Read propery[ConnectionName] which is  optional  with value[informix_connection] from namespace [com.topcoder.management.project.persistence.link.ProjectLinkManagerImpl].
read property ConnectionFactoryNS[com.topcoder.db.connectionfactory.DBConnectionFactoryImpl] from the namespace :com.topcoder.management.scorecard.persistence.InformixScorecardPersistence
read property ConnectionName[informix_connection] from the namespace :com.topcoder.management.scorecard.persistence.InformixScorecardPersistence
Instantiate SqlUploadPersistence with connectionFactory and connectioName:informix_connection
Instantiate PersistenceUploadManager with UploadPersistence, uploadSearchBundle, submissionSearchBundle, uploadIdGenerator, uploadTypeIdGenerator, uploadStatusIdGenerator, submissionIDGenerator, submissionStatusIdGenerator and submissionTypeIdGenerator.
Instantiate AbstractResourcePersistence with connectionFactory and connectionName[informix_connection].
load Resource role with ids:[J@984b44,[J@984b44,[J@984b44,[J@984b44,[J@984b44,[J@984b44,[J@984b44,[J@984b44,[J@984b44,[J@984b44,[J@984b44,[J@984b44,[J@984b44,[J@984b44,[J@984b44,[J@984b44,[J@984b44,[J@984b44,[J@984b44,[J@984b44,[J@984b44,[J@984b44
operator: UnknownresourceId: Unknown - creating db connection using connection name: informix_connection
committing transaction
Read propery[ConnectionFactoryNS] which is  required  with value[com.topcoder.db.connectionfactory.DBConnectionFactoryImpl] from namespace [com.topcoder.management.project.persistence.InformixProjectPersistence].
Read propery[ConnectionName] which is  optional  with value[informix_connection] from namespace [com.topcoder.management.project.persistence.InformixProjectPersistence].
Read propery[ProjectIdSequenceName] which is  optional  with value[project_id_seq] from namespace [com.topcoder.management.project.persistence.InformixProjectPersistence].
Read propery[ProjectAuditIdSequenceName] which is  optional  with value[project_audit_id_seq] from namespace [com.topcoder.management.project.persistence.InformixProjectPersistence].
Read propery[ConnectionFactoryNS] which is  required  with value[com.topcoder.db.connectionfactory.DBConnectionFactoryImpl] from namespace [com.topcoder.management.project.persistence.link.ProjectLinkManagerImpl].
Read propery[ConnectionName] which is  optional  with value[informix_connection] from namespace [com.topcoder.management.project.persistence.link.ProjectLinkManagerImpl].
read property ConnectionFactoryNS[com.topcoder.db.connectionfactory.DBConnectionFactoryImpl] from the namespace :com.topcoder.management.scorecard.persistence.InformixScorecardPersistence
read property ConnectionName[informix_connection] from the namespace :com.topcoder.management.scorecard.persistence.InformixScorecardPersistence
Instantiate SqlUploadPersistence with connectionFactory and connectioName:informix_connection
Instantiate PersistenceUploadManager with UploadPersistence, uploadSearchBundle, submissionSearchBundle, uploadIdGenerator, uploadTypeIdGenerator, uploadStatusIdGenerator, submissionIDGenerator, submissionStatusIdGenerator and submissionTypeIdGenerator.
Instantiate AbstractResourcePersistence with connectionFactory and connectionName[informix_connection].
load Resource role with ids:[J@16374f1,[J@16374f1,[J@16374f1,[J@16374f1,[J@16374f1,[J@16374f1,[J@16374f1,[J@16374f1,[J@16374f1,[J@16374f1,[J@16374f1,[J@16374f1,[J@16374f1,[J@16374f1,[J@16374f1,[J@16374f1,[J@16374f1,[J@16374f1,[J@16374f1,[J@16374f1,[J@16374f1,[J@16374f1
operator: UnknownresourceId: Unknown - creating db connection using connection name: informix_connection
committing transaction
Read propery[ConnectionFactoryNS] which is  required  with value[com.topcoder.db.connectionfactory.DBConnectionFactoryImpl] from namespace [com.topcoder.management.project.persistence.InformixProjectPersistence].
Read propery[ConnectionName] which is  optional  with value[informix_connection] from namespace [com.topcoder.management.project.persistence.InformixProjectPersistence].
Read propery[ProjectIdSequenceName] which is  optional  with value[project_id_seq] from namespace [com.topcoder.management.project.persistence.InformixProjectPersistence].
Read propery[ProjectAuditIdSequenceName] which is  optional  with value[project_audit_id_seq] from namespace [com.topcoder.management.project.persistence.InformixProjectPersistence].
Read propery[ConnectionFactoryNS] which is  required  with value[com.topcoder.db.connectionfactory.DBConnectionFactoryImpl] from namespace [com.topcoder.management.project.persistence.link.ProjectLinkManagerImpl].
Read propery[ConnectionName] which is  optional  with value[informix_connection] from namespace [com.topcoder.management.project.persistence.link.ProjectLinkManagerImpl].
read property ConnectionFactoryNS[com.topcoder.db.connectionfactory.DBConnectionFactoryImpl] from the namespace :com.topcoder.management.scorecard.persistence.InformixScorecardPersistence
read property ConnectionName[informix_connection] from the namespace :com.topcoder.management.scorecard.persistence.InformixScorecardPersistence
Instantiate SqlUploadPersistence with connectionFactory and connectioName:informix_connection
Instantiate PersistenceUploadManager with UploadPersistence, uploadSearchBundle, submissionSearchBundle, uploadIdGenerator, uploadTypeIdGenerator, uploadStatusIdGenerator, submissionIDGenerator, submissionStatusIdGenerator and submissionTypeIdGenerator.
Instantiate AbstractResourcePersistence with connectionFactory and connectionName[informix_connection].
load Resource role with ids:[J@82b92b,[J@82b92b,[J@82b92b,[J@82b92b,[J@82b92b,[J@82b92b,[J@82b92b,[J@82b92b,[J@82b92b,[J@82b92b,[J@82b92b,[J@82b92b,[J@82b92b,[J@82b92b,[J@82b92b,[J@82b92b,[J@82b92b,[J@82b92b,[J@82b92b,[J@82b92b,[J@82b92b,[J@82b92b
operator: UnknownresourceId: Unknown - creating db connection using connection name: informix_connection
committing transaction
Read propery[ConnectionFactoryNS] which is  required  with value[com.topcoder.db.connectionfactory.DBConnectionFactoryImpl] from namespace [com.topcoder.management.project.persistence.InformixProjectPersistence].
Read propery[ConnectionName] which is  optional  with value[informix_connection] from namespace [com.topcoder.management.project.persistence.InformixProjectPersistence].
Read propery[ProjectIdSequenceName] which is  optional  with value[project_id_seq] from namespace [com.topcoder.management.project.persistence.InformixProjectPersistence].
Read propery[ProjectAuditIdSequenceName] which is  optional  with value[project_audit_id_seq] from namespace [com.topcoder.management.project.persistence.InformixProjectPersistence].
Read propery[ConnectionFactoryNS] which is  required  with value[com.topcoder.db.connectionfactory.DBConnectionFactoryImpl] from namespace [com.topcoder.management.project.persistence.link.ProjectLinkManagerImpl].
Read propery[ConnectionName] which is  optional  with value[informix_connection] from namespace [com.topcoder.management.project.persistence.link.ProjectLinkManagerImpl].
read property ConnectionFactoryNS[com.topcoder.db.connectionfactory.DBConnectionFactoryImpl] from the namespace :com.topcoder.management.scorecard.persistence.InformixScorecardPersistence
read property ConnectionName[informix_connection] from the namespace :com.topcoder.management.scorecard.persistence.InformixScorecardPersistence
Instantiate SqlUploadPersistence with connectionFactory and connectioName:informix_connection
Instantiate PersistenceUploadManager with UploadPersistence, uploadSearchBundle, submissionSearchBundle, uploadIdGenerator, uploadTypeIdGenerator, uploadStatusIdGenerator, submissionIDGenerator, submissionStatusIdGenerator and submissionTypeIdGenerator.
Instantiate AbstractResourcePersistence with connectionFactory and connectionName[informix_connection].
load Resource role with ids:[J@faa9e2,[J@faa9e2,[J@faa9e2,[J@faa9e2,[J@faa9e2,[J@faa9e2,[J@faa9e2,[J@faa9e2,[J@faa9e2,[J@faa9e2,[J@faa9e2,[J@faa9e2,[J@faa9e2,[J@faa9e2,[J@faa9e2,[J@faa9e2,[J@faa9e2,[J@faa9e2,[J@faa9e2,[J@faa9e2,[J@faa9e2,[J@faa9e2
operator: UnknownresourceId: Unknown - creating db connection using connection name: informix_connection
committing transaction
type: Upload id: Unknown operator:Unknown - search submissions with filter. found: 2
load Resource with ids:[J@1f6fa3f,[J@1f6fa3f
operator: UnknownresourceId: Unknown - creating db connection using connection name: informix_connection
load ResourceRole with id:4
operator: UnknownresourceId: Unknown - creating db connection using connection name: informix_connection
committing transaction
load ResourceRole with id:4
operator: UnknownresourceId: Unknown - creating db connection using connection name: informix_connection
committing transaction
committing transaction
type: Submission id: 1 operator:1001 - update Submission.
type: Submission id: 1 operator:Unknown - Update Submission, it will update record in submission table.
create db connection using connection name:informix_connection
close the connection.
type: Submission id: 2 operator:1001 - update Submission.
type: Submission id: 2 operator:Unknown - Update Submission, it will update record in submission table.
create db connection using connection name:informix_connection
close the connection.
operator: UnknownresourceId: 4 - load resource.
operator: UnknownresourceId: Unknown - creating db connection using connection name: informix_connection
load ResourceRole with id:1
operator: UnknownresourceId: Unknown - creating db connection using connection name: informix_connection
committing transaction
committing transaction
operator: UnknownresourceId: 5 - load resource.
operator: UnknownresourceId: Unknown - creating db connection using connection name: informix_connection
load ResourceRole with id:1
operator: UnknownresourceId: Unknown - creating db connection using connection name: informix_connection
committing transaction
committing transaction
load Notifications with array of userIds/projectIds/notificationTypes.
operator: UnknownresourceId: Unknown - creating db connection using connection name: informix_connection
committing transaction
get projects with the ids: 1
operator: UnknownprojectId: Unknown - creating db connection using connection name: informix_connection
committing transaction
load Resource role with ids:[J@1ae8152,[J@1ae8152,[J@1ae8152,[J@1ae8152,[J@1ae8152,[J@1ae8152,[J@1ae8152,[J@1ae8152,[J@1ae8152,[J@1ae8152,[J@1ae8152,[J@1ae8152,[J@1ae8152,[J@1ae8152,[J@1ae8152,[J@1ae8152,[J@1ae8152,[J@1ae8152,[J@1ae8152,[J@1ae8152,[J@1ae8152,[J@1ae8152
operator: UnknownresourceId: Unknown - creating db connection using connection name: informix_connection
committing transaction
load Resource with ids:[J@1afced9,[J@1afced9,[J@1afced9
operator: UnknownresourceId: Unknown - creating db connection using connection name: informix_connection
load ResourceRole with id:4
operator: UnknownresourceId: Unknown - creating db connection using connection name: informix_connection
committing transaction
load ResourceRole with id:4
operator: UnknownresourceId: Unknown - creating db connection using connection name: informix_connection
committing transaction
load ResourceRole with id:4
operator: UnknownresourceId: Unknown - creating db connection using connection name: informix_connection
committing transaction
committing transaction
load Resource with ids:[J@82190a
operator: UnknownresourceId: Unknown - creating db connection using connection name: informix_connection
load ResourceRole with id:12
operator: UnknownresourceId: Unknown - creating db connection using connection name: informix_connection
committing transaction
committing transaction
load Resource with ids:[J@e1e74d
operator: UnknownresourceId: Unknown - creating db connection using connection name: informix_connection
load ResourceRole with id:13
operator: UnknownresourceId: Unknown - creating db connection using connection name: informix_connection
committing transaction
committing transaction
load Resource with ids:[J@1023661
operator: UnknownresourceId: Unknown - creating db connection using connection name: informix_connection
load ResourceRole with id:9
operator: UnknownresourceId: Unknown - creating db connection using connection name: informix_connection
committing transaction
committing transaction
load Resource with ids:[J@c0627f,[J@c0627f
operator: UnknownresourceId: Unknown - creating db connection using connection name: informix_connection
load ResourceRole with id:1
operator: UnknownresourceId: Unknown - creating db connection using connection name: informix_connection
committing transaction
load ResourceRole with id:1
operator: UnknownresourceId: Unknown - creating db connection using connection name: informix_connection
committing transaction
committing transaction
operator: UnknownresourceId: 6 - load resource.
operator: UnknownresourceId: Unknown - creating db connection using connection name: informix_connection
load ResourceRole with id:4
operator: UnknownresourceId: Unknown - creating db connection using connection name: informix_connection
committing transaction
committing transaction
operator: UnknownresourceId: 4 - load resource.
operator: UnknownresourceId: Unknown - creating db connection using connection name: informix_connection
load ResourceRole with id:1
operator: UnknownresourceId: Unknown - creating db connection using connection name: informix_connection
committing transaction
committing transaction
operator: UnknownresourceId: 100000 - load resource.
operator: UnknownresourceId: Unknown - creating db connection using connection name: informix_connection
load ResourceRole with id:13
operator: UnknownresourceId: Unknown - creating db connection using connection name: informix_connection
committing transaction
committing transaction
operator: UnknownresourceId: 7 - load resource.
operator: UnknownresourceId: Unknown - creating db connection using connection name: informix_connection
load ResourceRole with id:4
operator: UnknownresourceId: Unknown - creating db connection using connection name: informix_connection
committing transaction
committing transaction
operator: UnknownresourceId: 5 - load resource.
operator: UnknownresourceId: Unknown - creating db connection using connection name: informix_connection
load ResourceRole with id:1
operator: UnknownresourceId: Unknown - creating db connection using connection name: informix_connection
committing transaction
committing transaction
type: Upload id: Unknown operator:Unknown - search submissions with filter. found: 2
load Resource with ids:[J@16f1c33,[J@16f1c33
operator: UnknownresourceId: Unknown - creating db connection using connection name: informix_connection
load ResourceRole with id:4
operator: UnknownresourceId: Unknown - creating db connection using connection name: informix_connection
committing transaction
load ResourceRole with id:4
operator: UnknownresourceId: Unknown - creating db connection using connection name: informix_connection
committing transaction
committing transaction
type: Scorecard id: Unknown operator:Unknown - retrieve scorecard with ids:1, and is incomplete
create db connection with connect name:informix_connection
close the connection.
get All submission statuses, delegate to persistence.
get All submission statuses, delegate to persistence.
create db connection using connection name:informix_connection
close the connection.
type: SubmissionStatus id: Unknown operator:Unknown - Load SubmissionStatuses with ids:1,2,3,4,5
create db connection using connection name:informix_connection
close the connection.
get All submission statuses, delegate to persistence.
get All submission statuses, delegate to persistence.
create db connection using connection name:informix_connection
close the connection.
type: SubmissionStatus id: Unknown operator:Unknown - Load SubmissionStatuses with ids:1,2,3,4,5
create db connection using connection name:informix_connection
close the connection.
operator: UnknownresourceId: 4 - load resource.
operator: UnknownresourceId: Unknown - creating db connection using connection name: informix_connection
load ResourceRole with id:1
operator: UnknownresourceId: Unknown - creating db connection using connection name: informix_connection
committing transaction
committing transaction
type: Submission id: 1 operator:1001 - update Submission.
type: Submission id: 1 operator:Unknown - Update Submission, it will update record in submission table.
create db connection using connection name:informix_connection
close the connection.
operator: UnknownresourceId: 5 - load resource.
operator: UnknownresourceId: Unknown - creating db connection using connection name: informix_connection
load ResourceRole with id:1
operator: UnknownresourceId: Unknown - creating db connection using connection name: informix_connection
committing transaction
committing transaction
type: Submission id: 2 operator:1001 - update Submission.
type: Submission id: 2 operator:Unknown - Update Submission, it will update record in submission table.
create db connection using connection name:informix_connection
close the connection.
get projects with the ids: 1
operator: UnknownprojectId: Unknown - creating db connection using connection name: informix_connection
committing transaction
operator: 1001projectId: 1 - updating project: {Winner External Reference ID=4, Project Name=Online Review Phases, Project Version=1.5}
operator: UnknownprojectId: Unknown - creating db connection using connection name: informix_connection
operator: 1001projectId: 1 - update project with projectId:1
operator: 1001projectId: 1 - update project, update project_info with projectId:1
operator: 1001projectId: 1 - insert record into project_info with project id1
operator: 1001projectId: 1 - generate new id for the project audit.
insert record into project_audit with projectId:1
operator: 1001projectId: 1 - execute sql:SELECT modify_date FROM project WHERE project_id=?
committing transaction
operator: UnknownresourceId: 4 - load resource.
operator: UnknownresourceId: Unknown - creating db connection using connection name: informix_connection
load ResourceRole with id:1
operator: UnknownresourceId: Unknown - creating db connection using connection name: informix_connection
committing transaction
committing transaction
operator: UnknownresourceId: 5 - load resource.
operator: UnknownresourceId: Unknown - creating db connection using connection name: informix_connection
load ResourceRole with id:1
operator: UnknownresourceId: Unknown - creating db connection using connection name: informix_connection
committing transaction
committing transaction
load Notifications with array of userIds/projectIds/notificationTypes.
operator: UnknownresourceId: Unknown - creating db connection using connection name: informix_connection
committing transaction
get projects with the ids: 1
operator: UnknownprojectId: Unknown - creating db connection using connection name: informix_connection
committing transaction
load Resource role with ids:[J@19f9377,[J@19f9377,[J@19f9377,[J@19f9377,[J@19f9377,[J@19f9377,[J@19f9377,[J@19f9377,[J@19f9377,[J@19f9377,[J@19f9377,[J@19f9377,[J@19f9377,[J@19f9377,[J@19f9377,[J@19f9377,[J@19f9377,[J@19f9377,[J@19f9377,[J@19f9377,[J@19f9377,[J@19f9377
operator: UnknownresourceId: Unknown - creating db connection using connection name: informix_connection
committing transaction
load Resource with ids:[J@1aaf84c,[J@1aaf84c,[J@1aaf84c
operator: UnknownresourceId: Unknown - creating db connection using connection name: informix_connection
load ResourceRole with id:4
operator: UnknownresourceId: Unknown - creating db connection using connection name: informix_connection
committing transaction
load ResourceRole with id:4
operator: UnknownresourceId: Unknown - creating db connection using connection name: informix_connection
committing transaction
load ResourceRole with id:4
operator: UnknownresourceId: Unknown - creating db connection using connection name: informix_connection
committing transaction
committing transaction
load Resource with ids:[J@19e0533
operator: UnknownresourceId: Unknown - creating db connection using connection name: informix_connection
load ResourceRole with id:12
operator: UnknownresourceId: Unknown - creating db connection using connection name: informix_connection
committing transaction
committing transaction
load Resource with ids:[J@16825b5
operator: UnknownresourceId: Unknown - creating db connection using connection name: informix_connection
load ResourceRole with id:13
operator: UnknownresourceId: Unknown - creating db connection using connection name: informix_connection
committing transaction
committing transaction
load Resource with ids:[J@1b3a564
operator: UnknownresourceId: Unknown - creating db connection using connection name: informix_connection
load ResourceRole with id:9
operator: UnknownresourceId: Unknown - creating db connection using connection name: informix_connection
committing transaction
committing transaction
load Resource with ids:[J@1f106ab,[J@1f106ab
operator: UnknownresourceId: Unknown - creating db connection using connection name: informix_connection
load ResourceRole with id:1
operator: UnknownresourceId: Unknown - creating db connection using connection name: informix_connection
committing transaction
load ResourceRole with id:1
operator: UnknownresourceId: Unknown - creating db connection using connection name: informix_connection
committing transaction
committing transaction
operator: UnknownresourceId: 6 - load resource.
operator: UnknownresourceId: Unknown - creating db connection using connection name: informix_connection
load ResourceRole with id:4
operator: UnknownresourceId: Unknown - creating db connection using connection name: informix_connection
committing transaction
committing transaction
operator: UnknownresourceId: 4 - load resource.
operator: UnknownresourceId: Unknown - creating db connection using connection name: informix_connection
load ResourceRole with id:1
operator: UnknownresourceId: Unknown - creating db connection using connection name: informix_connection
committing transaction
committing transaction
operator: UnknownresourceId: 100000 - load resource.
operator: UnknownresourceId: Unknown - creating db connection using connection name: informix_connection
load ResourceRole with id:13
operator: UnknownresourceId: Unknown - creating db connection using connection name: informix_connection
committing transaction
committing transaction
operator: UnknownresourceId: 7 - load resource.
operator: UnknownresourceId: Unknown - creating db connection using connection name: informix_connection
load ResourceRole with id:4
operator: UnknownresourceId: Unknown - creating db connection using connection name: informix_connection
committing transaction
committing transaction
operator: UnknownresourceId: 5 - load resource.
operator: UnknownresourceId: Unknown - creating db connection using connection name: informix_connection
load ResourceRole with id:1
operator: UnknownresourceId: Unknown - creating db connection using connection name: informix_connection
committing transaction
committing transaction
load Resource with ids:[J@557791
operator: UnknownresourceId: Unknown - creating db connection using connection name: informix_connection
load ResourceRole with id:8
operator: UnknownresourceId: Unknown - creating db connection using connection name: informix_connection
committing transaction
committing transaction
load Resource with ids:[J@b61de0,[J@b61de0
operator: UnknownresourceId: Unknown - creating db connection using connection name: informix_connection
load ResourceRole with id:4
operator: UnknownresourceId: Unknown - creating db connection using connection name: informix_connection
committing transaction
load ResourceRole with id:4
operator: UnknownresourceId: Unknown - creating db connection using connection name: informix_connection
committing transaction
committing transaction
get projects with the ids: 1
operator: UnknownprojectId: Unknown - creating db connection using connection name: informix_connection
committing transaction
load Resource with ids:[J@1cecd26
operator: UnknownresourceId: Unknown - creating db connection using connection name: informix_connection
load ResourceRole with id:1
operator: UnknownresourceId: Unknown - creating db connection using connection name: informix_connection
committing transaction
committing transaction
type: Upload id: Unknown operator:Unknown - search submissions with filter. found: 1
load Resource with ids:[J@1fff962,[J@1fff962
operator: UnknownresourceId: Unknown - creating db connection using connection name: informix_connection
load ResourceRole with id:4
operator: UnknownresourceId: Unknown - creating db connection using connection name: informix_connection
committing transaction
load ResourceRole with id:4
operator: UnknownresourceId: Unknown - creating db connection using connection name: informix_connection
committing transaction
committing transaction
operator: 1001phaseId: 107 - create aggregate worksheet.
load Notifications with array of userIds/projectIds/notificationTypes.
operator: UnknownresourceId: Unknown - creating db connection using connection name: informix_connection
committing transaction
get projects with the ids: 1
operator: UnknownprojectId: Unknown - creating db connection using connection name: informix_connection
committing transaction
load Resource role with ids:[J@10634e7,[J@10634e7,[J@10634e7,[J@10634e7,[J@10634e7,[J@10634e7,[J@10634e7,[J@10634e7,[J@10634e7,[J@10634e7,[J@10634e7,[J@10634e7,[J@10634e7,[J@10634e7,[J@10634e7,[J@10634e7,[J@10634e7,[J@10634e7,[J@10634e7,[J@10634e7,[J@10634e7,[J@10634e7
operator: UnknownresourceId: Unknown - creating db connection using connection name: informix_connection
committing transaction
load Resource with ids:[J@23a0d3,[J@23a0d3,[J@23a0d3
operator: UnknownresourceId: Unknown - creating db connection using connection name: informix_connection
load ResourceRole with id:4
operator: UnknownresourceId: Unknown - creating db connection using connection name: informix_connection
committing transaction
load ResourceRole with id:4
operator: UnknownresourceId: Unknown - creating db connection using connection name: informix_connection
committing transaction
load ResourceRole with id:4
operator: UnknownresourceId: Unknown - creating db connection using connection name: informix_connection
committing transaction
committing transaction
load Resource with ids:[J@18056df
operator: UnknownresourceId: Unknown - creating db connection using connection name: informix_connection
load ResourceRole with id:8
operator: UnknownresourceId: Unknown - creating db connection using connection name: informix_connection
committing transaction
committing transaction
load Resource with ids:[J@10ce6fc
operator: UnknownresourceId: Unknown - creating db connection using connection name: informix_connection
load ResourceRole with id:12
operator: UnknownresourceId: Unknown - creating db connection using connection name: informix_connection
committing transaction
committing transaction
load Resource with ids:[J@d63b75
operator: UnknownresourceId: Unknown - creating db connection using connection name: informix_connection
load ResourceRole with id:13
operator: UnknownresourceId: Unknown - creating db connection using connection name: informix_connection
committing transaction
committing transaction
load Resource with ids:[J@1e897
operator: UnknownresourceId: Unknown - creating db connection using connection name: informix_connection
load ResourceRole with id:9
operator: UnknownresourceId: Unknown - creating db connection using connection name: informix_connection
committing transaction
committing transaction
load Resource with ids:[J@1393f50,[J@1393f50
operator: UnknownresourceId: Unknown - creating db connection using connection name: informix_connection
load ResourceRole with id:1
operator: UnknownresourceId: Unknown - creating db connection using connection name: informix_connection
committing transaction
load ResourceRole with id:1
operator: UnknownresourceId: Unknown - creating db connection using connection name: informix_connection
committing transaction
committing transaction
operator: UnknownresourceId: 6 - load resource.
operator: UnknownresourceId: Unknown - creating db connection using connection name: informix_connection
load ResourceRole with id:4
operator: UnknownresourceId: Unknown - creating db connection using connection name: informix_connection
committing transaction
committing transaction
operator: UnknownresourceId: 4 - load resource.
operator: UnknownresourceId: Unknown - creating db connection using connection name: informix_connection
load ResourceRole with id:1
operator: UnknownresourceId: Unknown - creating db connection using connection name: informix_connection
committing transaction
committing transaction
operator: UnknownresourceId: 100000 - load resource.
operator: UnknownresourceId: Unknown - creating db connection using connection name: informix_connection
load ResourceRole with id:13
operator: UnknownresourceId: Unknown - creating db connection using connection name: informix_connection
committing transaction
committing transaction
operator: UnknownresourceId: 7 - load resource.
operator: UnknownresourceId: Unknown - creating db connection using connection name: informix_connection
load ResourceRole with id:4
operator: UnknownresourceId: Unknown - creating db connection using connection name: informix_connection
committing transaction
committing transaction
operator: UnknownresourceId: 5 - load resource.
operator: UnknownresourceId: Unknown - creating db connection using connection name: informix_connection
load ResourceRole with id:1
operator: UnknownresourceId: Unknown - creating db connection using connection name: informix_connection
committing transaction
committing transaction
Read propery[ConnectionFactoryNS] which is  required  with value[com.topcoder.db.connectionfactory.DBConnectionFactoryImpl] from namespace [com.topcoder.management.project.persistence.InformixProjectPersistence].
Read propery[ConnectionName] which is  optional  with value[informix_connection] from namespace [com.topcoder.management.project.persistence.InformixProjectPersistence].
Read propery[ProjectIdSequenceName] which is  optional  with value[project_id_seq] from namespace [com.topcoder.management.project.persistence.InformixProjectPersistence].
Read propery[ProjectAuditIdSequenceName] which is  optional  with value[project_audit_id_seq] from namespace [com.topcoder.management.project.persistence.InformixProjectPersistence].
Read propery[ConnectionFactoryNS] which is  required  with value[com.topcoder.db.connectionfactory.DBConnectionFactoryImpl] from namespace [com.topcoder.management.project.persistence.link.ProjectLinkManagerImpl].
Read propery[ConnectionName] which is  optional  with value[informix_connection] from namespace [com.topcoder.management.project.persistence.link.ProjectLinkManagerImpl].
read property ConnectionFactoryNS[com.topcoder.db.connectionfactory.DBConnectionFactoryImpl] from the namespace :com.topcoder.management.scorecard.persistence.InformixScorecardPersistence
read property ConnectionName[informix_connection] from the namespace :com.topcoder.management.scorecard.persistence.InformixScorecardPersistence
Instantiate SqlUploadPersistence with connectionFactory and connectioName:informix_connection
Instantiate PersistenceUploadManager with UploadPersistence, uploadSearchBundle, submissionSearchBundle, uploadIdGenerator, uploadTypeIdGenerator, uploadStatusIdGenerator, submissionIDGenerator, submissionStatusIdGenerator and submissionTypeIdGenerator.
Instantiate AbstractResourcePersistence with connectionFactory and connectionName[informix_connection].
load Resource role with ids:[J@195bb34,[J@195bb34,[J@195bb34,[J@195bb34,[J@195bb34,[J@195bb34,[J@195bb34,[J@195bb34,[J@195bb34,[J@195bb34,[J@195bb34,[J@195bb34,[J@195bb34,[J@195bb34,[J@195bb34,[J@195bb34,[J@195bb34,[J@195bb34,[J@195bb34,[J@195bb34,[J@195bb34,[J@195bb34
operator: UnknownresourceId: Unknown - creating db connection using connection name: informix_connection
committing transaction
Read propery[ConnectionFactoryNS] which is  required  with value[com.topcoder.db.connectionfactory.DBConnectionFactoryImpl] from namespace [com.topcoder.management.project.persistence.InformixProjectPersistence].
Read propery[ConnectionName] which is  optional  with value[informix_connection] from namespace [com.topcoder.management.project.persistence.InformixProjectPersistence].
Read propery[ProjectIdSequenceName] which is  optional  with value[project_id_seq] from namespace [com.topcoder.management.project.persistence.InformixProjectPersistence].
Read propery[ProjectAuditIdSequenceName] which is  optional  with value[project_audit_id_seq] from namespace [com.topcoder.management.project.persistence.InformixProjectPersistence].
Read propery[ConnectionFactoryNS] which is  required  with value[com.topcoder.db.connectionfactory.DBConnectionFactoryImpl] from namespace [com.topcoder.management.project.persistence.link.ProjectLinkManagerImpl].
Read propery[ConnectionName] which is  optional  with value[informix_connection] from namespace [com.topcoder.management.project.persistence.link.ProjectLinkManagerImpl].
read property ConnectionFactoryNS[com.topcoder.db.connectionfactory.DBConnectionFactoryImpl] from the namespace :com.topcoder.management.scorecard.persistence.InformixScorecardPersistence
read property ConnectionName[informix_connection] from the namespace :com.topcoder.management.scorecard.persistence.InformixScorecardPersistence
Instantiate SqlUploadPersistence with connectionFactory and connectioName:informix_connection
Instantiate PersistenceUploadManager with UploadPersistence, uploadSearchBundle, submissionSearchBundle, uploadIdGenerator, uploadTypeIdGenerator, uploadStatusIdGenerator, submissionIDGenerator, submissionStatusIdGenerator and submissionTypeIdGenerator.
Instantiate AbstractResourcePersistence with connectionFactory and connectionName[informix_connection].
load Resource role with ids:[J@161dc26,[J@161dc26,[J@161dc26,[J@161dc26,[J@161dc26,[J@161dc26,[J@161dc26,[J@161dc26,[J@161dc26,[J@161dc26,[J@161dc26,[J@161dc26,[J@161dc26,[J@161dc26,[J@161dc26,[J@161dc26,[J@161dc26,[J@161dc26,[J@161dc26,[J@161dc26,[J@161dc26,[J@161dc26
operator: UnknownresourceId: Unknown - creating db connection using connection name: informix_connection
committing transaction
Read propery[ConnectionFactoryNS] which is  required  with value[com.topcoder.db.connectionfactory.DBConnectionFactoryImpl] from namespace [com.topcoder.management.project.persistence.InformixProjectPersistence].
Read propery[ConnectionName] which is  optional  with value[informix_connection] from namespace [com.topcoder.management.project.persistence.InformixProjectPersistence].
Read propery[ProjectIdSequenceName] which is  optional  with value[project_id_seq] from namespace [com.topcoder.management.project.persistence.InformixProjectPersistence].
Read propery[ProjectAuditIdSequenceName] which is  optional  with value[project_audit_id_seq] from namespace [com.topcoder.management.project.persistence.InformixProjectPersistence].
Read propery[ConnectionFactoryNS] which is  required  with value[com.topcoder.db.connectionfactory.DBConnectionFactoryImpl] from namespace [com.topcoder.management.project.persistence.link.ProjectLinkManagerImpl].
Read propery[ConnectionName] which is  optional  with value[informix_connection] from namespace [com.topcoder.management.project.persistence.link.ProjectLinkManagerImpl].
read property ConnectionFactoryNS[com.topcoder.db.connectionfactory.DBConnectionFactoryImpl] from the namespace :com.topcoder.management.scorecard.persistence.InformixScorecardPersistence
read property ConnectionName[informix_connection] from the namespace :com.topcoder.management.scorecard.persistence.InformixScorecardPersistence
Instantiate SqlUploadPersistence with connectionFactory and connectioName:informix_connection
Instantiate PersistenceUploadManager with UploadPersistence, uploadSearchBundle, submissionSearchBundle, uploadIdGenerator, uploadTypeIdGenerator, uploadStatusIdGenerator, submissionIDGenerator, submissionStatusIdGenerator and submissionTypeIdGenerator.
Instantiate AbstractResourcePersistence with connectionFactory and connectionName[informix_connection].
load Resource role with ids:[J@1f9eba5,[J@1f9eba5,[J@1f9eba5,[J@1f9eba5,[J@1f9eba5,[J@1f9eba5,[J@1f9eba5,[J@1f9eba5,[J@1f9eba5,[J@1f9eba5,[J@1f9eba5,[J@1f9eba5,[J@1f9eba5,[J@1f9eba5,[J@1f9eba5,[J@1f9eba5,[J@1f9eba5,[J@1f9eba5,[J@1f9eba5,[J@1f9eba5,[J@1f9eba5,[J@1f9eba5
operator: UnknownresourceId: Unknown - creating db connection using connection name: informix_connection
committing transaction
Read propery[ConnectionFactoryNS] which is  required  with value[com.topcoder.db.connectionfactory.DBConnectionFactoryImpl] from namespace [com.topcoder.management.project.persistence.InformixProjectPersistence].
Read propery[ConnectionName] which is  optional  with value[informix_connection] from namespace [com.topcoder.management.project.persistence.InformixProjectPersistence].
Read propery[ProjectIdSequenceName] which is  optional  with value[project_id_seq] from namespace [com.topcoder.management.project.persistence.InformixProjectPersistence].
Read propery[ProjectAuditIdSequenceName] which is  optional  with value[project_audit_id_seq] from namespace [com.topcoder.management.project.persistence.InformixProjectPersistence].
Read propery[ConnectionFactoryNS] which is  required  with value[com.topcoder.db.connectionfactory.DBConnectionFactoryImpl] from namespace [com.topcoder.management.project.persistence.link.ProjectLinkManagerImpl].
Read propery[ConnectionName] which is  optional  with value[informix_connection] from namespace [com.topcoder.management.project.persistence.link.ProjectLinkManagerImpl].
read property ConnectionFactoryNS[com.topcoder.db.connectionfactory.DBConnectionFactoryImpl] from the namespace :com.topcoder.management.scorecard.persistence.InformixScorecardPersistence
read property ConnectionName[informix_connection] from the namespace :com.topcoder.management.scorecard.persistence.InformixScorecardPersistence
Instantiate SqlUploadPersistence with connectionFactory and connectioName:informix_connection
Instantiate PersistenceUploadManager with UploadPersistence, uploadSearchBundle, submissionSearchBundle, uploadIdGenerator, uploadTypeIdGenerator, uploadStatusIdGenerator, submissionIDGenerator, submissionStatusIdGenerator and submissionTypeIdGenerator.
Instantiate AbstractResourcePersistence with connectionFactory and connectionName[informix_connection].
load Resource role with ids:[J@1dbcca3,[J@1dbcca3,[J@1dbcca3,[J@1dbcca3,[J@1dbcca3,[J@1dbcca3,[J@1dbcca3,[J@1dbcca3,[J@1dbcca3,[J@1dbcca3,[J@1dbcca3,[J@1dbcca3,[J@1dbcca3,[J@1dbcca3,[J@1dbcca3,[J@1dbcca3,[J@1dbcca3,[J@1dbcca3,[J@1dbcca3,[J@1dbcca3,[J@1dbcca3,[J@1dbcca3
operator: UnknownresourceId: Unknown - creating db connection using connection name: informix_connection
committing transaction
type: Upload id: Unknown operator:Unknown - search submissions with filter. found: 2
load Resource with ids:[J@721d87,[J@721d87
operator: UnknownresourceId: Unknown - creating db connection using connection name: informix_connection
load ResourceRole with id:4
operator: UnknownresourceId: Unknown - creating db connection using connection name: informix_connection
committing transaction
load ResourceRole with id:4
operator: UnknownresourceId: Unknown - creating db connection using connection name: informix_connection
committing transaction
committing transaction
type: Submission id: 1 operator:1001 - update Submission.
type: Submission id: 1 operator:Unknown - Update Submission, it will update record in submission table.
create db connection using connection name:informix_connection
close the connection.
type: Submission id: 2 operator:1001 - update Submission.
type: Submission id: 2 operator:Unknown - Update Submission, it will update record in submission table.
create db connection using connection name:informix_connection
close the connection.
operator: UnknownresourceId: 4 - load resource.
operator: UnknownresourceId: Unknown - creating db connection using connection name: informix_connection
load ResourceRole with id:1
operator: UnknownresourceId: Unknown - creating db connection using connection name: informix_connection
committing transaction
committing transaction
operator: UnknownresourceId: 5 - load resource.
operator: UnknownresourceId: Unknown - creating db connection using connection name: informix_connection
load ResourceRole with id:1
operator: UnknownresourceId: Unknown - creating db connection using connection name: informix_connection
committing transaction
committing transaction
load Notifications with array of userIds/projectIds/notificationTypes.
operator: UnknownresourceId: Unknown - creating db connection using connection name: informix_connection
committing transaction
get projects with the ids: 1
operator: UnknownprojectId: Unknown - creating db connection using connection name: informix_connection
committing transaction
load Resource role with ids:[J@1f8bc1,[J@1f8bc1,[J@1f8bc1,[J@1f8bc1,[J@1f8bc1,[J@1f8bc1,[J@1f8bc1,[J@1f8bc1,[J@1f8bc1,[J@1f8bc1,[J@1f8bc1,[J@1f8bc1,[J@1f8bc1,[J@1f8bc1,[J@1f8bc1,[J@1f8bc1,[J@1f8bc1,[J@1f8bc1,[J@1f8bc1,[J@1f8bc1,[J@1f8bc1,[J@1f8bc1
operator: UnknownresourceId: Unknown - creating db connection using connection name: informix_connection
committing transaction
load Resource with ids:[J@f64454,[J@f64454,[J@f64454
operator: UnknownresourceId: Unknown - creating db connection using connection name: informix_connection
load ResourceRole with id:4
operator: UnknownresourceId: Unknown - creating db connection using connection name: informix_connection
committing transaction
load ResourceRole with id:4
operator: UnknownresourceId: Unknown - creating db connection using connection name: informix_connection
committing transaction
load ResourceRole with id:4
operator: UnknownresourceId: Unknown - creating db connection using connection name: informix_connection
committing transaction
committing transaction
load Resource with ids:[J@fe7fb0
operator: UnknownresourceId: Unknown - creating db connection using connection name: informix_connection
load ResourceRole with id:12
operator: UnknownresourceId: Unknown - creating db connection using connection name: informix_connection
committing transaction
committing transaction
load Resource with ids:[J@b79ed4
operator: UnknownresourceId: Unknown - creating db connection using connection name: informix_connection
load ResourceRole with id:13
operator: UnknownresourceId: Unknown - creating db connection using connection name: informix_connection
committing transaction
committing transaction
load Resource with ids:[J@efdebd
operator: UnknownresourceId: Unknown - creating db connection using connection name: informix_connection
load ResourceRole with id:9
operator: UnknownresourceId: Unknown - creating db connection using connection name: informix_connection
committing transaction
committing transaction
load Resource with ids:[J@df8f81,[J@df8f81
operator: UnknownresourceId: Unknown - creating db connection using connection name: informix_connection
load ResourceRole with id:1
operator: UnknownresourceId: Unknown - creating db connection using connection name: informix_connection
committing transaction
load ResourceRole with id:1
operator: UnknownresourceId: Unknown - creating db connection using connection name: informix_connection
committing transaction
committing transaction
operator: UnknownresourceId: 6 - load resource.
operator: UnknownresourceId: Unknown - creating db connection using connection name: informix_connection
load ResourceRole with id:4
operator: UnknownresourceId: Unknown - creating db connection using connection name: informix_connection
committing transaction
committing transaction
operator: UnknownresourceId: 4 - load resource.
operator: UnknownresourceId: Unknown - creating db connection using connection name: informix_connection
load ResourceRole with id:1
operator: UnknownresourceId: Unknown - creating db connection using connection name: informix_connection
committing transaction
committing transaction
operator: UnknownresourceId: 100000 - load resource.
operator: UnknownresourceId: Unknown - creating db connection using connection name: informix_connection
load ResourceRole with id:13
operator: UnknownresourceId: Unknown - creating db connection using connection name: informix_connection
committing transaction
committing transaction
operator: UnknownresourceId: 7 - load resource.
operator: UnknownresourceId: Unknown - creating db connection using connection name: informix_connection
load ResourceRole with id:4
operator: UnknownresourceId: Unknown - creating db connection using connection name: informix_connection
committing transaction
committing transaction
operator: UnknownresourceId: 5 - load resource.
operator: UnknownresourceId: Unknown - creating db connection using connection name: informix_connection
load ResourceRole with id:1
operator: UnknownresourceId: Unknown - creating db connection using connection name: informix_connection
committing transaction
committing transaction
type: Upload id: Unknown operator:Unknown - search submissions with filter. found: 2
load Resource with ids:[J@113c837,[J@113c837
operator: UnknownresourceId: Unknown - creating db connection using connection name: informix_connection
load ResourceRole with id:4
operator: UnknownresourceId: Unknown - creating db connection using connection name: informix_connection
committing transaction
load ResourceRole with id:4
operator: UnknownresourceId: Unknown - creating db connection using connection name: informix_connection
committing transaction
committing transaction
type: Scorecard id: Unknown operator:Unknown - retrieve scorecard with ids:1, and is incomplete
create db connection with connect name:informix_connection
close the connection.
get All submission statuses, delegate to persistence.
get All submission statuses, delegate to persistence.
create db connection using connection name:informix_connection
close the connection.
type: SubmissionStatus id: Unknown operator:Unknown - Load SubmissionStatuses with ids:1,2,3,4,5
create db connection using connection name:informix_connection
close the connection.
get All submission statuses, delegate to persistence.
get All submission statuses, delegate to persistence.
create db connection using connection name:informix_connection
close the connection.
type: SubmissionStatus id: Unknown operator:Unknown - Load SubmissionStatuses with ids:1,2,3,4,5
create db connection using connection name:informix_connection
close the connection.
operator: UnknownresourceId: 4 - load resource.
operator: UnknownresourceId: Unknown - creating db connection using connection name: informix_connection
load ResourceRole with id:1
operator: UnknownresourceId: Unknown - creating db connection using connection name: informix_connection
committing transaction
committing transaction
type: Submission id: 1 operator:1001 - update Submission.
type: Submission id: 1 operator:Unknown - Update Submission, it will update record in submission table.
create db connection using connection name:informix_connection
close the connection.
operator: UnknownresourceId: 5 - load resource.
operator: UnknownresourceId: Unknown - creating db connection using connection name: informix_connection
load ResourceRole with id:1
operator: UnknownresourceId: Unknown - creating db connection using connection name: informix_connection
committing transaction
committing transaction
type: Submission id: 2 operator:1001 - update Submission.
type: Submission id: 2 operator:Unknown - Update Submission, it will update record in submission table.
create db connection using connection name:informix_connection
close the connection.
get projects with the ids: 1
operator: UnknownprojectId: Unknown - creating db connection using connection name: informix_connection
committing transaction
operator: 1001projectId: 1 - updating project: {Winner External Reference ID=4, Project Name=Online Review Phases, Project Version=1.5}
operator: UnknownprojectId: Unknown - creating db connection using connection name: informix_connection
operator: 1001projectId: 1 - update project with projectId:1
operator: 1001projectId: 1 - update project, update project_info with projectId:1
operator: 1001projectId: 1 - insert record into project_info with project id1
operator: 1001projectId: 1 - generate new id for the project audit.
insert record into project_audit with projectId:1
operator: 1001projectId: 1 - execute sql:SELECT modify_date FROM project WHERE project_id=?
committing transaction
operator: UnknownresourceId: 4 - load resource.
operator: UnknownresourceId: Unknown - creating db connection using connection name: informix_connection
load ResourceRole with id:1
operator: UnknownresourceId: Unknown - creating db connection using connection name: informix_connection
committing transaction
committing transaction
operator: UnknownresourceId: 5 - load resource.
operator: UnknownresourceId: Unknown - creating db connection using connection name: informix_connection
load ResourceRole with id:1
operator: UnknownresourceId: Unknown - creating db connection using connection name: informix_connection
committing transaction
committing transaction
load Notifications with array of userIds/projectIds/notificationTypes.
operator: UnknownresourceId: Unknown - creating db connection using connection name: informix_connection
committing transaction
get projects with the ids: 1
operator: UnknownprojectId: Unknown - creating db connection using connection name: informix_connection
committing transaction
load Resource role with ids:[J@16ae29f,[J@16ae29f,[J@16ae29f,[J@16ae29f,[J@16ae29f,[J@16ae29f,[J@16ae29f,[J@16ae29f,[J@16ae29f,[J@16ae29f,[J@16ae29f,[J@16ae29f,[J@16ae29f,[J@16ae29f,[J@16ae29f,[J@16ae29f,[J@16ae29f,[J@16ae29f,[J@16ae29f,[J@16ae29f,[J@16ae29f,[J@16ae29f
operator: UnknownresourceId: Unknown - creating db connection using connection name: informix_connection
committing transaction
load Resource with ids:[J@67506f,[J@67506f,[J@67506f
operator: UnknownresourceId: Unknown - creating db connection using connection name: informix_connection
load ResourceRole with id:4
operator: UnknownresourceId: Unknown - creating db connection using connection name: informix_connection
committing transaction
load ResourceRole with id:4
operator: UnknownresourceId: Unknown - creating db connection using connection name: informix_connection
committing transaction
load ResourceRole with id:4
operator: UnknownresourceId: Unknown - creating db connection using connection name: informix_connection
committing transaction
committing transaction
load Resource with ids:[J@1219c41
operator: UnknownresourceId: Unknown - creating db connection using connection name: informix_connection
load ResourceRole with id:12
operator: UnknownresourceId: Unknown - creating db connection using connection name: informix_connection
committing transaction
committing transaction
load Resource with ids:[J@119e04f
operator: UnknownresourceId: Unknown - creating db connection using connection name: informix_connection
load ResourceRole with id:13
operator: UnknownresourceId: Unknown - creating db connection using connection name: informix_connection
committing transaction
committing transaction
load Resource with ids:[J@129cc0f
operator: UnknownresourceId: Unknown - creating db connection using connection name: informix_connection
load ResourceRole with id:9
operator: UnknownresourceId: Unknown - creating db connection using connection name: informix_connection
committing transaction
committing transaction
load Resource with ids:[J@3600ab,[J@3600ab
operator: UnknownresourceId: Unknown - creating db connection using connection name: informix_connection
load ResourceRole with id:1
operator: UnknownresourceId: Unknown - creating db connection using connection name: informix_connection
committing transaction
load ResourceRole with id:1
operator: UnknownresourceId: Unknown - creating db connection using connection name: informix_connection
committing transaction
committing transaction
operator: UnknownresourceId: 6 - load resource.
operator: UnknownresourceId: Unknown - creating db connection using connection name: informix_connection
load ResourceRole with id:4
operator: UnknownresourceId: Unknown - creating db connection using connection name: informix_connection
committing transaction
committing transaction
operator: UnknownresourceId: 4 - load resource.
operator: UnknownresourceId: Unknown - creating db connection using connection name: informix_connection
load ResourceRole with id:1
operator: UnknownresourceId: Unknown - creating db connection using connection name: informix_connection
committing transaction
committing transaction
operator: UnknownresourceId: 100000 - load resource.
operator: UnknownresourceId: Unknown - creating db connection using connection name: informix_connection
load ResourceRole with id:13
operator: UnknownresourceId: Unknown - creating db connection using connection name: informix_connection
committing transaction
committing transaction
operator: UnknownresourceId: 7 - load resource.
operator: UnknownresourceId: Unknown - creating db connection using connection name: informix_connection
load ResourceRole with id:4
operator: UnknownresourceId: Unknown - creating db connection using connection name: informix_connection
committing transaction
committing transaction
operator: UnknownresourceId: 5 - load resource.
operator: UnknownresourceId: Unknown - creating db connection using connection name: informix_connection
load ResourceRole with id:1
operator: UnknownresourceId: Unknown - creating db connection using connection name: informix_connection
committing transaction
committing transaction
load Resource with ids:[J@d8a522
operator: UnknownresourceId: Unknown - creating db connection using connection name: informix_connection
load ResourceRole with id:8
operator: UnknownresourceId: Unknown - creating db connection using connection name: informix_connection
committing transaction
committing transaction
load Resource with ids:[J@1ac539d,[J@1ac539d
operator: UnknownresourceId: Unknown - creating db connection using connection name: informix_connection
load ResourceRole with id:4
operator: UnknownresourceId: Unknown - creating db connection using connection name: informix_connection
committing transaction
load ResourceRole with id:4
operator: UnknownresourceId: Unknown - creating db connection using connection name: informix_connection
committing transaction
committing transaction
get projects with the ids: 1
operator: UnknownprojectId: Unknown - creating db connection using connection name: informix_connection
committing transaction
load Resource with ids:[J@cd456f
operator: UnknownresourceId: Unknown - creating db connection using connection name: informix_connection
load ResourceRole with id:1
operator: UnknownresourceId: Unknown - creating db connection using connection name: informix_connection
committing transaction
committing transaction
type: Upload id: Unknown operator:Unknown - search submissions with filter. found: 1
load Resource with ids:[J@fa85c8,[J@fa85c8
operator: UnknownresourceId: Unknown - creating db connection using connection name: informix_connection
load ResourceRole with id:4
operator: UnknownresourceId: Unknown - creating db connection using connection name: informix_connection
committing transaction
load ResourceRole with id:4
operator: UnknownresourceId: Unknown - creating db connection using connection name: informix_connection
committing transaction
committing transaction
operator: 1001phaseId: 107 - create aggregate worksheet.
load Notifications with array of userIds/projectIds/notificationTypes.
operator: UnknownresourceId: Unknown - creating db connection using connection name: informix_connection
committing transaction
get projects with the ids: 1
operator: UnknownprojectId: Unknown - creating db connection using connection name: informix_connection
committing transaction
load Resource role with ids:[J@1cf0b40,[J@1cf0b40,[J@1cf0b40,[J@1cf0b40,[J@1cf0b40,[J@1cf0b40,[J@1cf0b40,[J@1cf0b40,[J@1cf0b40,[J@1cf0b40,[J@1cf0b40,[J@1cf0b40,[J@1cf0b40,[J@1cf0b40,[J@1cf0b40,[J@1cf0b40,[J@1cf0b40,[J@1cf0b40,[J@1cf0b40,[J@1cf0b40,[J@1cf0b40,[J@1cf0b40
operator: UnknownresourceId: Unknown - creating db connection using connection name: informix_connection
committing transaction
load Resource with ids:[J@10f2b4a,[J@10f2b4a,[J@10f2b4a
operator: UnknownresourceId: Unknown - creating db connection using connection name: informix_connection
load ResourceRole with id:4
operator: UnknownresourceId: Unknown - creating db connection using connection name: informix_connection
committing transaction
load ResourceRole with id:4
operator: UnknownresourceId: Unknown - creating db connection using connection name: informix_connection
committing transaction
load ResourceRole with id:4
operator: UnknownresourceId: Unknown - creating db connection using connection name: informix_connection
committing transaction
committing transaction
load Resource with ids:[J@905e63
operator: UnknownresourceId: Unknown - creating db connection using connection name: informix_connection
load ResourceRole with id:8
operator: UnknownresourceId: Unknown - creating db connection using connection name: informix_connection
committing transaction
committing transaction
load Resource with ids:[J@7fbcda
operator: UnknownresourceId: Unknown - creating db connection using connection name: informix_connection
load ResourceRole with id:12
operator: UnknownresourceId: Unknown - creating db connection using connection name: informix_connection
committing transaction
committing transaction
load Resource with ids:[J@1d0f282
operator: UnknownresourceId: Unknown - creating db connection using connection name: informix_connection
load ResourceRole with id:13
operator: UnknownresourceId: Unknown - creating db connection using connection name: informix_connection
committing transaction
committing transaction
load Resource with ids:[J@12cad48
operator: UnknownresourceId: Unknown - creating db connection using connection name: informix_connection
load ResourceRole with id:9
operator: UnknownresourceId: Unknown - creating db connection using connection name: informix_connection
committing transaction
committing transaction
load Resource with ids:[J@eb40fe,[J@eb40fe
operator: UnknownresourceId: Unknown - creating db connection using connection name: informix_connection
load ResourceRole with id:1
operator: UnknownresourceId: Unknown - creating db connection using connection name: informix_connection
committing transaction
load ResourceRole with id:1
operator: UnknownresourceId: Unknown - creating db connection using connection name: informix_connection
committing transaction
committing transaction
operator: UnknownresourceId: 6 - load resource.
operator: UnknownresourceId: Unknown - creating db connection using connection name: informix_connection
load ResourceRole with id:4
operator: UnknownresourceId: Unknown - creating db connection using connection name: informix_connection
committing transaction
committing transaction
operator: UnknownresourceId: 4 - load resource.
operator: UnknownresourceId: Unknown - creating db connection using connection name: informix_connection
load ResourceRole with id:1
operator: UnknownresourceId: Unknown - creating db connection using connection name: informix_connection
committing transaction
committing transaction
operator: UnknownresourceId: 100000 - load resource.
operator: UnknownresourceId: Unknown - creating db connection using connection name: informix_connection
load ResourceRole with id:13
operator: UnknownresourceId: Unknown - creating db connection using connection name: informix_connection
committing transaction
committing transaction
operator: UnknownresourceId: 7 - load resource.
operator: UnknownresourceId: Unknown - creating db connection using connection name: informix_connection
load ResourceRole with id:4
operator: UnknownresourceId: Unknown - creating db connection using connection name: informix_connection
committing transaction
committing transaction
operator: UnknownresourceId: 5 - load resource.
operator: UnknownresourceId: Unknown - creating db connection using connection name: informix_connection
load ResourceRole with id:1
operator: UnknownresourceId: Unknown - creating db connection using connection name: informix_connection
committing transaction
committing transaction
load Notifications with array of userIds/projectIds/notificationTypes.
operator: UnknownresourceId: Unknown - creating db connection using connection name: informix_connection
committing transaction
get projects with the ids: 1
operator: UnknownprojectId: Unknown - creating db connection using connection name: informix_connection
committing transaction
load Resource role with ids:[J@121946d,[J@121946d,[J@121946d,[J@121946d,[J@121946d,[J@121946d,[J@121946d,[J@121946d,[J@121946d,[J@121946d,[J@121946d,[J@121946d,[J@121946d,[J@121946d,[J@121946d,[J@121946d,[J@121946d,[J@121946d,[J@121946d,[J@121946d,[J@121946d,[J@121946d
operator: UnknownresourceId: Unknown - creating db connection using connection name: informix_connection
committing transaction
load Resource with ids:[J@1d63e96,[J@1d63e96,[J@1d63e96
operator: UnknownresourceId: Unknown - creating db connection using connection name: informix_connection
load ResourceRole with id:4
operator: UnknownresourceId: Unknown - creating db connection using connection name: informix_connection
committing transaction
load ResourceRole with id:4
operator: UnknownresourceId: Unknown - creating db connection using connection name: informix_connection
committing transaction
load ResourceRole with id:4
operator: UnknownresourceId: Unknown - creating db connection using connection name: informix_connection
committing transaction
committing transaction
load Resource with ids:[J@1317fbc
operator: UnknownresourceId: Unknown - creating db connection using connection name: informix_connection
load ResourceRole with id:8
operator: UnknownresourceId: Unknown - creating db connection using connection name: informix_connection
committing transaction
committing transaction
load Resource with ids:[J@1bc1982
operator: UnknownresourceId: Unknown - creating db connection using connection name: informix_connection
load ResourceRole with id:12
operator: UnknownresourceId: Unknown - creating db connection using connection name: informix_connection
committing transaction
committing transaction
load Resource with ids:[J@518fb9
operator: UnknownresourceId: Unknown - creating db connection using connection name: informix_connection
load ResourceRole with id:13
operator: UnknownresourceId: Unknown - creating db connection using connection name: informix_connection
committing transaction
committing transaction
load Resource with ids:[J@1e186d9
operator: UnknownresourceId: Unknown - creating db connection using connection name: informix_connection
load ResourceRole with id:9
operator: UnknownresourceId: Unknown - creating db connection using connection name: informix_connection
committing transaction
committing transaction
load Resource with ids:[J@f78e4b,[J@f78e4b
operator: UnknownresourceId: Unknown - creating db connection using connection name: informix_connection
load ResourceRole with id:1
operator: UnknownresourceId: Unknown - creating db connection using connection name: informix_connection
committing transaction
load ResourceRole with id:1
operator: UnknownresourceId: Unknown - creating db connection using connection name: informix_connection
committing transaction
committing transaction
operator: UnknownresourceId: 6 - load resource.
operator: UnknownresourceId: Unknown - creating db connection using connection name: informix_connection
load ResourceRole with id:4
operator: UnknownresourceId: Unknown - creating db connection using connection name: informix_connection
committing transaction
committing transaction
operator: UnknownresourceId: 4 - load resource.
operator: UnknownresourceId: Unknown - creating db connection using connection name: informix_connection
load ResourceRole with id:1
operator: UnknownresourceId: Unknown - creating db connection using connection name: informix_connection
committing transaction
committing transaction
operator: UnknownresourceId: 100000 - load resource.
operator: UnknownresourceId: Unknown - creating db connection using connection name: informix_connection
load ResourceRole with id:13
operator: UnknownresourceId: Unknown - creating db connection using connection name: informix_connection
committing transaction
committing transaction
operator: UnknownresourceId: 7 - load resource.
operator: UnknownresourceId: Unknown - creating db connection using connection name: informix_connection
load ResourceRole with id:4
operator: UnknownresourceId: Unknown - creating db connection using connection name: informix_connection
committing transaction
committing transaction
operator: UnknownresourceId: 5 - load resource.
operator: UnknownresourceId: Unknown - creating db connection using connection name: informix_connection
load ResourceRole with id:1
operator: UnknownresourceId: Unknown - creating db connection using connection name: informix_connection
committing transaction
committing transaction
Read propery[ConnectionFactoryNS] which is  required  with value[com.topcoder.db.connectionfactory.DBConnectionFactoryImpl] from namespace [com.topcoder.management.project.persistence.InformixProjectPersistence].
Read propery[ConnectionName] which is  optional  with value[informix_connection] from namespace [com.topcoder.management.project.persistence.InformixProjectPersistence].
Read propery[ProjectIdSequenceName] which is  optional  with value[project_id_seq] from namespace [com.topcoder.management.project.persistence.InformixProjectPersistence].
Read propery[ProjectAuditIdSequenceName] which is  optional  with value[project_audit_id_seq] from namespace [com.topcoder.management.project.persistence.InformixProjectPersistence].
Read propery[ConnectionFactoryNS] which is  required  with value[com.topcoder.db.connectionfactory.DBConnectionFactoryImpl] from namespace [com.topcoder.management.project.persistence.link.ProjectLinkManagerImpl].
Read propery[ConnectionName] which is  optional  with value[informix_connection] from namespace [com.topcoder.management.project.persistence.link.ProjectLinkManagerImpl].
read property ConnectionFactoryNS[com.topcoder.db.connectionfactory.DBConnectionFactoryImpl] from the namespace :com.topcoder.management.scorecard.persistence.InformixScorecardPersistence
read property ConnectionName[informix_connection] from the namespace :com.topcoder.management.scorecard.persistence.InformixScorecardPersistence
Instantiate SqlUploadPersistence with connectionFactory and connectioName:informix_connection
Instantiate PersistenceUploadManager with UploadPersistence, uploadSearchBundle, submissionSearchBundle, uploadIdGenerator, uploadTypeIdGenerator, uploadStatusIdGenerator, submissionIDGenerator, submissionStatusIdGenerator and submissionTypeIdGenerator.
Instantiate AbstractResourcePersistence with connectionFactory and connectionName[informix_connection].
load Resource role with ids:[J@1e48a4f,[J@1e48a4f,[J@1e48a4f,[J@1e48a4f,[J@1e48a4f,[J@1e48a4f,[J@1e48a4f,[J@1e48a4f,[J@1e48a4f,[J@1e48a4f,[J@1e48a4f,[J@1e48a4f,[J@1e48a4f,[J@1e48a4f,[J@1e48a4f,[J@1e48a4f,[J@1e48a4f,[J@1e48a4f,[J@1e48a4f,[J@1e48a4f,[J@1e48a4f,[J@1e48a4f
operator: UnknownresourceId: Unknown - creating db connection using connection name: informix_connection
committing transaction
get projects with the ids: 1
operator: UnknownprojectId: Unknown - creating db connection using connection name: informix_connection
committing transaction
load Resource role with ids:[J@12e9d2,[J@12e9d2,[J@12e9d2,[J@12e9d2,[J@12e9d2,[J@12e9d2,[J@12e9d2,[J@12e9d2,[J@12e9d2,[J@12e9d2,[J@12e9d2,[J@12e9d2,[J@12e9d2,[J@12e9d2,[J@12e9d2,[J@12e9d2,[J@12e9d2,[J@12e9d2,[J@12e9d2,[J@12e9d2,[J@12e9d2,[J@12e9d2
operator: UnknownresourceId: Unknown - creating db connection using connection name: informix_connection
committing transaction
Read propery[ConnectionFactoryNS] which is  required  with value[com.topcoder.db.connectionfactory.DBConnectionFactoryImpl] from namespace [com.topcoder.management.project.persistence.InformixProjectPersistence].
Read propery[ConnectionName] which is  optional  with value[informix_connection] from namespace [com.topcoder.management.project.persistence.InformixProjectPersistence].
Read propery[ProjectIdSequenceName] which is  optional  with value[project_id_seq] from namespace [com.topcoder.management.project.persistence.InformixProjectPersistence].
Read propery[ProjectAuditIdSequenceName] which is  optional  with value[project_audit_id_seq] from namespace [com.topcoder.management.project.persistence.InformixProjectPersistence].
Read propery[ConnectionFactoryNS] which is  required  with value[com.topcoder.db.connectionfactory.DBConnectionFactoryImpl] from namespace [com.topcoder.management.project.persistence.link.ProjectLinkManagerImpl].
Read propery[ConnectionName] which is  optional  with value[informix_connection] from namespace [com.topcoder.management.project.persistence.link.ProjectLinkManagerImpl].
read property ConnectionFactoryNS[com.topcoder.db.connectionfactory.DBConnectionFactoryImpl] from the namespace :com.topcoder.management.scorecard.persistence.InformixScorecardPersistence
read property ConnectionName[informix_connection] from the namespace :com.topcoder.management.scorecard.persistence.InformixScorecardPersistence
Instantiate SqlUploadPersistence with connectionFactory and connectioName:informix_connection
Instantiate PersistenceUploadManager with UploadPersistence, uploadSearchBundle, submissionSearchBundle, uploadIdGenerator, uploadTypeIdGenerator, uploadStatusIdGenerator, submissionIDGenerator, submissionStatusIdGenerator and submissionTypeIdGenerator.
Instantiate AbstractResourcePersistence with connectionFactory and connectionName[informix_connection].
load Resource role with ids:[J@507384,[J@507384,[J@507384,[J@507384,[J@507384,[J@507384,[J@507384,[J@507384,[J@507384,[J@507384,[J@507384,[J@507384,[J@507384,[J@507384,[J@507384,[J@507384,[J@507384,[J@507384,[J@507384,[J@507384,[J@507384,[J@507384
operator: UnknownresourceId: Unknown - creating db connection using connection name: informix_connection
committing transaction
Read propery[ConnectionFactoryNS] which is  required  with value[com.topcoder.db.connectionfactory.DBConnectionFactoryImpl] from namespace [com.topcoder.management.project.persistence.InformixProjectPersistence].
Read propery[ConnectionName] which is  optional  with value[informix_connection] from namespace [com.topcoder.management.project.persistence.InformixProjectPersistence].
Read propery[ProjectIdSequenceName] which is  optional  with value[project_id_seq] from namespace [com.topcoder.management.project.persistence.InformixProjectPersistence].
Read propery[ProjectAuditIdSequenceName] which is  optional  with value[project_audit_id_seq] from namespace [com.topcoder.management.project.persistence.InformixProjectPersistence].
Read propery[ConnectionFactoryNS] which is  required  with value[com.topcoder.db.connectionfactory.DBConnectionFactoryImpl] from namespace [com.topcoder.management.project.persistence.link.ProjectLinkManagerImpl].
Read propery[ConnectionName] which is  optional  with value[informix_connection] from namespace [com.topcoder.management.project.persistence.link.ProjectLinkManagerImpl].
read property ConnectionFactoryNS[com.topcoder.db.connectionfactory.DBConnectionFactoryImpl] from the namespace :com.topcoder.management.scorecard.persistence.InformixScorecardPersistence
read property ConnectionName[informix_connection] from the namespace :com.topcoder.management.scorecard.persistence.InformixScorecardPersistence
Instantiate SqlUploadPersistence with connectionFactory and connectioName:informix_connection
Instantiate PersistenceUploadManager with UploadPersistence, uploadSearchBundle, submissionSearchBundle, uploadIdGenerator, uploadTypeIdGenerator, uploadStatusIdGenerator, submissionIDGenerator, submissionStatusIdGenerator and submissionTypeIdGenerator.
Instantiate AbstractResourcePersistence with connectionFactory and connectionName[informix_connection].
load Resource role with ids:[J@87ac8f,[J@87ac8f,[J@87ac8f,[J@87ac8f,[J@87ac8f,[J@87ac8f,[J@87ac8f,[J@87ac8f,[J@87ac8f,[J@87ac8f,[J@87ac8f,[J@87ac8f,[J@87ac8f,[J@87ac8f,[J@87ac8f,[J@87ac8f,[J@87ac8f,[J@87ac8f,[J@87ac8f,[J@87ac8f,[J@87ac8f,[J@87ac8f
operator: UnknownresourceId: Unknown - creating db connection using connection name: informix_connection
committing transaction
Read propery[ConnectionFactoryNS] which is  required  with value[com.topcoder.db.connectionfactory.DBConnectionFactoryImpl] from namespace [com.topcoder.management.project.persistence.InformixProjectPersistence].
Read propery[ConnectionName] which is  optional  with value[informix_connection] from namespace [com.topcoder.management.project.persistence.InformixProjectPersistence].
Read propery[ProjectIdSequenceName] which is  optional  with value[project_id_seq] from namespace [com.topcoder.management.project.persistence.InformixProjectPersistence].
Read propery[ProjectAuditIdSequenceName] which is  optional  with value[project_audit_id_seq] from namespace [com.topcoder.management.project.persistence.InformixProjectPersistence].
Read propery[ConnectionFactoryNS] which is  required  with value[com.topcoder.db.connectionfactory.DBConnectionFactoryImpl] from namespace [com.topcoder.management.project.persistence.link.ProjectLinkManagerImpl].
Read propery[ConnectionName] which is  optional  with value[informix_connection] from namespace [com.topcoder.management.project.persistence.link.ProjectLinkManagerImpl].
read property ConnectionFactoryNS[com.topcoder.db.connectionfactory.DBConnectionFactoryImpl] from the namespace :com.topcoder.management.scorecard.persistence.InformixScorecardPersistence
read property ConnectionName[informix_connection] from the namespace :com.topcoder.management.scorecard.persistence.InformixScorecardPersistence
Instantiate SqlUploadPersistence with connectionFactory and connectioName:informix_connection
Instantiate PersistenceUploadManager with UploadPersistence, uploadSearchBundle, submissionSearchBundle, uploadIdGenerator, uploadTypeIdGenerator, uploadStatusIdGenerator, submissionIDGenerator, submissionStatusIdGenerator and submissionTypeIdGenerator.
Instantiate AbstractResourcePersistence with connectionFactory and connectionName[informix_connection].
load Resource role with ids:[J@1ffa176,[J@1ffa176,[J@1ffa176,[J@1ffa176,[J@1ffa176,[J@1ffa176,[J@1ffa176,[J@1ffa176,[J@1ffa176,[J@1ffa176,[J@1ffa176,[J@1ffa176,[J@1ffa176,[J@1ffa176,[J@1ffa176,[J@1ffa176,[J@1ffa176,[J@1ffa176,[J@1ffa176,[J@1ffa176,[J@1ffa176,[J@1ffa176
operator: UnknownresourceId: Unknown - creating db connection using connection name: informix_connection
committing transaction
Read propery[ConnectionFactoryNS] which is  required  with value[com.topcoder.db.connectionfactory.DBConnectionFactoryImpl] from namespace [com.topcoder.management.project.persistence.InformixProjectPersistence].
Read propery[ConnectionName] which is  optional  with value[informix_connection] from namespace [com.topcoder.management.project.persistence.InformixProjectPersistence].
Read propery[ProjectIdSequenceName] which is  optional  with value[project_id_seq] from namespace [com.topcoder.management.project.persistence.InformixProjectPersistence].
Read propery[ProjectAuditIdSequenceName] which is  optional  with value[project_audit_id_seq] from namespace [com.topcoder.management.project.persistence.InformixProjectPersistence].
Read propery[ConnectionFactoryNS] which is  required  with value[com.topcoder.db.connectionfactory.DBConnectionFactoryImpl] from namespace [com.topcoder.management.project.persistence.link.ProjectLinkManagerImpl].
Read propery[ConnectionName] which is  optional  with value[informix_connection] from namespace [com.topcoder.management.project.persistence.link.ProjectLinkManagerImpl].
read property ConnectionFactoryNS[com.topcoder.db.connectionfactory.DBConnectionFactoryImpl] from the namespace :com.topcoder.management.scorecard.persistence.InformixScorecardPersistence
read property ConnectionName[informix_connection] from the namespace :com.topcoder.management.scorecard.persistence.InformixScorecardPersistence
Instantiate SqlUploadPersistence with connectionFactory and connectioName:informix_connection
Instantiate PersistenceUploadManager with UploadPersistence, uploadSearchBundle, submissionSearchBundle, uploadIdGenerator, uploadTypeIdGenerator, uploadStatusIdGenerator, submissionIDGenerator, submissionStatusIdGenerator and submissionTypeIdGenerator.
Instantiate AbstractResourcePersistence with connectionFactory and connectionName[informix_connection].
load Resource role with ids:[J@1edd91b,[J@1edd91b,[J@1edd91b,[J@1edd91b,[J@1edd91b,[J@1edd91b,[J@1edd91b,[J@1edd91b,[J@1edd91b,[J@1edd91b,[J@1edd91b,[J@1edd91b,[J@1edd91b,[J@1edd91b,[J@1edd91b,[J@1edd91b,[J@1edd91b,[J@1edd91b,[J@1edd91b,[J@1edd91b,[J@1edd91b,[J@1edd91b
operator: UnknownresourceId: Unknown - creating db connection using connection name: informix_connection
committing transaction
type: Upload id: Unknown operator:Unknown - search submissions with filter. found: 2
load Resource with ids:[J@1447e90,[J@1447e90
operator: UnknownresourceId: Unknown - creating db connection using connection name: informix_connection
load ResourceRole with id:4
operator: UnknownresourceId: Unknown - creating db connection using connection name: informix_connection
committing transaction
load ResourceRole with id:4
operator: UnknownresourceId: Unknown - creating db connection using connection name: informix_connection
committing transaction
committing transaction
type: Submission id: 1 operator:1001 - update Submission.
type: Submission id: 1 operator:Unknown - Update Submission, it will update record in submission table.
create db connection using connection name:informix_connection
close the connection.
type: Submission id: 2 operator:1001 - update Submission.
type: Submission id: 2 operator:Unknown - Update Submission, it will update record in submission table.
create db connection using connection name:informix_connection
close the connection.
operator: UnknownresourceId: 4 - load resource.
operator: UnknownresourceId: Unknown - creating db connection using connection name: informix_connection
load ResourceRole with id:1
operator: UnknownresourceId: Unknown - creating db connection using connection name: informix_connection
committing transaction
committing transaction
operator: UnknownresourceId: 5 - load resource.
operator: UnknownresourceId: Unknown - creating db connection using connection name: informix_connection
load ResourceRole with id:1
operator: UnknownresourceId: Unknown - creating db connection using connection name: informix_connection
committing transaction
committing transaction
get projects with the ids: 1
operator: UnknownprojectId: Unknown - creating db connection using connection name: informix_connection
committing transaction
load Resource role with ids:[J@10f4a60,[J@10f4a60,[J@10f4a60,[J@10f4a60,[J@10f4a60,[J@10f4a60,[J@10f4a60,[J@10f4a60,[J@10f4a60,[J@10f4a60,[J@10f4a60,[J@10f4a60,[J@10f4a60,[J@10f4a60,[J@10f4a60,[J@10f4a60,[J@10f4a60,[J@10f4a60,[J@10f4a60,[J@10f4a60,[J@10f4a60,[J@10f4a60
operator: UnknownresourceId: Unknown - creating db connection using connection name: informix_connection
committing transaction
load Resource with ids:[J@cd6dca,[J@cd6dca
operator: UnknownresourceId: Unknown - creating db connection using connection name: informix_connection
load ResourceRole with id:4
operator: UnknownresourceId: Unknown - creating db connection using connection name: informix_connection
committing transaction
load ResourceRole with id:4
operator: UnknownresourceId: Unknown - creating db connection using connection name: informix_connection
committing transaction
committing transaction
load Resource with ids:[J@5dbc82,[J@5dbc82
operator: UnknownresourceId: Unknown - creating db connection using connection name: informix_connection
load ResourceRole with id:1
operator: UnknownresourceId: Unknown - creating db connection using connection name: informix_connection
committing transaction
load ResourceRole with id:1
operator: UnknownresourceId: Unknown - creating db connection using connection name: informix_connection
committing transaction
committing transaction
type: Upload id: Unknown operator:Unknown - search submissions with filter. found: 2
load Resource with ids:[J@8a8fc4,[J@8a8fc4
operator: UnknownresourceId: Unknown - creating db connection using connection name: informix_connection
load ResourceRole with id:4
operator: UnknownresourceId: Unknown - creating db connection using connection name: informix_connection
committing transaction
load ResourceRole with id:4
operator: UnknownresourceId: Unknown - creating db connection using connection name: informix_connection
committing transaction
committing transaction
type: Scorecard id: Unknown operator:Unknown - retrieve scorecard with ids:1, and is incomplete
create db connection with connect name:informix_connection
close the connection.
get All submission statuses, delegate to persistence.
get All submission statuses, delegate to persistence.
create db connection using connection name:informix_connection
close the connection.
type: SubmissionStatus id: Unknown operator:Unknown - Load SubmissionStatuses with ids:1,2,3,4,5
create db connection using connection name:informix_connection
close the connection.
get All submission statuses, delegate to persistence.
get All submission statuses, delegate to persistence.
create db connection using connection name:informix_connection
close the connection.
type: SubmissionStatus id: Unknown operator:Unknown - Load SubmissionStatuses with ids:1,2,3,4,5
create db connection using connection name:informix_connection
close the connection.
operator: UnknownresourceId: 4 - load resource.
operator: UnknownresourceId: Unknown - creating db connection using connection name: informix_connection
load ResourceRole with id:1
operator: UnknownresourceId: Unknown - creating db connection using connection name: informix_connection
committing transaction
committing transaction
type: Submission id: 1 operator:1001 - update Submission.
type: Submission id: 1 operator:Unknown - Update Submission, it will update record in submission table.
create db connection using connection name:informix_connection
close the connection.
operator: UnknownresourceId: 5 - load resource.
operator: UnknownresourceId: Unknown - creating db connection using connection name: informix_connection
load ResourceRole with id:1
operator: UnknownresourceId: Unknown - creating db connection using connection name: informix_connection
committing transaction
committing transaction
type: Submission id: 2 operator:1001 - update Submission.
type: Submission id: 2 operator:Unknown - Update Submission, it will update record in submission table.
create db connection using connection name:informix_connection
close the connection.
get projects with the ids: 1
operator: UnknownprojectId: Unknown - creating db connection using connection name: informix_connection
committing transaction
operator: 1001projectId: 1 - updating project: {Winner External Reference ID=4}
operator: UnknownprojectId: Unknown - creating db connection using connection name: informix_connection
operator: 1001projectId: 1 - update project with projectId:1
operator: 1001projectId: 1 - update project, update project_info with projectId:1
operator: 1001projectId: 1 - insert record into project_info with project id1
operator: 1001projectId: 1 - generate new id for the project audit.
insert record into project_audit with projectId:1
operator: 1001projectId: 1 - execute sql:SELECT modify_date FROM project WHERE project_id=?
committing transaction
operator: UnknownresourceId: 4 - load resource.
operator: UnknownresourceId: Unknown - creating db connection using connection name: informix_connection
load ResourceRole with id:1
operator: UnknownresourceId: Unknown - creating db connection using connection name: informix_connection
committing transaction
committing transaction
operator: UnknownresourceId: 5 - load resource.
operator: UnknownresourceId: Unknown - creating db connection using connection name: informix_connection
load ResourceRole with id:1
operator: UnknownresourceId: Unknown - creating db connection using connection name: informix_connection
committing transaction
committing transaction
get projects with the ids: 1
operator: UnknownprojectId: Unknown - creating db connection using connection name: informix_connection
committing transaction
load Resource role with ids:[J@48eddb,[J@48eddb,[J@48eddb,[J@48eddb,[J@48eddb,[J@48eddb,[J@48eddb,[J@48eddb,[J@48eddb,[J@48eddb,[J@48eddb,[J@48eddb,[J@48eddb,[J@48eddb,[J@48eddb,[J@48eddb,[J@48eddb,[J@48eddb,[J@48eddb,[J@48eddb,[J@48eddb,[J@48eddb
operator: UnknownresourceId: Unknown - creating db connection using connection name: informix_connection
committing transaction
load Resource with ids:[J@1f9b42c,[J@1f9b42c
operator: UnknownresourceId: Unknown - creating db connection using connection name: informix_connection
load ResourceRole with id:4
operator: UnknownresourceId: Unknown - creating db connection using connection name: informix_connection
committing transaction
load ResourceRole with id:4
operator: UnknownresourceId: Unknown - creating db connection using connection name: informix_connection
committing transaction
committing transaction
load Resource with ids:[J@9d44e9,[J@9d44e9
operator: UnknownresourceId: Unknown - creating db connection using connection name: informix_connection
load ResourceRole with id:1
operator: UnknownresourceId: Unknown - creating db connection using connection name: informix_connection
committing transaction
load ResourceRole with id:1
operator: UnknownresourceId: Unknown - creating db connection using connection name: informix_connection
committing transaction
committing transaction
load Resource with ids:[J@17a6a7f
operator: UnknownresourceId: Unknown - creating db connection using connection name: informix_connection
load ResourceRole with id:8
operator: UnknownresourceId: Unknown - creating db connection using connection name: informix_connection
committing transaction
committing transaction
load Resource with ids:[J@1b08736,[J@1b08736
operator: UnknownresourceId: Unknown - creating db connection using connection name: informix_connection
load ResourceRole with id:4
operator: UnknownresourceId: Unknown - creating db connection using connection name: informix_connection
committing transaction
load ResourceRole with id:4
operator: UnknownresourceId: Unknown - creating db connection using connection name: informix_connection
committing transaction
committing transaction
get projects with the ids: 1
operator: UnknownprojectId: Unknown - creating db connection using connection name: informix_connection
committing transaction
load Resource with ids:[J@bd46d6
operator: UnknownresourceId: Unknown - creating db connection using connection name: informix_connection
load ResourceRole with id:1
operator: UnknownresourceId: Unknown - creating db connection using connection name: informix_connection
committing transaction
committing transaction
type: Upload id: Unknown operator:Unknown - search submissions with filter. found: 1
load Resource with ids:[J@1ad71f0,[J@1ad71f0
operator: UnknownresourceId: Unknown - creating db connection using connection name: informix_connection
load ResourceRole with id:4
operator: UnknownresourceId: Unknown - creating db connection using connection name: informix_connection
committing transaction
load ResourceRole with id:4
operator: UnknownresourceId: Unknown - creating db connection using connection name: informix_connection
committing transaction
committing transaction
operator: 1001phaseId: 107 - create aggregate worksheet.
get projects with the ids: 1
operator: UnknownprojectId: Unknown - creating db connection using connection name: informix_connection
committing transaction
load Resource role with ids:[J@11ac6d5,[J@11ac6d5,[J@11ac6d5,[J@11ac6d5,[J@11ac6d5,[J@11ac6d5,[J@11ac6d5,[J@11ac6d5,[J@11ac6d5,[J@11ac6d5,[J@11ac6d5,[J@11ac6d5,[J@11ac6d5,[J@11ac6d5,[J@11ac6d5,[J@11ac6d5,[J@11ac6d5,[J@11ac6d5,[J@11ac6d5,[J@11ac6d5,[J@11ac6d5,[J@11ac6d5
operator: UnknownresourceId: Unknown - creating db connection using connection name: informix_connection
committing transaction
load Resource with ids:[J@1ccb4e6,[J@1ccb4e6
operator: UnknownresourceId: Unknown - creating db connection using connection name: informix_connection
load ResourceRole with id:4
operator: UnknownresourceId: Unknown - creating db connection using connection name: informix_connection
committing transaction
load ResourceRole with id:4
operator: UnknownresourceId: Unknown - creating db connection using connection name: informix_connection
committing transaction
committing transaction
load Resource with ids:[J@111a76c
operator: UnknownresourceId: Unknown - creating db connection using connection name: informix_connection
load ResourceRole with id:8
operator: UnknownresourceId: Unknown - creating db connection using connection name: informix_connection
committing transaction
committing transaction
load Resource with ids:[J@505786,[J@505786
operator: UnknownresourceId: Unknown - creating db connection using connection name: informix_connection
load ResourceRole with id:1
operator: UnknownresourceId: Unknown - creating db connection using connection name: informix_connection
committing transaction
load ResourceRole with id:1
operator: UnknownresourceId: Unknown - creating db connection using connection name: informix_connection
committing transaction
committing transaction
load Resource with ids:[J@dc033a
operator: UnknownresourceId: Unknown - creating db connection using connection name: informix_connection
load ResourceRole with id:8
operator: UnknownresourceId: Unknown - creating db connection using connection name: informix_connection
committing transaction
committing transaction
load Resource with ids:[J@34f625
operator: UnknownresourceId: Unknown - creating db connection using connection name: informix_connection
load ResourceRole with id:8
operator: UnknownresourceId: Unknown - creating db connection using connection name: informix_connection
committing transaction
committing transaction
operator: 1001phaseId: 108 - create aggregate worksheet.
get projects with the ids: 1
operator: UnknownprojectId: Unknown - creating db connection using connection name: informix_connection
committing transaction
load Resource role with ids:[J@832834,[J@832834,[J@832834,[J@832834,[J@832834,[J@832834,[J@832834,[J@832834,[J@832834,[J@832834,[J@832834,[J@832834,[J@832834,[J@832834,[J@832834,[J@832834,[J@832834,[J@832834,[J@832834,[J@832834,[J@832834,[J@832834
operator: UnknownresourceId: Unknown - creating db connection using connection name: informix_connection
committing transaction
load Resource with ids:[J@11dc4c8,[J@11dc4c8
operator: UnknownresourceId: Unknown - creating db connection using connection name: informix_connection
load ResourceRole with id:4
operator: UnknownresourceId: Unknown - creating db connection using connection name: informix_connection
committing transaction
load ResourceRole with id:4
operator: UnknownresourceId: Unknown - creating db connection using connection name: informix_connection
committing transaction
committing transaction
load Resource with ids:[J@5c24dc,[J@5c24dc
operator: UnknownresourceId: Unknown - creating db connection using connection name: informix_connection
load ResourceRole with id:8
operator: UnknownresourceId: Unknown - creating db connection using connection name: informix_connection
committing transaction
load ResourceRole with id:8
operator: UnknownresourceId: Unknown - creating db connection using connection name: informix_connection
committing transaction
committing transaction
load Resource with ids:[J@beb8f0,[J@beb8f0
operator: UnknownresourceId: Unknown - creating db connection using connection name: informix_connection
load ResourceRole with id:1
operator: UnknownresourceId: Unknown - creating db connection using connection name: informix_connection
committing transaction
load ResourceRole with id:1
operator: UnknownresourceId: Unknown - creating db connection using connection name: informix_connection
committing transaction
committing transaction
Read propery[ConnectionFactoryNS] which is  required  with value[com.topcoder.db.connectionfactory.DBConnectionFactoryImpl] from namespace [com.topcoder.management.project.persistence.InformixProjectPersistence].
Read propery[ConnectionName] which is  optional  with value[informix_connection] from namespace [com.topcoder.management.project.persistence.InformixProjectPersistence].
Read propery[ProjectIdSequenceName] which is  optional  with value[project_id_seq] from namespace [com.topcoder.management.project.persistence.InformixProjectPersistence].
Read propery[ProjectAuditIdSequenceName] which is  optional  with value[project_audit_id_seq] from namespace [com.topcoder.management.project.persistence.InformixProjectPersistence].
Read propery[ConnectionFactoryNS] which is  required  with value[com.topcoder.db.connectionfactory.DBConnectionFactoryImpl] from namespace [com.topcoder.management.project.persistence.link.ProjectLinkManagerImpl].
Read propery[ConnectionName] which is  optional  with value[informix_connection] from namespace [com.topcoder.management.project.persistence.link.ProjectLinkManagerImpl].
read property ConnectionFactoryNS[com.topcoder.db.connectionfactory.DBConnectionFactoryImpl] from the namespace :com.topcoder.management.scorecard.persistence.InformixScorecardPersistence
read property ConnectionName[informix_connection] from the namespace :com.topcoder.management.scorecard.persistence.InformixScorecardPersistence
Instantiate SqlUploadPersistence with connectionFactory and connectioName:informix_connection
Instantiate PersistenceUploadManager with UploadPersistence, uploadSearchBundle, submissionSearchBundle, uploadIdGenerator, uploadTypeIdGenerator, uploadStatusIdGenerator, submissionIDGenerator, submissionStatusIdGenerator and submissionTypeIdGenerator.
Instantiate AbstractResourcePersistence with connectionFactory and connectionName[informix_connection].
load Resource role with ids:[J@a3705d,[J@a3705d,[J@a3705d,[J@a3705d,[J@a3705d,[J@a3705d,[J@a3705d,[J@a3705d,[J@a3705d,[J@a3705d,[J@a3705d,[J@a3705d,[J@a3705d,[J@a3705d,[J@a3705d,[J@a3705d,[J@a3705d,[J@a3705d,[J@a3705d,[J@a3705d,[J@a3705d,[J@a3705d
operator: UnknownresourceId: Unknown - creating db connection using connection name: informix_connection
committing transaction
Read propery[ConnectionFactoryNS] which is  required  with value[com.topcoder.db.connectionfactory.DBConnectionFactoryImpl] from namespace [com.topcoder.management.project.persistence.InformixProjectPersistence].
Read propery[ConnectionName] which is  optional  with value[informix_connection] from namespace [com.topcoder.management.project.persistence.InformixProjectPersistence].
Read propery[ProjectIdSequenceName] which is  optional  with value[project_id_seq] from namespace [com.topcoder.management.project.persistence.InformixProjectPersistence].
Read propery[ProjectAuditIdSequenceName] which is  optional  with value[project_audit_id_seq] from namespace [com.topcoder.management.project.persistence.InformixProjectPersistence].
Read propery[ConnectionFactoryNS] which is  required  with value[com.topcoder.db.connectionfactory.DBConnectionFactoryImpl] from namespace [com.topcoder.management.project.persistence.link.ProjectLinkManagerImpl].
Read propery[ConnectionName] which is  optional  with value[informix_connection] from namespace [com.topcoder.management.project.persistence.link.ProjectLinkManagerImpl].
read property ConnectionFactoryNS[com.topcoder.db.connectionfactory.DBConnectionFactoryImpl] from the namespace :com.topcoder.management.scorecard.persistence.InformixScorecardPersistence
read property ConnectionName[informix_connection] from the namespace :com.topcoder.management.scorecard.persistence.InformixScorecardPersistence
Instantiate SqlUploadPersistence with connectionFactory and connectioName:informix_connection
Instantiate PersistenceUploadManager with UploadPersistence, uploadSearchBundle, submissionSearchBundle, uploadIdGenerator, uploadTypeIdGenerator, uploadStatusIdGenerator, submissionIDGenerator, submissionStatusIdGenerator and submissionTypeIdGenerator.
Instantiate AbstractResourcePersistence with connectionFactory and connectionName[informix_connection].
load Resource role with ids:[J@52c36e,[J@52c36e,[J@52c36e,[J@52c36e,[J@52c36e,[J@52c36e,[J@52c36e,[J@52c36e,[J@52c36e,[J@52c36e,[J@52c36e,[J@52c36e,[J@52c36e,[J@52c36e,[J@52c36e,[J@52c36e,[J@52c36e,[J@52c36e,[J@52c36e,[J@52c36e,[J@52c36e,[J@52c36e
operator: UnknownresourceId: Unknown - creating db connection using connection name: informix_connection
committing transaction
Read propery[ConnectionFactoryNS] which is  required  with value[com.topcoder.db.connectionfactory.DBConnectionFactoryImpl] from namespace [com.topcoder.management.project.persistence.InformixProjectPersistence].
Read propery[ConnectionName] which is  optional  with value[informix_connection] from namespace [com.topcoder.management.project.persistence.InformixProjectPersistence].
Read propery[ProjectIdSequenceName] which is  optional  with value[project_id_seq] from namespace [com.topcoder.management.project.persistence.InformixProjectPersistence].
Read propery[ProjectAuditIdSequenceName] which is  optional  with value[project_audit_id_seq] from namespace [com.topcoder.management.project.persistence.InformixProjectPersistence].
Read propery[ConnectionFactoryNS] which is  required  with value[com.topcoder.db.connectionfactory.DBConnectionFactoryImpl] from namespace [com.topcoder.management.project.persistence.link.ProjectLinkManagerImpl].
Read propery[ConnectionName] which is  optional  with value[informix_connection] from namespace [com.topcoder.management.project.persistence.link.ProjectLinkManagerImpl].
read property ConnectionFactoryNS[com.topcoder.db.connectionfactory.DBConnectionFactoryImpl] from the namespace :com.topcoder.management.scorecard.persistence.InformixScorecardPersistence
read property ConnectionName[informix_connection] from the namespace :com.topcoder.management.scorecard.persistence.InformixScorecardPersistence
Instantiate SqlUploadPersistence with connectionFactory and connectioName:informix_connection
Instantiate PersistenceUploadManager with UploadPersistence, uploadSearchBundle, submissionSearchBundle, uploadIdGenerator, uploadTypeIdGenerator, uploadStatusIdGenerator, submissionIDGenerator, submissionStatusIdGenerator and submissionTypeIdGenerator.
Instantiate AbstractResourcePersistence with connectionFactory and connectionName[informix_connection].
load Resource role with ids:[J@92ef0b,[J@92ef0b,[J@92ef0b,[J@92ef0b,[J@92ef0b,[J@92ef0b,[J@92ef0b,[J@92ef0b,[J@92ef0b,[J@92ef0b,[J@92ef0b,[J@92ef0b,[J@92ef0b,[J@92ef0b,[J@92ef0b,[J@92ef0b,[J@92ef0b,[J@92ef0b,[J@92ef0b,[J@92ef0b,[J@92ef0b,[J@92ef0b
operator: UnknownresourceId: Unknown - creating db connection using connection name: informix_connection
committing transaction
type: Upload id: Unknown operator:Unknown - search submissions with filter. found: 2
load Resource with ids:[J@1ebbf6,[J@1ebbf6
operator: UnknownresourceId: Unknown - creating db connection using connection name: informix_connection
load ResourceRole with id:4
operator: UnknownresourceId: Unknown - creating db connection using connection name: informix_connection
committing transaction
load ResourceRole with id:4
operator: UnknownresourceId: Unknown - creating db connection using connection name: informix_connection
committing transaction
committing transaction
type: Submission id: 1 operator:1001 - update Submission.
type: Submission id: 1 operator:Unknown - Update Submission, it will update record in submission table.
create db connection using connection name:informix_connection
close the connection.
type: Submission id: 2 operator:1001 - update Submission.
type: Submission id: 2 operator:Unknown - Update Submission, it will update record in submission table.
create db connection using connection name:informix_connection
close the connection.
operator: UnknownresourceId: 4 - load resource.
operator: UnknownresourceId: Unknown - creating db connection using connection name: informix_connection
load ResourceRole with id:1
operator: UnknownresourceId: Unknown - creating db connection using connection name: informix_connection
committing transaction
committing transaction
operator: UnknownresourceId: 5 - load resource.
operator: UnknownresourceId: Unknown - creating db connection using connection name: informix_connection
load ResourceRole with id:1
operator: UnknownresourceId: Unknown - creating db connection using connection name: informix_connection
committing transaction
committing transaction
load Notifications with array of userIds/projectIds/notificationTypes.
operator: UnknownresourceId: Unknown - creating db connection using connection name: informix_connection
committing transaction
get projects with the ids: 1
operator: UnknownprojectId: Unknown - creating db connection using connection name: informix_connection
committing transaction
load Resource role with ids:[J@177fc5c,[J@177fc5c,[J@177fc5c,[J@177fc5c,[J@177fc5c,[J@177fc5c,[J@177fc5c,[J@177fc5c,[J@177fc5c,[J@177fc5c,[J@177fc5c,[J@177fc5c,[J@177fc5c,[J@177fc5c,[J@177fc5c,[J@177fc5c,[J@177fc5c,[J@177fc5c,[J@177fc5c,[J@177fc5c,[J@177fc5c,[J@177fc5c
operator: UnknownresourceId: Unknown - creating db connection using connection name: informix_connection
committing transaction
load Resource with ids:[J@aeb9d0,[J@aeb9d0,[J@aeb9d0
operator: UnknownresourceId: Unknown - creating db connection using connection name: informix_connection
load ResourceRole with id:4
operator: UnknownresourceId: Unknown - creating db connection using connection name: informix_connection
committing transaction
load ResourceRole with id:4
operator: UnknownresourceId: Unknown - creating db connection using connection name: informix_connection
committing transaction
load ResourceRole with id:4
operator: UnknownresourceId: Unknown - creating db connection using connection name: informix_connection
committing transaction
committing transaction
load Resource with ids:[J@19ca340
operator: UnknownresourceId: Unknown - creating db connection using connection name: informix_connection
load ResourceRole with id:12
operator: UnknownresourceId: Unknown - creating db connection using connection name: informix_connection
committing transaction
committing transaction
load Resource with ids:[J@1d3ce84
operator: UnknownresourceId: Unknown - creating db connection using connection name: informix_connection
load ResourceRole with id:13
operator: UnknownresourceId: Unknown - creating db connection using connection name: informix_connection
committing transaction
committing transaction
load Resource with ids:[J@23abe6
operator: UnknownresourceId: Unknown - creating db connection using connection name: informix_connection
load ResourceRole with id:9
operator: UnknownresourceId: Unknown - creating db connection using connection name: informix_connection
committing transaction
committing transaction
load Resource with ids:[J@732b94,[J@732b94
operator: UnknownresourceId: Unknown - creating db connection using connection name: informix_connection
load ResourceRole with id:1
operator: UnknownresourceId: Unknown - creating db connection using connection name: informix_connection
committing transaction
load ResourceRole with id:1
operator: UnknownresourceId: Unknown - creating db connection using connection name: informix_connection
committing transaction
committing transaction
operator: UnknownresourceId: 6 - load resource.
operator: UnknownresourceId: Unknown - creating db connection using connection name: informix_connection
load ResourceRole with id:4
operator: UnknownresourceId: Unknown - creating db connection using connection name: informix_connection
committing transaction
committing transaction
operator: UnknownresourceId: 4 - load resource.
operator: UnknownresourceId: Unknown - creating db connection using connection name: informix_connection
load ResourceRole with id:1
operator: UnknownresourceId: Unknown - creating db connection using connection name: informix_connection
committing transaction
committing transaction
operator: UnknownresourceId: 100000 - load resource.
operator: UnknownresourceId: Unknown - creating db connection using connection name: informix_connection
load ResourceRole with id:13
operator: UnknownresourceId: Unknown - creating db connection using connection name: informix_connection
committing transaction
committing transaction
operator: UnknownresourceId: 7 - load resource.
operator: UnknownresourceId: Unknown - creating db connection using connection name: informix_connection
load ResourceRole with id:4
operator: UnknownresourceId: Unknown - creating db connection using connection name: informix_connection
committing transaction
committing transaction
operator: UnknownresourceId: 5 - load resource.
operator: UnknownresourceId: Unknown - creating db connection using connection name: informix_connection
load ResourceRole with id:1
operator: UnknownresourceId: Unknown - creating db connection using connection name: informix_connection
committing transaction
committing transaction
type: Upload id: Unknown operator:Unknown - search submissions with filter. found: 2
load Resource with ids:[J@50a6d4,[J@50a6d4
operator: UnknownresourceId: Unknown - creating db connection using connection name: informix_connection
load ResourceRole with id:4
operator: UnknownresourceId: Unknown - creating db connection using connection name: informix_connection
committing transaction
load ResourceRole with id:4
operator: UnknownresourceId: Unknown - creating db connection using connection name: informix_connection
committing transaction
committing transaction
type: Scorecard id: Unknown operator:Unknown - retrieve scorecard with ids:1, and is incomplete
create db connection with connect name:informix_connection
close the connection.
get All submission statuses, delegate to persistence.
get All submission statuses, delegate to persistence.
create db connection using connection name:informix_connection
close the connection.
type: SubmissionStatus id: Unknown operator:Unknown - Load SubmissionStatuses with ids:1,2,3,4,5
create db connection using connection name:informix_connection
close the connection.
get All submission statuses, delegate to persistence.
get All submission statuses, delegate to persistence.
create db connection using connection name:informix_connection
close the connection.
type: SubmissionStatus id: Unknown operator:Unknown - Load SubmissionStatuses with ids:1,2,3,4,5
create db connection using connection name:informix_connection
close the connection.
operator: UnknownresourceId: 4 - load resource.
operator: UnknownresourceId: Unknown - creating db connection using connection name: informix_connection
load ResourceRole with id:1
operator: UnknownresourceId: Unknown - creating db connection using connection name: informix_connection
committing transaction
committing transaction
type: Submission id: 1 operator:1001 - update Submission.
type: Submission id: 1 operator:Unknown - Update Submission, it will update record in submission table.
create db connection using connection name:informix_connection
close the connection.
operator: UnknownresourceId: 5 - load resource.
operator: UnknownresourceId: Unknown - creating db connection using connection name: informix_connection
load ResourceRole with id:1
operator: UnknownresourceId: Unknown - creating db connection using connection name: informix_connection
committing transaction
committing transaction
type: Submission id: 2 operator:1001 - update Submission.
type: Submission id: 2 operator:Unknown - Update Submission, it will update record in submission table.
create db connection using connection name:informix_connection
close the connection.
get projects with the ids: 1
operator: UnknownprojectId: Unknown - creating db connection using connection name: informix_connection
committing transaction
operator: 1001projectId: 1 - updating project: {Winner External Reference ID=4, Project Name=Online Review Phases, Project Version=1.5}
operator: UnknownprojectId: Unknown - creating db connection using connection name: informix_connection
operator: 1001projectId: 1 - update project with projectId:1
operator: 1001projectId: 1 - update project, update project_info with projectId:1
operator: 1001projectId: 1 - insert record into project_info with project id1
operator: 1001projectId: 1 - generate new id for the project audit.
insert record into project_audit with projectId:1
operator: 1001projectId: 1 - execute sql:SELECT modify_date FROM project WHERE project_id=?
committing transaction
operator: UnknownresourceId: 4 - load resource.
operator: UnknownresourceId: Unknown - creating db connection using connection name: informix_connection
load ResourceRole with id:1
operator: UnknownresourceId: Unknown - creating db connection using connection name: informix_connection
committing transaction
committing transaction
operator: UnknownresourceId: 5 - load resource.
operator: UnknownresourceId: Unknown - creating db connection using connection name: informix_connection
load ResourceRole with id:1
operator: UnknownresourceId: Unknown - creating db connection using connection name: informix_connection
committing transaction
committing transaction
load Notifications with array of userIds/projectIds/notificationTypes.
operator: UnknownresourceId: Unknown - creating db connection using connection name: informix_connection
committing transaction
get projects with the ids: 1
operator: UnknownprojectId: Unknown - creating db connection using connection name: informix_connection
committing transaction
load Resource role with ids:[J@decacd,[J@decacd,[J@decacd,[J@decacd,[J@decacd,[J@decacd,[J@decacd,[J@decacd,[J@decacd,[J@decacd,[J@decacd,[J@decacd,[J@decacd,[J@decacd,[J@decacd,[J@decacd,[J@decacd,[J@decacd,[J@decacd,[J@decacd,[J@decacd,[J@decacd
operator: UnknownresourceId: Unknown - creating db connection using connection name: informix_connection
committing transaction
load Resource with ids:[J@198e338,[J@198e338,[J@198e338
operator: UnknownresourceId: Unknown - creating db connection using connection name: informix_connection
load ResourceRole with id:4
operator: UnknownresourceId: Unknown - creating db connection using connection name: informix_connection
committing transaction
load ResourceRole with id:4
operator: UnknownresourceId: Unknown - creating db connection using connection name: informix_connection
committing transaction
load ResourceRole with id:4
operator: UnknownresourceId: Unknown - creating db connection using connection name: informix_connection
committing transaction
committing transaction
load Resource with ids:[J@8393a
operator: UnknownresourceId: Unknown - creating db connection using connection name: informix_connection
load ResourceRole with id:12
operator: UnknownresourceId: Unknown - creating db connection using connection name: informix_connection
committing transaction
committing transaction
load Resource with ids:[J@1ddb577
operator: UnknownresourceId: Unknown - creating db connection using connection name: informix_connection
load ResourceRole with id:13
operator: UnknownresourceId: Unknown - creating db connection using connection name: informix_connection
committing transaction
committing transaction
load Resource with ids:[J@c4728f
operator: UnknownresourceId: Unknown - creating db connection using connection name: informix_connection
load ResourceRole with id:9
operator: UnknownresourceId: Unknown - creating db connection using connection name: informix_connection
committing transaction
committing transaction
load Resource with ids:[J@a35603,[J@a35603
operator: UnknownresourceId: Unknown - creating db connection using connection name: informix_connection
load ResourceRole with id:1
operator: UnknownresourceId: Unknown - creating db connection using connection name: informix_connection
committing transaction
load ResourceRole with id:1
operator: UnknownresourceId: Unknown - creating db connection using connection name: informix_connection
committing transaction
committing transaction
operator: UnknownresourceId: 6 - load resource.
operator: UnknownresourceId: Unknown - creating db connection using connection name: informix_connection
load ResourceRole with id:4
operator: UnknownresourceId: Unknown - creating db connection using connection name: informix_connection
committing transaction
committing transaction
operator: UnknownresourceId: 4 - load resource.
operator: UnknownresourceId: Unknown - creating db connection using connection name: informix_connection
load ResourceRole with id:1
operator: UnknownresourceId: Unknown - creating db connection using connection name: informix_connection
committing transaction
committing transaction
operator: UnknownresourceId: 100000 - load resource.
operator: UnknownresourceId: Unknown - creating db connection using connection name: informix_connection
load ResourceRole with id:13
operator: UnknownresourceId: Unknown - creating db connection using connection name: informix_connection
committing transaction
committing transaction
operator: UnknownresourceId: 7 - load resource.
operator: UnknownresourceId: Unknown - creating db connection using connection name: informix_connection
load ResourceRole with id:4
operator: UnknownresourceId: Unknown - creating db connection using connection name: informix_connection
committing transaction
committing transaction
operator: UnknownresourceId: 5 - load resource.
operator: UnknownresourceId: Unknown - creating db connection using connection name: informix_connection
load ResourceRole with id:1
operator: UnknownresourceId: Unknown - creating db connection using connection name: informix_connection
committing transaction
committing transaction
Read propery[ConnectionFactoryNS] which is  required  with value[com.topcoder.db.connectionfactory.DBConnectionFactoryImpl] from namespace [com.topcoder.management.project.persistence.InformixProjectPersistence].
Read propery[ConnectionName] which is  optional  with value[informix_connection] from namespace [com.topcoder.management.project.persistence.InformixProjectPersistence].
Read propery[ProjectIdSequenceName] which is  optional  with value[project_id_seq] from namespace [com.topcoder.management.project.persistence.InformixProjectPersistence].
Read propery[ProjectAuditIdSequenceName] which is  optional  with value[project_audit_id_seq] from namespace [com.topcoder.management.project.persistence.InformixProjectPersistence].
Read propery[ConnectionFactoryNS] which is  required  with value[com.topcoder.db.connectionfactory.DBConnectionFactoryImpl] from namespace [com.topcoder.management.project.persistence.link.ProjectLinkManagerImpl].
Read propery[ConnectionName] which is  optional  with value[informix_connection] from namespace [com.topcoder.management.project.persistence.link.ProjectLinkManagerImpl].
read property ConnectionFactoryNS[com.topcoder.db.connectionfactory.DBConnectionFactoryImpl] from the namespace :com.topcoder.management.scorecard.persistence.InformixScorecardPersistence
read property ConnectionName[informix_connection] from the namespace :com.topcoder.management.scorecard.persistence.InformixScorecardPersistence
Instantiate SqlUploadPersistence with connectionFactory and connectioName:informix_connection
Instantiate PersistenceUploadManager with UploadPersistence, uploadSearchBundle, submissionSearchBundle, uploadIdGenerator, uploadTypeIdGenerator, uploadStatusIdGenerator, submissionIDGenerator, submissionStatusIdGenerator and submissionTypeIdGenerator.
Instantiate AbstractResourcePersistence with connectionFactory and connectionName[informix_connection].
load Resource role with ids:[J@1f904db,[J@1f904db,[J@1f904db,[J@1f904db,[J@1f904db,[J@1f904db,[J@1f904db,[J@1f904db,[J@1f904db,[J@1f904db,[J@1f904db,[J@1f904db,[J@1f904db,[J@1f904db,[J@1f904db,[J@1f904db,[J@1f904db,[J@1f904db,[J@1f904db,[J@1f904db,[J@1f904db,[J@1f904db
operator: UnknownresourceId: Unknown - creating db connection using connection name: informix_connection
committing transaction
Read propery[ConnectionFactoryNS] which is  required  with value[com.topcoder.db.connectionfactory.DBConnectionFactoryImpl] from namespace [com.topcoder.management.project.persistence.InformixProjectPersistence].
Read propery[ConnectionName] which is  optional  with value[informix_connection] from namespace [com.topcoder.management.project.persistence.InformixProjectPersistence].
Read propery[ProjectIdSequenceName] which is  optional  with value[project_id_seq] from namespace [com.topcoder.management.project.persistence.InformixProjectPersistence].
Read propery[ProjectAuditIdSequenceName] which is  optional  with value[project_audit_id_seq] from namespace [com.topcoder.management.project.persistence.InformixProjectPersistence].
Read propery[ConnectionFactoryNS] which is  required  with value[com.topcoder.db.connectionfactory.DBConnectionFactoryImpl] from namespace [com.topcoder.management.project.persistence.link.ProjectLinkManagerImpl].
Read propery[ConnectionName] which is  optional  with value[informix_connection] from namespace [com.topcoder.management.project.persistence.link.ProjectLinkManagerImpl].
read property ConnectionFactoryNS[com.topcoder.db.connectionfactory.DBConnectionFactoryImpl] from the namespace :com.topcoder.management.scorecard.persistence.InformixScorecardPersistence
read property ConnectionName[informix_connection] from the namespace :com.topcoder.management.scorecard.persistence.InformixScorecardPersistence
Instantiate SqlUploadPersistence with connectionFactory and connectioName:informix_connection
Instantiate PersistenceUploadManager with UploadPersistence, uploadSearchBundle, submissionSearchBundle, uploadIdGenerator, uploadTypeIdGenerator, uploadStatusIdGenerator, submissionIDGenerator, submissionStatusIdGenerator and submissionTypeIdGenerator.
Instantiate AbstractResourcePersistence with connectionFactory and connectionName[informix_connection].
load Resource role with ids:[J@1257b52,[J@1257b52,[J@1257b52,[J@1257b52,[J@1257b52,[J@1257b52,[J@1257b52,[J@1257b52,[J@1257b52,[J@1257b52,[J@1257b52,[J@1257b52,[J@1257b52,[J@1257b52,[J@1257b52,[J@1257b52,[J@1257b52,[J@1257b52,[J@1257b52,[J@1257b52,[J@1257b52,[J@1257b52
operator: UnknownresourceId: Unknown - creating db connection using connection name: informix_connection
committing transaction
entering canPerform: phaseId1
Read propery[ConnectionFactoryNS] which is  required  with value[com.topcoder.db.connectionfactory.DBConnectionFactoryImpl] from namespace [com.topcoder.management.project.persistence.InformixProjectPersistence].
Read propery[ConnectionName] which is  optional  with value[informix_connection] from namespace [com.topcoder.management.project.persistence.InformixProjectPersistence].
Read propery[ProjectIdSequenceName] which is  optional  with value[project_id_seq] from namespace [com.topcoder.management.project.persistence.InformixProjectPersistence].
Read propery[ProjectAuditIdSequenceName] which is  optional  with value[project_audit_id_seq] from namespace [com.topcoder.management.project.persistence.InformixProjectPersistence].
Read propery[ConnectionFactoryNS] which is  required  with value[com.topcoder.db.connectionfactory.DBConnectionFactoryImpl] from namespace [com.topcoder.management.project.persistence.link.ProjectLinkManagerImpl].
Read propery[ConnectionName] which is  optional  with value[informix_connection] from namespace [com.topcoder.management.project.persistence.link.ProjectLinkManagerImpl].
read property ConnectionFactoryNS[com.topcoder.db.connectionfactory.DBConnectionFactoryImpl] from the namespace :com.topcoder.management.scorecard.persistence.InformixScorecardPersistence
read property ConnectionName[informix_connection] from the namespace :com.topcoder.management.scorecard.persistence.InformixScorecardPersistence
Instantiate SqlUploadPersistence with connectionFactory and connectioName:informix_connection
Instantiate PersistenceUploadManager with UploadPersistence, uploadSearchBundle, submissionSearchBundle, uploadIdGenerator, uploadTypeIdGenerator, uploadStatusIdGenerator, submissionIDGenerator, submissionStatusIdGenerator and submissionTypeIdGenerator.
Instantiate AbstractResourcePersistence with connectionFactory and connectionName[informix_connection].
load Resource role with ids:[J@9eeaeb,[J@9eeaeb,[J@9eeaeb,[J@9eeaeb,[J@9eeaeb,[J@9eeaeb,[J@9eeaeb,[J@9eeaeb,[J@9eeaeb,[J@9eeaeb,[J@9eeaeb,[J@9eeaeb,[J@9eeaeb,[J@9eeaeb,[J@9eeaeb,[J@9eeaeb,[J@9eeaeb,[J@9eeaeb,[J@9eeaeb,[J@9eeaeb,[J@9eeaeb,[J@9eeaeb
operator: UnknownresourceId: Unknown - creating db connection using connection name: informix_connection
committing transaction
entering canPerform: phaseId1
Read propery[ConnectionFactoryNS] which is  required  with value[com.topcoder.db.connectionfactory.DBConnectionFactoryImpl] from namespace [com.topcoder.management.project.persistence.InformixProjectPersistence].
Read propery[ConnectionName] which is  optional  with value[informix_connection] from namespace [com.topcoder.management.project.persistence.InformixProjectPersistence].
Read propery[ProjectIdSequenceName] which is  optional  with value[project_id_seq] from namespace [com.topcoder.management.project.persistence.InformixProjectPersistence].
Read propery[ProjectAuditIdSequenceName] which is  optional  with value[project_audit_id_seq] from namespace [com.topcoder.management.project.persistence.InformixProjectPersistence].
Read propery[ConnectionFactoryNS] which is  required  with value[com.topcoder.db.connectionfactory.DBConnectionFactoryImpl] from namespace [com.topcoder.management.project.persistence.link.ProjectLinkManagerImpl].
Read propery[ConnectionName] which is  optional  with value[informix_connection] from namespace [com.topcoder.management.project.persistence.link.ProjectLinkManagerImpl].
read property ConnectionFactoryNS[com.topcoder.db.connectionfactory.DBConnectionFactoryImpl] from the namespace :com.topcoder.management.scorecard.persistence.InformixScorecardPersistence
read property ConnectionName[informix_connection] from the namespace :com.topcoder.management.scorecard.persistence.InformixScorecardPersistence
Instantiate SqlUploadPersistence with connectionFactory and connectioName:informix_connection
Instantiate PersistenceUploadManager with UploadPersistence, uploadSearchBundle, submissionSearchBundle, uploadIdGenerator, uploadTypeIdGenerator, uploadStatusIdGenerator, submissionIDGenerator, submissionStatusIdGenerator and submissionTypeIdGenerator.
Instantiate AbstractResourcePersistence with connectionFactory and connectionName[informix_connection].
load Resource role with ids:[J@166263,[J@166263,[J@166263,[J@166263,[J@166263,[J@166263,[J@166263,[J@166263,[J@166263,[J@166263,[J@166263,[J@166263,[J@166263,[J@166263,[J@166263,[J@166263,[J@166263,[J@166263,[J@166263,[J@166263,[J@166263,[J@166263
operator: UnknownresourceId: Unknown - creating db connection using connection name: informix_connection
committing transaction
Read propery[ConnectionFactoryNS] which is  required  with value[com.topcoder.db.connectionfactory.DBConnectionFactoryImpl] from namespace [com.topcoder.management.project.persistence.InformixProjectPersistence].
Read propery[ConnectionName] which is  optional  with value[informix_connection] from namespace [com.topcoder.management.project.persistence.InformixProjectPersistence].
Read propery[ProjectIdSequenceName] which is  optional  with value[project_id_seq] from namespace [com.topcoder.management.project.persistence.InformixProjectPersistence].
Read propery[ProjectAuditIdSequenceName] which is  optional  with value[project_audit_id_seq] from namespace [com.topcoder.management.project.persistence.InformixProjectPersistence].
Read propery[ConnectionFactoryNS] which is  required  with value[com.topcoder.db.connectionfactory.DBConnectionFactoryImpl] from namespace [com.topcoder.management.project.persistence.link.ProjectLinkManagerImpl].
Read propery[ConnectionName] which is  optional  with value[informix_connection] from namespace [com.topcoder.management.project.persistence.link.ProjectLinkManagerImpl].
read property ConnectionFactoryNS[com.topcoder.db.connectionfactory.DBConnectionFactoryImpl] from the namespace :com.topcoder.management.scorecard.persistence.InformixScorecardPersistence
read property ConnectionName[informix_connection] from the namespace :com.topcoder.management.scorecard.persistence.InformixScorecardPersistence
Instantiate SqlUploadPersistence with connectionFactory and connectioName:informix_connection
Instantiate PersistenceUploadManager with UploadPersistence, uploadSearchBundle, submissionSearchBundle, uploadIdGenerator, uploadTypeIdGenerator, uploadStatusIdGenerator, submissionIDGenerator, submissionStatusIdGenerator and submissionTypeIdGenerator.
Instantiate AbstractResourcePersistence with connectionFactory and connectionName[informix_connection].
load Resource role with ids:[J@12dd803,[J@12dd803,[J@12dd803,[J@12dd803,[J@12dd803,[J@12dd803,[J@12dd803,[J@12dd803,[J@12dd803,[J@12dd803,[J@12dd803,[J@12dd803,[J@12dd803,[J@12dd803,[J@12dd803,[J@12dd803,[J@12dd803,[J@12dd803,[J@12dd803,[J@12dd803,[J@12dd803,[J@12dd803
operator: UnknownresourceId: Unknown - creating db connection using connection name: informix_connection
committing transaction
Read propery[ConnectionFactoryNS] which is  required  with value[com.topcoder.db.connectionfactory.DBConnectionFactoryImpl] from namespace [com.topcoder.management.project.persistence.InformixProjectPersistence].
Read propery[ConnectionName] which is  optional  with value[informix_connection] from namespace [com.topcoder.management.project.persistence.InformixProjectPersistence].
Read propery[ProjectIdSequenceName] which is  optional  with value[project_id_seq] from namespace [com.topcoder.management.project.persistence.InformixProjectPersistence].
Read propery[ProjectAuditIdSequenceName] which is  optional  with value[project_audit_id_seq] from namespace [com.topcoder.management.project.persistence.InformixProjectPersistence].
Read propery[ConnectionFactoryNS] which is  required  with value[com.topcoder.db.connectionfactory.DBConnectionFactoryImpl] from namespace [com.topcoder.management.project.persistence.link.ProjectLinkManagerImpl].
Read propery[ConnectionName] which is  optional  with value[informix_connection] from namespace [com.topcoder.management.project.persistence.link.ProjectLinkManagerImpl].
read property ConnectionFactoryNS[com.topcoder.db.connectionfactory.DBConnectionFactoryImpl] from the namespace :com.topcoder.management.scorecard.persistence.InformixScorecardPersistence
read property ConnectionName[informix_connection] from the namespace :com.topcoder.management.scorecard.persistence.InformixScorecardPersistence
Instantiate SqlUploadPersistence with connectionFactory and connectioName:informix_connection
Instantiate PersistenceUploadManager with UploadPersistence, uploadSearchBundle, submissionSearchBundle, uploadIdGenerator, uploadTypeIdGenerator, uploadStatusIdGenerator, submissionIDGenerator, submissionStatusIdGenerator and submissionTypeIdGenerator.
Instantiate AbstractResourcePersistence with connectionFactory and connectionName[informix_connection].
load Resource role with ids:[J@de5f11,[J@de5f11,[J@de5f11,[J@de5f11,[J@de5f11,[J@de5f11,[J@de5f11,[J@de5f11,[J@de5f11,[J@de5f11,[J@de5f11,[J@de5f11,[J@de5f11,[J@de5f11,[J@de5f11,[J@de5f11,[J@de5f11,[J@de5f11,[J@de5f11,[J@de5f11,[J@de5f11,[J@de5f11
operator: UnknownresourceId: Unknown - creating db connection using connection name: informix_connection
committing transaction
Read propery[ConnectionFactoryNS] which is  required  with value[com.topcoder.db.connectionfactory.DBConnectionFactoryImpl] from namespace [com.topcoder.management.project.persistence.InformixProjectPersistence].
Read propery[ConnectionName] which is  optional  with value[informix_connection] from namespace [com.topcoder.management.project.persistence.InformixProjectPersistence].
Read propery[ProjectIdSequenceName] which is  optional  with value[project_id_seq] from namespace [com.topcoder.management.project.persistence.InformixProjectPersistence].
Read propery[ProjectAuditIdSequenceName] which is  optional  with value[project_audit_id_seq] from namespace [com.topcoder.management.project.persistence.InformixProjectPersistence].
Read propery[ConnectionFactoryNS] which is  required  with value[com.topcoder.db.connectionfactory.DBConnectionFactoryImpl] from namespace [com.topcoder.management.project.persistence.link.ProjectLinkManagerImpl].
Read propery[ConnectionName] which is  optional  with value[informix_connection] from namespace [com.topcoder.management.project.persistence.link.ProjectLinkManagerImpl].
read property ConnectionFactoryNS[com.topcoder.db.connectionfactory.DBConnectionFactoryImpl] from the namespace :com.topcoder.management.scorecard.persistence.InformixScorecardPersistence
read property ConnectionName[informix_connection] from the namespace :com.topcoder.management.scorecard.persistence.InformixScorecardPersistence
Instantiate SqlUploadPersistence with connectionFactory and connectioName:informix_connection
Instantiate PersistenceUploadManager with UploadPersistence, uploadSearchBundle, submissionSearchBundle, uploadIdGenerator, uploadTypeIdGenerator, uploadStatusIdGenerator, submissionIDGenerator, submissionStatusIdGenerator and submissionTypeIdGenerator.
Instantiate AbstractResourcePersistence with connectionFactory and connectionName[informix_connection].
load Resource role with ids:[J@99b665,[J@99b665,[J@99b665,[J@99b665,[J@99b665,[J@99b665,[J@99b665,[J@99b665,[J@99b665,[J@99b665,[J@99b665,[J@99b665,[J@99b665,[J@99b665,[J@99b665,[J@99b665,[J@99b665,[J@99b665,[J@99b665,[J@99b665,[J@99b665,[J@99b665
operator: UnknownresourceId: Unknown - creating db connection using connection name: informix_connection
committing transaction
Read propery[ConnectionFactoryNS] which is  required  with value[com.topcoder.db.connectionfactory.DBConnectionFactoryImpl] from namespace [com.topcoder.management.project.persistence.InformixProjectPersistence].
Read propery[ConnectionName] which is  optional  with value[informix_connection] from namespace [com.topcoder.management.project.persistence.InformixProjectPersistence].
Read propery[ProjectIdSequenceName] which is  optional  with value[project_id_seq] from namespace [com.topcoder.management.project.persistence.InformixProjectPersistence].
Read propery[ProjectAuditIdSequenceName] which is  optional  with value[project_audit_id_seq] from namespace [com.topcoder.management.project.persistence.InformixProjectPersistence].
Read propery[ConnectionFactoryNS] which is  required  with value[com.topcoder.db.connectionfactory.DBConnectionFactoryImpl] from namespace [com.topcoder.management.project.persistence.link.ProjectLinkManagerImpl].
Read propery[ConnectionName] which is  optional  with value[informix_connection] from namespace [com.topcoder.management.project.persistence.link.ProjectLinkManagerImpl].
read property ConnectionFactoryNS[com.topcoder.db.connectionfactory.DBConnectionFactoryImpl] from the namespace :com.topcoder.management.scorecard.persistence.InformixScorecardPersistence
read property ConnectionName[informix_connection] from the namespace :com.topcoder.management.scorecard.persistence.InformixScorecardPersistence
Instantiate SqlUploadPersistence with connectionFactory and connectioName:informix_connection
Instantiate PersistenceUploadManager with UploadPersistence, uploadSearchBundle, submissionSearchBundle, uploadIdGenerator, uploadTypeIdGenerator, uploadStatusIdGenerator, submissionIDGenerator, submissionStatusIdGenerator and submissionTypeIdGenerator.
Instantiate AbstractResourcePersistence with connectionFactory and connectionName[informix_connection].
load Resource role with ids:[J@19b6c59,[J@19b6c59,[J@19b6c59,[J@19b6c59,[J@19b6c59,[J@19b6c59,[J@19b6c59,[J@19b6c59,[J@19b6c59,[J@19b6c59,[J@19b6c59,[J@19b6c59,[J@19b6c59,[J@19b6c59,[J@19b6c59,[J@19b6c59,[J@19b6c59,[J@19b6c59,[J@19b6c59,[J@19b6c59,[J@19b6c59,[J@19b6c59
operator: UnknownresourceId: Unknown - creating db connection using connection name: informix_connection
committing transaction
Read propery[ConnectionFactoryNS] which is  required  with value[com.topcoder.db.connectionfactory.DBConnectionFactoryImpl] from namespace [com.topcoder.management.project.persistence.InformixProjectPersistence].
Read propery[ConnectionName] which is  optional  with value[informix_connection] from namespace [com.topcoder.management.project.persistence.InformixProjectPersistence].
Read propery[ProjectIdSequenceName] which is  optional  with value[project_id_seq] from namespace [com.topcoder.management.project.persistence.InformixProjectPersistence].
Read propery[ProjectAuditIdSequenceName] which is  optional  with value[project_audit_id_seq] from namespace [com.topcoder.management.project.persistence.InformixProjectPersistence].
Read propery[ConnectionFactoryNS] which is  required  with value[com.topcoder.db.connectionfactory.DBConnectionFactoryImpl] from namespace [com.topcoder.management.project.persistence.link.ProjectLinkManagerImpl].
Read propery[ConnectionName] which is  optional  with value[informix_connection] from namespace [com.topcoder.management.project.persistence.link.ProjectLinkManagerImpl].
read property ConnectionFactoryNS[com.topcoder.db.connectionfactory.DBConnectionFactoryImpl] from the namespace :com.topcoder.management.scorecard.persistence.InformixScorecardPersistence
read property ConnectionName[informix_connection] from the namespace :com.topcoder.management.scorecard.persistence.InformixScorecardPersistence
Instantiate SqlUploadPersistence with connectionFactory and connectioName:informix_connection
Instantiate PersistenceUploadManager with UploadPersistence, uploadSearchBundle, submissionSearchBundle, uploadIdGenerator, uploadTypeIdGenerator, uploadStatusIdGenerator, submissionIDGenerator, submissionStatusIdGenerator and submissionTypeIdGenerator.
Instantiate AbstractResourcePersistence with connectionFactory and connectionName[informix_connection].
load Resource role with ids:[J@158f66,[J@158f66,[J@158f66,[J@158f66,[J@158f66,[J@158f66,[J@158f66,[J@158f66,[J@158f66,[J@158f66,[J@158f66,[J@158f66,[J@158f66,[J@158f66,[J@158f66,[J@158f66,[J@158f66,[J@158f66,[J@158f66,[J@158f66,[J@158f66,[J@158f66
operator: UnknownresourceId: Unknown - creating db connection using connection name: informix_connection
committing transaction
entering canPerform: phaseId108
toStart: true
entering canPerform: phaseId108
toStart: true
entering canPerform: phaseId108
toStart: true
Read propery[ConnectionFactoryNS] which is  required  with value[com.topcoder.db.connectionfactory.DBConnectionFactoryImpl] from namespace [com.topcoder.management.project.persistence.InformixProjectPersistence].
Read propery[ConnectionName] which is  optional  with value[informix_connection] from namespace [com.topcoder.management.project.persistence.InformixProjectPersistence].
Read propery[ProjectIdSequenceName] which is  optional  with value[project_id_seq] from namespace [com.topcoder.management.project.persistence.InformixProjectPersistence].
Read propery[ProjectAuditIdSequenceName] which is  optional  with value[project_audit_id_seq] from namespace [com.topcoder.management.project.persistence.InformixProjectPersistence].
Read propery[ConnectionFactoryNS] which is  required  with value[com.topcoder.db.connectionfactory.DBConnectionFactoryImpl] from namespace [com.topcoder.management.project.persistence.link.ProjectLinkManagerImpl].
Read propery[ConnectionName] which is  optional  with value[informix_connection] from namespace [com.topcoder.management.project.persistence.link.ProjectLinkManagerImpl].
read property ConnectionFactoryNS[com.topcoder.db.connectionfactory.DBConnectionFactoryImpl] from the namespace :com.topcoder.management.scorecard.persistence.InformixScorecardPersistence
read property ConnectionName[informix_connection] from the namespace :com.topcoder.management.scorecard.persistence.InformixScorecardPersistence
Instantiate SqlUploadPersistence with connectionFactory and connectioName:informix_connection
Instantiate PersistenceUploadManager with UploadPersistence, uploadSearchBundle, submissionSearchBundle, uploadIdGenerator, uploadTypeIdGenerator, uploadStatusIdGenerator, submissionIDGenerator, submissionStatusIdGenerator and submissionTypeIdGenerator.
Instantiate AbstractResourcePersistence with connectionFactory and connectionName[informix_connection].
load Resource role with ids:[J@23a27e,[J@23a27e,[J@23a27e,[J@23a27e,[J@23a27e,[J@23a27e,[J@23a27e,[J@23a27e,[J@23a27e,[J@23a27e,[J@23a27e,[J@23a27e,[J@23a27e,[J@23a27e,[J@23a27e,[J@23a27e,[J@23a27e,[J@23a27e,[J@23a27e,[J@23a27e,[J@23a27e,[J@23a27e
operator: UnknownresourceId: Unknown - creating db connection using connection name: informix_connection
committing transaction
entering canPerform: phaseId108
toStart: false
Read propery[ConnectionFactoryNS] which is  required  with value[com.topcoder.db.connectionfactory.DBConnectionFactoryImpl] from namespace [com.topcoder.management.project.persistence.InformixProjectPersistence].
Read propery[ConnectionName] which is  optional  with value[informix_connection] from namespace [com.topcoder.management.project.persistence.InformixProjectPersistence].
Read propery[ProjectIdSequenceName] which is  optional  with value[project_id_seq] from namespace [com.topcoder.management.project.persistence.InformixProjectPersistence].
Read propery[ProjectAuditIdSequenceName] which is  optional  with value[project_audit_id_seq] from namespace [com.topcoder.management.project.persistence.InformixProjectPersistence].
Read propery[ConnectionFactoryNS] which is  required  with value[com.topcoder.db.connectionfactory.DBConnectionFactoryImpl] from namespace [com.topcoder.management.project.persistence.link.ProjectLinkManagerImpl].
Read propery[ConnectionName] which is  optional  with value[informix_connection] from namespace [com.topcoder.management.project.persistence.link.ProjectLinkManagerImpl].
read property ConnectionFactoryNS[com.topcoder.db.connectionfactory.DBConnectionFactoryImpl] from the namespace :com.topcoder.management.scorecard.persistence.InformixScorecardPersistence
read property ConnectionName[informix_connection] from the namespace :com.topcoder.management.scorecard.persistence.InformixScorecardPersistence
Instantiate SqlUploadPersistence with connectionFactory and connectioName:informix_connection
Instantiate PersistenceUploadManager with UploadPersistence, uploadSearchBundle, submissionSearchBundle, uploadIdGenerator, uploadTypeIdGenerator, uploadStatusIdGenerator, submissionIDGenerator, submissionStatusIdGenerator and submissionTypeIdGenerator.
Instantiate AbstractResourcePersistence with connectionFactory and connectionName[informix_connection].
load Resource role with ids:[J@1bab54a,[J@1bab54a,[J@1bab54a,[J@1bab54a,[J@1bab54a,[J@1bab54a,[J@1bab54a,[J@1bab54a,[J@1bab54a,[J@1bab54a,[J@1bab54a,[J@1bab54a,[J@1bab54a,[J@1bab54a,[J@1bab54a,[J@1bab54a,[J@1bab54a,[J@1bab54a,[J@1bab54a,[J@1bab54a,[J@1bab54a,[J@1bab54a
operator: UnknownresourceId: Unknown - creating db connection using connection name: informix_connection
committing transaction
entering canPerform: phaseId108
toStart: false
load Resource with ids:[J@1ad6d84
operator: UnknownresourceId: Unknown - creating db connection using connection name: informix_connection
load ResourceRole with id:8
operator: UnknownresourceId: Unknown - creating db connection using connection name: informix_connection
committing transaction
committing transaction
load Resource with ids:[J@1d144f2
operator: UnknownresourceId: Unknown - creating db connection using connection name: informix_connection
load ResourceRole with id:4
operator: UnknownresourceId: Unknown - creating db connection using connection name: informix_connection
committing transaction
committing transaction
load Resource with ids:[J@19f9684
operator: UnknownresourceId: Unknown - creating db connection using connection name: informix_connection
load ResourceRole with id:8
operator: UnknownresourceId: Unknown - creating db connection using connection name: informix_connection
committing transaction
committing transaction
get projects with the ids: 1
operator: UnknownprojectId: Unknown - creating db connection using connection name: informix_connection
committing transaction
load Resource with ids:[J@38728c
operator: UnknownresourceId: Unknown - creating db connection using connection name: informix_connection
load ResourceRole with id:1
operator: UnknownresourceId: Unknown - creating db connection using connection name: informix_connection
committing transaction
committing transaction
ret: true
Read propery[ConnectionFactoryNS] which is  required  with value[com.topcoder.db.connectionfactory.DBConnectionFactoryImpl] from namespace [com.topcoder.management.project.persistence.InformixProjectPersistence].
Read propery[ConnectionName] which is  optional  with value[informix_connection] from namespace [com.topcoder.management.project.persistence.InformixProjectPersistence].
Read propery[ProjectIdSequenceName] which is  optional  with value[project_id_seq] from namespace [com.topcoder.management.project.persistence.InformixProjectPersistence].
Read propery[ProjectAuditIdSequenceName] which is  optional  with value[project_audit_id_seq] from namespace [com.topcoder.management.project.persistence.InformixProjectPersistence].
Read propery[ConnectionFactoryNS] which is  required  with value[com.topcoder.db.connectionfactory.DBConnectionFactoryImpl] from namespace [com.topcoder.management.project.persistence.link.ProjectLinkManagerImpl].
Read propery[ConnectionName] which is  optional  with value[informix_connection] from namespace [com.topcoder.management.project.persistence.link.ProjectLinkManagerImpl].
read property ConnectionFactoryNS[com.topcoder.db.connectionfactory.DBConnectionFactoryImpl] from the namespace :com.topcoder.management.scorecard.persistence.InformixScorecardPersistence
read property ConnectionName[informix_connection] from the namespace :com.topcoder.management.scorecard.persistence.InformixScorecardPersistence
Instantiate SqlUploadPersistence with connectionFactory and connectioName:informix_connection
Instantiate PersistenceUploadManager with UploadPersistence, uploadSearchBundle, submissionSearchBundle, uploadIdGenerator, uploadTypeIdGenerator, uploadStatusIdGenerator, submissionIDGenerator, submissionStatusIdGenerator and submissionTypeIdGenerator.
Instantiate AbstractResourcePersistence with connectionFactory and connectionName[informix_connection].
load Resource role with ids:[J@783df,[J@783df,[J@783df,[J@783df,[J@783df,[J@783df,[J@783df,[J@783df,[J@783df,[J@783df,[J@783df,[J@783df,[J@783df,[J@783df,[J@783df,[J@783df,[J@783df,[J@783df,[J@783df,[J@783df,[J@783df,[J@783df
operator: UnknownresourceId: Unknown - creating db connection using connection name: informix_connection
committing transaction
entering canPerform: phaseId108
toStart: false
load Resource with ids:[J@17bcb17
operator: UnknownresourceId: Unknown - creating db connection using connection name: informix_connection
load ResourceRole with id:8
operator: UnknownresourceId: Unknown - creating db connection using connection name: informix_connection
committing transaction
committing transaction
load Resource with ids:[J@93b645
operator: UnknownresourceId: Unknown - creating db connection using connection name: informix_connection
load ResourceRole with id:8
operator: UnknownresourceId: Unknown - creating db connection using connection name: informix_connection
committing transaction
committing transaction
get projects with the ids: 1
operator: UnknownprojectId: Unknown - creating db connection using connection name: informix_connection
committing transaction
load Resource with ids:[J@140022f
operator: UnknownresourceId: Unknown - creating db connection using connection name: informix_connection
load ResourceRole with id:1
operator: UnknownresourceId: Unknown - creating db connection using connection name: informix_connection
committing transaction
committing transaction
cant't start phase: not exists comment type 'Submitter Comment' for reviewer: 1
ret: false
Read propery[ConnectionFactoryNS] which is  required  with value[com.topcoder.db.connectionfactory.DBConnectionFactoryImpl] from namespace [com.topcoder.management.project.persistence.InformixProjectPersistence].
Read propery[ConnectionName] which is  optional  with value[informix_connection] from namespace [com.topcoder.management.project.persistence.InformixProjectPersistence].
Read propery[ProjectIdSequenceName] which is  optional  with value[project_id_seq] from namespace [com.topcoder.management.project.persistence.InformixProjectPersistence].
Read propery[ProjectAuditIdSequenceName] which is  optional  with value[project_audit_id_seq] from namespace [com.topcoder.management.project.persistence.InformixProjectPersistence].
Read propery[ConnectionFactoryNS] which is  required  with value[com.topcoder.db.connectionfactory.DBConnectionFactoryImpl] from namespace [com.topcoder.management.project.persistence.link.ProjectLinkManagerImpl].
Read propery[ConnectionName] which is  optional  with value[informix_connection] from namespace [com.topcoder.management.project.persistence.link.ProjectLinkManagerImpl].
read property ConnectionFactoryNS[com.topcoder.db.connectionfactory.DBConnectionFactoryImpl] from the namespace :com.topcoder.management.scorecard.persistence.InformixScorecardPersistence
read property ConnectionName[informix_connection] from the namespace :com.topcoder.management.scorecard.persistence.InformixScorecardPersistence
Instantiate SqlUploadPersistence with connectionFactory and connectioName:informix_connection
Instantiate PersistenceUploadManager with UploadPersistence, uploadSearchBundle, submissionSearchBundle, uploadIdGenerator, uploadTypeIdGenerator, uploadStatusIdGenerator, submissionIDGenerator, submissionStatusIdGenerator and submissionTypeIdGenerator.
Instantiate AbstractResourcePersistence with connectionFactory and connectionName[informix_connection].
load Resource role with ids:[J@b0a583,[J@b0a583,[J@b0a583,[J@b0a583,[J@b0a583,[J@b0a583,[J@b0a583,[J@b0a583,[J@b0a583,[J@b0a583,[J@b0a583,[J@b0a583,[J@b0a583,[J@b0a583,[J@b0a583,[J@b0a583,[J@b0a583,[J@b0a583,[J@b0a583,[J@b0a583,[J@b0a583,[J@b0a583
operator: UnknownresourceId: Unknown - creating db connection using connection name: informix_connection
committing transaction
entering canPerform: phaseId108
toStart: false
load Resource with ids:[J@aa4a14
operator: UnknownresourceId: Unknown - creating db connection using connection name: informix_connection
load ResourceRole with id:8
operator: UnknownresourceId: Unknown - creating db connection using connection name: informix_connection
committing transaction
committing transaction
load Resource with ids:[J@4cb46a
operator: UnknownresourceId: Unknown - creating db connection using connection name: informix_connection
load ResourceRole with id:4
operator: UnknownresourceId: Unknown - creating db connection using connection name: informix_connection
committing transaction
committing transaction
load Resource with ids:[J@173b35c
operator: UnknownresourceId: Unknown - creating db connection using connection name: informix_connection
load ResourceRole with id:8
operator: UnknownresourceId: Unknown - creating db connection using connection name: informix_connection
committing transaction
committing transaction
get projects with the ids: 1
operator: UnknownprojectId: Unknown - creating db connection using connection name: informix_connection
committing transaction
load Resource with ids:[J@103b425
operator: UnknownresourceId: Unknown - creating db connection using connection name: informix_connection
load ResourceRole with id:1
operator: UnknownresourceId: Unknown - creating db connection using connection name: informix_connection
committing transaction
committing transaction
cant't start phase: not exists comment type 'Aggregation Review Comment' for reviewer: 6
ret: false
Read propery[ConnectionFactoryNS] which is  required  with value[com.topcoder.db.connectionfactory.DBConnectionFactoryImpl] from namespace [com.topcoder.management.project.persistence.InformixProjectPersistence].
Read propery[ConnectionName] which is  optional  with value[informix_connection] from namespace [com.topcoder.management.project.persistence.InformixProjectPersistence].
Read propery[ProjectIdSequenceName] which is  optional  with value[project_id_seq] from namespace [com.topcoder.management.project.persistence.InformixProjectPersistence].
Read propery[ProjectAuditIdSequenceName] which is  optional  with value[project_audit_id_seq] from namespace [com.topcoder.management.project.persistence.InformixProjectPersistence].
Read propery[ConnectionFactoryNS] which is  required  with value[com.topcoder.db.connectionfactory.DBConnectionFactoryImpl] from namespace [com.topcoder.management.project.persistence.link.ProjectLinkManagerImpl].
Read propery[ConnectionName] which is  optional  with value[informix_connection] from namespace [com.topcoder.management.project.persistence.link.ProjectLinkManagerImpl].
read property ConnectionFactoryNS[com.topcoder.db.connectionfactory.DBConnectionFactoryImpl] from the namespace :com.topcoder.management.scorecard.persistence.InformixScorecardPersistence
read property ConnectionName[informix_connection] from the namespace :com.topcoder.management.scorecard.persistence.InformixScorecardPersistence
Instantiate SqlUploadPersistence with connectionFactory and connectioName:informix_connection
Instantiate PersistenceUploadManager with UploadPersistence, uploadSearchBundle, submissionSearchBundle, uploadIdGenerator, uploadTypeIdGenerator, uploadStatusIdGenerator, submissionIDGenerator, submissionStatusIdGenerator and submissionTypeIdGenerator.
Instantiate AbstractResourcePersistence with connectionFactory and connectionName[informix_connection].
load Resource role with ids:[J@1746781,[J@1746781,[J@1746781,[J@1746781,[J@1746781,[J@1746781,[J@1746781,[J@1746781,[J@1746781,[J@1746781,[J@1746781,[J@1746781,[J@1746781,[J@1746781,[J@1746781,[J@1746781,[J@1746781,[J@1746781,[J@1746781,[J@1746781,[J@1746781,[J@1746781
operator: UnknownresourceId: Unknown - creating db connection using connection name: informix_connection
committing transaction
entering canPerform: phaseId108
toStart: false
load Resource with ids:[J@1e3bb60
operator: UnknownresourceId: Unknown - creating db connection using connection name: informix_connection
load ResourceRole with id:8
operator: UnknownresourceId: Unknown - creating db connection using connection name: informix_connection
committing transaction
committing transaction
load Resource with ids:[J@e4d64b
operator: UnknownresourceId: Unknown - creating db connection using connection name: informix_connection
load ResourceRole with id:4
operator: UnknownresourceId: Unknown - creating db connection using connection name: informix_connection
committing transaction
committing transaction
load Resource with ids:[J@5d5338
operator: UnknownresourceId: Unknown - creating db connection using connection name: informix_connection
load ResourceRole with id:8
operator: UnknownresourceId: Unknown - creating db connection using connection name: informix_connection
committing transaction
committing transaction
get projects with the ids: 1
operator: UnknownprojectId: Unknown - creating db connection using connection name: informix_connection
committing transaction
load Resource with ids:[J@201c15
operator: UnknownresourceId: Unknown - creating db connection using connection name: informix_connection
load ResourceRole with id:1
operator: UnknownresourceId: Unknown - creating db connection using connection name: informix_connection
committing transaction
committing transaction
cant't start phase: not exists comment type 'Submitter Comment' for reviewer: 1
ret: false
Read propery[ConnectionFactoryNS] which is  required  with value[com.topcoder.db.connectionfactory.DBConnectionFactoryImpl] from namespace [com.topcoder.management.project.persistence.InformixProjectPersistence].
Read propery[ConnectionName] which is  optional  with value[informix_connection] from namespace [com.topcoder.management.project.persistence.InformixProjectPersistence].
Read propery[ProjectIdSequenceName] which is  optional  with value[project_id_seq] from namespace [com.topcoder.management.project.persistence.InformixProjectPersistence].
Read propery[ProjectAuditIdSequenceName] which is  optional  with value[project_audit_id_seq] from namespace [com.topcoder.management.project.persistence.InformixProjectPersistence].
Read propery[ConnectionFactoryNS] which is  required  with value[com.topcoder.db.connectionfactory.DBConnectionFactoryImpl] from namespace [com.topcoder.management.project.persistence.link.ProjectLinkManagerImpl].
Read propery[ConnectionName] which is  optional  with value[informix_connection] from namespace [com.topcoder.management.project.persistence.link.ProjectLinkManagerImpl].
read property ConnectionFactoryNS[com.topcoder.db.connectionfactory.DBConnectionFactoryImpl] from the namespace :com.topcoder.management.scorecard.persistence.InformixScorecardPersistence
read property ConnectionName[informix_connection] from the namespace :com.topcoder.management.scorecard.persistence.InformixScorecardPersistence
Instantiate SqlUploadPersistence with connectionFactory and connectioName:informix_connection
Instantiate PersistenceUploadManager with UploadPersistence, uploadSearchBundle, submissionSearchBundle, uploadIdGenerator, uploadTypeIdGenerator, uploadStatusIdGenerator, submissionIDGenerator, submissionStatusIdGenerator and submissionTypeIdGenerator.
Instantiate AbstractResourcePersistence with connectionFactory and connectionName[informix_connection].
load Resource role with ids:[J@dd3b71,[J@dd3b71,[J@dd3b71,[J@dd3b71,[J@dd3b71,[J@dd3b71,[J@dd3b71,[J@dd3b71,[J@dd3b71,[J@dd3b71,[J@dd3b71,[J@dd3b71,[J@dd3b71,[J@dd3b71,[J@dd3b71,[J@dd3b71,[J@dd3b71,[J@dd3b71,[J@dd3b71,[J@dd3b71,[J@dd3b71,[J@dd3b71
operator: UnknownresourceId: Unknown - creating db connection using connection name: informix_connection
committing transaction
get projects with the ids: 1
operator: UnknownprojectId: Unknown - creating db connection using connection name: informix_connection
committing transaction
load Resource role with ids:[J@b8cab9,[J@b8cab9,[J@b8cab9,[J@b8cab9,[J@b8cab9,[J@b8cab9,[J@b8cab9,[J@b8cab9,[J@b8cab9,[J@b8cab9,[J@b8cab9,[J@b8cab9,[J@b8cab9,[J@b8cab9,[J@b8cab9,[J@b8cab9,[J@b8cab9,[J@b8cab9,[J@b8cab9,[J@b8cab9,[J@b8cab9,[J@b8cab9
operator: UnknownresourceId: Unknown - creating db connection using connection name: informix_connection
committing transaction
Read propery[ConnectionFactoryNS] which is  required  with value[com.topcoder.db.connectionfactory.DBConnectionFactoryImpl] from namespace [com.topcoder.management.project.persistence.InformixProjectPersistence].
Read propery[ConnectionName] which is  optional  with value[informix_connection] from namespace [com.topcoder.management.project.persistence.InformixProjectPersistence].
Read propery[ProjectIdSequenceName] which is  optional  with value[project_id_seq] from namespace [com.topcoder.management.project.persistence.InformixProjectPersistence].
Read propery[ProjectAuditIdSequenceName] which is  optional  with value[project_audit_id_seq] from namespace [com.topcoder.management.project.persistence.InformixProjectPersistence].
Read propery[ConnectionFactoryNS] which is  required  with value[com.topcoder.db.connectionfactory.DBConnectionFactoryImpl] from namespace [com.topcoder.management.project.persistence.link.ProjectLinkManagerImpl].
Read propery[ConnectionName] which is  optional  with value[informix_connection] from namespace [com.topcoder.management.project.persistence.link.ProjectLinkManagerImpl].
read property ConnectionFactoryNS[com.topcoder.db.connectionfactory.DBConnectionFactoryImpl] from the namespace :com.topcoder.management.scorecard.persistence.InformixScorecardPersistence
read property ConnectionName[informix_connection] from the namespace :com.topcoder.management.scorecard.persistence.InformixScorecardPersistence
Instantiate SqlUploadPersistence with connectionFactory and connectioName:informix_connection
Instantiate PersistenceUploadManager with UploadPersistence, uploadSearchBundle, submissionSearchBundle, uploadIdGenerator, uploadTypeIdGenerator, uploadStatusIdGenerator, submissionIDGenerator, submissionStatusIdGenerator and submissionTypeIdGenerator.
Instantiate AbstractResourcePersistence with connectionFactory and connectionName[informix_connection].
load Resource role with ids:[J@1a83d23,[J@1a83d23,[J@1a83d23,[J@1a83d23,[J@1a83d23,[J@1a83d23,[J@1a83d23,[J@1a83d23,[J@1a83d23,[J@1a83d23,[J@1a83d23,[J@1a83d23,[J@1a83d23,[J@1a83d23,[J@1a83d23,[J@1a83d23,[J@1a83d23,[J@1a83d23,[J@1a83d23,[J@1a83d23,[J@1a83d23,[J@1a83d23
operator: UnknownresourceId: Unknown - creating db connection using connection name: informix_connection
committing transaction
Read propery[ConnectionFactoryNS] which is  required  with value[com.topcoder.db.connectionfactory.DBConnectionFactoryImpl] from namespace [com.topcoder.management.project.persistence.InformixProjectPersistence].
Read propery[ConnectionName] which is  optional  with value[informix_connection] from namespace [com.topcoder.management.project.persistence.InformixProjectPersistence].
Read propery[ProjectIdSequenceName] which is  optional  with value[project_id_seq] from namespace [com.topcoder.management.project.persistence.InformixProjectPersistence].
Read propery[ProjectAuditIdSequenceName] which is  optional  with value[project_audit_id_seq] from namespace [com.topcoder.management.project.persistence.InformixProjectPersistence].
Read propery[ConnectionFactoryNS] which is  required  with value[com.topcoder.db.connectionfactory.DBConnectionFactoryImpl] from namespace [com.topcoder.management.project.persistence.link.ProjectLinkManagerImpl].
Read propery[ConnectionName] which is  optional  with value[informix_connection] from namespace [com.topcoder.management.project.persistence.link.ProjectLinkManagerImpl].
read property ConnectionFactoryNS[com.topcoder.db.connectionfactory.DBConnectionFactoryImpl] from the namespace :com.topcoder.management.scorecard.persistence.InformixScorecardPersistence
read property ConnectionName[informix_connection] from the namespace :com.topcoder.management.scorecard.persistence.InformixScorecardPersistence
Instantiate SqlUploadPersistence with connectionFactory and connectioName:informix_connection
Instantiate PersistenceUploadManager with UploadPersistence, uploadSearchBundle, submissionSearchBundle, uploadIdGenerator, uploadTypeIdGenerator, uploadStatusIdGenerator, submissionIDGenerator, submissionStatusIdGenerator and submissionTypeIdGenerator.
Instantiate AbstractResourcePersistence with connectionFactory and connectionName[informix_connection].
load Resource role with ids:[J@14709c6,[J@14709c6,[J@14709c6,[J@14709c6,[J@14709c6,[J@14709c6,[J@14709c6,[J@14709c6,[J@14709c6,[J@14709c6,[J@14709c6,[J@14709c6,[J@14709c6,[J@14709c6,[J@14709c6,[J@14709c6,[J@14709c6,[J@14709c6,[J@14709c6,[J@14709c6,[J@14709c6,[J@14709c6
operator: UnknownresourceId: Unknown - creating db connection using connection name: informix_connection
committing transaction
load Resource with ids:[J@c88db2
operator: UnknownresourceId: Unknown - creating db connection using connection name: informix_connection
load ResourceRole with id:8
operator: UnknownresourceId: Unknown - creating db connection using connection name: informix_connection
committing transaction
committing transaction
load Resource with ids:[J@1239469
operator: UnknownresourceId: Unknown - creating db connection using connection name: informix_connection
load ResourceRole with id:8
operator: UnknownresourceId: Unknown - creating db connection using connection name: informix_connection
committing transaction
committing transaction
operator: UnknownresourceId: 52 - add new resource to the project [id=1] with role :Aggregator in the [id=109] phase.
operator: UnknownresourceId: Unknown - creating db connection using connection name: informix_connection
insert a record into resource with resource id : 52
insert a record into the resource_submission with resource_id:52 and submission_id:[Ljava.lang.Long;@e4b8a7
insert a record into the resource_info table with resource_id = 52 and resource_info_type_id =1 value = 1001
insert a record into the resource_info table with resource_id = 52 and resource_info_type_id =7 value = 0
committing transaction
get projects with the ids: 1
operator: UnknownprojectId: Unknown - creating db connection using connection name: informix_connection
committing transaction
load Resource role with ids:[J@26add0,[J@26add0,[J@26add0,[J@26add0,[J@26add0,[J@26add0,[J@26add0,[J@26add0,[J@26add0,[J@26add0,[J@26add0,[J@26add0,[J@26add0,[J@26add0,[J@26add0,[J@26add0,[J@26add0,[J@26add0,[J@26add0,[J@26add0,[J@26add0,[J@26add0
operator: UnknownresourceId: Unknown - creating db connection using connection name: informix_connection
committing transaction
load Resource with ids:[J@181e8ba,[J@181e8ba
operator: UnknownresourceId: Unknown - creating db connection using connection name: informix_connection
load ResourceRole with id:8
operator: UnknownresourceId: Unknown - creating db connection using connection name: informix_connection
committing transaction
load ResourceRole with id:8
operator: UnknownresourceId: Unknown - creating db connection using connection name: informix_connection
committing transaction
committing transaction
Read propery[ConnectionFactoryNS] which is  required  with value[com.topcoder.db.connectionfactory.DBConnectionFactoryImpl] from namespace [com.topcoder.management.project.persistence.InformixProjectPersistence].
Read propery[ConnectionName] which is  optional  with value[informix_connection] from namespace [com.topcoder.management.project.persistence.InformixProjectPersistence].
Read propery[ProjectIdSequenceName] which is  optional  with value[project_id_seq] from namespace [com.topcoder.management.project.persistence.InformixProjectPersistence].
Read propery[ProjectAuditIdSequenceName] which is  optional  with value[project_audit_id_seq] from namespace [com.topcoder.management.project.persistence.InformixProjectPersistence].
Read propery[ConnectionFactoryNS] which is  required  with value[com.topcoder.db.connectionfactory.DBConnectionFactoryImpl] from namespace [com.topcoder.management.project.persistence.link.ProjectLinkManagerImpl].
Read propery[ConnectionName] which is  optional  with value[informix_connection] from namespace [com.topcoder.management.project.persistence.link.ProjectLinkManagerImpl].
read property ConnectionFactoryNS[com.topcoder.db.connectionfactory.DBConnectionFactoryImpl] from the namespace :com.topcoder.management.scorecard.persistence.InformixScorecardPersistence
read property ConnectionName[informix_connection] from the namespace :com.topcoder.management.scorecard.persistence.InformixScorecardPersistence
Instantiate SqlUploadPersistence with connectionFactory and connectioName:informix_connection
Instantiate PersistenceUploadManager with UploadPersistence, uploadSearchBundle, submissionSearchBundle, uploadIdGenerator, uploadTypeIdGenerator, uploadStatusIdGenerator, submissionIDGenerator, submissionStatusIdGenerator and submissionTypeIdGenerator.
Instantiate AbstractResourcePersistence with connectionFactory and connectionName[informix_connection].
load Resource role with ids:[J@5057fe,[J@5057fe,[J@5057fe,[J@5057fe,[J@5057fe,[J@5057fe,[J@5057fe,[J@5057fe,[J@5057fe,[J@5057fe,[J@5057fe,[J@5057fe,[J@5057fe,[J@5057fe,[J@5057fe,[J@5057fe,[J@5057fe,[J@5057fe,[J@5057fe,[J@5057fe,[J@5057fe,[J@5057fe
operator: UnknownresourceId: Unknown - creating db connection using connection name: informix_connection
committing transaction
entering canPerform: phaseId107
Read propery[ConnectionFactoryNS] which is  required  with value[com.topcoder.db.connectionfactory.DBConnectionFactoryImpl] from namespace [com.topcoder.management.project.persistence.InformixProjectPersistence].
Read propery[ConnectionName] which is  optional  with value[informix_connection] from namespace [com.topcoder.management.project.persistence.InformixProjectPersistence].
Read propery[ProjectIdSequenceName] which is  optional  with value[project_id_seq] from namespace [com.topcoder.management.project.persistence.InformixProjectPersistence].
Read propery[ProjectAuditIdSequenceName] which is  optional  with value[project_audit_id_seq] from namespace [com.topcoder.management.project.persistence.InformixProjectPersistence].
Read propery[ConnectionFactoryNS] which is  required  with value[com.topcoder.db.connectionfactory.DBConnectionFactoryImpl] from namespace [com.topcoder.management.project.persistence.link.ProjectLinkManagerImpl].
Read propery[ConnectionName] which is  optional  with value[informix_connection] from namespace [com.topcoder.management.project.persistence.link.ProjectLinkManagerImpl].
read property ConnectionFactoryNS[com.topcoder.db.connectionfactory.DBConnectionFactoryImpl] from the namespace :com.topcoder.management.scorecard.persistence.InformixScorecardPersistence
read property ConnectionName[informix_connection] from the namespace :com.topcoder.management.scorecard.persistence.InformixScorecardPersistence
Instantiate SqlUploadPersistence with connectionFactory and connectioName:informix_connection
Instantiate PersistenceUploadManager with UploadPersistence, uploadSearchBundle, submissionSearchBundle, uploadIdGenerator, uploadTypeIdGenerator, uploadStatusIdGenerator, submissionIDGenerator, submissionStatusIdGenerator and submissionTypeIdGenerator.
Instantiate AbstractResourcePersistence with connectionFactory and connectionName[informix_connection].
load Resource role with ids:[J@6178a,[J@6178a,[J@6178a,[J@6178a,[J@6178a,[J@6178a,[J@6178a,[J@6178a,[J@6178a,[J@6178a,[J@6178a,[J@6178a,[J@6178a,[J@6178a,[J@6178a,[J@6178a,[J@6178a,[J@6178a,[J@6178a,[J@6178a,[J@6178a,[J@6178a
operator: UnknownresourceId: Unknown - creating db connection using connection name: informix_connection
committing transaction
entering canPerform: phaseId108
toStart: false
load Resource with ids:[J@1e2f653
operator: UnknownresourceId: Unknown - creating db connection using connection name: informix_connection
load ResourceRole with id:8
operator: UnknownresourceId: Unknown - creating db connection using connection name: informix_connection
committing transaction
committing transaction
load Resource with ids:[J@111684e
operator: UnknownresourceId: Unknown - creating db connection using connection name: informix_connection
load ResourceRole with id:4
operator: UnknownresourceId: Unknown - creating db connection using connection name: informix_connection
committing transaction
committing transaction
load Resource with ids:[J@ff024d
operator: UnknownresourceId: Unknown - creating db connection using connection name: informix_connection
load ResourceRole with id:8
operator: UnknownresourceId: Unknown - creating db connection using connection name: informix_connection
committing transaction
committing transaction
get projects with the ids: 1
operator: UnknownprojectId: Unknown - creating db connection using connection name: informix_connection
committing transaction
load Resource with ids:[J@1c60244
operator: UnknownresourceId: Unknown - creating db connection using connection name: informix_connection
load ResourceRole with id:1
operator: UnknownresourceId: Unknown - creating db connection using connection name: informix_connection
committing transaction
committing transaction
cant't start phase: not exists comment type 'Submitter Comment' for reviewer: 1
Automatically approving pending aggregation reviews
Approving pending aggregation reviews
load Resource with ids:[J@e276d9
operator: UnknownresourceId: Unknown - creating db connection using connection name: informix_connection
load ResourceRole with id:8
operator: UnknownresourceId: Unknown - creating db connection using connection name: informix_connection
committing transaction
committing transaction
ret: true
Read propery[ConnectionFactoryNS] which is  required  with value[com.topcoder.db.connectionfactory.DBConnectionFactoryImpl] from namespace [com.topcoder.management.project.persistence.InformixProjectPersistence].
Read propery[ConnectionName] which is  optional  with value[informix_connection] from namespace [com.topcoder.management.project.persistence.InformixProjectPersistence].
Read propery[ProjectIdSequenceName] which is  optional  with value[project_id_seq] from namespace [com.topcoder.management.project.persistence.InformixProjectPersistence].
Read propery[ProjectAuditIdSequenceName] which is  optional  with value[project_audit_id_seq] from namespace [com.topcoder.management.project.persistence.InformixProjectPersistence].
Read propery[ConnectionFactoryNS] which is  required  with value[com.topcoder.db.connectionfactory.DBConnectionFactoryImpl] from namespace [com.topcoder.management.project.persistence.link.ProjectLinkManagerImpl].
Read propery[ConnectionName] which is  optional  with value[informix_connection] from namespace [com.topcoder.management.project.persistence.link.ProjectLinkManagerImpl].
read property ConnectionFactoryNS[com.topcoder.db.connectionfactory.DBConnectionFactoryImpl] from the namespace :com.topcoder.management.scorecard.persistence.InformixScorecardPersistence
read property ConnectionName[informix_connection] from the namespace :com.topcoder.management.scorecard.persistence.InformixScorecardPersistence
Instantiate SqlUploadPersistence with connectionFactory and connectioName:informix_connection
Instantiate PersistenceUploadManager with UploadPersistence, uploadSearchBundle, submissionSearchBundle, uploadIdGenerator, uploadTypeIdGenerator, uploadStatusIdGenerator, submissionIDGenerator, submissionStatusIdGenerator and submissionTypeIdGenerator.
Instantiate AbstractResourcePersistence with connectionFactory and connectionName[informix_connection].
load Resource role with ids:[J@6159e9,[J@6159e9,[J@6159e9,[J@6159e9,[J@6159e9,[J@6159e9,[J@6159e9,[J@6159e9,[J@6159e9,[J@6159e9,[J@6159e9,[J@6159e9,[J@6159e9,[J@6159e9,[J@6159e9,[J@6159e9,[J@6159e9,[J@6159e9,[J@6159e9,[J@6159e9,[J@6159e9,[J@6159e9
operator: UnknownresourceId: Unknown - creating db connection using connection name: informix_connection
committing transaction
Read propery[ConnectionFactoryNS] which is  required  with value[com.topcoder.db.connectionfactory.DBConnectionFactoryImpl] from namespace [com.topcoder.management.project.persistence.InformixProjectPersistence].
Read propery[ConnectionName] which is  optional  with value[informix_connection] from namespace [com.topcoder.management.project.persistence.InformixProjectPersistence].
Read propery[ProjectIdSequenceName] which is  optional  with value[project_id_seq] from namespace [com.topcoder.management.project.persistence.InformixProjectPersistence].
Read propery[ProjectAuditIdSequenceName] which is  optional  with value[project_audit_id_seq] from namespace [com.topcoder.management.project.persistence.InformixProjectPersistence].
Read propery[ConnectionFactoryNS] which is  required  with value[com.topcoder.db.connectionfactory.DBConnectionFactoryImpl] from namespace [com.topcoder.management.project.persistence.link.ProjectLinkManagerImpl].
Read propery[ConnectionName] which is  optional  with value[informix_connection] from namespace [com.topcoder.management.project.persistence.link.ProjectLinkManagerImpl].
read property ConnectionFactoryNS[com.topcoder.db.connectionfactory.DBConnectionFactoryImpl] from the namespace :com.topcoder.management.scorecard.persistence.InformixScorecardPersistence
read property ConnectionName[informix_connection] from the namespace :com.topcoder.management.scorecard.persistence.InformixScorecardPersistence
Instantiate SqlUploadPersistence with connectionFactory and connectioName:informix_connection
Instantiate PersistenceUploadManager with UploadPersistence, uploadSearchBundle, submissionSearchBundle, uploadIdGenerator, uploadTypeIdGenerator, uploadStatusIdGenerator, submissionIDGenerator, submissionStatusIdGenerator and submissionTypeIdGenerator.
Instantiate AbstractResourcePersistence with connectionFactory and connectionName[informix_connection].
load Resource role with ids:[J@722605,[J@722605,[J@722605,[J@722605,[J@722605,[J@722605,[J@722605,[J@722605,[J@722605,[J@722605,[J@722605,[J@722605,[J@722605,[J@722605,[J@722605,[J@722605,[J@722605,[J@722605,[J@722605,[J@722605,[J@722605,[J@722605
operator: UnknownresourceId: Unknown - creating db connection using connection name: informix_connection
committing transaction
Read propery[ConnectionFactoryNS] which is  required  with value[com.topcoder.db.connectionfactory.DBConnectionFactoryImpl] from namespace [com.topcoder.management.project.persistence.InformixProjectPersistence].
Read propery[ConnectionName] which is  optional  with value[informix_connection] from namespace [com.topcoder.management.project.persistence.InformixProjectPersistence].
Read propery[ProjectIdSequenceName] which is  optional  with value[project_id_seq] from namespace [com.topcoder.management.project.persistence.InformixProjectPersistence].
Read propery[ProjectAuditIdSequenceName] which is  optional  with value[project_audit_id_seq] from namespace [com.topcoder.management.project.persistence.InformixProjectPersistence].
Read propery[ConnectionFactoryNS] which is  required  with value[com.topcoder.db.connectionfactory.DBConnectionFactoryImpl] from namespace [com.topcoder.management.project.persistence.link.ProjectLinkManagerImpl].
Read propery[ConnectionName] which is  optional  with value[informix_connection] from namespace [com.topcoder.management.project.persistence.link.ProjectLinkManagerImpl].
read property ConnectionFactoryNS[com.topcoder.db.connectionfactory.DBConnectionFactoryImpl] from the namespace :com.topcoder.management.scorecard.persistence.InformixScorecardPersistence
read property ConnectionName[informix_connection] from the namespace :com.topcoder.management.scorecard.persistence.InformixScorecardPersistence
Instantiate SqlUploadPersistence with connectionFactory and connectioName:informix_connection
Instantiate PersistenceUploadManager with UploadPersistence, uploadSearchBundle, submissionSearchBundle, uploadIdGenerator, uploadTypeIdGenerator, uploadStatusIdGenerator, submissionIDGenerator, submissionStatusIdGenerator and submissionTypeIdGenerator.
Instantiate AbstractResourcePersistence with connectionFactory and connectionName[informix_connection].
load Resource role with ids:[J@5be981,[J@5be981,[J@5be981,[J@5be981,[J@5be981,[J@5be981,[J@5be981,[J@5be981,[J@5be981,[J@5be981,[J@5be981,[J@5be981,[J@5be981,[J@5be981,[J@5be981,[J@5be981,[J@5be981,[J@5be981,[J@5be981,[J@5be981,[J@5be981,[J@5be981
operator: UnknownresourceId: Unknown - creating db connection using connection name: informix_connection
committing transaction
Read propery[ConnectionFactoryNS] which is  required  with value[com.topcoder.db.connectionfactory.DBConnectionFactoryImpl] from namespace [com.topcoder.management.project.persistence.InformixProjectPersistence].
Read propery[ConnectionName] which is  optional  with value[informix_connection] from namespace [com.topcoder.management.project.persistence.InformixProjectPersistence].
Read propery[ProjectIdSequenceName] which is  optional  with value[project_id_seq] from namespace [com.topcoder.management.project.persistence.InformixProjectPersistence].
Read propery[ProjectAuditIdSequenceName] which is  optional  with value[project_audit_id_seq] from namespace [com.topcoder.management.project.persistence.InformixProjectPersistence].
Read propery[ConnectionFactoryNS] which is  required  with value[com.topcoder.db.connectionfactory.DBConnectionFactoryImpl] from namespace [com.topcoder.management.project.persistence.link.ProjectLinkManagerImpl].
Read propery[ConnectionName] which is  optional  with value[informix_connection] from namespace [com.topcoder.management.project.persistence.link.ProjectLinkManagerImpl].
read property ConnectionFactoryNS[com.topcoder.db.connectionfactory.DBConnectionFactoryImpl] from the namespace :com.topcoder.management.scorecard.persistence.InformixScorecardPersistence
read property ConnectionName[informix_connection] from the namespace :com.topcoder.management.scorecard.persistence.InformixScorecardPersistence
Instantiate SqlUploadPersistence with connectionFactory and connectioName:informix_connection
Instantiate PersistenceUploadManager with UploadPersistence, uploadSearchBundle, submissionSearchBundle, uploadIdGenerator, uploadTypeIdGenerator, uploadStatusIdGenerator, submissionIDGenerator, submissionStatusIdGenerator and submissionTypeIdGenerator.
Instantiate AbstractResourcePersistence with connectionFactory and connectionName[informix_connection].
load Resource role with ids:[J@1b3bd0d,[J@1b3bd0d,[J@1b3bd0d,[J@1b3bd0d,[J@1b3bd0d,[J@1b3bd0d,[J@1b3bd0d,[J@1b3bd0d,[J@1b3bd0d,[J@1b3bd0d,[J@1b3bd0d,[J@1b3bd0d,[J@1b3bd0d,[J@1b3bd0d,[J@1b3bd0d,[J@1b3bd0d,[J@1b3bd0d,[J@1b3bd0d,[J@1b3bd0d,[J@1b3bd0d,[J@1b3bd0d,[J@1b3bd0d
operator: UnknownresourceId: Unknown - creating db connection using connection name: informix_connection
committing transaction
Read propery[ConnectionFactoryNS] which is  required  with value[com.topcoder.db.connectionfactory.DBConnectionFactoryImpl] from namespace [com.topcoder.management.project.persistence.InformixProjectPersistence].
Read propery[ConnectionName] which is  optional  with value[informix_connection] from namespace [com.topcoder.management.project.persistence.InformixProjectPersistence].
Read propery[ProjectIdSequenceName] which is  optional  with value[project_id_seq] from namespace [com.topcoder.management.project.persistence.InformixProjectPersistence].
Read propery[ProjectAuditIdSequenceName] which is  optional  with value[project_audit_id_seq] from namespace [com.topcoder.management.project.persistence.InformixProjectPersistence].
Read propery[ConnectionFactoryNS] which is  required  with value[com.topcoder.db.connectionfactory.DBConnectionFactoryImpl] from namespace [com.topcoder.management.project.persistence.link.ProjectLinkManagerImpl].
Read propery[ConnectionName] which is  optional  with value[informix_connection] from namespace [com.topcoder.management.project.persistence.link.ProjectLinkManagerImpl].
read property ConnectionFactoryNS[com.topcoder.db.connectionfactory.DBConnectionFactoryImpl] from the namespace :com.topcoder.management.scorecard.persistence.InformixScorecardPersistence
read property ConnectionName[informix_connection] from the namespace :com.topcoder.management.scorecard.persistence.InformixScorecardPersistence
Instantiate SqlUploadPersistence with connectionFactory and connectioName:informix_connection
Instantiate PersistenceUploadManager with UploadPersistence, uploadSearchBundle, submissionSearchBundle, uploadIdGenerator, uploadTypeIdGenerator, uploadStatusIdGenerator, submissionIDGenerator, submissionStatusIdGenerator and submissionTypeIdGenerator.
Instantiate AbstractResourcePersistence with connectionFactory and connectionName[informix_connection].
load Resource role with ids:[J@2a533e,[J@2a533e,[J@2a533e,[J@2a533e,[J@2a533e,[J@2a533e,[J@2a533e,[J@2a533e,[J@2a533e,[J@2a533e,[J@2a533e,[J@2a533e,[J@2a533e,[J@2a533e,[J@2a533e,[J@2a533e,[J@2a533e,[J@2a533e,[J@2a533e,[J@2a533e,[J@2a533e,[J@2a533e
operator: UnknownresourceId: Unknown - creating db connection using connection name: informix_connection
committing transaction
Read propery[ConnectionFactoryNS] which is  required  with value[com.topcoder.db.connectionfactory.DBConnectionFactoryImpl] from namespace [com.topcoder.management.project.persistence.InformixProjectPersistence].
Read propery[ConnectionName] which is  optional  with value[informix_connection] from namespace [com.topcoder.management.project.persistence.InformixProjectPersistence].
Read propery[ProjectIdSequenceName] which is  optional  with value[project_id_seq] from namespace [com.topcoder.management.project.persistence.InformixProjectPersistence].
Read propery[ProjectAuditIdSequenceName] which is  optional  with value[project_audit_id_seq] from namespace [com.topcoder.management.project.persistence.InformixProjectPersistence].
Read propery[ConnectionFactoryNS] which is  required  with value[com.topcoder.db.connectionfactory.DBConnectionFactoryImpl] from namespace [com.topcoder.management.project.persistence.link.ProjectLinkManagerImpl].
Read propery[ConnectionName] which is  optional  with value[informix_connection] from namespace [com.topcoder.management.project.persistence.link.ProjectLinkManagerImpl].
read property ConnectionFactoryNS[com.topcoder.db.connectionfactory.DBConnectionFactoryImpl] from the namespace :com.topcoder.management.scorecard.persistence.InformixScorecardPersistence
read property ConnectionName[informix_connection] from the namespace :com.topcoder.management.scorecard.persistence.InformixScorecardPersistence
Instantiate SqlUploadPersistence with connectionFactory and connectioName:informix_connection
Instantiate PersistenceUploadManager with UploadPersistence, uploadSearchBundle, submissionSearchBundle, uploadIdGenerator, uploadTypeIdGenerator, uploadStatusIdGenerator, submissionIDGenerator, submissionStatusIdGenerator and submissionTypeIdGenerator.
Instantiate AbstractResourcePersistence with connectionFactory and connectionName[informix_connection].
load Resource role with ids:[J@19c3236,[J@19c3236,[J@19c3236,[J@19c3236,[J@19c3236,[J@19c3236,[J@19c3236,[J@19c3236,[J@19c3236,[J@19c3236,[J@19c3236,[J@19c3236,[J@19c3236,[J@19c3236,[J@19c3236,[J@19c3236,[J@19c3236,[J@19c3236,[J@19c3236,[J@19c3236,[J@19c3236,[J@19c3236
operator: UnknownresourceId: Unknown - creating db connection using connection name: informix_connection
committing transaction
Read propery[ConnectionFactoryNS] which is  required  with value[com.topcoder.db.connectionfactory.DBConnectionFactoryImpl] from namespace [com.topcoder.management.project.persistence.InformixProjectPersistence].
Read propery[ConnectionName] which is  optional  with value[informix_connection] from namespace [com.topcoder.management.project.persistence.InformixProjectPersistence].
Read propery[ProjectIdSequenceName] which is  optional  with value[project_id_seq] from namespace [com.topcoder.management.project.persistence.InformixProjectPersistence].
Read propery[ProjectAuditIdSequenceName] which is  optional  with value[project_audit_id_seq] from namespace [com.topcoder.management.project.persistence.InformixProjectPersistence].
Read propery[ConnectionFactoryNS] which is  required  with value[com.topcoder.db.connectionfactory.DBConnectionFactoryImpl] from namespace [com.topcoder.management.project.persistence.link.ProjectLinkManagerImpl].
Read propery[ConnectionName] which is  optional  with value[informix_connection] from namespace [com.topcoder.management.project.persistence.link.ProjectLinkManagerImpl].
read property ConnectionFactoryNS[com.topcoder.db.connectionfactory.DBConnectionFactoryImpl] from the namespace :com.topcoder.management.scorecard.persistence.InformixScorecardPersistence
read property ConnectionName[informix_connection] from the namespace :com.topcoder.management.scorecard.persistence.InformixScorecardPersistence
Instantiate SqlUploadPersistence with connectionFactory and connectioName:informix_connection
Instantiate PersistenceUploadManager with UploadPersistence, uploadSearchBundle, submissionSearchBundle, uploadIdGenerator, uploadTypeIdGenerator, uploadStatusIdGenerator, submissionIDGenerator, submissionStatusIdGenerator and submissionTypeIdGenerator.
Instantiate AbstractResourcePersistence with connectionFactory and connectionName[informix_connection].
load Resource role with ids:[J@1912a37,[J@1912a37,[J@1912a37,[J@1912a37,[J@1912a37,[J@1912a37,[J@1912a37,[J@1912a37,[J@1912a37,[J@1912a37,[J@1912a37,[J@1912a37,[J@1912a37,[J@1912a37,[J@1912a37,[J@1912a37,[J@1912a37,[J@1912a37,[J@1912a37,[J@1912a37,[J@1912a37,[J@1912a37
operator: UnknownresourceId: Unknown - creating db connection using connection name: informix_connection
committing transaction
Read propery[ConnectionFactoryNS] which is  required  with value[com.topcoder.db.connectionfactory.DBConnectionFactoryImpl] from namespace [com.topcoder.management.project.persistence.InformixProjectPersistence].
Read propery[ConnectionName] which is  optional  with value[informix_connection] from namespace [com.topcoder.management.project.persistence.InformixProjectPersistence].
Read propery[ProjectIdSequenceName] which is  optional  with value[project_id_seq] from namespace [com.topcoder.management.project.persistence.InformixProjectPersistence].
Read propery[ProjectAuditIdSequenceName] which is  optional  with value[project_audit_id_seq] from namespace [com.topcoder.management.project.persistence.InformixProjectPersistence].
Read propery[ConnectionFactoryNS] which is  required  with value[com.topcoder.db.connectionfactory.DBConnectionFactoryImpl] from namespace [com.topcoder.management.project.persistence.link.ProjectLinkManagerImpl].
Read propery[ConnectionName] which is  optional  with value[informix_connection] from namespace [com.topcoder.management.project.persistence.link.ProjectLinkManagerImpl].
read property ConnectionFactoryNS[com.topcoder.db.connectionfactory.DBConnectionFactoryImpl] from the namespace :com.topcoder.management.scorecard.persistence.InformixScorecardPersistence
read property ConnectionName[informix_connection] from the namespace :com.topcoder.management.scorecard.persistence.InformixScorecardPersistence
Instantiate SqlUploadPersistence with connectionFactory and connectioName:informix_connection
Instantiate PersistenceUploadManager with UploadPersistence, uploadSearchBundle, submissionSearchBundle, uploadIdGenerator, uploadTypeIdGenerator, uploadStatusIdGenerator, submissionIDGenerator, submissionStatusIdGenerator and submissionTypeIdGenerator.
Instantiate AbstractResourcePersistence with connectionFactory and connectionName[informix_connection].
load Resource role with ids:[J@aa4568,[J@aa4568,[J@aa4568,[J@aa4568,[J@aa4568,[J@aa4568,[J@aa4568,[J@aa4568,[J@aa4568,[J@aa4568,[J@aa4568,[J@aa4568,[J@aa4568,[J@aa4568,[J@aa4568,[J@aa4568,[J@aa4568,[J@aa4568,[J@aa4568,[J@aa4568,[J@aa4568,[J@aa4568
operator: UnknownresourceId: Unknown - creating db connection using connection name: informix_connection
committing transaction
Read propery[ConnectionFactoryNS] which is  required  with value[com.topcoder.db.connectionfactory.DBConnectionFactoryImpl] from namespace [com.topcoder.management.project.persistence.InformixProjectPersistence].
Read propery[ConnectionName] which is  optional  with value[informix_connection] from namespace [com.topcoder.management.project.persistence.InformixProjectPersistence].
Read propery[ProjectIdSequenceName] which is  optional  with value[project_id_seq] from namespace [com.topcoder.management.project.persistence.InformixProjectPersistence].
Read propery[ProjectAuditIdSequenceName] which is  optional  with value[project_audit_id_seq] from namespace [com.topcoder.management.project.persistence.InformixProjectPersistence].
Read propery[ConnectionFactoryNS] which is  required  with value[com.topcoder.db.connectionfactory.DBConnectionFactoryImpl] from namespace [com.topcoder.management.project.persistence.link.ProjectLinkManagerImpl].
Read propery[ConnectionName] which is  optional  with value[informix_connection] from namespace [com.topcoder.management.project.persistence.link.ProjectLinkManagerImpl].
read property ConnectionFactoryNS[com.topcoder.db.connectionfactory.DBConnectionFactoryImpl] from the namespace :com.topcoder.management.scorecard.persistence.InformixScorecardPersistence
read property ConnectionName[informix_connection] from the namespace :com.topcoder.management.scorecard.persistence.InformixScorecardPersistence
Instantiate SqlUploadPersistence with connectionFactory and connectioName:informix_connection
Instantiate PersistenceUploadManager with UploadPersistence, uploadSearchBundle, submissionSearchBundle, uploadIdGenerator, uploadTypeIdGenerator, uploadStatusIdGenerator, submissionIDGenerator, submissionStatusIdGenerator and submissionTypeIdGenerator.
Instantiate AbstractResourcePersistence with connectionFactory and connectionName[informix_connection].
load Resource role with ids:[J@1fcc032,[J@1fcc032,[J@1fcc032,[J@1fcc032,[J@1fcc032,[J@1fcc032,[J@1fcc032,[J@1fcc032,[J@1fcc032,[J@1fcc032,[J@1fcc032,[J@1fcc032,[J@1fcc032,[J@1fcc032,[J@1fcc032,[J@1fcc032,[J@1fcc032,[J@1fcc032,[J@1fcc032,[J@1fcc032,[J@1fcc032,[J@1fcc032
operator: UnknownresourceId: Unknown - creating db connection using connection name: informix_connection
committing transaction
Read propery[ConnectionFactoryNS] which is  required  with value[com.topcoder.db.connectionfactory.DBConnectionFactoryImpl] from namespace [com.topcoder.management.project.persistence.InformixProjectPersistence].
Read propery[ConnectionName] which is  optional  with value[informix_connection] from namespace [com.topcoder.management.project.persistence.InformixProjectPersistence].
Read propery[ProjectIdSequenceName] which is  optional  with value[project_id_seq] from namespace [com.topcoder.management.project.persistence.InformixProjectPersistence].
Read propery[ProjectAuditIdSequenceName] which is  optional  with value[project_audit_id_seq] from namespace [com.topcoder.management.project.persistence.InformixProjectPersistence].
Read propery[ConnectionFactoryNS] which is  required  with value[com.topcoder.db.connectionfactory.DBConnectionFactoryImpl] from namespace [com.topcoder.management.project.persistence.link.ProjectLinkManagerImpl].
Read propery[ConnectionName] which is  optional  with value[informix_connection] from namespace [com.topcoder.management.project.persistence.link.ProjectLinkManagerImpl].
read property ConnectionFactoryNS[com.topcoder.db.connectionfactory.DBConnectionFactoryImpl] from the namespace :com.topcoder.management.scorecard.persistence.InformixScorecardPersistence
read property ConnectionName[informix_connection] from the namespace :com.topcoder.management.scorecard.persistence.InformixScorecardPersistence
Instantiate SqlUploadPersistence with connectionFactory and connectioName:informix_connection
Instantiate PersistenceUploadManager with UploadPersistence, uploadSearchBundle, submissionSearchBundle, uploadIdGenerator, uploadTypeIdGenerator, uploadStatusIdGenerator, submissionIDGenerator, submissionStatusIdGenerator and submissionTypeIdGenerator.
Instantiate AbstractResourcePersistence with connectionFactory and connectionName[informix_connection].
load Resource role with ids:[J@23cd22,[J@23cd22,[J@23cd22,[J@23cd22,[J@23cd22,[J@23cd22,[J@23cd22,[J@23cd22,[J@23cd22,[J@23cd22,[J@23cd22,[J@23cd22,[J@23cd22,[J@23cd22,[J@23cd22,[J@23cd22,[J@23cd22,[J@23cd22,[J@23cd22,[J@23cd22,[J@23cd22,[J@23cd22
operator: UnknownresourceId: Unknown - creating db connection using connection name: informix_connection
committing transaction
Read propery[ConnectionFactoryNS] which is  required  with value[com.topcoder.db.connectionfactory.DBConnectionFactoryImpl] from namespace [com.topcoder.management.project.persistence.InformixProjectPersistence].
Read propery[ConnectionName] which is  optional  with value[informix_connection] from namespace [com.topcoder.management.project.persistence.InformixProjectPersistence].
Read propery[ProjectIdSequenceName] which is  optional  with value[project_id_seq] from namespace [com.topcoder.management.project.persistence.InformixProjectPersistence].
Read propery[ProjectAuditIdSequenceName] which is  optional  with value[project_audit_id_seq] from namespace [com.topcoder.management.project.persistence.InformixProjectPersistence].
Read propery[ConnectionFactoryNS] which is  required  with value[com.topcoder.db.connectionfactory.DBConnectionFactoryImpl] from namespace [com.topcoder.management.project.persistence.link.ProjectLinkManagerImpl].
Read propery[ConnectionName] which is  optional  with value[informix_connection] from namespace [com.topcoder.management.project.persistence.link.ProjectLinkManagerImpl].
read property ConnectionFactoryNS[com.topcoder.db.connectionfactory.DBConnectionFactoryImpl] from the namespace :com.topcoder.management.scorecard.persistence.InformixScorecardPersistence
read property ConnectionName[informix_connection] from the namespace :com.topcoder.management.scorecard.persistence.InformixScorecardPersistence
Instantiate SqlUploadPersistence with connectionFactory and connectioName:informix_connection
Instantiate PersistenceUploadManager with UploadPersistence, uploadSearchBundle, submissionSearchBundle, uploadIdGenerator, uploadTypeIdGenerator, uploadStatusIdGenerator, submissionIDGenerator, submissionStatusIdGenerator and submissionTypeIdGenerator.
Instantiate AbstractResourcePersistence with connectionFactory and connectionName[informix_connection].
load Resource role with ids:[J@1afed5e,[J@1afed5e,[J@1afed5e,[J@1afed5e,[J@1afed5e,[J@1afed5e,[J@1afed5e,[J@1afed5e,[J@1afed5e,[J@1afed5e,[J@1afed5e,[J@1afed5e,[J@1afed5e,[J@1afed5e,[J@1afed5e,[J@1afed5e,[J@1afed5e,[J@1afed5e,[J@1afed5e,[J@1afed5e,[J@1afed5e,[J@1afed5e
operator: UnknownresourceId: Unknown - creating db connection using connection name: informix_connection
committing transaction
get projects with the ids: 1
operator: UnknownprojectId: Unknown - creating db connection using connection name: informix_connection
committing transaction
load Resource role with ids:[J@25f833,[J@25f833,[J@25f833,[J@25f833,[J@25f833,[J@25f833,[J@25f833,[J@25f833,[J@25f833,[J@25f833,[J@25f833,[J@25f833,[J@25f833,[J@25f833,[J@25f833,[J@25f833,[J@25f833,[J@25f833,[J@25f833,[J@25f833,[J@25f833,[J@25f833
operator: UnknownresourceId: Unknown - creating db connection using connection name: informix_connection
committing transaction
Read propery[ConnectionFactoryNS] which is  required  with value[com.topcoder.db.connectionfactory.DBConnectionFactoryImpl] from namespace [com.topcoder.management.project.persistence.InformixProjectPersistence].
Read propery[ConnectionName] which is  optional  with value[informix_connection] from namespace [com.topcoder.management.project.persistence.InformixProjectPersistence].
Read propery[ProjectIdSequenceName] which is  optional  with value[project_id_seq] from namespace [com.topcoder.management.project.persistence.InformixProjectPersistence].
Read propery[ProjectAuditIdSequenceName] which is  optional  with value[project_audit_id_seq] from namespace [com.topcoder.management.project.persistence.InformixProjectPersistence].
Read propery[ConnectionFactoryNS] which is  required  with value[com.topcoder.db.connectionfactory.DBConnectionFactoryImpl] from namespace [com.topcoder.management.project.persistence.link.ProjectLinkManagerImpl].
Read propery[ConnectionName] which is  optional  with value[informix_connection] from namespace [com.topcoder.management.project.persistence.link.ProjectLinkManagerImpl].
read property ConnectionFactoryNS[com.topcoder.db.connectionfactory.DBConnectionFactoryImpl] from the namespace :com.topcoder.management.scorecard.persistence.InformixScorecardPersistence
read property ConnectionName[informix_connection] from the namespace :com.topcoder.management.scorecard.persistence.InformixScorecardPersistence
Instantiate SqlUploadPersistence with connectionFactory and connectioName:informix_connection
Instantiate PersistenceUploadManager with UploadPersistence, uploadSearchBundle, submissionSearchBundle, uploadIdGenerator, uploadTypeIdGenerator, uploadStatusIdGenerator, submissionIDGenerator, submissionStatusIdGenerator and submissionTypeIdGenerator.
Instantiate AbstractResourcePersistence with connectionFactory and connectionName[informix_connection].
load Resource role with ids:[J@874c04,[J@874c04,[J@874c04,[J@874c04,[J@874c04,[J@874c04,[J@874c04,[J@874c04,[J@874c04,[J@874c04,[J@874c04,[J@874c04,[J@874c04,[J@874c04,[J@874c04,[J@874c04,[J@874c04,[J@874c04,[J@874c04,[J@874c04,[J@874c04,[J@874c04
operator: UnknownresourceId: Unknown - creating db connection using connection name: informix_connection
committing transaction
load Resource with ids:[J@41fe1c
operator: UnknownresourceId: Unknown - creating db connection using connection name: informix_connection
load ResourceRole with id:9
operator: UnknownresourceId: Unknown - creating db connection using connection name: informix_connection
committing transaction
committing transaction
load Resource with ids:[J@8b05ad
operator: UnknownresourceId: Unknown - creating db connection using connection name: informix_connection
load ResourceRole with id:9
operator: UnknownresourceId: Unknown - creating db connection using connection name: informix_connection
committing transaction
committing transaction
load Resource with ids:[J@1482f63
operator: UnknownresourceId: Unknown - creating db connection using connection name: informix_connection
load ResourceRole with id:8
operator: UnknownresourceId: Unknown - creating db connection using connection name: informix_connection
committing transaction
committing transaction
get projects with the ids: 1
operator: UnknownprojectId: Unknown - creating db connection using connection name: informix_connection
committing transaction
load Resource with ids:[J@18678e4
operator: UnknownresourceId: Unknown - creating db connection using connection name: informix_connection
load ResourceRole with id:1
operator: UnknownresourceId: Unknown - creating db connection using connection name: informix_connection
committing transaction
committing transaction
type: Upload id: Unknown operator:Unknown - search uploads with filter. found: 0
get projects with the ids: 1
operator: UnknownprojectId: Unknown - creating db connection using connection name: informix_connection
committing transaction
load Resource role with ids:[J@80c116,[J@80c116,[J@80c116,[J@80c116,[J@80c116,[J@80c116,[J@80c116,[J@80c116,[J@80c116,[J@80c116,[J@80c116,[J@80c116,[J@80c116,[J@80c116,[J@80c116,[J@80c116,[J@80c116,[J@80c116,[J@80c116,[J@80c116,[J@80c116,[J@80c116
operator: UnknownresourceId: Unknown - creating db connection using connection name: informix_connection
committing transaction
load Resource with ids:[J@7a99fb
operator: UnknownresourceId: Unknown - creating db connection using connection name: informix_connection
load ResourceRole with id:8
operator: UnknownresourceId: Unknown - creating db connection using connection name: informix_connection
committing transaction
committing transaction
load Resource with ids:[J@1bd0815
operator: UnknownresourceId: Unknown - creating db connection using connection name: informix_connection
load ResourceRole with id:9
operator: UnknownresourceId: Unknown - creating db connection using connection name: informix_connection
committing transaction
committing transaction
load Resource with ids:[J@1390ad3
operator: UnknownresourceId: Unknown - creating db connection using connection name: informix_connection
load ResourceRole with id:1
operator: UnknownresourceId: Unknown - creating db connection using connection name: informix_connection
committing transaction
committing transaction
load Resource with ids:[J@1a4f728
operator: UnknownresourceId: Unknown - creating db connection using connection name: informix_connection
load ResourceRole with id:9
operator: UnknownresourceId: Unknown - creating db connection using connection name: informix_connection
committing transaction
committing transaction
Read propery[ConnectionFactoryNS] which is  required  with value[com.topcoder.db.connectionfactory.DBConnectionFactoryImpl] from namespace [com.topcoder.management.project.persistence.InformixProjectPersistence].
Read propery[ConnectionName] which is  optional  with value[informix_connection] from namespace [com.topcoder.management.project.persistence.InformixProjectPersistence].
Read propery[ProjectIdSequenceName] which is  optional  with value[project_id_seq] from namespace [com.topcoder.management.project.persistence.InformixProjectPersistence].
Read propery[ProjectAuditIdSequenceName] which is  optional  with value[project_audit_id_seq] from namespace [com.topcoder.management.project.persistence.InformixProjectPersistence].
Read propery[ConnectionFactoryNS] which is  required  with value[com.topcoder.db.connectionfactory.DBConnectionFactoryImpl] from namespace [com.topcoder.management.project.persistence.link.ProjectLinkManagerImpl].
Read propery[ConnectionName] which is  optional  with value[informix_connection] from namespace [com.topcoder.management.project.persistence.link.ProjectLinkManagerImpl].
read property ConnectionFactoryNS[com.topcoder.db.connectionfactory.DBConnectionFactoryImpl] from the namespace :com.topcoder.management.scorecard.persistence.InformixScorecardPersistence
read property ConnectionName[informix_connection] from the namespace :com.topcoder.management.scorecard.persistence.InformixScorecardPersistence
Instantiate SqlUploadPersistence with connectionFactory and connectioName:informix_connection
Instantiate PersistenceUploadManager with UploadPersistence, uploadSearchBundle, submissionSearchBundle, uploadIdGenerator, uploadTypeIdGenerator, uploadStatusIdGenerator, submissionIDGenerator, submissionStatusIdGenerator and submissionTypeIdGenerator.
Instantiate AbstractResourcePersistence with connectionFactory and connectionName[informix_connection].
load Resource role with ids:[J@1fc2f8c,[J@1fc2f8c,[J@1fc2f8c,[J@1fc2f8c,[J@1fc2f8c,[J@1fc2f8c,[J@1fc2f8c,[J@1fc2f8c,[J@1fc2f8c,[J@1fc2f8c,[J@1fc2f8c,[J@1fc2f8c,[J@1fc2f8c,[J@1fc2f8c,[J@1fc2f8c,[J@1fc2f8c,[J@1fc2f8c,[J@1fc2f8c,[J@1fc2f8c,[J@1fc2f8c,[J@1fc2f8c,[J@1fc2f8c
operator: UnknownresourceId: Unknown - creating db connection using connection name: informix_connection
committing transaction
load Resource with ids:[J@c7dc2d
operator: UnknownresourceId: Unknown - creating db connection using connection name: informix_connection
load ResourceRole with id:9
operator: UnknownresourceId: Unknown - creating db connection using connection name: informix_connection
committing transaction
committing transaction
load Resource with ids:[J@18b1ab5
operator: UnknownresourceId: Unknown - creating db connection using connection name: informix_connection
load ResourceRole with id:9
operator: UnknownresourceId: Unknown - creating db connection using connection name: informix_connection
committing transaction
committing transaction
get projects with the ids: 1
operator: UnknownprojectId: Unknown - creating db connection using connection name: informix_connection
committing transaction
load Resource with ids:[J@173d72d
operator: UnknownresourceId: Unknown - creating db connection using connection name: informix_connection
load ResourceRole with id:1
operator: UnknownresourceId: Unknown - creating db connection using connection name: informix_connection
committing transaction
committing transaction
type: Upload id: Unknown operator:Unknown - search submissions with filter. found: 1
load Resource with ids:[J@4d3949
operator: UnknownresourceId: Unknown - creating db connection using connection name: informix_connection
load ResourceRole with id:6
operator: UnknownresourceId: Unknown - creating db connection using connection name: informix_connection
committing transaction
committing transaction
get projects with the ids: 1
operator: UnknownprojectId: Unknown - creating db connection using connection name: informix_connection
committing transaction
load Resource with ids:[J@1e3db80
operator: UnknownresourceId: Unknown - creating db connection using connection name: informix_connection
load ResourceRole with id:1
operator: UnknownresourceId: Unknown - creating db connection using connection name: informix_connection
committing transaction
committing transaction
type: Upload id: Unknown operator:Unknown - search uploads with filter. found: 0
get projects with the ids: 1
operator: UnknownprojectId: Unknown - creating db connection using connection name: informix_connection
committing transaction
load Resource role with ids:[J@1cb2499,[J@1cb2499,[J@1cb2499,[J@1cb2499,[J@1cb2499,[J@1cb2499,[J@1cb2499,[J@1cb2499,[J@1cb2499,[J@1cb2499,[J@1cb2499,[J@1cb2499,[J@1cb2499,[J@1cb2499,[J@1cb2499,[J@1cb2499,[J@1cb2499,[J@1cb2499,[J@1cb2499,[J@1cb2499,[J@1cb2499,[J@1cb2499
operator: UnknownresourceId: Unknown - creating db connection using connection name: informix_connection
committing transaction
load Resource with ids:[J@1ae64c3
operator: UnknownresourceId: Unknown - creating db connection using connection name: informix_connection
load ResourceRole with id:9
operator: UnknownresourceId: Unknown - creating db connection using connection name: informix_connection
committing transaction
committing transaction
load Resource with ids:[J@7250a
operator: UnknownresourceId: Unknown - creating db connection using connection name: informix_connection
load ResourceRole with id:6
operator: UnknownresourceId: Unknown - creating db connection using connection name: informix_connection
committing transaction
committing transaction
load Resource with ids:[J@1bbe3d8
operator: UnknownresourceId: Unknown - creating db connection using connection name: informix_connection
load ResourceRole with id:1
operator: UnknownresourceId: Unknown - creating db connection using connection name: informix_connection
committing transaction
committing transaction
load Resource with ids:[J@1e2c9af
operator: UnknownresourceId: Unknown - creating db connection using connection name: informix_connection
load ResourceRole with id:9
operator: UnknownresourceId: Unknown - creating db connection using connection name: informix_connection
committing transaction
committing transaction
Read propery[ConnectionFactoryNS] which is  required  with value[com.topcoder.db.connectionfactory.DBConnectionFactoryImpl] from namespace [com.topcoder.management.project.persistence.InformixProjectPersistence].
Read propery[ConnectionName] which is  optional  with value[informix_connection] from namespace [com.topcoder.management.project.persistence.InformixProjectPersistence].
Read propery[ProjectIdSequenceName] which is  optional  with value[project_id_seq] from namespace [com.topcoder.management.project.persistence.InformixProjectPersistence].
Read propery[ProjectAuditIdSequenceName] which is  optional  with value[project_audit_id_seq] from namespace [com.topcoder.management.project.persistence.InformixProjectPersistence].
Read propery[ConnectionFactoryNS] which is  required  with value[com.topcoder.db.connectionfactory.DBConnectionFactoryImpl] from namespace [com.topcoder.management.project.persistence.link.ProjectLinkManagerImpl].
Read propery[ConnectionName] which is  optional  with value[informix_connection] from namespace [com.topcoder.management.project.persistence.link.ProjectLinkManagerImpl].
read property ConnectionFactoryNS[com.topcoder.db.connectionfactory.DBConnectionFactoryImpl] from the namespace :com.topcoder.management.scorecard.persistence.InformixScorecardPersistence
read property ConnectionName[informix_connection] from the namespace :com.topcoder.management.scorecard.persistence.InformixScorecardPersistence
Instantiate SqlUploadPersistence with connectionFactory and connectioName:informix_connection
Instantiate PersistenceUploadManager with UploadPersistence, uploadSearchBundle, submissionSearchBundle, uploadIdGenerator, uploadTypeIdGenerator, uploadStatusIdGenerator, submissionIDGenerator, submissionStatusIdGenerator and submissionTypeIdGenerator.
Instantiate AbstractResourcePersistence with connectionFactory and connectionName[informix_connection].
load Resource role with ids:[J@15404c6,[J@15404c6,[J@15404c6,[J@15404c6,[J@15404c6,[J@15404c6,[J@15404c6,[J@15404c6,[J@15404c6,[J@15404c6,[J@15404c6,[J@15404c6,[J@15404c6,[J@15404c6,[J@15404c6,[J@15404c6,[J@15404c6,[J@15404c6,[J@15404c6,[J@15404c6,[J@15404c6,[J@15404c6
operator: UnknownresourceId: Unknown - creating db connection using connection name: informix_connection
committing transaction
load Resource with ids:[J@1168524
operator: UnknownresourceId: Unknown - creating db connection using connection name: informix_connection
load ResourceRole with id:9
operator: UnknownresourceId: Unknown - creating db connection using connection name: informix_connection
committing transaction
committing transaction
get projects with the ids: 1
operator: UnknownprojectId: Unknown - creating db connection using connection name: informix_connection
committing transaction
load Resource with ids:[J@bfdd7d
operator: UnknownresourceId: Unknown - creating db connection using connection name: informix_connection
load ResourceRole with id:1
operator: UnknownresourceId: Unknown - creating db connection using connection name: informix_connection
committing transaction
committing transaction
type: Upload id: Unknown operator:Unknown - search submissions with filter. found: 1
load Resource with ids:[J@67763e
operator: UnknownresourceId: Unknown - creating db connection using connection name: informix_connection
load ResourceRole with id:6
operator: UnknownresourceId: Unknown - creating db connection using connection name: informix_connection
committing transaction
committing transaction
get projects with the ids: 1
operator: UnknownprojectId: Unknown - creating db connection using connection name: informix_connection
committing transaction
load Resource with ids:[J@17feece
operator: UnknownresourceId: Unknown - creating db connection using connection name: informix_connection
load ResourceRole with id:1
operator: UnknownresourceId: Unknown - creating db connection using connection name: informix_connection
committing transaction
committing transaction
type: Upload id: Unknown operator:Unknown - search uploads with filter. found: 0
get projects with the ids: 1
operator: UnknownprojectId: Unknown - creating db connection using connection name: informix_connection
committing transaction
load Resource role with ids:[J@902abb,[J@902abb,[J@902abb,[J@902abb,[J@902abb,[J@902abb,[J@902abb,[J@902abb,[J@902abb,[J@902abb,[J@902abb,[J@902abb,[J@902abb,[J@902abb,[J@902abb,[J@902abb,[J@902abb,[J@902abb,[J@902abb,[J@902abb,[J@902abb,[J@902abb
operator: UnknownresourceId: Unknown - creating db connection using connection name: informix_connection
committing transaction
load Resource with ids:[J@19613a1,[J@19613a1
operator: UnknownresourceId: Unknown - creating db connection using connection name: informix_connection
load ResourceRole with id:9
operator: UnknownresourceId: Unknown - creating db connection using connection name: informix_connection
committing transaction
load ResourceRole with id:9
operator: UnknownresourceId: Unknown - creating db connection using connection name: informix_connection
committing transaction
committing transaction
load Resource with ids:[J@29031c
operator: UnknownresourceId: Unknown - creating db connection using connection name: informix_connection
load ResourceRole with id:6
operator: UnknownresourceId: Unknown - creating db connection using connection name: informix_connection
committing transaction
committing transaction
load Resource with ids:[J@1575eb
operator: UnknownresourceId: Unknown - creating db connection using connection name: informix_connection
load ResourceRole with id:1
operator: UnknownresourceId: Unknown - creating db connection using connection name: informix_connection
committing transaction
committing transaction
load Resource with ids:[J@4fe25e
operator: UnknownresourceId: Unknown - creating db connection using connection name: informix_connection
load ResourceRole with id:9
operator: UnknownresourceId: Unknown - creating db connection using connection name: informix_connection
committing transaction
committing transaction
load Resource with ids:[J@e69580
operator: UnknownresourceId: Unknown - creating db connection using connection name: informix_connection
load ResourceRole with id:9
operator: UnknownresourceId: Unknown - creating db connection using connection name: informix_connection
committing transaction
committing transaction
get projects with the ids: 1
operator: UnknownprojectId: Unknown - creating db connection using connection name: informix_connection
committing transaction
load Resource with ids:[J@1d8c1b8
operator: UnknownresourceId: Unknown - creating db connection using connection name: informix_connection
load ResourceRole with id:1
operator: UnknownresourceId: Unknown - creating db connection using connection name: informix_connection
committing transaction
committing transaction
type: Upload id: Unknown operator:Unknown - search uploads with filter. found: 0
get projects with the ids: 1
operator: UnknownprojectId: Unknown - creating db connection using connection name: informix_connection
committing transaction
load Resource role with ids:[J@f8c9bf,[J@f8c9bf,[J@f8c9bf,[J@f8c9bf,[J@f8c9bf,[J@f8c9bf,[J@f8c9bf,[J@f8c9bf,[J@f8c9bf,[J@f8c9bf,[J@f8c9bf,[J@f8c9bf,[J@f8c9bf,[J@f8c9bf,[J@f8c9bf,[J@f8c9bf,[J@f8c9bf,[J@f8c9bf,[J@f8c9bf,[J@f8c9bf,[J@f8c9bf,[J@f8c9bf
operator: UnknownresourceId: Unknown - creating db connection using connection name: informix_connection
committing transaction
load Resource with ids:[J@cd9e86,[J@cd9e86
operator: UnknownresourceId: Unknown - creating db connection using connection name: informix_connection
load ResourceRole with id:9
operator: UnknownresourceId: Unknown - creating db connection using connection name: informix_connection
committing transaction
load ResourceRole with id:9
operator: UnknownresourceId: Unknown - creating db connection using connection name: informix_connection
committing transaction
committing transaction
load Resource with ids:[J@89a8d9
operator: UnknownresourceId: Unknown - creating db connection using connection name: informix_connection
load ResourceRole with id:6
operator: UnknownresourceId: Unknown - creating db connection using connection name: informix_connection
committing transaction
committing transaction
load Resource with ids:[J@667739
operator: UnknownresourceId: Unknown - creating db connection using connection name: informix_connection
load ResourceRole with id:1
operator: UnknownresourceId: Unknown - creating db connection using connection name: informix_connection
committing transaction
committing transaction
load Resource with ids:[J@22da8f
operator: UnknownresourceId: Unknown - creating db connection using connection name: informix_connection
load ResourceRole with id:9
operator: UnknownresourceId: Unknown - creating db connection using connection name: informix_connection
committing transaction
committing transaction
Read propery[ConnectionFactoryNS] which is  required  with value[com.topcoder.db.connectionfactory.DBConnectionFactoryImpl] from namespace [com.topcoder.management.project.persistence.InformixProjectPersistence].
Read propery[ConnectionName] which is  optional  with value[informix_connection] from namespace [com.topcoder.management.project.persistence.InformixProjectPersistence].
Read propery[ProjectIdSequenceName] which is  optional  with value[project_id_seq] from namespace [com.topcoder.management.project.persistence.InformixProjectPersistence].
Read propery[ProjectAuditIdSequenceName] which is  optional  with value[project_audit_id_seq] from namespace [com.topcoder.management.project.persistence.InformixProjectPersistence].
Read propery[ConnectionFactoryNS] which is  required  with value[com.topcoder.db.connectionfactory.DBConnectionFactoryImpl] from namespace [com.topcoder.management.project.persistence.link.ProjectLinkManagerImpl].
Read propery[ConnectionName] which is  optional  with value[informix_connection] from namespace [com.topcoder.management.project.persistence.link.ProjectLinkManagerImpl].
read property ConnectionFactoryNS[com.topcoder.db.connectionfactory.DBConnectionFactoryImpl] from the namespace :com.topcoder.management.scorecard.persistence.InformixScorecardPersistence
read property ConnectionName[informix_connection] from the namespace :com.topcoder.management.scorecard.persistence.InformixScorecardPersistence
Instantiate SqlUploadPersistence with connectionFactory and connectioName:informix_connection
Instantiate PersistenceUploadManager with UploadPersistence, uploadSearchBundle, submissionSearchBundle, uploadIdGenerator, uploadTypeIdGenerator, uploadStatusIdGenerator, submissionIDGenerator, submissionStatusIdGenerator and submissionTypeIdGenerator.
Instantiate AbstractResourcePersistence with connectionFactory and connectionName[informix_connection].
load Resource role with ids:[J@72ee46,[J@72ee46,[J@72ee46,[J@72ee46,[J@72ee46,[J@72ee46,[J@72ee46,[J@72ee46,[J@72ee46,[J@72ee46,[J@72ee46,[J@72ee46,[J@72ee46,[J@72ee46,[J@72ee46,[J@72ee46,[J@72ee46,[J@72ee46,[J@72ee46,[J@72ee46,[J@72ee46,[J@72ee46
operator: UnknownresourceId: Unknown - creating db connection using connection name: informix_connection
committing transaction
load Resource with ids:[J@87eb2d
operator: UnknownresourceId: Unknown - creating db connection using connection name: informix_connection
load ResourceRole with id:9
operator: UnknownresourceId: Unknown - creating db connection using connection name: informix_connection
committing transaction
committing transaction
load Resource with ids:[J@180e541
operator: UnknownresourceId: Unknown - creating db connection using connection name: informix_connection
load ResourceRole with id:9
operator: UnknownresourceId: Unknown - creating db connection using connection name: informix_connection
committing transaction
committing transaction
load Resource with ids:[J@de727a
operator: UnknownresourceId: Unknown - creating db connection using connection name: informix_connection
load ResourceRole with id:8
operator: UnknownresourceId: Unknown - creating db connection using connection name: informix_connection
committing transaction
committing transaction
get projects with the ids: 1
operator: UnknownprojectId: Unknown - creating db connection using connection name: informix_connection
committing transaction
load Resource with ids:[J@19d03a
operator: UnknownresourceId: Unknown - creating db connection using connection name: informix_connection
load ResourceRole with id:1
operator: UnknownresourceId: Unknown - creating db connection using connection name: informix_connection
committing transaction
committing transaction
type: Upload id: Unknown operator:Unknown - search uploads with filter. found: 1
get All upload status, delegate to persistence.
create db connection using connection name:informix_connection
close the connection.
type: UploadStatus id: Unknown operator:Unknown - Load UploadStatuses with ids:1,2
create db connection using connection name:informix_connection
close the connection.
type: Upload id: 2 operator:1001 - Update Upload.
type: Upload id: 2 operator:Unknown - Update Upload, it will update record in upload table.
create db connection using connection name:informix_connection
close the connection.
get projects with the ids: 1
operator: UnknownprojectId: Unknown - creating db connection using connection name: informix_connection
committing transaction
load Resource role with ids:[J@1b42753,[J@1b42753,[J@1b42753,[J@1b42753,[J@1b42753,[J@1b42753,[J@1b42753,[J@1b42753,[J@1b42753,[J@1b42753,[J@1b42753,[J@1b42753,[J@1b42753,[J@1b42753,[J@1b42753,[J@1b42753,[J@1b42753,[J@1b42753,[J@1b42753,[J@1b42753,[J@1b42753,[J@1b42753
operator: UnknownresourceId: Unknown - creating db connection using connection name: informix_connection
committing transaction
load Resource with ids:[J@171962a
operator: UnknownresourceId: Unknown - creating db connection using connection name: informix_connection
load ResourceRole with id:8
operator: UnknownresourceId: Unknown - creating db connection using connection name: informix_connection
committing transaction
committing transaction
load Resource with ids:[J@1afc6d2
operator: UnknownresourceId: Unknown - creating db connection using connection name: informix_connection
load ResourceRole with id:9
operator: UnknownresourceId: Unknown - creating db connection using connection name: informix_connection
committing transaction
committing transaction
load Resource with ids:[J@68c43d
operator: UnknownresourceId: Unknown - creating db connection using connection name: informix_connection
load ResourceRole with id:1
operator: UnknownresourceId: Unknown - creating db connection using connection name: informix_connection
committing transaction
committing transaction
load Resource with ids:[J@1f9298
operator: UnknownresourceId: Unknown - creating db connection using connection name: informix_connection
load ResourceRole with id:9
operator: UnknownresourceId: Unknown - creating db connection using connection name: informix_connection
committing transaction
committing transaction
Read propery[ConnectionFactoryNS] which is  required  with value[com.topcoder.db.connectionfactory.DBConnectionFactoryImpl] from namespace [com.topcoder.management.project.persistence.InformixProjectPersistence].
Read propery[ConnectionName] which is  optional  with value[informix_connection] from namespace [com.topcoder.management.project.persistence.InformixProjectPersistence].
Read propery[ProjectIdSequenceName] which is  optional  with value[project_id_seq] from namespace [com.topcoder.management.project.persistence.InformixProjectPersistence].
Read propery[ProjectAuditIdSequenceName] which is  optional  with value[project_audit_id_seq] from namespace [com.topcoder.management.project.persistence.InformixProjectPersistence].
Read propery[ConnectionFactoryNS] which is  required  with value[com.topcoder.db.connectionfactory.DBConnectionFactoryImpl] from namespace [com.topcoder.management.project.persistence.link.ProjectLinkManagerImpl].
Read propery[ConnectionName] which is  optional  with value[informix_connection] from namespace [com.topcoder.management.project.persistence.link.ProjectLinkManagerImpl].
read property ConnectionFactoryNS[com.topcoder.db.connectionfactory.DBConnectionFactoryImpl] from the namespace :com.topcoder.management.scorecard.persistence.InformixScorecardPersistence
read property ConnectionName[informix_connection] from the namespace :com.topcoder.management.scorecard.persistence.InformixScorecardPersistence
Instantiate SqlUploadPersistence with connectionFactory and connectioName:informix_connection
Instantiate PersistenceUploadManager with UploadPersistence, uploadSearchBundle, submissionSearchBundle, uploadIdGenerator, uploadTypeIdGenerator, uploadStatusIdGenerator, submissionIDGenerator, submissionStatusIdGenerator and submissionTypeIdGenerator.
Instantiate AbstractResourcePersistence with connectionFactory and connectionName[informix_connection].
load Resource role with ids:[J@33d502,[J@33d502,[J@33d502,[J@33d502,[J@33d502,[J@33d502,[J@33d502,[J@33d502,[J@33d502,[J@33d502,[J@33d502,[J@33d502,[J@33d502,[J@33d502,[J@33d502,[J@33d502,[J@33d502,[J@33d502,[J@33d502,[J@33d502,[J@33d502,[J@33d502
operator: UnknownresourceId: Unknown - creating db connection using connection name: informix_connection
committing transaction
load Resource with ids:[J@5e5018
operator: UnknownresourceId: Unknown - creating db connection using connection name: informix_connection
load ResourceRole with id:9
operator: UnknownresourceId: Unknown - creating db connection using connection name: informix_connection
committing transaction
committing transaction
get projects with the ids: 1
operator: UnknownprojectId: Unknown - creating db connection using connection name: informix_connection
committing transaction
Read propery[ConnectionFactoryNS] which is  required  with value[com.topcoder.db.connectionfactory.DBConnectionFactoryImpl] from namespace [com.topcoder.management.project.persistence.InformixProjectPersistence].
Read propery[ConnectionName] which is  optional  with value[informix_connection] from namespace [com.topcoder.management.project.persistence.InformixProjectPersistence].
Read propery[ProjectIdSequenceName] which is  optional  with value[project_id_seq] from namespace [com.topcoder.management.project.persistence.InformixProjectPersistence].
Read propery[ProjectAuditIdSequenceName] which is  optional  with value[project_audit_id_seq] from namespace [com.topcoder.management.project.persistence.InformixProjectPersistence].
Read propery[ConnectionFactoryNS] which is  required  with value[com.topcoder.db.connectionfactory.DBConnectionFactoryImpl] from namespace [com.topcoder.management.project.persistence.link.ProjectLinkManagerImpl].
Read propery[ConnectionName] which is  optional  with value[informix_connection] from namespace [com.topcoder.management.project.persistence.link.ProjectLinkManagerImpl].
read property ConnectionFactoryNS[com.topcoder.db.connectionfactory.DBConnectionFactoryImpl] from the namespace :com.topcoder.management.scorecard.persistence.InformixScorecardPersistence
read property ConnectionName[informix_connection] from the namespace :com.topcoder.management.scorecard.persistence.InformixScorecardPersistence
Instantiate SqlUploadPersistence with connectionFactory and connectioName:informix_connection
Instantiate PersistenceUploadManager with UploadPersistence, uploadSearchBundle, submissionSearchBundle, uploadIdGenerator, uploadTypeIdGenerator, uploadStatusIdGenerator, submissionIDGenerator, submissionStatusIdGenerator and submissionTypeIdGenerator.
Instantiate AbstractResourcePersistence with connectionFactory and connectionName[informix_connection].
load Resource role with ids:[J@16b430d,[J@16b430d,[J@16b430d,[J@16b430d,[J@16b430d,[J@16b430d,[J@16b430d,[J@16b430d,[J@16b430d,[J@16b430d,[J@16b430d,[J@16b430d,[J@16b430d,[J@16b430d,[J@16b430d,[J@16b430d,[J@16b430d,[J@16b430d,[J@16b430d,[J@16b430d,[J@16b430d,[J@16b430d
operator: UnknownresourceId: Unknown - creating db connection using connection name: informix_connection
committing transaction
load Resource with ids:[J@1e28a36
operator: UnknownresourceId: Unknown - creating db connection using connection name: informix_connection
load ResourceRole with id:9
operator: UnknownresourceId: Unknown - creating db connection using connection name: informix_connection
committing transaction
committing transaction
load Resource with ids:[J@d54080
operator: UnknownresourceId: Unknown - creating db connection using connection name: informix_connection
load ResourceRole with id:8
operator: UnknownresourceId: Unknown - creating db connection using connection name: informix_connection
committing transaction
committing transaction
get projects with the ids: 1
operator: UnknownprojectId: Unknown - creating db connection using connection name: informix_connection
committing transaction
load Resource with ids:[J@30e2db
operator: UnknownresourceId: Unknown - creating db connection using connection name: informix_connection
load ResourceRole with id:1
operator: UnknownresourceId: Unknown - creating db connection using connection name: informix_connection
committing transaction
committing transaction
type: Upload id: Unknown operator:Unknown - search uploads with filter. found: 2
Read propery[ConnectionFactoryNS] which is  required  with value[com.topcoder.db.connectionfactory.DBConnectionFactoryImpl] from namespace [com.topcoder.management.project.persistence.InformixProjectPersistence].
Read propery[ConnectionName] which is  optional  with value[informix_connection] from namespace [com.topcoder.management.project.persistence.InformixProjectPersistence].
Read propery[ProjectIdSequenceName] which is  optional  with value[project_id_seq] from namespace [com.topcoder.management.project.persistence.InformixProjectPersistence].
Read propery[ProjectAuditIdSequenceName] which is  optional  with value[project_audit_id_seq] from namespace [com.topcoder.management.project.persistence.InformixProjectPersistence].
Read propery[ConnectionFactoryNS] which is  required  with value[com.topcoder.db.connectionfactory.DBConnectionFactoryImpl] from namespace [com.topcoder.management.project.persistence.link.ProjectLinkManagerImpl].
Read propery[ConnectionName] which is  optional  with value[informix_connection] from namespace [com.topcoder.management.project.persistence.link.ProjectLinkManagerImpl].
read property ConnectionFactoryNS[com.topcoder.db.connectionfactory.DBConnectionFactoryImpl] from the namespace :com.topcoder.management.scorecard.persistence.InformixScorecardPersistence
read property ConnectionName[informix_connection] from the namespace :com.topcoder.management.scorecard.persistence.InformixScorecardPersistence
Instantiate SqlUploadPersistence with connectionFactory and connectioName:informix_connection
Instantiate PersistenceUploadManager with UploadPersistence, uploadSearchBundle, submissionSearchBundle, uploadIdGenerator, uploadTypeIdGenerator, uploadStatusIdGenerator, submissionIDGenerator, submissionStatusIdGenerator and submissionTypeIdGenerator.
Instantiate AbstractResourcePersistence with connectionFactory and connectionName[informix_connection].
load Resource role with ids:[J@1bb4e04,[J@1bb4e04,[J@1bb4e04,[J@1bb4e04,[J@1bb4e04,[J@1bb4e04,[J@1bb4e04,[J@1bb4e04,[J@1bb4e04,[J@1bb4e04,[J@1bb4e04,[J@1bb4e04,[J@1bb4e04,[J@1bb4e04,[J@1bb4e04,[J@1bb4e04,[J@1bb4e04,[J@1bb4e04,[J@1bb4e04,[J@1bb4e04,[J@1bb4e04,[J@1bb4e04
operator: UnknownresourceId: Unknown - creating db connection using connection name: informix_connection
committing transaction
Read propery[ConnectionFactoryNS] which is  required  with value[com.topcoder.db.connectionfactory.DBConnectionFactoryImpl] from namespace [com.topcoder.management.project.persistence.InformixProjectPersistence].
Read propery[ConnectionName] which is  optional  with value[informix_connection] from namespace [com.topcoder.management.project.persistence.InformixProjectPersistence].
Read propery[ProjectIdSequenceName] which is  optional  with value[project_id_seq] from namespace [com.topcoder.management.project.persistence.InformixProjectPersistence].
Read propery[ProjectAuditIdSequenceName] which is  optional  with value[project_audit_id_seq] from namespace [com.topcoder.management.project.persistence.InformixProjectPersistence].
Read propery[ConnectionFactoryNS] which is  required  with value[com.topcoder.db.connectionfactory.DBConnectionFactoryImpl] from namespace [com.topcoder.management.project.persistence.link.ProjectLinkManagerImpl].
Read propery[ConnectionName] which is  optional  with value[informix_connection] from namespace [com.topcoder.management.project.persistence.link.ProjectLinkManagerImpl].
read property ConnectionFactoryNS[com.topcoder.db.connectionfactory.DBConnectionFactoryImpl] from the namespace :com.topcoder.management.scorecard.persistence.InformixScorecardPersistence
read property ConnectionName[informix_connection] from the namespace :com.topcoder.management.scorecard.persistence.InformixScorecardPersistence
Instantiate SqlUploadPersistence with connectionFactory and connectioName:informix_connection
Instantiate PersistenceUploadManager with UploadPersistence, uploadSearchBundle, submissionSearchBundle, uploadIdGenerator, uploadTypeIdGenerator, uploadStatusIdGenerator, submissionIDGenerator, submissionStatusIdGenerator and submissionTypeIdGenerator.
Instantiate AbstractResourcePersistence with connectionFactory and connectionName[informix_connection].
load Resource role with ids:[J@1f405c3,[J@1f405c3,[J@1f405c3,[J@1f405c3,[J@1f405c3,[J@1f405c3,[J@1f405c3,[J@1f405c3,[J@1f405c3,[J@1f405c3,[J@1f405c3,[J@1f405c3,[J@1f405c3,[J@1f405c3,[J@1f405c3,[J@1f405c3,[J@1f405c3,[J@1f405c3,[J@1f405c3,[J@1f405c3,[J@1f405c3,[J@1f405c3
operator: UnknownresourceId: Unknown - creating db connection using connection name: informix_connection
committing transaction
load Resource with ids:[J@740568
operator: UnknownresourceId: Unknown - creating db connection using connection name: informix_connection
load ResourceRole with id:9
operator: UnknownresourceId: Unknown - creating db connection using connection name: informix_connection
committing transaction
committing transaction
load Resource with ids:[J@109eb46
operator: UnknownresourceId: Unknown - creating db connection using connection name: informix_connection
load ResourceRole with id:8
operator: UnknownresourceId: Unknown - creating db connection using connection name: informix_connection
committing transaction
committing transaction
Read propery[ConnectionFactoryNS] which is  required  with value[com.topcoder.db.connectionfactory.DBConnectionFactoryImpl] from namespace [com.topcoder.management.project.persistence.InformixProjectPersistence].
Read propery[ConnectionName] which is  optional  with value[informix_connection] from namespace [com.topcoder.management.project.persistence.InformixProjectPersistence].
Read propery[ProjectIdSequenceName] which is  optional  with value[project_id_seq] from namespace [com.topcoder.management.project.persistence.InformixProjectPersistence].
Read propery[ProjectAuditIdSequenceName] which is  optional  with value[project_audit_id_seq] from namespace [com.topcoder.management.project.persistence.InformixProjectPersistence].
Read propery[ConnectionFactoryNS] which is  required  with value[com.topcoder.db.connectionfactory.DBConnectionFactoryImpl] from namespace [com.topcoder.management.project.persistence.link.ProjectLinkManagerImpl].
Read propery[ConnectionName] which is  optional  with value[informix_connection] from namespace [com.topcoder.management.project.persistence.link.ProjectLinkManagerImpl].
read property ConnectionFactoryNS[com.topcoder.db.connectionfactory.DBConnectionFactoryImpl] from the namespace :com.topcoder.management.scorecard.persistence.InformixScorecardPersistence
read property ConnectionName[informix_connection] from the namespace :com.topcoder.management.scorecard.persistence.InformixScorecardPersistence
Instantiate SqlUploadPersistence with connectionFactory and connectioName:informix_connection
Instantiate PersistenceUploadManager with UploadPersistence, uploadSearchBundle, submissionSearchBundle, uploadIdGenerator, uploadTypeIdGenerator, uploadStatusIdGenerator, submissionIDGenerator, submissionStatusIdGenerator and submissionTypeIdGenerator.
Instantiate AbstractResourcePersistence with connectionFactory and connectionName[informix_connection].
load Resource role with ids:[J@154ab83,[J@154ab83,[J@154ab83,[J@154ab83,[J@154ab83,[J@154ab83,[J@154ab83,[J@154ab83,[J@154ab83,[J@154ab83,[J@154ab83,[J@154ab83,[J@154ab83,[J@154ab83,[J@154ab83,[J@154ab83,[J@154ab83,[J@154ab83,[J@154ab83,[J@154ab83,[J@154ab83,[J@154ab83
operator: UnknownresourceId: Unknown - creating db connection using connection name: informix_connection
committing transaction
load Resource with ids:[J@711710
operator: UnknownresourceId: Unknown - creating db connection using connection name: informix_connection
load ResourceRole with id:9
operator: UnknownresourceId: Unknown - creating db connection using connection name: informix_connection
committing transaction
committing transaction
get projects with the ids: 1
operator: UnknownprojectId: Unknown - creating db connection using connection name: informix_connection
committing transaction
load Resource with ids:[J@1078501
operator: UnknownresourceId: Unknown - creating db connection using connection name: informix_connection
load ResourceRole with id:1
operator: UnknownresourceId: Unknown - creating db connection using connection name: informix_connection
committing transaction
committing transaction
type: Upload id: Unknown operator:Unknown - search submissions with filter. found: 0
Read propery[ConnectionFactoryNS] which is  required  with value[com.topcoder.db.connectionfactory.DBConnectionFactoryImpl] from namespace [com.topcoder.management.project.persistence.InformixProjectPersistence].
Read propery[ConnectionName] which is  optional  with value[informix_connection] from namespace [com.topcoder.management.project.persistence.InformixProjectPersistence].
Read propery[ProjectIdSequenceName] which is  optional  with value[project_id_seq] from namespace [com.topcoder.management.project.persistence.InformixProjectPersistence].
Read propery[ProjectAuditIdSequenceName] which is  optional  with value[project_audit_id_seq] from namespace [com.topcoder.management.project.persistence.InformixProjectPersistence].
Read propery[ConnectionFactoryNS] which is  required  with value[com.topcoder.db.connectionfactory.DBConnectionFactoryImpl] from namespace [com.topcoder.management.project.persistence.link.ProjectLinkManagerImpl].
Read propery[ConnectionName] which is  optional  with value[informix_connection] from namespace [com.topcoder.management.project.persistence.link.ProjectLinkManagerImpl].
read property ConnectionFactoryNS[com.topcoder.db.connectionfactory.DBConnectionFactoryImpl] from the namespace :com.topcoder.management.scorecard.persistence.InformixScorecardPersistence
read property ConnectionName[informix_connection] from the namespace :com.topcoder.management.scorecard.persistence.InformixScorecardPersistence
Instantiate SqlUploadPersistence with connectionFactory and connectioName:informix_connection
Instantiate PersistenceUploadManager with UploadPersistence, uploadSearchBundle, submissionSearchBundle, uploadIdGenerator, uploadTypeIdGenerator, uploadStatusIdGenerator, submissionIDGenerator, submissionStatusIdGenerator and submissionTypeIdGenerator.
Instantiate AbstractResourcePersistence with connectionFactory and connectionName[informix_connection].
load Resource role with ids:[J@178274f,[J@178274f,[J@178274f,[J@178274f,[J@178274f,[J@178274f,[J@178274f,[J@178274f,[J@178274f,[J@178274f,[J@178274f,[J@178274f,[J@178274f,[J@178274f,[J@178274f,[J@178274f,[J@178274f,[J@178274f,[J@178274f,[J@178274f,[J@178274f,[J@178274f
operator: UnknownresourceId: Unknown - creating db connection using connection name: informix_connection
committing transaction
Read propery[ConnectionFactoryNS] which is  required  with value[com.topcoder.db.connectionfactory.DBConnectionFactoryImpl] from namespace [com.topcoder.management.project.persistence.InformixProjectPersistence].
Read propery[ConnectionName] which is  optional  with value[informix_connection] from namespace [com.topcoder.management.project.persistence.InformixProjectPersistence].
Read propery[ProjectIdSequenceName] which is  optional  with value[project_id_seq] from namespace [com.topcoder.management.project.persistence.InformixProjectPersistence].
Read propery[ProjectAuditIdSequenceName] which is  optional  with value[project_audit_id_seq] from namespace [com.topcoder.management.project.persistence.InformixProjectPersistence].
Read propery[ConnectionFactoryNS] which is  required  with value[com.topcoder.db.connectionfactory.DBConnectionFactoryImpl] from namespace [com.topcoder.management.project.persistence.link.ProjectLinkManagerImpl].
Read propery[ConnectionName] which is  optional  with value[informix_connection] from namespace [com.topcoder.management.project.persistence.link.ProjectLinkManagerImpl].
read property ConnectionFactoryNS[com.topcoder.db.connectionfactory.DBConnectionFactoryImpl] from the namespace :com.topcoder.management.scorecard.persistence.InformixScorecardPersistence
read property ConnectionName[informix_connection] from the namespace :com.topcoder.management.scorecard.persistence.InformixScorecardPersistence
Instantiate SqlUploadPersistence with connectionFactory and connectioName:informix_connection
Instantiate PersistenceUploadManager with UploadPersistence, uploadSearchBundle, submissionSearchBundle, uploadIdGenerator, uploadTypeIdGenerator, uploadStatusIdGenerator, submissionIDGenerator, submissionStatusIdGenerator and submissionTypeIdGenerator.
Instantiate AbstractResourcePersistence with connectionFactory and connectionName[informix_connection].
load Resource role with ids:[J@f242cc,[J@f242cc,[J@f242cc,[J@f242cc,[J@f242cc,[J@f242cc,[J@f242cc,[J@f242cc,[J@f242cc,[J@f242cc,[J@f242cc,[J@f242cc,[J@f242cc,[J@f242cc,[J@f242cc,[J@f242cc,[J@f242cc,[J@f242cc,[J@f242cc,[J@f242cc,[J@f242cc,[J@f242cc
operator: UnknownresourceId: Unknown - creating db connection using connection name: informix_connection
committing transaction
Read propery[ConnectionFactoryNS] which is  required  with value[com.topcoder.db.connectionfactory.DBConnectionFactoryImpl] from namespace [com.topcoder.management.project.persistence.InformixProjectPersistence].
Read propery[ConnectionName] which is  optional  with value[informix_connection] from namespace [com.topcoder.management.project.persistence.InformixProjectPersistence].
Read propery[ProjectIdSequenceName] which is  optional  with value[project_id_seq] from namespace [com.topcoder.management.project.persistence.InformixProjectPersistence].
Read propery[ProjectAuditIdSequenceName] which is  optional  with value[project_audit_id_seq] from namespace [com.topcoder.management.project.persistence.InformixProjectPersistence].
Read propery[ConnectionFactoryNS] which is  required  with value[com.topcoder.db.connectionfactory.DBConnectionFactoryImpl] from namespace [com.topcoder.management.project.persistence.link.ProjectLinkManagerImpl].
Read propery[ConnectionName] which is  optional  with value[informix_connection] from namespace [com.topcoder.management.project.persistence.link.ProjectLinkManagerImpl].
read property ConnectionFactoryNS[com.topcoder.db.connectionfactory.DBConnectionFactoryImpl] from the namespace :com.topcoder.management.scorecard.persistence.InformixScorecardPersistence
read property ConnectionName[informix_connection] from the namespace :com.topcoder.management.scorecard.persistence.InformixScorecardPersistence
Instantiate SqlUploadPersistence with connectionFactory and connectioName:informix_connection
Instantiate PersistenceUploadManager with UploadPersistence, uploadSearchBundle, submissionSearchBundle, uploadIdGenerator, uploadTypeIdGenerator, uploadStatusIdGenerator, submissionIDGenerator, submissionStatusIdGenerator and submissionTypeIdGenerator.
Instantiate AbstractResourcePersistence with connectionFactory and connectionName[informix_connection].
load Resource role with ids:[J@9f3acb,[J@9f3acb,[J@9f3acb,[J@9f3acb,[J@9f3acb,[J@9f3acb,[J@9f3acb,[J@9f3acb,[J@9f3acb,[J@9f3acb,[J@9f3acb,[J@9f3acb,[J@9f3acb,[J@9f3acb,[J@9f3acb,[J@9f3acb,[J@9f3acb,[J@9f3acb,[J@9f3acb,[J@9f3acb,[J@9f3acb,[J@9f3acb
operator: UnknownresourceId: Unknown - creating db connection using connection name: informix_connection
committing transaction
Read propery[ConnectionFactoryNS] which is  required  with value[com.topcoder.db.connectionfactory.DBConnectionFactoryImpl] from namespace [com.topcoder.management.project.persistence.InformixProjectPersistence].
Read propery[ConnectionName] which is  optional  with value[informix_connection] from namespace [com.topcoder.management.project.persistence.InformixProjectPersistence].
Read propery[ProjectIdSequenceName] which is  optional  with value[project_id_seq] from namespace [com.topcoder.management.project.persistence.InformixProjectPersistence].
Read propery[ProjectAuditIdSequenceName] which is  optional  with value[project_audit_id_seq] from namespace [com.topcoder.management.project.persistence.InformixProjectPersistence].
Read propery[ConnectionFactoryNS] which is  required  with value[com.topcoder.db.connectionfactory.DBConnectionFactoryImpl] from namespace [com.topcoder.management.project.persistence.link.ProjectLinkManagerImpl].
Read propery[ConnectionName] which is  optional  with value[informix_connection] from namespace [com.topcoder.management.project.persistence.link.ProjectLinkManagerImpl].
read property ConnectionFactoryNS[com.topcoder.db.connectionfactory.DBConnectionFactoryImpl] from the namespace :com.topcoder.management.scorecard.persistence.InformixScorecardPersistence
read property ConnectionName[informix_connection] from the namespace :com.topcoder.management.scorecard.persistence.InformixScorecardPersistence
Instantiate SqlUploadPersistence with connectionFactory and connectioName:informix_connection
Instantiate PersistenceUploadManager with UploadPersistence, uploadSearchBundle, submissionSearchBundle, uploadIdGenerator, uploadTypeIdGenerator, uploadStatusIdGenerator, submissionIDGenerator, submissionStatusIdGenerator and submissionTypeIdGenerator.
Instantiate AbstractResourcePersistence with connectionFactory and connectionName[informix_connection].
load Resource role with ids:[J@ff27ff,[J@ff27ff,[J@ff27ff,[J@ff27ff,[J@ff27ff,[J@ff27ff,[J@ff27ff,[J@ff27ff,[J@ff27ff,[J@ff27ff,[J@ff27ff,[J@ff27ff,[J@ff27ff,[J@ff27ff,[J@ff27ff,[J@ff27ff,[J@ff27ff,[J@ff27ff,[J@ff27ff,[J@ff27ff,[J@ff27ff,[J@ff27ff
operator: UnknownresourceId: Unknown - creating db connection using connection name: informix_connection
committing transaction
Read propery[ConnectionFactoryNS] which is  required  with value[com.topcoder.db.connectionfactory.DBConnectionFactoryImpl] from namespace [com.topcoder.management.project.persistence.InformixProjectPersistence].
Read propery[ConnectionName] which is  optional  with value[informix_connection] from namespace [com.topcoder.management.project.persistence.InformixProjectPersistence].
Read propery[ProjectIdSequenceName] which is  optional  with value[project_id_seq] from namespace [com.topcoder.management.project.persistence.InformixProjectPersistence].
Read propery[ProjectAuditIdSequenceName] which is  optional  with value[project_audit_id_seq] from namespace [com.topcoder.management.project.persistence.InformixProjectPersistence].
Read propery[ConnectionFactoryNS] which is  required  with value[com.topcoder.db.connectionfactory.DBConnectionFactoryImpl] from namespace [com.topcoder.management.project.persistence.link.ProjectLinkManagerImpl].
Read propery[ConnectionName] which is  optional  with value[informix_connection] from namespace [com.topcoder.management.project.persistence.link.ProjectLinkManagerImpl].
read property ConnectionFactoryNS[com.topcoder.db.connectionfactory.DBConnectionFactoryImpl] from the namespace :com.topcoder.management.scorecard.persistence.InformixScorecardPersistence
read property ConnectionName[informix_connection] from the namespace :com.topcoder.management.scorecard.persistence.InformixScorecardPersistence
Instantiate SqlUploadPersistence with connectionFactory and connectioName:informix_connection
Instantiate PersistenceUploadManager with UploadPersistence, uploadSearchBundle, submissionSearchBundle, uploadIdGenerator, uploadTypeIdGenerator, uploadStatusIdGenerator, submissionIDGenerator, submissionStatusIdGenerator and submissionTypeIdGenerator.
Instantiate AbstractResourcePersistence with connectionFactory and connectionName[informix_connection].
load Resource role with ids:[J@fd04a1,[J@fd04a1,[J@fd04a1,[J@fd04a1,[J@fd04a1,[J@fd04a1,[J@fd04a1,[J@fd04a1,[J@fd04a1,[J@fd04a1,[J@fd04a1,[J@fd04a1,[J@fd04a1,[J@fd04a1,[J@fd04a1,[J@fd04a1,[J@fd04a1,[J@fd04a1,[J@fd04a1,[J@fd04a1,[J@fd04a1,[J@fd04a1
operator: UnknownresourceId: Unknown - creating db connection using connection name: informix_connection
committing transaction
Read propery[ConnectionFactoryNS] which is  required  with value[com.topcoder.db.connectionfactory.DBConnectionFactoryImpl] from namespace [com.topcoder.management.project.persistence.InformixProjectPersistence].
Read propery[ConnectionName] which is  optional  with value[informix_connection] from namespace [com.topcoder.management.project.persistence.InformixProjectPersistence].
Read propery[ProjectIdSequenceName] which is  optional  with value[project_id_seq] from namespace [com.topcoder.management.project.persistence.InformixProjectPersistence].
Read propery[ProjectAuditIdSequenceName] which is  optional  with value[project_audit_id_seq] from namespace [com.topcoder.management.project.persistence.InformixProjectPersistence].
Read propery[ConnectionFactoryNS] which is  required  with value[com.topcoder.db.connectionfactory.DBConnectionFactoryImpl] from namespace [com.topcoder.management.project.persistence.link.ProjectLinkManagerImpl].
Read propery[ConnectionName] which is  optional  with value[informix_connection] from namespace [com.topcoder.management.project.persistence.link.ProjectLinkManagerImpl].
read property ConnectionFactoryNS[com.topcoder.db.connectionfactory.DBConnectionFactoryImpl] from the namespace :com.topcoder.management.scorecard.persistence.InformixScorecardPersistence
read property ConnectionName[informix_connection] from the namespace :com.topcoder.management.scorecard.persistence.InformixScorecardPersistence
Instantiate SqlUploadPersistence with connectionFactory and connectioName:informix_connection
Instantiate PersistenceUploadManager with UploadPersistence, uploadSearchBundle, submissionSearchBundle, uploadIdGenerator, uploadTypeIdGenerator, uploadStatusIdGenerator, submissionIDGenerator, submissionStatusIdGenerator and submissionTypeIdGenerator.
Instantiate AbstractResourcePersistence with connectionFactory and connectionName[informix_connection].
load Resource role with ids:[J@1af508e,[J@1af508e,[J@1af508e,[J@1af508e,[J@1af508e,[J@1af508e,[J@1af508e,[J@1af508e,[J@1af508e,[J@1af508e,[J@1af508e,[J@1af508e,[J@1af508e,[J@1af508e,[J@1af508e,[J@1af508e,[J@1af508e,[J@1af508e,[J@1af508e,[J@1af508e,[J@1af508e,[J@1af508e
operator: UnknownresourceId: Unknown - creating db connection using connection name: informix_connection
committing transaction
Read propery[ConnectionFactoryNS] which is  required  with value[com.topcoder.db.connectionfactory.DBConnectionFactoryImpl] from namespace [com.topcoder.management.project.persistence.InformixProjectPersistence].
Read propery[ConnectionName] which is  optional  with value[informix_connection] from namespace [com.topcoder.management.project.persistence.InformixProjectPersistence].
Read propery[ProjectIdSequenceName] which is  optional  with value[project_id_seq] from namespace [com.topcoder.management.project.persistence.InformixProjectPersistence].
Read propery[ProjectAuditIdSequenceName] which is  optional  with value[project_audit_id_seq] from namespace [com.topcoder.management.project.persistence.InformixProjectPersistence].
Read propery[ConnectionFactoryNS] which is  required  with value[com.topcoder.db.connectionfactory.DBConnectionFactoryImpl] from namespace [com.topcoder.management.project.persistence.link.ProjectLinkManagerImpl].
Read propery[ConnectionName] which is  optional  with value[informix_connection] from namespace [com.topcoder.management.project.persistence.link.ProjectLinkManagerImpl].
read property ConnectionFactoryNS[com.topcoder.db.connectionfactory.DBConnectionFactoryImpl] from the namespace :com.topcoder.management.scorecard.persistence.InformixScorecardPersistence
read property ConnectionName[informix_connection] from the namespace :com.topcoder.management.scorecard.persistence.InformixScorecardPersistence
Instantiate SqlUploadPersistence with connectionFactory and connectioName:informix_connection
Instantiate PersistenceUploadManager with UploadPersistence, uploadSearchBundle, submissionSearchBundle, uploadIdGenerator, uploadTypeIdGenerator, uploadStatusIdGenerator, submissionIDGenerator, submissionStatusIdGenerator and submissionTypeIdGenerator.
Instantiate AbstractResourcePersistence with connectionFactory and connectionName[informix_connection].
load Resource role with ids:[J@5215e7,[J@5215e7,[J@5215e7,[J@5215e7,[J@5215e7,[J@5215e7,[J@5215e7,[J@5215e7,[J@5215e7,[J@5215e7,[J@5215e7,[J@5215e7,[J@5215e7,[J@5215e7,[J@5215e7,[J@5215e7,[J@5215e7,[J@5215e7,[J@5215e7,[J@5215e7,[J@5215e7,[J@5215e7
operator: UnknownresourceId: Unknown - creating db connection using connection name: informix_connection
committing transaction
Read propery[ConnectionFactoryNS] which is  required  with value[com.topcoder.db.connectionfactory.DBConnectionFactoryImpl] from namespace [com.topcoder.management.project.persistence.InformixProjectPersistence].
Read propery[ConnectionName] which is  optional  with value[informix_connection] from namespace [com.topcoder.management.project.persistence.InformixProjectPersistence].
Read propery[ProjectIdSequenceName] which is  optional  with value[project_id_seq] from namespace [com.topcoder.management.project.persistence.InformixProjectPersistence].
Read propery[ProjectAuditIdSequenceName] which is  optional  with value[project_audit_id_seq] from namespace [com.topcoder.management.project.persistence.InformixProjectPersistence].
Read propery[ConnectionFactoryNS] which is  required  with value[com.topcoder.db.connectionfactory.DBConnectionFactoryImpl] from namespace [com.topcoder.management.project.persistence.link.ProjectLinkManagerImpl].
Read propery[ConnectionName] which is  optional  with value[informix_connection] from namespace [com.topcoder.management.project.persistence.link.ProjectLinkManagerImpl].
read property ConnectionFactoryNS[com.topcoder.db.connectionfactory.DBConnectionFactoryImpl] from the namespace :com.topcoder.management.scorecard.persistence.InformixScorecardPersistence
read property ConnectionName[informix_connection] from the namespace :com.topcoder.management.scorecard.persistence.InformixScorecardPersistence
Instantiate SqlUploadPersistence with connectionFactory and connectioName:informix_connection
Instantiate PersistenceUploadManager with UploadPersistence, uploadSearchBundle, submissionSearchBundle, uploadIdGenerator, uploadTypeIdGenerator, uploadStatusIdGenerator, submissionIDGenerator, submissionStatusIdGenerator and submissionTypeIdGenerator.
Instantiate AbstractResourcePersistence with connectionFactory and connectionName[informix_connection].
load Resource role with ids:[J@aeaf68,[J@aeaf68,[J@aeaf68,[J@aeaf68,[J@aeaf68,[J@aeaf68,[J@aeaf68,[J@aeaf68,[J@aeaf68,[J@aeaf68,[J@aeaf68,[J@aeaf68,[J@aeaf68,[J@aeaf68,[J@aeaf68,[J@aeaf68,[J@aeaf68,[J@aeaf68,[J@aeaf68,[J@aeaf68,[J@aeaf68,[J@aeaf68
operator: UnknownresourceId: Unknown - creating db connection using connection name: informix_connection
committing transaction
Read propery[ConnectionFactoryNS] which is  required  with value[com.topcoder.db.connectionfactory.DBConnectionFactoryImpl] from namespace [com.topcoder.management.project.persistence.InformixProjectPersistence].
Read propery[ConnectionName] which is  optional  with value[informix_connection] from namespace [com.topcoder.management.project.persistence.InformixProjectPersistence].
Read propery[ProjectIdSequenceName] which is  optional  with value[project_id_seq] from namespace [com.topcoder.management.project.persistence.InformixProjectPersistence].
Read propery[ProjectAuditIdSequenceName] which is  optional  with value[project_audit_id_seq] from namespace [com.topcoder.management.project.persistence.InformixProjectPersistence].
Read propery[ConnectionFactoryNS] which is  required  with value[com.topcoder.db.connectionfactory.DBConnectionFactoryImpl] from namespace [com.topcoder.management.project.persistence.link.ProjectLinkManagerImpl].
Read propery[ConnectionName] which is  optional  with value[informix_connection] from namespace [com.topcoder.management.project.persistence.link.ProjectLinkManagerImpl].
read property ConnectionFactoryNS[com.topcoder.db.connectionfactory.DBConnectionFactoryImpl] from the namespace :com.topcoder.management.scorecard.persistence.InformixScorecardPersistence
read property ConnectionName[informix_connection] from the namespace :com.topcoder.management.scorecard.persistence.InformixScorecardPersistence
Instantiate SqlUploadPersistence with connectionFactory and connectioName:informix_connection
Instantiate PersistenceUploadManager with UploadPersistence, uploadSearchBundle, submissionSearchBundle, uploadIdGenerator, uploadTypeIdGenerator, uploadStatusIdGenerator, submissionIDGenerator, submissionStatusIdGenerator and submissionTypeIdGenerator.
Instantiate AbstractResourcePersistence with connectionFactory and connectionName[informix_connection].
load Resource role with ids:[J@1220ed4,[J@1220ed4,[J@1220ed4,[J@1220ed4,[J@1220ed4,[J@1220ed4,[J@1220ed4,[J@1220ed4,[J@1220ed4,[J@1220ed4,[J@1220ed4,[J@1220ed4,[J@1220ed4,[J@1220ed4,[J@1220ed4,[J@1220ed4,[J@1220ed4,[J@1220ed4,[J@1220ed4,[J@1220ed4,[J@1220ed4,[J@1220ed4
operator: UnknownresourceId: Unknown - creating db connection using connection name: informix_connection
committing transaction
Read propery[ConnectionFactoryNS] which is  required  with value[com.topcoder.db.connectionfactory.DBConnectionFactoryImpl] from namespace [com.topcoder.management.project.persistence.InformixProjectPersistence].
Read propery[ConnectionName] which is  optional  with value[informix_connection] from namespace [com.topcoder.management.project.persistence.InformixProjectPersistence].
Read propery[ProjectIdSequenceName] which is  optional  with value[project_id_seq] from namespace [com.topcoder.management.project.persistence.InformixProjectPersistence].
Read propery[ProjectAuditIdSequenceName] which is  optional  with value[project_audit_id_seq] from namespace [com.topcoder.management.project.persistence.InformixProjectPersistence].
Read propery[ConnectionFactoryNS] which is  required  with value[com.topcoder.db.connectionfactory.DBConnectionFactoryImpl] from namespace [com.topcoder.management.project.persistence.link.ProjectLinkManagerImpl].
Read propery[ConnectionName] which is  optional  with value[informix_connection] from namespace [com.topcoder.management.project.persistence.link.ProjectLinkManagerImpl].
read property ConnectionFactoryNS[com.topcoder.db.connectionfactory.DBConnectionFactoryImpl] from the namespace :com.topcoder.management.scorecard.persistence.InformixScorecardPersistence
read property ConnectionName[informix_connection] from the namespace :com.topcoder.management.scorecard.persistence.InformixScorecardPersistence
Instantiate SqlUploadPersistence with connectionFactory and connectioName:informix_connection
Instantiate PersistenceUploadManager with UploadPersistence, uploadSearchBundle, submissionSearchBundle, uploadIdGenerator, uploadTypeIdGenerator, uploadStatusIdGenerator, submissionIDGenerator, submissionStatusIdGenerator and submissionTypeIdGenerator.
Instantiate AbstractResourcePersistence with connectionFactory and connectionName[informix_connection].
load Resource role with ids:[J@134d2bf,[J@134d2bf,[J@134d2bf,[J@134d2bf,[J@134d2bf,[J@134d2bf,[J@134d2bf,[J@134d2bf,[J@134d2bf,[J@134d2bf,[J@134d2bf,[J@134d2bf,[J@134d2bf,[J@134d2bf,[J@134d2bf,[J@134d2bf,[J@134d2bf,[J@134d2bf,[J@134d2bf,[J@134d2bf,[J@134d2bf,[J@134d2bf
operator: UnknownresourceId: Unknown - creating db connection using connection name: informix_connection
committing transaction
Read propery[ConnectionFactoryNS] which is  required  with value[com.topcoder.db.connectionfactory.DBConnectionFactoryImpl] from namespace [com.topcoder.management.project.persistence.InformixProjectPersistence].
Read propery[ConnectionName] which is  optional  with value[informix_connection] from namespace [com.topcoder.management.project.persistence.InformixProjectPersistence].
Read propery[ProjectIdSequenceName] which is  optional  with value[project_id_seq] from namespace [com.topcoder.management.project.persistence.InformixProjectPersistence].
Read propery[ProjectAuditIdSequenceName] which is  optional  with value[project_audit_id_seq] from namespace [com.topcoder.management.project.persistence.InformixProjectPersistence].
Read propery[ConnectionFactoryNS] which is  required  with value[com.topcoder.db.connectionfactory.DBConnectionFactoryImpl] from namespace [com.topcoder.management.project.persistence.link.ProjectLinkManagerImpl].
Read propery[ConnectionName] which is  optional  with value[informix_connection] from namespace [com.topcoder.management.project.persistence.link.ProjectLinkManagerImpl].
read property ConnectionFactoryNS[com.topcoder.db.connectionfactory.DBConnectionFactoryImpl] from the namespace :com.topcoder.management.scorecard.persistence.InformixScorecardPersistence
read property ConnectionName[informix_connection] from the namespace :com.topcoder.management.scorecard.persistence.InformixScorecardPersistence
Instantiate SqlUploadPersistence with connectionFactory and connectioName:informix_connection
Instantiate PersistenceUploadManager with UploadPersistence, uploadSearchBundle, submissionSearchBundle, uploadIdGenerator, uploadTypeIdGenerator, uploadStatusIdGenerator, submissionIDGenerator, submissionStatusIdGenerator and submissionTypeIdGenerator.
Instantiate AbstractResourcePersistence with connectionFactory and connectionName[informix_connection].
load Resource role with ids:[J@1f47e01,[J@1f47e01,[J@1f47e01,[J@1f47e01,[J@1f47e01,[J@1f47e01,[J@1f47e01,[J@1f47e01,[J@1f47e01,[J@1f47e01,[J@1f47e01,[J@1f47e01,[J@1f47e01,[J@1f47e01,[J@1f47e01,[J@1f47e01,[J@1f47e01,[J@1f47e01,[J@1f47e01,[J@1f47e01,[J@1f47e01,[J@1f47e01
operator: UnknownresourceId: Unknown - creating db connection using connection name: informix_connection
committing transaction
get projects with the ids: 1
operator: UnknownprojectId: Unknown - creating db connection using connection name: informix_connection
committing transaction
load Resource role with ids:[J@f255c7,[J@f255c7,[J@f255c7,[J@f255c7,[J@f255c7,[J@f255c7,[J@f255c7,[J@f255c7,[J@f255c7,[J@f255c7,[J@f255c7,[J@f255c7,[J@f255c7,[J@f255c7,[J@f255c7,[J@f255c7,[J@f255c7,[J@f255c7,[J@f255c7,[J@f255c7,[J@f255c7,[J@f255c7
operator: UnknownresourceId: Unknown - creating db connection using connection name: informix_connection
committing transaction
Read propery[ConnectionFactoryNS] which is  required  with value[com.topcoder.db.connectionfactory.DBConnectionFactoryImpl] from namespace [com.topcoder.management.project.persistence.InformixProjectPersistence].
Read propery[ConnectionName] which is  optional  with value[informix_connection] from namespace [com.topcoder.management.project.persistence.InformixProjectPersistence].
Read propery[ProjectIdSequenceName] which is  optional  with value[project_id_seq] from namespace [com.topcoder.management.project.persistence.InformixProjectPersistence].
Read propery[ProjectAuditIdSequenceName] which is  optional  with value[project_audit_id_seq] from namespace [com.topcoder.management.project.persistence.InformixProjectPersistence].
Read propery[ConnectionFactoryNS] which is  required  with value[com.topcoder.db.connectionfactory.DBConnectionFactoryImpl] from namespace [com.topcoder.management.project.persistence.link.ProjectLinkManagerImpl].
Read propery[ConnectionName] which is  optional  with value[informix_connection] from namespace [com.topcoder.management.project.persistence.link.ProjectLinkManagerImpl].
read property ConnectionFactoryNS[com.topcoder.db.connectionfactory.DBConnectionFactoryImpl] from the namespace :com.topcoder.management.scorecard.persistence.InformixScorecardPersistence
read property ConnectionName[informix_connection] from the namespace :com.topcoder.management.scorecard.persistence.InformixScorecardPersistence
Instantiate SqlUploadPersistence with connectionFactory and connectioName:informix_connection
Instantiate PersistenceUploadManager with UploadPersistence, uploadSearchBundle, submissionSearchBundle, uploadIdGenerator, uploadTypeIdGenerator, uploadStatusIdGenerator, submissionIDGenerator, submissionStatusIdGenerator and submissionTypeIdGenerator.
Instantiate AbstractResourcePersistence with connectionFactory and connectionName[informix_connection].
load Resource role with ids:[J@132b71e,[J@132b71e,[J@132b71e,[J@132b71e,[J@132b71e,[J@132b71e,[J@132b71e,[J@132b71e,[J@132b71e,[J@132b71e,[J@132b71e,[J@132b71e,[J@132b71e,[J@132b71e,[J@132b71e,[J@132b71e,[J@132b71e,[J@132b71e,[J@132b71e,[J@132b71e,[J@132b71e,[J@132b71e
operator: UnknownresourceId: Unknown - creating db connection using connection name: informix_connection
committing transaction
Read propery[ConnectionFactoryNS] which is  required  with value[com.topcoder.db.connectionfactory.DBConnectionFactoryImpl] from namespace [com.topcoder.management.project.persistence.InformixProjectPersistence].
Read propery[ConnectionName] which is  optional  with value[informix_connection] from namespace [com.topcoder.management.project.persistence.InformixProjectPersistence].
Read propery[ProjectIdSequenceName] which is  optional  with value[project_id_seq] from namespace [com.topcoder.management.project.persistence.InformixProjectPersistence].
Read propery[ProjectAuditIdSequenceName] which is  optional  with value[project_audit_id_seq] from namespace [com.topcoder.management.project.persistence.InformixProjectPersistence].
Read propery[ConnectionFactoryNS] which is  required  with value[com.topcoder.db.connectionfactory.DBConnectionFactoryImpl] from namespace [com.topcoder.management.project.persistence.link.ProjectLinkManagerImpl].
Read propery[ConnectionName] which is  optional  with value[informix_connection] from namespace [com.topcoder.management.project.persistence.link.ProjectLinkManagerImpl].
read property ConnectionFactoryNS[com.topcoder.db.connectionfactory.DBConnectionFactoryImpl] from the namespace :com.topcoder.management.scorecard.persistence.InformixScorecardPersistence
read property ConnectionName[informix_connection] from the namespace :com.topcoder.management.scorecard.persistence.InformixScorecardPersistence
Instantiate SqlUploadPersistence with connectionFactory and connectioName:informix_connection
Instantiate PersistenceUploadManager with UploadPersistence, uploadSearchBundle, submissionSearchBundle, uploadIdGenerator, uploadTypeIdGenerator, uploadStatusIdGenerator, submissionIDGenerator, submissionStatusIdGenerator and submissionTypeIdGenerator.
Instantiate AbstractResourcePersistence with connectionFactory and connectionName[informix_connection].
load Resource role with ids:[J@1f74e8d,[J@1f74e8d,[J@1f74e8d,[J@1f74e8d,[J@1f74e8d,[J@1f74e8d,[J@1f74e8d,[J@1f74e8d,[J@1f74e8d,[J@1f74e8d,[J@1f74e8d,[J@1f74e8d,[J@1f74e8d,[J@1f74e8d,[J@1f74e8d,[J@1f74e8d,[J@1f74e8d,[J@1f74e8d,[J@1f74e8d,[J@1f74e8d,[J@1f74e8d,[J@1f74e8d
operator: UnknownresourceId: Unknown - creating db connection using connection name: informix_connection
committing transaction
Read propery[ConnectionFactoryNS] which is  required  with value[com.topcoder.db.connectionfactory.DBConnectionFactoryImpl] from namespace [com.topcoder.management.project.persistence.InformixProjectPersistence].
Read propery[ConnectionName] which is  optional  with value[informix_connection] from namespace [com.topcoder.management.project.persistence.InformixProjectPersistence].
Read propery[ProjectIdSequenceName] which is  optional  with value[project_id_seq] from namespace [com.topcoder.management.project.persistence.InformixProjectPersistence].
Read propery[ProjectAuditIdSequenceName] which is  optional  with value[project_audit_id_seq] from namespace [com.topcoder.management.project.persistence.InformixProjectPersistence].
Read propery[ConnectionFactoryNS] which is  required  with value[com.topcoder.db.connectionfactory.DBConnectionFactoryImpl] from namespace [com.topcoder.management.project.persistence.link.ProjectLinkManagerImpl].
Read propery[ConnectionName] which is  optional  with value[informix_connection] from namespace [com.topcoder.management.project.persistence.link.ProjectLinkManagerImpl].
read property ConnectionFactoryNS[com.topcoder.db.connectionfactory.DBConnectionFactoryImpl] from the namespace :com.topcoder.management.scorecard.persistence.InformixScorecardPersistence
read property ConnectionName[informix_connection] from the namespace :com.topcoder.management.scorecard.persistence.InformixScorecardPersistence
Instantiate SqlUploadPersistence with connectionFactory and connectioName:informix_connection
Instantiate PersistenceUploadManager with UploadPersistence, uploadSearchBundle, submissionSearchBundle, uploadIdGenerator, uploadTypeIdGenerator, uploadStatusIdGenerator, submissionIDGenerator, submissionStatusIdGenerator and submissionTypeIdGenerator.
Instantiate AbstractResourcePersistence with connectionFactory and connectionName[informix_connection].
load Resource role with ids:[J@1212883,[J@1212883,[J@1212883,[J@1212883,[J@1212883,[J@1212883,[J@1212883,[J@1212883,[J@1212883,[J@1212883,[J@1212883,[J@1212883,[J@1212883,[J@1212883,[J@1212883,[J@1212883,[J@1212883,[J@1212883,[J@1212883,[J@1212883,[J@1212883,[J@1212883
operator: UnknownresourceId: Unknown - creating db connection using connection name: informix_connection
committing transaction
Read propery[ConnectionFactoryNS] which is  required  with value[com.topcoder.db.connectionfactory.DBConnectionFactoryImpl] from namespace [com.topcoder.management.project.persistence.InformixProjectPersistence].
Read propery[ConnectionName] which is  optional  with value[informix_connection] from namespace [com.topcoder.management.project.persistence.InformixProjectPersistence].
Read propery[ProjectIdSequenceName] which is  optional  with value[project_id_seq] from namespace [com.topcoder.management.project.persistence.InformixProjectPersistence].
Read propery[ProjectAuditIdSequenceName] which is  optional  with value[project_audit_id_seq] from namespace [com.topcoder.management.project.persistence.InformixProjectPersistence].
Read propery[ConnectionFactoryNS] which is  required  with value[com.topcoder.db.connectionfactory.DBConnectionFactoryImpl] from namespace [com.topcoder.management.project.persistence.link.ProjectLinkManagerImpl].
Read propery[ConnectionName] which is  optional  with value[informix_connection] from namespace [com.topcoder.management.project.persistence.link.ProjectLinkManagerImpl].
read property ConnectionFactoryNS[com.topcoder.db.connectionfactory.DBConnectionFactoryImpl] from the namespace :com.topcoder.management.scorecard.persistence.InformixScorecardPersistence
read property ConnectionName[informix_connection] from the namespace :com.topcoder.management.scorecard.persistence.InformixScorecardPersistence
Instantiate SqlUploadPersistence with connectionFactory and connectioName:informix_connection
Instantiate PersistenceUploadManager with UploadPersistence, uploadSearchBundle, submissionSearchBundle, uploadIdGenerator, uploadTypeIdGenerator, uploadStatusIdGenerator, submissionIDGenerator, submissionStatusIdGenerator and submissionTypeIdGenerator.
Instantiate AbstractResourcePersistence with connectionFactory and connectionName[informix_connection].
load Resource role with ids:[J@1d380dc,[J@1d380dc,[J@1d380dc,[J@1d380dc,[J@1d380dc,[J@1d380dc,[J@1d380dc,[J@1d380dc,[J@1d380dc,[J@1d380dc,[J@1d380dc,[J@1d380dc,[J@1d380dc,[J@1d380dc,[J@1d380dc,[J@1d380dc,[J@1d380dc,[J@1d380dc,[J@1d380dc,[J@1d380dc,[J@1d380dc,[J@1d380dc
operator: UnknownresourceId: Unknown - creating db connection using connection name: informix_connection
committing transaction
type: Upload id: Unknown operator:Unknown - search submissions with filter. found: 2
load Resource with ids:[J@c8df7b,[J@c8df7b
operator: UnknownresourceId: Unknown - creating db connection using connection name: informix_connection
load ResourceRole with id:4
operator: UnknownresourceId: Unknown - creating db connection using connection name: informix_connection
committing transaction
load ResourceRole with id:4
operator: UnknownresourceId: Unknown - creating db connection using connection name: informix_connection
committing transaction
committing transaction
type: Submission id: 1 operator:1001 - update Submission.
type: Submission id: 1 operator:Unknown - Update Submission, it will update record in submission table.
create db connection using connection name:informix_connection
close the connection.
type: Submission id: 2 operator:1001 - update Submission.
type: Submission id: 2 operator:Unknown - Update Submission, it will update record in submission table.
create db connection using connection name:informix_connection
close the connection.
operator: UnknownresourceId: 4 - load resource.
operator: UnknownresourceId: Unknown - creating db connection using connection name: informix_connection
load ResourceRole with id:1
operator: UnknownresourceId: Unknown - creating db connection using connection name: informix_connection
committing transaction
committing transaction
operator: UnknownresourceId: 5 - load resource.
operator: UnknownresourceId: Unknown - creating db connection using connection name: informix_connection
load ResourceRole with id:1
operator: UnknownresourceId: Unknown - creating db connection using connection name: informix_connection
committing transaction
committing transaction
load Notifications with array of userIds/projectIds/notificationTypes.
operator: UnknownresourceId: Unknown - creating db connection using connection name: informix_connection
committing transaction
get projects with the ids: 1
operator: UnknownprojectId: Unknown - creating db connection using connection name: informix_connection
committing transaction
load Resource role with ids:[J@1de01c9,[J@1de01c9,[J@1de01c9,[J@1de01c9,[J@1de01c9,[J@1de01c9,[J@1de01c9,[J@1de01c9,[J@1de01c9,[J@1de01c9,[J@1de01c9,[J@1de01c9,[J@1de01c9,[J@1de01c9,[J@1de01c9,[J@1de01c9,[J@1de01c9,[J@1de01c9,[J@1de01c9,[J@1de01c9,[J@1de01c9,[J@1de01c9
operator: UnknownresourceId: Unknown - creating db connection using connection name: informix_connection
committing transaction
load Resource with ids:[J@d7e9c3,[J@d7e9c3,[J@d7e9c3
operator: UnknownresourceId: Unknown - creating db connection using connection name: informix_connection
load ResourceRole with id:4
operator: UnknownresourceId: Unknown - creating db connection using connection name: informix_connection
committing transaction
load ResourceRole with id:4
operator: UnknownresourceId: Unknown - creating db connection using connection name: informix_connection
committing transaction
load ResourceRole with id:4
operator: UnknownresourceId: Unknown - creating db connection using connection name: informix_connection
committing transaction
committing transaction
load Resource with ids:[J@a5ec79
operator: UnknownresourceId: Unknown - creating db connection using connection name: informix_connection
load ResourceRole with id:12
operator: UnknownresourceId: Unknown - creating db connection using connection name: informix_connection
committing transaction
committing transaction
load Resource with ids:[J@1ca7d8
operator: UnknownresourceId: Unknown - creating db connection using connection name: informix_connection
load ResourceRole with id:13
operator: UnknownresourceId: Unknown - creating db connection using connection name: informix_connection
committing transaction
committing transaction
load Resource with ids:[J@11ada40
operator: UnknownresourceId: Unknown - creating db connection using connection name: informix_connection
load ResourceRole with id:9
operator: UnknownresourceId: Unknown - creating db connection using connection name: informix_connection
committing transaction
committing transaction
load Resource with ids:[J@6edcf6,[J@6edcf6
operator: UnknownresourceId: Unknown - creating db connection using connection name: informix_connection
load ResourceRole with id:1
operator: UnknownresourceId: Unknown - creating db connection using connection name: informix_connection
committing transaction
load ResourceRole with id:1
operator: UnknownresourceId: Unknown - creating db connection using connection name: informix_connection
committing transaction
committing transaction
operator: UnknownresourceId: 6 - load resource.
operator: UnknownresourceId: Unknown - creating db connection using connection name: informix_connection
load ResourceRole with id:4
operator: UnknownresourceId: Unknown - creating db connection using connection name: informix_connection
committing transaction
committing transaction
operator: UnknownresourceId: 4 - load resource.
operator: UnknownresourceId: Unknown - creating db connection using connection name: informix_connection
load ResourceRole with id:1
operator: UnknownresourceId: Unknown - creating db connection using connection name: informix_connection
committing transaction
committing transaction
operator: UnknownresourceId: 100000 - load resource.
operator: UnknownresourceId: Unknown - creating db connection using connection name: informix_connection
load ResourceRole with id:13
operator: UnknownresourceId: Unknown - creating db connection using connection name: informix_connection
committing transaction
committing transaction
operator: UnknownresourceId: 7 - load resource.
operator: UnknownresourceId: Unknown - creating db connection using connection name: informix_connection
load ResourceRole with id:4
operator: UnknownresourceId: Unknown - creating db connection using connection name: informix_connection
committing transaction
committing transaction
operator: UnknownresourceId: 5 - load resource.
operator: UnknownresourceId: Unknown - creating db connection using connection name: informix_connection
load ResourceRole with id:1
operator: UnknownresourceId: Unknown - creating db connection using connection name: informix_connection
committing transaction
committing transaction
type: Upload id: Unknown operator:Unknown - search submissions with filter. found: 2
load Resource with ids:[J@1a7261,[J@1a7261
operator: UnknownresourceId: Unknown - creating db connection using connection name: informix_connection
load ResourceRole with id:4
operator: UnknownresourceId: Unknown - creating db connection using connection name: informix_connection
committing transaction
load ResourceRole with id:4
operator: UnknownresourceId: Unknown - creating db connection using connection name: informix_connection
committing transaction
committing transaction
type: Scorecard id: Unknown operator:Unknown - retrieve scorecard with ids:1, and is incomplete
create db connection with connect name:informix_connection
close the connection.
get All submission statuses, delegate to persistence.
get All submission statuses, delegate to persistence.
create db connection using connection name:informix_connection
close the connection.
type: SubmissionStatus id: Unknown operator:Unknown - Load SubmissionStatuses with ids:1,2,3,4,5
create db connection using connection name:informix_connection
close the connection.
get All submission statuses, delegate to persistence.
get All submission statuses, delegate to persistence.
create db connection using connection name:informix_connection
close the connection.
type: SubmissionStatus id: Unknown operator:Unknown - Load SubmissionStatuses with ids:1,2,3,4,5
create db connection using connection name:informix_connection
close the connection.
operator: UnknownresourceId: 4 - load resource.
operator: UnknownresourceId: Unknown - creating db connection using connection name: informix_connection
load ResourceRole with id:1
operator: UnknownresourceId: Unknown - creating db connection using connection name: informix_connection
committing transaction
committing transaction
type: Submission id: 1 operator:1001 - update Submission.
type: Submission id: 1 operator:Unknown - Update Submission, it will update record in submission table.
create db connection using connection name:informix_connection
close the connection.
operator: UnknownresourceId: 5 - load resource.
operator: UnknownresourceId: Unknown - creating db connection using connection name: informix_connection
load ResourceRole with id:1
operator: UnknownresourceId: Unknown - creating db connection using connection name: informix_connection
committing transaction
committing transaction
type: Submission id: 2 operator:1001 - update Submission.
type: Submission id: 2 operator:Unknown - Update Submission, it will update record in submission table.
create db connection using connection name:informix_connection
close the connection.
get projects with the ids: 1
operator: UnknownprojectId: Unknown - creating db connection using connection name: informix_connection
committing transaction
operator: 1001projectId: 1 - updating project: {Winner External Reference ID=4, Project Name=Online Review Phases, Project Version=1.5}
operator: UnknownprojectId: Unknown - creating db connection using connection name: informix_connection
operator: 1001projectId: 1 - update project with projectId:1
operator: 1001projectId: 1 - update project, update project_info with projectId:1
operator: 1001projectId: 1 - insert record into project_info with project id1
operator: 1001projectId: 1 - generate new id for the project audit.
insert record into project_audit with projectId:1
operator: 1001projectId: 1 - execute sql:SELECT modify_date FROM project WHERE project_id=?
committing transaction
operator: UnknownresourceId: 4 - load resource.
operator: UnknownresourceId: Unknown - creating db connection using connection name: informix_connection
load ResourceRole with id:1
operator: UnknownresourceId: Unknown - creating db connection using connection name: informix_connection
committing transaction
committing transaction
operator: UnknownresourceId: 5 - load resource.
operator: UnknownresourceId: Unknown - creating db connection using connection name: informix_connection
load ResourceRole with id:1
operator: UnknownresourceId: Unknown - creating db connection using connection name: informix_connection
committing transaction
committing transaction
load Notifications with array of userIds/projectIds/notificationTypes.
operator: UnknownresourceId: Unknown - creating db connection using connection name: informix_connection
committing transaction
get projects with the ids: 1
operator: UnknownprojectId: Unknown - creating db connection using connection name: informix_connection
committing transaction
load Resource role with ids:[J@e8cdbb,[J@e8cdbb,[J@e8cdbb,[J@e8cdbb,[J@e8cdbb,[J@e8cdbb,[J@e8cdbb,[J@e8cdbb,[J@e8cdbb,[J@e8cdbb,[J@e8cdbb,[J@e8cdbb,[J@e8cdbb,[J@e8cdbb,[J@e8cdbb,[J@e8cdbb,[J@e8cdbb,[J@e8cdbb,[J@e8cdbb,[J@e8cdbb,[J@e8cdbb,[J@e8cdbb
operator: UnknownresourceId: Unknown - creating db connection using connection name: informix_connection
committing transaction
load Resource with ids:[J@81db1b,[J@81db1b,[J@81db1b
operator: UnknownresourceId: Unknown - creating db connection using connection name: informix_connection
load ResourceRole with id:4
operator: UnknownresourceId: Unknown - creating db connection using connection name: informix_connection
committing transaction
load ResourceRole with id:4
operator: UnknownresourceId: Unknown - creating db connection using connection name: informix_connection
committing transaction
load ResourceRole with id:4
operator: UnknownresourceId: Unknown - creating db connection using connection name: informix_connection
committing transaction
committing transaction
load Resource with ids:[J@919dca
operator: UnknownresourceId: Unknown - creating db connection using connection name: informix_connection
load ResourceRole with id:12
operator: UnknownresourceId: Unknown - creating db connection using connection name: informix_connection
committing transaction
committing transaction
load Resource with ids:[J@168854c
operator: UnknownresourceId: Unknown - creating db connection using connection name: informix_connection
load ResourceRole with id:13
operator: UnknownresourceId: Unknown - creating db connection using connection name: informix_connection
committing transaction
committing transaction
load Resource with ids:[J@2e91ac
operator: UnknownresourceId: Unknown - creating db connection using connection name: informix_connection
load ResourceRole with id:9
operator: UnknownresourceId: Unknown - creating db connection using connection name: informix_connection
committing transaction
committing transaction
load Resource with ids:[J@1933139,[J@1933139
operator: UnknownresourceId: Unknown - creating db connection using connection name: informix_connection
load ResourceRole with id:1
operator: UnknownresourceId: Unknown - creating db connection using connection name: informix_connection
committing transaction
load ResourceRole with id:1
operator: UnknownresourceId: Unknown - creating db connection using connection name: informix_connection
committing transaction
committing transaction
operator: UnknownresourceId: 6 - load resource.
operator: UnknownresourceId: Unknown - creating db connection using connection name: informix_connection
load ResourceRole with id:4
operator: UnknownresourceId: Unknown - creating db connection using connection name: informix_connection
committing transaction
committing transaction
operator: UnknownresourceId: 4 - load resource.
operator: UnknownresourceId: Unknown - creating db connection using connection name: informix_connection
load ResourceRole with id:1
operator: UnknownresourceId: Unknown - creating db connection using connection name: informix_connection
committing transaction
committing transaction
operator: UnknownresourceId: 100000 - load resource.
operator: UnknownresourceId: Unknown - creating db connection using connection name: informix_connection
load ResourceRole with id:13
operator: UnknownresourceId: Unknown - creating db connection using connection name: informix_connection
committing transaction
committing transaction
operator: UnknownresourceId: 7 - load resource.
operator: UnknownresourceId: Unknown - creating db connection using connection name: informix_connection
load ResourceRole with id:4
operator: UnknownresourceId: Unknown - creating db connection using connection name: informix_connection
committing transaction
committing transaction
operator: UnknownresourceId: 5 - load resource.
operator: UnknownresourceId: Unknown - creating db connection using connection name: informix_connection
load ResourceRole with id:1
operator: UnknownresourceId: Unknown - creating db connection using connection name: informix_connection
committing transaction
committing transaction
load Resource with ids:[J@e2f8e
operator: UnknownresourceId: Unknown - creating db connection using connection name: informix_connection
load ResourceRole with id:8
operator: UnknownresourceId: Unknown - creating db connection using connection name: informix_connection
committing transaction
committing transaction
load Resource with ids:[J@ac67ee,[J@ac67ee
operator: UnknownresourceId: Unknown - creating db connection using connection name: informix_connection
load ResourceRole with id:4
operator: UnknownresourceId: Unknown - creating db connection using connection name: informix_connection
committing transaction
load ResourceRole with id:4
operator: UnknownresourceId: Unknown - creating db connection using connection name: informix_connection
committing transaction
committing transaction
get projects with the ids: 1
operator: UnknownprojectId: Unknown - creating db connection using connection name: informix_connection
committing transaction
load Resource with ids:[J@19f2397
operator: UnknownresourceId: Unknown - creating db connection using connection name: informix_connection
load ResourceRole with id:1
operator: UnknownresourceId: Unknown - creating db connection using connection name: informix_connection
committing transaction
committing transaction
type: Upload id: Unknown operator:Unknown - search submissions with filter. found: 1
load Resource with ids:[J@d70792,[J@d70792
operator: UnknownresourceId: Unknown - creating db connection using connection name: informix_connection
load ResourceRole with id:4
operator: UnknownresourceId: Unknown - creating db connection using connection name: informix_connection
committing transaction
load ResourceRole with id:4
operator: UnknownresourceId: Unknown - creating db connection using connection name: informix_connection
committing transaction
committing transaction
operator: 1001phaseId: 107 - create aggregate worksheet.
load Notifications with array of userIds/projectIds/notificationTypes.
operator: UnknownresourceId: Unknown - creating db connection using connection name: informix_connection
committing transaction
get projects with the ids: 1
operator: UnknownprojectId: Unknown - creating db connection using connection name: informix_connection
committing transaction
load Resource role with ids:[J@6e9867,[J@6e9867,[J@6e9867,[J@6e9867,[J@6e9867,[J@6e9867,[J@6e9867,[J@6e9867,[J@6e9867,[J@6e9867,[J@6e9867,[J@6e9867,[J@6e9867,[J@6e9867,[J@6e9867,[J@6e9867,[J@6e9867,[J@6e9867,[J@6e9867,[J@6e9867,[J@6e9867,[J@6e9867
operator: UnknownresourceId: Unknown - creating db connection using connection name: informix_connection
committing transaction
load Resource with ids:[J@196d982,[J@196d982,[J@196d982
operator: UnknownresourceId: Unknown - creating db connection using connection name: informix_connection
load ResourceRole with id:4
operator: UnknownresourceId: Unknown - creating db connection using connection name: informix_connection
committing transaction
load ResourceRole with id:4
operator: UnknownresourceId: Unknown - creating db connection using connection name: informix_connection
committing transaction
load ResourceRole with id:4
operator: UnknownresourceId: Unknown - creating db connection using connection name: informix_connection
committing transaction
committing transaction
load Resource with ids:[J@7893b0
operator: UnknownresourceId: Unknown - creating db connection using connection name: informix_connection
load ResourceRole with id:8
operator: UnknownresourceId: Unknown - creating db connection using connection name: informix_connection
committing transaction
committing transaction
load Resource with ids:[J@338f64
operator: UnknownresourceId: Unknown - creating db connection using connection name: informix_connection
load ResourceRole with id:12
operator: UnknownresourceId: Unknown - creating db connection using connection name: informix_connection
committing transaction
committing transaction
load Resource with ids:[J@1770114
operator: UnknownresourceId: Unknown - creating db connection using connection name: informix_connection
load ResourceRole with id:13
operator: UnknownresourceId: Unknown - creating db connection using connection name: informix_connection
committing transaction
committing transaction
load Resource with ids:[J@1073c56
operator: UnknownresourceId: Unknown - creating db connection using connection name: informix_connection
load ResourceRole with id:9
operator: UnknownresourceId: Unknown - creating db connection using connection name: informix_connection
committing transaction
committing transaction
load Resource with ids:[J@e50a8d,[J@e50a8d
operator: UnknownresourceId: Unknown - creating db connection using connection name: informix_connection
load ResourceRole with id:1
operator: UnknownresourceId: Unknown - creating db connection using connection name: informix_connection
committing transaction
load ResourceRole with id:1
operator: UnknownresourceId: Unknown - creating db connection using connection name: informix_connection
committing transaction
committing transaction
operator: UnknownresourceId: 6 - load resource.
operator: UnknownresourceId: Unknown - creating db connection using connection name: informix_connection
load ResourceRole with id:4
operator: UnknownresourceId: Unknown - creating db connection using connection name: informix_connection
committing transaction
committing transaction
operator: UnknownresourceId: 4 - load resource.
operator: UnknownresourceId: Unknown - creating db connection using connection name: informix_connection
load ResourceRole with id:1
operator: UnknownresourceId: Unknown - creating db connection using connection name: informix_connection
committing transaction
committing transaction
operator: UnknownresourceId: 100000 - load resource.
operator: UnknownresourceId: Unknown - creating db connection using connection name: informix_connection
load ResourceRole with id:13
operator: UnknownresourceId: Unknown - creating db connection using connection name: informix_connection
committing transaction
committing transaction
operator: UnknownresourceId: 7 - load resource.
operator: UnknownresourceId: Unknown - creating db connection using connection name: informix_connection
load ResourceRole with id:4
operator: UnknownresourceId: Unknown - creating db connection using connection name: informix_connection
committing transaction
committing transaction
operator: UnknownresourceId: 5 - load resource.
operator: UnknownresourceId: Unknown - creating db connection using connection name: informix_connection
load ResourceRole with id:1
operator: UnknownresourceId: Unknown - creating db connection using connection name: informix_connection
committing transaction
committing transaction
load Notifications with array of userIds/projectIds/notificationTypes.
operator: UnknownresourceId: Unknown - creating db connection using connection name: informix_connection
committing transaction
get projects with the ids: 1
operator: UnknownprojectId: Unknown - creating db connection using connection name: informix_connection
committing transaction
load Resource role with ids:[J@1931a2d,[J@1931a2d,[J@1931a2d,[J@1931a2d,[J@1931a2d,[J@1931a2d,[J@1931a2d,[J@1931a2d,[J@1931a2d,[J@1931a2d,[J@1931a2d,[J@1931a2d,[J@1931a2d,[J@1931a2d,[J@1931a2d,[J@1931a2d,[J@1931a2d,[J@1931a2d,[J@1931a2d,[J@1931a2d,[J@1931a2d,[J@1931a2d
operator: UnknownresourceId: Unknown - creating db connection using connection name: informix_connection
committing transaction
load Resource with ids:[J@1715ab5,[J@1715ab5,[J@1715ab5
operator: UnknownresourceId: Unknown - creating db connection using connection name: informix_connection
load ResourceRole with id:4
operator: UnknownresourceId: Unknown - creating db connection using connection name: informix_connection
committing transaction
load ResourceRole with id:4
operator: UnknownresourceId: Unknown - creating db connection using connection name: informix_connection
committing transaction
load ResourceRole with id:4
operator: UnknownresourceId: Unknown - creating db connection using connection name: informix_connection
committing transaction
committing transaction
load Resource with ids:[J@5aade4
operator: UnknownresourceId: Unknown - creating db connection using connection name: informix_connection
load ResourceRole with id:8
operator: UnknownresourceId: Unknown - creating db connection using connection name: informix_connection
committing transaction
committing transaction
load Resource with ids:[J@29b1ed
operator: UnknownresourceId: Unknown - creating db connection using connection name: informix_connection
load ResourceRole with id:12
operator: UnknownresourceId: Unknown - creating db connection using connection name: informix_connection
committing transaction
committing transaction
load Resource with ids:[J@1fc840d
operator: UnknownresourceId: Unknown - creating db connection using connection name: informix_connection
load ResourceRole with id:13
operator: UnknownresourceId: Unknown - creating db connection using connection name: informix_connection
committing transaction
committing transaction
load Resource with ids:[J@408c3c
operator: UnknownresourceId: Unknown - creating db connection using connection name: informix_connection
load ResourceRole with id:9
operator: UnknownresourceId: Unknown - creating db connection using connection name: informix_connection
committing transaction
committing transaction
load Resource with ids:[J@1c34b84,[J@1c34b84
operator: UnknownresourceId: Unknown - creating db connection using connection name: informix_connection
load ResourceRole with id:1
operator: UnknownresourceId: Unknown - creating db connection using connection name: informix_connection
committing transaction
load ResourceRole with id:1
operator: UnknownresourceId: Unknown - creating db connection using connection name: informix_connection
committing transaction
committing transaction
operator: UnknownresourceId: 6 - load resource.
operator: UnknownresourceId: Unknown - creating db connection using connection name: informix_connection
load ResourceRole with id:4
operator: UnknownresourceId: Unknown - creating db connection using connection name: informix_connection
committing transaction
committing transaction
operator: UnknownresourceId: 4 - load resource.
operator: UnknownresourceId: Unknown - creating db connection using connection name: informix_connection
load ResourceRole with id:1
operator: UnknownresourceId: Unknown - creating db connection using connection name: informix_connection
committing transaction
committing transaction
operator: UnknownresourceId: 100000 - load resource.
operator: UnknownresourceId: Unknown - creating db connection using connection name: informix_connection
load ResourceRole with id:13
operator: UnknownresourceId: Unknown - creating db connection using connection name: informix_connection
committing transaction
committing transaction
operator: UnknownresourceId: 7 - load resource.
operator: UnknownresourceId: Unknown - creating db connection using connection name: informix_connection
load ResourceRole with id:4
operator: UnknownresourceId: Unknown - creating db connection using connection name: informix_connection
committing transaction
committing transaction
operator: UnknownresourceId: 5 - load resource.
operator: UnknownresourceId: Unknown - creating db connection using connection name: informix_connection
load ResourceRole with id:1
operator: UnknownresourceId: Unknown - creating db connection using connection name: informix_connection
committing transaction
committing transaction
load Notifications with array of userIds/projectIds/notificationTypes.
operator: UnknownresourceId: Unknown - creating db connection using connection name: informix_connection
committing transaction
get projects with the ids: 1
operator: UnknownprojectId: Unknown - creating db connection using connection name: informix_connection
committing transaction
load Resource role with ids:[J@117233c,[J@117233c,[J@117233c,[J@117233c,[J@117233c,[J@117233c,[J@117233c,[J@117233c,[J@117233c,[J@117233c,[J@117233c,[J@117233c,[J@117233c,[J@117233c,[J@117233c,[J@117233c,[J@117233c,[J@117233c,[J@117233c,[J@117233c,[J@117233c,[J@117233c
operator: UnknownresourceId: Unknown - creating db connection using connection name: informix_connection
committing transaction
load Resource with ids:[J@1538f91,[J@1538f91,[J@1538f91
operator: UnknownresourceId: Unknown - creating db connection using connection name: informix_connection
load ResourceRole with id:4
operator: UnknownresourceId: Unknown - creating db connection using connection name: informix_connection
committing transaction
load ResourceRole with id:4
operator: UnknownresourceId: Unknown - creating db connection using connection name: informix_connection
committing transaction
load ResourceRole with id:4
operator: UnknownresourceId: Unknown - creating db connection using connection name: informix_connection
committing transaction
committing transaction
load Resource with ids:[J@151ff5b
operator: UnknownresourceId: Unknown - creating db connection using connection name: informix_connection
load ResourceRole with id:8
operator: UnknownresourceId: Unknown - creating db connection using connection name: informix_connection
committing transaction
committing transaction
load Resource with ids:[J@eabebe
operator: UnknownresourceId: Unknown - creating db connection using connection name: informix_connection
load ResourceRole with id:12
operator: UnknownresourceId: Unknown - creating db connection using connection name: informix_connection
committing transaction
committing transaction
load Resource with ids:[J@17b86b6
operator: UnknownresourceId: Unknown - creating db connection using connection name: informix_connection
load ResourceRole with id:13
operator: UnknownresourceId: Unknown - creating db connection using connection name: informix_connection
committing transaction
committing transaction
load Resource with ids:[J@91e63d
operator: UnknownresourceId: Unknown - creating db connection using connection name: informix_connection
load ResourceRole with id:9
operator: UnknownresourceId: Unknown - creating db connection using connection name: informix_connection
committing transaction
committing transaction
load Resource with ids:[J@e347be,[J@e347be
operator: UnknownresourceId: Unknown - creating db connection using connection name: informix_connection
load ResourceRole with id:1
operator: UnknownresourceId: Unknown - creating db connection using connection name: informix_connection
committing transaction
load ResourceRole with id:1
operator: UnknownresourceId: Unknown - creating db connection using connection name: informix_connection
committing transaction
committing transaction
operator: UnknownresourceId: 6 - load resource.
operator: UnknownresourceId: Unknown - creating db connection using connection name: informix_connection
load ResourceRole with id:4
operator: UnknownresourceId: Unknown - creating db connection using connection name: informix_connection
committing transaction
committing transaction
operator: UnknownresourceId: 4 - load resource.
operator: UnknownresourceId: Unknown - creating db connection using connection name: informix_connection
load ResourceRole with id:1
operator: UnknownresourceId: Unknown - creating db connection using connection name: informix_connection
committing transaction
committing transaction
operator: UnknownresourceId: 100000 - load resource.
operator: UnknownresourceId: Unknown - creating db connection using connection name: informix_connection
load ResourceRole with id:13
operator: UnknownresourceId: Unknown - creating db connection using connection name: informix_connection
committing transaction
committing transaction
operator: UnknownresourceId: 7 - load resource.
operator: UnknownresourceId: Unknown - creating db connection using connection name: informix_connection
load ResourceRole with id:4
operator: UnknownresourceId: Unknown - creating db connection using connection name: informix_connection
committing transaction
committing transaction
operator: UnknownresourceId: 5 - load resource.
operator: UnknownresourceId: Unknown - creating db connection using connection name: informix_connection
load ResourceRole with id:1
operator: UnknownresourceId: Unknown - creating db connection using connection name: informix_connection
committing transaction
committing transaction
Read propery[ConnectionFactoryNS] which is  required  with value[com.topcoder.db.connectionfactory.DBConnectionFactoryImpl] from namespace [com.topcoder.management.project.persistence.InformixProjectPersistence].
Read propery[ConnectionName] which is  optional  with value[informix_connection] from namespace [com.topcoder.management.project.persistence.InformixProjectPersistence].
Read propery[ProjectIdSequenceName] which is  optional  with value[project_id_seq] from namespace [com.topcoder.management.project.persistence.InformixProjectPersistence].
Read propery[ProjectAuditIdSequenceName] which is  optional  with value[project_audit_id_seq] from namespace [com.topcoder.management.project.persistence.InformixProjectPersistence].
Read propery[ConnectionFactoryNS] which is  required  with value[com.topcoder.db.connectionfactory.DBConnectionFactoryImpl] from namespace [com.topcoder.management.project.persistence.link.ProjectLinkManagerImpl].
Read propery[ConnectionName] which is  optional  with value[informix_connection] from namespace [com.topcoder.management.project.persistence.link.ProjectLinkManagerImpl].
read property ConnectionFactoryNS[com.topcoder.db.connectionfactory.DBConnectionFactoryImpl] from the namespace :com.topcoder.management.scorecard.persistence.InformixScorecardPersistence
read property ConnectionName[informix_connection] from the namespace :com.topcoder.management.scorecard.persistence.InformixScorecardPersistence
Instantiate SqlUploadPersistence with connectionFactory and connectioName:informix_connection
Instantiate PersistenceUploadManager with UploadPersistence, uploadSearchBundle, submissionSearchBundle, uploadIdGenerator, uploadTypeIdGenerator, uploadStatusIdGenerator, submissionIDGenerator, submissionStatusIdGenerator and submissionTypeIdGenerator.
Instantiate AbstractResourcePersistence with connectionFactory and connectionName[informix_connection].
load Resource role with ids:[J@dcb012,[J@dcb012,[J@dcb012,[J@dcb012,[J@dcb012,[J@dcb012,[J@dcb012,[J@dcb012,[J@dcb012,[J@dcb012,[J@dcb012,[J@dcb012,[J@dcb012,[J@dcb012,[J@dcb012,[J@dcb012,[J@dcb012,[J@dcb012,[J@dcb012,[J@dcb012,[J@dcb012,[J@dcb012
operator: UnknownresourceId: Unknown - creating db connection using connection name: informix_connection
committing transaction
Read propery[ConnectionFactoryNS] which is  required  with value[com.topcoder.db.connectionfactory.DBConnectionFactoryImpl] from namespace [com.topcoder.management.project.persistence.InformixProjectPersistence].
Read propery[ConnectionName] which is  optional  with value[informix_connection] from namespace [com.topcoder.management.project.persistence.InformixProjectPersistence].
Read propery[ProjectIdSequenceName] which is  optional  with value[project_id_seq] from namespace [com.topcoder.management.project.persistence.InformixProjectPersistence].
Read propery[ProjectAuditIdSequenceName] which is  optional  with value[project_audit_id_seq] from namespace [com.topcoder.management.project.persistence.InformixProjectPersistence].
Read propery[ConnectionFactoryNS] which is  required  with value[com.topcoder.db.connectionfactory.DBConnectionFactoryImpl] from namespace [com.topcoder.management.project.persistence.link.ProjectLinkManagerImpl].
Read propery[ConnectionName] which is  optional  with value[informix_connection] from namespace [com.topcoder.management.project.persistence.link.ProjectLinkManagerImpl].
read property ConnectionFactoryNS[com.topcoder.db.connectionfactory.DBConnectionFactoryImpl] from the namespace :com.topcoder.management.scorecard.persistence.InformixScorecardPersistence
read property ConnectionName[informix_connection] from the namespace :com.topcoder.management.scorecard.persistence.InformixScorecardPersistence
Instantiate SqlUploadPersistence with connectionFactory and connectioName:informix_connection
Instantiate PersistenceUploadManager with UploadPersistence, uploadSearchBundle, submissionSearchBundle, uploadIdGenerator, uploadTypeIdGenerator, uploadStatusIdGenerator, submissionIDGenerator, submissionStatusIdGenerator and submissionTypeIdGenerator.
Instantiate AbstractResourcePersistence with connectionFactory and connectionName[informix_connection].
load Resource role with ids:[J@1aa41a,[J@1aa41a,[J@1aa41a,[J@1aa41a,[J@1aa41a,[J@1aa41a,[J@1aa41a,[J@1aa41a,[J@1aa41a,[J@1aa41a,[J@1aa41a,[J@1aa41a,[J@1aa41a,[J@1aa41a,[J@1aa41a,[J@1aa41a,[J@1aa41a,[J@1aa41a,[J@1aa41a,[J@1aa41a,[J@1aa41a,[J@1aa41a
operator: UnknownresourceId: Unknown - creating db connection using connection name: informix_connection
committing transaction
Read propery[ConnectionFactoryNS] which is  required  with value[com.topcoder.db.connectionfactory.DBConnectionFactoryImpl] from namespace [com.topcoder.management.project.persistence.InformixProjectPersistence].
Read propery[ConnectionName] which is  optional  with value[informix_connection] from namespace [com.topcoder.management.project.persistence.InformixProjectPersistence].
Read propery[ProjectIdSequenceName] which is  optional  with value[project_id_seq] from namespace [com.topcoder.management.project.persistence.InformixProjectPersistence].
Read propery[ProjectAuditIdSequenceName] which is  optional  with value[project_audit_id_seq] from namespace [com.topcoder.management.project.persistence.InformixProjectPersistence].
Read propery[ConnectionFactoryNS] which is  required  with value[com.topcoder.db.connectionfactory.DBConnectionFactoryImpl] from namespace [com.topcoder.management.project.persistence.link.ProjectLinkManagerImpl].
Read propery[ConnectionName] which is  optional  with value[informix_connection] from namespace [com.topcoder.management.project.persistence.link.ProjectLinkManagerImpl].
read property ConnectionFactoryNS[com.topcoder.db.connectionfactory.DBConnectionFactoryImpl] from the namespace :com.topcoder.management.scorecard.persistence.InformixScorecardPersistence
read property ConnectionName[informix_connection] from the namespace :com.topcoder.management.scorecard.persistence.InformixScorecardPersistence
Instantiate SqlUploadPersistence with connectionFactory and connectioName:informix_connection
Instantiate PersistenceUploadManager with UploadPersistence, uploadSearchBundle, submissionSearchBundle, uploadIdGenerator, uploadTypeIdGenerator, uploadStatusIdGenerator, submissionIDGenerator, submissionStatusIdGenerator and submissionTypeIdGenerator.
Instantiate AbstractResourcePersistence with connectionFactory and connectionName[informix_connection].
load Resource role with ids:[J@14d67bb,[J@14d67bb,[J@14d67bb,[J@14d67bb,[J@14d67bb,[J@14d67bb,[J@14d67bb,[J@14d67bb,[J@14d67bb,[J@14d67bb,[J@14d67bb,[J@14d67bb,[J@14d67bb,[J@14d67bb,[J@14d67bb,[J@14d67bb,[J@14d67bb,[J@14d67bb,[J@14d67bb,[J@14d67bb,[J@14d67bb,[J@14d67bb
operator: UnknownresourceId: Unknown - creating db connection using connection name: informix_connection
committing transaction
Read propery[ConnectionFactoryNS] which is  required  with value[com.topcoder.db.connectionfactory.DBConnectionFactoryImpl] from namespace [com.topcoder.management.project.persistence.InformixProjectPersistence].
Read propery[ConnectionName] which is  optional  with value[informix_connection] from namespace [com.topcoder.management.project.persistence.InformixProjectPersistence].
Read propery[ProjectIdSequenceName] which is  optional  with value[project_id_seq] from namespace [com.topcoder.management.project.persistence.InformixProjectPersistence].
Read propery[ProjectAuditIdSequenceName] which is  optional  with value[project_audit_id_seq] from namespace [com.topcoder.management.project.persistence.InformixProjectPersistence].
Read propery[ConnectionFactoryNS] which is  required  with value[com.topcoder.db.connectionfactory.DBConnectionFactoryImpl] from namespace [com.topcoder.management.project.persistence.link.ProjectLinkManagerImpl].
Read propery[ConnectionName] which is  optional  with value[informix_connection] from namespace [com.topcoder.management.project.persistence.link.ProjectLinkManagerImpl].
read property ConnectionFactoryNS[com.topcoder.db.connectionfactory.DBConnectionFactoryImpl] from the namespace :com.topcoder.management.scorecard.persistence.InformixScorecardPersistence
read property ConnectionName[informix_connection] from the namespace :com.topcoder.management.scorecard.persistence.InformixScorecardPersistence
Instantiate SqlUploadPersistence with connectionFactory and connectioName:informix_connection
Instantiate PersistenceUploadManager with UploadPersistence, uploadSearchBundle, submissionSearchBundle, uploadIdGenerator, uploadTypeIdGenerator, uploadStatusIdGenerator, submissionIDGenerator, submissionStatusIdGenerator and submissionTypeIdGenerator.
Instantiate AbstractResourcePersistence with connectionFactory and connectionName[informix_connection].
load Resource role with ids:[J@e989bd,[J@e989bd,[J@e989bd,[J@e989bd,[J@e989bd,[J@e989bd,[J@e989bd,[J@e989bd,[J@e989bd,[J@e989bd,[J@e989bd,[J@e989bd,[J@e989bd,[J@e989bd,[J@e989bd,[J@e989bd,[J@e989bd,[J@e989bd,[J@e989bd,[J@e989bd,[J@e989bd,[J@e989bd
operator: UnknownresourceId: Unknown - creating db connection using connection name: informix_connection
committing transaction
type: Upload id: Unknown operator:Unknown - search submissions with filter. found: 2
load Resource with ids:[J@ef584,[J@ef584
operator: UnknownresourceId: Unknown - creating db connection using connection name: informix_connection
load ResourceRole with id:4
operator: UnknownresourceId: Unknown - creating db connection using connection name: informix_connection
committing transaction
load ResourceRole with id:4
operator: UnknownresourceId: Unknown - creating db connection using connection name: informix_connection
committing transaction
committing transaction
type: Submission id: 1 operator:1001 - update Submission.
type: Submission id: 1 operator:Unknown - Update Submission, it will update record in submission table.
create db connection using connection name:informix_connection
close the connection.
type: Submission id: 2 operator:1001 - update Submission.
type: Submission id: 2 operator:Unknown - Update Submission, it will update record in submission table.
create db connection using connection name:informix_connection
close the connection.
operator: UnknownresourceId: 4 - load resource.
operator: UnknownresourceId: Unknown - creating db connection using connection name: informix_connection
load ResourceRole with id:1
operator: UnknownresourceId: Unknown - creating db connection using connection name: informix_connection
committing transaction
committing transaction
operator: UnknownresourceId: 5 - load resource.
operator: UnknownresourceId: Unknown - creating db connection using connection name: informix_connection
load ResourceRole with id:1
operator: UnknownresourceId: Unknown - creating db connection using connection name: informix_connection
committing transaction
committing transaction
load Notifications with array of userIds/projectIds/notificationTypes.
operator: UnknownresourceId: Unknown - creating db connection using connection name: informix_connection
committing transaction
get projects with the ids: 1
operator: UnknownprojectId: Unknown - creating db connection using connection name: informix_connection
committing transaction
load Resource role with ids:[J@11c7f6,[J@11c7f6,[J@11c7f6,[J@11c7f6,[J@11c7f6,[J@11c7f6,[J@11c7f6,[J@11c7f6,[J@11c7f6,[J@11c7f6,[J@11c7f6,[J@11c7f6,[J@11c7f6,[J@11c7f6,[J@11c7f6,[J@11c7f6,[J@11c7f6,[J@11c7f6,[J@11c7f6,[J@11c7f6,[J@11c7f6,[J@11c7f6
operator: UnknownresourceId: Unknown - creating db connection using connection name: informix_connection
committing transaction
load Resource with ids:[J@1bd6c38,[J@1bd6c38,[J@1bd6c38
operator: UnknownresourceId: Unknown - creating db connection using connection name: informix_connection
load ResourceRole with id:4
operator: UnknownresourceId: Unknown - creating db connection using connection name: informix_connection
committing transaction
load ResourceRole with id:4
operator: UnknownresourceId: Unknown - creating db connection using connection name: informix_connection
committing transaction
load ResourceRole with id:4
operator: UnknownresourceId: Unknown - creating db connection using connection name: informix_connection
committing transaction
committing transaction
load Resource with ids:[J@1d4f418
operator: UnknownresourceId: Unknown - creating db connection using connection name: informix_connection
load ResourceRole with id:12
operator: UnknownresourceId: Unknown - creating db connection using connection name: informix_connection
committing transaction
committing transaction
load Resource with ids:[J@10b9e7d
operator: UnknownresourceId: Unknown - creating db connection using connection name: informix_connection
load ResourceRole with id:13
operator: UnknownresourceId: Unknown - creating db connection using connection name: informix_connection
committing transaction
committing transaction
load Resource with ids:[J@3d9f5f
operator: UnknownresourceId: Unknown - creating db connection using connection name: informix_connection
load ResourceRole with id:9
operator: UnknownresourceId: Unknown - creating db connection using connection name: informix_connection
committing transaction
committing transaction
load Resource with ids:[J@d0bade,[J@d0bade
operator: UnknownresourceId: Unknown - creating db connection using connection name: informix_connection
load ResourceRole with id:1
operator: UnknownresourceId: Unknown - creating db connection using connection name: informix_connection
committing transaction
load ResourceRole with id:1
operator: UnknownresourceId: Unknown - creating db connection using connection name: informix_connection
committing transaction
committing transaction
operator: UnknownresourceId: 6 - load resource.
operator: UnknownresourceId: Unknown - creating db connection using connection name: informix_connection
load ResourceRole with id:4
operator: UnknownresourceId: Unknown - creating db connection using connection name: informix_connection
committing transaction
committing transaction
operator: UnknownresourceId: 4 - load resource.
operator: UnknownresourceId: Unknown - creating db connection using connection name: informix_connection
load ResourceRole with id:1
operator: UnknownresourceId: Unknown - creating db connection using connection name: informix_connection
committing transaction
committing transaction
operator: UnknownresourceId: 100000 - load resource.
operator: UnknownresourceId: Unknown - creating db connection using connection name: informix_connection
load ResourceRole with id:13
operator: UnknownresourceId: Unknown - creating db connection using connection name: informix_connection
committing transaction
committing transaction
operator: UnknownresourceId: 7 - load resource.
operator: UnknownresourceId: Unknown - creating db connection using connection name: informix_connection
load ResourceRole with id:4
operator: UnknownresourceId: Unknown - creating db connection using connection name: informix_connection
committing transaction
committing transaction
operator: UnknownresourceId: 5 - load resource.
operator: UnknownresourceId: Unknown - creating db connection using connection name: informix_connection
load ResourceRole with id:1
operator: UnknownresourceId: Unknown - creating db connection using connection name: informix_connection
committing transaction
committing transaction
type: Upload id: Unknown operator:Unknown - search submissions with filter. found: 2
load Resource with ids:[J@1247c95,[J@1247c95
operator: UnknownresourceId: Unknown - creating db connection using connection name: informix_connection
load ResourceRole with id:4
operator: UnknownresourceId: Unknown - creating db connection using connection name: informix_connection
committing transaction
load ResourceRole with id:4
operator: UnknownresourceId: Unknown - creating db connection using connection name: informix_connection
committing transaction
committing transaction
type: Scorecard id: Unknown operator:Unknown - retrieve scorecard with ids:1, and is incomplete
create db connection with connect name:informix_connection
close the connection.
get All submission statuses, delegate to persistence.
get All submission statuses, delegate to persistence.
create db connection using connection name:informix_connection
close the connection.
type: SubmissionStatus id: Unknown operator:Unknown - Load SubmissionStatuses with ids:1,2,3,4,5
create db connection using connection name:informix_connection
close the connection.
get All submission statuses, delegate to persistence.
get All submission statuses, delegate to persistence.
create db connection using connection name:informix_connection
close the connection.
type: SubmissionStatus id: Unknown operator:Unknown - Load SubmissionStatuses with ids:1,2,3,4,5
create db connection using connection name:informix_connection
close the connection.
operator: UnknownresourceId: 4 - load resource.
operator: UnknownresourceId: Unknown - creating db connection using connection name: informix_connection
load ResourceRole with id:1
operator: UnknownresourceId: Unknown - creating db connection using connection name: informix_connection
committing transaction
committing transaction
type: Submission id: 1 operator:1001 - update Submission.
type: Submission id: 1 operator:Unknown - Update Submission, it will update record in submission table.
create db connection using connection name:informix_connection
close the connection.
operator: UnknownresourceId: 5 - load resource.
operator: UnknownresourceId: Unknown - creating db connection using connection name: informix_connection
load ResourceRole with id:1
operator: UnknownresourceId: Unknown - creating db connection using connection name: informix_connection
committing transaction
committing transaction
type: Submission id: 2 operator:1001 - update Submission.
type: Submission id: 2 operator:Unknown - Update Submission, it will update record in submission table.
create db connection using connection name:informix_connection
close the connection.
get projects with the ids: 1
operator: UnknownprojectId: Unknown - creating db connection using connection name: informix_connection
committing transaction
operator: 1001projectId: 1 - updating project: {Winner External Reference ID=4, Project Name=Online Review Phases, Project Version=1.5}
operator: UnknownprojectId: Unknown - creating db connection using connection name: informix_connection
operator: 1001projectId: 1 - update project with projectId:1
operator: 1001projectId: 1 - update project, update project_info with projectId:1
operator: 1001projectId: 1 - insert record into project_info with project id1
operator: 1001projectId: 1 - generate new id for the project audit.
insert record into project_audit with projectId:1
operator: 1001projectId: 1 - execute sql:SELECT modify_date FROM project WHERE project_id=?
committing transaction
operator: UnknownresourceId: 4 - load resource.
operator: UnknownresourceId: Unknown - creating db connection using connection name: informix_connection
load ResourceRole with id:1
operator: UnknownresourceId: Unknown - creating db connection using connection name: informix_connection
committing transaction
committing transaction
operator: UnknownresourceId: 5 - load resource.
operator: UnknownresourceId: Unknown - creating db connection using connection name: informix_connection
load ResourceRole with id:1
operator: UnknownresourceId: Unknown - creating db connection using connection name: informix_connection
committing transaction
committing transaction
load Notifications with array of userIds/projectIds/notificationTypes.
operator: UnknownresourceId: Unknown - creating db connection using connection name: informix_connection
committing transaction
get projects with the ids: 1
operator: UnknownprojectId: Unknown - creating db connection using connection name: informix_connection
committing transaction
load Resource role with ids:[J@1f91609,[J@1f91609,[J@1f91609,[J@1f91609,[J@1f91609,[J@1f91609,[J@1f91609,[J@1f91609,[J@1f91609,[J@1f91609,[J@1f91609,[J@1f91609,[J@1f91609,[J@1f91609,[J@1f91609,[J@1f91609,[J@1f91609,[J@1f91609,[J@1f91609,[J@1f91609,[J@1f91609,[J@1f91609
operator: UnknownresourceId: Unknown - creating db connection using connection name: informix_connection
committing transaction
load Resource with ids:[J@ab6cbb,[J@ab6cbb,[J@ab6cbb
operator: UnknownresourceId: Unknown - creating db connection using connection name: informix_connection
load ResourceRole with id:4
operator: UnknownresourceId: Unknown - creating db connection using connection name: informix_connection
committing transaction
load ResourceRole with id:4
operator: UnknownresourceId: Unknown - creating db connection using connection name: informix_connection
committing transaction
load ResourceRole with id:4
operator: UnknownresourceId: Unknown - creating db connection using connection name: informix_connection
committing transaction
committing transaction
load Resource with ids:[J@108dce1
operator: UnknownresourceId: Unknown - creating db connection using connection name: informix_connection
load ResourceRole with id:12
operator: UnknownresourceId: Unknown - creating db connection using connection name: informix_connection
committing transaction
committing transaction
load Resource with ids:[J@65aa9c
operator: UnknownresourceId: Unknown - creating db connection using connection name: informix_connection
load ResourceRole with id:13
operator: UnknownresourceId: Unknown - creating db connection using connection name: informix_connection
committing transaction
committing transaction
load Resource with ids:[J@66219c
operator: UnknownresourceId: Unknown - creating db connection using connection name: informix_connection
load ResourceRole with id:9
operator: UnknownresourceId: Unknown - creating db connection using connection name: informix_connection
committing transaction
committing transaction
load Resource with ids:[J@1675e00,[J@1675e00
operator: UnknownresourceId: Unknown - creating db connection using connection name: informix_connection
load ResourceRole with id:1
operator: UnknownresourceId: Unknown - creating db connection using connection name: informix_connection
committing transaction
load ResourceRole with id:1
operator: UnknownresourceId: Unknown - creating db connection using connection name: informix_connection
committing transaction
committing transaction
operator: UnknownresourceId: 6 - load resource.
operator: UnknownresourceId: Unknown - creating db connection using connection name: informix_connection
load ResourceRole with id:4
operator: UnknownresourceId: Unknown - creating db connection using connection name: informix_connection
committing transaction
committing transaction
operator: UnknownresourceId: 4 - load resource.
operator: UnknownresourceId: Unknown - creating db connection using connection name: informix_connection
load ResourceRole with id:1
operator: UnknownresourceId: Unknown - creating db connection using connection name: informix_connection
committing transaction
committing transaction
operator: UnknownresourceId: 100000 - load resource.
operator: UnknownresourceId: Unknown - creating db connection using connection name: informix_connection
load ResourceRole with id:13
operator: UnknownresourceId: Unknown - creating db connection using connection name: informix_connection
committing transaction
committing transaction
operator: UnknownresourceId: 7 - load resource.
operator: UnknownresourceId: Unknown - creating db connection using connection name: informix_connection
load ResourceRole with id:4
operator: UnknownresourceId: Unknown - creating db connection using connection name: informix_connection
committing transaction
committing transaction
operator: UnknownresourceId: 5 - load resource.
operator: UnknownresourceId: Unknown - creating db connection using connection name: informix_connection
load ResourceRole with id:1
operator: UnknownresourceId: Unknown - creating db connection using connection name: informix_connection
committing transaction
committing transaction
load Resource with ids:[J@d496be
operator: UnknownresourceId: Unknown - creating db connection using connection name: informix_connection
load ResourceRole with id:8
operator: UnknownresourceId: Unknown - creating db connection using connection name: informix_connection
committing transaction
committing transaction
load Resource with ids:[J@121e064,[J@121e064
operator: UnknownresourceId: Unknown - creating db connection using connection name: informix_connection
load ResourceRole with id:4
operator: UnknownresourceId: Unknown - creating db connection using connection name: informix_connection
committing transaction
load ResourceRole with id:4
operator: UnknownresourceId: Unknown - creating db connection using connection name: informix_connection
committing transaction
committing transaction
get projects with the ids: 1
operator: UnknownprojectId: Unknown - creating db connection using connection name: informix_connection
committing transaction
load Resource with ids:[J@66ada9
operator: UnknownresourceId: Unknown - creating db connection using connection name: informix_connection
load ResourceRole with id:1
operator: UnknownresourceId: Unknown - creating db connection using connection name: informix_connection
committing transaction
committing transaction
type: Upload id: Unknown operator:Unknown - search submissions with filter. found: 1
load Resource with ids:[J@c10888,[J@c10888
operator: UnknownresourceId: Unknown - creating db connection using connection name: informix_connection
load ResourceRole with id:4
operator: UnknownresourceId: Unknown - creating db connection using connection name: informix_connection
committing transaction
load ResourceRole with id:4
operator: UnknownresourceId: Unknown - creating db connection using connection name: informix_connection
committing transaction
committing transaction
operator: 1001phaseId: 107 - create aggregate worksheet.
load Notifications with array of userIds/projectIds/notificationTypes.
operator: UnknownresourceId: Unknown - creating db connection using connection name: informix_connection
committing transaction
get projects with the ids: 1
operator: UnknownprojectId: Unknown - creating db connection using connection name: informix_connection
committing transaction
load Resource role with ids:[J@e23e3,[J@e23e3,[J@e23e3,[J@e23e3,[J@e23e3,[J@e23e3,[J@e23e3,[J@e23e3,[J@e23e3,[J@e23e3,[J@e23e3,[J@e23e3,[J@e23e3,[J@e23e3,[J@e23e3,[J@e23e3,[J@e23e3,[J@e23e3,[J@e23e3,[J@e23e3,[J@e23e3,[J@e23e3
operator: UnknownresourceId: Unknown - creating db connection using connection name: informix_connection
committing transaction
load Resource with ids:[J@ff0683,[J@ff0683,[J@ff0683
operator: UnknownresourceId: Unknown - creating db connection using connection name: informix_connection
load ResourceRole with id:4
operator: UnknownresourceId: Unknown - creating db connection using connection name: informix_connection
committing transaction
load ResourceRole with id:4
operator: UnknownresourceId: Unknown - creating db connection using connection name: informix_connection
committing transaction
load ResourceRole with id:4
operator: UnknownresourceId: Unknown - creating db connection using connection name: informix_connection
committing transaction
committing transaction
load Resource with ids:[J@2c1f9d
operator: UnknownresourceId: Unknown - creating db connection using connection name: informix_connection
load ResourceRole with id:8
operator: UnknownresourceId: Unknown - creating db connection using connection name: informix_connection
committing transaction
committing transaction
load Resource with ids:[J@98b133
operator: UnknownresourceId: Unknown - creating db connection using connection name: informix_connection
load ResourceRole with id:12
operator: UnknownresourceId: Unknown - creating db connection using connection name: informix_connection
committing transaction
committing transaction
load Resource with ids:[J@1a569f0
operator: UnknownresourceId: Unknown - creating db connection using connection name: informix_connection
load ResourceRole with id:13
operator: UnknownresourceId: Unknown - creating db connection using connection name: informix_connection
committing transaction
committing transaction
load Resource with ids:[J@5bf2d4
operator: UnknownresourceId: Unknown - creating db connection using connection name: informix_connection
load ResourceRole with id:9
operator: UnknownresourceId: Unknown - creating db connection using connection name: informix_connection
committing transaction
committing transaction
load Resource with ids:[J@1a3c2bf,[J@1a3c2bf
operator: UnknownresourceId: Unknown - creating db connection using connection name: informix_connection
load ResourceRole with id:1
operator: UnknownresourceId: Unknown - creating db connection using connection name: informix_connection
committing transaction
load ResourceRole with id:1
operator: UnknownresourceId: Unknown - creating db connection using connection name: informix_connection
committing transaction
committing transaction
operator: UnknownresourceId: 6 - load resource.
operator: UnknownresourceId: Unknown - creating db connection using connection name: informix_connection
load ResourceRole with id:4
operator: UnknownresourceId: Unknown - creating db connection using connection name: informix_connection
committing transaction
committing transaction
operator: UnknownresourceId: 4 - load resource.
operator: UnknownresourceId: Unknown - creating db connection using connection name: informix_connection
load ResourceRole with id:1
operator: UnknownresourceId: Unknown - creating db connection using connection name: informix_connection
committing transaction
committing transaction
operator: UnknownresourceId: 100000 - load resource.
operator: UnknownresourceId: Unknown - creating db connection using connection name: informix_connection
load ResourceRole with id:13
operator: UnknownresourceId: Unknown - creating db connection using connection name: informix_connection
committing transaction
committing transaction
operator: UnknownresourceId: 7 - load resource.
operator: UnknownresourceId: Unknown - creating db connection using connection name: informix_connection
load ResourceRole with id:4
operator: UnknownresourceId: Unknown - creating db connection using connection name: informix_connection
committing transaction
committing transaction
operator: UnknownresourceId: 5 - load resource.
operator: UnknownresourceId: Unknown - creating db connection using connection name: informix_connection
load ResourceRole with id:1
operator: UnknownresourceId: Unknown - creating db connection using connection name: informix_connection
committing transaction
committing transaction
load Notifications with array of userIds/projectIds/notificationTypes.
operator: UnknownresourceId: Unknown - creating db connection using connection name: informix_connection
committing transaction
get projects with the ids: 1
operator: UnknownprojectId: Unknown - creating db connection using connection name: informix_connection
committing transaction
load Resource role with ids:[J@1d35983,[J@1d35983,[J@1d35983,[J@1d35983,[J@1d35983,[J@1d35983,[J@1d35983,[J@1d35983,[J@1d35983,[J@1d35983,[J@1d35983,[J@1d35983,[J@1d35983,[J@1d35983,[J@1d35983,[J@1d35983,[J@1d35983,[J@1d35983,[J@1d35983,[J@1d35983,[J@1d35983,[J@1d35983
operator: UnknownresourceId: Unknown - creating db connection using connection name: informix_connection
committing transaction
load Resource with ids:[J@1ac7d31,[J@1ac7d31,[J@1ac7d31
operator: UnknownresourceId: Unknown - creating db connection using connection name: informix_connection
load ResourceRole with id:4
operator: UnknownresourceId: Unknown - creating db connection using connection name: informix_connection
committing transaction
load ResourceRole with id:4
operator: UnknownresourceId: Unknown - creating db connection using connection name: informix_connection
committing transaction
load ResourceRole with id:4
operator: UnknownresourceId: Unknown - creating db connection using connection name: informix_connection
committing transaction
committing transaction
load Resource with ids:[J@1284069
operator: UnknownresourceId: Unknown - creating db connection using connection name: informix_connection
load ResourceRole with id:8
operator: UnknownresourceId: Unknown - creating db connection using connection name: informix_connection
committing transaction
committing transaction
load Resource with ids:[J@14e4ce7
operator: UnknownresourceId: Unknown - creating db connection using connection name: informix_connection
load ResourceRole with id:12
operator: UnknownresourceId: Unknown - creating db connection using connection name: informix_connection
committing transaction
committing transaction
load Resource with ids:[J@872ebe
operator: UnknownresourceId: Unknown - creating db connection using connection name: informix_connection
load ResourceRole with id:13
operator: UnknownresourceId: Unknown - creating db connection using connection name: informix_connection
committing transaction
committing transaction
load Resource with ids:[J@f663e4
operator: UnknownresourceId: Unknown - creating db connection using connection name: informix_connection
load ResourceRole with id:9
operator: UnknownresourceId: Unknown - creating db connection using connection name: informix_connection
committing transaction
committing transaction
load Resource with ids:[J@b6c3b9,[J@b6c3b9
operator: UnknownresourceId: Unknown - creating db connection using connection name: informix_connection
load ResourceRole with id:1
operator: UnknownresourceId: Unknown - creating db connection using connection name: informix_connection
committing transaction
load ResourceRole with id:1
operator: UnknownresourceId: Unknown - creating db connection using connection name: informix_connection
committing transaction
committing transaction
operator: UnknownresourceId: 6 - load resource.
operator: UnknownresourceId: Unknown - creating db connection using connection name: informix_connection
load ResourceRole with id:4
operator: UnknownresourceId: Unknown - creating db connection using connection name: informix_connection
committing transaction
committing transaction
operator: UnknownresourceId: 4 - load resource.
operator: UnknownresourceId: Unknown - creating db connection using connection name: informix_connection
load ResourceRole with id:1
operator: UnknownresourceId: Unknown - creating db connection using connection name: informix_connection
committing transaction
committing transaction
operator: UnknownresourceId: 100000 - load resource.
operator: UnknownresourceId: Unknown - creating db connection using connection name: informix_connection
load ResourceRole with id:13
operator: UnknownresourceId: Unknown - creating db connection using connection name: informix_connection
committing transaction
committing transaction
operator: UnknownresourceId: 7 - load resource.
operator: UnknownresourceId: Unknown - creating db connection using connection name: informix_connection
load ResourceRole with id:4
operator: UnknownresourceId: Unknown - creating db connection using connection name: informix_connection
committing transaction
committing transaction
operator: UnknownresourceId: 5 - load resource.
operator: UnknownresourceId: Unknown - creating db connection using connection name: informix_connection
load ResourceRole with id:1
operator: UnknownresourceId: Unknown - creating db connection using connection name: informix_connection
committing transaction
committing transaction
load Resource with ids:[J@121f357
operator: UnknownresourceId: Unknown - creating db connection using connection name: informix_connection
load ResourceRole with id:9
operator: UnknownresourceId: Unknown - creating db connection using connection name: informix_connection
committing transaction
committing transaction
load Notifications with array of userIds/projectIds/notificationTypes.
operator: UnknownresourceId: Unknown - creating db connection using connection name: informix_connection
committing transaction
get projects with the ids: 1
operator: UnknownprojectId: Unknown - creating db connection using connection name: informix_connection
committing transaction
load Resource role with ids:[J@e98e8f,[J@e98e8f,[J@e98e8f,[J@e98e8f,[J@e98e8f,[J@e98e8f,[J@e98e8f,[J@e98e8f,[J@e98e8f,[J@e98e8f,[J@e98e8f,[J@e98e8f,[J@e98e8f,[J@e98e8f,[J@e98e8f,[J@e98e8f,[J@e98e8f,[J@e98e8f,[J@e98e8f,[J@e98e8f,[J@e98e8f,[J@e98e8f
operator: UnknownresourceId: Unknown - creating db connection using connection name: informix_connection
committing transaction
load Resource with ids:[J@1522d7c,[J@1522d7c,[J@1522d7c
operator: UnknownresourceId: Unknown - creating db connection using connection name: informix_connection
load ResourceRole with id:4
operator: UnknownresourceId: Unknown - creating db connection using connection name: informix_connection
committing transaction
load ResourceRole with id:4
operator: UnknownresourceId: Unknown - creating db connection using connection name: informix_connection
committing transaction
load ResourceRole with id:4
operator: UnknownresourceId: Unknown - creating db connection using connection name: informix_connection
committing transaction
committing transaction
load Resource with ids:[J@3bae40
operator: UnknownresourceId: Unknown - creating db connection using connection name: informix_connection
load ResourceRole with id:8
operator: UnknownresourceId: Unknown - creating db connection using connection name: informix_connection
committing transaction
committing transaction
load Resource with ids:[J@197bce2
operator: UnknownresourceId: Unknown - creating db connection using connection name: informix_connection
load ResourceRole with id:12
operator: UnknownresourceId: Unknown - creating db connection using connection name: informix_connection
committing transaction
committing transaction
load Resource with ids:[J@fb7ee
operator: UnknownresourceId: Unknown - creating db connection using connection name: informix_connection
load ResourceRole with id:13
operator: UnknownresourceId: Unknown - creating db connection using connection name: informix_connection
committing transaction
committing transaction
load Resource with ids:[J@837dd9,[J@837dd9
operator: UnknownresourceId: Unknown - creating db connection using connection name: informix_connection
load ResourceRole with id:9
operator: UnknownresourceId: Unknown - creating db connection using connection name: informix_connection
committing transaction
load ResourceRole with id:9
operator: UnknownresourceId: Unknown - creating db connection using connection name: informix_connection
committing transaction
committing transaction
load Resource with ids:[J@130bc16,[J@130bc16
operator: UnknownresourceId: Unknown - creating db connection using connection name: informix_connection
load ResourceRole with id:1
operator: UnknownresourceId: Unknown - creating db connection using connection name: informix_connection
committing transaction
load ResourceRole with id:1
operator: UnknownresourceId: Unknown - creating db connection using connection name: informix_connection
committing transaction
committing transaction
operator: UnknownresourceId: 6 - load resource.
operator: UnknownresourceId: Unknown - creating db connection using connection name: informix_connection
load ResourceRole with id:4
operator: UnknownresourceId: Unknown - creating db connection using connection name: informix_connection
committing transaction
committing transaction
operator: UnknownresourceId: 4 - load resource.
operator: UnknownresourceId: Unknown - creating db connection using connection name: informix_connection
load ResourceRole with id:1
operator: UnknownresourceId: Unknown - creating db connection using connection name: informix_connection
committing transaction
committing transaction
operator: UnknownresourceId: 100000 - load resource.
operator: UnknownresourceId: Unknown - creating db connection using connection name: informix_connection
load ResourceRole with id:13
operator: UnknownresourceId: Unknown - creating db connection using connection name: informix_connection
committing transaction
committing transaction
operator: UnknownresourceId: 7 - load resource.
operator: UnknownresourceId: Unknown - creating db connection using connection name: informix_connection
load ResourceRole with id:4
operator: UnknownresourceId: Unknown - creating db connection using connection name: informix_connection
committing transaction
committing transaction
operator: UnknownresourceId: 5 - load resource.
operator: UnknownresourceId: Unknown - creating db connection using connection name: informix_connection
load ResourceRole with id:1
operator: UnknownresourceId: Unknown - creating db connection using connection name: informix_connection
committing transaction
committing transaction
Read propery[ConnectionFactoryNS] which is  required  with value[com.topcoder.db.connectionfactory.DBConnectionFactoryImpl] from namespace [com.topcoder.management.project.persistence.InformixProjectPersistence].
Read propery[ConnectionName] which is  optional  with value[informix_connection] from namespace [com.topcoder.management.project.persistence.InformixProjectPersistence].
Read propery[ProjectIdSequenceName] which is  optional  with value[project_id_seq] from namespace [com.topcoder.management.project.persistence.InformixProjectPersistence].
Read propery[ProjectAuditIdSequenceName] which is  optional  with value[project_audit_id_seq] from namespace [com.topcoder.management.project.persistence.InformixProjectPersistence].
Read propery[ConnectionFactoryNS] which is  required  with value[com.topcoder.db.connectionfactory.DBConnectionFactoryImpl] from namespace [com.topcoder.management.project.persistence.link.ProjectLinkManagerImpl].
Read propery[ConnectionName] which is  optional  with value[informix_connection] from namespace [com.topcoder.management.project.persistence.link.ProjectLinkManagerImpl].
read property ConnectionFactoryNS[com.topcoder.db.connectionfactory.DBConnectionFactoryImpl] from the namespace :com.topcoder.management.scorecard.persistence.InformixScorecardPersistence
read property ConnectionName[informix_connection] from the namespace :com.topcoder.management.scorecard.persistence.InformixScorecardPersistence
Instantiate SqlUploadPersistence with connectionFactory and connectioName:informix_connection
Instantiate PersistenceUploadManager with UploadPersistence, uploadSearchBundle, submissionSearchBundle, uploadIdGenerator, uploadTypeIdGenerator, uploadStatusIdGenerator, submissionIDGenerator, submissionStatusIdGenerator and submissionTypeIdGenerator.
Instantiate AbstractResourcePersistence with connectionFactory and connectionName[informix_connection].
load Resource role with ids:[J@12e583,[J@12e583,[J@12e583,[J@12e583,[J@12e583,[J@12e583,[J@12e583,[J@12e583,[J@12e583,[J@12e583,[J@12e583,[J@12e583,[J@12e583,[J@12e583,[J@12e583,[J@12e583,[J@12e583,[J@12e583,[J@12e583,[J@12e583,[J@12e583,[J@12e583
operator: UnknownresourceId: Unknown - creating db connection using connection name: informix_connection
committing transaction
load Resource with ids:[J@1790ba6
operator: UnknownresourceId: Unknown - creating db connection using connection name: informix_connection
load ResourceRole with id:9
operator: UnknownresourceId: Unknown - creating db connection using connection name: informix_connection
committing transaction
committing transaction
load Resource with ids:[J@15bd7c5
operator: UnknownresourceId: Unknown - creating db connection using connection name: informix_connection
load ResourceRole with id:9
operator: UnknownresourceId: Unknown - creating db connection using connection name: informix_connection
committing transaction
committing transaction
operator: UnknownresourceId: 53 - add new resource to the project [id=1] with role :Final Reviewer in the [id=1367] phase.
operator: UnknownresourceId: Unknown - creating db connection using connection name: informix_connection
insert a record into resource with resource id : 53
insert a record into the resource_submission with resource_id:53 and submission_id:[Ljava.lang.Long;@b300a7
insert a record into the resource_info table with resource_id = 53 and resource_info_type_id =1 value = 2
insert a record into the resource_info table with resource_id = 53 and resource_info_type_id =7 value = 0
committing transaction
load Notifications with array of userIds/projectIds/notificationTypes.
operator: UnknownresourceId: Unknown - creating db connection using connection name: informix_connection
committing transaction
get projects with the ids: 1
operator: UnknownprojectId: Unknown - creating db connection using connection name: informix_connection
committing transaction
load Resource role with ids:[J@897063,[J@897063,[J@897063,[J@897063,[J@897063,[J@897063,[J@897063,[J@897063,[J@897063,[J@897063,[J@897063,[J@897063,[J@897063,[J@897063,[J@897063,[J@897063,[J@897063,[J@897063,[J@897063,[J@897063,[J@897063,[J@897063
operator: UnknownresourceId: Unknown - creating db connection using connection name: informix_connection
committing transaction
load Resource with ids:[J@957b67
operator: UnknownresourceId: Unknown - creating db connection using connection name: informix_connection
load ResourceRole with id:4
operator: UnknownresourceId: Unknown - creating db connection using connection name: informix_connection
committing transaction
committing transaction
load Resource with ids:[J@1351f72
operator: UnknownresourceId: Unknown - creating db connection using connection name: informix_connection
load ResourceRole with id:12
operator: UnknownresourceId: Unknown - creating db connection using connection name: informix_connection
committing transaction
committing transaction
load Resource with ids:[J@1307ef8
operator: UnknownresourceId: Unknown - creating db connection using connection name: informix_connection
load ResourceRole with id:13
operator: UnknownresourceId: Unknown - creating db connection using connection name: informix_connection
committing transaction
committing transaction
load Resource with ids:[J@14f069b,[J@14f069b,[J@14f069b
operator: UnknownresourceId: Unknown - creating db connection using connection name: informix_connection
load ResourceRole with id:9
operator: UnknownresourceId: Unknown - creating db connection using connection name: informix_connection
committing transaction
load ResourceRole with id:9
operator: UnknownresourceId: Unknown - creating db connection using connection name: informix_connection
committing transaction
load ResourceRole with id:9
operator: UnknownresourceId: Unknown - creating db connection using connection name: informix_connection
committing transaction
committing transaction
operator: UnknownresourceId: 100001 - load resource.
operator: UnknownresourceId: Unknown - creating db connection using connection name: informix_connection
load ResourceRole with id:4
operator: UnknownresourceId: Unknown - creating db connection using connection name: informix_connection
committing transaction
committing transaction
operator: UnknownresourceId: 100000 - load resource.
operator: UnknownresourceId: Unknown - creating db connection using connection name: informix_connection
load ResourceRole with id:13
operator: UnknownresourceId: Unknown - creating db connection using connection name: informix_connection
committing transaction
committing transaction
Read propery[ConnectionFactoryNS] which is  required  with value[com.topcoder.db.connectionfactory.DBConnectionFactoryImpl] from namespace [com.topcoder.management.project.persistence.InformixProjectPersistence].
Read propery[ConnectionName] which is  optional  with value[informix_connection] from namespace [com.topcoder.management.project.persistence.InformixProjectPersistence].
Read propery[ProjectIdSequenceName] which is  optional  with value[project_id_seq] from namespace [com.topcoder.management.project.persistence.InformixProjectPersistence].
Read propery[ProjectAuditIdSequenceName] which is  optional  with value[project_audit_id_seq] from namespace [com.topcoder.management.project.persistence.InformixProjectPersistence].
Read propery[ConnectionFactoryNS] which is  required  with value[com.topcoder.db.connectionfactory.DBConnectionFactoryImpl] from namespace [com.topcoder.management.project.persistence.link.ProjectLinkManagerImpl].
Read propery[ConnectionName] which is  optional  with value[informix_connection] from namespace [com.topcoder.management.project.persistence.link.ProjectLinkManagerImpl].
read property ConnectionFactoryNS[com.topcoder.db.connectionfactory.DBConnectionFactoryImpl] from the namespace :com.topcoder.management.scorecard.persistence.InformixScorecardPersistence
read property ConnectionName[informix_connection] from the namespace :com.topcoder.management.scorecard.persistence.InformixScorecardPersistence
Instantiate SqlUploadPersistence with connectionFactory and connectioName:informix_connection
Instantiate PersistenceUploadManager with UploadPersistence, uploadSearchBundle, submissionSearchBundle, uploadIdGenerator, uploadTypeIdGenerator, uploadStatusIdGenerator, submissionIDGenerator, submissionStatusIdGenerator and submissionTypeIdGenerator.
Instantiate AbstractResourcePersistence with connectionFactory and connectionName[informix_connection].
load Resource role with ids:[J@1ea1ccf,[J@1ea1ccf,[J@1ea1ccf,[J@1ea1ccf,[J@1ea1ccf,[J@1ea1ccf,[J@1ea1ccf,[J@1ea1ccf,[J@1ea1ccf,[J@1ea1ccf,[J@1ea1ccf,[J@1ea1ccf,[J@1ea1ccf,[J@1ea1ccf,[J@1ea1ccf,[J@1ea1ccf,[J@1ea1ccf,[J@1ea1ccf,[J@1ea1ccf,[J@1ea1ccf,[J@1ea1ccf,[J@1ea1ccf
operator: UnknownresourceId: Unknown - creating db connection using connection name: informix_connection
committing transaction
load Resource with ids:[J@8ff567
operator: UnknownresourceId: Unknown - creating db connection using connection name: informix_connection
load ResourceRole with id:9
operator: UnknownresourceId: Unknown - creating db connection using connection name: informix_connection
committing transaction
committing transaction
load Resource with ids:[J@1b17745
operator: UnknownresourceId: Unknown - creating db connection using connection name: informix_connection
load ResourceRole with id:9
operator: UnknownresourceId: Unknown - creating db connection using connection name: informix_connection
committing transaction
committing transaction
get projects with the ids: 1
operator: UnknownprojectId: Unknown - creating db connection using connection name: informix_connection
committing transaction
load Notifications with array of userIds/projectIds/notificationTypes.
operator: UnknownresourceId: Unknown - creating db connection using connection name: informix_connection
committing transaction
get projects with the ids: 1
operator: UnknownprojectId: Unknown - creating db connection using connection name: informix_connection
committing transaction
load Resource role with ids:[J@10757d5,[J@10757d5,[J@10757d5,[J@10757d5,[J@10757d5,[J@10757d5,[J@10757d5,[J@10757d5,[J@10757d5,[J@10757d5,[J@10757d5,[J@10757d5,[J@10757d5,[J@10757d5,[J@10757d5,[J@10757d5,[J@10757d5,[J@10757d5,[J@10757d5,[J@10757d5,[J@10757d5,[J@10757d5
operator: UnknownresourceId: Unknown - creating db connection using connection name: informix_connection
committing transaction
load Resource with ids:[J@1af77c9
operator: UnknownresourceId: Unknown - creating db connection using connection name: informix_connection
load ResourceRole with id:4
operator: UnknownresourceId: Unknown - creating db connection using connection name: informix_connection
committing transaction
committing transaction
load Resource with ids:[J@52732e
operator: UnknownresourceId: Unknown - creating db connection using connection name: informix_connection
load ResourceRole with id:12
operator: UnknownresourceId: Unknown - creating db connection using connection name: informix_connection
committing transaction
committing transaction
load Resource with ids:[J@9ade
operator: UnknownresourceId: Unknown - creating db connection using connection name: informix_connection
load ResourceRole with id:13
operator: UnknownresourceId: Unknown - creating db connection using connection name: informix_connection
committing transaction
committing transaction
load Resource with ids:[J@e0bfc9,[J@e0bfc9
operator: UnknownresourceId: Unknown - creating db connection using connection name: informix_connection
load ResourceRole with id:9
operator: UnknownresourceId: Unknown - creating db connection using connection name: informix_connection
committing transaction
load ResourceRole with id:9
operator: UnknownresourceId: Unknown - creating db connection using connection name: informix_connection
committing transaction
committing transaction
operator: UnknownresourceId: 100001 - load resource.
operator: UnknownresourceId: Unknown - creating db connection using connection name: informix_connection
load ResourceRole with id:4
operator: UnknownresourceId: Unknown - creating db connection using connection name: informix_connection
committing transaction
committing transaction
operator: UnknownresourceId: 100000 - load resource.
operator: UnknownresourceId: Unknown - creating db connection using connection name: informix_connection
load ResourceRole with id:13
operator: UnknownresourceId: Unknown - creating db connection using connection name: informix_connection
committing transaction
committing transaction
Read propery[ConnectionFactoryNS] which is  required  with value[com.topcoder.db.connectionfactory.DBConnectionFactoryImpl] from namespace [com.topcoder.management.project.persistence.InformixProjectPersistence].
Read propery[ConnectionName] which is  optional  with value[informix_connection] from namespace [com.topcoder.management.project.persistence.InformixProjectPersistence].
Read propery[ProjectIdSequenceName] which is  optional  with value[project_id_seq] from namespace [com.topcoder.management.project.persistence.InformixProjectPersistence].
Read propery[ProjectAuditIdSequenceName] which is  optional  with value[project_audit_id_seq] from namespace [com.topcoder.management.project.persistence.InformixProjectPersistence].
Read propery[ConnectionFactoryNS] which is  required  with value[com.topcoder.db.connectionfactory.DBConnectionFactoryImpl] from namespace [com.topcoder.management.project.persistence.link.ProjectLinkManagerImpl].
Read propery[ConnectionName] which is  optional  with value[informix_connection] from namespace [com.topcoder.management.project.persistence.link.ProjectLinkManagerImpl].
read property ConnectionFactoryNS[com.topcoder.db.connectionfactory.DBConnectionFactoryImpl] from the namespace :com.topcoder.management.scorecard.persistence.InformixScorecardPersistence
read property ConnectionName[informix_connection] from the namespace :com.topcoder.management.scorecard.persistence.InformixScorecardPersistence
Instantiate SqlUploadPersistence with connectionFactory and connectioName:informix_connection
Instantiate PersistenceUploadManager with UploadPersistence, uploadSearchBundle, submissionSearchBundle, uploadIdGenerator, uploadTypeIdGenerator, uploadStatusIdGenerator, submissionIDGenerator, submissionStatusIdGenerator and submissionTypeIdGenerator.
Instantiate AbstractResourcePersistence with connectionFactory and connectionName[informix_connection].
load Resource role with ids:[J@4d2e22,[J@4d2e22,[J@4d2e22,[J@4d2e22,[J@4d2e22,[J@4d2e22,[J@4d2e22,[J@4d2e22,[J@4d2e22,[J@4d2e22,[J@4d2e22,[J@4d2e22,[J@4d2e22,[J@4d2e22,[J@4d2e22,[J@4d2e22,[J@4d2e22,[J@4d2e22,[J@4d2e22,[J@4d2e22,[J@4d2e22,[J@4d2e22
operator: UnknownresourceId: Unknown - creating db connection using connection name: informix_connection
committing transaction
Read propery[ConnectionFactoryNS] which is  required  with value[com.topcoder.db.connectionfactory.DBConnectionFactoryImpl] from namespace [com.topcoder.management.project.persistence.InformixProjectPersistence].
Read propery[ConnectionName] which is  optional  with value[informix_connection] from namespace [com.topcoder.management.project.persistence.InformixProjectPersistence].
Read propery[ProjectIdSequenceName] which is  optional  with value[project_id_seq] from namespace [com.topcoder.management.project.persistence.InformixProjectPersistence].
Read propery[ProjectAuditIdSequenceName] which is  optional  with value[project_audit_id_seq] from namespace [com.topcoder.management.project.persistence.InformixProjectPersistence].
Read propery[ConnectionFactoryNS] which is  required  with value[com.topcoder.db.connectionfactory.DBConnectionFactoryImpl] from namespace [com.topcoder.management.project.persistence.link.ProjectLinkManagerImpl].
Read propery[ConnectionName] which is  optional  with value[informix_connection] from namespace [com.topcoder.management.project.persistence.link.ProjectLinkManagerImpl].
read property ConnectionFactoryNS[com.topcoder.db.connectionfactory.DBConnectionFactoryImpl] from the namespace :com.topcoder.management.scorecard.persistence.InformixScorecardPersistence
read property ConnectionName[informix_connection] from the namespace :com.topcoder.management.scorecard.persistence.InformixScorecardPersistence
Instantiate SqlUploadPersistence with connectionFactory and connectioName:informix_connection
Instantiate PersistenceUploadManager with UploadPersistence, uploadSearchBundle, submissionSearchBundle, uploadIdGenerator, uploadTypeIdGenerator, uploadStatusIdGenerator, submissionIDGenerator, submissionStatusIdGenerator and submissionTypeIdGenerator.
Instantiate AbstractResourcePersistence with connectionFactory and connectionName[informix_connection].
load Resource role with ids:[J@168b672,[J@168b672,[J@168b672,[J@168b672,[J@168b672,[J@168b672,[J@168b672,[J@168b672,[J@168b672,[J@168b672,[J@168b672,[J@168b672,[J@168b672,[J@168b672,[J@168b672,[J@168b672,[J@168b672,[J@168b672,[J@168b672,[J@168b672,[J@168b672,[J@168b672
operator: UnknownresourceId: Unknown - creating db connection using connection name: informix_connection
committing transaction
Read propery[ConnectionFactoryNS] which is  required  with value[com.topcoder.db.connectionfactory.DBConnectionFactoryImpl] from namespace [com.topcoder.management.project.persistence.InformixProjectPersistence].
Read propery[ConnectionName] which is  optional  with value[informix_connection] from namespace [com.topcoder.management.project.persistence.InformixProjectPersistence].
Read propery[ProjectIdSequenceName] which is  optional  with value[project_id_seq] from namespace [com.topcoder.management.project.persistence.InformixProjectPersistence].
Read propery[ProjectAuditIdSequenceName] which is  optional  with value[project_audit_id_seq] from namespace [com.topcoder.management.project.persistence.InformixProjectPersistence].
Read propery[ConnectionFactoryNS] which is  required  with value[com.topcoder.db.connectionfactory.DBConnectionFactoryImpl] from namespace [com.topcoder.management.project.persistence.link.ProjectLinkManagerImpl].
Read propery[ConnectionName] which is  optional  with value[informix_connection] from namespace [com.topcoder.management.project.persistence.link.ProjectLinkManagerImpl].
read property ConnectionFactoryNS[com.topcoder.db.connectionfactory.DBConnectionFactoryImpl] from the namespace :com.topcoder.management.scorecard.persistence.InformixScorecardPersistence
read property ConnectionName[informix_connection] from the namespace :com.topcoder.management.scorecard.persistence.InformixScorecardPersistence
Instantiate SqlUploadPersistence with connectionFactory and connectioName:informix_connection
Instantiate PersistenceUploadManager with UploadPersistence, uploadSearchBundle, submissionSearchBundle, uploadIdGenerator, uploadTypeIdGenerator, uploadStatusIdGenerator, submissionIDGenerator, submissionStatusIdGenerator and submissionTypeIdGenerator.
Instantiate AbstractResourcePersistence with connectionFactory and connectionName[informix_connection].
load Resource role with ids:[J@e06ed6,[J@e06ed6,[J@e06ed6,[J@e06ed6,[J@e06ed6,[J@e06ed6,[J@e06ed6,[J@e06ed6,[J@e06ed6,[J@e06ed6,[J@e06ed6,[J@e06ed6,[J@e06ed6,[J@e06ed6,[J@e06ed6,[J@e06ed6,[J@e06ed6,[J@e06ed6,[J@e06ed6,[J@e06ed6,[J@e06ed6,[J@e06ed6
operator: UnknownresourceId: Unknown - creating db connection using connection name: informix_connection
committing transaction
Read propery[ConnectionFactoryNS] which is  required  with value[com.topcoder.db.connectionfactory.DBConnectionFactoryImpl] from namespace [com.topcoder.management.project.persistence.InformixProjectPersistence].
Read propery[ConnectionName] which is  optional  with value[informix_connection] from namespace [com.topcoder.management.project.persistence.InformixProjectPersistence].
Read propery[ProjectIdSequenceName] which is  optional  with value[project_id_seq] from namespace [com.topcoder.management.project.persistence.InformixProjectPersistence].
Read propery[ProjectAuditIdSequenceName] which is  optional  with value[project_audit_id_seq] from namespace [com.topcoder.management.project.persistence.InformixProjectPersistence].
Read propery[ConnectionFactoryNS] which is  required  with value[com.topcoder.db.connectionfactory.DBConnectionFactoryImpl] from namespace [com.topcoder.management.project.persistence.link.ProjectLinkManagerImpl].
Read propery[ConnectionName] which is  optional  with value[informix_connection] from namespace [com.topcoder.management.project.persistence.link.ProjectLinkManagerImpl].
read property ConnectionFactoryNS[com.topcoder.db.connectionfactory.DBConnectionFactoryImpl] from the namespace :com.topcoder.management.scorecard.persistence.InformixScorecardPersistence
read property ConnectionName[informix_connection] from the namespace :com.topcoder.management.scorecard.persistence.InformixScorecardPersistence
Instantiate SqlUploadPersistence with connectionFactory and connectioName:informix_connection
Instantiate PersistenceUploadManager with UploadPersistence, uploadSearchBundle, submissionSearchBundle, uploadIdGenerator, uploadTypeIdGenerator, uploadStatusIdGenerator, submissionIDGenerator, submissionStatusIdGenerator and submissionTypeIdGenerator.
Instantiate AbstractResourcePersistence with connectionFactory and connectionName[informix_connection].
load Resource role with ids:[J@9df87d,[J@9df87d,[J@9df87d,[J@9df87d,[J@9df87d,[J@9df87d,[J@9df87d,[J@9df87d,[J@9df87d,[J@9df87d,[J@9df87d,[J@9df87d,[J@9df87d,[J@9df87d,[J@9df87d,[J@9df87d,[J@9df87d,[J@9df87d,[J@9df87d,[J@9df87d,[J@9df87d,[J@9df87d
operator: UnknownresourceId: Unknown - creating db connection using connection name: informix_connection
committing transaction
Read propery[ConnectionFactoryNS] which is  required  with value[com.topcoder.db.connectionfactory.DBConnectionFactoryImpl] from namespace [com.topcoder.management.project.persistence.InformixProjectPersistence].
Read propery[ConnectionName] which is  optional  with value[informix_connection] from namespace [com.topcoder.management.project.persistence.InformixProjectPersistence].
Read propery[ProjectIdSequenceName] which is  optional  with value[project_id_seq] from namespace [com.topcoder.management.project.persistence.InformixProjectPersistence].
Read propery[ProjectAuditIdSequenceName] which is  optional  with value[project_audit_id_seq] from namespace [com.topcoder.management.project.persistence.InformixProjectPersistence].
Read propery[ConnectionFactoryNS] which is  required  with value[com.topcoder.db.connectionfactory.DBConnectionFactoryImpl] from namespace [com.topcoder.management.project.persistence.link.ProjectLinkManagerImpl].
Read propery[ConnectionName] which is  optional  with value[informix_connection] from namespace [com.topcoder.management.project.persistence.link.ProjectLinkManagerImpl].
read property ConnectionFactoryNS[com.topcoder.db.connectionfactory.DBConnectionFactoryImpl] from the namespace :com.topcoder.management.scorecard.persistence.InformixScorecardPersistence
read property ConnectionName[informix_connection] from the namespace :com.topcoder.management.scorecard.persistence.InformixScorecardPersistence
Instantiate SqlUploadPersistence with connectionFactory and connectioName:informix_connection
Instantiate PersistenceUploadManager with UploadPersistence, uploadSearchBundle, submissionSearchBundle, uploadIdGenerator, uploadTypeIdGenerator, uploadStatusIdGenerator, submissionIDGenerator, submissionStatusIdGenerator and submissionTypeIdGenerator.
Instantiate AbstractResourcePersistence with connectionFactory and connectionName[informix_connection].
load Resource role with ids:[J@702525,[J@702525,[J@702525,[J@702525,[J@702525,[J@702525,[J@702525,[J@702525,[J@702525,[J@702525,[J@702525,[J@702525,[J@702525,[J@702525,[J@702525,[J@702525,[J@702525,[J@702525,[J@702525,[J@702525,[J@702525,[J@702525
operator: UnknownresourceId: Unknown - creating db connection using connection name: informix_connection
committing transaction
Read propery[ConnectionFactoryNS] which is  required  with value[com.topcoder.db.connectionfactory.DBConnectionFactoryImpl] from namespace [com.topcoder.management.project.persistence.InformixProjectPersistence].
Read propery[ConnectionName] which is  optional  with value[informix_connection] from namespace [com.topcoder.management.project.persistence.InformixProjectPersistence].
Read propery[ProjectIdSequenceName] which is  optional  with value[project_id_seq] from namespace [com.topcoder.management.project.persistence.InformixProjectPersistence].
Read propery[ProjectAuditIdSequenceName] which is  optional  with value[project_audit_id_seq] from namespace [com.topcoder.management.project.persistence.InformixProjectPersistence].
Read propery[ConnectionFactoryNS] which is  required  with value[com.topcoder.db.connectionfactory.DBConnectionFactoryImpl] from namespace [com.topcoder.management.project.persistence.link.ProjectLinkManagerImpl].
Read propery[ConnectionName] which is  optional  with value[informix_connection] from namespace [com.topcoder.management.project.persistence.link.ProjectLinkManagerImpl].
read property ConnectionFactoryNS[com.topcoder.db.connectionfactory.DBConnectionFactoryImpl] from the namespace :com.topcoder.management.scorecard.persistence.InformixScorecardPersistence
read property ConnectionName[informix_connection] from the namespace :com.topcoder.management.scorecard.persistence.InformixScorecardPersistence
Instantiate SqlUploadPersistence with connectionFactory and connectioName:informix_connection
Instantiate PersistenceUploadManager with UploadPersistence, uploadSearchBundle, submissionSearchBundle, uploadIdGenerator, uploadTypeIdGenerator, uploadStatusIdGenerator, submissionIDGenerator, submissionStatusIdGenerator and submissionTypeIdGenerator.
Instantiate AbstractResourcePersistence with connectionFactory and connectionName[informix_connection].
load Resource role with ids:[J@12cc4c,[J@12cc4c,[J@12cc4c,[J@12cc4c,[J@12cc4c,[J@12cc4c,[J@12cc4c,[J@12cc4c,[J@12cc4c,[J@12cc4c,[J@12cc4c,[J@12cc4c,[J@12cc4c,[J@12cc4c,[J@12cc4c,[J@12cc4c,[J@12cc4c,[J@12cc4c,[J@12cc4c,[J@12cc4c,[J@12cc4c,[J@12cc4c
operator: UnknownresourceId: Unknown - creating db connection using connection name: informix_connection
committing transaction
Read propery[ConnectionFactoryNS] which is  required  with value[com.topcoder.db.connectionfactory.DBConnectionFactoryImpl] from namespace [com.topcoder.management.project.persistence.InformixProjectPersistence].
Read propery[ConnectionName] which is  optional  with value[informix_connection] from namespace [com.topcoder.management.project.persistence.InformixProjectPersistence].
Read propery[ProjectIdSequenceName] which is  optional  with value[project_id_seq] from namespace [com.topcoder.management.project.persistence.InformixProjectPersistence].
Read propery[ProjectAuditIdSequenceName] which is  optional  with value[project_audit_id_seq] from namespace [com.topcoder.management.project.persistence.InformixProjectPersistence].
Read propery[ConnectionFactoryNS] which is  required  with value[com.topcoder.db.connectionfactory.DBConnectionFactoryImpl] from namespace [com.topcoder.management.project.persistence.link.ProjectLinkManagerImpl].
Read propery[ConnectionName] which is  optional  with value[informix_connection] from namespace [com.topcoder.management.project.persistence.link.ProjectLinkManagerImpl].
read property ConnectionFactoryNS[com.topcoder.db.connectionfactory.DBConnectionFactoryImpl] from the namespace :com.topcoder.management.scorecard.persistence.InformixScorecardPersistence
read property ConnectionName[informix_connection] from the namespace :com.topcoder.management.scorecard.persistence.InformixScorecardPersistence
Instantiate SqlUploadPersistence with connectionFactory and connectioName:informix_connection
Instantiate PersistenceUploadManager with UploadPersistence, uploadSearchBundle, submissionSearchBundle, uploadIdGenerator, uploadTypeIdGenerator, uploadStatusIdGenerator, submissionIDGenerator, submissionStatusIdGenerator and submissionTypeIdGenerator.
Instantiate AbstractResourcePersistence with connectionFactory and connectionName[informix_connection].
load Resource role with ids:[J@596d8a,[J@596d8a,[J@596d8a,[J@596d8a,[J@596d8a,[J@596d8a,[J@596d8a,[J@596d8a,[J@596d8a,[J@596d8a,[J@596d8a,[J@596d8a,[J@596d8a,[J@596d8a,[J@596d8a,[J@596d8a,[J@596d8a,[J@596d8a,[J@596d8a,[J@596d8a,[J@596d8a,[J@596d8a
operator: UnknownresourceId: Unknown - creating db connection using connection name: informix_connection
committing transaction
Read propery[ConnectionFactoryNS] which is  required  with value[com.topcoder.db.connectionfactory.DBConnectionFactoryImpl] from namespace [com.topcoder.management.project.persistence.InformixProjectPersistence].
Read propery[ConnectionName] which is  optional  with value[informix_connection] from namespace [com.topcoder.management.project.persistence.InformixProjectPersistence].
Read propery[ProjectIdSequenceName] which is  optional  with value[project_id_seq] from namespace [com.topcoder.management.project.persistence.InformixProjectPersistence].
Read propery[ProjectAuditIdSequenceName] which is  optional  with value[project_audit_id_seq] from namespace [com.topcoder.management.project.persistence.InformixProjectPersistence].
Read propery[ConnectionFactoryNS] which is  required  with value[com.topcoder.db.connectionfactory.DBConnectionFactoryImpl] from namespace [com.topcoder.management.project.persistence.link.ProjectLinkManagerImpl].
Read propery[ConnectionName] which is  optional  with value[informix_connection] from namespace [com.topcoder.management.project.persistence.link.ProjectLinkManagerImpl].
read property ConnectionFactoryNS[com.topcoder.db.connectionfactory.DBConnectionFactoryImpl] from the namespace :com.topcoder.management.scorecard.persistence.InformixScorecardPersistence
read property ConnectionName[informix_connection] from the namespace :com.topcoder.management.scorecard.persistence.InformixScorecardPersistence
Instantiate SqlUploadPersistence with connectionFactory and connectioName:informix_connection
Instantiate PersistenceUploadManager with UploadPersistence, uploadSearchBundle, submissionSearchBundle, uploadIdGenerator, uploadTypeIdGenerator, uploadStatusIdGenerator, submissionIDGenerator, submissionStatusIdGenerator and submissionTypeIdGenerator.
Instantiate AbstractResourcePersistence with connectionFactory and connectionName[informix_connection].
load Resource role with ids:[J@1857d67,[J@1857d67,[J@1857d67,[J@1857d67,[J@1857d67,[J@1857d67,[J@1857d67,[J@1857d67,[J@1857d67,[J@1857d67,[J@1857d67,[J@1857d67,[J@1857d67,[J@1857d67,[J@1857d67,[J@1857d67,[J@1857d67,[J@1857d67,[J@1857d67,[J@1857d67,[J@1857d67,[J@1857d67
operator: UnknownresourceId: Unknown - creating db connection using connection name: informix_connection
committing transaction
Read propery[ConnectionFactoryNS] which is  required  with value[com.topcoder.db.connectionfactory.DBConnectionFactoryImpl] from namespace [com.topcoder.management.project.persistence.InformixProjectPersistence].
Read propery[ConnectionName] which is  optional  with value[informix_connection] from namespace [com.topcoder.management.project.persistence.InformixProjectPersistence].
Read propery[ProjectIdSequenceName] which is  optional  with value[project_id_seq] from namespace [com.topcoder.management.project.persistence.InformixProjectPersistence].
Read propery[ProjectAuditIdSequenceName] which is  optional  with value[project_audit_id_seq] from namespace [com.topcoder.management.project.persistence.InformixProjectPersistence].
Read propery[ConnectionFactoryNS] which is  required  with value[com.topcoder.db.connectionfactory.DBConnectionFactoryImpl] from namespace [com.topcoder.management.project.persistence.link.ProjectLinkManagerImpl].
Read propery[ConnectionName] which is  optional  with value[informix_connection] from namespace [com.topcoder.management.project.persistence.link.ProjectLinkManagerImpl].
read property ConnectionFactoryNS[com.topcoder.db.connectionfactory.DBConnectionFactoryImpl] from the namespace :com.topcoder.management.scorecard.persistence.InformixScorecardPersistence
read property ConnectionName[informix_connection] from the namespace :com.topcoder.management.scorecard.persistence.InformixScorecardPersistence
Instantiate SqlUploadPersistence with connectionFactory and connectioName:informix_connection
Instantiate PersistenceUploadManager with UploadPersistence, uploadSearchBundle, submissionSearchBundle, uploadIdGenerator, uploadTypeIdGenerator, uploadStatusIdGenerator, submissionIDGenerator, submissionStatusIdGenerator and submissionTypeIdGenerator.
Instantiate AbstractResourcePersistence with connectionFactory and connectionName[informix_connection].
load Resource role with ids:[J@274d78,[J@274d78,[J@274d78,[J@274d78,[J@274d78,[J@274d78,[J@274d78,[J@274d78,[J@274d78,[J@274d78,[J@274d78,[J@274d78,[J@274d78,[J@274d78,[J@274d78,[J@274d78,[J@274d78,[J@274d78,[J@274d78,[J@274d78,[J@274d78,[J@274d78
operator: UnknownresourceId: Unknown - creating db connection using connection name: informix_connection
committing transaction
load Resource with ids:[J@1e30bcf
operator: UnknownresourceId: Unknown - creating db connection using connection name: informix_connection
load ResourceRole with id:10
operator: UnknownresourceId: Unknown - creating db connection using connection name: informix_connection
committing transaction
committing transaction
Read propery[ConnectionFactoryNS] which is  required  with value[com.topcoder.db.connectionfactory.DBConnectionFactoryImpl] from namespace [com.topcoder.management.project.persistence.InformixProjectPersistence].
Read propery[ConnectionName] which is  optional  with value[informix_connection] from namespace [com.topcoder.management.project.persistence.InformixProjectPersistence].
Read propery[ProjectIdSequenceName] which is  optional  with value[project_id_seq] from namespace [com.topcoder.management.project.persistence.InformixProjectPersistence].
Read propery[ProjectAuditIdSequenceName] which is  optional  with value[project_audit_id_seq] from namespace [com.topcoder.management.project.persistence.InformixProjectPersistence].
Read propery[ConnectionFactoryNS] which is  required  with value[com.topcoder.db.connectionfactory.DBConnectionFactoryImpl] from namespace [com.topcoder.management.project.persistence.link.ProjectLinkManagerImpl].
Read propery[ConnectionName] which is  optional  with value[informix_connection] from namespace [com.topcoder.management.project.persistence.link.ProjectLinkManagerImpl].
read property ConnectionFactoryNS[com.topcoder.db.connectionfactory.DBConnectionFactoryImpl] from the namespace :com.topcoder.management.scorecard.persistence.InformixScorecardPersistence
read property ConnectionName[informix_connection] from the namespace :com.topcoder.management.scorecard.persistence.InformixScorecardPersistence
Instantiate SqlUploadPersistence with connectionFactory and connectioName:informix_connection
Instantiate PersistenceUploadManager with UploadPersistence, uploadSearchBundle, submissionSearchBundle, uploadIdGenerator, uploadTypeIdGenerator, uploadStatusIdGenerator, submissionIDGenerator, submissionStatusIdGenerator and submissionTypeIdGenerator.
Instantiate AbstractResourcePersistence with connectionFactory and connectionName[informix_connection].
load Resource role with ids:[J@86b721,[J@86b721,[J@86b721,[J@86b721,[J@86b721,[J@86b721,[J@86b721,[J@86b721,[J@86b721,[J@86b721,[J@86b721,[J@86b721,[J@86b721,[J@86b721,[J@86b721,[J@86b721,[J@86b721,[J@86b721,[J@86b721,[J@86b721,[J@86b721,[J@86b721
operator: UnknownresourceId: Unknown - creating db connection using connection name: informix_connection
committing transaction
Read propery[ConnectionFactoryNS] which is  required  with value[com.topcoder.db.connectionfactory.DBConnectionFactoryImpl] from namespace [com.topcoder.management.project.persistence.InformixProjectPersistence].
Read propery[ConnectionName] which is  optional  with value[informix_connection] from namespace [com.topcoder.management.project.persistence.InformixProjectPersistence].
Read propery[ProjectIdSequenceName] which is  optional  with value[project_id_seq] from namespace [com.topcoder.management.project.persistence.InformixProjectPersistence].
Read propery[ProjectAuditIdSequenceName] which is  optional  with value[project_audit_id_seq] from namespace [com.topcoder.management.project.persistence.InformixProjectPersistence].
Read propery[ConnectionFactoryNS] which is  required  with value[com.topcoder.db.connectionfactory.DBConnectionFactoryImpl] from namespace [com.topcoder.management.project.persistence.link.ProjectLinkManagerImpl].
Read propery[ConnectionName] which is  optional  with value[informix_connection] from namespace [com.topcoder.management.project.persistence.link.ProjectLinkManagerImpl].
read property ConnectionFactoryNS[com.topcoder.db.connectionfactory.DBConnectionFactoryImpl] from the namespace :com.topcoder.management.scorecard.persistence.InformixScorecardPersistence
read property ConnectionName[informix_connection] from the namespace :com.topcoder.management.scorecard.persistence.InformixScorecardPersistence
Instantiate SqlUploadPersistence with connectionFactory and connectioName:informix_connection
Instantiate PersistenceUploadManager with UploadPersistence, uploadSearchBundle, submissionSearchBundle, uploadIdGenerator, uploadTypeIdGenerator, uploadStatusIdGenerator, submissionIDGenerator, submissionStatusIdGenerator and submissionTypeIdGenerator.
Instantiate AbstractResourcePersistence with connectionFactory and connectionName[informix_connection].
load Resource role with ids:[J@1f747e6,[J@1f747e6,[J@1f747e6,[J@1f747e6,[J@1f747e6,[J@1f747e6,[J@1f747e6,[J@1f747e6,[J@1f747e6,[J@1f747e6,[J@1f747e6,[J@1f747e6,[J@1f747e6,[J@1f747e6,[J@1f747e6,[J@1f747e6,[J@1f747e6,[J@1f747e6,[J@1f747e6,[J@1f747e6,[J@1f747e6,[J@1f747e6
operator: UnknownresourceId: Unknown - creating db connection using connection name: informix_connection
committing transaction
load Resource with ids:[J@1e69671
operator: UnknownresourceId: Unknown - creating db connection using connection name: informix_connection
load ResourceRole with id:10
operator: UnknownresourceId: Unknown - creating db connection using connection name: informix_connection
committing transaction
committing transaction
load Resource with ids:[J@827845
operator: UnknownresourceId: Unknown - creating db connection using connection name: informix_connection
load ResourceRole with id:10
operator: UnknownresourceId: Unknown - creating db connection using connection name: informix_connection
committing transaction
committing transaction
load Resource with ids:[J@e1ece3
operator: UnknownresourceId: Unknown - creating db connection using connection name: informix_connection
load ResourceRole with id:9
operator: UnknownresourceId: Unknown - creating db connection using connection name: informix_connection
committing transaction
committing transaction
operator: UnknownresourceId: 54 - add new resource to the project [id=1] with role :Final Reviewer in the [id=1373] phase.
operator: UnknownresourceId: Unknown - creating db connection using connection name: informix_connection
insert a record into resource with resource id : 54
insert a record into the resource_info table with resource_id = 54 and resource_info_type_id =1 value = 2
insert a record into the resource_info table with resource_id = 54 and resource_info_type_id =7 value = 0
committing transaction
load Notifications with array of userIds/projectIds/notificationTypes.
operator: UnknownresourceId: Unknown - creating db connection using connection name: informix_connection
committing transaction
get projects with the ids: 1
operator: UnknownprojectId: Unknown - creating db connection using connection name: informix_connection
committing transaction
load Resource role with ids:[J@ea70f2,[J@ea70f2,[J@ea70f2,[J@ea70f2,[J@ea70f2,[J@ea70f2,[J@ea70f2,[J@ea70f2,[J@ea70f2,[J@ea70f2,[J@ea70f2,[J@ea70f2,[J@ea70f2,[J@ea70f2,[J@ea70f2,[J@ea70f2,[J@ea70f2,[J@ea70f2,[J@ea70f2,[J@ea70f2,[J@ea70f2,[J@ea70f2
operator: UnknownresourceId: Unknown - creating db connection using connection name: informix_connection
committing transaction
load Resource with ids:[J@567be5
operator: UnknownresourceId: Unknown - creating db connection using connection name: informix_connection
load ResourceRole with id:4
operator: UnknownresourceId: Unknown - creating db connection using connection name: informix_connection
committing transaction
committing transaction
load Resource with ids:[J@13481d2
operator: UnknownresourceId: Unknown - creating db connection using connection name: informix_connection
load ResourceRole with id:12
operator: UnknownresourceId: Unknown - creating db connection using connection name: informix_connection
committing transaction
committing transaction
load Resource with ids:[J@1af0b3c
operator: UnknownresourceId: Unknown - creating db connection using connection name: informix_connection
load ResourceRole with id:13
operator: UnknownresourceId: Unknown - creating db connection using connection name: informix_connection
committing transaction
committing transaction
load Resource with ids:[J@e8d746,[J@e8d746,[J@e8d746
operator: UnknownresourceId: Unknown - creating db connection using connection name: informix_connection
load ResourceRole with id:9
operator: UnknownresourceId: Unknown - creating db connection using connection name: informix_connection
committing transaction
load ResourceRole with id:9
operator: UnknownresourceId: Unknown - creating db connection using connection name: informix_connection
committing transaction
load ResourceRole with id:9
operator: UnknownresourceId: Unknown - creating db connection using connection name: informix_connection
committing transaction
committing transaction
load Resource with ids:[J@1dfde20
operator: UnknownresourceId: Unknown - creating db connection using connection name: informix_connection
load ResourceRole with id:10
operator: UnknownresourceId: Unknown - creating db connection using connection name: informix_connection
committing transaction
committing transaction
operator: UnknownresourceId: 100001 - load resource.
operator: UnknownresourceId: Unknown - creating db connection using connection name: informix_connection
load ResourceRole with id:4
operator: UnknownresourceId: Unknown - creating db connection using connection name: informix_connection
committing transaction
committing transaction
operator: UnknownresourceId: 100002 - load resource.
operator: UnknownresourceId: Unknown - creating db connection using connection name: informix_connection
load ResourceRole with id:12
operator: UnknownresourceId: Unknown - creating db connection using connection name: informix_connection
committing transaction
committing transaction
Read propery[ConnectionFactoryNS] which is  required  with value[com.topcoder.db.connectionfactory.DBConnectionFactoryImpl] from namespace [com.topcoder.management.project.persistence.InformixProjectPersistence].
Read propery[ConnectionName] which is  optional  with value[informix_connection] from namespace [com.topcoder.management.project.persistence.InformixProjectPersistence].
Read propery[ProjectIdSequenceName] which is  optional  with value[project_id_seq] from namespace [com.topcoder.management.project.persistence.InformixProjectPersistence].
Read propery[ProjectAuditIdSequenceName] which is  optional  with value[project_audit_id_seq] from namespace [com.topcoder.management.project.persistence.InformixProjectPersistence].
Read propery[ConnectionFactoryNS] which is  required  with value[com.topcoder.db.connectionfactory.DBConnectionFactoryImpl] from namespace [com.topcoder.management.project.persistence.link.ProjectLinkManagerImpl].
Read propery[ConnectionName] which is  optional  with value[informix_connection] from namespace [com.topcoder.management.project.persistence.link.ProjectLinkManagerImpl].
read property ConnectionFactoryNS[com.topcoder.db.connectionfactory.DBConnectionFactoryImpl] from the namespace :com.topcoder.management.scorecard.persistence.InformixScorecardPersistence
read property ConnectionName[informix_connection] from the namespace :com.topcoder.management.scorecard.persistence.InformixScorecardPersistence
Instantiate SqlUploadPersistence with connectionFactory and connectioName:informix_connection
Instantiate PersistenceUploadManager with UploadPersistence, uploadSearchBundle, submissionSearchBundle, uploadIdGenerator, uploadTypeIdGenerator, uploadStatusIdGenerator, submissionIDGenerator, submissionStatusIdGenerator and submissionTypeIdGenerator.
Instantiate AbstractResourcePersistence with connectionFactory and connectionName[informix_connection].
load Resource role with ids:[J@173e12e,[J@173e12e,[J@173e12e,[J@173e12e,[J@173e12e,[J@173e12e,[J@173e12e,[J@173e12e,[J@173e12e,[J@173e12e,[J@173e12e,[J@173e12e,[J@173e12e,[J@173e12e,[J@173e12e,[J@173e12e,[J@173e12e,[J@173e12e,[J@173e12e,[J@173e12e,[J@173e12e,[J@173e12e
operator: UnknownresourceId: Unknown - creating db connection using connection name: informix_connection
committing transaction
load Resource with ids:[J@8aadef
operator: UnknownresourceId: Unknown - creating db connection using connection name: informix_connection
load ResourceRole with id:10
operator: UnknownresourceId: Unknown - creating db connection using connection name: informix_connection
committing transaction
committing transaction
load Resource with ids:[J@11427db
operator: UnknownresourceId: Unknown - creating db connection using connection name: informix_connection
load ResourceRole with id:10
operator: UnknownresourceId: Unknown - creating db connection using connection name: informix_connection
committing transaction
committing transaction
load Resource with ids:[J@5fc1cb
operator: UnknownresourceId: Unknown - creating db connection using connection name: informix_connection
load ResourceRole with id:10
operator: UnknownresourceId: Unknown - creating db connection using connection name: informix_connection
committing transaction
committing transaction
load Notifications with array of userIds/projectIds/notificationTypes.
operator: UnknownresourceId: Unknown - creating db connection using connection name: informix_connection
committing transaction
get projects with the ids: 1
operator: UnknownprojectId: Unknown - creating db connection using connection name: informix_connection
committing transaction
load Resource role with ids:[J@134caf,[J@134caf,[J@134caf,[J@134caf,[J@134caf,[J@134caf,[J@134caf,[J@134caf,[J@134caf,[J@134caf,[J@134caf,[J@134caf,[J@134caf,[J@134caf,[J@134caf,[J@134caf,[J@134caf,[J@134caf,[J@134caf,[J@134caf,[J@134caf,[J@134caf
operator: UnknownresourceId: Unknown - creating db connection using connection name: informix_connection
committing transaction
load Resource with ids:[J@79c232
operator: UnknownresourceId: Unknown - creating db connection using connection name: informix_connection
load ResourceRole with id:4
operator: UnknownresourceId: Unknown - creating db connection using connection name: informix_connection
committing transaction
committing transaction
load Resource with ids:[J@1a94ed4
operator: UnknownresourceId: Unknown - creating db connection using connection name: informix_connection
load ResourceRole with id:12
operator: UnknownresourceId: Unknown - creating db connection using connection name: informix_connection
committing transaction
committing transaction
load Resource with ids:[J@89c626
operator: UnknownresourceId: Unknown - creating db connection using connection name: informix_connection
load ResourceRole with id:13
operator: UnknownresourceId: Unknown - creating db connection using connection name: informix_connection
committing transaction
committing transaction
load Resource with ids:[J@11eb1d4,[J@11eb1d4
operator: UnknownresourceId: Unknown - creating db connection using connection name: informix_connection
load ResourceRole with id:9
operator: UnknownresourceId: Unknown - creating db connection using connection name: informix_connection
committing transaction
load ResourceRole with id:9
operator: UnknownresourceId: Unknown - creating db connection using connection name: informix_connection
committing transaction
committing transaction
load Resource with ids:[J@7c1c14
operator: UnknownresourceId: Unknown - creating db connection using connection name: informix_connection
load ResourceRole with id:10
operator: UnknownresourceId: Unknown - creating db connection using connection name: informix_connection
committing transaction
committing transaction
operator: UnknownresourceId: 100001 - load resource.
operator: UnknownresourceId: Unknown - creating db connection using connection name: informix_connection
load ResourceRole with id:4
operator: UnknownresourceId: Unknown - creating db connection using connection name: informix_connection
committing transaction
committing transaction
operator: UnknownresourceId: 100002 - load resource.
operator: UnknownresourceId: Unknown - creating db connection using connection name: informix_connection
load ResourceRole with id:12
operator: UnknownresourceId: Unknown - creating db connection using connection name: informix_connection
committing transaction
committing transaction
Read propery[ConnectionFactoryNS] which is  required  with value[com.topcoder.db.connectionfactory.DBConnectionFactoryImpl] from namespace [com.topcoder.management.project.persistence.InformixProjectPersistence].
Read propery[ConnectionName] which is  optional  with value[informix_connection] from namespace [com.topcoder.management.project.persistence.InformixProjectPersistence].
Read propery[ProjectIdSequenceName] which is  optional  with value[project_id_seq] from namespace [com.topcoder.management.project.persistence.InformixProjectPersistence].
Read propery[ProjectAuditIdSequenceName] which is  optional  with value[project_audit_id_seq] from namespace [com.topcoder.management.project.persistence.InformixProjectPersistence].
Read propery[ConnectionFactoryNS] which is  required  with value[com.topcoder.db.connectionfactory.DBConnectionFactoryImpl] from namespace [com.topcoder.management.project.persistence.link.ProjectLinkManagerImpl].
Read propery[ConnectionName] which is  optional  with value[informix_connection] from namespace [com.topcoder.management.project.persistence.link.ProjectLinkManagerImpl].
read property ConnectionFactoryNS[com.topcoder.db.connectionfactory.DBConnectionFactoryImpl] from the namespace :com.topcoder.management.scorecard.persistence.InformixScorecardPersistence
read property ConnectionName[informix_connection] from the namespace :com.topcoder.management.scorecard.persistence.InformixScorecardPersistence
Instantiate SqlUploadPersistence with connectionFactory and connectioName:informix_connection
Instantiate PersistenceUploadManager with UploadPersistence, uploadSearchBundle, submissionSearchBundle, uploadIdGenerator, uploadTypeIdGenerator, uploadStatusIdGenerator, submissionIDGenerator, submissionStatusIdGenerator and submissionTypeIdGenerator.
Instantiate AbstractResourcePersistence with connectionFactory and connectionName[informix_connection].
load Resource role with ids:[J@12050ea,[J@12050ea,[J@12050ea,[J@12050ea,[J@12050ea,[J@12050ea,[J@12050ea,[J@12050ea,[J@12050ea,[J@12050ea,[J@12050ea,[J@12050ea,[J@12050ea,[J@12050ea,[J@12050ea,[J@12050ea,[J@12050ea,[J@12050ea,[J@12050ea,[J@12050ea,[J@12050ea,[J@12050ea
operator: UnknownresourceId: Unknown - creating db connection using connection name: informix_connection
committing transaction
load Notifications with array of userIds/projectIds/notificationTypes.
operator: UnknownresourceId: Unknown - creating db connection using connection name: informix_connection
committing transaction
get projects with the ids: 1
operator: UnknownprojectId: Unknown - creating db connection using connection name: informix_connection
committing transaction
load Resource role with ids:[J@8d542b,[J@8d542b,[J@8d542b,[J@8d542b,[J@8d542b,[J@8d542b,[J@8d542b,[J@8d542b,[J@8d542b,[J@8d542b,[J@8d542b,[J@8d542b,[J@8d542b,[J@8d542b,[J@8d542b,[J@8d542b,[J@8d542b,[J@8d542b,[J@8d542b,[J@8d542b,[J@8d542b,[J@8d542b
operator: UnknownresourceId: Unknown - creating db connection using connection name: informix_connection
committing transaction
load Resource with ids:[J@1acef44
operator: UnknownresourceId: Unknown - creating db connection using connection name: informix_connection
load ResourceRole with id:4
operator: UnknownresourceId: Unknown - creating db connection using connection name: informix_connection
committing transaction
committing transaction
load Resource with ids:[J@1c9b01d
operator: UnknownresourceId: Unknown - creating db connection using connection name: informix_connection
load ResourceRole with id:12
operator: UnknownresourceId: Unknown - creating db connection using connection name: informix_connection
committing transaction
committing transaction
load Resource with ids:[J@72a24f
operator: UnknownresourceId: Unknown - creating db connection using connection name: informix_connection
load ResourceRole with id:13
operator: UnknownresourceId: Unknown - creating db connection using connection name: informix_connection
committing transaction
committing transaction
load Resource with ids:[J@b2916d
operator: UnknownresourceId: Unknown - creating db connection using connection name: informix_connection
load ResourceRole with id:9
operator: UnknownresourceId: Unknown - creating db connection using connection name: informix_connection
committing transaction
committing transaction
operator: UnknownresourceId: 100001 - load resource.
operator: UnknownresourceId: Unknown - creating db connection using connection name: informix_connection
load ResourceRole with id:4
operator: UnknownresourceId: Unknown - creating db connection using connection name: informix_connection
committing transaction
committing transaction
operator: UnknownresourceId: 100002 - load resource.
operator: UnknownresourceId: Unknown - creating db connection using connection name: informix_connection
load ResourceRole with id:12
operator: UnknownresourceId: Unknown - creating db connection using connection name: informix_connection
committing transaction
committing transaction
Read propery[ConnectionFactoryNS] which is  required  with value[com.topcoder.db.connectionfactory.DBConnectionFactoryImpl] from namespace [com.topcoder.management.project.persistence.InformixProjectPersistence].
Read propery[ConnectionName] which is  optional  with value[informix_connection] from namespace [com.topcoder.management.project.persistence.InformixProjectPersistence].
Read propery[ProjectIdSequenceName] which is  optional  with value[project_id_seq] from namespace [com.topcoder.management.project.persistence.InformixProjectPersistence].
Read propery[ProjectAuditIdSequenceName] which is  optional  with value[project_audit_id_seq] from namespace [com.topcoder.management.project.persistence.InformixProjectPersistence].
Read propery[ConnectionFactoryNS] which is  required  with value[com.topcoder.db.connectionfactory.DBConnectionFactoryImpl] from namespace [com.topcoder.management.project.persistence.link.ProjectLinkManagerImpl].
Read propery[ConnectionName] which is  optional  with value[informix_connection] from namespace [com.topcoder.management.project.persistence.link.ProjectLinkManagerImpl].
read property ConnectionFactoryNS[com.topcoder.db.connectionfactory.DBConnectionFactoryImpl] from the namespace :com.topcoder.management.scorecard.persistence.InformixScorecardPersistence
read property ConnectionName[informix_connection] from the namespace :com.topcoder.management.scorecard.persistence.InformixScorecardPersistence
Instantiate SqlUploadPersistence with connectionFactory and connectioName:informix_connection
Instantiate PersistenceUploadManager with UploadPersistence, uploadSearchBundle, submissionSearchBundle, uploadIdGenerator, uploadTypeIdGenerator, uploadStatusIdGenerator, submissionIDGenerator, submissionStatusIdGenerator and submissionTypeIdGenerator.
Instantiate AbstractResourcePersistence with connectionFactory and connectionName[informix_connection].
load Resource role with ids:[J@1c4d215,[J@1c4d215,[J@1c4d215,[J@1c4d215,[J@1c4d215,[J@1c4d215,[J@1c4d215,[J@1c4d215,[J@1c4d215,[J@1c4d215,[J@1c4d215,[J@1c4d215,[J@1c4d215,[J@1c4d215,[J@1c4d215,[J@1c4d215,[J@1c4d215,[J@1c4d215,[J@1c4d215,[J@1c4d215,[J@1c4d215,[J@1c4d215
operator: UnknownresourceId: Unknown - creating db connection using connection name: informix_connection
committing transaction
load Resource with ids:[J@134f473
operator: UnknownresourceId: Unknown - creating db connection using connection name: informix_connection
load ResourceRole with id:10
operator: UnknownresourceId: Unknown - creating db connection using connection name: informix_connection
committing transaction
committing transaction
load Notifications with array of userIds/projectIds/notificationTypes.
operator: UnknownresourceId: Unknown - creating db connection using connection name: informix_connection
committing transaction
get projects with the ids: 1
operator: UnknownprojectId: Unknown - creating db connection using connection name: informix_connection
committing transaction
load Resource role with ids:[J@1c7b5d1,[J@1c7b5d1,[J@1c7b5d1,[J@1c7b5d1,[J@1c7b5d1,[J@1c7b5d1,[J@1c7b5d1,[J@1c7b5d1,[J@1c7b5d1,[J@1c7b5d1,[J@1c7b5d1,[J@1c7b5d1,[J@1c7b5d1,[J@1c7b5d1,[J@1c7b5d1,[J@1c7b5d1,[J@1c7b5d1,[J@1c7b5d1,[J@1c7b5d1,[J@1c7b5d1,[J@1c7b5d1,[J@1c7b5d1
operator: UnknownresourceId: Unknown - creating db connection using connection name: informix_connection
committing transaction
load Resource with ids:[J@1cb469d
operator: UnknownresourceId: Unknown - creating db connection using connection name: informix_connection
load ResourceRole with id:4
operator: UnknownresourceId: Unknown - creating db connection using connection name: informix_connection
committing transaction
committing transaction
load Resource with ids:[J@c45e6
operator: UnknownresourceId: Unknown - creating db connection using connection name: informix_connection
load ResourceRole with id:12
operator: UnknownresourceId: Unknown - creating db connection using connection name: informix_connection
committing transaction
committing transaction
load Resource with ids:[J@12933cb
operator: UnknownresourceId: Unknown - creating db connection using connection name: informix_connection
load ResourceRole with id:13
operator: UnknownresourceId: Unknown - creating db connection using connection name: informix_connection
committing transaction
committing transaction
load Resource with ids:[J@36917e
operator: UnknownresourceId: Unknown - creating db connection using connection name: informix_connection
load ResourceRole with id:9
operator: UnknownresourceId: Unknown - creating db connection using connection name: informix_connection
committing transaction
committing transaction
load Resource with ids:[J@19c3821
operator: UnknownresourceId: Unknown - creating db connection using connection name: informix_connection
load ResourceRole with id:10
operator: UnknownresourceId: Unknown - creating db connection using connection name: informix_connection
committing transaction
committing transaction
operator: UnknownresourceId: 100001 - load resource.
operator: UnknownresourceId: Unknown - creating db connection using connection name: informix_connection
load ResourceRole with id:4
operator: UnknownresourceId: Unknown - creating db connection using connection name: informix_connection
committing transaction
committing transaction
operator: UnknownresourceId: 100002 - load resource.
operator: UnknownresourceId: Unknown - creating db connection using connection name: informix_connection
load ResourceRole with id:12
operator: UnknownresourceId: Unknown - creating db connection using connection name: informix_connection
committing transaction
committing transaction
Read propery[ConnectionFactoryNS] which is  required  with value[com.topcoder.db.connectionfactory.DBConnectionFactoryImpl] from namespace [com.topcoder.management.project.persistence.InformixProjectPersistence].
Read propery[ConnectionName] which is  optional  with value[informix_connection] from namespace [com.topcoder.management.project.persistence.InformixProjectPersistence].
Read propery[ProjectIdSequenceName] which is  optional  with value[project_id_seq] from namespace [com.topcoder.management.project.persistence.InformixProjectPersistence].
Read propery[ProjectAuditIdSequenceName] which is  optional  with value[project_audit_id_seq] from namespace [com.topcoder.management.project.persistence.InformixProjectPersistence].
Read propery[ConnectionFactoryNS] which is  required  with value[com.topcoder.db.connectionfactory.DBConnectionFactoryImpl] from namespace [com.topcoder.management.project.persistence.link.ProjectLinkManagerImpl].
Read propery[ConnectionName] which is  optional  with value[informix_connection] from namespace [com.topcoder.management.project.persistence.link.ProjectLinkManagerImpl].
read property ConnectionFactoryNS[com.topcoder.db.connectionfactory.DBConnectionFactoryImpl] from the namespace :com.topcoder.management.scorecard.persistence.InformixScorecardPersistence
read property ConnectionName[informix_connection] from the namespace :com.topcoder.management.scorecard.persistence.InformixScorecardPersistence
Instantiate SqlUploadPersistence with connectionFactory and connectioName:informix_connection
Instantiate PersistenceUploadManager with UploadPersistence, uploadSearchBundle, submissionSearchBundle, uploadIdGenerator, uploadTypeIdGenerator, uploadStatusIdGenerator, submissionIDGenerator, submissionStatusIdGenerator and submissionTypeIdGenerator.
Instantiate AbstractResourcePersistence with connectionFactory and connectionName[informix_connection].
load Resource role with ids:[J@ddf0c3,[J@ddf0c3,[J@ddf0c3,[J@ddf0c3,[J@ddf0c3,[J@ddf0c3,[J@ddf0c3,[J@ddf0c3,[J@ddf0c3,[J@ddf0c3,[J@ddf0c3,[J@ddf0c3,[J@ddf0c3,[J@ddf0c3,[J@ddf0c3,[J@ddf0c3,[J@ddf0c3,[J@ddf0c3,[J@ddf0c3,[J@ddf0c3,[J@ddf0c3,[J@ddf0c3
operator: UnknownresourceId: Unknown - creating db connection using connection name: informix_connection
committing transaction
load Resource with ids:[J@63bec6
operator: UnknownresourceId: Unknown - creating db connection using connection name: informix_connection
load ResourceRole with id:10
operator: UnknownresourceId: Unknown - creating db connection using connection name: informix_connection
committing transaction
committing transaction
load Resource with ids:[J@16903c0
operator: UnknownresourceId: Unknown - creating db connection using connection name: informix_connection
load ResourceRole with id:10
operator: UnknownresourceId: Unknown - creating db connection using connection name: informix_connection
committing transaction
committing transaction
load Resource with ids:[J@520542
operator: UnknownresourceId: Unknown - creating db connection using connection name: informix_connection
load ResourceRole with id:10
operator: UnknownresourceId: Unknown - creating db connection using connection name: informix_connection
committing transaction
committing transaction
get projects with the ids: 1
operator: UnknownprojectId: Unknown - creating db connection using connection name: informix_connection
committing transaction
operator: 1001projectId: 1 - updating project: {Requires Other Fixes=true, Project Name=Online Review Phases, Project Version=1.5}
operator: UnknownprojectId: Unknown - creating db connection using connection name: informix_connection
operator: 1001projectId: 1 - update project with projectId:1
operator: 1001projectId: 1 - update project, update project_info with projectId:1
operator: 1001projectId: 1 - insert record into project_info with project id1
operator: 1001projectId: 1 - generate new id for the project audit.
insert record into project_audit with projectId:1
operator: 1001projectId: 1 - execute sql:SELECT modify_date FROM project WHERE project_id=?
committing transaction
load Notifications with array of userIds/projectIds/notificationTypes.
operator: UnknownresourceId: Unknown - creating db connection using connection name: informix_connection
committing transaction
get projects with the ids: 1
operator: UnknownprojectId: Unknown - creating db connection using connection name: informix_connection
committing transaction
load Resource role with ids:[J@10d42fa,[J@10d42fa,[J@10d42fa,[J@10d42fa,[J@10d42fa,[J@10d42fa,[J@10d42fa,[J@10d42fa,[J@10d42fa,[J@10d42fa,[J@10d42fa,[J@10d42fa,[J@10d42fa,[J@10d42fa,[J@10d42fa,[J@10d42fa,[J@10d42fa,[J@10d42fa,[J@10d42fa,[J@10d42fa,[J@10d42fa,[J@10d42fa
operator: UnknownresourceId: Unknown - creating db connection using connection name: informix_connection
committing transaction
load Resource with ids:[J@7e794b
operator: UnknownresourceId: Unknown - creating db connection using connection name: informix_connection
load ResourceRole with id:4
operator: UnknownresourceId: Unknown - creating db connection using connection name: informix_connection
committing transaction
committing transaction
load Resource with ids:[J@f2cc2d
operator: UnknownresourceId: Unknown - creating db connection using connection name: informix_connection
load ResourceRole with id:12
operator: UnknownresourceId: Unknown - creating db connection using connection name: informix_connection
committing transaction
committing transaction
load Resource with ids:[J@bcdb74
operator: UnknownresourceId: Unknown - creating db connection using connection name: informix_connection
load ResourceRole with id:13
operator: UnknownresourceId: Unknown - creating db connection using connection name: informix_connection
committing transaction
committing transaction
load Resource with ids:[J@1efbf3c,[J@1efbf3c
operator: UnknownresourceId: Unknown - creating db connection using connection name: informix_connection
load ResourceRole with id:9
operator: UnknownresourceId: Unknown - creating db connection using connection name: informix_connection
committing transaction
load ResourceRole with id:9
operator: UnknownresourceId: Unknown - creating db connection using connection name: informix_connection
committing transaction
committing transaction
load Resource with ids:[J@19bcd53
operator: UnknownresourceId: Unknown - creating db connection using connection name: informix_connection
load ResourceRole with id:10
operator: UnknownresourceId: Unknown - creating db connection using connection name: informix_connection
committing transaction
committing transaction
operator: UnknownresourceId: 100001 - load resource.
operator: UnknownresourceId: Unknown - creating db connection using connection name: informix_connection
load ResourceRole with id:4
operator: UnknownresourceId: Unknown - creating db connection using connection name: informix_connection
committing transaction
committing transaction
operator: UnknownresourceId: 100002 - load resource.
operator: UnknownresourceId: Unknown - creating db connection using connection name: informix_connection
load ResourceRole with id:12
operator: UnknownresourceId: Unknown - creating db connection using connection name: informix_connection
committing transaction
committing transaction
Read propery[ConnectionFactoryNS] which is  required  with value[com.topcoder.db.connectionfactory.DBConnectionFactoryImpl] from namespace [com.topcoder.management.project.persistence.InformixProjectPersistence].
Read propery[ConnectionName] which is  optional  with value[informix_connection] from namespace [com.topcoder.management.project.persistence.InformixProjectPersistence].
Read propery[ProjectIdSequenceName] which is  optional  with value[project_id_seq] from namespace [com.topcoder.management.project.persistence.InformixProjectPersistence].
Read propery[ProjectAuditIdSequenceName] which is  optional  with value[project_audit_id_seq] from namespace [com.topcoder.management.project.persistence.InformixProjectPersistence].
Read propery[ConnectionFactoryNS] which is  required  with value[com.topcoder.db.connectionfactory.DBConnectionFactoryImpl] from namespace [com.topcoder.management.project.persistence.link.ProjectLinkManagerImpl].
Read propery[ConnectionName] which is  optional  with value[informix_connection] from namespace [com.topcoder.management.project.persistence.link.ProjectLinkManagerImpl].
read property ConnectionFactoryNS[com.topcoder.db.connectionfactory.DBConnectionFactoryImpl] from the namespace :com.topcoder.management.scorecard.persistence.InformixScorecardPersistence
read property ConnectionName[informix_connection] from the namespace :com.topcoder.management.scorecard.persistence.InformixScorecardPersistence
Instantiate SqlUploadPersistence with connectionFactory and connectioName:informix_connection
Instantiate PersistenceUploadManager with UploadPersistence, uploadSearchBundle, submissionSearchBundle, uploadIdGenerator, uploadTypeIdGenerator, uploadStatusIdGenerator, submissionIDGenerator, submissionStatusIdGenerator and submissionTypeIdGenerator.
Instantiate AbstractResourcePersistence with connectionFactory and connectionName[informix_connection].
load Resource role with ids:[J@ef1c72,[J@ef1c72,[J@ef1c72,[J@ef1c72,[J@ef1c72,[J@ef1c72,[J@ef1c72,[J@ef1c72,[J@ef1c72,[J@ef1c72,[J@ef1c72,[J@ef1c72,[J@ef1c72,[J@ef1c72,[J@ef1c72,[J@ef1c72,[J@ef1c72,[J@ef1c72,[J@ef1c72,[J@ef1c72,[J@ef1c72,[J@ef1c72
operator: UnknownresourceId: Unknown - creating db connection using connection name: informix_connection
committing transaction
Read propery[ConnectionFactoryNS] which is  required  with value[com.topcoder.db.connectionfactory.DBConnectionFactoryImpl] from namespace [com.topcoder.management.project.persistence.InformixProjectPersistence].
Read propery[ConnectionName] which is  optional  with value[informix_connection] from namespace [com.topcoder.management.project.persistence.InformixProjectPersistence].
Read propery[ProjectIdSequenceName] which is  optional  with value[project_id_seq] from namespace [com.topcoder.management.project.persistence.InformixProjectPersistence].
Read propery[ProjectAuditIdSequenceName] which is  optional  with value[project_audit_id_seq] from namespace [com.topcoder.management.project.persistence.InformixProjectPersistence].
Read propery[ConnectionFactoryNS] which is  required  with value[com.topcoder.db.connectionfactory.DBConnectionFactoryImpl] from namespace [com.topcoder.management.project.persistence.link.ProjectLinkManagerImpl].
Read propery[ConnectionName] which is  optional  with value[informix_connection] from namespace [com.topcoder.management.project.persistence.link.ProjectLinkManagerImpl].
read property ConnectionFactoryNS[com.topcoder.db.connectionfactory.DBConnectionFactoryImpl] from the namespace :com.topcoder.management.scorecard.persistence.InformixScorecardPersistence
read property ConnectionName[informix_connection] from the namespace :com.topcoder.management.scorecard.persistence.InformixScorecardPersistence
Instantiate SqlUploadPersistence with connectionFactory and connectioName:informix_connection
Instantiate PersistenceUploadManager with UploadPersistence, uploadSearchBundle, submissionSearchBundle, uploadIdGenerator, uploadTypeIdGenerator, uploadStatusIdGenerator, submissionIDGenerator, submissionStatusIdGenerator and submissionTypeIdGenerator.
Instantiate AbstractResourcePersistence with connectionFactory and connectionName[informix_connection].
load Resource role with ids:[J@c84d9d,[J@c84d9d,[J@c84d9d,[J@c84d9d,[J@c84d9d,[J@c84d9d,[J@c84d9d,[J@c84d9d,[J@c84d9d,[J@c84d9d,[J@c84d9d,[J@c84d9d,[J@c84d9d,[J@c84d9d,[J@c84d9d,[J@c84d9d,[J@c84d9d,[J@c84d9d,[J@c84d9d,[J@c84d9d,[J@c84d9d,[J@c84d9d
operator: UnknownresourceId: Unknown - creating db connection using connection name: informix_connection
committing transaction
Read propery[ConnectionFactoryNS] which is  required  with value[com.topcoder.db.connectionfactory.DBConnectionFactoryImpl] from namespace [com.topcoder.management.project.persistence.InformixProjectPersistence].
Read propery[ConnectionName] which is  optional  with value[informix_connection] from namespace [com.topcoder.management.project.persistence.InformixProjectPersistence].
Read propery[ProjectIdSequenceName] which is  optional  with value[project_id_seq] from namespace [com.topcoder.management.project.persistence.InformixProjectPersistence].
Read propery[ProjectAuditIdSequenceName] which is  optional  with value[project_audit_id_seq] from namespace [com.topcoder.management.project.persistence.InformixProjectPersistence].
Read propery[ConnectionFactoryNS] which is  required  with value[com.topcoder.db.connectionfactory.DBConnectionFactoryImpl] from namespace [com.topcoder.management.project.persistence.link.ProjectLinkManagerImpl].
Read propery[ConnectionName] which is  optional  with value[informix_connection] from namespace [com.topcoder.management.project.persistence.link.ProjectLinkManagerImpl].
read property ConnectionFactoryNS[com.topcoder.db.connectionfactory.DBConnectionFactoryImpl] from the namespace :com.topcoder.management.scorecard.persistence.InformixScorecardPersistence
read property ConnectionName[informix_connection] from the namespace :com.topcoder.management.scorecard.persistence.InformixScorecardPersistence
Instantiate SqlUploadPersistence with connectionFactory and connectioName:informix_connection
Instantiate PersistenceUploadManager with UploadPersistence, uploadSearchBundle, submissionSearchBundle, uploadIdGenerator, uploadTypeIdGenerator, uploadStatusIdGenerator, submissionIDGenerator, submissionStatusIdGenerator and submissionTypeIdGenerator.
Instantiate AbstractResourcePersistence with connectionFactory and connectionName[informix_connection].
load Resource role with ids:[J@193802f,[J@193802f,[J@193802f,[J@193802f,[J@193802f,[J@193802f,[J@193802f,[J@193802f,[J@193802f,[J@193802f,[J@193802f,[J@193802f,[J@193802f,[J@193802f,[J@193802f,[J@193802f,[J@193802f,[J@193802f,[J@193802f,[J@193802f,[J@193802f,[J@193802f
operator: UnknownresourceId: Unknown - creating db connection using connection name: informix_connection
committing transaction
Read propery[ConnectionFactoryNS] which is  required  with value[com.topcoder.db.connectionfactory.DBConnectionFactoryImpl] from namespace [com.topcoder.management.project.persistence.InformixProjectPersistence].
Read propery[ConnectionName] which is  optional  with value[informix_connection] from namespace [com.topcoder.management.project.persistence.InformixProjectPersistence].
Read propery[ProjectIdSequenceName] which is  optional  with value[project_id_seq] from namespace [com.topcoder.management.project.persistence.InformixProjectPersistence].
Read propery[ProjectAuditIdSequenceName] which is  optional  with value[project_audit_id_seq] from namespace [com.topcoder.management.project.persistence.InformixProjectPersistence].
Read propery[ConnectionFactoryNS] which is  required  with value[com.topcoder.db.connectionfactory.DBConnectionFactoryImpl] from namespace [com.topcoder.management.project.persistence.link.ProjectLinkManagerImpl].
Read propery[ConnectionName] which is  optional  with value[informix_connection] from namespace [com.topcoder.management.project.persistence.link.ProjectLinkManagerImpl].
read property ConnectionFactoryNS[com.topcoder.db.connectionfactory.DBConnectionFactoryImpl] from the namespace :com.topcoder.management.scorecard.persistence.InformixScorecardPersistence
read property ConnectionName[informix_connection] from the namespace :com.topcoder.management.scorecard.persistence.InformixScorecardPersistence
Instantiate SqlUploadPersistence with connectionFactory and connectioName:informix_connection
Instantiate PersistenceUploadManager with UploadPersistence, uploadSearchBundle, submissionSearchBundle, uploadIdGenerator, uploadTypeIdGenerator, uploadStatusIdGenerator, submissionIDGenerator, submissionStatusIdGenerator and submissionTypeIdGenerator.
Instantiate AbstractResourcePersistence with connectionFactory and connectionName[informix_connection].
load Resource role with ids:[J@17b463f,[J@17b463f,[J@17b463f,[J@17b463f,[J@17b463f,[J@17b463f,[J@17b463f,[J@17b463f,[J@17b463f,[J@17b463f,[J@17b463f,[J@17b463f,[J@17b463f,[J@17b463f,[J@17b463f,[J@17b463f,[J@17b463f,[J@17b463f,[J@17b463f,[J@17b463f,[J@17b463f,[J@17b463f
operator: UnknownresourceId: Unknown - creating db connection using connection name: informix_connection
committing transaction
Read propery[ConnectionFactoryNS] which is  required  with value[com.topcoder.db.connectionfactory.DBConnectionFactoryImpl] from namespace [com.topcoder.management.project.persistence.InformixProjectPersistence].
Read propery[ConnectionName] which is  optional  with value[informix_connection] from namespace [com.topcoder.management.project.persistence.InformixProjectPersistence].
Read propery[ProjectIdSequenceName] which is  optional  with value[project_id_seq] from namespace [com.topcoder.management.project.persistence.InformixProjectPersistence].
Read propery[ProjectAuditIdSequenceName] which is  optional  with value[project_audit_id_seq] from namespace [com.topcoder.management.project.persistence.InformixProjectPersistence].
Read propery[ConnectionFactoryNS] which is  required  with value[com.topcoder.db.connectionfactory.DBConnectionFactoryImpl] from namespace [com.topcoder.management.project.persistence.link.ProjectLinkManagerImpl].
Read propery[ConnectionName] which is  optional  with value[informix_connection] from namespace [com.topcoder.management.project.persistence.link.ProjectLinkManagerImpl].
read property ConnectionFactoryNS[com.topcoder.db.connectionfactory.DBConnectionFactoryImpl] from the namespace :com.topcoder.management.scorecard.persistence.InformixScorecardPersistence
read property ConnectionName[informix_connection] from the namespace :com.topcoder.management.scorecard.persistence.InformixScorecardPersistence
Instantiate SqlUploadPersistence with connectionFactory and connectioName:informix_connection
Instantiate PersistenceUploadManager with UploadPersistence, uploadSearchBundle, submissionSearchBundle, uploadIdGenerator, uploadTypeIdGenerator, uploadStatusIdGenerator, submissionIDGenerator, submissionStatusIdGenerator and submissionTypeIdGenerator.
Instantiate AbstractResourcePersistence with connectionFactory and connectionName[informix_connection].
load Resource role with ids:[J@155b707,[J@155b707,[J@155b707,[J@155b707,[J@155b707,[J@155b707,[J@155b707,[J@155b707,[J@155b707,[J@155b707,[J@155b707,[J@155b707,[J@155b707,[J@155b707,[J@155b707,[J@155b707,[J@155b707,[J@155b707,[J@155b707,[J@155b707,[J@155b707,[J@155b707
operator: UnknownresourceId: Unknown - creating db connection using connection name: informix_connection
committing transaction
Read propery[ConnectionFactoryNS] which is  required  with value[com.topcoder.db.connectionfactory.DBConnectionFactoryImpl] from namespace [com.topcoder.management.project.persistence.InformixProjectPersistence].
Read propery[ConnectionName] which is  optional  with value[informix_connection] from namespace [com.topcoder.management.project.persistence.InformixProjectPersistence].
Read propery[ProjectIdSequenceName] which is  optional  with value[project_id_seq] from namespace [com.topcoder.management.project.persistence.InformixProjectPersistence].
Read propery[ProjectAuditIdSequenceName] which is  optional  with value[project_audit_id_seq] from namespace [com.topcoder.management.project.persistence.InformixProjectPersistence].
Read propery[ConnectionFactoryNS] which is  required  with value[com.topcoder.db.connectionfactory.DBConnectionFactoryImpl] from namespace [com.topcoder.management.project.persistence.link.ProjectLinkManagerImpl].
Read propery[ConnectionName] which is  optional  with value[informix_connection] from namespace [com.topcoder.management.project.persistence.link.ProjectLinkManagerImpl].
read property ConnectionFactoryNS[com.topcoder.db.connectionfactory.DBConnectionFactoryImpl] from the namespace :com.topcoder.management.scorecard.persistence.InformixScorecardPersistence
read property ConnectionName[informix_connection] from the namespace :com.topcoder.management.scorecard.persistence.InformixScorecardPersistence
Instantiate SqlUploadPersistence with connectionFactory and connectioName:informix_connection
Instantiate PersistenceUploadManager with UploadPersistence, uploadSearchBundle, submissionSearchBundle, uploadIdGenerator, uploadTypeIdGenerator, uploadStatusIdGenerator, submissionIDGenerator, submissionStatusIdGenerator and submissionTypeIdGenerator.
Instantiate AbstractResourcePersistence with connectionFactory and connectionName[informix_connection].
load Resource role with ids:[J@182dd60,[J@182dd60,[J@182dd60,[J@182dd60,[J@182dd60,[J@182dd60,[J@182dd60,[J@182dd60,[J@182dd60,[J@182dd60,[J@182dd60,[J@182dd60,[J@182dd60,[J@182dd60,[J@182dd60,[J@182dd60,[J@182dd60,[J@182dd60,[J@182dd60,[J@182dd60,[J@182dd60,[J@182dd60
operator: UnknownresourceId: Unknown - creating db connection using connection name: informix_connection
committing transaction
Read propery[ConnectionFactoryNS] which is  required  with value[com.topcoder.db.connectionfactory.DBConnectionFactoryImpl] from namespace [com.topcoder.management.project.persistence.InformixProjectPersistence].
Read propery[ConnectionName] which is  optional  with value[informix_connection] from namespace [com.topcoder.management.project.persistence.InformixProjectPersistence].
Read propery[ProjectIdSequenceName] which is  optional  with value[project_id_seq] from namespace [com.topcoder.management.project.persistence.InformixProjectPersistence].
Read propery[ProjectAuditIdSequenceName] which is  optional  with value[project_audit_id_seq] from namespace [com.topcoder.management.project.persistence.InformixProjectPersistence].
Read propery[ConnectionFactoryNS] which is  required  with value[com.topcoder.db.connectionfactory.DBConnectionFactoryImpl] from namespace [com.topcoder.management.project.persistence.link.ProjectLinkManagerImpl].
Read propery[ConnectionName] which is  optional  with value[informix_connection] from namespace [com.topcoder.management.project.persistence.link.ProjectLinkManagerImpl].
read property ConnectionFactoryNS[com.topcoder.db.connectionfactory.DBConnectionFactoryImpl] from the namespace :com.topcoder.management.scorecard.persistence.InformixScorecardPersistence
read property ConnectionName[informix_connection] from the namespace :com.topcoder.management.scorecard.persistence.InformixScorecardPersistence
Instantiate SqlUploadPersistence with connectionFactory and connectioName:informix_connection
Instantiate PersistenceUploadManager with UploadPersistence, uploadSearchBundle, submissionSearchBundle, uploadIdGenerator, uploadTypeIdGenerator, uploadStatusIdGenerator, submissionIDGenerator, submissionStatusIdGenerator and submissionTypeIdGenerator.
Instantiate AbstractResourcePersistence with connectionFactory and connectionName[informix_connection].
load Resource role with ids:[J@1224d90,[J@1224d90,[J@1224d90,[J@1224d90,[J@1224d90,[J@1224d90,[J@1224d90,[J@1224d90,[J@1224d90,[J@1224d90,[J@1224d90,[J@1224d90,[J@1224d90,[J@1224d90,[J@1224d90,[J@1224d90,[J@1224d90,[J@1224d90,[J@1224d90,[J@1224d90,[J@1224d90,[J@1224d90
operator: UnknownresourceId: Unknown - creating db connection using connection name: informix_connection
committing transaction
Read propery[ConnectionFactoryNS] which is  required  with value[com.topcoder.db.connectionfactory.DBConnectionFactoryImpl] from namespace [com.topcoder.management.project.persistence.InformixProjectPersistence].
Read propery[ConnectionName] which is  optional  with value[informix_connection] from namespace [com.topcoder.management.project.persistence.InformixProjectPersistence].
Read propery[ProjectIdSequenceName] which is  optional  with value[project_id_seq] from namespace [com.topcoder.management.project.persistence.InformixProjectPersistence].
Read propery[ProjectAuditIdSequenceName] which is  optional  with value[project_audit_id_seq] from namespace [com.topcoder.management.project.persistence.InformixProjectPersistence].
Read propery[ConnectionFactoryNS] which is  required  with value[com.topcoder.db.connectionfactory.DBConnectionFactoryImpl] from namespace [com.topcoder.management.project.persistence.link.ProjectLinkManagerImpl].
Read propery[ConnectionName] which is  optional  with value[informix_connection] from namespace [com.topcoder.management.project.persistence.link.ProjectLinkManagerImpl].
read property ConnectionFactoryNS[com.topcoder.db.connectionfactory.DBConnectionFactoryImpl] from the namespace :com.topcoder.management.scorecard.persistence.InformixScorecardPersistence
read property ConnectionName[informix_connection] from the namespace :com.topcoder.management.scorecard.persistence.InformixScorecardPersistence
Instantiate SqlUploadPersistence with connectionFactory and connectioName:informix_connection
Instantiate PersistenceUploadManager with UploadPersistence, uploadSearchBundle, submissionSearchBundle, uploadIdGenerator, uploadTypeIdGenerator, uploadStatusIdGenerator, submissionIDGenerator, submissionStatusIdGenerator and submissionTypeIdGenerator.
Instantiate AbstractResourcePersistence with connectionFactory and connectionName[informix_connection].
load Resource role with ids:[J@1af51b4,[J@1af51b4,[J@1af51b4,[J@1af51b4,[J@1af51b4,[J@1af51b4,[J@1af51b4,[J@1af51b4,[J@1af51b4,[J@1af51b4,[J@1af51b4,[J@1af51b4,[J@1af51b4,[J@1af51b4,[J@1af51b4,[J@1af51b4,[J@1af51b4,[J@1af51b4,[J@1af51b4,[J@1af51b4,[J@1af51b4,[J@1af51b4
operator: UnknownresourceId: Unknown - creating db connection using connection name: informix_connection
committing transaction
Read propery[ConnectionFactoryNS] which is  required  with value[com.topcoder.db.connectionfactory.DBConnectionFactoryImpl] from namespace [com.topcoder.management.project.persistence.InformixProjectPersistence].
Read propery[ConnectionName] which is  optional  with value[informix_connection] from namespace [com.topcoder.management.project.persistence.InformixProjectPersistence].
Read propery[ProjectIdSequenceName] which is  optional  with value[project_id_seq] from namespace [com.topcoder.management.project.persistence.InformixProjectPersistence].
Read propery[ProjectAuditIdSequenceName] which is  optional  with value[project_audit_id_seq] from namespace [com.topcoder.management.project.persistence.InformixProjectPersistence].
Read propery[ConnectionFactoryNS] which is  required  with value[com.topcoder.db.connectionfactory.DBConnectionFactoryImpl] from namespace [com.topcoder.management.project.persistence.link.ProjectLinkManagerImpl].
Read propery[ConnectionName] which is  optional  with value[informix_connection] from namespace [com.topcoder.management.project.persistence.link.ProjectLinkManagerImpl].
read property ConnectionFactoryNS[com.topcoder.db.connectionfactory.DBConnectionFactoryImpl] from the namespace :com.topcoder.management.scorecard.persistence.InformixScorecardPersistence
read property ConnectionName[informix_connection] from the namespace :com.topcoder.management.scorecard.persistence.InformixScorecardPersistence
Instantiate SqlUploadPersistence with connectionFactory and connectioName:informix_connection
Instantiate PersistenceUploadManager with UploadPersistence, uploadSearchBundle, submissionSearchBundle, uploadIdGenerator, uploadTypeIdGenerator, uploadStatusIdGenerator, submissionIDGenerator, submissionStatusIdGenerator and submissionTypeIdGenerator.
Instantiate AbstractResourcePersistence with connectionFactory and connectionName[informix_connection].
load Resource role with ids:[J@4fb2c0,[J@4fb2c0,[J@4fb2c0,[J@4fb2c0,[J@4fb2c0,[J@4fb2c0,[J@4fb2c0,[J@4fb2c0,[J@4fb2c0,[J@4fb2c0,[J@4fb2c0,[J@4fb2c0,[J@4fb2c0,[J@4fb2c0,[J@4fb2c0,[J@4fb2c0,[J@4fb2c0,[J@4fb2c0,[J@4fb2c0,[J@4fb2c0,[J@4fb2c0,[J@4fb2c0
operator: UnknownresourceId: Unknown - creating db connection using connection name: informix_connection
committing transaction
Read propery[ConnectionFactoryNS] which is  required  with value[com.topcoder.db.connectionfactory.DBConnectionFactoryImpl] from namespace [com.topcoder.management.project.persistence.InformixProjectPersistence].
Read propery[ConnectionName] which is  optional  with value[informix_connection] from namespace [com.topcoder.management.project.persistence.InformixProjectPersistence].
Read propery[ProjectIdSequenceName] which is  optional  with value[project_id_seq] from namespace [com.topcoder.management.project.persistence.InformixProjectPersistence].
Read propery[ProjectAuditIdSequenceName] which is  optional  with value[project_audit_id_seq] from namespace [com.topcoder.management.project.persistence.InformixProjectPersistence].
Read propery[ConnectionFactoryNS] which is  required  with value[com.topcoder.db.connectionfactory.DBConnectionFactoryImpl] from namespace [com.topcoder.management.project.persistence.link.ProjectLinkManagerImpl].
Read propery[ConnectionName] which is  optional  with value[informix_connection] from namespace [com.topcoder.management.project.persistence.link.ProjectLinkManagerImpl].
read property ConnectionFactoryNS[com.topcoder.db.connectionfactory.DBConnectionFactoryImpl] from the namespace :com.topcoder.management.scorecard.persistence.InformixScorecardPersistence
read property ConnectionName[informix_connection] from the namespace :com.topcoder.management.scorecard.persistence.InformixScorecardPersistence
Instantiate SqlUploadPersistence with connectionFactory and connectioName:informix_connection
Instantiate PersistenceUploadManager with UploadPersistence, uploadSearchBundle, submissionSearchBundle, uploadIdGenerator, uploadTypeIdGenerator, uploadStatusIdGenerator, submissionIDGenerator, submissionStatusIdGenerator and submissionTypeIdGenerator.
Instantiate AbstractResourcePersistence with connectionFactory and connectionName[informix_connection].
load Resource role with ids:[J@16f8b22,[J@16f8b22,[J@16f8b22,[J@16f8b22,[J@16f8b22,[J@16f8b22,[J@16f8b22,[J@16f8b22,[J@16f8b22,[J@16f8b22,[J@16f8b22,[J@16f8b22,[J@16f8b22,[J@16f8b22,[J@16f8b22,[J@16f8b22,[J@16f8b22,[J@16f8b22,[J@16f8b22,[J@16f8b22,[J@16f8b22,[J@16f8b22
operator: UnknownresourceId: Unknown - creating db connection using connection name: informix_connection
committing transaction
load Notifications with array of userIds/projectIds/notificationTypes.
operator: UnknownresourceId: Unknown - creating db connection using connection name: informix_connection
committing transaction
get projects with the ids: 1
operator: UnknownprojectId: Unknown - creating db connection using connection name: informix_connection
committing transaction
load Resource role with ids:[J@1b33680,[J@1b33680,[J@1b33680,[J@1b33680,[J@1b33680,[J@1b33680,[J@1b33680,[J@1b33680,[J@1b33680,[J@1b33680,[J@1b33680,[J@1b33680,[J@1b33680,[J@1b33680,[J@1b33680,[J@1b33680,[J@1b33680,[J@1b33680,[J@1b33680,[J@1b33680,[J@1b33680,[J@1b33680
operator: UnknownresourceId: Unknown - creating db connection using connection name: informix_connection
committing transaction
load Resource with ids:[J@c7f24f
operator: UnknownresourceId: Unknown - creating db connection using connection name: informix_connection
load ResourceRole with id:4
operator: UnknownresourceId: Unknown - creating db connection using connection name: informix_connection
committing transaction
committing transaction
load Resource with ids:[J@1f1dc96
operator: UnknownresourceId: Unknown - creating db connection using connection name: informix_connection
load ResourceRole with id:12
operator: UnknownresourceId: Unknown - creating db connection using connection name: informix_connection
committing transaction
committing transaction
load Resource with ids:[J@4c61c2
operator: UnknownresourceId: Unknown - creating db connection using connection name: informix_connection
load ResourceRole with id:13
operator: UnknownresourceId: Unknown - creating db connection using connection name: informix_connection
committing transaction
committing transaction
load Resource with ids:[J@1f3529
operator: UnknownresourceId: Unknown - creating db connection using connection name: informix_connection
load ResourceRole with id:9
operator: UnknownresourceId: Unknown - creating db connection using connection name: informix_connection
committing transaction
committing transaction
operator: UnknownresourceId: 100001 - load resource.
operator: UnknownresourceId: Unknown - creating db connection using connection name: informix_connection
load ResourceRole with id:4
operator: UnknownresourceId: Unknown - creating db connection using connection name: informix_connection
committing transaction
committing transaction
operator: UnknownresourceId: 100000 - load resource.
operator: UnknownresourceId: Unknown - creating db connection using connection name: informix_connection
load ResourceRole with id:13
operator: UnknownresourceId: Unknown - creating db connection using connection name: informix_connection
committing transaction
committing transaction
Read propery[ConnectionFactoryNS] which is  required  with value[com.topcoder.db.connectionfactory.DBConnectionFactoryImpl] from namespace [com.topcoder.management.project.persistence.InformixProjectPersistence].
Read propery[ConnectionName] which is  optional  with value[informix_connection] from namespace [com.topcoder.management.project.persistence.InformixProjectPersistence].
Read propery[ProjectIdSequenceName] which is  optional  with value[project_id_seq] from namespace [com.topcoder.management.project.persistence.InformixProjectPersistence].
Read propery[ProjectAuditIdSequenceName] which is  optional  with value[project_audit_id_seq] from namespace [com.topcoder.management.project.persistence.InformixProjectPersistence].
Read propery[ConnectionFactoryNS] which is  required  with value[com.topcoder.db.connectionfactory.DBConnectionFactoryImpl] from namespace [com.topcoder.management.project.persistence.link.ProjectLinkManagerImpl].
Read propery[ConnectionName] which is  optional  with value[informix_connection] from namespace [com.topcoder.management.project.persistence.link.ProjectLinkManagerImpl].
read property ConnectionFactoryNS[com.topcoder.db.connectionfactory.DBConnectionFactoryImpl] from the namespace :com.topcoder.management.scorecard.persistence.InformixScorecardPersistence
read property ConnectionName[informix_connection] from the namespace :com.topcoder.management.scorecard.persistence.InformixScorecardPersistence
Instantiate SqlUploadPersistence with connectionFactory and connectioName:informix_connection
Instantiate PersistenceUploadManager with UploadPersistence, uploadSearchBundle, submissionSearchBundle, uploadIdGenerator, uploadTypeIdGenerator, uploadStatusIdGenerator, submissionIDGenerator, submissionStatusIdGenerator and submissionTypeIdGenerator.
Instantiate AbstractResourcePersistence with connectionFactory and connectionName[informix_connection].
load Resource role with ids:[J@b36c7e,[J@b36c7e,[J@b36c7e,[J@b36c7e,[J@b36c7e,[J@b36c7e,[J@b36c7e,[J@b36c7e,[J@b36c7e,[J@b36c7e,[J@b36c7e,[J@b36c7e,[J@b36c7e,[J@b36c7e,[J@b36c7e,[J@b36c7e,[J@b36c7e,[J@b36c7e,[J@b36c7e,[J@b36c7e,[J@b36c7e,[J@b36c7e
operator: UnknownresourceId: Unknown - creating db connection using connection name: informix_connection
committing transaction
Read propery[ConnectionFactoryNS] which is  required  with value[com.topcoder.db.connectionfactory.DBConnectionFactoryImpl] from namespace [com.topcoder.management.project.persistence.InformixProjectPersistence].
Read propery[ConnectionName] which is  optional  with value[informix_connection] from namespace [com.topcoder.management.project.persistence.InformixProjectPersistence].
Read propery[ProjectIdSequenceName] which is  optional  with value[project_id_seq] from namespace [com.topcoder.management.project.persistence.InformixProjectPersistence].
Read propery[ProjectAuditIdSequenceName] which is  optional  with value[project_audit_id_seq] from namespace [com.topcoder.management.project.persistence.InformixProjectPersistence].
Read propery[ConnectionFactoryNS] which is  required  with value[com.topcoder.db.connectionfactory.DBConnectionFactoryImpl] from namespace [com.topcoder.management.project.persistence.link.ProjectLinkManagerImpl].
Read propery[ConnectionName] which is  optional  with value[informix_connection] from namespace [com.topcoder.management.project.persistence.link.ProjectLinkManagerImpl].
read property ConnectionFactoryNS[com.topcoder.db.connectionfactory.DBConnectionFactoryImpl] from the namespace :com.topcoder.management.scorecard.persistence.InformixScorecardPersistence
read property ConnectionName[informix_connection] from the namespace :com.topcoder.management.scorecard.persistence.InformixScorecardPersistence
Instantiate SqlUploadPersistence with connectionFactory and connectioName:informix_connection
Instantiate PersistenceUploadManager with UploadPersistence, uploadSearchBundle, submissionSearchBundle, uploadIdGenerator, uploadTypeIdGenerator, uploadStatusIdGenerator, submissionIDGenerator, submissionStatusIdGenerator and submissionTypeIdGenerator.
Instantiate AbstractResourcePersistence with connectionFactory and connectionName[informix_connection].
load Resource role with ids:[J@cead66,[J@cead66,[J@cead66,[J@cead66,[J@cead66,[J@cead66,[J@cead66,[J@cead66,[J@cead66,[J@cead66,[J@cead66,[J@cead66,[J@cead66,[J@cead66,[J@cead66,[J@cead66,[J@cead66,[J@cead66,[J@cead66,[J@cead66,[J@cead66,[J@cead66
operator: UnknownresourceId: Unknown - creating db connection using connection name: informix_connection
committing transaction
Read propery[ConnectionFactoryNS] which is  required  with value[com.topcoder.db.connectionfactory.DBConnectionFactoryImpl] from namespace [com.topcoder.management.project.persistence.InformixProjectPersistence].
Read propery[ConnectionName] which is  optional  with value[informix_connection] from namespace [com.topcoder.management.project.persistence.InformixProjectPersistence].
Read propery[ProjectIdSequenceName] which is  optional  with value[project_id_seq] from namespace [com.topcoder.management.project.persistence.InformixProjectPersistence].
Read propery[ProjectAuditIdSequenceName] which is  optional  with value[project_audit_id_seq] from namespace [com.topcoder.management.project.persistence.InformixProjectPersistence].
Read propery[ConnectionFactoryNS] which is  required  with value[com.topcoder.db.connectionfactory.DBConnectionFactoryImpl] from namespace [com.topcoder.management.project.persistence.link.ProjectLinkManagerImpl].
Read propery[ConnectionName] which is  optional  with value[informix_connection] from namespace [com.topcoder.management.project.persistence.link.ProjectLinkManagerImpl].
read property ConnectionFactoryNS[com.topcoder.db.connectionfactory.DBConnectionFactoryImpl] from the namespace :com.topcoder.management.scorecard.persistence.InformixScorecardPersistence
read property ConnectionName[informix_connection] from the namespace :com.topcoder.management.scorecard.persistence.InformixScorecardPersistence
Instantiate SqlUploadPersistence with connectionFactory and connectioName:informix_connection
Instantiate PersistenceUploadManager with UploadPersistence, uploadSearchBundle, submissionSearchBundle, uploadIdGenerator, uploadTypeIdGenerator, uploadStatusIdGenerator, submissionIDGenerator, submissionStatusIdGenerator and submissionTypeIdGenerator.
Instantiate AbstractResourcePersistence with connectionFactory and connectionName[informix_connection].
load Resource role with ids:[J@9c5441,[J@9c5441,[J@9c5441,[J@9c5441,[J@9c5441,[J@9c5441,[J@9c5441,[J@9c5441,[J@9c5441,[J@9c5441,[J@9c5441,[J@9c5441,[J@9c5441,[J@9c5441,[J@9c5441,[J@9c5441,[J@9c5441,[J@9c5441,[J@9c5441,[J@9c5441,[J@9c5441,[J@9c5441
operator: UnknownresourceId: Unknown - creating db connection using connection name: informix_connection
committing transaction
load Resource with ids:[J@1317302
operator: UnknownresourceId: Unknown - creating db connection using connection name: informix_connection
load ResourceRole with id:16
operator: UnknownresourceId: Unknown - creating db connection using connection name: informix_connection
committing transaction
committing transaction
Read propery[ConnectionFactoryNS] which is  required  with value[com.topcoder.db.connectionfactory.DBConnectionFactoryImpl] from namespace [com.topcoder.management.project.persistence.InformixProjectPersistence].
Read propery[ConnectionName] which is  optional  with value[informix_connection] from namespace [com.topcoder.management.project.persistence.InformixProjectPersistence].
Read propery[ProjectIdSequenceName] which is  optional  with value[project_id_seq] from namespace [com.topcoder.management.project.persistence.InformixProjectPersistence].
Read propery[ProjectAuditIdSequenceName] which is  optional  with value[project_audit_id_seq] from namespace [com.topcoder.management.project.persistence.InformixProjectPersistence].
Read propery[ConnectionFactoryNS] which is  required  with value[com.topcoder.db.connectionfactory.DBConnectionFactoryImpl] from namespace [com.topcoder.management.project.persistence.link.ProjectLinkManagerImpl].
Read propery[ConnectionName] which is  optional  with value[informix_connection] from namespace [com.topcoder.management.project.persistence.link.ProjectLinkManagerImpl].
read property ConnectionFactoryNS[com.topcoder.db.connectionfactory.DBConnectionFactoryImpl] from the namespace :com.topcoder.management.scorecard.persistence.InformixScorecardPersistence
read property ConnectionName[informix_connection] from the namespace :com.topcoder.management.scorecard.persistence.InformixScorecardPersistence
Instantiate SqlUploadPersistence with connectionFactory and connectioName:informix_connection
Instantiate PersistenceUploadManager with UploadPersistence, uploadSearchBundle, submissionSearchBundle, uploadIdGenerator, uploadTypeIdGenerator, uploadStatusIdGenerator, submissionIDGenerator, submissionStatusIdGenerator and submissionTypeIdGenerator.
Instantiate AbstractResourcePersistence with connectionFactory and connectionName[informix_connection].
load Resource role with ids:[J@9b0627,[J@9b0627,[J@9b0627,[J@9b0627,[J@9b0627,[J@9b0627,[J@9b0627,[J@9b0627,[J@9b0627,[J@9b0627,[J@9b0627,[J@9b0627,[J@9b0627,[J@9b0627,[J@9b0627,[J@9b0627,[J@9b0627,[J@9b0627,[J@9b0627,[J@9b0627,[J@9b0627,[J@9b0627
operator: UnknownresourceId: Unknown - creating db connection using connection name: informix_connection
committing transaction
load Resource role with ids:[J@cd8e1f,[J@cd8e1f,[J@cd8e1f,[J@cd8e1f,[J@cd8e1f,[J@cd8e1f,[J@cd8e1f,[J@cd8e1f,[J@cd8e1f,[J@cd8e1f,[J@cd8e1f,[J@cd8e1f,[J@cd8e1f,[J@cd8e1f,[J@cd8e1f,[J@cd8e1f,[J@cd8e1f,[J@cd8e1f,[J@cd8e1f,[J@cd8e1f,[J@cd8e1f,[J@cd8e1f
operator: UnknownresourceId: Unknown - creating db connection using connection name: informix_connection
committing transaction
load Resource with ids:[J@6a4c90
operator: UnknownresourceId: Unknown - creating db connection using connection name: informix_connection
load ResourceRole with id:4
operator: UnknownresourceId: Unknown - creating db connection using connection name: informix_connection
committing transaction
committing transaction
Can not assign Post-Mortem Reviewer role to user null(ID: 2) for project 1 as user does not have accepted all necessary terms of use for project
load Notifications with array of userIds/projectIds/notificationTypes.
operator: UnknownresourceId: Unknown - creating db connection using connection name: informix_connection
committing transaction
get projects with the ids: 1
operator: UnknownprojectId: Unknown - creating db connection using connection name: informix_connection
committing transaction
load Resource role with ids:[J@7bb119,[J@7bb119,[J@7bb119,[J@7bb119,[J@7bb119,[J@7bb119,[J@7bb119,[J@7bb119,[J@7bb119,[J@7bb119,[J@7bb119,[J@7bb119,[J@7bb119,[J@7bb119,[J@7bb119,[J@7bb119,[J@7bb119,[J@7bb119,[J@7bb119,[J@7bb119,[J@7bb119,[J@7bb119
operator: UnknownresourceId: Unknown - creating db connection using connection name: informix_connection
committing transaction
load Resource with ids:[J@1d8c238
operator: UnknownresourceId: Unknown - creating db connection using connection name: informix_connection
load ResourceRole with id:4
operator: UnknownresourceId: Unknown - creating db connection using connection name: informix_connection
committing transaction
committing transaction
load Resource with ids:[J@b6183d
operator: UnknownresourceId: Unknown - creating db connection using connection name: informix_connection
load ResourceRole with id:12
operator: UnknownresourceId: Unknown - creating db connection using connection name: informix_connection
committing transaction
committing transaction
load Resource with ids:[J@1cb0ee9
operator: UnknownresourceId: Unknown - creating db connection using connection name: informix_connection
load ResourceRole with id:13
operator: UnknownresourceId: Unknown - creating db connection using connection name: informix_connection
committing transaction
committing transaction
load Resource with ids:[J@1f3f70c
operator: UnknownresourceId: Unknown - creating db connection using connection name: informix_connection
load ResourceRole with id:9
operator: UnknownresourceId: Unknown - creating db connection using connection name: informix_connection
committing transaction
committing transaction
operator: UnknownresourceId: 100001 - load resource.
operator: UnknownresourceId: Unknown - creating db connection using connection name: informix_connection
load ResourceRole with id:4
operator: UnknownresourceId: Unknown - creating db connection using connection name: informix_connection
committing transaction
committing transaction
operator: UnknownresourceId: 100000 - load resource.
operator: UnknownresourceId: Unknown - creating db connection using connection name: informix_connection
load ResourceRole with id:13
operator: UnknownresourceId: Unknown - creating db connection using connection name: informix_connection
committing transaction
committing transaction
Read propery[ConnectionFactoryNS] which is  required  with value[com.topcoder.db.connectionfactory.DBConnectionFactoryImpl] from namespace [com.topcoder.management.project.persistence.InformixProjectPersistence].
Read propery[ConnectionName] which is  optional  with value[informix_connection] from namespace [com.topcoder.management.project.persistence.InformixProjectPersistence].
Read propery[ProjectIdSequenceName] which is  optional  with value[project_id_seq] from namespace [com.topcoder.management.project.persistence.InformixProjectPersistence].
Read propery[ProjectAuditIdSequenceName] which is  optional  with value[project_audit_id_seq] from namespace [com.topcoder.management.project.persistence.InformixProjectPersistence].
Read propery[ConnectionFactoryNS] which is  required  with value[com.topcoder.db.connectionfactory.DBConnectionFactoryImpl] from namespace [com.topcoder.management.project.persistence.link.ProjectLinkManagerImpl].
Read propery[ConnectionName] which is  optional  with value[informix_connection] from namespace [com.topcoder.management.project.persistence.link.ProjectLinkManagerImpl].
read property ConnectionFactoryNS[com.topcoder.db.connectionfactory.DBConnectionFactoryImpl] from the namespace :com.topcoder.management.scorecard.persistence.InformixScorecardPersistence
read property ConnectionName[informix_connection] from the namespace :com.topcoder.management.scorecard.persistence.InformixScorecardPersistence
Instantiate SqlUploadPersistence with connectionFactory and connectioName:informix_connection
Instantiate PersistenceUploadManager with UploadPersistence, uploadSearchBundle, submissionSearchBundle, uploadIdGenerator, uploadTypeIdGenerator, uploadStatusIdGenerator, submissionIDGenerator, submissionStatusIdGenerator and submissionTypeIdGenerator.
Instantiate AbstractResourcePersistence with connectionFactory and connectionName[informix_connection].
load Resource role with ids:[J@144709,[J@144709,[J@144709,[J@144709,[J@144709,[J@144709,[J@144709,[J@144709,[J@144709,[J@144709,[J@144709,[J@144709,[J@144709,[J@144709,[J@144709,[J@144709,[J@144709,[J@144709,[J@144709,[J@144709,[J@144709,[J@144709
operator: UnknownresourceId: Unknown - creating db connection using connection name: informix_connection
committing transaction
load Resource role with ids:[J@160291,[J@160291,[J@160291,[J@160291,[J@160291,[J@160291,[J@160291,[J@160291,[J@160291,[J@160291,[J@160291,[J@160291,[J@160291,[J@160291,[J@160291,[J@160291,[J@160291,[J@160291,[J@160291,[J@160291,[J@160291,[J@160291
operator: UnknownresourceId: Unknown - creating db connection using connection name: informix_connection
committing transaction
load Resource with ids:[J@10e63ee
operator: UnknownresourceId: Unknown - creating db connection using connection name: informix_connection
load ResourceRole with id:4
operator: UnknownresourceId: Unknown - creating db connection using connection name: informix_connection
committing transaction
committing transaction
Can not assign Post-Mortem Reviewer role to user null(ID: 2) for project 1 as user does not have accepted all necessary terms of use for project
load Notifications with array of userIds/projectIds/notificationTypes.
operator: UnknownresourceId: Unknown - creating db connection using connection name: informix_connection
committing transaction
get projects with the ids: 1
operator: UnknownprojectId: Unknown - creating db connection using connection name: informix_connection
committing transaction
load Resource role with ids:[J@4e18a8,[J@4e18a8,[J@4e18a8,[J@4e18a8,[J@4e18a8,[J@4e18a8,[J@4e18a8,[J@4e18a8,[J@4e18a8,[J@4e18a8,[J@4e18a8,[J@4e18a8,[J@4e18a8,[J@4e18a8,[J@4e18a8,[J@4e18a8,[J@4e18a8,[J@4e18a8,[J@4e18a8,[J@4e18a8,[J@4e18a8,[J@4e18a8
operator: UnknownresourceId: Unknown - creating db connection using connection name: informix_connection
committing transaction
load Resource with ids:[J@5beb72
operator: UnknownresourceId: Unknown - creating db connection using connection name: informix_connection
load ResourceRole with id:4
operator: UnknownresourceId: Unknown - creating db connection using connection name: informix_connection
committing transaction
committing transaction
load Resource with ids:[J@17bdc3e
operator: UnknownresourceId: Unknown - creating db connection using connection name: informix_connection
load ResourceRole with id:12
operator: UnknownresourceId: Unknown - creating db connection using connection name: informix_connection
committing transaction
committing transaction
load Resource with ids:[J@114e72e
operator: UnknownresourceId: Unknown - creating db connection using connection name: informix_connection
load ResourceRole with id:13
operator: UnknownresourceId: Unknown - creating db connection using connection name: informix_connection
committing transaction
committing transaction
load Resource with ids:[J@fe1670
operator: UnknownresourceId: Unknown - creating db connection using connection name: informix_connection
load ResourceRole with id:9
operator: UnknownresourceId: Unknown - creating db connection using connection name: informix_connection
committing transaction
committing transaction
load Resource with ids:[J@9c1826
operator: UnknownresourceId: Unknown - creating db connection using connection name: informix_connection
load ResourceRole with id:14
operator: UnknownresourceId: Unknown - creating db connection using connection name: informix_connection
committing transaction
committing transaction
operator: UnknownresourceId: 100001 - load resource.
operator: UnknownresourceId: Unknown - creating db connection using connection name: informix_connection
load ResourceRole with id:4
operator: UnknownresourceId: Unknown - creating db connection using connection name: informix_connection
committing transaction
committing transaction
operator: UnknownresourceId: 100000 - load resource.
operator: UnknownresourceId: Unknown - creating db connection using connection name: informix_connection
load ResourceRole with id:13
operator: UnknownresourceId: Unknown - creating db connection using connection name: informix_connection
committing transaction
committing transaction
Read propery[ConnectionFactoryNS] which is  required  with value[com.topcoder.db.connectionfactory.DBConnectionFactoryImpl] from namespace [com.topcoder.management.project.persistence.InformixProjectPersistence].
Read propery[ConnectionName] which is  optional  with value[informix_connection] from namespace [com.topcoder.management.project.persistence.InformixProjectPersistence].
Read propery[ProjectIdSequenceName] which is  optional  with value[project_id_seq] from namespace [com.topcoder.management.project.persistence.InformixProjectPersistence].
Read propery[ProjectAuditIdSequenceName] which is  optional  with value[project_audit_id_seq] from namespace [com.topcoder.management.project.persistence.InformixProjectPersistence].
Read propery[ConnectionFactoryNS] which is  required  with value[com.topcoder.db.connectionfactory.DBConnectionFactoryImpl] from namespace [com.topcoder.management.project.persistence.link.ProjectLinkManagerImpl].
Read propery[ConnectionName] which is  optional  with value[informix_connection] from namespace [com.topcoder.management.project.persistence.link.ProjectLinkManagerImpl].
read property ConnectionFactoryNS[com.topcoder.db.connectionfactory.DBConnectionFactoryImpl] from the namespace :com.topcoder.management.scorecard.persistence.InformixScorecardPersistence
read property ConnectionName[informix_connection] from the namespace :com.topcoder.management.scorecard.persistence.InformixScorecardPersistence
Instantiate SqlUploadPersistence with connectionFactory and connectioName:informix_connection
Instantiate PersistenceUploadManager with UploadPersistence, uploadSearchBundle, submissionSearchBundle, uploadIdGenerator, uploadTypeIdGenerator, uploadStatusIdGenerator, submissionIDGenerator, submissionStatusIdGenerator and submissionTypeIdGenerator.
Instantiate AbstractResourcePersistence with connectionFactory and connectionName[informix_connection].
load Resource role with ids:[J@45aa68,[J@45aa68,[J@45aa68,[J@45aa68,[J@45aa68,[J@45aa68,[J@45aa68,[J@45aa68,[J@45aa68,[J@45aa68,[J@45aa68,[J@45aa68,[J@45aa68,[J@45aa68,[J@45aa68,[J@45aa68,[J@45aa68,[J@45aa68,[J@45aa68,[J@45aa68,[J@45aa68,[J@45aa68
operator: UnknownresourceId: Unknown - creating db connection using connection name: informix_connection
committing transaction
load Resource role with ids:[J@a8a126,[J@a8a126,[J@a8a126,[J@a8a126,[J@a8a126,[J@a8a126,[J@a8a126,[J@a8a126,[J@a8a126,[J@a8a126,[J@a8a126,[J@a8a126,[J@a8a126,[J@a8a126,[J@a8a126,[J@a8a126,[J@a8a126,[J@a8a126,[J@a8a126,[J@a8a126,[J@a8a126,[J@a8a126
operator: UnknownresourceId: Unknown - creating db connection using connection name: informix_connection
committing transaction
load Resource with ids:[J@e4bf0e
operator: UnknownresourceId: Unknown - creating db connection using connection name: informix_connection
load ResourceRole with id:1
operator: UnknownresourceId: Unknown - creating db connection using connection name: informix_connection
committing transaction
committing transaction
Can not assign Post-Mortem Reviewer role to user null(ID: 4) for project 1 as user does not have accepted all necessary terms of use for project
get projects with the ids: 1
operator: UnknownprojectId: Unknown - creating db connection using connection name: informix_connection
committing transaction
load Resource role with ids:[J@87fb17,[J@87fb17,[J@87fb17,[J@87fb17,[J@87fb17,[J@87fb17,[J@87fb17,[J@87fb17,[J@87fb17,[J@87fb17,[J@87fb17,[J@87fb17,[J@87fb17,[J@87fb17,[J@87fb17,[J@87fb17,[J@87fb17,[J@87fb17,[J@87fb17,[J@87fb17,[J@87fb17,[J@87fb17
operator: UnknownresourceId: Unknown - creating db connection using connection name: informix_connection
committing transaction
load Resource with ids:[J@d2980e
operator: UnknownresourceId: Unknown - creating db connection using connection name: informix_connection
load ResourceRole with id:1
operator: UnknownresourceId: Unknown - creating db connection using connection name: informix_connection
committing transaction
committing transaction
load Resource with ids:[J@1e659b3
operator: UnknownresourceId: Unknown - creating db connection using connection name: informix_connection
load ResourceRole with id:14
operator: UnknownresourceId: Unknown - creating db connection using connection name: informix_connection
committing transaction
committing transaction
Read propery[ConnectionFactoryNS] which is  required  with value[com.topcoder.db.connectionfactory.DBConnectionFactoryImpl] from namespace [com.topcoder.management.project.persistence.InformixProjectPersistence].
Read propery[ConnectionName] which is  optional  with value[informix_connection] from namespace [com.topcoder.management.project.persistence.InformixProjectPersistence].
Read propery[ProjectIdSequenceName] which is  optional  with value[project_id_seq] from namespace [com.topcoder.management.project.persistence.InformixProjectPersistence].
Read propery[ProjectAuditIdSequenceName] which is  optional  with value[project_audit_id_seq] from namespace [com.topcoder.management.project.persistence.InformixProjectPersistence].
Read propery[ConnectionFactoryNS] which is  required  with value[com.topcoder.db.connectionfactory.DBConnectionFactoryImpl] from namespace [com.topcoder.management.project.persistence.link.ProjectLinkManagerImpl].
Read propery[ConnectionName] which is  optional  with value[informix_connection] from namespace [com.topcoder.management.project.persistence.link.ProjectLinkManagerImpl].
read property ConnectionFactoryNS[com.topcoder.db.connectionfactory.DBConnectionFactoryImpl] from the namespace :com.topcoder.management.scorecard.persistence.InformixScorecardPersistence
read property ConnectionName[informix_connection] from the namespace :com.topcoder.management.scorecard.persistence.InformixScorecardPersistence
Instantiate SqlUploadPersistence with connectionFactory and connectioName:informix_connection
Instantiate PersistenceUploadManager with UploadPersistence, uploadSearchBundle, submissionSearchBundle, uploadIdGenerator, uploadTypeIdGenerator, uploadStatusIdGenerator, submissionIDGenerator, submissionStatusIdGenerator and submissionTypeIdGenerator.
Instantiate AbstractResourcePersistence with connectionFactory and connectionName[informix_connection].
load Resource role with ids:[J@1815aa4,[J@1815aa4,[J@1815aa4,[J@1815aa4,[J@1815aa4,[J@1815aa4,[J@1815aa4,[J@1815aa4,[J@1815aa4,[J@1815aa4,[J@1815aa4,[J@1815aa4,[J@1815aa4,[J@1815aa4,[J@1815aa4,[J@1815aa4,[J@1815aa4,[J@1815aa4,[J@1815aa4,[J@1815aa4,[J@1815aa4,[J@1815aa4
operator: UnknownresourceId: Unknown - creating db connection using connection name: informix_connection
committing transaction
load Resource role with ids:[J@1da882e,[J@1da882e,[J@1da882e,[J@1da882e,[J@1da882e,[J@1da882e,[J@1da882e,[J@1da882e,[J@1da882e,[J@1da882e,[J@1da882e,[J@1da882e,[J@1da882e,[J@1da882e,[J@1da882e,[J@1da882e,[J@1da882e,[J@1da882e,[J@1da882e,[J@1da882e,[J@1da882e,[J@1da882e
operator: UnknownresourceId: Unknown - creating db connection using connection name: informix_connection
committing transaction
load Resource with ids:[J@136b44e
operator: UnknownresourceId: Unknown - creating db connection using connection name: informix_connection
load ResourceRole with id:1
operator: UnknownresourceId: Unknown - creating db connection using connection name: informix_connection
committing transaction
committing transaction
operator: UnknownresourceId: 55 - add new resource to the project [id=1] with role :Post-Mortem Reviewer in the [id=112] phase.
operator: UnknownresourceId: Unknown - creating db connection using connection name: informix_connection
insert a record into resource with resource id : 55
insert a record into the resource_info table with resource_id = 55 and resource_info_type_id =1 value = 1
insert a record into the resource_info table with resource_id = 55 and resource_info_type_id =8 value = No
insert a record into the resource_info table with resource_id = 55 and resource_info_type_id =7 value = 0.00
insert a record into the resource_info table with resource_id = 55 and resource_info_type_id =6 value = 07.15.2010 12:17 AM
committing transaction
load Resource with ids:[J@42ae49
operator: UnknownresourceId: Unknown - creating db connection using connection name: informix_connection
load ResourceRole with id:16
operator: UnknownresourceId: Unknown - creating db connection using connection name: informix_connection
committing transaction
committing transaction
get projects with the ids: 1
operator: UnknownprojectId: Unknown - creating db connection using connection name: informix_connection
committing transaction
load Resource role with ids:[J@139ba37,[J@139ba37,[J@139ba37,[J@139ba37,[J@139ba37,[J@139ba37,[J@139ba37,[J@139ba37,[J@139ba37,[J@139ba37,[J@139ba37,[J@139ba37,[J@139ba37,[J@139ba37,[J@139ba37,[J@139ba37,[J@139ba37,[J@139ba37,[J@139ba37,[J@139ba37,[J@139ba37,[J@139ba37
operator: UnknownresourceId: Unknown - creating db connection using connection name: informix_connection
committing transaction
load Resource with ids:[J@2da832
operator: UnknownresourceId: Unknown - creating db connection using connection name: informix_connection
load ResourceRole with id:16
operator: UnknownresourceId: Unknown - creating db connection using connection name: informix_connection
committing transaction
committing transaction
load Resource with ids:[J@1d648dc
operator: UnknownresourceId: Unknown - creating db connection using connection name: informix_connection
load ResourceRole with id:1
operator: UnknownresourceId: Unknown - creating db connection using connection name: informix_connection
committing transaction
committing transaction
load Resource with ids:[J@e1daa3
operator: UnknownresourceId: Unknown - creating db connection using connection name: informix_connection
load ResourceRole with id:14
operator: UnknownresourceId: Unknown - creating db connection using connection name: informix_connection
committing transaction
committing transaction
load Resource with ids:[J@2470e7
operator: UnknownresourceId: Unknown - creating db connection using connection name: informix_connection
load ResourceRole with id:16
operator: UnknownresourceId: Unknown - creating db connection using connection name: informix_connection
committing transaction
committing transaction
Read propery[ConnectionFactoryNS] which is  required  with value[com.topcoder.db.connectionfactory.DBConnectionFactoryImpl] from namespace [com.topcoder.management.project.persistence.InformixProjectPersistence].
Read propery[ConnectionName] which is  optional  with value[informix_connection] from namespace [com.topcoder.management.project.persistence.InformixProjectPersistence].
Read propery[ProjectIdSequenceName] which is  optional  with value[project_id_seq] from namespace [com.topcoder.management.project.persistence.InformixProjectPersistence].
Read propery[ProjectAuditIdSequenceName] which is  optional  with value[project_audit_id_seq] from namespace [com.topcoder.management.project.persistence.InformixProjectPersistence].
Read propery[ConnectionFactoryNS] which is  required  with value[com.topcoder.db.connectionfactory.DBConnectionFactoryImpl] from namespace [com.topcoder.management.project.persistence.link.ProjectLinkManagerImpl].
Read propery[ConnectionName] which is  optional  with value[informix_connection] from namespace [com.topcoder.management.project.persistence.link.ProjectLinkManagerImpl].
read property ConnectionFactoryNS[com.topcoder.db.connectionfactory.DBConnectionFactoryImpl] from the namespace :com.topcoder.management.scorecard.persistence.InformixScorecardPersistence
read property ConnectionName[informix_connection] from the namespace :com.topcoder.management.scorecard.persistence.InformixScorecardPersistence
Instantiate SqlUploadPersistence with connectionFactory and connectioName:informix_connection
Instantiate PersistenceUploadManager with UploadPersistence, uploadSearchBundle, submissionSearchBundle, uploadIdGenerator, uploadTypeIdGenerator, uploadStatusIdGenerator, submissionIDGenerator, submissionStatusIdGenerator and submissionTypeIdGenerator.
Instantiate AbstractResourcePersistence with connectionFactory and connectionName[informix_connection].
load Resource role with ids:[J@929485,[J@929485,[J@929485,[J@929485,[J@929485,[J@929485,[J@929485,[J@929485,[J@929485,[J@929485,[J@929485,[J@929485,[J@929485,[J@929485,[J@929485,[J@929485,[J@929485,[J@929485,[J@929485,[J@929485,[J@929485,[J@929485
operator: UnknownresourceId: Unknown - creating db connection using connection name: informix_connection
committing transaction
Read propery[ConnectionFactoryNS] which is  required  with value[com.topcoder.db.connectionfactory.DBConnectionFactoryImpl] from namespace [com.topcoder.management.project.persistence.InformixProjectPersistence].
Read propery[ConnectionName] which is  optional  with value[informix_connection] from namespace [com.topcoder.management.project.persistence.InformixProjectPersistence].
Read propery[ProjectIdSequenceName] which is  optional  with value[project_id_seq] from namespace [com.topcoder.management.project.persistence.InformixProjectPersistence].
Read propery[ProjectAuditIdSequenceName] which is  optional  with value[project_audit_id_seq] from namespace [com.topcoder.management.project.persistence.InformixProjectPersistence].
Read propery[ConnectionFactoryNS] which is  required  with value[com.topcoder.db.connectionfactory.DBConnectionFactoryImpl] from namespace [com.topcoder.management.project.persistence.link.ProjectLinkManagerImpl].
Read propery[ConnectionName] which is  optional  with value[informix_connection] from namespace [com.topcoder.management.project.persistence.link.ProjectLinkManagerImpl].
read property ConnectionFactoryNS[com.topcoder.db.connectionfactory.DBConnectionFactoryImpl] from the namespace :com.topcoder.management.scorecard.persistence.InformixScorecardPersistence
read property ConnectionName[informix_connection] from the namespace :com.topcoder.management.scorecard.persistence.InformixScorecardPersistence
Instantiate SqlUploadPersistence with connectionFactory and connectioName:informix_connection
Instantiate PersistenceUploadManager with UploadPersistence, uploadSearchBundle, submissionSearchBundle, uploadIdGenerator, uploadTypeIdGenerator, uploadStatusIdGenerator, submissionIDGenerator, submissionStatusIdGenerator and submissionTypeIdGenerator.
Instantiate AbstractResourcePersistence with connectionFactory and connectionName[informix_connection].
load Resource role with ids:[J@1148f60,[J@1148f60,[J@1148f60,[J@1148f60,[J@1148f60,[J@1148f60,[J@1148f60,[J@1148f60,[J@1148f60,[J@1148f60,[J@1148f60,[J@1148f60,[J@1148f60,[J@1148f60,[J@1148f60,[J@1148f60,[J@1148f60,[J@1148f60,[J@1148f60,[J@1148f60,[J@1148f60,[J@1148f60
operator: UnknownresourceId: Unknown - creating db connection using connection name: informix_connection
committing transaction
Read propery[ConnectionFactoryNS] which is  required  with value[com.topcoder.db.connectionfactory.DBConnectionFactoryImpl] from namespace [com.topcoder.management.project.persistence.InformixProjectPersistence].
Read propery[ConnectionName] which is  optional  with value[informix_connection] from namespace [com.topcoder.management.project.persistence.InformixProjectPersistence].
Read propery[ProjectIdSequenceName] which is  optional  with value[project_id_seq] from namespace [com.topcoder.management.project.persistence.InformixProjectPersistence].
Read propery[ProjectAuditIdSequenceName] which is  optional  with value[project_audit_id_seq] from namespace [com.topcoder.management.project.persistence.InformixProjectPersistence].
Read propery[ConnectionFactoryNS] which is  required  with value[com.topcoder.db.connectionfactory.DBConnectionFactoryImpl] from namespace [com.topcoder.management.project.persistence.link.ProjectLinkManagerImpl].
Read propery[ConnectionName] which is  optional  with value[informix_connection] from namespace [com.topcoder.management.project.persistence.link.ProjectLinkManagerImpl].
read property ConnectionFactoryNS[com.topcoder.db.connectionfactory.DBConnectionFactoryImpl] from the namespace :com.topcoder.management.scorecard.persistence.InformixScorecardPersistence
read property ConnectionName[informix_connection] from the namespace :com.topcoder.management.scorecard.persistence.InformixScorecardPersistence
Instantiate SqlUploadPersistence with connectionFactory and connectioName:informix_connection
Instantiate PersistenceUploadManager with UploadPersistence, uploadSearchBundle, submissionSearchBundle, uploadIdGenerator, uploadTypeIdGenerator, uploadStatusIdGenerator, submissionIDGenerator, submissionStatusIdGenerator and submissionTypeIdGenerator.
Instantiate AbstractResourcePersistence with connectionFactory and connectionName[informix_connection].
load Resource role with ids:[J@1e0be0d,[J@1e0be0d,[J@1e0be0d,[J@1e0be0d,[J@1e0be0d,[J@1e0be0d,[J@1e0be0d,[J@1e0be0d,[J@1e0be0d,[J@1e0be0d,[J@1e0be0d,[J@1e0be0d,[J@1e0be0d,[J@1e0be0d,[J@1e0be0d,[J@1e0be0d,[J@1e0be0d,[J@1e0be0d,[J@1e0be0d,[J@1e0be0d,[J@1e0be0d,[J@1e0be0d
operator: UnknownresourceId: Unknown - creating db connection using connection name: informix_connection
committing transaction
Read propery[ConnectionFactoryNS] which is  required  with value[com.topcoder.db.connectionfactory.DBConnectionFactoryImpl] from namespace [com.topcoder.management.project.persistence.InformixProjectPersistence].
Read propery[ConnectionName] which is  optional  with value[informix_connection] from namespace [com.topcoder.management.project.persistence.InformixProjectPersistence].
Read propery[ProjectIdSequenceName] which is  optional  with value[project_id_seq] from namespace [com.topcoder.management.project.persistence.InformixProjectPersistence].
Read propery[ProjectAuditIdSequenceName] which is  optional  with value[project_audit_id_seq] from namespace [com.topcoder.management.project.persistence.InformixProjectPersistence].
Read propery[ConnectionFactoryNS] which is  required  with value[com.topcoder.db.connectionfactory.DBConnectionFactoryImpl] from namespace [com.topcoder.management.project.persistence.link.ProjectLinkManagerImpl].
Read propery[ConnectionName] which is  optional  with value[informix_connection] from namespace [com.topcoder.management.project.persistence.link.ProjectLinkManagerImpl].
read property ConnectionFactoryNS[com.topcoder.db.connectionfactory.DBConnectionFactoryImpl] from the namespace :com.topcoder.management.scorecard.persistence.InformixScorecardPersistence
read property ConnectionName[informix_connection] from the namespace :com.topcoder.management.scorecard.persistence.InformixScorecardPersistence
Instantiate SqlUploadPersistence with connectionFactory and connectioName:informix_connection
Instantiate PersistenceUploadManager with UploadPersistence, uploadSearchBundle, submissionSearchBundle, uploadIdGenerator, uploadTypeIdGenerator, uploadStatusIdGenerator, submissionIDGenerator, submissionStatusIdGenerator and submissionTypeIdGenerator.
Instantiate AbstractResourcePersistence with connectionFactory and connectionName[informix_connection].
load Resource role with ids:[J@130dc7e,[J@130dc7e,[J@130dc7e,[J@130dc7e,[J@130dc7e,[J@130dc7e,[J@130dc7e,[J@130dc7e,[J@130dc7e,[J@130dc7e,[J@130dc7e,[J@130dc7e,[J@130dc7e,[J@130dc7e,[J@130dc7e,[J@130dc7e,[J@130dc7e,[J@130dc7e,[J@130dc7e,[J@130dc7e,[J@130dc7e,[J@130dc7e
operator: UnknownresourceId: Unknown - creating db connection using connection name: informix_connection
committing transaction
Read propery[ConnectionFactoryNS] which is  required  with value[com.topcoder.db.connectionfactory.DBConnectionFactoryImpl] from namespace [com.topcoder.management.project.persistence.InformixProjectPersistence].
Read propery[ConnectionName] which is  optional  with value[informix_connection] from namespace [com.topcoder.management.project.persistence.InformixProjectPersistence].
Read propery[ProjectIdSequenceName] which is  optional  with value[project_id_seq] from namespace [com.topcoder.management.project.persistence.InformixProjectPersistence].
Read propery[ProjectAuditIdSequenceName] which is  optional  with value[project_audit_id_seq] from namespace [com.topcoder.management.project.persistence.InformixProjectPersistence].
Read propery[ConnectionFactoryNS] which is  required  with value[com.topcoder.db.connectionfactory.DBConnectionFactoryImpl] from namespace [com.topcoder.management.project.persistence.link.ProjectLinkManagerImpl].
Read propery[ConnectionName] which is  optional  with value[informix_connection] from namespace [com.topcoder.management.project.persistence.link.ProjectLinkManagerImpl].
read property ConnectionFactoryNS[com.topcoder.db.connectionfactory.DBConnectionFactoryImpl] from the namespace :com.topcoder.management.scorecard.persistence.InformixScorecardPersistence
read property ConnectionName[informix_connection] from the namespace :com.topcoder.management.scorecard.persistence.InformixScorecardPersistence
Instantiate SqlUploadPersistence with connectionFactory and connectioName:informix_connection
Instantiate PersistenceUploadManager with UploadPersistence, uploadSearchBundle, submissionSearchBundle, uploadIdGenerator, uploadTypeIdGenerator, uploadStatusIdGenerator, submissionIDGenerator, submissionStatusIdGenerator and submissionTypeIdGenerator.
Instantiate AbstractResourcePersistence with connectionFactory and connectionName[informix_connection].
load Resource role with ids:[J@91108,[J@91108,[J@91108,[J@91108,[J@91108,[J@91108,[J@91108,[J@91108,[J@91108,[J@91108,[J@91108,[J@91108,[J@91108,[J@91108,[J@91108,[J@91108,[J@91108,[J@91108,[J@91108,[J@91108,[J@91108,[J@91108
operator: UnknownresourceId: Unknown - creating db connection using connection name: informix_connection
committing transaction
Read propery[ConnectionFactoryNS] which is  required  with value[com.topcoder.db.connectionfactory.DBConnectionFactoryImpl] from namespace [com.topcoder.management.project.persistence.InformixProjectPersistence].
Read propery[ConnectionName] which is  optional  with value[informix_connection] from namespace [com.topcoder.management.project.persistence.InformixProjectPersistence].
Read propery[ProjectIdSequenceName] which is  optional  with value[project_id_seq] from namespace [com.topcoder.management.project.persistence.InformixProjectPersistence].
Read propery[ProjectAuditIdSequenceName] which is  optional  with value[project_audit_id_seq] from namespace [com.topcoder.management.project.persistence.InformixProjectPersistence].
Read propery[ConnectionFactoryNS] which is  required  with value[com.topcoder.db.connectionfactory.DBConnectionFactoryImpl] from namespace [com.topcoder.management.project.persistence.link.ProjectLinkManagerImpl].
Read propery[ConnectionName] which is  optional  with value[informix_connection] from namespace [com.topcoder.management.project.persistence.link.ProjectLinkManagerImpl].
read property ConnectionFactoryNS[com.topcoder.db.connectionfactory.DBConnectionFactoryImpl] from the namespace :com.topcoder.management.scorecard.persistence.InformixScorecardPersistence
read property ConnectionName[informix_connection] from the namespace :com.topcoder.management.scorecard.persistence.InformixScorecardPersistence
Instantiate SqlUploadPersistence with connectionFactory and connectioName:informix_connection
Instantiate PersistenceUploadManager with UploadPersistence, uploadSearchBundle, submissionSearchBundle, uploadIdGenerator, uploadTypeIdGenerator, uploadStatusIdGenerator, submissionIDGenerator, submissionStatusIdGenerator and submissionTypeIdGenerator.
Instantiate AbstractResourcePersistence with connectionFactory and connectionName[informix_connection].
load Resource role with ids:[J@630208,[J@630208,[J@630208,[J@630208,[J@630208,[J@630208,[J@630208,[J@630208,[J@630208,[J@630208,[J@630208,[J@630208,[J@630208,[J@630208,[J@630208,[J@630208,[J@630208,[J@630208,[J@630208,[J@630208,[J@630208,[J@630208
operator: UnknownresourceId: Unknown - creating db connection using connection name: informix_connection
committing transaction
Read propery[ConnectionFactoryNS] which is  required  with value[com.topcoder.db.connectionfactory.DBConnectionFactoryImpl] from namespace [com.topcoder.management.project.persistence.InformixProjectPersistence].
Read propery[ConnectionName] which is  optional  with value[informix_connection] from namespace [com.topcoder.management.project.persistence.InformixProjectPersistence].
Read propery[ProjectIdSequenceName] which is  optional  with value[project_id_seq] from namespace [com.topcoder.management.project.persistence.InformixProjectPersistence].
Read propery[ProjectAuditIdSequenceName] which is  optional  with value[project_audit_id_seq] from namespace [com.topcoder.management.project.persistence.InformixProjectPersistence].
Read propery[ConnectionFactoryNS] which is  required  with value[com.topcoder.db.connectionfactory.DBConnectionFactoryImpl] from namespace [com.topcoder.management.project.persistence.link.ProjectLinkManagerImpl].
Read propery[ConnectionName] which is  optional  with value[informix_connection] from namespace [com.topcoder.management.project.persistence.link.ProjectLinkManagerImpl].
read property ConnectionFactoryNS[com.topcoder.db.connectionfactory.DBConnectionFactoryImpl] from the namespace :com.topcoder.management.scorecard.persistence.InformixScorecardPersistence
read property ConnectionName[informix_connection] from the namespace :com.topcoder.management.scorecard.persistence.InformixScorecardPersistence
Instantiate SqlUploadPersistence with connectionFactory and connectioName:informix_connection
Instantiate PersistenceUploadManager with UploadPersistence, uploadSearchBundle, submissionSearchBundle, uploadIdGenerator, uploadTypeIdGenerator, uploadStatusIdGenerator, submissionIDGenerator, submissionStatusIdGenerator and submissionTypeIdGenerator.
Instantiate AbstractResourcePersistence with connectionFactory and connectionName[informix_connection].
load Resource role with ids:[J@330ce6,[J@330ce6,[J@330ce6,[J@330ce6,[J@330ce6,[J@330ce6,[J@330ce6,[J@330ce6,[J@330ce6,[J@330ce6,[J@330ce6,[J@330ce6,[J@330ce6,[J@330ce6,[J@330ce6,[J@330ce6,[J@330ce6,[J@330ce6,[J@330ce6,[J@330ce6,[J@330ce6,[J@330ce6
operator: UnknownresourceId: Unknown - creating db connection using connection name: informix_connection
committing transaction
Read propery[ConnectionFactoryNS] which is  required  with value[com.topcoder.db.connectionfactory.DBConnectionFactoryImpl] from namespace [com.topcoder.management.project.persistence.InformixProjectPersistence].
Read propery[ConnectionName] which is  optional  with value[informix_connection] from namespace [com.topcoder.management.project.persistence.InformixProjectPersistence].
Read propery[ProjectIdSequenceName] which is  optional  with value[project_id_seq] from namespace [com.topcoder.management.project.persistence.InformixProjectPersistence].
Read propery[ProjectAuditIdSequenceName] which is  optional  with value[project_audit_id_seq] from namespace [com.topcoder.management.project.persistence.InformixProjectPersistence].
Read propery[ConnectionFactoryNS] which is  required  with value[com.topcoder.db.connectionfactory.DBConnectionFactoryImpl] from namespace [com.topcoder.management.project.persistence.link.ProjectLinkManagerImpl].
Read propery[ConnectionName] which is  optional  with value[informix_connection] from namespace [com.topcoder.management.project.persistence.link.ProjectLinkManagerImpl].
read property ConnectionFactoryNS[com.topcoder.db.connectionfactory.DBConnectionFactoryImpl] from the namespace :com.topcoder.management.scorecard.persistence.InformixScorecardPersistence
read property ConnectionName[informix_connection] from the namespace :com.topcoder.management.scorecard.persistence.InformixScorecardPersistence
Instantiate SqlUploadPersistence with connectionFactory and connectioName:informix_connection
Instantiate PersistenceUploadManager with UploadPersistence, uploadSearchBundle, submissionSearchBundle, uploadIdGenerator, uploadTypeIdGenerator, uploadStatusIdGenerator, submissionIDGenerator, submissionStatusIdGenerator and submissionTypeIdGenerator.
Instantiate AbstractResourcePersistence with connectionFactory and connectionName[informix_connection].
load Resource role with ids:[J@617a36,[J@617a36,[J@617a36,[J@617a36,[J@617a36,[J@617a36,[J@617a36,[J@617a36,[J@617a36,[J@617a36,[J@617a36,[J@617a36,[J@617a36,[J@617a36,[J@617a36,[J@617a36,[J@617a36,[J@617a36,[J@617a36,[J@617a36,[J@617a36,[J@617a36
operator: UnknownresourceId: Unknown - creating db connection using connection name: informix_connection
committing transaction
Read propery[ConnectionFactoryNS] which is  required  with value[com.topcoder.db.connectionfactory.DBConnectionFactoryImpl] from namespace [com.topcoder.management.project.persistence.InformixProjectPersistence].
Read propery[ConnectionName] which is  optional  with value[informix_connection] from namespace [com.topcoder.management.project.persistence.InformixProjectPersistence].
Read propery[ProjectIdSequenceName] which is  optional  with value[project_id_seq] from namespace [com.topcoder.management.project.persistence.InformixProjectPersistence].
Read propery[ProjectAuditIdSequenceName] which is  optional  with value[project_audit_id_seq] from namespace [com.topcoder.management.project.persistence.InformixProjectPersistence].
Read propery[ConnectionFactoryNS] which is  required  with value[com.topcoder.db.connectionfactory.DBConnectionFactoryImpl] from namespace [com.topcoder.management.project.persistence.link.ProjectLinkManagerImpl].
Read propery[ConnectionName] which is  optional  with value[informix_connection] from namespace [com.topcoder.management.project.persistence.link.ProjectLinkManagerImpl].
read property ConnectionFactoryNS[com.topcoder.db.connectionfactory.DBConnectionFactoryImpl] from the namespace :com.topcoder.management.scorecard.persistence.InformixScorecardPersistence
read property ConnectionName[informix_connection] from the namespace :com.topcoder.management.scorecard.persistence.InformixScorecardPersistence
Instantiate SqlUploadPersistence with connectionFactory and connectioName:informix_connection
Instantiate PersistenceUploadManager with UploadPersistence, uploadSearchBundle, submissionSearchBundle, uploadIdGenerator, uploadTypeIdGenerator, uploadStatusIdGenerator, submissionIDGenerator, submissionStatusIdGenerator and submissionTypeIdGenerator.
Instantiate AbstractResourcePersistence with connectionFactory and connectionName[informix_connection].
load Resource role with ids:[J@4f1e63,[J@4f1e63,[J@4f1e63,[J@4f1e63,[J@4f1e63,[J@4f1e63,[J@4f1e63,[J@4f1e63,[J@4f1e63,[J@4f1e63,[J@4f1e63,[J@4f1e63,[J@4f1e63,[J@4f1e63,[J@4f1e63,[J@4f1e63,[J@4f1e63,[J@4f1e63,[J@4f1e63,[J@4f1e63,[J@4f1e63,[J@4f1e63
operator: UnknownresourceId: Unknown - creating db connection using connection name: informix_connection
committing transaction
operator: UnknownprojectId: Unknown - Enter getDestProjectLinks method.
operator: UnknownprojectId: Unknown - creating db connection using connection name: informix_connection
get projects with the ids: 1,2
operator: UnknownprojectId: Unknown - creating db connection using connection name: informix_connection
committing transaction
committing transaction
Read propery[ConnectionFactoryNS] which is  required  with value[com.topcoder.db.connectionfactory.DBConnectionFactoryImpl] from namespace [com.topcoder.management.project.persistence.InformixProjectPersistence].
Read propery[ConnectionName] which is  optional  with value[informix_connection] from namespace [com.topcoder.management.project.persistence.InformixProjectPersistence].
Read propery[ProjectIdSequenceName] which is  optional  with value[project_id_seq] from namespace [com.topcoder.management.project.persistence.InformixProjectPersistence].
Read propery[ProjectAuditIdSequenceName] which is  optional  with value[project_audit_id_seq] from namespace [com.topcoder.management.project.persistence.InformixProjectPersistence].
Read propery[ConnectionFactoryNS] which is  required  with value[com.topcoder.db.connectionfactory.DBConnectionFactoryImpl] from namespace [com.topcoder.management.project.persistence.link.ProjectLinkManagerImpl].
Read propery[ConnectionName] which is  optional  with value[informix_connection] from namespace [com.topcoder.management.project.persistence.link.ProjectLinkManagerImpl].
read property ConnectionFactoryNS[com.topcoder.db.connectionfactory.DBConnectionFactoryImpl] from the namespace :com.topcoder.management.scorecard.persistence.InformixScorecardPersistence
read property ConnectionName[informix_connection] from the namespace :com.topcoder.management.scorecard.persistence.InformixScorecardPersistence
Instantiate SqlUploadPersistence with connectionFactory and connectioName:informix_connection
Instantiate PersistenceUploadManager with UploadPersistence, uploadSearchBundle, submissionSearchBundle, uploadIdGenerator, uploadTypeIdGenerator, uploadStatusIdGenerator, submissionIDGenerator, submissionStatusIdGenerator and submissionTypeIdGenerator.
Instantiate AbstractResourcePersistence with connectionFactory and connectionName[informix_connection].
load Resource role with ids:[J@873f23,[J@873f23,[J@873f23,[J@873f23,[J@873f23,[J@873f23,[J@873f23,[J@873f23,[J@873f23,[J@873f23,[J@873f23,[J@873f23,[J@873f23,[J@873f23,[J@873f23,[J@873f23,[J@873f23,[J@873f23,[J@873f23,[J@873f23,[J@873f23,[J@873f23
operator: UnknownresourceId: Unknown - creating db connection using connection name: informix_connection
committing transaction
load Notifications with array of userIds/projectIds/notificationTypes.
operator: UnknownresourceId: Unknown - creating db connection using connection name: informix_connection
committing transaction
get projects with the ids: 1
operator: UnknownprojectId: Unknown - creating db connection using connection name: informix_connection
committing transaction
load Resource role with ids:[J@19874f1,[J@19874f1,[J@19874f1,[J@19874f1,[J@19874f1,[J@19874f1,[J@19874f1,[J@19874f1,[J@19874f1,[J@19874f1,[J@19874f1,[J@19874f1,[J@19874f1,[J@19874f1,[J@19874f1,[J@19874f1,[J@19874f1,[J@19874f1,[J@19874f1,[J@19874f1,[J@19874f1,[J@19874f1
operator: UnknownresourceId: Unknown - creating db connection using connection name: informix_connection
committing transaction
load Resource with ids:[J@1084681
operator: UnknownresourceId: Unknown - creating db connection using connection name: informix_connection
load ResourceRole with id:15
operator: UnknownresourceId: Unknown - creating db connection using connection name: informix_connection
committing transaction
committing transaction
load Resource with ids:[J@1a8013f
operator: UnknownresourceId: Unknown - creating db connection using connection name: informix_connection
load ResourceRole with id:4
operator: UnknownresourceId: Unknown - creating db connection using connection name: informix_connection
committing transaction
committing transaction
load Resource with ids:[J@1750107
operator: UnknownresourceId: Unknown - creating db connection using connection name: informix_connection
load ResourceRole with id:12
operator: UnknownresourceId: Unknown - creating db connection using connection name: informix_connection
committing transaction
committing transaction
load Resource with ids:[J@4b1af
operator: UnknownresourceId: Unknown - creating db connection using connection name: informix_connection
load ResourceRole with id:17
operator: UnknownresourceId: Unknown - creating db connection using connection name: informix_connection
committing transaction
committing transaction
load Resource with ids:[J@1c4352a
operator: UnknownresourceId: Unknown - creating db connection using connection name: informix_connection
load ResourceRole with id:13
operator: UnknownresourceId: Unknown - creating db connection using connection name: informix_connection
committing transaction
committing transaction
load Resource with ids:[J@123cd35
operator: UnknownresourceId: Unknown - creating db connection using connection name: informix_connection
load ResourceRole with id:9
operator: UnknownresourceId: Unknown - creating db connection using connection name: informix_connection
committing transaction
committing transaction
operator: UnknownresourceId: 100001 - load resource.
operator: UnknownresourceId: Unknown - creating db connection using connection name: informix_connection
load ResourceRole with id:4
operator: UnknownresourceId: Unknown - creating db connection using connection name: informix_connection
committing transaction
committing transaction
operator: UnknownresourceId: 4 - load resource.
operator: UnknownresourceId: Unknown - creating db connection using connection name: informix_connection
load ResourceRole with id:17
operator: UnknownresourceId: Unknown - creating db connection using connection name: informix_connection
committing transaction
committing transaction
operator: UnknownresourceId: 100000 - load resource.
operator: UnknownresourceId: Unknown - creating db connection using connection name: informix_connection
load ResourceRole with id:13
operator: UnknownresourceId: Unknown - creating db connection using connection name: informix_connection
committing transaction
committing transaction
operator: UnknownresourceId: 1 - load resource.
operator: UnknownresourceId: Unknown - creating db connection using connection name: informix_connection
load ResourceRole with id:15
operator: UnknownresourceId: Unknown - creating db connection using connection name: informix_connection
committing transaction
committing transaction
Read propery[ConnectionFactoryNS] which is  required  with value[com.topcoder.db.connectionfactory.DBConnectionFactoryImpl] from namespace [com.topcoder.management.project.persistence.InformixProjectPersistence].
Read propery[ConnectionName] which is  optional  with value[informix_connection] from namespace [com.topcoder.management.project.persistence.InformixProjectPersistence].
Read propery[ProjectIdSequenceName] which is  optional  with value[project_id_seq] from namespace [com.topcoder.management.project.persistence.InformixProjectPersistence].
Read propery[ProjectAuditIdSequenceName] which is  optional  with value[project_audit_id_seq] from namespace [com.topcoder.management.project.persistence.InformixProjectPersistence].
Read propery[ConnectionFactoryNS] which is  required  with value[com.topcoder.db.connectionfactory.DBConnectionFactoryImpl] from namespace [com.topcoder.management.project.persistence.link.ProjectLinkManagerImpl].
Read propery[ConnectionName] which is  optional  with value[informix_connection] from namespace [com.topcoder.management.project.persistence.link.ProjectLinkManagerImpl].
read property ConnectionFactoryNS[com.topcoder.db.connectionfactory.DBConnectionFactoryImpl] from the namespace :com.topcoder.management.scorecard.persistence.InformixScorecardPersistence
read property ConnectionName[informix_connection] from the namespace :com.topcoder.management.scorecard.persistence.InformixScorecardPersistence
Instantiate SqlUploadPersistence with connectionFactory and connectioName:informix_connection
Instantiate PersistenceUploadManager with UploadPersistence, uploadSearchBundle, submissionSearchBundle, uploadIdGenerator, uploadTypeIdGenerator, uploadStatusIdGenerator, submissionIDGenerator, submissionStatusIdGenerator and submissionTypeIdGenerator.
Instantiate AbstractResourcePersistence with connectionFactory and connectionName[informix_connection].
load Resource role with ids:[J@15e7ea6,[J@15e7ea6,[J@15e7ea6,[J@15e7ea6,[J@15e7ea6,[J@15e7ea6,[J@15e7ea6,[J@15e7ea6,[J@15e7ea6,[J@15e7ea6,[J@15e7ea6,[J@15e7ea6,[J@15e7ea6,[J@15e7ea6,[J@15e7ea6,[J@15e7ea6,[J@15e7ea6,[J@15e7ea6,[J@15e7ea6,[J@15e7ea6,[J@15e7ea6,[J@15e7ea6
operator: UnknownresourceId: Unknown - creating db connection using connection name: informix_connection
committing transaction
load Notifications with array of userIds/projectIds/notificationTypes.
operator: UnknownresourceId: Unknown - creating db connection using connection name: informix_connection
committing transaction
get projects with the ids: 1
operator: UnknownprojectId: Unknown - creating db connection using connection name: informix_connection
committing transaction
load Resource role with ids:[J@177ceaa,[J@177ceaa,[J@177ceaa,[J@177ceaa,[J@177ceaa,[J@177ceaa,[J@177ceaa,[J@177ceaa,[J@177ceaa,[J@177ceaa,[J@177ceaa,[J@177ceaa,[J@177ceaa,[J@177ceaa,[J@177ceaa,[J@177ceaa,[J@177ceaa,[J@177ceaa,[J@177ceaa,[J@177ceaa,[J@177ceaa,[J@177ceaa
operator: UnknownresourceId: Unknown - creating db connection using connection name: informix_connection
committing transaction
load Resource with ids:[J@18db31b
operator: UnknownresourceId: Unknown - creating db connection using connection name: informix_connection
load ResourceRole with id:4
operator: UnknownresourceId: Unknown - creating db connection using connection name: informix_connection
committing transaction
committing transaction
load Resource with ids:[J@1cc2c70
operator: UnknownresourceId: Unknown - creating db connection using connection name: informix_connection
load ResourceRole with id:12
operator: UnknownresourceId: Unknown - creating db connection using connection name: informix_connection
committing transaction
committing transaction
load Resource with ids:[J@ee92e0
operator: UnknownresourceId: Unknown - creating db connection using connection name: informix_connection
load ResourceRole with id:13
operator: UnknownresourceId: Unknown - creating db connection using connection name: informix_connection
committing transaction
committing transaction
load Resource with ids:[J@101ad8b
operator: UnknownresourceId: Unknown - creating db connection using connection name: informix_connection
load ResourceRole with id:9
operator: UnknownresourceId: Unknown - creating db connection using connection name: informix_connection
committing transaction
committing transaction
operator: UnknownresourceId: 100001 - load resource.
operator: UnknownresourceId: Unknown - creating db connection using connection name: informix_connection
load ResourceRole with id:4
operator: UnknownresourceId: Unknown - creating db connection using connection name: informix_connection
committing transaction
committing transaction
operator: UnknownresourceId: 100000 - load resource.
operator: UnknownresourceId: Unknown - creating db connection using connection name: informix_connection
load ResourceRole with id:13
operator: UnknownresourceId: Unknown - creating db connection using connection name: informix_connection
committing transaction
committing transaction
Read propery[ConnectionFactoryNS] which is  required  with value[com.topcoder.db.connectionfactory.DBConnectionFactoryImpl] from namespace [com.topcoder.management.project.persistence.InformixProjectPersistence].
Read propery[ConnectionName] which is  optional  with value[informix_connection] from namespace [com.topcoder.management.project.persistence.InformixProjectPersistence].
Read propery[ProjectIdSequenceName] which is  optional  with value[project_id_seq] from namespace [com.topcoder.management.project.persistence.InformixProjectPersistence].
Read propery[ProjectAuditIdSequenceName] which is  optional  with value[project_audit_id_seq] from namespace [com.topcoder.management.project.persistence.InformixProjectPersistence].
Read propery[ConnectionFactoryNS] which is  required  with value[com.topcoder.db.connectionfactory.DBConnectionFactoryImpl] from namespace [com.topcoder.management.project.persistence.link.ProjectLinkManagerImpl].
Read propery[ConnectionName] which is  optional  with value[informix_connection] from namespace [com.topcoder.management.project.persistence.link.ProjectLinkManagerImpl].
read property ConnectionFactoryNS[com.topcoder.db.connectionfactory.DBConnectionFactoryImpl] from the namespace :com.topcoder.management.scorecard.persistence.InformixScorecardPersistence
read property ConnectionName[informix_connection] from the namespace :com.topcoder.management.scorecard.persistence.InformixScorecardPersistence
Instantiate SqlUploadPersistence with connectionFactory and connectioName:informix_connection
Instantiate PersistenceUploadManager with UploadPersistence, uploadSearchBundle, submissionSearchBundle, uploadIdGenerator, uploadTypeIdGenerator, uploadStatusIdGenerator, submissionIDGenerator, submissionStatusIdGenerator and submissionTypeIdGenerator.
Instantiate AbstractResourcePersistence with connectionFactory and connectionName[informix_connection].
load Resource role with ids:[J@12b7313,[J@12b7313,[J@12b7313,[J@12b7313,[J@12b7313,[J@12b7313,[J@12b7313,[J@12b7313,[J@12b7313,[J@12b7313,[J@12b7313,[J@12b7313,[J@12b7313,[J@12b7313,[J@12b7313,[J@12b7313,[J@12b7313,[J@12b7313,[J@12b7313,[J@12b7313,[J@12b7313,[J@12b7313
operator: UnknownresourceId: Unknown - creating db connection using connection name: informix_connection
committing transaction
Read propery[ConnectionFactoryNS] which is  required  with value[com.topcoder.db.connectionfactory.DBConnectionFactoryImpl] from namespace [com.topcoder.management.project.persistence.InformixProjectPersistence].
Read propery[ConnectionName] which is  optional  with value[informix_connection] from namespace [com.topcoder.management.project.persistence.InformixProjectPersistence].
Read propery[ProjectIdSequenceName] which is  optional  with value[project_id_seq] from namespace [com.topcoder.management.project.persistence.InformixProjectPersistence].
Read propery[ProjectAuditIdSequenceName] which is  optional  with value[project_audit_id_seq] from namespace [com.topcoder.management.project.persistence.InformixProjectPersistence].
Read propery[ConnectionFactoryNS] which is  required  with value[com.topcoder.db.connectionfactory.DBConnectionFactoryImpl] from namespace [com.topcoder.management.project.persistence.link.ProjectLinkManagerImpl].
Read propery[ConnectionName] which is  optional  with value[informix_connection] from namespace [com.topcoder.management.project.persistence.link.ProjectLinkManagerImpl].
read property ConnectionFactoryNS[com.topcoder.db.connectionfactory.DBConnectionFactoryImpl] from the namespace :com.topcoder.management.scorecard.persistence.InformixScorecardPersistence
read property ConnectionName[informix_connection] from the namespace :com.topcoder.management.scorecard.persistence.InformixScorecardPersistence
Instantiate SqlUploadPersistence with connectionFactory and connectioName:informix_connection
Instantiate PersistenceUploadManager with UploadPersistence, uploadSearchBundle, submissionSearchBundle, uploadIdGenerator, uploadTypeIdGenerator, uploadStatusIdGenerator, submissionIDGenerator, submissionStatusIdGenerator and submissionTypeIdGenerator.
Instantiate AbstractResourcePersistence with connectionFactory and connectionName[informix_connection].
load Resource role with ids:[J@b7be21,[J@b7be21,[J@b7be21,[J@b7be21,[J@b7be21,[J@b7be21,[J@b7be21,[J@b7be21,[J@b7be21,[J@b7be21,[J@b7be21,[J@b7be21,[J@b7be21,[J@b7be21,[J@b7be21,[J@b7be21,[J@b7be21,[J@b7be21,[J@b7be21,[J@b7be21,[J@b7be21,[J@b7be21
operator: UnknownresourceId: Unknown - creating db connection using connection name: informix_connection
committing transaction
Read propery[ConnectionFactoryNS] which is  required  with value[com.topcoder.db.connectionfactory.DBConnectionFactoryImpl] from namespace [com.topcoder.management.project.persistence.InformixProjectPersistence].
Read propery[ConnectionName] which is  optional  with value[informix_connection] from namespace [com.topcoder.management.project.persistence.InformixProjectPersistence].
Read propery[ProjectIdSequenceName] which is  optional  with value[project_id_seq] from namespace [com.topcoder.management.project.persistence.InformixProjectPersistence].
Read propery[ProjectAuditIdSequenceName] which is  optional  with value[project_audit_id_seq] from namespace [com.topcoder.management.project.persistence.InformixProjectPersistence].
Read propery[ConnectionFactoryNS] which is  required  with value[com.topcoder.db.connectionfactory.DBConnectionFactoryImpl] from namespace [com.topcoder.management.project.persistence.link.ProjectLinkManagerImpl].
Read propery[ConnectionName] which is  optional  with value[informix_connection] from namespace [com.topcoder.management.project.persistence.link.ProjectLinkManagerImpl].
read property ConnectionFactoryNS[com.topcoder.db.connectionfactory.DBConnectionFactoryImpl] from the namespace :com.topcoder.management.scorecard.persistence.InformixScorecardPersistence
read property ConnectionName[informix_connection] from the namespace :com.topcoder.management.scorecard.persistence.InformixScorecardPersistence
Instantiate SqlUploadPersistence with connectionFactory and connectioName:informix_connection
Instantiate PersistenceUploadManager with UploadPersistence, uploadSearchBundle, submissionSearchBundle, uploadIdGenerator, uploadTypeIdGenerator, uploadStatusIdGenerator, submissionIDGenerator, submissionStatusIdGenerator and submissionTypeIdGenerator.
Instantiate AbstractResourcePersistence with connectionFactory and connectionName[informix_connection].
load Resource role with ids:[J@192f6c3,[J@192f6c3,[J@192f6c3,[J@192f6c3,[J@192f6c3,[J@192f6c3,[J@192f6c3,[J@192f6c3,[J@192f6c3,[J@192f6c3,[J@192f6c3,[J@192f6c3,[J@192f6c3,[J@192f6c3,[J@192f6c3,[J@192f6c3,[J@192f6c3,[J@192f6c3,[J@192f6c3,[J@192f6c3,[J@192f6c3,[J@192f6c3
operator: UnknownresourceId: Unknown - creating db connection using connection name: informix_connection
committing transaction
Read propery[ConnectionFactoryNS] which is  required  with value[com.topcoder.db.connectionfactory.DBConnectionFactoryImpl] from namespace [com.topcoder.management.project.persistence.InformixProjectPersistence].
Read propery[ConnectionName] which is  optional  with value[informix_connection] from namespace [com.topcoder.management.project.persistence.InformixProjectPersistence].
Read propery[ProjectIdSequenceName] which is  optional  with value[project_id_seq] from namespace [com.topcoder.management.project.persistence.InformixProjectPersistence].
Read propery[ProjectAuditIdSequenceName] which is  optional  with value[project_audit_id_seq] from namespace [com.topcoder.management.project.persistence.InformixProjectPersistence].
Read propery[ConnectionFactoryNS] which is  required  with value[com.topcoder.db.connectionfactory.DBConnectionFactoryImpl] from namespace [com.topcoder.management.project.persistence.link.ProjectLinkManagerImpl].
Read propery[ConnectionName] which is  optional  with value[informix_connection] from namespace [com.topcoder.management.project.persistence.link.ProjectLinkManagerImpl].
read property ConnectionFactoryNS[com.topcoder.db.connectionfactory.DBConnectionFactoryImpl] from the namespace :com.topcoder.management.scorecard.persistence.InformixScorecardPersistence
read property ConnectionName[informix_connection] from the namespace :com.topcoder.management.scorecard.persistence.InformixScorecardPersistence
Instantiate SqlUploadPersistence with connectionFactory and connectioName:informix_connection
Instantiate PersistenceUploadManager with UploadPersistence, uploadSearchBundle, submissionSearchBundle, uploadIdGenerator, uploadTypeIdGenerator, uploadStatusIdGenerator, submissionIDGenerator, submissionStatusIdGenerator and submissionTypeIdGenerator.
Instantiate AbstractResourcePersistence with connectionFactory and connectionName[informix_connection].
load Resource role with ids:[J@1ec0975,[J@1ec0975,[J@1ec0975,[J@1ec0975,[J@1ec0975,[J@1ec0975,[J@1ec0975,[J@1ec0975,[J@1ec0975,[J@1ec0975,[J@1ec0975,[J@1ec0975,[J@1ec0975,[J@1ec0975,[J@1ec0975,[J@1ec0975,[J@1ec0975,[J@1ec0975,[J@1ec0975,[J@1ec0975,[J@1ec0975,[J@1ec0975
operator: UnknownresourceId: Unknown - creating db connection using connection name: informix_connection
committing transaction
Read propery[ConnectionFactoryNS] which is  required  with value[com.topcoder.db.connectionfactory.DBConnectionFactoryImpl] from namespace [com.topcoder.management.project.persistence.InformixProjectPersistence].
Read propery[ConnectionName] which is  optional  with value[informix_connection] from namespace [com.topcoder.management.project.persistence.InformixProjectPersistence].
Read propery[ProjectIdSequenceName] which is  optional  with value[project_id_seq] from namespace [com.topcoder.management.project.persistence.InformixProjectPersistence].
Read propery[ProjectAuditIdSequenceName] which is  optional  with value[project_audit_id_seq] from namespace [com.topcoder.management.project.persistence.InformixProjectPersistence].
Read propery[ConnectionFactoryNS] which is  required  with value[com.topcoder.db.connectionfactory.DBConnectionFactoryImpl] from namespace [com.topcoder.management.project.persistence.link.ProjectLinkManagerImpl].
Read propery[ConnectionName] which is  optional  with value[informix_connection] from namespace [com.topcoder.management.project.persistence.link.ProjectLinkManagerImpl].
read property ConnectionFactoryNS[com.topcoder.db.connectionfactory.DBConnectionFactoryImpl] from the namespace :com.topcoder.management.scorecard.persistence.InformixScorecardPersistence
read property ConnectionName[informix_connection] from the namespace :com.topcoder.management.scorecard.persistence.InformixScorecardPersistence
Instantiate SqlUploadPersistence with connectionFactory and connectioName:informix_connection
Instantiate PersistenceUploadManager with UploadPersistence, uploadSearchBundle, submissionSearchBundle, uploadIdGenerator, uploadTypeIdGenerator, uploadStatusIdGenerator, submissionIDGenerator, submissionStatusIdGenerator and submissionTypeIdGenerator.
Instantiate AbstractResourcePersistence with connectionFactory and connectionName[informix_connection].
load Resource role with ids:[J@1a26b56,[J@1a26b56,[J@1a26b56,[J@1a26b56,[J@1a26b56,[J@1a26b56,[J@1a26b56,[J@1a26b56,[J@1a26b56,[J@1a26b56,[J@1a26b56,[J@1a26b56,[J@1a26b56,[J@1a26b56,[J@1a26b56,[J@1a26b56,[J@1a26b56,[J@1a26b56,[J@1a26b56,[J@1a26b56,[J@1a26b56,[J@1a26b56
operator: UnknownresourceId: Unknown - creating db connection using connection name: informix_connection
committing transaction
Read propery[ConnectionFactoryNS] which is  required  with value[com.topcoder.db.connectionfactory.DBConnectionFactoryImpl] from namespace [com.topcoder.management.project.persistence.InformixProjectPersistence].
Read propery[ConnectionName] which is  optional  with value[informix_connection] from namespace [com.topcoder.management.project.persistence.InformixProjectPersistence].
Read propery[ProjectIdSequenceName] which is  optional  with value[project_id_seq] from namespace [com.topcoder.management.project.persistence.InformixProjectPersistence].
Read propery[ProjectAuditIdSequenceName] which is  optional  with value[project_audit_id_seq] from namespace [com.topcoder.management.project.persistence.InformixProjectPersistence].
Read propery[ConnectionFactoryNS] which is  required  with value[com.topcoder.db.connectionfactory.DBConnectionFactoryImpl] from namespace [com.topcoder.management.project.persistence.link.ProjectLinkManagerImpl].
Read propery[ConnectionName] which is  optional  with value[informix_connection] from namespace [com.topcoder.management.project.persistence.link.ProjectLinkManagerImpl].
read property ConnectionFactoryNS[com.topcoder.db.connectionfactory.DBConnectionFactoryImpl] from the namespace :com.topcoder.management.scorecard.persistence.InformixScorecardPersistence
read property ConnectionName[informix_connection] from the namespace :com.topcoder.management.scorecard.persistence.InformixScorecardPersistence
Instantiate SqlUploadPersistence with connectionFactory and connectioName:informix_connection
Instantiate PersistenceUploadManager with UploadPersistence, uploadSearchBundle, submissionSearchBundle, uploadIdGenerator, uploadTypeIdGenerator, uploadStatusIdGenerator, submissionIDGenerator, submissionStatusIdGenerator and submissionTypeIdGenerator.
Instantiate AbstractResourcePersistence with connectionFactory and connectionName[informix_connection].
load Resource role with ids:[J@1c6b4a3,[J@1c6b4a3,[J@1c6b4a3,[J@1c6b4a3,[J@1c6b4a3,[J@1c6b4a3,[J@1c6b4a3,[J@1c6b4a3,[J@1c6b4a3,[J@1c6b4a3,[J@1c6b4a3,[J@1c6b4a3,[J@1c6b4a3,[J@1c6b4a3,[J@1c6b4a3,[J@1c6b4a3,[J@1c6b4a3,[J@1c6b4a3,[J@1c6b4a3,[J@1c6b4a3,[J@1c6b4a3,[J@1c6b4a3
operator: UnknownresourceId: Unknown - creating db connection using connection name: informix_connection
committing transaction
operator: UnknownprojectId: Unknown - Enter getDestProjectLinks method.
operator: UnknownprojectId: Unknown - creating db connection using connection name: informix_connection
get projects with the ids: 1,2
operator: UnknownprojectId: Unknown - creating db connection using connection name: informix_connection
committing transaction
committing transaction
Read propery[ConnectionFactoryNS] which is  required  with value[com.topcoder.db.connectionfactory.DBConnectionFactoryImpl] from namespace [com.topcoder.management.project.persistence.InformixProjectPersistence].
Read propery[ConnectionName] which is  optional  with value[informix_connection] from namespace [com.topcoder.management.project.persistence.InformixProjectPersistence].
Read propery[ProjectIdSequenceName] which is  optional  with value[project_id_seq] from namespace [com.topcoder.management.project.persistence.InformixProjectPersistence].
Read propery[ProjectAuditIdSequenceName] which is  optional  with value[project_audit_id_seq] from namespace [com.topcoder.management.project.persistence.InformixProjectPersistence].
Read propery[ConnectionFactoryNS] which is  required  with value[com.topcoder.db.connectionfactory.DBConnectionFactoryImpl] from namespace [com.topcoder.management.project.persistence.link.ProjectLinkManagerImpl].
Read propery[ConnectionName] which is  optional  with value[informix_connection] from namespace [com.topcoder.management.project.persistence.link.ProjectLinkManagerImpl].
read property ConnectionFactoryNS[com.topcoder.db.connectionfactory.DBConnectionFactoryImpl] from the namespace :com.topcoder.management.scorecard.persistence.InformixScorecardPersistence
read property ConnectionName[informix_connection] from the namespace :com.topcoder.management.scorecard.persistence.InformixScorecardPersistence
Instantiate SqlUploadPersistence with connectionFactory and connectioName:informix_connection
Instantiate PersistenceUploadManager with UploadPersistence, uploadSearchBundle, submissionSearchBundle, uploadIdGenerator, uploadTypeIdGenerator, uploadStatusIdGenerator, submissionIDGenerator, submissionStatusIdGenerator and submissionTypeIdGenerator.
Instantiate AbstractResourcePersistence with connectionFactory and connectionName[informix_connection].
load Resource role with ids:[J@4700ae,[J@4700ae,[J@4700ae,[J@4700ae,[J@4700ae,[J@4700ae,[J@4700ae,[J@4700ae,[J@4700ae,[J@4700ae,[J@4700ae,[J@4700ae,[J@4700ae,[J@4700ae,[J@4700ae,[J@4700ae,[J@4700ae,[J@4700ae,[J@4700ae,[J@4700ae,[J@4700ae,[J@4700ae
operator: UnknownresourceId: Unknown - creating db connection using connection name: informix_connection
committing transaction
type: Upload id: Unknown operator:Unknown - search submissions with filter. found: 0
Read propery[ConnectionFactoryNS] which is  required  with value[com.topcoder.db.connectionfactory.DBConnectionFactoryImpl] from namespace [com.topcoder.management.project.persistence.InformixProjectPersistence].
Read propery[ConnectionName] which is  optional  with value[informix_connection] from namespace [com.topcoder.management.project.persistence.InformixProjectPersistence].
Read propery[ProjectIdSequenceName] which is  optional  with value[project_id_seq] from namespace [com.topcoder.management.project.persistence.InformixProjectPersistence].
Read propery[ProjectAuditIdSequenceName] which is  optional  with value[project_audit_id_seq] from namespace [com.topcoder.management.project.persistence.InformixProjectPersistence].
Read propery[ConnectionFactoryNS] which is  required  with value[com.topcoder.db.connectionfactory.DBConnectionFactoryImpl] from namespace [com.topcoder.management.project.persistence.link.ProjectLinkManagerImpl].
Read propery[ConnectionName] which is  optional  with value[informix_connection] from namespace [com.topcoder.management.project.persistence.link.ProjectLinkManagerImpl].
read property ConnectionFactoryNS[com.topcoder.db.connectionfactory.DBConnectionFactoryImpl] from the namespace :com.topcoder.management.scorecard.persistence.InformixScorecardPersistence
read property ConnectionName[informix_connection] from the namespace :com.topcoder.management.scorecard.persistence.InformixScorecardPersistence
Instantiate SqlUploadPersistence with connectionFactory and connectioName:informix_connection
Instantiate PersistenceUploadManager with UploadPersistence, uploadSearchBundle, submissionSearchBundle, uploadIdGenerator, uploadTypeIdGenerator, uploadStatusIdGenerator, submissionIDGenerator, submissionStatusIdGenerator and submissionTypeIdGenerator.
Instantiate AbstractResourcePersistence with connectionFactory and connectionName[informix_connection].
load Resource role with ids:[J@1afc20a,[J@1afc20a,[J@1afc20a,[J@1afc20a,[J@1afc20a,[J@1afc20a,[J@1afc20a,[J@1afc20a,[J@1afc20a,[J@1afc20a,[J@1afc20a,[J@1afc20a,[J@1afc20a,[J@1afc20a,[J@1afc20a,[J@1afc20a,[J@1afc20a,[J@1afc20a,[J@1afc20a,[J@1afc20a,[J@1afc20a,[J@1afc20a
operator: UnknownresourceId: Unknown - creating db connection using connection name: informix_connection
committing transaction
Read propery[ConnectionFactoryNS] which is  required  with value[com.topcoder.db.connectionfactory.DBConnectionFactoryImpl] from namespace [com.topcoder.management.project.persistence.InformixProjectPersistence].
Read propery[ConnectionName] which is  optional  with value[informix_connection] from namespace [com.topcoder.management.project.persistence.InformixProjectPersistence].
Read propery[ProjectIdSequenceName] which is  optional  with value[project_id_seq] from namespace [com.topcoder.management.project.persistence.InformixProjectPersistence].
Read propery[ProjectAuditIdSequenceName] which is  optional  with value[project_audit_id_seq] from namespace [com.topcoder.management.project.persistence.InformixProjectPersistence].
Read propery[ConnectionFactoryNS] which is  required  with value[com.topcoder.db.connectionfactory.DBConnectionFactoryImpl] from namespace [com.topcoder.management.project.persistence.link.ProjectLinkManagerImpl].
Read propery[ConnectionName] which is  optional  with value[informix_connection] from namespace [com.topcoder.management.project.persistence.link.ProjectLinkManagerImpl].
read property ConnectionFactoryNS[com.topcoder.db.connectionfactory.DBConnectionFactoryImpl] from the namespace :com.topcoder.management.scorecard.persistence.InformixScorecardPersistence
read property ConnectionName[informix_connection] from the namespace :com.topcoder.management.scorecard.persistence.InformixScorecardPersistence
Instantiate SqlUploadPersistence with connectionFactory and connectioName:informix_connection
Instantiate PersistenceUploadManager with UploadPersistence, uploadSearchBundle, submissionSearchBundle, uploadIdGenerator, uploadTypeIdGenerator, uploadStatusIdGenerator, submissionIDGenerator, submissionStatusIdGenerator and submissionTypeIdGenerator.
Instantiate AbstractResourcePersistence with connectionFactory and connectionName[informix_connection].
load Resource role with ids:[J@1854ae8,[J@1854ae8,[J@1854ae8,[J@1854ae8,[J@1854ae8,[J@1854ae8,[J@1854ae8,[J@1854ae8,[J@1854ae8,[J@1854ae8,[J@1854ae8,[J@1854ae8,[J@1854ae8,[J@1854ae8,[J@1854ae8,[J@1854ae8,[J@1854ae8,[J@1854ae8,[J@1854ae8,[J@1854ae8,[J@1854ae8,[J@1854ae8
operator: UnknownresourceId: Unknown - creating db connection using connection name: informix_connection
committing transaction
type: Upload id: Unknown operator:Unknown - search submissions with filter. found: 1
Read propery[ConnectionFactoryNS] which is  required  with value[com.topcoder.db.connectionfactory.DBConnectionFactoryImpl] from namespace [com.topcoder.management.project.persistence.InformixProjectPersistence].
Read propery[ConnectionName] which is  optional  with value[informix_connection] from namespace [com.topcoder.management.project.persistence.InformixProjectPersistence].
Read propery[ProjectIdSequenceName] which is  optional  with value[project_id_seq] from namespace [com.topcoder.management.project.persistence.InformixProjectPersistence].
Read propery[ProjectAuditIdSequenceName] which is  optional  with value[project_audit_id_seq] from namespace [com.topcoder.management.project.persistence.InformixProjectPersistence].
Read propery[ConnectionFactoryNS] which is  required  with value[com.topcoder.db.connectionfactory.DBConnectionFactoryImpl] from namespace [com.topcoder.management.project.persistence.link.ProjectLinkManagerImpl].
Read propery[ConnectionName] which is  optional  with value[informix_connection] from namespace [com.topcoder.management.project.persistence.link.ProjectLinkManagerImpl].
read property ConnectionFactoryNS[com.topcoder.db.connectionfactory.DBConnectionFactoryImpl] from the namespace :com.topcoder.management.scorecard.persistence.InformixScorecardPersistence
read property ConnectionName[informix_connection] from the namespace :com.topcoder.management.scorecard.persistence.InformixScorecardPersistence
Instantiate SqlUploadPersistence with connectionFactory and connectioName:informix_connection
Instantiate PersistenceUploadManager with UploadPersistence, uploadSearchBundle, submissionSearchBundle, uploadIdGenerator, uploadTypeIdGenerator, uploadStatusIdGenerator, submissionIDGenerator, submissionStatusIdGenerator and submissionTypeIdGenerator.
Instantiate AbstractResourcePersistence with connectionFactory and connectionName[informix_connection].
load Resource role with ids:[J@1a6af53,[J@1a6af53,[J@1a6af53,[J@1a6af53,[J@1a6af53,[J@1a6af53,[J@1a6af53,[J@1a6af53,[J@1a6af53,[J@1a6af53,[J@1a6af53,[J@1a6af53,[J@1a6af53,[J@1a6af53,[J@1a6af53,[J@1a6af53,[J@1a6af53,[J@1a6af53,[J@1a6af53,[J@1a6af53,[J@1a6af53,[J@1a6af53
operator: UnknownresourceId: Unknown - creating db connection using connection name: informix_connection
committing transaction
Read propery[ConnectionFactoryNS] which is  required  with value[com.topcoder.db.connectionfactory.DBConnectionFactoryImpl] from namespace [com.topcoder.management.project.persistence.InformixProjectPersistence].
Read propery[ConnectionName] which is  optional  with value[informix_connection] from namespace [com.topcoder.management.project.persistence.InformixProjectPersistence].
Read propery[ProjectIdSequenceName] which is  optional  with value[project_id_seq] from namespace [com.topcoder.management.project.persistence.InformixProjectPersistence].
Read propery[ProjectAuditIdSequenceName] which is  optional  with value[project_audit_id_seq] from namespace [com.topcoder.management.project.persistence.InformixProjectPersistence].
Read propery[ConnectionFactoryNS] which is  required  with value[com.topcoder.db.connectionfactory.DBConnectionFactoryImpl] from namespace [com.topcoder.management.project.persistence.link.ProjectLinkManagerImpl].
Read propery[ConnectionName] which is  optional  with value[informix_connection] from namespace [com.topcoder.management.project.persistence.link.ProjectLinkManagerImpl].
read property ConnectionFactoryNS[com.topcoder.db.connectionfactory.DBConnectionFactoryImpl] from the namespace :com.topcoder.management.scorecard.persistence.InformixScorecardPersistence
read property ConnectionName[informix_connection] from the namespace :com.topcoder.management.scorecard.persistence.InformixScorecardPersistence
Instantiate SqlUploadPersistence with connectionFactory and connectioName:informix_connection
Instantiate PersistenceUploadManager with UploadPersistence, uploadSearchBundle, submissionSearchBundle, uploadIdGenerator, uploadTypeIdGenerator, uploadStatusIdGenerator, submissionIDGenerator, submissionStatusIdGenerator and submissionTypeIdGenerator.
Instantiate AbstractResourcePersistence with connectionFactory and connectionName[informix_connection].
load Resource role with ids:[J@94e2d2,[J@94e2d2,[J@94e2d2,[J@94e2d2,[J@94e2d2,[J@94e2d2,[J@94e2d2,[J@94e2d2,[J@94e2d2,[J@94e2d2,[J@94e2d2,[J@94e2d2,[J@94e2d2,[J@94e2d2,[J@94e2d2,[J@94e2d2,[J@94e2d2,[J@94e2d2,[J@94e2d2,[J@94e2d2,[J@94e2d2,[J@94e2d2
operator: UnknownresourceId: Unknown - creating db connection using connection name: informix_connection
committing transaction
Read propery[ConnectionFactoryNS] which is  required  with value[com.topcoder.db.connectionfactory.DBConnectionFactoryImpl] from namespace [com.topcoder.management.project.persistence.InformixProjectPersistence].
Read propery[ConnectionName] which is  optional  with value[informix_connection] from namespace [com.topcoder.management.project.persistence.InformixProjectPersistence].
Read propery[ProjectIdSequenceName] which is  optional  with value[project_id_seq] from namespace [com.topcoder.management.project.persistence.InformixProjectPersistence].
Read propery[ProjectAuditIdSequenceName] which is  optional  with value[project_audit_id_seq] from namespace [com.topcoder.management.project.persistence.InformixProjectPersistence].
Read propery[ConnectionFactoryNS] which is  required  with value[com.topcoder.db.connectionfactory.DBConnectionFactoryImpl] from namespace [com.topcoder.management.project.persistence.link.ProjectLinkManagerImpl].
Read propery[ConnectionName] which is  optional  with value[informix_connection] from namespace [com.topcoder.management.project.persistence.link.ProjectLinkManagerImpl].
read property ConnectionFactoryNS[com.topcoder.db.connectionfactory.DBConnectionFactoryImpl] from the namespace :com.topcoder.management.scorecard.persistence.InformixScorecardPersistence
read property ConnectionName[informix_connection] from the namespace :com.topcoder.management.scorecard.persistence.InformixScorecardPersistence
Instantiate SqlUploadPersistence with connectionFactory and connectioName:informix_connection
Instantiate PersistenceUploadManager with UploadPersistence, uploadSearchBundle, submissionSearchBundle, uploadIdGenerator, uploadTypeIdGenerator, uploadStatusIdGenerator, submissionIDGenerator, submissionStatusIdGenerator and submissionTypeIdGenerator.
Instantiate AbstractResourcePersistence with connectionFactory and connectionName[informix_connection].
load Resource role with ids:[J@9a01cb,[J@9a01cb,[J@9a01cb,[J@9a01cb,[J@9a01cb,[J@9a01cb,[J@9a01cb,[J@9a01cb,[J@9a01cb,[J@9a01cb,[J@9a01cb,[J@9a01cb,[J@9a01cb,[J@9a01cb,[J@9a01cb,[J@9a01cb,[J@9a01cb,[J@9a01cb,[J@9a01cb,[J@9a01cb,[J@9a01cb,[J@9a01cb
operator: UnknownresourceId: Unknown - creating db connection using connection name: informix_connection
committing transaction
Read propery[ConnectionFactoryNS] which is  required  with value[com.topcoder.db.connectionfactory.DBConnectionFactoryImpl] from namespace [com.topcoder.management.project.persistence.InformixProjectPersistence].
Read propery[ConnectionName] which is  optional  with value[informix_connection] from namespace [com.topcoder.management.project.persistence.InformixProjectPersistence].
Read propery[ProjectIdSequenceName] which is  optional  with value[project_id_seq] from namespace [com.topcoder.management.project.persistence.InformixProjectPersistence].
Read propery[ProjectAuditIdSequenceName] which is  optional  with value[project_audit_id_seq] from namespace [com.topcoder.management.project.persistence.InformixProjectPersistence].
Read propery[ConnectionFactoryNS] which is  required  with value[com.topcoder.db.connectionfactory.DBConnectionFactoryImpl] from namespace [com.topcoder.management.project.persistence.link.ProjectLinkManagerImpl].
Read propery[ConnectionName] which is  optional  with value[informix_connection] from namespace [com.topcoder.management.project.persistence.link.ProjectLinkManagerImpl].
read property ConnectionFactoryNS[com.topcoder.db.connectionfactory.DBConnectionFactoryImpl] from the namespace :com.topcoder.management.scorecard.persistence.InformixScorecardPersistence
read property ConnectionName[informix_connection] from the namespace :com.topcoder.management.scorecard.persistence.InformixScorecardPersistence
Instantiate SqlUploadPersistence with connectionFactory and connectioName:informix_connection
Instantiate PersistenceUploadManager with UploadPersistence, uploadSearchBundle, submissionSearchBundle, uploadIdGenerator, uploadTypeIdGenerator, uploadStatusIdGenerator, submissionIDGenerator, submissionStatusIdGenerator and submissionTypeIdGenerator.
Instantiate AbstractResourcePersistence with connectionFactory and connectionName[informix_connection].
load Resource role with ids:[J@a75223,[J@a75223,[J@a75223,[J@a75223,[J@a75223,[J@a75223,[J@a75223,[J@a75223,[J@a75223,[J@a75223,[J@a75223,[J@a75223,[J@a75223,[J@a75223,[J@a75223,[J@a75223,[J@a75223,[J@a75223,[J@a75223,[J@a75223,[J@a75223,[J@a75223
operator: UnknownresourceId: Unknown - creating db connection using connection name: informix_connection
committing transaction
Read propery[ConnectionFactoryNS] which is  required  with value[com.topcoder.db.connectionfactory.DBConnectionFactoryImpl] from namespace [com.topcoder.management.project.persistence.InformixProjectPersistence].
Read propery[ConnectionName] which is  optional  with value[informix_connection] from namespace [com.topcoder.management.project.persistence.InformixProjectPersistence].
Read propery[ProjectIdSequenceName] which is  optional  with value[project_id_seq] from namespace [com.topcoder.management.project.persistence.InformixProjectPersistence].
Read propery[ProjectAuditIdSequenceName] which is  optional  with value[project_audit_id_seq] from namespace [com.topcoder.management.project.persistence.InformixProjectPersistence].
Read propery[ConnectionFactoryNS] which is  required  with value[com.topcoder.db.connectionfactory.DBConnectionFactoryImpl] from namespace [com.topcoder.management.project.persistence.link.ProjectLinkManagerImpl].
Read propery[ConnectionName] which is  optional  with value[informix_connection] from namespace [com.topcoder.management.project.persistence.link.ProjectLinkManagerImpl].
read property ConnectionFactoryNS[com.topcoder.db.connectionfactory.DBConnectionFactoryImpl] from the namespace :com.topcoder.management.scorecard.persistence.InformixScorecardPersistence
read property ConnectionName[informix_connection] from the namespace :com.topcoder.management.scorecard.persistence.InformixScorecardPersistence
Instantiate SqlUploadPersistence with connectionFactory and connectioName:informix_connection
Instantiate PersistenceUploadManager with UploadPersistence, uploadSearchBundle, submissionSearchBundle, uploadIdGenerator, uploadTypeIdGenerator, uploadStatusIdGenerator, submissionIDGenerator, submissionStatusIdGenerator and submissionTypeIdGenerator.
Instantiate AbstractResourcePersistence with connectionFactory and connectionName[informix_connection].
load Resource role with ids:[J@eda3d8,[J@eda3d8,[J@eda3d8,[J@eda3d8,[J@eda3d8,[J@eda3d8,[J@eda3d8,[J@eda3d8,[J@eda3d8,[J@eda3d8,[J@eda3d8,[J@eda3d8,[J@eda3d8,[J@eda3d8,[J@eda3d8,[J@eda3d8,[J@eda3d8,[J@eda3d8,[J@eda3d8,[J@eda3d8,[J@eda3d8,[J@eda3d8
operator: UnknownresourceId: Unknown - creating db connection using connection name: informix_connection
committing transaction
Read propery[ConnectionFactoryNS] which is  required  with value[com.topcoder.db.connectionfactory.DBConnectionFactoryImpl] from namespace [com.topcoder.management.project.persistence.InformixProjectPersistence].
Read propery[ConnectionName] which is  optional  with value[informix_connection] from namespace [com.topcoder.management.project.persistence.InformixProjectPersistence].
Read propery[ProjectIdSequenceName] which is  optional  with value[project_id_seq] from namespace [com.topcoder.management.project.persistence.InformixProjectPersistence].
Read propery[ProjectAuditIdSequenceName] which is  optional  with value[project_audit_id_seq] from namespace [com.topcoder.management.project.persistence.InformixProjectPersistence].
Read propery[ConnectionFactoryNS] which is  required  with value[com.topcoder.db.connectionfactory.DBConnectionFactoryImpl] from namespace [com.topcoder.management.project.persistence.link.ProjectLinkManagerImpl].
Read propery[ConnectionName] which is  optional  with value[informix_connection] from namespace [com.topcoder.management.project.persistence.link.ProjectLinkManagerImpl].
read property ConnectionFactoryNS[com.topcoder.db.connectionfactory.DBConnectionFactoryImpl] from the namespace :com.topcoder.management.scorecard.persistence.InformixScorecardPersistence
read property ConnectionName[informix_connection] from the namespace :com.topcoder.management.scorecard.persistence.InformixScorecardPersistence
Instantiate SqlUploadPersistence with connectionFactory and connectioName:informix_connection
Instantiate PersistenceUploadManager with UploadPersistence, uploadSearchBundle, submissionSearchBundle, uploadIdGenerator, uploadTypeIdGenerator, uploadStatusIdGenerator, submissionIDGenerator, submissionStatusIdGenerator and submissionTypeIdGenerator.
Instantiate AbstractResourcePersistence with connectionFactory and connectionName[informix_connection].
load Resource role with ids:[J@18d8140,[J@18d8140,[J@18d8140,[J@18d8140,[J@18d8140,[J@18d8140,[J@18d8140,[J@18d8140,[J@18d8140,[J@18d8140,[J@18d8140,[J@18d8140,[J@18d8140,[J@18d8140,[J@18d8140,[J@18d8140,[J@18d8140,[J@18d8140,[J@18d8140,[J@18d8140,[J@18d8140,[J@18d8140
operator: UnknownresourceId: Unknown - creating db connection using connection name: informix_connection
committing transaction
Read propery[ConnectionFactoryNS] which is  required  with value[com.topcoder.db.connectionfactory.DBConnectionFactoryImpl] from namespace [com.topcoder.management.project.persistence.InformixProjectPersistence].
Read propery[ConnectionName] which is  optional  with value[informix_connection] from namespace [com.topcoder.management.project.persistence.InformixProjectPersistence].
Read propery[ProjectIdSequenceName] which is  optional  with value[project_id_seq] from namespace [com.topcoder.management.project.persistence.InformixProjectPersistence].
Read propery[ProjectAuditIdSequenceName] which is  optional  with value[project_audit_id_seq] from namespace [com.topcoder.management.project.persistence.InformixProjectPersistence].
Read propery[ConnectionFactoryNS] which is  required  with value[com.topcoder.db.connectionfactory.DBConnectionFactoryImpl] from namespace [com.topcoder.management.project.persistence.link.ProjectLinkManagerImpl].
Read propery[ConnectionName] which is  optional  with value[informix_connection] from namespace [com.topcoder.management.project.persistence.link.ProjectLinkManagerImpl].
read property ConnectionFactoryNS[com.topcoder.db.connectionfactory.DBConnectionFactoryImpl] from the namespace :com.topcoder.management.scorecard.persistence.InformixScorecardPersistence
read property ConnectionName[informix_connection] from the namespace :com.topcoder.management.scorecard.persistence.InformixScorecardPersistence
Instantiate SqlUploadPersistence with connectionFactory and connectioName:informix_connection
Instantiate PersistenceUploadManager with UploadPersistence, uploadSearchBundle, submissionSearchBundle, uploadIdGenerator, uploadTypeIdGenerator, uploadStatusIdGenerator, submissionIDGenerator, submissionStatusIdGenerator and submissionTypeIdGenerator.
Instantiate AbstractResourcePersistence with connectionFactory and connectionName[informix_connection].
load Resource role with ids:[J@1df6f53,[J@1df6f53,[J@1df6f53,[J@1df6f53,[J@1df6f53,[J@1df6f53,[J@1df6f53,[J@1df6f53,[J@1df6f53,[J@1df6f53,[J@1df6f53,[J@1df6f53,[J@1df6f53,[J@1df6f53,[J@1df6f53,[J@1df6f53,[J@1df6f53,[J@1df6f53,[J@1df6f53,[J@1df6f53,[J@1df6f53,[J@1df6f53
operator: UnknownresourceId: Unknown - creating db connection using connection name: informix_connection
committing transaction
Read propery[ConnectionFactoryNS] which is  required  with value[com.topcoder.db.connectionfactory.DBConnectionFactoryImpl] from namespace [com.topcoder.management.project.persistence.InformixProjectPersistence].
Read propery[ConnectionName] which is  optional  with value[informix_connection] from namespace [com.topcoder.management.project.persistence.InformixProjectPersistence].
Read propery[ProjectIdSequenceName] which is  optional  with value[project_id_seq] from namespace [com.topcoder.management.project.persistence.InformixProjectPersistence].
Read propery[ProjectAuditIdSequenceName] which is  optional  with value[project_audit_id_seq] from namespace [com.topcoder.management.project.persistence.InformixProjectPersistence].
Read propery[ConnectionFactoryNS] which is  required  with value[com.topcoder.db.connectionfactory.DBConnectionFactoryImpl] from namespace [com.topcoder.management.project.persistence.link.ProjectLinkManagerImpl].
Read propery[ConnectionName] which is  optional  with value[informix_connection] from namespace [com.topcoder.management.project.persistence.link.ProjectLinkManagerImpl].
read property ConnectionFactoryNS[com.topcoder.db.connectionfactory.DBConnectionFactoryImpl] from the namespace :com.topcoder.management.scorecard.persistence.InformixScorecardPersistence
read property ConnectionName[informix_connection] from the namespace :com.topcoder.management.scorecard.persistence.InformixScorecardPersistence
Instantiate SqlUploadPersistence with connectionFactory and connectioName:informix_connection
Instantiate PersistenceUploadManager with UploadPersistence, uploadSearchBundle, submissionSearchBundle, uploadIdGenerator, uploadTypeIdGenerator, uploadStatusIdGenerator, submissionIDGenerator, submissionStatusIdGenerator and submissionTypeIdGenerator.
Instantiate AbstractResourcePersistence with connectionFactory and connectionName[informix_connection].
load Resource role with ids:[J@17ba411,[J@17ba411,[J@17ba411,[J@17ba411,[J@17ba411,[J@17ba411,[J@17ba411,[J@17ba411,[J@17ba411,[J@17ba411,[J@17ba411,[J@17ba411,[J@17ba411,[J@17ba411,[J@17ba411,[J@17ba411,[J@17ba411,[J@17ba411,[J@17ba411,[J@17ba411,[J@17ba411,[J@17ba411
operator: UnknownresourceId: Unknown - creating db connection using connection name: informix_connection
committing transaction
Read propery[ConnectionFactoryNS] which is  required  with value[com.topcoder.db.connectionfactory.DBConnectionFactoryImpl] from namespace [com.topcoder.management.project.persistence.InformixProjectPersistence].
Read propery[ConnectionName] which is  optional  with value[informix_connection] from namespace [com.topcoder.management.project.persistence.InformixProjectPersistence].
Read propery[ProjectIdSequenceName] which is  optional  with value[project_id_seq] from namespace [com.topcoder.management.project.persistence.InformixProjectPersistence].
Read propery[ProjectAuditIdSequenceName] which is  optional  with value[project_audit_id_seq] from namespace [com.topcoder.management.project.persistence.InformixProjectPersistence].
Read propery[ConnectionFactoryNS] which is  required  with value[com.topcoder.db.connectionfactory.DBConnectionFactoryImpl] from namespace [com.topcoder.management.project.persistence.link.ProjectLinkManagerImpl].
Read propery[ConnectionName] which is  optional  with value[informix_connection] from namespace [com.topcoder.management.project.persistence.link.ProjectLinkManagerImpl].
read property ConnectionFactoryNS[com.topcoder.db.connectionfactory.DBConnectionFactoryImpl] from the namespace :com.topcoder.management.scorecard.persistence.InformixScorecardPersistence
read property ConnectionName[informix_connection] from the namespace :com.topcoder.management.scorecard.persistence.InformixScorecardPersistence
Instantiate SqlUploadPersistence with connectionFactory and connectioName:informix_connection
Instantiate PersistenceUploadManager with UploadPersistence, uploadSearchBundle, submissionSearchBundle, uploadIdGenerator, uploadTypeIdGenerator, uploadStatusIdGenerator, submissionIDGenerator, submissionStatusIdGenerator and submissionTypeIdGenerator.
Instantiate AbstractResourcePersistence with connectionFactory and connectionName[informix_connection].
load Resource role with ids:[J@e8059e,[J@e8059e,[J@e8059e,[J@e8059e,[J@e8059e,[J@e8059e,[J@e8059e,[J@e8059e,[J@e8059e,[J@e8059e,[J@e8059e,[J@e8059e,[J@e8059e,[J@e8059e,[J@e8059e,[J@e8059e,[J@e8059e,[J@e8059e,[J@e8059e,[J@e8059e,[J@e8059e,[J@e8059e
operator: UnknownresourceId: Unknown - creating db connection using connection name: informix_connection
committing transaction
type: Upload id: Unknown operator:Unknown - search submissions with filter. found: 1
Read propery[ConnectionFactoryNS] which is  required  with value[com.topcoder.db.connectionfactory.DBConnectionFactoryImpl] from namespace [com.topcoder.management.project.persistence.InformixProjectPersistence].
Read propery[ConnectionName] which is  optional  with value[informix_connection] from namespace [com.topcoder.management.project.persistence.InformixProjectPersistence].
Read propery[ProjectIdSequenceName] which is  optional  with value[project_id_seq] from namespace [com.topcoder.management.project.persistence.InformixProjectPersistence].
Read propery[ProjectAuditIdSequenceName] which is  optional  with value[project_audit_id_seq] from namespace [com.topcoder.management.project.persistence.InformixProjectPersistence].
Read propery[ConnectionFactoryNS] which is  required  with value[com.topcoder.db.connectionfactory.DBConnectionFactoryImpl] from namespace [com.topcoder.management.project.persistence.link.ProjectLinkManagerImpl].
Read propery[ConnectionName] which is  optional  with value[informix_connection] from namespace [com.topcoder.management.project.persistence.link.ProjectLinkManagerImpl].
read property ConnectionFactoryNS[com.topcoder.db.connectionfactory.DBConnectionFactoryImpl] from the namespace :com.topcoder.management.scorecard.persistence.InformixScorecardPersistence
read property ConnectionName[informix_connection] from the namespace :com.topcoder.management.scorecard.persistence.InformixScorecardPersistence
Instantiate SqlUploadPersistence with connectionFactory and connectioName:informix_connection
Instantiate PersistenceUploadManager with UploadPersistence, uploadSearchBundle, submissionSearchBundle, uploadIdGenerator, uploadTypeIdGenerator, uploadStatusIdGenerator, submissionIDGenerator, submissionStatusIdGenerator and submissionTypeIdGenerator.
Instantiate AbstractResourcePersistence with connectionFactory and connectionName[informix_connection].
load Resource role with ids:[J@18f9de,[J@18f9de,[J@18f9de,[J@18f9de,[J@18f9de,[J@18f9de,[J@18f9de,[J@18f9de,[J@18f9de,[J@18f9de,[J@18f9de,[J@18f9de,[J@18f9de,[J@18f9de,[J@18f9de,[J@18f9de,[J@18f9de,[J@18f9de,[J@18f9de,[J@18f9de,[J@18f9de,[J@18f9de
operator: UnknownresourceId: Unknown - creating db connection using connection name: informix_connection
committing transaction
load Resource with ids:[J@1d9688f
operator: UnknownresourceId: Unknown - creating db connection using connection name: informix_connection
load ResourceRole with id:18
operator: UnknownresourceId: Unknown - creating db connection using connection name: informix_connection
committing transaction
committing transaction
load Notifications with array of userIds/projectIds/notificationTypes.
operator: UnknownresourceId: Unknown - creating db connection using connection name: informix_connection
committing transaction
get projects with the ids: 1
operator: UnknownprojectId: Unknown - creating db connection using connection name: informix_connection
committing transaction
load Resource role with ids:[J@7fe494,[J@7fe494,[J@7fe494,[J@7fe494,[J@7fe494,[J@7fe494,[J@7fe494,[J@7fe494,[J@7fe494,[J@7fe494,[J@7fe494,[J@7fe494,[J@7fe494,[J@7fe494,[J@7fe494,[J@7fe494,[J@7fe494,[J@7fe494,[J@7fe494,[J@7fe494,[J@7fe494,[J@7fe494
operator: UnknownresourceId: Unknown - creating db connection using connection name: informix_connection
committing transaction
load Resource with ids:[J@1749b07
operator: UnknownresourceId: Unknown - creating db connection using connection name: informix_connection
load ResourceRole with id:4
operator: UnknownresourceId: Unknown - creating db connection using connection name: informix_connection
committing transaction
committing transaction
load Resource with ids:[J@1a789fd
operator: UnknownresourceId: Unknown - creating db connection using connection name: informix_connection
load ResourceRole with id:18
operator: UnknownresourceId: Unknown - creating db connection using connection name: informix_connection
committing transaction
committing transaction
load Resource with ids:[J@3571fd
operator: UnknownresourceId: Unknown - creating db connection using connection name: informix_connection
load ResourceRole with id:12
operator: UnknownresourceId: Unknown - creating db connection using connection name: informix_connection
committing transaction
committing transaction
load Resource with ids:[J@1c73ad5
operator: UnknownresourceId: Unknown - creating db connection using connection name: informix_connection
load ResourceRole with id:13
operator: UnknownresourceId: Unknown - creating db connection using connection name: informix_connection
committing transaction
committing transaction
load Resource with ids:[J@1d42b72
operator: UnknownresourceId: Unknown - creating db connection using connection name: informix_connection
load ResourceRole with id:9
operator: UnknownresourceId: Unknown - creating db connection using connection name: informix_connection
committing transaction
committing transaction
operator: UnknownresourceId: 100001 - load resource.
operator: UnknownresourceId: Unknown - creating db connection using connection name: informix_connection
load ResourceRole with id:4
operator: UnknownresourceId: Unknown - creating db connection using connection name: informix_connection
committing transaction
committing transaction
operator: UnknownresourceId: 100000 - load resource.
operator: UnknownresourceId: Unknown - creating db connection using connection name: informix_connection
load ResourceRole with id:13
operator: UnknownresourceId: Unknown - creating db connection using connection name: informix_connection
committing transaction
committing transaction
operator: UnknownresourceId: 5 - load resource.
operator: UnknownresourceId: Unknown - creating db connection using connection name: informix_connection
load ResourceRole with id:18
operator: UnknownresourceId: Unknown - creating db connection using connection name: informix_connection
committing transaction
committing transaction
Read propery[ConnectionFactoryNS] which is  required  with value[com.topcoder.db.connectionfactory.DBConnectionFactoryImpl] from namespace [com.topcoder.management.project.persistence.InformixProjectPersistence].
Read propery[ConnectionName] which is  optional  with value[informix_connection] from namespace [com.topcoder.management.project.persistence.InformixProjectPersistence].
Read propery[ProjectIdSequenceName] which is  optional  with value[project_id_seq] from namespace [com.topcoder.management.project.persistence.InformixProjectPersistence].
Read propery[ProjectAuditIdSequenceName] which is  optional  with value[project_audit_id_seq] from namespace [com.topcoder.management.project.persistence.InformixProjectPersistence].
Read propery[ConnectionFactoryNS] which is  required  with value[com.topcoder.db.connectionfactory.DBConnectionFactoryImpl] from namespace [com.topcoder.management.project.persistence.link.ProjectLinkManagerImpl].
Read propery[ConnectionName] which is  optional  with value[informix_connection] from namespace [com.topcoder.management.project.persistence.link.ProjectLinkManagerImpl].
read property ConnectionFactoryNS[com.topcoder.db.connectionfactory.DBConnectionFactoryImpl] from the namespace :com.topcoder.management.scorecard.persistence.InformixScorecardPersistence
read property ConnectionName[informix_connection] from the namespace :com.topcoder.management.scorecard.persistence.InformixScorecardPersistence
Instantiate SqlUploadPersistence with connectionFactory and connectioName:informix_connection
Instantiate PersistenceUploadManager with UploadPersistence, uploadSearchBundle, submissionSearchBundle, uploadIdGenerator, uploadTypeIdGenerator, uploadStatusIdGenerator, submissionIDGenerator, submissionStatusIdGenerator and submissionTypeIdGenerator.
Instantiate AbstractResourcePersistence with connectionFactory and connectionName[informix_connection].
load Resource role with ids:[J@123294a,[J@123294a,[J@123294a,[J@123294a,[J@123294a,[J@123294a,[J@123294a,[J@123294a,[J@123294a,[J@123294a,[J@123294a,[J@123294a,[J@123294a,[J@123294a,[J@123294a,[J@123294a,[J@123294a,[J@123294a,[J@123294a,[J@123294a,[J@123294a,[J@123294a
operator: UnknownresourceId: Unknown - creating db connection using connection name: informix_connection
committing transaction
Read propery[ConnectionFactoryNS] which is  required  with value[com.topcoder.db.connectionfactory.DBConnectionFactoryImpl] from namespace [com.topcoder.management.project.persistence.InformixProjectPersistence].
Read propery[ConnectionName] which is  optional  with value[informix_connection] from namespace [com.topcoder.management.project.persistence.InformixProjectPersistence].
Read propery[ProjectIdSequenceName] which is  optional  with value[project_id_seq] from namespace [com.topcoder.management.project.persistence.InformixProjectPersistence].
Read propery[ProjectAuditIdSequenceName] which is  optional  with value[project_audit_id_seq] from namespace [com.topcoder.management.project.persistence.InformixProjectPersistence].
Read propery[ConnectionFactoryNS] which is  required  with value[com.topcoder.db.connectionfactory.DBConnectionFactoryImpl] from namespace [com.topcoder.management.project.persistence.link.ProjectLinkManagerImpl].
Read propery[ConnectionName] which is  optional  with value[informix_connection] from namespace [com.topcoder.management.project.persistence.link.ProjectLinkManagerImpl].
read property ConnectionFactoryNS[com.topcoder.db.connectionfactory.DBConnectionFactoryImpl] from the namespace :com.topcoder.management.scorecard.persistence.InformixScorecardPersistence
read property ConnectionName[informix_connection] from the namespace :com.topcoder.management.scorecard.persistence.InformixScorecardPersistence
Instantiate SqlUploadPersistence with connectionFactory and connectioName:informix_connection
Instantiate PersistenceUploadManager with UploadPersistence, uploadSearchBundle, submissionSearchBundle, uploadIdGenerator, uploadTypeIdGenerator, uploadStatusIdGenerator, submissionIDGenerator, submissionStatusIdGenerator and submissionTypeIdGenerator.
Instantiate AbstractResourcePersistence with connectionFactory and connectionName[informix_connection].
load Resource role with ids:[J@113f07f,[J@113f07f,[J@113f07f,[J@113f07f,[J@113f07f,[J@113f07f,[J@113f07f,[J@113f07f,[J@113f07f,[J@113f07f,[J@113f07f,[J@113f07f,[J@113f07f,[J@113f07f,[J@113f07f,[J@113f07f,[J@113f07f,[J@113f07f,[J@113f07f,[J@113f07f,[J@113f07f,[J@113f07f
operator: UnknownresourceId: Unknown - creating db connection using connection name: informix_connection
committing transaction
Read propery[ConnectionFactoryNS] which is  required  with value[com.topcoder.db.connectionfactory.DBConnectionFactoryImpl] from namespace [com.topcoder.management.project.persistence.InformixProjectPersistence].
Read propery[ConnectionName] which is  optional  with value[informix_connection] from namespace [com.topcoder.management.project.persistence.InformixProjectPersistence].
Read propery[ProjectIdSequenceName] which is  optional  with value[project_id_seq] from namespace [com.topcoder.management.project.persistence.InformixProjectPersistence].
Read propery[ProjectAuditIdSequenceName] which is  optional  with value[project_audit_id_seq] from namespace [com.topcoder.management.project.persistence.InformixProjectPersistence].
Read propery[ConnectionFactoryNS] which is  required  with value[com.topcoder.db.connectionfactory.DBConnectionFactoryImpl] from namespace [com.topcoder.management.project.persistence.link.ProjectLinkManagerImpl].
Read propery[ConnectionName] which is  optional  with value[informix_connection] from namespace [com.topcoder.management.project.persistence.link.ProjectLinkManagerImpl].
read property ConnectionFactoryNS[com.topcoder.db.connectionfactory.DBConnectionFactoryImpl] from the namespace :com.topcoder.management.scorecard.persistence.InformixScorecardPersistence
read property ConnectionName[informix_connection] from the namespace :com.topcoder.management.scorecard.persistence.InformixScorecardPersistence
Instantiate SqlUploadPersistence with connectionFactory and connectioName:informix_connection
Instantiate PersistenceUploadManager with UploadPersistence, uploadSearchBundle, submissionSearchBundle, uploadIdGenerator, uploadTypeIdGenerator, uploadStatusIdGenerator, submissionIDGenerator, submissionStatusIdGenerator and submissionTypeIdGenerator.
Instantiate AbstractResourcePersistence with connectionFactory and connectionName[informix_connection].
load Resource role with ids:[J@131238e,[J@131238e,[J@131238e,[J@131238e,[J@131238e,[J@131238e,[J@131238e,[J@131238e,[J@131238e,[J@131238e,[J@131238e,[J@131238e,[J@131238e,[J@131238e,[J@131238e,[J@131238e,[J@131238e,[J@131238e,[J@131238e,[J@131238e,[J@131238e,[J@131238e
operator: UnknownresourceId: Unknown - creating db connection using connection name: informix_connection
committing transaction
Read propery[ConnectionFactoryNS] which is  required  with value[com.topcoder.db.connectionfactory.DBConnectionFactoryImpl] from namespace [com.topcoder.management.project.persistence.InformixProjectPersistence].
Read propery[ConnectionName] which is  optional  with value[informix_connection] from namespace [com.topcoder.management.project.persistence.InformixProjectPersistence].
Read propery[ProjectIdSequenceName] which is  optional  with value[project_id_seq] from namespace [com.topcoder.management.project.persistence.InformixProjectPersistence].
Read propery[ProjectAuditIdSequenceName] which is  optional  with value[project_audit_id_seq] from namespace [com.topcoder.management.project.persistence.InformixProjectPersistence].
Read propery[ConnectionFactoryNS] which is  required  with value[com.topcoder.db.connectionfactory.DBConnectionFactoryImpl] from namespace [com.topcoder.management.project.persistence.link.ProjectLinkManagerImpl].
Read propery[ConnectionName] which is  optional  with value[informix_connection] from namespace [com.topcoder.management.project.persistence.link.ProjectLinkManagerImpl].
read property ConnectionFactoryNS[com.topcoder.db.connectionfactory.DBConnectionFactoryImpl] from the namespace :com.topcoder.management.scorecard.persistence.InformixScorecardPersistence
read property ConnectionName[informix_connection] from the namespace :com.topcoder.management.scorecard.persistence.InformixScorecardPersistence
Instantiate SqlUploadPersistence with connectionFactory and connectioName:informix_connection
Instantiate PersistenceUploadManager with UploadPersistence, uploadSearchBundle, submissionSearchBundle, uploadIdGenerator, uploadTypeIdGenerator, uploadStatusIdGenerator, submissionIDGenerator, submissionStatusIdGenerator and submissionTypeIdGenerator.
Instantiate AbstractResourcePersistence with connectionFactory and connectionName[informix_connection].
load Resource role with ids:[J@9c6774,[J@9c6774,[J@9c6774,[J@9c6774,[J@9c6774,[J@9c6774,[J@9c6774,[J@9c6774,[J@9c6774,[J@9c6774,[J@9c6774,[J@9c6774,[J@9c6774,[J@9c6774,[J@9c6774,[J@9c6774,[J@9c6774,[J@9c6774,[J@9c6774,[J@9c6774,[J@9c6774,[J@9c6774
operator: UnknownresourceId: Unknown - creating db connection using connection name: informix_connection
committing transaction
Read propery[ConnectionFactoryNS] which is  required  with value[com.topcoder.db.connectionfactory.DBConnectionFactoryImpl] from namespace [com.topcoder.management.project.persistence.InformixProjectPersistence].
Read propery[ConnectionName] which is  optional  with value[informix_connection] from namespace [com.topcoder.management.project.persistence.InformixProjectPersistence].
Read propery[ProjectIdSequenceName] which is  optional  with value[project_id_seq] from namespace [com.topcoder.management.project.persistence.InformixProjectPersistence].
Read propery[ProjectAuditIdSequenceName] which is  optional  with value[project_audit_id_seq] from namespace [com.topcoder.management.project.persistence.InformixProjectPersistence].
Read propery[ConnectionFactoryNS] which is  required  with value[com.topcoder.db.connectionfactory.DBConnectionFactoryImpl] from namespace [com.topcoder.management.project.persistence.link.ProjectLinkManagerImpl].
Read propery[ConnectionName] which is  optional  with value[informix_connection] from namespace [com.topcoder.management.project.persistence.link.ProjectLinkManagerImpl].
read property ConnectionFactoryNS[com.topcoder.db.connectionfactory.DBConnectionFactoryImpl] from the namespace :com.topcoder.management.scorecard.persistence.InformixScorecardPersistence
read property ConnectionName[informix_connection] from the namespace :com.topcoder.management.scorecard.persistence.InformixScorecardPersistence
Instantiate SqlUploadPersistence with connectionFactory and connectioName:informix_connection
Instantiate PersistenceUploadManager with UploadPersistence, uploadSearchBundle, submissionSearchBundle, uploadIdGenerator, uploadTypeIdGenerator, uploadStatusIdGenerator, submissionIDGenerator, submissionStatusIdGenerator and submissionTypeIdGenerator.
Instantiate AbstractResourcePersistence with connectionFactory and connectionName[informix_connection].
load Resource role with ids:[J@1f275b,[J@1f275b,[J@1f275b,[J@1f275b,[J@1f275b,[J@1f275b,[J@1f275b,[J@1f275b,[J@1f275b,[J@1f275b,[J@1f275b,[J@1f275b,[J@1f275b,[J@1f275b,[J@1f275b,[J@1f275b,[J@1f275b,[J@1f275b,[J@1f275b,[J@1f275b,[J@1f275b,[J@1f275b
operator: UnknownresourceId: Unknown - creating db connection using connection name: informix_connection
committing transaction
type: Upload id: Unknown operator:Unknown - search submissions with filter. found: 1
load Resource with ids:[J@1fafd0f
operator: UnknownresourceId: Unknown - creating db connection using connection name: informix_connection
load ResourceRole with id:18
operator: UnknownresourceId: Unknown - creating db connection using connection name: informix_connection
committing transaction
committing transaction
Read propery[ConnectionFactoryNS] which is  required  with value[com.topcoder.db.connectionfactory.DBConnectionFactoryImpl] from namespace [com.topcoder.management.project.persistence.InformixProjectPersistence].
Read propery[ConnectionName] which is  optional  with value[informix_connection] from namespace [com.topcoder.management.project.persistence.InformixProjectPersistence].
Read propery[ProjectIdSequenceName] which is  optional  with value[project_id_seq] from namespace [com.topcoder.management.project.persistence.InformixProjectPersistence].
Read propery[ProjectAuditIdSequenceName] which is  optional  with value[project_audit_id_seq] from namespace [com.topcoder.management.project.persistence.InformixProjectPersistence].
Read propery[ConnectionFactoryNS] which is  required  with value[com.topcoder.db.connectionfactory.DBConnectionFactoryImpl] from namespace [com.topcoder.management.project.persistence.link.ProjectLinkManagerImpl].
Read propery[ConnectionName] which is  optional  with value[informix_connection] from namespace [com.topcoder.management.project.persistence.link.ProjectLinkManagerImpl].
read property ConnectionFactoryNS[com.topcoder.db.connectionfactory.DBConnectionFactoryImpl] from the namespace :com.topcoder.management.scorecard.persistence.InformixScorecardPersistence
read property ConnectionName[informix_connection] from the namespace :com.topcoder.management.scorecard.persistence.InformixScorecardPersistence
Instantiate SqlUploadPersistence with connectionFactory and connectioName:informix_connection
Instantiate PersistenceUploadManager with UploadPersistence, uploadSearchBundle, submissionSearchBundle, uploadIdGenerator, uploadTypeIdGenerator, uploadStatusIdGenerator, submissionIDGenerator, submissionStatusIdGenerator and submissionTypeIdGenerator.
Instantiate AbstractResourcePersistence with connectionFactory and connectionName[informix_connection].
load Resource role with ids:[J@115954e,[J@115954e,[J@115954e,[J@115954e,[J@115954e,[J@115954e,[J@115954e,[J@115954e,[J@115954e,[J@115954e,[J@115954e,[J@115954e,[J@115954e,[J@115954e,[J@115954e,[J@115954e,[J@115954e,[J@115954e,[J@115954e,[J@115954e,[J@115954e,[J@115954e
operator: UnknownresourceId: Unknown - creating db connection using connection name: informix_connection
committing transaction
Read propery[ConnectionFactoryNS] which is  required  with value[com.topcoder.db.connectionfactory.DBConnectionFactoryImpl] from namespace [com.topcoder.management.project.persistence.InformixProjectPersistence].
Read propery[ConnectionName] which is  optional  with value[informix_connection] from namespace [com.topcoder.management.project.persistence.InformixProjectPersistence].
Read propery[ProjectIdSequenceName] which is  optional  with value[project_id_seq] from namespace [com.topcoder.management.project.persistence.InformixProjectPersistence].
Read propery[ProjectAuditIdSequenceName] which is  optional  with value[project_audit_id_seq] from namespace [com.topcoder.management.project.persistence.InformixProjectPersistence].
Read propery[ConnectionFactoryNS] which is  required  with value[com.topcoder.db.connectionfactory.DBConnectionFactoryImpl] from namespace [com.topcoder.management.project.persistence.link.ProjectLinkManagerImpl].
Read propery[ConnectionName] which is  optional  with value[informix_connection] from namespace [com.topcoder.management.project.persistence.link.ProjectLinkManagerImpl].
read property ConnectionFactoryNS[com.topcoder.db.connectionfactory.DBConnectionFactoryImpl] from the namespace :com.topcoder.management.scorecard.persistence.InformixScorecardPersistence
read property ConnectionName[informix_connection] from the namespace :com.topcoder.management.scorecard.persistence.InformixScorecardPersistence
Instantiate SqlUploadPersistence with connectionFactory and connectioName:informix_connection
Instantiate PersistenceUploadManager with UploadPersistence, uploadSearchBundle, submissionSearchBundle, uploadIdGenerator, uploadTypeIdGenerator, uploadStatusIdGenerator, submissionIDGenerator, submissionStatusIdGenerator and submissionTypeIdGenerator.
Instantiate AbstractResourcePersistence with connectionFactory and connectionName[informix_connection].
load Resource role with ids:[J@ff2b7c,[J@ff2b7c,[J@ff2b7c,[J@ff2b7c,[J@ff2b7c,[J@ff2b7c,[J@ff2b7c,[J@ff2b7c,[J@ff2b7c,[J@ff2b7c,[J@ff2b7c,[J@ff2b7c,[J@ff2b7c,[J@ff2b7c,[J@ff2b7c,[J@ff2b7c,[J@ff2b7c,[J@ff2b7c,[J@ff2b7c,[J@ff2b7c,[J@ff2b7c,[J@ff2b7c
operator: UnknownresourceId: Unknown - creating db connection using connection name: informix_connection
committing transaction
Read propery[ConnectionFactoryNS] which is  required  with value[com.topcoder.db.connectionfactory.DBConnectionFactoryImpl] from namespace [com.topcoder.management.project.persistence.InformixProjectPersistence].
Read propery[ConnectionName] which is  optional  with value[informix_connection] from namespace [com.topcoder.management.project.persistence.InformixProjectPersistence].
Read propery[ProjectIdSequenceName] which is  optional  with value[project_id_seq] from namespace [com.topcoder.management.project.persistence.InformixProjectPersistence].
Read propery[ProjectAuditIdSequenceName] which is  optional  with value[project_audit_id_seq] from namespace [com.topcoder.management.project.persistence.InformixProjectPersistence].
Read propery[ConnectionFactoryNS] which is  required  with value[com.topcoder.db.connectionfactory.DBConnectionFactoryImpl] from namespace [com.topcoder.management.project.persistence.link.ProjectLinkManagerImpl].
Read propery[ConnectionName] which is  optional  with value[informix_connection] from namespace [com.topcoder.management.project.persistence.link.ProjectLinkManagerImpl].
read property ConnectionFactoryNS[com.topcoder.db.connectionfactory.DBConnectionFactoryImpl] from the namespace :com.topcoder.management.scorecard.persistence.InformixScorecardPersistence
read property ConnectionName[informix_connection] from the namespace :com.topcoder.management.scorecard.persistence.InformixScorecardPersistence
Instantiate SqlUploadPersistence with connectionFactory and connectioName:informix_connection
Instantiate PersistenceUploadManager with UploadPersistence, uploadSearchBundle, submissionSearchBundle, uploadIdGenerator, uploadTypeIdGenerator, uploadStatusIdGenerator, submissionIDGenerator, submissionStatusIdGenerator and submissionTypeIdGenerator.
Instantiate AbstractResourcePersistence with connectionFactory and connectionName[informix_connection].
load Resource role with ids:[J@db4077,[J@db4077,[J@db4077,[J@db4077,[J@db4077,[J@db4077,[J@db4077,[J@db4077,[J@db4077,[J@db4077,[J@db4077,[J@db4077,[J@db4077,[J@db4077,[J@db4077,[J@db4077,[J@db4077,[J@db4077,[J@db4077,[J@db4077,[J@db4077,[J@db4077
operator: UnknownresourceId: Unknown - creating db connection using connection name: informix_connection
committing transaction
type: Upload id: Unknown operator:Unknown - search submissions with filter. found: 0
Read propery[ConnectionFactoryNS] which is  required  with value[com.topcoder.db.connectionfactory.DBConnectionFactoryImpl] from namespace [com.topcoder.management.project.persistence.InformixProjectPersistence].
Read propery[ConnectionName] which is  optional  with value[informix_connection] from namespace [com.topcoder.management.project.persistence.InformixProjectPersistence].
Read propery[ProjectIdSequenceName] which is  optional  with value[project_id_seq] from namespace [com.topcoder.management.project.persistence.InformixProjectPersistence].
Read propery[ProjectAuditIdSequenceName] which is  optional  with value[project_audit_id_seq] from namespace [com.topcoder.management.project.persistence.InformixProjectPersistence].
Read propery[ConnectionFactoryNS] which is  required  with value[com.topcoder.db.connectionfactory.DBConnectionFactoryImpl] from namespace [com.topcoder.management.project.persistence.link.ProjectLinkManagerImpl].
Read propery[ConnectionName] which is  optional  with value[informix_connection] from namespace [com.topcoder.management.project.persistence.link.ProjectLinkManagerImpl].
read property ConnectionFactoryNS[com.topcoder.db.connectionfactory.DBConnectionFactoryImpl] from the namespace :com.topcoder.management.scorecard.persistence.InformixScorecardPersistence
read property ConnectionName[informix_connection] from the namespace :com.topcoder.management.scorecard.persistence.InformixScorecardPersistence
Instantiate SqlUploadPersistence with connectionFactory and connectioName:informix_connection
Instantiate PersistenceUploadManager with UploadPersistence, uploadSearchBundle, submissionSearchBundle, uploadIdGenerator, uploadTypeIdGenerator, uploadStatusIdGenerator, submissionIDGenerator, submissionStatusIdGenerator and submissionTypeIdGenerator.
Instantiate AbstractResourcePersistence with connectionFactory and connectionName[informix_connection].
load Resource role with ids:[J@5a7070,[J@5a7070,[J@5a7070,[J@5a7070,[J@5a7070,[J@5a7070,[J@5a7070,[J@5a7070,[J@5a7070,[J@5a7070,[J@5a7070,[J@5a7070,[J@5a7070,[J@5a7070,[J@5a7070,[J@5a7070,[J@5a7070,[J@5a7070,[J@5a7070,[J@5a7070,[J@5a7070,[J@5a7070
operator: UnknownresourceId: Unknown - creating db connection using connection name: informix_connection
committing transaction
type: Upload id: Unknown operator:Unknown - search submissions with filter. found: 1
Read propery[ConnectionFactoryNS] which is  required  with value[com.topcoder.db.connectionfactory.DBConnectionFactoryImpl] from namespace [com.topcoder.management.project.persistence.InformixProjectPersistence].
Read propery[ConnectionName] which is  optional  with value[informix_connection] from namespace [com.topcoder.management.project.persistence.InformixProjectPersistence].
Read propery[ProjectIdSequenceName] which is  optional  with value[project_id_seq] from namespace [com.topcoder.management.project.persistence.InformixProjectPersistence].
Read propery[ProjectAuditIdSequenceName] which is  optional  with value[project_audit_id_seq] from namespace [com.topcoder.management.project.persistence.InformixProjectPersistence].
Read propery[ConnectionFactoryNS] which is  required  with value[com.topcoder.db.connectionfactory.DBConnectionFactoryImpl] from namespace [com.topcoder.management.project.persistence.link.ProjectLinkManagerImpl].
Read propery[ConnectionName] which is  optional  with value[informix_connection] from namespace [com.topcoder.management.project.persistence.link.ProjectLinkManagerImpl].
read property ConnectionFactoryNS[com.topcoder.db.connectionfactory.DBConnectionFactoryImpl] from the namespace :com.topcoder.management.scorecard.persistence.InformixScorecardPersistence
read property ConnectionName[informix_connection] from the namespace :com.topcoder.management.scorecard.persistence.InformixScorecardPersistence
Instantiate SqlUploadPersistence with connectionFactory and connectioName:informix_connection
Instantiate PersistenceUploadManager with UploadPersistence, uploadSearchBundle, submissionSearchBundle, uploadIdGenerator, uploadTypeIdGenerator, uploadStatusIdGenerator, submissionIDGenerator, submissionStatusIdGenerator and submissionTypeIdGenerator.
Instantiate AbstractResourcePersistence with connectionFactory and connectionName[informix_connection].
load Resource role with ids:[J@1cd59c2,[J@1cd59c2,[J@1cd59c2,[J@1cd59c2,[J@1cd59c2,[J@1cd59c2,[J@1cd59c2,[J@1cd59c2,[J@1cd59c2,[J@1cd59c2,[J@1cd59c2,[J@1cd59c2,[J@1cd59c2,[J@1cd59c2,[J@1cd59c2,[J@1cd59c2,[J@1cd59c2,[J@1cd59c2,[J@1cd59c2,[J@1cd59c2,[J@1cd59c2,[J@1cd59c2
operator: UnknownresourceId: Unknown - creating db connection using connection name: informix_connection
committing transaction
type: Upload id: Unknown operator:Unknown - search submissions with filter. found: 1
load Resource with ids:[J@ab1b22
operator: UnknownresourceId: Unknown - creating db connection using connection name: informix_connection
load ResourceRole with id:18
operator: UnknownresourceId: Unknown - creating db connection using connection name: informix_connection
committing transaction
committing transaction
Read propery[ConnectionFactoryNS] which is  required  with value[com.topcoder.db.connectionfactory.DBConnectionFactoryImpl] from namespace [com.topcoder.management.project.persistence.InformixProjectPersistence].
Read propery[ConnectionName] which is  optional  with value[informix_connection] from namespace [com.topcoder.management.project.persistence.InformixProjectPersistence].
Read propery[ProjectIdSequenceName] which is  optional  with value[project_id_seq] from namespace [com.topcoder.management.project.persistence.InformixProjectPersistence].
Read propery[ProjectAuditIdSequenceName] which is  optional  with value[project_audit_id_seq] from namespace [com.topcoder.management.project.persistence.InformixProjectPersistence].
Read propery[ConnectionFactoryNS] which is  required  with value[com.topcoder.db.connectionfactory.DBConnectionFactoryImpl] from namespace [com.topcoder.management.project.persistence.link.ProjectLinkManagerImpl].
Read propery[ConnectionName] which is  optional  with value[informix_connection] from namespace [com.topcoder.management.project.persistence.link.ProjectLinkManagerImpl].
read property ConnectionFactoryNS[com.topcoder.db.connectionfactory.DBConnectionFactoryImpl] from the namespace :com.topcoder.management.scorecard.persistence.InformixScorecardPersistence
read property ConnectionName[informix_connection] from the namespace :com.topcoder.management.scorecard.persistence.InformixScorecardPersistence
Instantiate SqlUploadPersistence with connectionFactory and connectioName:informix_connection
Instantiate PersistenceUploadManager with UploadPersistence, uploadSearchBundle, submissionSearchBundle, uploadIdGenerator, uploadTypeIdGenerator, uploadStatusIdGenerator, submissionIDGenerator, submissionStatusIdGenerator and submissionTypeIdGenerator.
Instantiate AbstractResourcePersistence with connectionFactory and connectionName[informix_connection].
load Resource role with ids:[J@142c756,[J@142c756,[J@142c756,[J@142c756,[J@142c756,[J@142c756,[J@142c756,[J@142c756,[J@142c756,[J@142c756,[J@142c756,[J@142c756,[J@142c756,[J@142c756,[J@142c756,[J@142c756,[J@142c756,[J@142c756,[J@142c756,[J@142c756,[J@142c756,[J@142c756
operator: UnknownresourceId: Unknown - creating db connection using connection name: informix_connection
committing transaction
load Notifications with array of userIds/projectIds/notificationTypes.
operator: UnknownresourceId: Unknown - creating db connection using connection name: informix_connection
committing transaction
get projects with the ids: 1
operator: UnknownprojectId: Unknown - creating db connection using connection name: informix_connection
committing transaction
load Resource role with ids:[J@e4ffab,[J@e4ffab,[J@e4ffab,[J@e4ffab,[J@e4ffab,[J@e4ffab,[J@e4ffab,[J@e4ffab,[J@e4ffab,[J@e4ffab,[J@e4ffab,[J@e4ffab,[J@e4ffab,[J@e4ffab,[J@e4ffab,[J@e4ffab,[J@e4ffab,[J@e4ffab,[J@e4ffab,[J@e4ffab,[J@e4ffab,[J@e4ffab
operator: UnknownresourceId: Unknown - creating db connection using connection name: informix_connection
committing transaction
load Resource with ids:[J@169fcd6
operator: UnknownresourceId: Unknown - creating db connection using connection name: informix_connection
load ResourceRole with id:4
operator: UnknownresourceId: Unknown - creating db connection using connection name: informix_connection
committing transaction
committing transaction
load Resource with ids:[J@4fc9a
operator: UnknownresourceId: Unknown - creating db connection using connection name: informix_connection
load ResourceRole with id:12
operator: UnknownresourceId: Unknown - creating db connection using connection name: informix_connection
committing transaction
committing transaction
load Resource with ids:[J@10ab7c0
operator: UnknownresourceId: Unknown - creating db connection using connection name: informix_connection
load ResourceRole with id:13
operator: UnknownresourceId: Unknown - creating db connection using connection name: informix_connection
committing transaction
committing transaction
load Resource with ids:[J@197e4d2
operator: UnknownresourceId: Unknown - creating db connection using connection name: informix_connection
load ResourceRole with id:9
operator: UnknownresourceId: Unknown - creating db connection using connection name: informix_connection
committing transaction
committing transaction
operator: UnknownresourceId: 100001 - load resource.
operator: UnknownresourceId: Unknown - creating db connection using connection name: informix_connection
load ResourceRole with id:4
operator: UnknownresourceId: Unknown - creating db connection using connection name: informix_connection
committing transaction
committing transaction
operator: UnknownresourceId: 100000 - load resource.
operator: UnknownresourceId: Unknown - creating db connection using connection name: informix_connection
load ResourceRole with id:13
operator: UnknownresourceId: Unknown - creating db connection using connection name: informix_connection
committing transaction
committing transaction
Read propery[ConnectionFactoryNS] which is  required  with value[com.topcoder.db.connectionfactory.DBConnectionFactoryImpl] from namespace [com.topcoder.management.project.persistence.InformixProjectPersistence].
Read propery[ConnectionName] which is  optional  with value[informix_connection] from namespace [com.topcoder.management.project.persistence.InformixProjectPersistence].
Read propery[ProjectIdSequenceName] which is  optional  with value[project_id_seq] from namespace [com.topcoder.management.project.persistence.InformixProjectPersistence].
Read propery[ProjectAuditIdSequenceName] which is  optional  with value[project_audit_id_seq] from namespace [com.topcoder.management.project.persistence.InformixProjectPersistence].
Read propery[ConnectionFactoryNS] which is  required  with value[com.topcoder.db.connectionfactory.DBConnectionFactoryImpl] from namespace [com.topcoder.management.project.persistence.link.ProjectLinkManagerImpl].
Read propery[ConnectionName] which is  optional  with value[informix_connection] from namespace [com.topcoder.management.project.persistence.link.ProjectLinkManagerImpl].
read property ConnectionFactoryNS[com.topcoder.db.connectionfactory.DBConnectionFactoryImpl] from the namespace :com.topcoder.management.scorecard.persistence.InformixScorecardPersistence
read property ConnectionName[informix_connection] from the namespace :com.topcoder.management.scorecard.persistence.InformixScorecardPersistence
Instantiate SqlUploadPersistence with connectionFactory and connectioName:informix_connection
Instantiate PersistenceUploadManager with UploadPersistence, uploadSearchBundle, submissionSearchBundle, uploadIdGenerator, uploadTypeIdGenerator, uploadStatusIdGenerator, submissionIDGenerator, submissionStatusIdGenerator and submissionTypeIdGenerator.
Instantiate AbstractResourcePersistence with connectionFactory and connectionName[informix_connection].
load Resource role with ids:[J@1ca1baf,[J@1ca1baf,[J@1ca1baf,[J@1ca1baf,[J@1ca1baf,[J@1ca1baf,[J@1ca1baf,[J@1ca1baf,[J@1ca1baf,[J@1ca1baf,[J@1ca1baf,[J@1ca1baf,[J@1ca1baf,[J@1ca1baf,[J@1ca1baf,[J@1ca1baf,[J@1ca1baf,[J@1ca1baf,[J@1ca1baf,[J@1ca1baf,[J@1ca1baf,[J@1ca1baf
operator: UnknownresourceId: Unknown - creating db connection using connection name: informix_connection
committing transaction
type: Upload id: Unknown operator:Unknown - search submissions with filter. found: 1
load Resource with ids:[J@1208bc8
operator: UnknownresourceId: Unknown - creating db connection using connection name: informix_connection
load ResourceRole with id:18
operator: UnknownresourceId: Unknown - creating db connection using connection name: informix_connection
committing transaction
committing transaction
Invalid comment[Invalid], comment can either be Approved, Accepted or Rejected.
Read propery[ConnectionFactoryNS] which is  required  with value[com.topcoder.db.connectionfactory.DBConnectionFactoryImpl] from namespace [com.topcoder.management.project.persistence.InformixProjectPersistence].
Read propery[ConnectionName] which is  optional  with value[informix_connection] from namespace [com.topcoder.management.project.persistence.InformixProjectPersistence].
Read propery[ProjectIdSequenceName] which is  optional  with value[project_id_seq] from namespace [com.topcoder.management.project.persistence.InformixProjectPersistence].
Read propery[ProjectAuditIdSequenceName] which is  optional  with value[project_audit_id_seq] from namespace [com.topcoder.management.project.persistence.InformixProjectPersistence].
Read propery[ConnectionFactoryNS] which is  required  with value[com.topcoder.db.connectionfactory.DBConnectionFactoryImpl] from namespace [com.topcoder.management.project.persistence.link.ProjectLinkManagerImpl].
Read propery[ConnectionName] which is  optional  with value[informix_connection] from namespace [com.topcoder.management.project.persistence.link.ProjectLinkManagerImpl].
read property ConnectionFactoryNS[com.topcoder.db.connectionfactory.DBConnectionFactoryImpl] from the namespace :com.topcoder.management.scorecard.persistence.InformixScorecardPersistence
read property ConnectionName[informix_connection] from the namespace :com.topcoder.management.scorecard.persistence.InformixScorecardPersistence
Instantiate SqlUploadPersistence with connectionFactory and connectioName:informix_connection
Instantiate PersistenceUploadManager with UploadPersistence, uploadSearchBundle, submissionSearchBundle, uploadIdGenerator, uploadTypeIdGenerator, uploadStatusIdGenerator, submissionIDGenerator, submissionStatusIdGenerator and submissionTypeIdGenerator.
Instantiate AbstractResourcePersistence with connectionFactory and connectionName[informix_connection].
load Resource role with ids:[J@d03315,[J@d03315,[J@d03315,[J@d03315,[J@d03315,[J@d03315,[J@d03315,[J@d03315,[J@d03315,[J@d03315,[J@d03315,[J@d03315,[J@d03315,[J@d03315,[J@d03315,[J@d03315,[J@d03315,[J@d03315,[J@d03315,[J@d03315,[J@d03315,[J@d03315
operator: UnknownresourceId: Unknown - creating db connection using connection name: informix_connection
committing transaction
type: Upload id: Unknown operator:Unknown - search submissions with filter. found: 1
load Resource with ids:[J@d3c1ec
operator: UnknownresourceId: Unknown - creating db connection using connection name: informix_connection
load ResourceRole with id:18
operator: UnknownresourceId: Unknown - creating db connection using connection name: informix_connection
committing transaction
committing transaction
No comment with [Specification Review Comment] type.
Read propery[ConnectionFactoryNS] which is  required  with value[com.topcoder.db.connectionfactory.DBConnectionFactoryImpl] from namespace [com.topcoder.management.project.persistence.InformixProjectPersistence].
Read propery[ConnectionName] which is  optional  with value[informix_connection] from namespace [com.topcoder.management.project.persistence.InformixProjectPersistence].
Read propery[ProjectIdSequenceName] which is  optional  with value[project_id_seq] from namespace [com.topcoder.management.project.persistence.InformixProjectPersistence].
Read propery[ProjectAuditIdSequenceName] which is  optional  with value[project_audit_id_seq] from namespace [com.topcoder.management.project.persistence.InformixProjectPersistence].
Read propery[ConnectionFactoryNS] which is  required  with value[com.topcoder.db.connectionfactory.DBConnectionFactoryImpl] from namespace [com.topcoder.management.project.persistence.link.ProjectLinkManagerImpl].
Read propery[ConnectionName] which is  optional  with value[informix_connection] from namespace [com.topcoder.management.project.persistence.link.ProjectLinkManagerImpl].
read property ConnectionFactoryNS[com.topcoder.db.connectionfactory.DBConnectionFactoryImpl] from the namespace :com.topcoder.management.scorecard.persistence.InformixScorecardPersistence
read property ConnectionName[informix_connection] from the namespace :com.topcoder.management.scorecard.persistence.InformixScorecardPersistence
Instantiate SqlUploadPersistence with connectionFactory and connectioName:informix_connection
Instantiate PersistenceUploadManager with UploadPersistence, uploadSearchBundle, submissionSearchBundle, uploadIdGenerator, uploadTypeIdGenerator, uploadStatusIdGenerator, submissionIDGenerator, submissionStatusIdGenerator and submissionTypeIdGenerator.
Instantiate AbstractResourcePersistence with connectionFactory and connectionName[informix_connection].
load Resource role with ids:[J@97168a,[J@97168a,[J@97168a,[J@97168a,[J@97168a,[J@97168a,[J@97168a,[J@97168a,[J@97168a,[J@97168a,[J@97168a,[J@97168a,[J@97168a,[J@97168a,[J@97168a,[J@97168a,[J@97168a,[J@97168a,[J@97168a,[J@97168a,[J@97168a,[J@97168a
operator: UnknownresourceId: Unknown - creating db connection using connection name: informix_connection
committing transaction
type: Upload id: Unknown operator:Unknown - search submissions with filter. found: 0
The specification submission does not exist.
Read propery[ConnectionFactoryNS] which is  required  with value[com.topcoder.db.connectionfactory.DBConnectionFactoryImpl] from namespace [com.topcoder.management.project.persistence.InformixProjectPersistence].
Read propery[ConnectionName] which is  optional  with value[informix_connection] from namespace [com.topcoder.management.project.persistence.InformixProjectPersistence].
Read propery[ProjectIdSequenceName] which is  optional  with value[project_id_seq] from namespace [com.topcoder.management.project.persistence.InformixProjectPersistence].
Read propery[ProjectAuditIdSequenceName] which is  optional  with value[project_audit_id_seq] from namespace [com.topcoder.management.project.persistence.InformixProjectPersistence].
Read propery[ConnectionFactoryNS] which is  required  with value[com.topcoder.db.connectionfactory.DBConnectionFactoryImpl] from namespace [com.topcoder.management.project.persistence.link.ProjectLinkManagerImpl].
Read propery[ConnectionName] which is  optional  with value[informix_connection] from namespace [com.topcoder.management.project.persistence.link.ProjectLinkManagerImpl].
read property ConnectionFactoryNS[com.topcoder.db.connectionfactory.DBConnectionFactoryImpl] from the namespace :com.topcoder.management.scorecard.persistence.InformixScorecardPersistence
read property ConnectionName[informix_connection] from the namespace :com.topcoder.management.scorecard.persistence.InformixScorecardPersistence
Instantiate SqlUploadPersistence with connectionFactory and connectioName:informix_connection
Instantiate PersistenceUploadManager with UploadPersistence, uploadSearchBundle, submissionSearchBundle, uploadIdGenerator, uploadTypeIdGenerator, uploadStatusIdGenerator, submissionIDGenerator, submissionStatusIdGenerator and submissionTypeIdGenerator.
Instantiate AbstractResourcePersistence with connectionFactory and connectionName[informix_connection].
load Resource role with ids:[J@ef0f3a,[J@ef0f3a,[J@ef0f3a,[J@ef0f3a,[J@ef0f3a,[J@ef0f3a,[J@ef0f3a,[J@ef0f3a,[J@ef0f3a,[J@ef0f3a,[J@ef0f3a,[J@ef0f3a,[J@ef0f3a,[J@ef0f3a,[J@ef0f3a,[J@ef0f3a,[J@ef0f3a,[J@ef0f3a,[J@ef0f3a,[J@ef0f3a,[J@ef0f3a,[J@ef0f3a
operator: UnknownresourceId: Unknown - creating db connection using connection name: informix_connection
committing transaction
type: Upload id: Unknown operator:Unknown - search submissions with filter. found: 1
load Resource with ids:[J@7be3f8
operator: UnknownresourceId: Unknown - creating db connection using connection name: informix_connection
load ResourceRole with id:18
operator: UnknownresourceId: Unknown - creating db connection using connection name: informix_connection
committing transaction
committing transaction
The review for the specification does not exist.
Read propery[ConnectionFactoryNS] which is  required  with value[com.topcoder.db.connectionfactory.DBConnectionFactoryImpl] from namespace [com.topcoder.management.project.persistence.InformixProjectPersistence].
Read propery[ConnectionName] which is  optional  with value[informix_connection] from namespace [com.topcoder.management.project.persistence.InformixProjectPersistence].
Read propery[ProjectIdSequenceName] which is  optional  with value[project_id_seq] from namespace [com.topcoder.management.project.persistence.InformixProjectPersistence].
Read propery[ProjectAuditIdSequenceName] which is  optional  with value[project_audit_id_seq] from namespace [com.topcoder.management.project.persistence.InformixProjectPersistence].
Read propery[ConnectionFactoryNS] which is  required  with value[com.topcoder.db.connectionfactory.DBConnectionFactoryImpl] from namespace [com.topcoder.management.project.persistence.link.ProjectLinkManagerImpl].
Read propery[ConnectionName] which is  optional  with value[informix_connection] from namespace [com.topcoder.management.project.persistence.link.ProjectLinkManagerImpl].
read property ConnectionFactoryNS[com.topcoder.db.connectionfactory.DBConnectionFactoryImpl] from the namespace :com.topcoder.management.scorecard.persistence.InformixScorecardPersistence
read property ConnectionName[informix_connection] from the namespace :com.topcoder.management.scorecard.persistence.InformixScorecardPersistence
Instantiate SqlUploadPersistence with connectionFactory and connectioName:informix_connection
Instantiate PersistenceUploadManager with UploadPersistence, uploadSearchBundle, submissionSearchBundle, uploadIdGenerator, uploadTypeIdGenerator, uploadStatusIdGenerator, submissionIDGenerator, submissionStatusIdGenerator and submissionTypeIdGenerator.
Instantiate AbstractResourcePersistence with connectionFactory and connectionName[informix_connection].
load Resource role with ids:[J@97552e,[J@97552e,[J@97552e,[J@97552e,[J@97552e,[J@97552e,[J@97552e,[J@97552e,[J@97552e,[J@97552e,[J@97552e,[J@97552e,[J@97552e,[J@97552e,[J@97552e,[J@97552e,[J@97552e,[J@97552e,[J@97552e,[J@97552e,[J@97552e,[J@97552e
operator: UnknownresourceId: Unknown - creating db connection using connection name: informix_connection
committing transaction
type: Upload id: Unknown operator:Unknown - search submissions with filter. found: 1
load Resource with ids:[J@18c7d4b
operator: UnknownresourceId: Unknown - creating db connection using connection name: informix_connection
load ResourceRole with id:18
operator: UnknownresourceId: Unknown - creating db connection using connection name: informix_connection
committing transaction
committing transaction
The review is not committed.
Read propery[ConnectionFactoryNS] which is  required  with value[com.topcoder.db.connectionfactory.DBConnectionFactoryImpl] from namespace [com.topcoder.management.project.persistence.InformixProjectPersistence].
Read propery[ConnectionName] which is  optional  with value[informix_connection] from namespace [com.topcoder.management.project.persistence.InformixProjectPersistence].
Read propery[ProjectIdSequenceName] which is  optional  with value[project_id_seq] from namespace [com.topcoder.management.project.persistence.InformixProjectPersistence].
Read propery[ProjectAuditIdSequenceName] which is  optional  with value[project_audit_id_seq] from namespace [com.topcoder.management.project.persistence.InformixProjectPersistence].
Read propery[ConnectionFactoryNS] which is  required  with value[com.topcoder.db.connectionfactory.DBConnectionFactoryImpl] from namespace [com.topcoder.management.project.persistence.link.ProjectLinkManagerImpl].
Read propery[ConnectionName] which is  optional  with value[informix_connection] from namespace [com.topcoder.management.project.persistence.link.ProjectLinkManagerImpl].
read property ConnectionFactoryNS[com.topcoder.db.connectionfactory.DBConnectionFactoryImpl] from the namespace :com.topcoder.management.scorecard.persistence.InformixScorecardPersistence
read property ConnectionName[informix_connection] from the namespace :com.topcoder.management.scorecard.persistence.InformixScorecardPersistence
Instantiate SqlUploadPersistence with connectionFactory and connectioName:informix_connection
Instantiate PersistenceUploadManager with UploadPersistence, uploadSearchBundle, submissionSearchBundle, uploadIdGenerator, uploadTypeIdGenerator, uploadStatusIdGenerator, submissionIDGenerator, submissionStatusIdGenerator and submissionTypeIdGenerator.
Instantiate AbstractResourcePersistence with connectionFactory and connectionName[informix_connection].
load Resource role with ids:[J@19656b7,[J@19656b7,[J@19656b7,[J@19656b7,[J@19656b7,[J@19656b7,[J@19656b7,[J@19656b7,[J@19656b7,[J@19656b7,[J@19656b7,[J@19656b7,[J@19656b7,[J@19656b7,[J@19656b7,[J@19656b7,[J@19656b7,[J@19656b7,[J@19656b7,[J@19656b7,[J@19656b7,[J@19656b7
operator: UnknownresourceId: Unknown - creating db connection using connection name: informix_connection
committing transaction
type: Upload id: Unknown operator:Unknown - search submissions with filter. found: 1
load Resource with ids:[J@b86778
operator: UnknownresourceId: Unknown - creating db connection using connection name: informix_connection
load ResourceRole with id:18
operator: UnknownresourceId: Unknown - creating db connection using connection name: informix_connection
committing transaction
committing transaction
load Notifications with array of userIds/projectIds/notificationTypes.
operator: UnknownresourceId: Unknown - creating db connection using connection name: informix_connection
committing transaction
get projects with the ids: 1
operator: UnknownprojectId: Unknown - creating db connection using connection name: informix_connection
committing transaction
load Resource role with ids:[J@1fbe6b7,[J@1fbe6b7,[J@1fbe6b7,[J@1fbe6b7,[J@1fbe6b7,[J@1fbe6b7,[J@1fbe6b7,[J@1fbe6b7,[J@1fbe6b7,[J@1fbe6b7,[J@1fbe6b7,[J@1fbe6b7,[J@1fbe6b7,[J@1fbe6b7,[J@1fbe6b7,[J@1fbe6b7,[J@1fbe6b7,[J@1fbe6b7,[J@1fbe6b7,[J@1fbe6b7,[J@1fbe6b7,[J@1fbe6b7
operator: UnknownresourceId: Unknown - creating db connection using connection name: informix_connection
committing transaction
load Resource with ids:[J@269ced
operator: UnknownresourceId: Unknown - creating db connection using connection name: informix_connection
load ResourceRole with id:4
operator: UnknownresourceId: Unknown - creating db connection using connection name: informix_connection
committing transaction
committing transaction
load Resource with ids:[J@1d47d66
operator: UnknownresourceId: Unknown - creating db connection using connection name: informix_connection
load ResourceRole with id:18
operator: UnknownresourceId: Unknown - creating db connection using connection name: informix_connection
committing transaction
committing transaction
load Resource with ids:[J@1050cf3
operator: UnknownresourceId: Unknown - creating db connection using connection name: informix_connection
load ResourceRole with id:12
operator: UnknownresourceId: Unknown - creating db connection using connection name: informix_connection
committing transaction
committing transaction
load Resource with ids:[J@177ef09
operator: UnknownresourceId: Unknown - creating db connection using connection name: informix_connection
load ResourceRole with id:13
operator: UnknownresourceId: Unknown - creating db connection using connection name: informix_connection
committing transaction
committing transaction
load Resource with ids:[J@442484
operator: UnknownresourceId: Unknown - creating db connection using connection name: informix_connection
load ResourceRole with id:9
operator: UnknownresourceId: Unknown - creating db connection using connection name: informix_connection
committing transaction
committing transaction
operator: UnknownresourceId: 100001 - load resource.
operator: UnknownresourceId: Unknown - creating db connection using connection name: informix_connection
load ResourceRole with id:4
operator: UnknownresourceId: Unknown - creating db connection using connection name: informix_connection
committing transaction
committing transaction
operator: UnknownresourceId: 100000 - load resource.
operator: UnknownresourceId: Unknown - creating db connection using connection name: informix_connection
load ResourceRole with id:13
operator: UnknownresourceId: Unknown - creating db connection using connection name: informix_connection
committing transaction
committing transaction
operator: UnknownresourceId: 5 - load resource.
operator: UnknownresourceId: Unknown - creating db connection using connection name: informix_connection
load ResourceRole with id:18
operator: UnknownresourceId: Unknown - creating db connection using connection name: informix_connection
committing transaction
committing transaction
Read propery[ConnectionFactoryNS] which is  required  with value[com.topcoder.db.connectionfactory.DBConnectionFactoryImpl] from namespace [com.topcoder.management.project.persistence.InformixProjectPersistence].
Read propery[ConnectionName] which is  optional  with value[informix_connection] from namespace [com.topcoder.management.project.persistence.InformixProjectPersistence].
Read propery[ProjectIdSequenceName] which is  optional  with value[project_id_seq] from namespace [com.topcoder.management.project.persistence.InformixProjectPersistence].
Read propery[ProjectAuditIdSequenceName] which is  optional  with value[project_audit_id_seq] from namespace [com.topcoder.management.project.persistence.InformixProjectPersistence].
Read propery[ConnectionFactoryNS] which is  required  with value[com.topcoder.db.connectionfactory.DBConnectionFactoryImpl] from namespace [com.topcoder.management.project.persistence.link.ProjectLinkManagerImpl].
Read propery[ConnectionName] which is  optional  with value[informix_connection] from namespace [com.topcoder.management.project.persistence.link.ProjectLinkManagerImpl].
read property ConnectionFactoryNS[com.topcoder.db.connectionfactory.DBConnectionFactoryImpl] from the namespace :com.topcoder.management.scorecard.persistence.InformixScorecardPersistence
read property ConnectionName[informix_connection] from the namespace :com.topcoder.management.scorecard.persistence.InformixScorecardPersistence
Instantiate SqlUploadPersistence with connectionFactory and connectioName:informix_connection
Instantiate PersistenceUploadManager with UploadPersistence, uploadSearchBundle, submissionSearchBundle, uploadIdGenerator, uploadTypeIdGenerator, uploadStatusIdGenerator, submissionIDGenerator, submissionStatusIdGenerator and submissionTypeIdGenerator.
Instantiate AbstractResourcePersistence with connectionFactory and connectionName[informix_connection].
load Resource role with ids:[J@2856c,[J@2856c,[J@2856c,[J@2856c,[J@2856c,[J@2856c,[J@2856c,[J@2856c,[J@2856c,[J@2856c,[J@2856c,[J@2856c,[J@2856c,[J@2856c,[J@2856c,[J@2856c,[J@2856c,[J@2856c,[J@2856c,[J@2856c,[J@2856c,[J@2856c
operator: UnknownresourceId: Unknown - creating db connection using connection name: informix_connection
committing transaction
type: Upload id: Unknown operator:Unknown - search submissions with filter. found: 1
load Resource with ids:[J@661903
operator: UnknownresourceId: Unknown - creating db connection using connection name: informix_connection
load ResourceRole with id:18
operator: UnknownresourceId: Unknown - creating db connection using connection name: informix_connection
committing transaction
committing transaction
get All submission statuses, delegate to persistence.
get All submission statuses, delegate to persistence.
create db connection using connection name:informix_connection
close the connection.
type: SubmissionStatus id: Unknown operator:Unknown - Load SubmissionStatuses with ids:1,2,3,4,5
create db connection using connection name:informix_connection
close the connection.
type: Submission id: 1 operator:1001 - update Submission.
type: Submission id: 1 operator:Unknown - Update Submission, it will update record in submission table.
create db connection using connection name:informix_connection
close the connection.
load Resource with ids:[J@dcc3d7
operator: UnknownresourceId: Unknown - creating db connection using connection name: informix_connection
load ResourceRole with id:18
operator: UnknownresourceId: Unknown - creating db connection using connection name: informix_connection
committing transaction
committing transaction
operator: UnknownresourceId: 56 - add new resource to the project [id=1] with role :Specification Reviewer in the [id=1376] phase.
operator: UnknownresourceId: Unknown - creating db connection using connection name: informix_connection
insert a record into resource with resource id : 56
insert a record into the resource_info table with resource_id = 56 and resource_info_type_id =1 value = 3
insert a record into the resource_info table with resource_id = 56 and resource_info_type_id =7 value = 0
committing transaction
load Notifications with array of userIds/projectIds/notificationTypes.
operator: UnknownresourceId: Unknown - creating db connection using connection name: informix_connection
committing transaction
get projects with the ids: 1
operator: UnknownprojectId: Unknown - creating db connection using connection name: informix_connection
committing transaction
load Resource role with ids:[J@1510a7e,[J@1510a7e,[J@1510a7e,[J@1510a7e,[J@1510a7e,[J@1510a7e,[J@1510a7e,[J@1510a7e,[J@1510a7e,[J@1510a7e,[J@1510a7e,[J@1510a7e,[J@1510a7e,[J@1510a7e,[J@1510a7e,[J@1510a7e,[J@1510a7e,[J@1510a7e,[J@1510a7e,[J@1510a7e,[J@1510a7e,[J@1510a7e
operator: UnknownresourceId: Unknown - creating db connection using connection name: informix_connection
committing transaction
load Resource with ids:[J@124bcc6
operator: UnknownresourceId: Unknown - creating db connection using connection name: informix_connection
load ResourceRole with id:4
operator: UnknownresourceId: Unknown - creating db connection using connection name: informix_connection
committing transaction
committing transaction
load Resource with ids:[J@1c1a591,[J@1c1a591
operator: UnknownresourceId: Unknown - creating db connection using connection name: informix_connection
load ResourceRole with id:18
operator: UnknownresourceId: Unknown - creating db connection using connection name: informix_connection
committing transaction
load ResourceRole with id:18
operator: UnknownresourceId: Unknown - creating db connection using connection name: informix_connection
committing transaction
committing transaction
load Resource with ids:[J@ff9111
operator: UnknownresourceId: Unknown - creating db connection using connection name: informix_connection
load ResourceRole with id:12
operator: UnknownresourceId: Unknown - creating db connection using connection name: informix_connection
committing transaction
committing transaction
load Resource with ids:[J@1dce7a9
operator: UnknownresourceId: Unknown - creating db connection using connection name: informix_connection
load ResourceRole with id:13
operator: UnknownresourceId: Unknown - creating db connection using connection name: informix_connection
committing transaction
committing transaction
load Resource with ids:[J@1eb908d
operator: UnknownresourceId: Unknown - creating db connection using connection name: informix_connection
load ResourceRole with id:9
operator: UnknownresourceId: Unknown - creating db connection using connection name: informix_connection
committing transaction
committing transaction
operator: UnknownresourceId: 100001 - load resource.
operator: UnknownresourceId: Unknown - creating db connection using connection name: informix_connection
load ResourceRole with id:4
operator: UnknownresourceId: Unknown - creating db connection using connection name: informix_connection
committing transaction
committing transaction
operator: UnknownresourceId: 100000 - load resource.
operator: UnknownresourceId: Unknown - creating db connection using connection name: informix_connection
load ResourceRole with id:13
operator: UnknownresourceId: Unknown - creating db connection using connection name: informix_connection
committing transaction
committing transaction
operator: UnknownresourceId: 5 - load resource.
operator: UnknownresourceId: Unknown - creating db connection using connection name: informix_connection
load ResourceRole with id:18
operator: UnknownresourceId: Unknown - creating db connection using connection name: informix_connection
committing transaction
committing transaction
Read propery[ConnectionFactoryNS] which is  required  with value[com.topcoder.db.connectionfactory.DBConnectionFactoryImpl] from namespace [com.topcoder.management.project.persistence.InformixProjectPersistence].
Read propery[ConnectionName] which is  optional  with value[informix_connection] from namespace [com.topcoder.management.project.persistence.InformixProjectPersistence].
Read propery[ProjectIdSequenceName] which is  optional  with value[project_id_seq] from namespace [com.topcoder.management.project.persistence.InformixProjectPersistence].
Read propery[ProjectAuditIdSequenceName] which is  optional  with value[project_audit_id_seq] from namespace [com.topcoder.management.project.persistence.InformixProjectPersistence].
Read propery[ConnectionFactoryNS] which is  required  with value[com.topcoder.db.connectionfactory.DBConnectionFactoryImpl] from namespace [com.topcoder.management.project.persistence.link.ProjectLinkManagerImpl].
Read propery[ConnectionName] which is  optional  with value[informix_connection] from namespace [com.topcoder.management.project.persistence.link.ProjectLinkManagerImpl].
read property ConnectionFactoryNS[com.topcoder.db.connectionfactory.DBConnectionFactoryImpl] from the namespace :com.topcoder.management.scorecard.persistence.InformixScorecardPersistence
read property ConnectionName[informix_connection] from the namespace :com.topcoder.management.scorecard.persistence.InformixScorecardPersistence
Instantiate SqlUploadPersistence with connectionFactory and connectioName:informix_connection
Instantiate PersistenceUploadManager with UploadPersistence, uploadSearchBundle, submissionSearchBundle, uploadIdGenerator, uploadTypeIdGenerator, uploadStatusIdGenerator, submissionIDGenerator, submissionStatusIdGenerator and submissionTypeIdGenerator.
Instantiate AbstractResourcePersistence with connectionFactory and connectionName[informix_connection].
Read propery[ConnectionFactoryNS] which is  required  with value[com.topcoder.db.connectionfactory.DBConnectionFactoryImpl] from namespace [com.topcoder.management.project.persistence.InformixProjectPersistence].
Read propery[ConnectionName] which is  optional  with value[informix_connection] from namespace [com.topcoder.management.project.persistence.InformixProjectPersistence].
Read propery[ProjectIdSequenceName] which is  optional  with value[project_id_seq] from namespace [com.topcoder.management.project.persistence.InformixProjectPersistence].
Read propery[ProjectAuditIdSequenceName] which is  optional  with value[project_audit_id_seq] from namespace [com.topcoder.management.project.persistence.InformixProjectPersistence].
Read propery[ConnectionFactoryNS] which is  required  with value[com.topcoder.db.connectionfactory.DBConnectionFactoryImpl] from namespace [com.topcoder.management.project.persistence.link.ProjectLinkManagerImpl].
Read propery[ConnectionName] which is  optional  with value[informix_connection] from namespace [com.topcoder.management.project.persistence.link.ProjectLinkManagerImpl].
read property ConnectionFactoryNS[com.topcoder.db.connectionfactory.DBConnectionFactoryImpl] from the namespace :com.topcoder.management.scorecard.persistence.InformixScorecardPersistence
read property ConnectionName[informix_connection] from the namespace :com.topcoder.management.scorecard.persistence.InformixScorecardPersistence
Instantiate SqlUploadPersistence with connectionFactory and connectioName:informix_connection
Instantiate PersistenceUploadManager with UploadPersistence, uploadSearchBundle, submissionSearchBundle, uploadIdGenerator, uploadTypeIdGenerator, uploadStatusIdGenerator, submissionIDGenerator, submissionStatusIdGenerator and submissionTypeIdGenerator.
Instantiate AbstractResourcePersistence with connectionFactory and connectionName[informix_connection].
Read propery[ConnectionFactoryNS] which is  required  with value[com.topcoder.db.connectionfactory.DBConnectionFactoryImpl] from namespace [com.topcoder.management.project.persistence.InformixProjectPersistence].
Read propery[ConnectionName] which is  optional  with value[informix_connection] from namespace [com.topcoder.management.project.persistence.InformixProjectPersistence].
Read propery[ProjectIdSequenceName] which is  optional  with value[project_id_seq] from namespace [com.topcoder.management.project.persistence.InformixProjectPersistence].
Read propery[ProjectAuditIdSequenceName] which is  optional  with value[project_audit_id_seq] from namespace [com.topcoder.management.project.persistence.InformixProjectPersistence].
Read propery[ConnectionFactoryNS] which is  required  with value[com.topcoder.db.connectionfactory.DBConnectionFactoryImpl] from namespace [com.topcoder.management.project.persistence.link.ProjectLinkManagerImpl].
Read propery[ConnectionName] which is  optional  with value[informix_connection] from namespace [com.topcoder.management.project.persistence.link.ProjectLinkManagerImpl].
read property ConnectionFactoryNS[com.topcoder.db.connectionfactory.DBConnectionFactoryImpl] from the namespace :com.topcoder.management.scorecard.persistence.InformixScorecardPersistence
read property ConnectionName[informix_connection] from the namespace :com.topcoder.management.scorecard.persistence.InformixScorecardPersistence
Instantiate SqlUploadPersistence with connectionFactory and connectioName:informix_connection
Instantiate PersistenceUploadManager with UploadPersistence, uploadSearchBundle, submissionSearchBundle, uploadIdGenerator, uploadTypeIdGenerator, uploadStatusIdGenerator, submissionIDGenerator, submissionStatusIdGenerator and submissionTypeIdGenerator.
Instantiate AbstractResourcePersistence with connectionFactory and connectionName[informix_connection].
type: Upload id: Unknown operator:Unknown - search submissions with filter. found: 1
Read propery[ConnectionFactoryNS] which is  required  with value[com.topcoder.db.connectionfactory.DBConnectionFactoryImpl] from namespace [com.topcoder.management.project.persistence.InformixProjectPersistence].
Read propery[ConnectionName] which is  optional  with value[informix_connection] from namespace [com.topcoder.management.project.persistence.InformixProjectPersistence].
Read propery[ProjectIdSequenceName] which is  optional  with value[project_id_seq] from namespace [com.topcoder.management.project.persistence.InformixProjectPersistence].
Read propery[ProjectAuditIdSequenceName] which is  optional  with value[project_audit_id_seq] from namespace [com.topcoder.management.project.persistence.InformixProjectPersistence].
Read propery[ConnectionFactoryNS] which is  required  with value[com.topcoder.db.connectionfactory.DBConnectionFactoryImpl] from namespace [com.topcoder.management.project.persistence.link.ProjectLinkManagerImpl].
Read propery[ConnectionName] which is  optional  with value[informix_connection] from namespace [com.topcoder.management.project.persistence.link.ProjectLinkManagerImpl].
read property ConnectionFactoryNS[com.topcoder.db.connectionfactory.DBConnectionFactoryImpl] from the namespace :com.topcoder.management.scorecard.persistence.InformixScorecardPersistence
read property ConnectionName[informix_connection] from the namespace :com.topcoder.management.scorecard.persistence.InformixScorecardPersistence
Instantiate SqlUploadPersistence with connectionFactory and connectioName:informix_connection
Instantiate PersistenceUploadManager with UploadPersistence, uploadSearchBundle, submissionSearchBundle, uploadIdGenerator, uploadTypeIdGenerator, uploadStatusIdGenerator, submissionIDGenerator, submissionStatusIdGenerator and submissionTypeIdGenerator.
Instantiate AbstractResourcePersistence with connectionFactory and connectionName[informix_connection].
type: Upload id: Unknown operator:Unknown - search submissions with filter. found: 0
Read propery[ConnectionFactoryNS] which is  required  with value[com.topcoder.db.connectionfactory.DBConnectionFactoryImpl] from namespace [com.topcoder.management.project.persistence.InformixProjectPersistence].
Read propery[ConnectionName] which is  optional  with value[informix_connection] from namespace [com.topcoder.management.project.persistence.InformixProjectPersistence].
Read propery[ProjectIdSequenceName] which is  optional  with value[project_id_seq] from namespace [com.topcoder.management.project.persistence.InformixProjectPersistence].
Read propery[ProjectAuditIdSequenceName] which is  optional  with value[project_audit_id_seq] from namespace [com.topcoder.management.project.persistence.InformixProjectPersistence].
Read propery[ConnectionFactoryNS] which is  required  with value[com.topcoder.db.connectionfactory.DBConnectionFactoryImpl] from namespace [com.topcoder.management.project.persistence.link.ProjectLinkManagerImpl].
Read propery[ConnectionName] which is  optional  with value[informix_connection] from namespace [com.topcoder.management.project.persistence.link.ProjectLinkManagerImpl].
read property ConnectionFactoryNS[com.topcoder.db.connectionfactory.DBConnectionFactoryImpl] from the namespace :com.topcoder.management.scorecard.persistence.InformixScorecardPersistence
read property ConnectionName[informix_connection] from the namespace :com.topcoder.management.scorecard.persistence.InformixScorecardPersistence
Instantiate SqlUploadPersistence with connectionFactory and connectioName:informix_connection
Instantiate PersistenceUploadManager with UploadPersistence, uploadSearchBundle, submissionSearchBundle, uploadIdGenerator, uploadTypeIdGenerator, uploadStatusIdGenerator, submissionIDGenerator, submissionStatusIdGenerator and submissionTypeIdGenerator.
Instantiate AbstractResourcePersistence with connectionFactory and connectionName[informix_connection].
type: Upload id: Unknown operator:Unknown - search submissions with filter. found: 2
Multiple specification submissions exist.
Read propery[ConnectionFactoryNS] which is  required  with value[com.topcoder.db.connectionfactory.DBConnectionFactoryImpl] from namespace [com.topcoder.management.project.persistence.InformixProjectPersistence].
Read propery[ConnectionName] which is  optional  with value[informix_connection] from namespace [com.topcoder.management.project.persistence.InformixProjectPersistence].
Read propery[ProjectIdSequenceName] which is  optional  with value[project_id_seq] from namespace [com.topcoder.management.project.persistence.InformixProjectPersistence].
Read propery[ProjectAuditIdSequenceName] which is  optional  with value[project_audit_id_seq] from namespace [com.topcoder.management.project.persistence.InformixProjectPersistence].
Read propery[ConnectionFactoryNS] which is  required  with value[com.topcoder.db.connectionfactory.DBConnectionFactoryImpl] from namespace [com.topcoder.management.project.persistence.link.ProjectLinkManagerImpl].
Read propery[ConnectionName] which is  optional  with value[informix_connection] from namespace [com.topcoder.management.project.persistence.link.ProjectLinkManagerImpl].
read property ConnectionFactoryNS[com.topcoder.db.connectionfactory.DBConnectionFactoryImpl] from the namespace :com.topcoder.management.scorecard.persistence.InformixScorecardPersistence
read property ConnectionName[informix_connection] from the namespace :com.topcoder.management.scorecard.persistence.InformixScorecardPersistence
Instantiate SqlUploadPersistence with connectionFactory and connectioName:informix_connection
Instantiate PersistenceUploadManager with UploadPersistence, uploadSearchBundle, submissionSearchBundle, uploadIdGenerator, uploadTypeIdGenerator, uploadStatusIdGenerator, submissionIDGenerator, submissionStatusIdGenerator and submissionTypeIdGenerator.
Instantiate AbstractResourcePersistence with connectionFactory and connectionName[informix_connection].
type: Upload id: Unknown operator:Unknown - search submissions with filter. found: 1
Read propery[ConnectionFactoryNS] which is  required  with value[com.topcoder.db.connectionfactory.DBConnectionFactoryImpl] from namespace [com.topcoder.management.project.persistence.InformixProjectPersistence].
Read propery[ConnectionName] which is  optional  with value[informix_connection] from namespace [com.topcoder.management.project.persistence.InformixProjectPersistence].
Read propery[ProjectIdSequenceName] which is  optional  with value[project_id_seq] from namespace [com.topcoder.management.project.persistence.InformixProjectPersistence].
Read propery[ProjectAuditIdSequenceName] which is  optional  with value[project_audit_id_seq] from namespace [com.topcoder.management.project.persistence.InformixProjectPersistence].
Read propery[ConnectionFactoryNS] which is  required  with value[com.topcoder.db.connectionfactory.DBConnectionFactoryImpl] from namespace [com.topcoder.management.project.persistence.link.ProjectLinkManagerImpl].
Read propery[ConnectionName] which is  optional  with value[informix_connection] from namespace [com.topcoder.management.project.persistence.link.ProjectLinkManagerImpl].
read property ConnectionFactoryNS[com.topcoder.db.connectionfactory.DBConnectionFactoryImpl] from the namespace :com.topcoder.management.scorecard.persistence.InformixScorecardPersistence
read property ConnectionName[informix_connection] from the namespace :com.topcoder.management.scorecard.persistence.InformixScorecardPersistence
Instantiate SqlUploadPersistence with connectionFactory and connectioName:informix_connection
Instantiate PersistenceUploadManager with UploadPersistence, uploadSearchBundle, submissionSearchBundle, uploadIdGenerator, uploadTypeIdGenerator, uploadStatusIdGenerator, submissionIDGenerator, submissionStatusIdGenerator and submissionTypeIdGenerator.
Instantiate AbstractResourcePersistence with connectionFactory and connectionName[informix_connection].
type: Upload id: Unknown operator:Unknown - search submissions with filter. found: 0
Read propery[ConnectionFactoryNS] which is  required  with value[com.topcoder.db.connectionfactory.DBConnectionFactoryImpl] from namespace [com.topcoder.management.project.persistence.InformixProjectPersistence].
Read propery[ConnectionName] which is  optional  with value[informix_connection] from namespace [com.topcoder.management.project.persistence.InformixProjectPersistence].
Read propery[ProjectIdSequenceName] which is  optional  with value[project_id_seq] from namespace [com.topcoder.management.project.persistence.InformixProjectPersistence].
Read propery[ProjectAuditIdSequenceName] which is  optional  with value[project_audit_id_seq] from namespace [com.topcoder.management.project.persistence.InformixProjectPersistence].
Read propery[ConnectionFactoryNS] which is  required  with value[com.topcoder.db.connectionfactory.DBConnectionFactoryImpl] from namespace [com.topcoder.management.project.persistence.link.ProjectLinkManagerImpl].
Read propery[ConnectionName] which is  optional  with value[informix_connection] from namespace [com.topcoder.management.project.persistence.link.ProjectLinkManagerImpl].
read property ConnectionFactoryNS[com.topcoder.db.connectionfactory.DBConnectionFactoryImpl] from the namespace :com.topcoder.management.scorecard.persistence.InformixScorecardPersistence
read property ConnectionName[informix_connection] from the namespace :com.topcoder.management.scorecard.persistence.InformixScorecardPersistence
Instantiate SqlUploadPersistence with connectionFactory and connectioName:informix_connection
Instantiate PersistenceUploadManager with UploadPersistence, uploadSearchBundle, submissionSearchBundle, uploadIdGenerator, uploadTypeIdGenerator, uploadStatusIdGenerator, submissionIDGenerator, submissionStatusIdGenerator and submissionTypeIdGenerator.
Instantiate AbstractResourcePersistence with connectionFactory and connectionName[informix_connection].
type: Upload id: Unknown operator:Unknown - search submissions with filter. found: 1
Read propery[ConnectionFactoryNS] which is  required  with value[com.topcoder.db.connectionfactory.DBConnectionFactoryImpl] from namespace [com.topcoder.management.project.persistence.InformixProjectPersistence].
Read propery[ConnectionName] which is  optional  with value[informix_connection] from namespace [com.topcoder.management.project.persistence.InformixProjectPersistence].
Read propery[ProjectIdSequenceName] which is  optional  with value[project_id_seq] from namespace [com.topcoder.management.project.persistence.InformixProjectPersistence].
Read propery[ProjectAuditIdSequenceName] which is  optional  with value[project_audit_id_seq] from namespace [com.topcoder.management.project.persistence.InformixProjectPersistence].
Read propery[ConnectionFactoryNS] which is  required  with value[com.topcoder.db.connectionfactory.DBConnectionFactoryImpl] from namespace [com.topcoder.management.project.persistence.link.ProjectLinkManagerImpl].
Read propery[ConnectionName] which is  optional  with value[informix_connection] from namespace [com.topcoder.management.project.persistence.link.ProjectLinkManagerImpl].
read property ConnectionFactoryNS[com.topcoder.db.connectionfactory.DBConnectionFactoryImpl] from the namespace :com.topcoder.management.scorecard.persistence.InformixScorecardPersistence
read property ConnectionName[informix_connection] from the namespace :com.topcoder.management.scorecard.persistence.InformixScorecardPersistence
Instantiate SqlUploadPersistence with connectionFactory and connectioName:informix_connection
Instantiate PersistenceUploadManager with UploadPersistence, uploadSearchBundle, submissionSearchBundle, uploadIdGenerator, uploadTypeIdGenerator, uploadStatusIdGenerator, submissionIDGenerator, submissionStatusIdGenerator and submissionTypeIdGenerator.
Instantiate AbstractResourcePersistence with connectionFactory and connectionName[informix_connection].
Read propery[ConnectionFactoryNS] which is  required  with value[com.topcoder.db.connectionfactory.DBConnectionFactoryImpl] from namespace [com.topcoder.management.project.persistence.InformixProjectPersistence].
Read propery[ConnectionName] which is  optional  with value[informix_connection] from namespace [com.topcoder.management.project.persistence.InformixProjectPersistence].
Read propery[ProjectIdSequenceName] which is  optional  with value[project_id_seq] from namespace [com.topcoder.management.project.persistence.InformixProjectPersistence].
Read propery[ProjectAuditIdSequenceName] which is  optional  with value[project_audit_id_seq] from namespace [com.topcoder.management.project.persistence.InformixProjectPersistence].
Read propery[ConnectionFactoryNS] which is  required  with value[com.topcoder.db.connectionfactory.DBConnectionFactoryImpl] from namespace [com.topcoder.management.project.persistence.link.ProjectLinkManagerImpl].
Read propery[ConnectionName] which is  optional  with value[informix_connection] from namespace [com.topcoder.management.project.persistence.link.ProjectLinkManagerImpl].
read property ConnectionFactoryNS[com.topcoder.db.connectionfactory.DBConnectionFactoryImpl] from the namespace :com.topcoder.management.scorecard.persistence.InformixScorecardPersistence
read property ConnectionName[informix_connection] from the namespace :com.topcoder.management.scorecard.persistence.InformixScorecardPersistence
Instantiate SqlUploadPersistence with connectionFactory and connectioName:informix_connection
Instantiate PersistenceUploadManager with UploadPersistence, uploadSearchBundle, submissionSearchBundle, uploadIdGenerator, uploadTypeIdGenerator, uploadStatusIdGenerator, submissionIDGenerator, submissionStatusIdGenerator and submissionTypeIdGenerator.
Instantiate AbstractResourcePersistence with connectionFactory and connectionName[informix_connection].
Read propery[ConnectionFactoryNS] which is  required  with value[com.topcoder.db.connectionfactory.DBConnectionFactoryImpl] from namespace [com.topcoder.management.project.persistence.InformixProjectPersistence].
Read propery[ConnectionName] which is  optional  with value[informix_connection] from namespace [com.topcoder.management.project.persistence.InformixProjectPersistence].
Read propery[ProjectIdSequenceName] which is  optional  with value[project_id_seq] from namespace [com.topcoder.management.project.persistence.InformixProjectPersistence].
Read propery[ProjectAuditIdSequenceName] which is  optional  with value[project_audit_id_seq] from namespace [com.topcoder.management.project.persistence.InformixProjectPersistence].
Read propery[ConnectionFactoryNS] which is  required  with value[com.topcoder.db.connectionfactory.DBConnectionFactoryImpl] from namespace [com.topcoder.management.project.persistence.link.ProjectLinkManagerImpl].
Read propery[ConnectionName] which is  optional  with value[informix_connection] from namespace [com.topcoder.management.project.persistence.link.ProjectLinkManagerImpl].
read property ConnectionFactoryNS[com.topcoder.db.connectionfactory.DBConnectionFactoryImpl] from the namespace :com.topcoder.management.scorecard.persistence.InformixScorecardPersistence
read property ConnectionName[informix_connection] from the namespace :com.topcoder.management.scorecard.persistence.InformixScorecardPersistence
Instantiate SqlUploadPersistence with connectionFactory and connectioName:informix_connection
Instantiate PersistenceUploadManager with UploadPersistence, uploadSearchBundle, submissionSearchBundle, uploadIdGenerator, uploadTypeIdGenerator, uploadStatusIdGenerator, submissionIDGenerator, submissionStatusIdGenerator and submissionTypeIdGenerator.
Instantiate AbstractResourcePersistence with connectionFactory and connectionName[informix_connection].
Read propery[ConnectionFactoryNS] which is  required  with value[com.topcoder.db.connectionfactory.DBConnectionFactoryImpl] from namespace [com.topcoder.management.project.persistence.InformixProjectPersistence].
Read propery[ConnectionName] which is  optional  with value[informix_connection] from namespace [com.topcoder.management.project.persistence.InformixProjectPersistence].
Read propery[ProjectIdSequenceName] which is  optional  with value[project_id_seq] from namespace [com.topcoder.management.project.persistence.InformixProjectPersistence].
Read propery[ProjectAuditIdSequenceName] which is  optional  with value[project_audit_id_seq] from namespace [com.topcoder.management.project.persistence.InformixProjectPersistence].
Read propery[ConnectionFactoryNS] which is  required  with value[com.topcoder.db.connectionfactory.DBConnectionFactoryImpl] from namespace [com.topcoder.management.project.persistence.link.ProjectLinkManagerImpl].
Read propery[ConnectionName] which is  optional  with value[informix_connection] from namespace [com.topcoder.management.project.persistence.link.ProjectLinkManagerImpl].
read property ConnectionFactoryNS[com.topcoder.db.connectionfactory.DBConnectionFactoryImpl] from the namespace :com.topcoder.management.scorecard.persistence.InformixScorecardPersistence
read property ConnectionName[informix_connection] from the namespace :com.topcoder.management.scorecard.persistence.InformixScorecardPersistence
Instantiate SqlUploadPersistence with connectionFactory and connectioName:informix_connection
Instantiate PersistenceUploadManager with UploadPersistence, uploadSearchBundle, submissionSearchBundle, uploadIdGenerator, uploadTypeIdGenerator, uploadStatusIdGenerator, submissionIDGenerator, submissionStatusIdGenerator and submissionTypeIdGenerator.
Instantiate AbstractResourcePersistence with connectionFactory and connectionName[informix_connection].
operator: UnknownprojectId: Unknown - Enter getDestProjectLinks method.
operator: UnknownprojectId: Unknown - creating db connection using connection name: informix_connection
get projects with the ids: 1,2
operator: UnknownprojectId: Unknown - creating db connection using connection name: informix_connection
committing transaction
committing transaction
Read propery[ConnectionFactoryNS] which is  required  with value[com.topcoder.db.connectionfactory.DBConnectionFactoryImpl] from namespace [com.topcoder.management.project.persistence.InformixProjectPersistence].
Read propery[ConnectionName] which is  optional  with value[informix_connection] from namespace [com.topcoder.management.project.persistence.InformixProjectPersistence].
Read propery[ProjectIdSequenceName] which is  optional  with value[project_id_seq] from namespace [com.topcoder.management.project.persistence.InformixProjectPersistence].
Read propery[ProjectAuditIdSequenceName] which is  optional  with value[project_audit_id_seq] from namespace [com.topcoder.management.project.persistence.InformixProjectPersistence].
Read propery[ConnectionFactoryNS] which is  required  with value[com.topcoder.db.connectionfactory.DBConnectionFactoryImpl] from namespace [com.topcoder.management.project.persistence.link.ProjectLinkManagerImpl].
Read propery[ConnectionName] which is  optional  with value[informix_connection] from namespace [com.topcoder.management.project.persistence.link.ProjectLinkManagerImpl].
read property ConnectionFactoryNS[com.topcoder.db.connectionfactory.DBConnectionFactoryImpl] from the namespace :com.topcoder.management.scorecard.persistence.InformixScorecardPersistence
read property ConnectionName[informix_connection] from the namespace :com.topcoder.management.scorecard.persistence.InformixScorecardPersistence
Instantiate SqlUploadPersistence with connectionFactory and connectioName:informix_connection
Instantiate PersistenceUploadManager with UploadPersistence, uploadSearchBundle, submissionSearchBundle, uploadIdGenerator, uploadTypeIdGenerator, uploadStatusIdGenerator, submissionIDGenerator, submissionStatusIdGenerator and submissionTypeIdGenerator.
Instantiate AbstractResourcePersistence with connectionFactory and connectionName[informix_connection].
operator: UnknownprojectId: Unknown - Enter getDestProjectLinks method.
operator: UnknownprojectId: Unknown - creating db connection using connection name: informix_connection
get projects with the ids: 1,2
operator: UnknownprojectId: Unknown - creating db connection using connection name: informix_connection
committing transaction
committing transaction
Read propery[ConnectionFactoryNS] which is  required  with value[com.topcoder.db.connectionfactory.DBConnectionFactoryImpl] from namespace [com.topcoder.management.project.persistence.InformixProjectPersistence].
Read propery[ConnectionName] which is  optional  with value[informix_connection] from namespace [com.topcoder.management.project.persistence.InformixProjectPersistence].
Read propery[ProjectIdSequenceName] which is  optional  with value[project_id_seq] from namespace [com.topcoder.management.project.persistence.InformixProjectPersistence].
Read propery[ProjectAuditIdSequenceName] which is  optional  with value[project_audit_id_seq] from namespace [com.topcoder.management.project.persistence.InformixProjectPersistence].
Read propery[ConnectionFactoryNS] which is  required  with value[com.topcoder.db.connectionfactory.DBConnectionFactoryImpl] from namespace [com.topcoder.management.project.persistence.link.ProjectLinkManagerImpl].
Read propery[ConnectionName] which is  optional  with value[informix_connection] from namespace [com.topcoder.management.project.persistence.link.ProjectLinkManagerImpl].
read property ConnectionFactoryNS[com.topcoder.db.connectionfactory.DBConnectionFactoryImpl] from the namespace :com.topcoder.management.scorecard.persistence.InformixScorecardPersistence
read property ConnectionName[informix_connection] from the namespace :com.topcoder.management.scorecard.persistence.InformixScorecardPersistence
Instantiate SqlUploadPersistence with connectionFactory and connectioName:informix_connection
Instantiate PersistenceUploadManager with UploadPersistence, uploadSearchBundle, submissionSearchBundle, uploadIdGenerator, uploadTypeIdGenerator, uploadStatusIdGenerator, submissionIDGenerator, submissionStatusIdGenerator and submissionTypeIdGenerator.
Instantiate AbstractResourcePersistence with connectionFactory and connectionName[informix_connection].
Read propery[ConnectionFactoryNS] which is  required  with value[com.topcoder.db.connectionfactory.DBConnectionFactoryImpl] from namespace [com.topcoder.management.project.persistence.InformixProjectPersistence].
Read propery[ConnectionName] which is  optional  with value[informix_connection] from namespace [com.topcoder.management.project.persistence.InformixProjectPersistence].
Read propery[ProjectIdSequenceName] which is  optional  with value[project_id_seq] from namespace [com.topcoder.management.project.persistence.InformixProjectPersistence].
Read propery[ProjectAuditIdSequenceName] which is  optional  with value[project_audit_id_seq] from namespace [com.topcoder.management.project.persistence.InformixProjectPersistence].
Read propery[ConnectionFactoryNS] which is  required  with value[com.topcoder.db.connectionfactory.DBConnectionFactoryImpl] from namespace [com.topcoder.management.project.persistence.link.ProjectLinkManagerImpl].
Read propery[ConnectionName] which is  optional  with value[informix_connection] from namespace [com.topcoder.management.project.persistence.link.ProjectLinkManagerImpl].
read property ConnectionFactoryNS[com.topcoder.db.connectionfactory.DBConnectionFactoryImpl] from the namespace :com.topcoder.management.scorecard.persistence.InformixScorecardPersistence
read property ConnectionName[informix_connection] from the namespace :com.topcoder.management.scorecard.persistence.InformixScorecardPersistence
Instantiate SqlUploadPersistence with connectionFactory and connectioName:informix_connection
Instantiate PersistenceUploadManager with UploadPersistence, uploadSearchBundle, submissionSearchBundle, uploadIdGenerator, uploadTypeIdGenerator, uploadStatusIdGenerator, submissionIDGenerator, submissionStatusIdGenerator and submissionTypeIdGenerator.
Instantiate AbstractResourcePersistence with connectionFactory and connectionName[informix_connection].
Read propery[ConnectionFactoryNS] which is  required  with value[com.topcoder.db.connectionfactory.DBConnectionFactoryImpl] from namespace [com.topcoder.management.project.persistence.InformixProjectPersistence].
Read propery[ConnectionName] which is  optional  with value[informix_connection] from namespace [com.topcoder.management.project.persistence.InformixProjectPersistence].
Read propery[ProjectIdSequenceName] which is  optional  with value[project_id_seq] from namespace [com.topcoder.management.project.persistence.InformixProjectPersistence].
Read propery[ProjectAuditIdSequenceName] which is  optional  with value[project_audit_id_seq] from namespace [com.topcoder.management.project.persistence.InformixProjectPersistence].
Read propery[ConnectionFactoryNS] which is  required  with value[com.topcoder.db.connectionfactory.DBConnectionFactoryImpl] from namespace [com.topcoder.management.project.persistence.link.ProjectLinkManagerImpl].
Read propery[ConnectionName] which is  optional  with value[informix_connection] from namespace [com.topcoder.management.project.persistence.link.ProjectLinkManagerImpl].
read property ConnectionFactoryNS[com.topcoder.db.connectionfactory.DBConnectionFactoryImpl] from the namespace :com.topcoder.management.scorecard.persistence.InformixScorecardPersistence
read property ConnectionName[informix_connection] from the namespace :com.topcoder.management.scorecard.persistence.InformixScorecardPersistence
Instantiate SqlUploadPersistence with connectionFactory and connectioName:informix_connection
Instantiate PersistenceUploadManager with UploadPersistence, uploadSearchBundle, submissionSearchBundle, uploadIdGenerator, uploadTypeIdGenerator, uploadStatusIdGenerator, submissionIDGenerator, submissionStatusIdGenerator and submissionTypeIdGenerator.
Instantiate AbstractResourcePersistence with connectionFactory and connectionName[informix_connection].
Read propery[ConnectionFactoryNS] which is  required  with value[com.topcoder.db.connectionfactory.DBConnectionFactoryImpl] from namespace [com.topcoder.management.project.persistence.InformixProjectPersistence].
Read propery[ConnectionName] which is  optional  with value[informix_connection] from namespace [com.topcoder.management.project.persistence.InformixProjectPersistence].
Read propery[ProjectIdSequenceName] which is  optional  with value[project_id_seq] from namespace [com.topcoder.management.project.persistence.InformixProjectPersistence].
Read propery[ProjectAuditIdSequenceName] which is  optional  with value[project_audit_id_seq] from namespace [com.topcoder.management.project.persistence.InformixProjectPersistence].
Read propery[ConnectionFactoryNS] which is  required  with value[com.topcoder.db.connectionfactory.DBConnectionFactoryImpl] from namespace [com.topcoder.management.project.persistence.link.ProjectLinkManagerImpl].
Read propery[ConnectionName] which is  optional  with value[informix_connection] from namespace [com.topcoder.management.project.persistence.link.ProjectLinkManagerImpl].
read property ConnectionFactoryNS[com.topcoder.db.connectionfactory.DBConnectionFactoryImpl] from the namespace :com.topcoder.management.scorecard.persistence.InformixScorecardPersistence
read property ConnectionName[informix_connection] from the namespace :com.topcoder.management.scorecard.persistence.InformixScorecardPersistence
Instantiate SqlUploadPersistence with connectionFactory and connectioName:informix_connection
Instantiate PersistenceUploadManager with UploadPersistence, uploadSearchBundle, submissionSearchBundle, uploadIdGenerator, uploadTypeIdGenerator, uploadStatusIdGenerator, submissionIDGenerator, submissionStatusIdGenerator and submissionTypeIdGenerator.
Instantiate AbstractResourcePersistence with connectionFactory and connectionName[informix_connection].
Read propery[ConnectionFactoryNS] which is  required  with value[com.topcoder.db.connectionfactory.DBConnectionFactoryImpl] from namespace [com.topcoder.management.project.persistence.InformixProjectPersistence].
Read propery[ConnectionName] which is  optional  with value[informix_connection] from namespace [com.topcoder.management.project.persistence.InformixProjectPersistence].
Read propery[ProjectIdSequenceName] which is  optional  with value[project_id_seq] from namespace [com.topcoder.management.project.persistence.InformixProjectPersistence].
Read propery[ProjectAuditIdSequenceName] which is  optional  with value[project_audit_id_seq] from namespace [com.topcoder.management.project.persistence.InformixProjectPersistence].
Read propery[ConnectionFactoryNS] which is  required  with value[com.topcoder.db.connectionfactory.DBConnectionFactoryImpl] from namespace [com.topcoder.management.project.persistence.link.ProjectLinkManagerImpl].
Read propery[ConnectionName] which is  optional  with value[informix_connection] from namespace [com.topcoder.management.project.persistence.link.ProjectLinkManagerImpl].
read property ConnectionFactoryNS[com.topcoder.db.connectionfactory.DBConnectionFactoryImpl] from the namespace :com.topcoder.management.scorecard.persistence.InformixScorecardPersistence
read property ConnectionName[informix_connection] from the namespace :com.topcoder.management.scorecard.persistence.InformixScorecardPersistence
Instantiate SqlUploadPersistence with connectionFactory and connectioName:informix_connection
Instantiate PersistenceUploadManager with UploadPersistence, uploadSearchBundle, submissionSearchBundle, uploadIdGenerator, uploadTypeIdGenerator, uploadStatusIdGenerator, submissionIDGenerator, submissionStatusIdGenerator and submissionTypeIdGenerator.
Instantiate AbstractResourcePersistence with connectionFactory and connectionName[informix_connection].
Read propery[ConnectionFactoryNS] which is  required  with value[com.topcoder.db.connectionfactory.DBConnectionFactoryImpl] from namespace [com.topcoder.management.project.persistence.InformixProjectPersistence].
Read propery[ConnectionName] which is  optional  with value[informix_connection] from namespace [com.topcoder.management.project.persistence.InformixProjectPersistence].
Read propery[ProjectIdSequenceName] which is  optional  with value[project_id_seq] from namespace [com.topcoder.management.project.persistence.InformixProjectPersistence].
Read propery[ProjectAuditIdSequenceName] which is  optional  with value[project_audit_id_seq] from namespace [com.topcoder.management.project.persistence.InformixProjectPersistence].
Read propery[ConnectionFactoryNS] which is  required  with value[com.topcoder.db.connectionfactory.DBConnectionFactoryImpl] from namespace [com.topcoder.management.project.persistence.link.ProjectLinkManagerImpl].
Read propery[ConnectionName] which is  optional  with value[informix_connection] from namespace [com.topcoder.management.project.persistence.link.ProjectLinkManagerImpl].
read property ConnectionFactoryNS[com.topcoder.db.connectionfactory.DBConnectionFactoryImpl] from the namespace :com.topcoder.management.scorecard.persistence.InformixScorecardPersistence
read property ConnectionName[informix_connection] from the namespace :com.topcoder.management.scorecard.persistence.InformixScorecardPersistence
Instantiate SqlUploadPersistence with connectionFactory and connectioName:informix_connection
Instantiate PersistenceUploadManager with UploadPersistence, uploadSearchBundle, submissionSearchBundle, uploadIdGenerator, uploadTypeIdGenerator, uploadStatusIdGenerator, submissionIDGenerator, submissionStatusIdGenerator and submissionTypeIdGenerator.
Instantiate AbstractResourcePersistence with connectionFactory and connectionName[informix_connection].
get All submission statuses, delegate to persistence.
get All submission statuses, delegate to persistence.
create db connection using connection name:informix_connection
close the connection.
type: SubmissionStatus id: Unknown operator:Unknown - Load SubmissionStatuses with ids:1,2,3,4,5
create db connection using connection name:informix_connection
close the connection.
Read propery[ConnectionFactoryNS] which is  required  with value[com.topcoder.db.connectionfactory.DBConnectionFactoryImpl] from namespace [com.topcoder.management.project.persistence.InformixProjectPersistence].
Read propery[ConnectionName] which is  optional  with value[informix_connection] from namespace [com.topcoder.management.project.persistence.InformixProjectPersistence].
Read propery[ProjectIdSequenceName] which is  optional  with value[project_id_seq] from namespace [com.topcoder.management.project.persistence.InformixProjectPersistence].
Read propery[ProjectAuditIdSequenceName] which is  optional  with value[project_audit_id_seq] from namespace [com.topcoder.management.project.persistence.InformixProjectPersistence].
Read propery[ConnectionFactoryNS] which is  required  with value[com.topcoder.db.connectionfactory.DBConnectionFactoryImpl] from namespace [com.topcoder.management.project.persistence.link.ProjectLinkManagerImpl].
Read propery[ConnectionName] which is  optional  with value[informix_connection] from namespace [com.topcoder.management.project.persistence.link.ProjectLinkManagerImpl].
read property ConnectionFactoryNS[com.topcoder.db.connectionfactory.DBConnectionFactoryImpl] from the namespace :com.topcoder.management.scorecard.persistence.InformixScorecardPersistence
read property ConnectionName[informix_connection] from the namespace :com.topcoder.management.scorecard.persistence.InformixScorecardPersistence
Instantiate SqlUploadPersistence with connectionFactory and connectioName:informix_connection
Instantiate PersistenceUploadManager with UploadPersistence, uploadSearchBundle, submissionSearchBundle, uploadIdGenerator, uploadTypeIdGenerator, uploadStatusIdGenerator, submissionIDGenerator, submissionStatusIdGenerator and submissionTypeIdGenerator.
Instantiate AbstractResourcePersistence with connectionFactory and connectionName[informix_connection].
Read propery[ConnectionFactoryNS] which is  required  with value[com.topcoder.db.connectionfactory.DBConnectionFactoryImpl] from namespace [com.topcoder.management.project.persistence.InformixProjectPersistence].
Read propery[ConnectionName] which is  optional  with value[informix_connection] from namespace [com.topcoder.management.project.persistence.InformixProjectPersistence].
Read propery[ProjectIdSequenceName] which is  optional  with value[project_id_seq] from namespace [com.topcoder.management.project.persistence.InformixProjectPersistence].
Read propery[ProjectAuditIdSequenceName] which is  optional  with value[project_audit_id_seq] from namespace [com.topcoder.management.project.persistence.InformixProjectPersistence].
Read propery[ConnectionFactoryNS] which is  required  with value[com.topcoder.db.connectionfactory.DBConnectionFactoryImpl] from namespace [com.topcoder.management.project.persistence.link.ProjectLinkManagerImpl].
Read propery[ConnectionName] which is  optional  with value[informix_connection] from namespace [com.topcoder.management.project.persistence.link.ProjectLinkManagerImpl].
read property ConnectionFactoryNS[com.topcoder.db.connectionfactory.DBConnectionFactoryImpl] from the namespace :com.topcoder.management.scorecard.persistence.InformixScorecardPersistence
read property ConnectionName[informix_connection] from the namespace :com.topcoder.management.scorecard.persistence.InformixScorecardPersistence
Instantiate SqlUploadPersistence with connectionFactory and connectioName:informix_connection
Instantiate PersistenceUploadManager with UploadPersistence, uploadSearchBundle, submissionSearchBundle, uploadIdGenerator, uploadTypeIdGenerator, uploadStatusIdGenerator, submissionIDGenerator, submissionStatusIdGenerator and submissionTypeIdGenerator.
Instantiate AbstractResourcePersistence with connectionFactory and connectionName[informix_connection].
Read propery[ConnectionFactoryNS] which is  required  with value[com.topcoder.db.connectionfactory.DBConnectionFactoryImpl] from namespace [com.topcoder.management.project.persistence.InformixProjectPersistence].
Read propery[ConnectionName] which is  optional  with value[informix_connection] from namespace [com.topcoder.management.project.persistence.InformixProjectPersistence].
Read propery[ProjectIdSequenceName] which is  optional  with value[project_id_seq] from namespace [com.topcoder.management.project.persistence.InformixProjectPersistence].
Read propery[ProjectAuditIdSequenceName] which is  optional  with value[project_audit_id_seq] from namespace [com.topcoder.management.project.persistence.InformixProjectPersistence].
Read propery[ConnectionFactoryNS] which is  required  with value[com.topcoder.db.connectionfactory.DBConnectionFactoryImpl] from namespace [com.topcoder.management.project.persistence.link.ProjectLinkManagerImpl].
Read propery[ConnectionName] which is  optional  with value[informix_connection] from namespace [com.topcoder.management.project.persistence.link.ProjectLinkManagerImpl].
read property ConnectionFactoryNS[com.topcoder.db.connectionfactory.DBConnectionFactoryImpl] from the namespace :com.topcoder.management.scorecard.persistence.InformixScorecardPersistence
read property ConnectionName[informix_connection] from the namespace :com.topcoder.management.scorecard.persistence.InformixScorecardPersistence
Instantiate SqlUploadPersistence with connectionFactory and connectioName:informix_connection
Instantiate PersistenceUploadManager with UploadPersistence, uploadSearchBundle, submissionSearchBundle, uploadIdGenerator, uploadTypeIdGenerator, uploadStatusIdGenerator, submissionIDGenerator, submissionStatusIdGenerator and submissionTypeIdGenerator.
Instantiate AbstractResourcePersistence with connectionFactory and connectionName[informix_connection].
get All upload status, delegate to persistence.
create db connection using connection name:informix_connection
close the connection.
type: UploadStatus id: Unknown operator:Unknown - Load UploadStatuses with ids:1,2
create db connection using connection name:informix_connection
close the connection.
Read propery[ConnectionFactoryNS] which is  required  with value[com.topcoder.db.connectionfactory.DBConnectionFactoryImpl] from namespace [com.topcoder.management.project.persistence.InformixProjectPersistence].
Read propery[ConnectionName] which is  optional  with value[informix_connection] from namespace [com.topcoder.management.project.persistence.InformixProjectPersistence].
Read propery[ProjectIdSequenceName] which is  optional  with value[project_id_seq] from namespace [com.topcoder.management.project.persistence.InformixProjectPersistence].
Read propery[ProjectAuditIdSequenceName] which is  optional  with value[project_audit_id_seq] from namespace [com.topcoder.management.project.persistence.InformixProjectPersistence].
Read propery[ConnectionFactoryNS] which is  required  with value[com.topcoder.db.connectionfactory.DBConnectionFactoryImpl] from namespace [com.topcoder.management.project.persistence.link.ProjectLinkManagerImpl].
Read propery[ConnectionName] which is  optional  with value[informix_connection] from namespace [com.topcoder.management.project.persistence.link.ProjectLinkManagerImpl].
read property ConnectionFactoryNS[com.topcoder.db.connectionfactory.DBConnectionFactoryImpl] from the namespace :com.topcoder.management.scorecard.persistence.InformixScorecardPersistence
read property ConnectionName[informix_connection] from the namespace :com.topcoder.management.scorecard.persistence.InformixScorecardPersistence
Instantiate SqlUploadPersistence with connectionFactory and connectioName:informix_connection
Instantiate PersistenceUploadManager with UploadPersistence, uploadSearchBundle, submissionSearchBundle, uploadIdGenerator, uploadTypeIdGenerator, uploadStatusIdGenerator, submissionIDGenerator, submissionStatusIdGenerator and submissionTypeIdGenerator.
Instantiate AbstractResourcePersistence with connectionFactory and connectionName[informix_connection].
Read propery[ConnectionFactoryNS] which is  required  with value[com.topcoder.db.connectionfactory.DBConnectionFactoryImpl] from namespace [com.topcoder.management.project.persistence.InformixProjectPersistence].
Read propery[ConnectionName] which is  optional  with value[informix_connection] from namespace [com.topcoder.management.project.persistence.InformixProjectPersistence].
Read propery[ProjectIdSequenceName] which is  optional  with value[project_id_seq] from namespace [com.topcoder.management.project.persistence.InformixProjectPersistence].
Read propery[ProjectAuditIdSequenceName] which is  optional  with value[project_audit_id_seq] from namespace [com.topcoder.management.project.persistence.InformixProjectPersistence].
Read propery[ConnectionFactoryNS] which is  required  with value[com.topcoder.db.connectionfactory.DBConnectionFactoryImpl] from namespace [com.topcoder.management.project.persistence.link.ProjectLinkManagerImpl].
Read propery[ConnectionName] which is  optional  with value[informix_connection] from namespace [com.topcoder.management.project.persistence.link.ProjectLinkManagerImpl].
read property ConnectionFactoryNS[com.topcoder.db.connectionfactory.DBConnectionFactoryImpl] from the namespace :com.topcoder.management.scorecard.persistence.InformixScorecardPersistence
read property ConnectionName[informix_connection] from the namespace :com.topcoder.management.scorecard.persistence.InformixScorecardPersistence
Instantiate SqlUploadPersistence with connectionFactory and connectioName:informix_connection
Instantiate PersistenceUploadManager with UploadPersistence, uploadSearchBundle, submissionSearchBundle, uploadIdGenerator, uploadTypeIdGenerator, uploadStatusIdGenerator, submissionIDGenerator, submissionStatusIdGenerator and submissionTypeIdGenerator.
Instantiate AbstractResourcePersistence with connectionFactory and connectionName[informix_connection].
load Resource role with ids:[J@1efc201,[J@1efc201,[J@1efc201,[J@1efc201,[J@1efc201,[J@1efc201,[J@1efc201,[J@1efc201,[J@1efc201,[J@1efc201,[J@1efc201,[J@1efc201,[J@1efc201,[J@1efc201,[J@1efc201,[J@1efc201,[J@1efc201,[J@1efc201,[J@1efc201,[J@1efc201,[J@1efc201,[J@1efc201
operator: UnknownresourceId: Unknown - creating db connection using connection name: informix_connection
committing transaction
type: Upload id: Unknown operator:Unknown - search submissions with filter. found: 2
load Resource with ids:[J@da8d32
operator: UnknownresourceId: Unknown - creating db connection using connection name: informix_connection
load ResourceRole with id:2
operator: UnknownresourceId: Unknown - creating db connection using connection name: informix_connection
committing transaction
committing transaction
type: Upload id: Unknown operator:Unknown - search submissions with filter. found: 2
operator: UnknownresourceId: 4 - load resource.
operator: UnknownresourceId: Unknown - creating db connection using connection name: informix_connection
load ResourceRole with id:1
operator: UnknownresourceId: Unknown - creating db connection using connection name: informix_connection
committing transaction
committing transaction
operator: UnknownresourceId: 5 - load resource.
operator: UnknownresourceId: Unknown - creating db connection using connection name: informix_connection
load ResourceRole with id:1
operator: UnknownresourceId: Unknown - creating db connection using connection name: informix_connection
committing transaction
committing transaction
load Notifications with array of userIds/projectIds/notificationTypes.
operator: UnknownresourceId: Unknown - creating db connection using connection name: informix_connection
committing transaction
get projects with the ids: 1
operator: UnknownprojectId: Unknown - creating db connection using connection name: informix_connection
committing transaction
load Resource role with ids:[J@1ff5789,[J@1ff5789,[J@1ff5789,[J@1ff5789,[J@1ff5789,[J@1ff5789,[J@1ff5789,[J@1ff5789,[J@1ff5789,[J@1ff5789,[J@1ff5789,[J@1ff5789,[J@1ff5789,[J@1ff5789,[J@1ff5789,[J@1ff5789,[J@1ff5789,[J@1ff5789,[J@1ff5789,[J@1ff5789,[J@1ff5789,[J@1ff5789
operator: UnknownresourceId: Unknown - creating db connection using connection name: informix_connection
committing transaction
load Resource with ids:[J@f39788
operator: UnknownresourceId: Unknown - creating db connection using connection name: informix_connection
load ResourceRole with id:4
operator: UnknownresourceId: Unknown - creating db connection using connection name: informix_connection
committing transaction
committing transaction
load Resource with ids:[J@fb02f6
operator: UnknownresourceId: Unknown - creating db connection using connection name: informix_connection
load ResourceRole with id:12
operator: UnknownresourceId: Unknown - creating db connection using connection name: informix_connection
committing transaction
committing transaction
load Resource with ids:[J@1d41551
operator: UnknownresourceId: Unknown - creating db connection using connection name: informix_connection
load ResourceRole with id:2
operator: UnknownresourceId: Unknown - creating db connection using connection name: informix_connection
committing transaction
committing transaction
load Resource with ids:[J@1e2a06b
operator: UnknownresourceId: Unknown - creating db connection using connection name: informix_connection
load ResourceRole with id:13
operator: UnknownresourceId: Unknown - creating db connection using connection name: informix_connection
committing transaction
committing transaction
load Resource with ids:[J@79c753
operator: UnknownresourceId: Unknown - creating db connection using connection name: informix_connection
load ResourceRole with id:9
operator: UnknownresourceId: Unknown - creating db connection using connection name: informix_connection
committing transaction
committing transaction
load Resource with ids:[J@1ca0204,[J@1ca0204
operator: UnknownresourceId: Unknown - creating db connection using connection name: informix_connection
load ResourceRole with id:1
operator: UnknownresourceId: Unknown - creating db connection using connection name: informix_connection
committing transaction
load ResourceRole with id:1
operator: UnknownresourceId: Unknown - creating db connection using connection name: informix_connection
committing transaction
committing transaction
operator: UnknownresourceId: 100001 - load resource.
operator: UnknownresourceId: Unknown - creating db connection using connection name: informix_connection
load ResourceRole with id:4
operator: UnknownresourceId: Unknown - creating db connection using connection name: informix_connection
committing transaction
committing transaction
operator: UnknownresourceId: 4 - load resource.
operator: UnknownresourceId: Unknown - creating db connection using connection name: informix_connection
load ResourceRole with id:1
operator: UnknownresourceId: Unknown - creating db connection using connection name: informix_connection
committing transaction
committing transaction
operator: UnknownresourceId: 100000 - load resource.
operator: UnknownresourceId: Unknown - creating db connection using connection name: informix_connection
load ResourceRole with id:13
operator: UnknownresourceId: Unknown - creating db connection using connection name: informix_connection
committing transaction
committing transaction
operator: UnknownresourceId: 5 - load resource.
operator: UnknownresourceId: Unknown - creating db connection using connection name: informix_connection
load ResourceRole with id:1
operator: UnknownresourceId: Unknown - creating db connection using connection name: informix_connection
committing transaction
committing transaction
load Resource with ids:[J@1465143
operator: UnknownresourceId: Unknown - creating db connection using connection name: informix_connection
load ResourceRole with id:2
operator: UnknownresourceId: Unknown - creating db connection using connection name: informix_connection
committing transaction
committing transaction
load Resource with ids:[J@1212f0f
operator: UnknownresourceId: Unknown - creating db connection using connection name: informix_connection
load ResourceRole with id:2
operator: UnknownresourceId: Unknown - creating db connection using connection name: informix_connection
committing transaction
committing transaction
type: Upload id: Unknown operator:Unknown - search submissions with filter. found: 2
type: Upload id: Unknown operator:Unknown - search submissions with filter. found: 2
load Resource with ids:[J@718764
operator: UnknownresourceId: Unknown - creating db connection using connection name: informix_connection
load ResourceRole with id:2
operator: UnknownresourceId: Unknown - creating db connection using connection name: informix_connection
committing transaction
committing transaction
type: Scorecard id: Unknown operator:Unknown - retrieve scorecard with ids:1, and is incomplete
create db connection with connect name:informix_connection
close the connection.
type: Submission id: 112 operator:1001 - update Submission.
type: Submission id: 112 operator:Unknown - Update Submission, it will update record in submission table.
create db connection using connection name:informix_connection
close the connection.
get All submission statuses, delegate to persistence.
get All submission statuses, delegate to persistence.
create db connection using connection name:informix_connection
close the connection.
type: SubmissionStatus id: Unknown operator:Unknown - Load SubmissionStatuses with ids:1,2,3,4,5
create db connection using connection name:informix_connection
close the connection.
type: Submission id: 233 operator:1001 - update Submission.
type: Submission id: 233 operator:Unknown - Update Submission, it will update record in submission table.
create db connection using connection name:informix_connection
close the connection.
operator: UnknownresourceId: 4 - load resource.
operator: UnknownresourceId: Unknown - creating db connection using connection name: informix_connection
load ResourceRole with id:1
operator: UnknownresourceId: Unknown - creating db connection using connection name: informix_connection
committing transaction
committing transaction
operator: UnknownresourceId: 5 - load resource.
operator: UnknownresourceId: Unknown - creating db connection using connection name: informix_connection
load ResourceRole with id:1
operator: UnknownresourceId: Unknown - creating db connection using connection name: informix_connection
committing transaction
committing transaction
load Notifications with array of userIds/projectIds/notificationTypes.
operator: UnknownresourceId: Unknown - creating db connection using connection name: informix_connection
committing transaction
get projects with the ids: 1
operator: UnknownprojectId: Unknown - creating db connection using connection name: informix_connection
committing transaction
load Resource role with ids:[J@d6ae95,[J@d6ae95,[J@d6ae95,[J@d6ae95,[J@d6ae95,[J@d6ae95,[J@d6ae95,[J@d6ae95,[J@d6ae95,[J@d6ae95,[J@d6ae95,[J@d6ae95,[J@d6ae95,[J@d6ae95,[J@d6ae95,[J@d6ae95,[J@d6ae95,[J@d6ae95,[J@d6ae95,[J@d6ae95,[J@d6ae95,[J@d6ae95
operator: UnknownresourceId: Unknown - creating db connection using connection name: informix_connection
committing transaction
load Resource with ids:[J@b3e648
operator: UnknownresourceId: Unknown - creating db connection using connection name: informix_connection
load ResourceRole with id:4
operator: UnknownresourceId: Unknown - creating db connection using connection name: informix_connection
committing transaction
committing transaction
load Resource with ids:[J@19a3e0c
operator: UnknownresourceId: Unknown - creating db connection using connection name: informix_connection
load ResourceRole with id:12
operator: UnknownresourceId: Unknown - creating db connection using connection name: informix_connection
committing transaction
committing transaction
load Resource with ids:[J@1b4d2cb
operator: UnknownresourceId: Unknown - creating db connection using connection name: informix_connection
load ResourceRole with id:2
operator: UnknownresourceId: Unknown - creating db connection using connection name: informix_connection
committing transaction
committing transaction
load Resource with ids:[J@13a5f2b
operator: UnknownresourceId: Unknown - creating db connection using connection name: informix_connection
load ResourceRole with id:13
operator: UnknownresourceId: Unknown - creating db connection using connection name: informix_connection
committing transaction
committing transaction
load Resource with ids:[J@1e5c659
operator: UnknownresourceId: Unknown - creating db connection using connection name: informix_connection
load ResourceRole with id:9
operator: UnknownresourceId: Unknown - creating db connection using connection name: informix_connection
committing transaction
committing transaction
load Resource with ids:[J@169b054,[J@169b054
operator: UnknownresourceId: Unknown - creating db connection using connection name: informix_connection
load ResourceRole with id:1
operator: UnknownresourceId: Unknown - creating db connection using connection name: informix_connection
committing transaction
load ResourceRole with id:1
operator: UnknownresourceId: Unknown - creating db connection using connection name: informix_connection
committing transaction
committing transaction
operator: UnknownresourceId: 100008 - load resource.
operator: UnknownresourceId: Unknown - creating db connection using connection name: informix_connection
load ResourceRole with id:9
operator: UnknownresourceId: Unknown - creating db connection using connection name: informix_connection
committing transaction
committing transaction
operator: UnknownresourceId: 4 - load resource.
operator: UnknownresourceId: Unknown - creating db connection using connection name: informix_connection
load ResourceRole with id:1
operator: UnknownresourceId: Unknown - creating db connection using connection name: informix_connection
committing transaction
committing transaction
operator: UnknownresourceId: 100000 - load resource.
operator: UnknownresourceId: Unknown - creating db connection using connection name: informix_connection
load ResourceRole with id:13
operator: UnknownresourceId: Unknown - creating db connection using connection name: informix_connection
committing transaction
committing transaction
operator: UnknownresourceId: 5 - load resource.
operator: UnknownresourceId: Unknown - creating db connection using connection name: informix_connection
load ResourceRole with id:1
operator: UnknownresourceId: Unknown - creating db connection using connection name: informix_connection
committing transaction
committing transaction
Read propery[ConnectionFactoryNS] which is  required  with value[com.topcoder.db.connectionfactory.DBConnectionFactoryImpl] from namespace [com.topcoder.management.project.persistence.InformixProjectPersistence].
Read propery[ConnectionName] which is  optional  with value[informix_connection] from namespace [com.topcoder.management.project.persistence.InformixProjectPersistence].
Read propery[ProjectIdSequenceName] which is  optional  with value[project_id_seq] from namespace [com.topcoder.management.project.persistence.InformixProjectPersistence].
Read propery[ProjectAuditIdSequenceName] which is  optional  with value[project_audit_id_seq] from namespace [com.topcoder.management.project.persistence.InformixProjectPersistence].
Read propery[ConnectionFactoryNS] which is  required  with value[com.topcoder.db.connectionfactory.DBConnectionFactoryImpl] from namespace [com.topcoder.management.project.persistence.link.ProjectLinkManagerImpl].
Read propery[ConnectionName] which is  optional  with value[informix_connection] from namespace [com.topcoder.management.project.persistence.link.ProjectLinkManagerImpl].
read property ConnectionFactoryNS[com.topcoder.db.connectionfactory.DBConnectionFactoryImpl] from the namespace :com.topcoder.management.scorecard.persistence.InformixScorecardPersistence
read property ConnectionName[informix_connection] from the namespace :com.topcoder.management.scorecard.persistence.InformixScorecardPersistence
Instantiate SqlUploadPersistence with connectionFactory and connectioName:informix_connection
Instantiate PersistenceUploadManager with UploadPersistence, uploadSearchBundle, submissionSearchBundle, uploadIdGenerator, uploadTypeIdGenerator, uploadStatusIdGenerator, submissionIDGenerator, submissionStatusIdGenerator and submissionTypeIdGenerator.
Instantiate AbstractResourcePersistence with connectionFactory and connectionName[informix_connection].
load Resource role with ids:[J@70988b,[J@70988b,[J@70988b,[J@70988b,[J@70988b,[J@70988b,[J@70988b,[J@70988b,[J@70988b,[J@70988b,[J@70988b,[J@70988b,[J@70988b,[J@70988b,[J@70988b,[J@70988b,[J@70988b,[J@70988b,[J@70988b,[J@70988b,[J@70988b,[J@70988b
operator: UnknownresourceId: Unknown - creating db connection using connection name: informix_connection
committing transaction
operator: UnknownprojectId: Unknown - Enter getDestProjectLinks method.
operator: UnknownprojectId: Unknown - creating db connection using connection name: informix_connection
get projects with the ids: 1,2
operator: UnknownprojectId: Unknown - creating db connection using connection name: informix_connection
committing transaction
committing transaction
load Notifications with array of userIds/projectIds/notificationTypes.
operator: UnknownresourceId: Unknown - creating db connection using connection name: informix_connection
committing transaction
get projects with the ids: 1
operator: UnknownprojectId: Unknown - creating db connection using connection name: informix_connection
committing transaction
load Resource role with ids:[J@183b534,[J@183b534,[J@183b534,[J@183b534,[J@183b534,[J@183b534,[J@183b534,[J@183b534,[J@183b534,[J@183b534,[J@183b534,[J@183b534,[J@183b534,[J@183b534,[J@183b534,[J@183b534,[J@183b534,[J@183b534,[J@183b534,[J@183b534,[J@183b534,[J@183b534
operator: UnknownresourceId: Unknown - creating db connection using connection name: informix_connection
committing transaction
load Resource with ids:[J@4e3bc6
operator: UnknownresourceId: Unknown - creating db connection using connection name: informix_connection
load ResourceRole with id:4
operator: UnknownresourceId: Unknown - creating db connection using connection name: informix_connection
committing transaction
committing transaction
load Resource with ids:[J@de484c
operator: UnknownresourceId: Unknown - creating db connection using connection name: informix_connection
load ResourceRole with id:12
operator: UnknownresourceId: Unknown - creating db connection using connection name: informix_connection
committing transaction
committing transaction
load Resource with ids:[J@16a39c3
operator: UnknownresourceId: Unknown - creating db connection using connection name: informix_connection
load ResourceRole with id:13
operator: UnknownresourceId: Unknown - creating db connection using connection name: informix_connection
committing transaction
committing transaction
load Resource with ids:[J@7ec61a
operator: UnknownresourceId: Unknown - creating db connection using connection name: informix_connection
load ResourceRole with id:9
operator: UnknownresourceId: Unknown - creating db connection using connection name: informix_connection
committing transaction
committing transaction
operator: UnknownresourceId: 100001 - load resource.
operator: UnknownresourceId: Unknown - creating db connection using connection name: informix_connection
load ResourceRole with id:4
operator: UnknownresourceId: Unknown - creating db connection using connection name: informix_connection
committing transaction
committing transaction
operator: UnknownresourceId: 100000 - load resource.
operator: UnknownresourceId: Unknown - creating db connection using connection name: informix_connection
load ResourceRole with id:13
operator: UnknownresourceId: Unknown - creating db connection using connection name: informix_connection
committing transaction
committing transaction
type: Upload id: Unknown operator:Unknown - search submissions with filter. found: 1
load Notifications with array of userIds/projectIds/notificationTypes.
operator: UnknownresourceId: Unknown - creating db connection using connection name: informix_connection
committing transaction
get projects with the ids: 1
operator: UnknownprojectId: Unknown - creating db connection using connection name: informix_connection
committing transaction
load Resource role with ids:[J@102c225,[J@102c225,[J@102c225,[J@102c225,[J@102c225,[J@102c225,[J@102c225,[J@102c225,[J@102c225,[J@102c225,[J@102c225,[J@102c225,[J@102c225,[J@102c225,[J@102c225,[J@102c225,[J@102c225,[J@102c225,[J@102c225,[J@102c225,[J@102c225,[J@102c225
operator: UnknownresourceId: Unknown - creating db connection using connection name: informix_connection
committing transaction
load Resource with ids:[J@1ba98a7
operator: UnknownresourceId: Unknown - creating db connection using connection name: informix_connection
load ResourceRole with id:15
operator: UnknownresourceId: Unknown - creating db connection using connection name: informix_connection
committing transaction
committing transaction
load Resource with ids:[J@1c9b973
operator: UnknownresourceId: Unknown - creating db connection using connection name: informix_connection
load ResourceRole with id:4
operator: UnknownresourceId: Unknown - creating db connection using connection name: informix_connection
committing transaction
committing transaction
load Resource with ids:[J@19f051a
operator: UnknownresourceId: Unknown - creating db connection using connection name: informix_connection
load ResourceRole with id:12
operator: UnknownresourceId: Unknown - creating db connection using connection name: informix_connection
committing transaction
committing transaction
load Resource with ids:[J@99d34f
operator: UnknownresourceId: Unknown - creating db connection using connection name: informix_connection
load ResourceRole with id:17
operator: UnknownresourceId: Unknown - creating db connection using connection name: informix_connection
committing transaction
committing transaction
load Resource with ids:[J@19fd985
operator: UnknownresourceId: Unknown - creating db connection using connection name: informix_connection
load ResourceRole with id:13
operator: UnknownresourceId: Unknown - creating db connection using connection name: informix_connection
committing transaction
committing transaction
load Resource with ids:[J@184ea5e
operator: UnknownresourceId: Unknown - creating db connection using connection name: informix_connection
load ResourceRole with id:9
operator: UnknownresourceId: Unknown - creating db connection using connection name: informix_connection
committing transaction
committing transaction
operator: UnknownresourceId: 100001 - load resource.
operator: UnknownresourceId: Unknown - creating db connection using connection name: informix_connection
load ResourceRole with id:4
operator: UnknownresourceId: Unknown - creating db connection using connection name: informix_connection
committing transaction
committing transaction
operator: UnknownresourceId: 4 - load resource.
operator: UnknownresourceId: Unknown - creating db connection using connection name: informix_connection
load ResourceRole with id:17
operator: UnknownresourceId: Unknown - creating db connection using connection name: informix_connection
committing transaction
committing transaction
operator: UnknownresourceId: 100000 - load resource.
operator: UnknownresourceId: Unknown - creating db connection using connection name: informix_connection
load ResourceRole with id:13
operator: UnknownresourceId: Unknown - creating db connection using connection name: informix_connection
committing transaction
committing transaction
operator: UnknownresourceId: 1 - load resource.
operator: UnknownresourceId: Unknown - creating db connection using connection name: informix_connection
load ResourceRole with id:15
operator: UnknownresourceId: Unknown - creating db connection using connection name: informix_connection
committing transaction
committing transaction
Read propery[ConnectionFactoryNS] which is  required  with value[com.topcoder.db.connectionfactory.DBConnectionFactoryImpl] from namespace [com.topcoder.management.project.persistence.InformixProjectPersistence].
Read propery[ConnectionName] which is  optional  with value[informix_connection] from namespace [com.topcoder.management.project.persistence.InformixProjectPersistence].
Read propery[ProjectIdSequenceName] which is  optional  with value[project_id_seq] from namespace [com.topcoder.management.project.persistence.InformixProjectPersistence].
Read propery[ProjectAuditIdSequenceName] which is  optional  with value[project_audit_id_seq] from namespace [com.topcoder.management.project.persistence.InformixProjectPersistence].
Read propery[ConnectionFactoryNS] which is  required  with value[com.topcoder.db.connectionfactory.DBConnectionFactoryImpl] from namespace [com.topcoder.management.project.persistence.link.ProjectLinkManagerImpl].
Read propery[ConnectionName] which is  optional  with value[informix_connection] from namespace [com.topcoder.management.project.persistence.link.ProjectLinkManagerImpl].
read property ConnectionFactoryNS[com.topcoder.db.connectionfactory.DBConnectionFactoryImpl] from the namespace :com.topcoder.management.scorecard.persistence.InformixScorecardPersistence
read property ConnectionName[informix_connection] from the namespace :com.topcoder.management.scorecard.persistence.InformixScorecardPersistence
Instantiate SqlUploadPersistence with connectionFactory and connectioName:informix_connection
Instantiate PersistenceUploadManager with UploadPersistence, uploadSearchBundle, submissionSearchBundle, uploadIdGenerator, uploadTypeIdGenerator, uploadStatusIdGenerator, submissionIDGenerator, submissionStatusIdGenerator and submissionTypeIdGenerator.
Instantiate AbstractResourcePersistence with connectionFactory and connectionName[informix_connection].
load Resource role with ids:[J@a013f6,[J@a013f6,[J@a013f6,[J@a013f6,[J@a013f6,[J@a013f6,[J@a013f6,[J@a013f6,[J@a013f6,[J@a013f6,[J@a013f6,[J@a013f6,[J@a013f6,[J@a013f6,[J@a013f6,[J@a013f6,[J@a013f6,[J@a013f6,[J@a013f6,[J@a013f6,[J@a013f6,[J@a013f6
operator: UnknownresourceId: Unknown - creating db connection using connection name: informix_connection
committing transaction
type: Upload id: Unknown operator:Unknown - search submissions with filter. found: 1
load Notifications with array of userIds/projectIds/notificationTypes.
operator: UnknownresourceId: Unknown - creating db connection using connection name: informix_connection
committing transaction
get projects with the ids: 1
operator: UnknownprojectId: Unknown - creating db connection using connection name: informix_connection
committing transaction
load Resource role with ids:[J@159869b,[J@159869b,[J@159869b,[J@159869b,[J@159869b,[J@159869b,[J@159869b,[J@159869b,[J@159869b,[J@159869b,[J@159869b,[J@159869b,[J@159869b,[J@159869b,[J@159869b,[J@159869b,[J@159869b,[J@159869b,[J@159869b,[J@159869b,[J@159869b,[J@159869b
operator: UnknownresourceId: Unknown - creating db connection using connection name: informix_connection
committing transaction
load Resource with ids:[J@1b8c229
operator: UnknownresourceId: Unknown - creating db connection using connection name: informix_connection
load ResourceRole with id:4
operator: UnknownresourceId: Unknown - creating db connection using connection name: informix_connection
committing transaction
committing transaction
load Resource with ids:[J@1032cfc
operator: UnknownresourceId: Unknown - creating db connection using connection name: informix_connection
load ResourceRole with id:12
operator: UnknownresourceId: Unknown - creating db connection using connection name: informix_connection
committing transaction
committing transaction
load Resource with ids:[J@3e1661
operator: UnknownresourceId: Unknown - creating db connection using connection name: informix_connection
load ResourceRole with id:13
operator: UnknownresourceId: Unknown - creating db connection using connection name: informix_connection
committing transaction
committing transaction
load Resource with ids:[J@fae0ef
operator: UnknownresourceId: Unknown - creating db connection using connection name: informix_connection
load ResourceRole with id:9
operator: UnknownresourceId: Unknown - creating db connection using connection name: informix_connection
committing transaction
committing transaction
operator: UnknownresourceId: 100001 - load resource.
operator: UnknownresourceId: Unknown - creating db connection using connection name: informix_connection
load ResourceRole with id:4
operator: UnknownresourceId: Unknown - creating db connection using connection name: informix_connection
committing transaction
committing transaction
operator: UnknownresourceId: 100000 - load resource.
operator: UnknownresourceId: Unknown - creating db connection using connection name: informix_connection
load ResourceRole with id:13
operator: UnknownresourceId: Unknown - creating db connection using connection name: informix_connection
committing transaction
committing transaction
type: Upload id: Unknown operator:Unknown - search submissions with filter. found: 1
load Resource with ids:[J@e072e3
operator: UnknownresourceId: Unknown - creating db connection using connection name: informix_connection
load ResourceRole with id:18
operator: UnknownresourceId: Unknown - creating db connection using connection name: informix_connection
committing transaction
committing transaction
type: Upload id: Unknown operator:Unknown - search submissions with filter. found: 1
load Resource with ids:[J@1a0a469
operator: UnknownresourceId: Unknown - creating db connection using connection name: informix_connection
load ResourceRole with id:18
operator: UnknownresourceId: Unknown - creating db connection using connection name: informix_connection
committing transaction
committing transaction
load Notifications with array of userIds/projectIds/notificationTypes.
operator: UnknownresourceId: Unknown - creating db connection using connection name: informix_connection
committing transaction
get projects with the ids: 1
operator: UnknownprojectId: Unknown - creating db connection using connection name: informix_connection
committing transaction
load Resource role with ids:[J@14d9eed,[J@14d9eed,[J@14d9eed,[J@14d9eed,[J@14d9eed,[J@14d9eed,[J@14d9eed,[J@14d9eed,[J@14d9eed,[J@14d9eed,[J@14d9eed,[J@14d9eed,[J@14d9eed,[J@14d9eed,[J@14d9eed,[J@14d9eed,[J@14d9eed,[J@14d9eed,[J@14d9eed,[J@14d9eed,[J@14d9eed,[J@14d9eed
operator: UnknownresourceId: Unknown - creating db connection using connection name: informix_connection
committing transaction
load Resource with ids:[J@15b393a
operator: UnknownresourceId: Unknown - creating db connection using connection name: informix_connection
load ResourceRole with id:4
operator: UnknownresourceId: Unknown - creating db connection using connection name: informix_connection
committing transaction
committing transaction
load Resource with ids:[J@3eee8d
operator: UnknownresourceId: Unknown - creating db connection using connection name: informix_connection
load ResourceRole with id:18
operator: UnknownresourceId: Unknown - creating db connection using connection name: informix_connection
committing transaction
committing transaction
load Resource with ids:[J@938d20
operator: UnknownresourceId: Unknown - creating db connection using connection name: informix_connection
load ResourceRole with id:12
operator: UnknownresourceId: Unknown - creating db connection using connection name: informix_connection
committing transaction
committing transaction
load Resource with ids:[J@646cd6
operator: UnknownresourceId: Unknown - creating db connection using connection name: informix_connection
load ResourceRole with id:13
operator: UnknownresourceId: Unknown - creating db connection using connection name: informix_connection
committing transaction
committing transaction
load Resource with ids:[J@978d3d
operator: UnknownresourceId: Unknown - creating db connection using connection name: informix_connection
load ResourceRole with id:9
operator: UnknownresourceId: Unknown - creating db connection using connection name: informix_connection
committing transaction
committing transaction
operator: UnknownresourceId: 100001 - load resource.
operator: UnknownresourceId: Unknown - creating db connection using connection name: informix_connection
load ResourceRole with id:4
operator: UnknownresourceId: Unknown - creating db connection using connection name: informix_connection
committing transaction
committing transaction
operator: UnknownresourceId: 100000 - load resource.
operator: UnknownresourceId: Unknown - creating db connection using connection name: informix_connection
load ResourceRole with id:13
operator: UnknownresourceId: Unknown - creating db connection using connection name: informix_connection
committing transaction
committing transaction
operator: UnknownresourceId: 5 - load resource.
operator: UnknownresourceId: Unknown - creating db connection using connection name: informix_connection
load ResourceRole with id:18
operator: UnknownresourceId: Unknown - creating db connection using connection name: informix_connection
committing transaction
committing transaction
Read propery[ConnectionFactoryNS] which is  required  with value[com.topcoder.db.connectionfactory.DBConnectionFactoryImpl] from namespace [com.topcoder.management.project.persistence.InformixProjectPersistence].
Read propery[ConnectionName] which is  optional  with value[informix_connection] from namespace [com.topcoder.management.project.persistence.InformixProjectPersistence].
Read propery[ProjectIdSequenceName] which is  optional  with value[project_id_seq] from namespace [com.topcoder.management.project.persistence.InformixProjectPersistence].
Read propery[ProjectAuditIdSequenceName] which is  optional  with value[project_audit_id_seq] from namespace [com.topcoder.management.project.persistence.InformixProjectPersistence].
Read propery[ConnectionFactoryNS] which is  required  with value[com.topcoder.db.connectionfactory.DBConnectionFactoryImpl] from namespace [com.topcoder.management.project.persistence.link.ProjectLinkMgr].
Read propery[ConnectionName] which is  optional  with value[informix_connection] from namespace [com.topcoder.management.project.persistence.link.ProjectLinkMgr].
read property ConnectionFactoryNS[com.topcoder.db.connectionfactory.DBConnectionFactoryImpl] from the namespace :com.topcoder.management.scorecard.persistence.InformixScorecardPersistence
read property ConnectionName[informix_connection] from the namespace :com.topcoder.management.scorecard.persistence.InformixScorecardPersistence
Instantiate SqlUploadPersistence with connectionFactory and connectioName:informix_connection
Instantiate PersistenceUploadManager with UploadPersistence, uploadSearchBundle, submissionSearchBundle, uploadIdGenerator, uploadTypeIdGenerator, uploadStatusIdGenerator, submissionIDGenerator, submissionStatusIdGenerator and submissionTypeIdGenerator.
Instantiate AbstractResourcePersistence with connectionFactory and connectionName[informix_connection].
load Resource role with ids:[J@1a9b1ec,[J@1a9b1ec,[J@1a9b1ec,[J@1a9b1ec,[J@1a9b1ec,[J@1a9b1ec,[J@1a9b1ec,[J@1a9b1ec,[J@1a9b1ec,[J@1a9b1ec,[J@1a9b1ec,[J@1a9b1ec,[J@1a9b1ec,[J@1a9b1ec,[J@1a9b1ec,[J@1a9b1ec,[J@1a9b1ec,[J@1a9b1ec,[J@1a9b1ec,[J@1a9b1ec,[J@1a9b1ec,[J@1a9b1ec
operator: UnknownresourceId: Unknown - creating db connection using connection name: informix_connection
committing transaction
type: Upload id: Unknown operator:Unknown - search submissions with filter. found: 1
operator: UnknownresourceId: 4 - load resource.
operator: UnknownresourceId: Unknown - creating db connection using connection name: informix_connection
load ResourceRole with id:1
operator: UnknownresourceId: Unknown - creating db connection using connection name: informix_connection
committing transaction
committing transaction
load Notifications with array of userIds/projectIds/notificationTypes.
operator: UnknownresourceId: Unknown - creating db connection using connection name: informix_connection
committing transaction
get projects with the ids: 1
operator: UnknownprojectId: Unknown - creating db connection using connection name: informix_connection
committing transaction
load Resource role with ids:[J@ee112e,[J@ee112e,[J@ee112e,[J@ee112e,[J@ee112e,[J@ee112e,[J@ee112e,[J@ee112e,[J@ee112e,[J@ee112e,[J@ee112e,[J@ee112e,[J@ee112e,[J@ee112e,[J@ee112e,[J@ee112e,[J@ee112e,[J@ee112e,[J@ee112e,[J@ee112e,[J@ee112e,[J@ee112e
operator: UnknownresourceId: Unknown - creating db connection using connection name: informix_connection
committing transaction
load Resource with ids:[J@132507,[J@132507,[J@132507
operator: UnknownresourceId: Unknown - creating db connection using connection name: informix_connection
load ResourceRole with id:4
operator: UnknownresourceId: Unknown - creating db connection using connection name: informix_connection
committing transaction
load ResourceRole with id:4
operator: UnknownresourceId: Unknown - creating db connection using connection name: informix_connection
committing transaction
load ResourceRole with id:4
operator: UnknownresourceId: Unknown - creating db connection using connection name: informix_connection
committing transaction
committing transaction
load Resource with ids:[J@1c3eb95
operator: UnknownresourceId: Unknown - creating db connection using connection name: informix_connection
load ResourceRole with id:12
operator: UnknownresourceId: Unknown - creating db connection using connection name: informix_connection
committing transaction
committing transaction
load Resource with ids:[J@1f96ede
operator: UnknownresourceId: Unknown - creating db connection using connection name: informix_connection
load ResourceRole with id:13
operator: UnknownresourceId: Unknown - creating db connection using connection name: informix_connection
committing transaction
committing transaction
load Resource with ids:[J@693c93
operator: UnknownresourceId: Unknown - creating db connection using connection name: informix_connection
load ResourceRole with id:9
operator: UnknownresourceId: Unknown - creating db connection using connection name: informix_connection
committing transaction
committing transaction
load Resource with ids:[J@ca9a6d
operator: UnknownresourceId: Unknown - creating db connection using connection name: informix_connection
load ResourceRole with id:1
operator: UnknownresourceId: Unknown - creating db connection using connection name: informix_connection
committing transaction
committing transaction
operator: UnknownresourceId: 6 - load resource.
operator: UnknownresourceId: Unknown - creating db connection using connection name: informix_connection
load ResourceRole with id:4
operator: UnknownresourceId: Unknown - creating db connection using connection name: informix_connection
committing transaction
committing transaction
operator: UnknownresourceId: 4 - load resource.
operator: UnknownresourceId: Unknown - creating db connection using connection name: informix_connection
load ResourceRole with id:1
operator: UnknownresourceId: Unknown - creating db connection using connection name: informix_connection
committing transaction
committing transaction
operator: UnknownresourceId: 100000 - load resource.
operator: UnknownresourceId: Unknown - creating db connection using connection name: informix_connection
load ResourceRole with id:13
operator: UnknownresourceId: Unknown - creating db connection using connection name: informix_connection
committing transaction
committing transaction
operator: UnknownresourceId: 7 - load resource.
operator: UnknownresourceId: Unknown - creating db connection using connection name: informix_connection
load ResourceRole with id:4
operator: UnknownresourceId: Unknown - creating db connection using connection name: informix_connection
committing transaction
committing transaction
Read propery[ConnectionFactoryNS] which is  required  with value[com.topcoder.db.connectionfactory.DBConnectionFactoryImpl] from namespace [com.topcoder.management.project.persistence.InformixProjectPersistence].
Read propery[ConnectionName] which is  optional  with value[informix_connection] from namespace [com.topcoder.management.project.persistence.InformixProjectPersistence].
Read propery[ProjectIdSequenceName] which is  optional  with value[project_id_seq] from namespace [com.topcoder.management.project.persistence.InformixProjectPersistence].
Read propery[ProjectAuditIdSequenceName] which is  optional  with value[project_audit_id_seq] from namespace [com.topcoder.management.project.persistence.InformixProjectPersistence].
Read propery[ConnectionFactoryNS] which is  required  with value[com.topcoder.db.connectionfactory.DBConnectionFactoryImpl] from namespace [com.topcoder.management.project.persistence.link.ProjectLinkMgr].
Read propery[ConnectionName] which is  optional  with value[informix_connection] from namespace [com.topcoder.management.project.persistence.link.ProjectLinkMgr].
read property ConnectionFactoryNS[com.topcoder.db.connectionfactory.DBConnectionFactoryImpl] from the namespace :com.topcoder.management.scorecard.persistence.InformixScorecardPersistence
read property ConnectionName[informix_connection] from the namespace :com.topcoder.management.scorecard.persistence.InformixScorecardPersistence
Instantiate SqlUploadPersistence with connectionFactory and connectioName:informix_connection
Instantiate PersistenceUploadManager with UploadPersistence, uploadSearchBundle, submissionSearchBundle, uploadIdGenerator, uploadTypeIdGenerator, uploadStatusIdGenerator, submissionIDGenerator, submissionStatusIdGenerator and submissionTypeIdGenerator.
Instantiate AbstractResourcePersistence with connectionFactory and connectionName[informix_connection].
load Resource role with ids:[J@1fc90,[J@1fc90,[J@1fc90,[J@1fc90,[J@1fc90,[J@1fc90,[J@1fc90,[J@1fc90,[J@1fc90,[J@1fc90,[J@1fc90,[J@1fc90,[J@1fc90,[J@1fc90,[J@1fc90,[J@1fc90,[J@1fc90,[J@1fc90,[J@1fc90,[J@1fc90,[J@1fc90,[J@1fc90
operator: UnknownresourceId: Unknown - creating db connection using connection name: informix_connection
committing transaction
type: Upload id: Unknown operator:Unknown - search submissions with filter. found: 1
operator: UnknownresourceId: 4 - load resource.
operator: UnknownresourceId: Unknown - creating db connection using connection name: informix_connection
load ResourceRole with id:1
operator: UnknownresourceId: Unknown - creating db connection using connection name: informix_connection
committing transaction
committing transaction
load Notifications with array of userIds/projectIds/notificationTypes.
operator: UnknownresourceId: Unknown - creating db connection using connection name: informix_connection
committing transaction
get projects with the ids: 1
operator: UnknownprojectId: Unknown - creating db connection using connection name: informix_connection
committing transaction
load Resource role with ids:[J@d9e706,[J@d9e706,[J@d9e706,[J@d9e706,[J@d9e706,[J@d9e706,[J@d9e706,[J@d9e706,[J@d9e706,[J@d9e706,[J@d9e706,[J@d9e706,[J@d9e706,[J@d9e706,[J@d9e706,[J@d9e706,[J@d9e706,[J@d9e706,[J@d9e706,[J@d9e706,[J@d9e706,[J@d9e706
operator: UnknownresourceId: Unknown - creating db connection using connection name: informix_connection
committing transaction
load Resource with ids:[J@14b91c4,[J@14b91c4,[J@14b91c4
operator: UnknownresourceId: Unknown - creating db connection using connection name: informix_connection
load ResourceRole with id:4
operator: UnknownresourceId: Unknown - creating db connection using connection name: informix_connection
committing transaction
load ResourceRole with id:4
operator: UnknownresourceId: Unknown - creating db connection using connection name: informix_connection
committing transaction
load ResourceRole with id:4
operator: UnknownresourceId: Unknown - creating db connection using connection name: informix_connection
committing transaction
committing transaction
load Resource with ids:[J@760112
operator: UnknownresourceId: Unknown - creating db connection using connection name: informix_connection
load ResourceRole with id:12
operator: UnknownresourceId: Unknown - creating db connection using connection name: informix_connection
committing transaction
committing transaction
load Resource with ids:[J@191dd5b
operator: UnknownresourceId: Unknown - creating db connection using connection name: informix_connection
load ResourceRole with id:13
operator: UnknownresourceId: Unknown - creating db connection using connection name: informix_connection
committing transaction
committing transaction
load Resource with ids:[J@1422dd9
operator: UnknownresourceId: Unknown - creating db connection using connection name: informix_connection
load ResourceRole with id:9
operator: UnknownresourceId: Unknown - creating db connection using connection name: informix_connection
committing transaction
committing transaction
load Resource with ids:[J@bc7f71
operator: UnknownresourceId: Unknown - creating db connection using connection name: informix_connection
load ResourceRole with id:1
operator: UnknownresourceId: Unknown - creating db connection using connection name: informix_connection
committing transaction
committing transaction
operator: UnknownresourceId: 6 - load resource.
operator: UnknownresourceId: Unknown - creating db connection using connection name: informix_connection
load ResourceRole with id:4
operator: UnknownresourceId: Unknown - creating db connection using connection name: informix_connection
committing transaction
committing transaction
operator: UnknownresourceId: 4 - load resource.
operator: UnknownresourceId: Unknown - creating db connection using connection name: informix_connection
load ResourceRole with id:1
operator: UnknownresourceId: Unknown - creating db connection using connection name: informix_connection
committing transaction
committing transaction
operator: UnknownresourceId: 100000 - load resource.
operator: UnknownresourceId: Unknown - creating db connection using connection name: informix_connection
load ResourceRole with id:13
operator: UnknownresourceId: Unknown - creating db connection using connection name: informix_connection
committing transaction
committing transaction
operator: UnknownresourceId: 7 - load resource.
operator: UnknownresourceId: Unknown - creating db connection using connection name: informix_connection
load ResourceRole with id:4
operator: UnknownresourceId: Unknown - creating db connection using connection name: informix_connection
committing transaction
committing transaction
Read propery[ConnectionFactoryNS] which is  required  with value[com.topcoder.db.connectionfactory.DBConnectionFactoryImpl] from namespace [com.topcoder.management.project.persistence.InformixProjectPersistence].
Read propery[ConnectionName] which is  optional  with value[informix_connection] from namespace [com.topcoder.management.project.persistence.InformixProjectPersistence].
Read propery[ProjectIdSequenceName] which is  optional  with value[project_id_seq] from namespace [com.topcoder.management.project.persistence.InformixProjectPersistence].
Read propery[ProjectAuditIdSequenceName] which is  optional  with value[project_audit_id_seq] from namespace [com.topcoder.management.project.persistence.InformixProjectPersistence].
Read propery[ConnectionFactoryNS] which is  required  with value[com.topcoder.db.connectionfactory.DBConnectionFactoryImpl] from namespace [com.topcoder.management.project.persistence.link.ProjectLinkMgr].
Read propery[ConnectionName] which is  optional  with value[informix_connection] from namespace [com.topcoder.management.project.persistence.link.ProjectLinkMgr].
read property ConnectionFactoryNS[com.topcoder.db.connectionfactory.DBConnectionFactoryImpl] from the namespace :com.topcoder.management.scorecard.persistence.InformixScorecardPersistence
read property ConnectionName[informix_connection] from the namespace :com.topcoder.management.scorecard.persistence.InformixScorecardPersistence
Instantiate SqlUploadPersistence with connectionFactory and connectioName:informix_connection
Instantiate PersistenceUploadManager with UploadPersistence, uploadSearchBundle, submissionSearchBundle, uploadIdGenerator, uploadTypeIdGenerator, uploadStatusIdGenerator, submissionIDGenerator, submissionStatusIdGenerator and submissionTypeIdGenerator.
Instantiate AbstractResourcePersistence with connectionFactory and connectionName[informix_connection].
load Resource role with ids:[J@1d59841,[J@1d59841,[J@1d59841,[J@1d59841,[J@1d59841,[J@1d59841,[J@1d59841,[J@1d59841,[J@1d59841,[J@1d59841,[J@1d59841,[J@1d59841,[J@1d59841,[J@1d59841,[J@1d59841,[J@1d59841,[J@1d59841,[J@1d59841,[J@1d59841,[J@1d59841,[J@1d59841,[J@1d59841
operator: UnknownresourceId: Unknown - creating db connection using connection name: informix_connection
committing transaction
Read propery[ConnectionFactoryNS] which is  required  with value[com.topcoder.db.connectionfactory.DBConnectionFactoryImpl] from namespace [com.topcoder.management.project.persistence.InformixProjectPersistence].
Read propery[ConnectionName] which is  optional  with value[informix_connection] from namespace [com.topcoder.management.project.persistence.InformixProjectPersistence].
Read propery[ProjectIdSequenceName] which is  optional  with value[project_id_seq] from namespace [com.topcoder.management.project.persistence.InformixProjectPersistence].
Read propery[ProjectAuditIdSequenceName] which is  optional  with value[project_audit_id_seq] from namespace [com.topcoder.management.project.persistence.InformixProjectPersistence].
Read propery[ConnectionFactoryNS] which is  required  with value[com.topcoder.db.connectionfactory.DBConnectionFactoryImpl] from namespace [com.topcoder.management.project.persistence.link.ProjectLinkMgr].
Read propery[ConnectionName] which is  optional  with value[informix_connection] from namespace [com.topcoder.management.project.persistence.link.ProjectLinkMgr].
read property ConnectionFactoryNS[com.topcoder.db.connectionfactory.DBConnectionFactoryImpl] from the namespace :com.topcoder.management.scorecard.persistence.InformixScorecardPersistence
read property ConnectionName[informix_connection] from the namespace :com.topcoder.management.scorecard.persistence.InformixScorecardPersistence
Instantiate SqlUploadPersistence with connectionFactory and connectioName:informix_connection
Instantiate PersistenceUploadManager with UploadPersistence, uploadSearchBundle, submissionSearchBundle, uploadIdGenerator, uploadTypeIdGenerator, uploadStatusIdGenerator, submissionIDGenerator, submissionStatusIdGenerator and submissionTypeIdGenerator.
Instantiate AbstractResourcePersistence with connectionFactory and connectionName[informix_connection].
load Resource role with ids:[J@4e0e,[J@4e0e,[J@4e0e,[J@4e0e,[J@4e0e,[J@4e0e,[J@4e0e,[J@4e0e,[J@4e0e,[J@4e0e,[J@4e0e,[J@4e0e,[J@4e0e,[J@4e0e,[J@4e0e,[J@4e0e,[J@4e0e,[J@4e0e,[J@4e0e,[J@4e0e,[J@4e0e,[J@4e0e
operator: UnknownresourceId: Unknown - creating db connection using connection name: informix_connection
committing transaction
type: Upload id: Unknown operator:Unknown - search submissions with filter. found: 1
load Resource with ids:[J@b0fc6c,[J@b0fc6c
operator: UnknownresourceId: Unknown - creating db connection using connection name: informix_connection
load ResourceRole with id:4
operator: UnknownresourceId: Unknown - creating db connection using connection name: informix_connection
committing transaction
load ResourceRole with id:4
operator: UnknownresourceId: Unknown - creating db connection using connection name: informix_connection
committing transaction
committing transaction
type: Submission id: 1 operator:1001 - update Submission.
type: Submission id: 1 operator:Unknown - Update Submission, it will update record in submission table.
create db connection using connection name:informix_connection
close the connection.
operator: UnknownresourceId: 4 - load resource.
operator: UnknownresourceId: Unknown - creating db connection using connection name: informix_connection
load ResourceRole with id:1
operator: UnknownresourceId: Unknown - creating db connection using connection name: informix_connection
committing transaction
committing transaction
load Notifications with array of userIds/projectIds/notificationTypes.
operator: UnknownresourceId: Unknown - creating db connection using connection name: informix_connection
committing transaction
get projects with the ids: 1
operator: UnknownprojectId: Unknown - creating db connection using connection name: informix_connection
committing transaction
load Resource role with ids:[J@1d673d3,[J@1d673d3,[J@1d673d3,[J@1d673d3,[J@1d673d3,[J@1d673d3,[J@1d673d3,[J@1d673d3,[J@1d673d3,[J@1d673d3,[J@1d673d3,[J@1d673d3,[J@1d673d3,[J@1d673d3,[J@1d673d3,[J@1d673d3,[J@1d673d3,[J@1d673d3,[J@1d673d3,[J@1d673d3,[J@1d673d3,[J@1d673d3
operator: UnknownresourceId: Unknown - creating db connection using connection name: informix_connection
committing transaction
load Resource with ids:[J@1eb095e,[J@1eb095e,[J@1eb095e
operator: UnknownresourceId: Unknown - creating db connection using connection name: informix_connection
load ResourceRole with id:4
operator: UnknownresourceId: Unknown - creating db connection using connection name: informix_connection
committing transaction
load ResourceRole with id:4
operator: UnknownresourceId: Unknown - creating db connection using connection name: informix_connection
committing transaction
load ResourceRole with id:4
operator: UnknownresourceId: Unknown - creating db connection using connection name: informix_connection
committing transaction
committing transaction
load Resource with ids:[J@8f46b9
operator: UnknownresourceId: Unknown - creating db connection using connection name: informix_connection
load ResourceRole with id:12
operator: UnknownresourceId: Unknown - creating db connection using connection name: informix_connection
committing transaction
committing transaction
load Resource with ids:[J@d8e140
operator: UnknownresourceId: Unknown - creating db connection using connection name: informix_connection
load ResourceRole with id:13
operator: UnknownresourceId: Unknown - creating db connection using connection name: informix_connection
committing transaction
committing transaction
load Resource with ids:[J@1d8adb0
operator: UnknownresourceId: Unknown - creating db connection using connection name: informix_connection
load ResourceRole with id:9
operator: UnknownresourceId: Unknown - creating db connection using connection name: informix_connection
committing transaction
committing transaction
load Resource with ids:[J@191440b
operator: UnknownresourceId: Unknown - creating db connection using connection name: informix_connection
load ResourceRole with id:1
operator: UnknownresourceId: Unknown - creating db connection using connection name: informix_connection
committing transaction
committing transaction
operator: UnknownresourceId: 6 - load resource.
operator: UnknownresourceId: Unknown - creating db connection using connection name: informix_connection
load ResourceRole with id:4
operator: UnknownresourceId: Unknown - creating db connection using connection name: informix_connection
committing transaction
committing transaction
operator: UnknownresourceId: 4 - load resource.
operator: UnknownresourceId: Unknown - creating db connection using connection name: informix_connection
load ResourceRole with id:1
operator: UnknownresourceId: Unknown - creating db connection using connection name: informix_connection
committing transaction
committing transaction
operator: UnknownresourceId: 100000 - load resource.
operator: UnknownresourceId: Unknown - creating db connection using connection name: informix_connection
load ResourceRole with id:13
operator: UnknownresourceId: Unknown - creating db connection using connection name: informix_connection
committing transaction
committing transaction
operator: UnknownresourceId: 7 - load resource.
operator: UnknownresourceId: Unknown - creating db connection using connection name: informix_connection
load ResourceRole with id:4
operator: UnknownresourceId: Unknown - creating db connection using connection name: informix_connection
committing transaction
committing transaction
type: Upload id: Unknown operator:Unknown - search submissions with filter. found: 1
load Resource with ids:[J@167c4b1,[J@167c4b1
operator: UnknownresourceId: Unknown - creating db connection using connection name: informix_connection
load ResourceRole with id:4
operator: UnknownresourceId: Unknown - creating db connection using connection name: informix_connection
committing transaction
load ResourceRole with id:4
operator: UnknownresourceId: Unknown - creating db connection using connection name: informix_connection
committing transaction
committing transaction
type: Scorecard id: Unknown operator:Unknown - retrieve scorecard with ids:1, and is incomplete
create db connection with connect name:informix_connection
close the connection.
get All submission statuses, delegate to persistence.
get All submission statuses, delegate to persistence.
create db connection using connection name:informix_connection
close the connection.
type: SubmissionStatus id: Unknown operator:Unknown - Load SubmissionStatuses with ids:1,2,3,4,5
create db connection using connection name:informix_connection
close the connection.
get All submission statuses, delegate to persistence.
get All submission statuses, delegate to persistence.
create db connection using connection name:informix_connection
close the connection.
type: SubmissionStatus id: Unknown operator:Unknown - Load SubmissionStatuses with ids:1,2,3,4,5
create db connection using connection name:informix_connection
close the connection.
operator: UnknownresourceId: 4 - load resource.
operator: UnknownresourceId: Unknown - creating db connection using connection name: informix_connection
load ResourceRole with id:1
operator: UnknownresourceId: Unknown - creating db connection using connection name: informix_connection
committing transaction
committing transaction
type: Submission id: 1 operator:1001 - update Submission.
type: Submission id: 1 operator:Unknown - Update Submission, it will update record in submission table.
create db connection using connection name:informix_connection
close the connection.
get projects with the ids: 1
operator: UnknownprojectId: Unknown - creating db connection using connection name: informix_connection
committing transaction
operator: 1001projectId: 1 - updating project: {Winner External Reference ID=4, Project Name=Online Review Phases, Project Version=1.2}
operator: UnknownprojectId: Unknown - creating db connection using connection name: informix_connection
operator: 1001projectId: 1 - update project with projectId:1
operator: 1001projectId: 1 - update project, update project_info with projectId:1
operator: 1001projectId: 1 - insert record into project_info with project id1
operator: 1001projectId: 1 - generate new id for the project audit.
insert record into project_audit with projectId:1
operator: 1001projectId: 1 - execute sql:SELECT modify_date FROM project WHERE project_id=?
committing transaction
operator: UnknownresourceId: 4 - load resource.
operator: UnknownresourceId: Unknown - creating db connection using connection name: informix_connection
load ResourceRole with id:1
operator: UnknownresourceId: Unknown - creating db connection using connection name: informix_connection
committing transaction
committing transaction
load Notifications with array of userIds/projectIds/notificationTypes.
operator: UnknownresourceId: Unknown - creating db connection using connection name: informix_connection
committing transaction
get projects with the ids: 1
operator: UnknownprojectId: Unknown - creating db connection using connection name: informix_connection
committing transaction
load Resource role with ids:[J@1331cbf,[J@1331cbf,[J@1331cbf,[J@1331cbf,[J@1331cbf,[J@1331cbf,[J@1331cbf,[J@1331cbf,[J@1331cbf,[J@1331cbf,[J@1331cbf,[J@1331cbf,[J@1331cbf,[J@1331cbf,[J@1331cbf,[J@1331cbf,[J@1331cbf,[J@1331cbf,[J@1331cbf,[J@1331cbf,[J@1331cbf,[J@1331cbf
operator: UnknownresourceId: Unknown - creating db connection using connection name: informix_connection
committing transaction
load Resource with ids:[J@1dee08c,[J@1dee08c,[J@1dee08c
operator: UnknownresourceId: Unknown - creating db connection using connection name: informix_connection
load ResourceRole with id:4
operator: UnknownresourceId: Unknown - creating db connection using connection name: informix_connection
committing transaction
load ResourceRole with id:4
operator: UnknownresourceId: Unknown - creating db connection using connection name: informix_connection
committing transaction
load ResourceRole with id:4
operator: UnknownresourceId: Unknown - creating db connection using connection name: informix_connection
committing transaction
committing transaction
load Resource with ids:[J@8e293
operator: UnknownresourceId: Unknown - creating db connection using connection name: informix_connection
load ResourceRole with id:12
operator: UnknownresourceId: Unknown - creating db connection using connection name: informix_connection
committing transaction
committing transaction
load Resource with ids:[J@1907285
operator: UnknownresourceId: Unknown - creating db connection using connection name: informix_connection
load ResourceRole with id:13
operator: UnknownresourceId: Unknown - creating db connection using connection name: informix_connection
committing transaction
committing transaction
load Resource with ids:[J@b870e5
operator: UnknownresourceId: Unknown - creating db connection using connection name: informix_connection
load ResourceRole with id:9
operator: UnknownresourceId: Unknown - creating db connection using connection name: informix_connection
committing transaction
committing transaction
load Resource with ids:[J@1a7d91c
operator: UnknownresourceId: Unknown - creating db connection using connection name: informix_connection
load ResourceRole with id:1
operator: UnknownresourceId: Unknown - creating db connection using connection name: informix_connection
committing transaction
committing transaction
operator: UnknownresourceId: 6 - load resource.
operator: UnknownresourceId: Unknown - creating db connection using connection name: informix_connection
load ResourceRole with id:4
operator: UnknownresourceId: Unknown - creating db connection using connection name: informix_connection
committing transaction
committing transaction
operator: UnknownresourceId: 4 - load resource.
operator: UnknownresourceId: Unknown - creating db connection using connection name: informix_connection
load ResourceRole with id:1
operator: UnknownresourceId: Unknown - creating db connection using connection name: informix_connection
committing transaction
committing transaction
operator: UnknownresourceId: 100000 - load resource.
operator: UnknownresourceId: Unknown - creating db connection using connection name: informix_connection
load ResourceRole with id:13
operator: UnknownresourceId: Unknown - creating db connection using connection name: informix_connection
committing transaction
committing transaction
operator: UnknownresourceId: 7 - load resource.
operator: UnknownresourceId: Unknown - creating db connection using connection name: informix_connection
load ResourceRole with id:4
operator: UnknownresourceId: Unknown - creating db connection using connection name: informix_connection
committing transaction
committing transaction
Read propery[ConnectionFactoryNS] which is  required  with value[com.topcoder.db.connectionfactory.DBConnectionFactoryImpl] from namespace [com.topcoder.management.project.persistence.InformixProjectPersistence].
Read propery[ConnectionName] which is  optional  with value[informix_connection] from namespace [com.topcoder.management.project.persistence.InformixProjectPersistence].
Read propery[ProjectIdSequenceName] which is  optional  with value[project_id_seq] from namespace [com.topcoder.management.project.persistence.InformixProjectPersistence].
Read propery[ProjectAuditIdSequenceName] which is  optional  with value[project_audit_id_seq] from namespace [com.topcoder.management.project.persistence.InformixProjectPersistence].
Read propery[ConnectionFactoryNS] which is  required  with value[com.topcoder.db.connectionfactory.DBConnectionFactoryImpl] from namespace [com.topcoder.management.project.persistence.link.ProjectLinkMgr].
Read propery[ConnectionName] which is  optional  with value[informix_connection] from namespace [com.topcoder.management.project.persistence.link.ProjectLinkMgr].
read property ConnectionFactoryNS[com.topcoder.db.connectionfactory.DBConnectionFactoryImpl] from the namespace :com.topcoder.management.scorecard.persistence.InformixScorecardPersistence
read property ConnectionName[informix_connection] from the namespace :com.topcoder.management.scorecard.persistence.InformixScorecardPersistence
Instantiate SqlUploadPersistence with connectionFactory and connectioName:informix_connection
Instantiate PersistenceUploadManager with UploadPersistence, uploadSearchBundle, submissionSearchBundle, uploadIdGenerator, uploadTypeIdGenerator, uploadStatusIdGenerator, submissionIDGenerator, submissionStatusIdGenerator and submissionTypeIdGenerator.
Instantiate AbstractResourcePersistence with connectionFactory and connectionName[informix_connection].
load Resource role with ids:[J@1262213,[J@1262213,[J@1262213,[J@1262213,[J@1262213,[J@1262213,[J@1262213,[J@1262213,[J@1262213,[J@1262213,[J@1262213,[J@1262213,[J@1262213,[J@1262213,[J@1262213,[J@1262213,[J@1262213,[J@1262213,[J@1262213,[J@1262213,[J@1262213,[J@1262213
operator: UnknownresourceId: Unknown - creating db connection using connection name: informix_connection
committing transaction
type: Upload id: Unknown operator:Unknown - search submissions with filter. found: 1
operator: UnknownresourceId: 4 - load resource.
operator: UnknownresourceId: Unknown - creating db connection using connection name: informix_connection
load ResourceRole with id:1
operator: UnknownresourceId: Unknown - creating db connection using connection name: informix_connection
committing transaction
committing transaction
load Notifications with array of userIds/projectIds/notificationTypes.
operator: UnknownresourceId: Unknown - creating db connection using connection name: informix_connection
committing transaction
get projects with the ids: 1
operator: UnknownprojectId: Unknown - creating db connection using connection name: informix_connection
committing transaction
load Resource role with ids:[J@258426,[J@258426,[J@258426,[J@258426,[J@258426,[J@258426,[J@258426,[J@258426,[J@258426,[J@258426,[J@258426,[J@258426,[J@258426,[J@258426,[J@258426,[J@258426,[J@258426,[J@258426,[J@258426,[J@258426,[J@258426,[J@258426
operator: UnknownresourceId: Unknown - creating db connection using connection name: informix_connection
committing transaction
load Resource with ids:[J@18f24b6,[J@18f24b6,[J@18f24b6
operator: UnknownresourceId: Unknown - creating db connection using connection name: informix_connection
load ResourceRole with id:4
operator: UnknownresourceId: Unknown - creating db connection using connection name: informix_connection
committing transaction
load ResourceRole with id:4
operator: UnknownresourceId: Unknown - creating db connection using connection name: informix_connection
committing transaction
load ResourceRole with id:4
operator: UnknownresourceId: Unknown - creating db connection using connection name: informix_connection
committing transaction
committing transaction
load Resource with ids:[J@178ed09
operator: UnknownresourceId: Unknown - creating db connection using connection name: informix_connection
load ResourceRole with id:12
operator: UnknownresourceId: Unknown - creating db connection using connection name: informix_connection
committing transaction
committing transaction
load Resource with ids:[J@113f427
operator: UnknownresourceId: Unknown - creating db connection using connection name: informix_connection
load ResourceRole with id:13
operator: UnknownresourceId: Unknown - creating db connection using connection name: informix_connection
committing transaction
committing transaction
load Resource with ids:[J@10e9f8b
operator: UnknownresourceId: Unknown - creating db connection using connection name: informix_connection
load ResourceRole with id:9
operator: UnknownresourceId: Unknown - creating db connection using connection name: informix_connection
committing transaction
committing transaction
load Resource with ids:[J@1576c8b
operator: UnknownresourceId: Unknown - creating db connection using connection name: informix_connection
load ResourceRole with id:1
operator: UnknownresourceId: Unknown - creating db connection using connection name: informix_connection
committing transaction
committing transaction
operator: UnknownresourceId: 6 - load resource.
operator: UnknownresourceId: Unknown - creating db connection using connection name: informix_connection
load ResourceRole with id:4
operator: UnknownresourceId: Unknown - creating db connection using connection name: informix_connection
committing transaction
committing transaction
operator: UnknownresourceId: 4 - load resource.
operator: UnknownresourceId: Unknown - creating db connection using connection name: informix_connection
load ResourceRole with id:1
operator: UnknownresourceId: Unknown - creating db connection using connection name: informix_connection
committing transaction
committing transaction
operator: UnknownresourceId: 100000 - load resource.
operator: UnknownresourceId: Unknown - creating db connection using connection name: informix_connection
load ResourceRole with id:13
operator: UnknownresourceId: Unknown - creating db connection using connection name: informix_connection
committing transaction
committing transaction
operator: UnknownresourceId: 7 - load resource.
operator: UnknownresourceId: Unknown - creating db connection using connection name: informix_connection
load ResourceRole with id:4
operator: UnknownresourceId: Unknown - creating db connection using connection name: informix_connection
committing transaction
committing transaction
Read propery[ConnectionFactoryNS] which is  required  with value[com.topcoder.db.connectionfactory.DBConnectionFactoryImpl] from namespace [com.topcoder.management.project.persistence.InformixProjectPersistence].
Read propery[ConnectionName] which is  optional  with value[informix_connection] from namespace [com.topcoder.management.project.persistence.InformixProjectPersistence].
Read propery[ProjectIdSequenceName] which is  optional  with value[project_id_seq] from namespace [com.topcoder.management.project.persistence.InformixProjectPersistence].
Read propery[ProjectAuditIdSequenceName] which is  optional  with value[project_audit_id_seq] from namespace [com.topcoder.management.project.persistence.InformixProjectPersistence].
Read propery[ConnectionFactoryNS] which is  required  with value[com.topcoder.db.connectionfactory.DBConnectionFactoryImpl] from namespace [com.topcoder.management.project.persistence.link.ProjectLinkMgr].
Read propery[ConnectionName] which is  optional  with value[informix_connection] from namespace [com.topcoder.management.project.persistence.link.ProjectLinkMgr].
read property ConnectionFactoryNS[com.topcoder.db.connectionfactory.DBConnectionFactoryImpl] from the namespace :com.topcoder.management.scorecard.persistence.InformixScorecardPersistence
read property ConnectionName[informix_connection] from the namespace :com.topcoder.management.scorecard.persistence.InformixScorecardPersistence
Instantiate SqlUploadPersistence with connectionFactory and connectioName:informix_connection
Instantiate PersistenceUploadManager with UploadPersistence, uploadSearchBundle, submissionSearchBundle, uploadIdGenerator, uploadTypeIdGenerator, uploadStatusIdGenerator, submissionIDGenerator, submissionStatusIdGenerator and submissionTypeIdGenerator.
Instantiate AbstractResourcePersistence with connectionFactory and connectionName[informix_connection].
load Resource role with ids:[J@1ffa4b9,[J@1ffa4b9,[J@1ffa4b9,[J@1ffa4b9,[J@1ffa4b9,[J@1ffa4b9,[J@1ffa4b9,[J@1ffa4b9,[J@1ffa4b9,[J@1ffa4b9,[J@1ffa4b9,[J@1ffa4b9,[J@1ffa4b9,[J@1ffa4b9,[J@1ffa4b9,[J@1ffa4b9,[J@1ffa4b9,[J@1ffa4b9,[J@1ffa4b9,[J@1ffa4b9,[J@1ffa4b9,[J@1ffa4b9
operator: UnknownresourceId: Unknown - creating db connection using connection name: informix_connection
committing transaction
Read propery[ConnectionFactoryNS] which is  required  with value[com.topcoder.db.connectionfactory.DBConnectionFactoryImpl] from namespace [com.topcoder.management.project.persistence.InformixProjectPersistence].
Read propery[ConnectionName] which is  optional  with value[informix_connection] from namespace [com.topcoder.management.project.persistence.InformixProjectPersistence].
Read propery[ProjectIdSequenceName] which is  optional  with value[project_id_seq] from namespace [com.topcoder.management.project.persistence.InformixProjectPersistence].
Read propery[ProjectAuditIdSequenceName] which is  optional  with value[project_audit_id_seq] from namespace [com.topcoder.management.project.persistence.InformixProjectPersistence].
Read propery[ConnectionFactoryNS] which is  required  with value[com.topcoder.db.connectionfactory.DBConnectionFactoryImpl] from namespace [com.topcoder.management.project.persistence.link.ProjectLinkMgr].
Read propery[ConnectionName] which is  optional  with value[informix_connection] from namespace [com.topcoder.management.project.persistence.link.ProjectLinkMgr].
read property ConnectionFactoryNS[com.topcoder.db.connectionfactory.DBConnectionFactoryImpl] from the namespace :com.topcoder.management.scorecard.persistence.InformixScorecardPersistence
read property ConnectionName[informix_connection] from the namespace :com.topcoder.management.scorecard.persistence.InformixScorecardPersistence
Instantiate SqlUploadPersistence with connectionFactory and connectioName:informix_connection
Instantiate PersistenceUploadManager with UploadPersistence, uploadSearchBundle, submissionSearchBundle, uploadIdGenerator, uploadTypeIdGenerator, uploadStatusIdGenerator, submissionIDGenerator, submissionStatusIdGenerator and submissionTypeIdGenerator.
Instantiate AbstractResourcePersistence with connectionFactory and connectionName[informix_connection].
load Resource role with ids:[J@c8b088,[J@c8b088,[J@c8b088,[J@c8b088,[J@c8b088,[J@c8b088,[J@c8b088,[J@c8b088,[J@c8b088,[J@c8b088,[J@c8b088,[J@c8b088,[J@c8b088,[J@c8b088,[J@c8b088,[J@c8b088,[J@c8b088,[J@c8b088,[J@c8b088,[J@c8b088,[J@c8b088,[J@c8b088
operator: UnknownresourceId: Unknown - creating db connection using connection name: informix_connection
committing transaction
load Notifications with array of userIds/projectIds/notificationTypes.
operator: UnknownresourceId: Unknown - creating db connection using connection name: informix_connection
committing transaction
get projects with the ids: 1
operator: UnknownprojectId: Unknown - creating db connection using connection name: informix_connection
committing transaction
load Resource role with ids:[J@403c23,[J@403c23,[J@403c23,[J@403c23,[J@403c23,[J@403c23,[J@403c23,[J@403c23,[J@403c23,[J@403c23,[J@403c23,[J@403c23,[J@403c23,[J@403c23,[J@403c23,[J@403c23,[J@403c23,[J@403c23,[J@403c23,[J@403c23,[J@403c23,[J@403c23
operator: UnknownresourceId: Unknown - creating db connection using connection name: informix_connection
committing transaction
load Resource with ids:[J@bbb316
operator: UnknownresourceId: Unknown - creating db connection using connection name: informix_connection
load ResourceRole with id:4
operator: UnknownresourceId: Unknown - creating db connection using connection name: informix_connection
committing transaction
committing transaction
load Resource with ids:[J@4aada5
operator: UnknownresourceId: Unknown - creating db connection using connection name: informix_connection
load ResourceRole with id:12
operator: UnknownresourceId: Unknown - creating db connection using connection name: informix_connection
committing transaction
committing transaction
load Resource with ids:[J@1ebbdfd
operator: UnknownresourceId: Unknown - creating db connection using connection name: informix_connection
load ResourceRole with id:13
operator: UnknownresourceId: Unknown - creating db connection using connection name: informix_connection
committing transaction
committing transaction
load Resource with ids:[J@c65680
operator: UnknownresourceId: Unknown - creating db connection using connection name: informix_connection
load ResourceRole with id:9
operator: UnknownresourceId: Unknown - creating db connection using connection name: informix_connection
committing transaction
committing transaction
operator: UnknownresourceId: 100001 - load resource.
operator: UnknownresourceId: Unknown - creating db connection using connection name: informix_connection
load ResourceRole with id:4
operator: UnknownresourceId: Unknown - creating db connection using connection name: informix_connection
committing transaction
committing transaction
operator: UnknownresourceId: 100000 - load resource.
operator: UnknownresourceId: Unknown - creating db connection using connection name: informix_connection
load ResourceRole with id:13
operator: UnknownresourceId: Unknown - creating db connection using connection name: informix_connection
committing transaction
committing transaction
Read propery[ConnectionFactoryNS] which is  required  with value[com.topcoder.db.connectionfactory.DBConnectionFactoryImpl] from namespace [com.topcoder.management.project.persistence.InformixProjectPersistence].
Read propery[ConnectionName] which is  optional  with value[informix_connection] from namespace [com.topcoder.management.project.persistence.InformixProjectPersistence].
Read propery[ProjectIdSequenceName] which is  optional  with value[project_id_seq] from namespace [com.topcoder.management.project.persistence.InformixProjectPersistence].
Read propery[ProjectAuditIdSequenceName] which is  optional  with value[project_audit_id_seq] from namespace [com.topcoder.management.project.persistence.InformixProjectPersistence].
Read propery[ConnectionFactoryNS] which is  required  with value[com.topcoder.db.connectionfactory.DBConnectionFactoryImpl] from namespace [com.topcoder.management.project.persistence.link.ProjectLinkMgr].
Read propery[ConnectionName] which is  optional  with value[informix_connection] from namespace [com.topcoder.management.project.persistence.link.ProjectLinkMgr].
read property ConnectionFactoryNS[com.topcoder.db.connectionfactory.DBConnectionFactoryImpl] from the namespace :com.topcoder.management.scorecard.persistence.InformixScorecardPersistence
read property ConnectionName[informix_connection] from the namespace :com.topcoder.management.scorecard.persistence.InformixScorecardPersistence
Instantiate SqlUploadPersistence with connectionFactory and connectioName:informix_connection
Instantiate PersistenceUploadManager with UploadPersistence, uploadSearchBundle, submissionSearchBundle, uploadIdGenerator, uploadTypeIdGenerator, uploadStatusIdGenerator, submissionIDGenerator, submissionStatusIdGenerator and submissionTypeIdGenerator.
Instantiate AbstractResourcePersistence with connectionFactory and connectionName[informix_connection].
load Resource role with ids:[J@c87f7c,[J@c87f7c,[J@c87f7c,[J@c87f7c,[J@c87f7c,[J@c87f7c,[J@c87f7c,[J@c87f7c,[J@c87f7c,[J@c87f7c,[J@c87f7c,[J@c87f7c,[J@c87f7c,[J@c87f7c,[J@c87f7c,[J@c87f7c,[J@c87f7c,[J@c87f7c,[J@c87f7c,[J@c87f7c,[J@c87f7c,[J@c87f7c
operator: UnknownresourceId: Unknown - creating db connection using connection name: informix_connection
committing transaction
Read propery[ConnectionFactoryNS] which is  required  with value[com.topcoder.db.connectionfactory.DBConnectionFactoryImpl] from namespace [com.topcoder.management.project.persistence.InformixProjectPersistence].
Read propery[ConnectionName] which is  optional  with value[informix_connection] from namespace [com.topcoder.management.project.persistence.InformixProjectPersistence].
Read propery[ProjectIdSequenceName] which is  optional  with value[project_id_seq] from namespace [com.topcoder.management.project.persistence.InformixProjectPersistence].
Read propery[ProjectAuditIdSequenceName] which is  optional  with value[project_audit_id_seq] from namespace [com.topcoder.management.project.persistence.InformixProjectPersistence].
Read propery[ConnectionFactoryNS] which is  required  with value[com.topcoder.db.connectionfactory.DBConnectionFactoryImpl] from namespace [com.topcoder.management.project.persistence.link.ProjectLinkMgr].
Read propery[ConnectionName] which is  optional  with value[informix_connection] from namespace [com.topcoder.management.project.persistence.link.ProjectLinkMgr].
read property ConnectionFactoryNS[com.topcoder.db.connectionfactory.DBConnectionFactoryImpl] from the namespace :com.topcoder.management.scorecard.persistence.InformixScorecardPersistence
read property ConnectionName[informix_connection] from the namespace :com.topcoder.management.scorecard.persistence.InformixScorecardPersistence
Instantiate SqlUploadPersistence with connectionFactory and connectioName:informix_connection
Instantiate PersistenceUploadManager with UploadPersistence, uploadSearchBundle, submissionSearchBundle, uploadIdGenerator, uploadTypeIdGenerator, uploadStatusIdGenerator, submissionIDGenerator, submissionStatusIdGenerator and submissionTypeIdGenerator.
Instantiate AbstractResourcePersistence with connectionFactory and connectionName[informix_connection].
load Resource role with ids:[J@acfb5c,[J@acfb5c,[J@acfb5c,[J@acfb5c,[J@acfb5c,[J@acfb5c,[J@acfb5c,[J@acfb5c,[J@acfb5c,[J@acfb5c,[J@acfb5c,[J@acfb5c,[J@acfb5c,[J@acfb5c,[J@acfb5c,[J@acfb5c,[J@acfb5c,[J@acfb5c,[J@acfb5c,[J@acfb5c,[J@acfb5c,[J@acfb5c
operator: UnknownresourceId: Unknown - creating db connection using connection name: informix_connection
committing transaction
Read propery[ConnectionFactoryNS] which is  required  with value[com.topcoder.db.connectionfactory.DBConnectionFactoryImpl] from namespace [com.topcoder.management.project.persistence.InformixProjectPersistence].
Read propery[ConnectionName] which is  optional  with value[informix_connection] from namespace [com.topcoder.management.project.persistence.InformixProjectPersistence].
Read propery[ProjectIdSequenceName] which is  optional  with value[project_id_seq] from namespace [com.topcoder.management.project.persistence.InformixProjectPersistence].
Read propery[ProjectAuditIdSequenceName] which is  optional  with value[project_audit_id_seq] from namespace [com.topcoder.management.project.persistence.InformixProjectPersistence].
Read propery[ConnectionFactoryNS] which is  required  with value[com.topcoder.db.connectionfactory.DBConnectionFactoryImpl] from namespace [com.topcoder.management.project.persistence.link.ProjectLinkMgr].
Read propery[ConnectionName] which is  optional  with value[informix_connection] from namespace [com.topcoder.management.project.persistence.link.ProjectLinkMgr].
read property ConnectionFactoryNS[com.topcoder.db.connectionfactory.DBConnectionFactoryImpl] from the namespace :com.topcoder.management.scorecard.persistence.InformixScorecardPersistence
read property ConnectionName[informix_connection] from the namespace :com.topcoder.management.scorecard.persistence.InformixScorecardPersistence
Instantiate SqlUploadPersistence with connectionFactory and connectioName:informix_connection
Instantiate PersistenceUploadManager with UploadPersistence, uploadSearchBundle, submissionSearchBundle, uploadIdGenerator, uploadTypeIdGenerator, uploadStatusIdGenerator, submissionIDGenerator, submissionStatusIdGenerator and submissionTypeIdGenerator.
Instantiate AbstractResourcePersistence with connectionFactory and connectionName[informix_connection].
load Resource role with ids:[J@161b15,[J@161b15,[J@161b15,[J@161b15,[J@161b15,[J@161b15,[J@161b15,[J@161b15,[J@161b15,[J@161b15,[J@161b15,[J@161b15,[J@161b15,[J@161b15,[J@161b15,[J@161b15,[J@161b15,[J@161b15,[J@161b15,[J@161b15,[J@161b15,[J@161b15
operator: UnknownresourceId: Unknown - creating db connection using connection name: informix_connection
committing transaction
Read propery[ConnectionFactoryNS] which is  required  with value[com.topcoder.db.connectionfactory.DBConnectionFactoryImpl] from namespace [com.topcoder.management.project.persistence.InformixProjectPersistence].
Read propery[ConnectionName] which is  optional  with value[informix_connection] from namespace [com.topcoder.management.project.persistence.InformixProjectPersistence].
Read propery[ProjectIdSequenceName] which is  optional  with value[project_id_seq] from namespace [com.topcoder.management.project.persistence.InformixProjectPersistence].
Read propery[ProjectAuditIdSequenceName] which is  optional  with value[project_audit_id_seq] from namespace [com.topcoder.management.project.persistence.InformixProjectPersistence].
Read propery[ConnectionFactoryNS] which is  required  with value[com.topcoder.db.connectionfactory.DBConnectionFactoryImpl] from namespace [com.topcoder.management.project.persistence.link.ProjectLinkMgr].
Read propery[ConnectionName] which is  optional  with value[informix_connection] from namespace [com.topcoder.management.project.persistence.link.ProjectLinkMgr].
read property ConnectionFactoryNS[com.topcoder.db.connectionfactory.DBConnectionFactoryImpl] from the namespace :com.topcoder.management.scorecard.persistence.InformixScorecardPersistence
read property ConnectionName[informix_connection] from the namespace :com.topcoder.management.scorecard.persistence.InformixScorecardPersistence
Instantiate SqlUploadPersistence with connectionFactory and connectioName:informix_connection
Instantiate PersistenceUploadManager with UploadPersistence, uploadSearchBundle, submissionSearchBundle, uploadIdGenerator, uploadTypeIdGenerator, uploadStatusIdGenerator, submissionIDGenerator, submissionStatusIdGenerator and submissionTypeIdGenerator.
Instantiate AbstractResourcePersistence with connectionFactory and connectionName[informix_connection].
load Resource role with ids:[J@1fd1295,[J@1fd1295,[J@1fd1295,[J@1fd1295,[J@1fd1295,[J@1fd1295,[J@1fd1295,[J@1fd1295,[J@1fd1295,[J@1fd1295,[J@1fd1295,[J@1fd1295,[J@1fd1295,[J@1fd1295,[J@1fd1295,[J@1fd1295,[J@1fd1295,[J@1fd1295,[J@1fd1295,[J@1fd1295,[J@1fd1295,[J@1fd1295
operator: UnknownresourceId: Unknown - creating db connection using connection name: informix_connection
committing transaction
Read propery[ConnectionFactoryNS] which is  required  with value[com.topcoder.db.connectionfactory.DBConnectionFactoryImpl] from namespace [com.topcoder.management.project.persistence.InformixProjectPersistence].
Read propery[ConnectionName] which is  optional  with value[informix_connection] from namespace [com.topcoder.management.project.persistence.InformixProjectPersistence].
Read propery[ProjectIdSequenceName] which is  optional  with value[project_id_seq] from namespace [com.topcoder.management.project.persistence.InformixProjectPersistence].
Read propery[ProjectAuditIdSequenceName] which is  optional  with value[project_audit_id_seq] from namespace [com.topcoder.management.project.persistence.InformixProjectPersistence].
Read propery[ConnectionFactoryNS] which is  required  with value[com.topcoder.db.connectionfactory.DBConnectionFactoryImpl] from namespace [com.topcoder.management.project.persistence.link.ProjectLinkMgr].
Read propery[ConnectionName] which is  optional  with value[informix_connection] from namespace [com.topcoder.management.project.persistence.link.ProjectLinkMgr].
read property ConnectionFactoryNS[com.topcoder.db.connectionfactory.DBConnectionFactoryImpl] from the namespace :com.topcoder.management.scorecard.persistence.InformixScorecardPersistence
read property ConnectionName[informix_connection] from the namespace :com.topcoder.management.scorecard.persistence.InformixScorecardPersistence
Instantiate SqlUploadPersistence with connectionFactory and connectioName:informix_connection
Instantiate PersistenceUploadManager with UploadPersistence, uploadSearchBundle, submissionSearchBundle, uploadIdGenerator, uploadTypeIdGenerator, uploadStatusIdGenerator, submissionIDGenerator, submissionStatusIdGenerator and submissionTypeIdGenerator.
Instantiate AbstractResourcePersistence with connectionFactory and connectionName[informix_connection].
load Resource role with ids:[J@168e622,[J@168e622,[J@168e622,[J@168e622,[J@168e622,[J@168e622,[J@168e622,[J@168e622,[J@168e622,[J@168e622,[J@168e622,[J@168e622,[J@168e622,[J@168e622,[J@168e622,[J@168e622,[J@168e622,[J@168e622,[J@168e622,[J@168e622,[J@168e622,[J@168e622
operator: UnknownresourceId: Unknown - creating db connection using connection name: informix_connection
committing transaction
Read propery[ConnectionFactoryNS] which is  required  with value[com.topcoder.db.connectionfactory.DBConnectionFactoryImpl] from namespace [com.topcoder.management.project.persistence.InformixProjectPersistence].
Read propery[ConnectionName] which is  optional  with value[informix_connection] from namespace [com.topcoder.management.project.persistence.InformixProjectPersistence].
Read propery[ProjectIdSequenceName] which is  optional  with value[project_id_seq] from namespace [com.topcoder.management.project.persistence.InformixProjectPersistence].
Read propery[ProjectAuditIdSequenceName] which is  optional  with value[project_audit_id_seq] from namespace [com.topcoder.management.project.persistence.InformixProjectPersistence].
Read propery[ConnectionFactoryNS] which is  required  with value[com.topcoder.db.connectionfactory.DBConnectionFactoryImpl] from namespace [com.topcoder.management.project.persistence.link.ProjectLinkMgr].
Read propery[ConnectionName] which is  optional  with value[informix_connection] from namespace [com.topcoder.management.project.persistence.link.ProjectLinkMgr].
read property ConnectionFactoryNS[com.topcoder.db.connectionfactory.DBConnectionFactoryImpl] from the namespace :com.topcoder.management.scorecard.persistence.InformixScorecardPersistence
read property ConnectionName[informix_connection] from the namespace :com.topcoder.management.scorecard.persistence.InformixScorecardPersistence
Instantiate SqlUploadPersistence with connectionFactory and connectioName:informix_connection
Instantiate PersistenceUploadManager with UploadPersistence, uploadSearchBundle, submissionSearchBundle, uploadIdGenerator, uploadTypeIdGenerator, uploadStatusIdGenerator, submissionIDGenerator, submissionStatusIdGenerator and submissionTypeIdGenerator.
Instantiate AbstractResourcePersistence with connectionFactory and connectionName[informix_connection].
load Resource role with ids:[J@cb0141,[J@cb0141,[J@cb0141,[J@cb0141,[J@cb0141,[J@cb0141,[J@cb0141,[J@cb0141,[J@cb0141,[J@cb0141,[J@cb0141,[J@cb0141,[J@cb0141,[J@cb0141,[J@cb0141,[J@cb0141,[J@cb0141,[J@cb0141,[J@cb0141,[J@cb0141,[J@cb0141,[J@cb0141
operator: UnknownresourceId: Unknown - creating db connection using connection name: informix_connection
committing transaction
Read propery[ConnectionFactoryNS] which is  required  with value[com.topcoder.db.connectionfactory.DBConnectionFactoryImpl] from namespace [com.topcoder.management.project.persistence.InformixProjectPersistence].
Read propery[ConnectionName] which is  optional  with value[informix_connection] from namespace [com.topcoder.management.project.persistence.InformixProjectPersistence].
Read propery[ProjectIdSequenceName] which is  optional  with value[project_id_seq] from namespace [com.topcoder.management.project.persistence.InformixProjectPersistence].
Read propery[ProjectAuditIdSequenceName] which is  optional  with value[project_audit_id_seq] from namespace [com.topcoder.management.project.persistence.InformixProjectPersistence].
Read propery[ConnectionFactoryNS] which is  required  with value[com.topcoder.db.connectionfactory.DBConnectionFactoryImpl] from namespace [com.topcoder.management.project.persistence.link.ProjectLinkMgr].
Read propery[ConnectionName] which is  optional  with value[informix_connection] from namespace [com.topcoder.management.project.persistence.link.ProjectLinkMgr].
read property ConnectionFactoryNS[com.topcoder.db.connectionfactory.DBConnectionFactoryImpl] from the namespace :com.topcoder.management.scorecard.persistence.InformixScorecardPersistence
read property ConnectionName[informix_connection] from the namespace :com.topcoder.management.scorecard.persistence.InformixScorecardPersistence
Instantiate SqlUploadPersistence with connectionFactory and connectioName:informix_connection
Instantiate PersistenceUploadManager with UploadPersistence, uploadSearchBundle, submissionSearchBundle, uploadIdGenerator, uploadTypeIdGenerator, uploadStatusIdGenerator, submissionIDGenerator, submissionStatusIdGenerator and submissionTypeIdGenerator.
Instantiate AbstractResourcePersistence with connectionFactory and connectionName[informix_connection].
load Resource role with ids:[J@8e1f66,[J@8e1f66,[J@8e1f66,[J@8e1f66,[J@8e1f66,[J@8e1f66,[J@8e1f66,[J@8e1f66,[J@8e1f66,[J@8e1f66,[J@8e1f66,[J@8e1f66,[J@8e1f66,[J@8e1f66,[J@8e1f66,[J@8e1f66,[J@8e1f66,[J@8e1f66,[J@8e1f66,[J@8e1f66,[J@8e1f66,[J@8e1f66
operator: UnknownresourceId: Unknown - creating db connection using connection name: informix_connection
committing transaction
Read propery[ConnectionFactoryNS] which is  required  with value[com.topcoder.db.connectionfactory.DBConnectionFactoryImpl] from namespace [com.topcoder.management.project.persistence.InformixProjectPersistence].
Read propery[ConnectionName] which is  optional  with value[informix_connection] from namespace [com.topcoder.management.project.persistence.InformixProjectPersistence].
Read propery[ProjectIdSequenceName] which is  optional  with value[project_id_seq] from namespace [com.topcoder.management.project.persistence.InformixProjectPersistence].
Read propery[ProjectAuditIdSequenceName] which is  optional  with value[project_audit_id_seq] from namespace [com.topcoder.management.project.persistence.InformixProjectPersistence].
Read propery[ConnectionFactoryNS] which is  required  with value[com.topcoder.db.connectionfactory.DBConnectionFactoryImpl] from namespace [com.topcoder.management.project.persistence.link.ProjectLinkMgr].
Read propery[ConnectionName] which is  optional  with value[informix_connection] from namespace [com.topcoder.management.project.persistence.link.ProjectLinkMgr].
read property ConnectionFactoryNS[com.topcoder.db.connectionfactory.DBConnectionFactoryImpl] from the namespace :com.topcoder.management.scorecard.persistence.InformixScorecardPersistence
read property ConnectionName[informix_connection] from the namespace :com.topcoder.management.scorecard.persistence.InformixScorecardPersistence
Instantiate SqlUploadPersistence with connectionFactory and connectioName:informix_connection
Instantiate PersistenceUploadManager with UploadPersistence, uploadSearchBundle, submissionSearchBundle, uploadIdGenerator, uploadTypeIdGenerator, uploadStatusIdGenerator, submissionIDGenerator, submissionStatusIdGenerator and submissionTypeIdGenerator.
Instantiate AbstractResourcePersistence with connectionFactory and connectionName[informix_connection].
load Resource role with ids:[J@170e6b7,[J@170e6b7,[J@170e6b7,[J@170e6b7,[J@170e6b7,[J@170e6b7,[J@170e6b7,[J@170e6b7,[J@170e6b7,[J@170e6b7,[J@170e6b7,[J@170e6b7,[J@170e6b7,[J@170e6b7,[J@170e6b7,[J@170e6b7,[J@170e6b7,[J@170e6b7,[J@170e6b7,[J@170e6b7,[J@170e6b7,[J@170e6b7
operator: UnknownresourceId: Unknown - creating db connection using connection name: informix_connection
committing transaction
Read propery[ConnectionFactoryNS] which is  required  with value[com.topcoder.db.connectionfactory.DBConnectionFactoryImpl] from namespace [com.topcoder.management.project.persistence.InformixProjectPersistence].
Read propery[ConnectionName] which is  optional  with value[informix_connection] from namespace [com.topcoder.management.project.persistence.InformixProjectPersistence].
Read propery[ProjectIdSequenceName] which is  optional  with value[project_id_seq] from namespace [com.topcoder.management.project.persistence.InformixProjectPersistence].
Read propery[ProjectAuditIdSequenceName] which is  optional  with value[project_audit_id_seq] from namespace [com.topcoder.management.project.persistence.InformixProjectPersistence].
Read propery[ConnectionFactoryNS] which is  required  with value[com.topcoder.db.connectionfactory.DBConnectionFactoryImpl] from namespace [com.topcoder.management.project.persistence.link.ProjectLinkMgr].
Read propery[ConnectionName] which is  optional  with value[informix_connection] from namespace [com.topcoder.management.project.persistence.link.ProjectLinkMgr].
read property ConnectionFactoryNS[com.topcoder.db.connectionfactory.DBConnectionFactoryImpl] from the namespace :com.topcoder.management.scorecard.persistence.InformixScorecardPersistence
read property ConnectionName[informix_connection] from the namespace :com.topcoder.management.scorecard.persistence.InformixScorecardPersistence
Instantiate SqlUploadPersistence with connectionFactory and connectioName:informix_connection
Instantiate PersistenceUploadManager with UploadPersistence, uploadSearchBundle, submissionSearchBundle, uploadIdGenerator, uploadTypeIdGenerator, uploadStatusIdGenerator, submissionIDGenerator, submissionStatusIdGenerator and submissionTypeIdGenerator.
Instantiate AbstractResourcePersistence with connectionFactory and connectionName[informix_connection].
load Resource role with ids:[J@18a9570,[J@18a9570,[J@18a9570,[J@18a9570,[J@18a9570,[J@18a9570,[J@18a9570,[J@18a9570,[J@18a9570,[J@18a9570,[J@18a9570,[J@18a9570,[J@18a9570,[J@18a9570,[J@18a9570,[J@18a9570,[J@18a9570,[J@18a9570,[J@18a9570,[J@18a9570,[J@18a9570,[J@18a9570
operator: UnknownresourceId: Unknown - creating db connection using connection name: informix_connection
committing transaction
Read propery[ConnectionFactoryNS] which is  required  with value[com.topcoder.db.connectionfactory.DBConnectionFactoryImpl] from namespace [com.topcoder.management.project.persistence.InformixProjectPersistence].
Read propery[ConnectionName] which is  optional  with value[informix_connection] from namespace [com.topcoder.management.project.persistence.InformixProjectPersistence].
Read propery[ProjectIdSequenceName] which is  optional  with value[project_id_seq] from namespace [com.topcoder.management.project.persistence.InformixProjectPersistence].
Read propery[ProjectAuditIdSequenceName] which is  optional  with value[project_audit_id_seq] from namespace [com.topcoder.management.project.persistence.InformixProjectPersistence].
Read propery[ConnectionFactoryNS] which is  required  with value[com.topcoder.db.connectionfactory.DBConnectionFactoryImpl] from namespace [com.topcoder.management.project.persistence.link.ProjectLinkMgr].
Read propery[ConnectionName] which is  optional  with value[informix_connection] from namespace [com.topcoder.management.project.persistence.link.ProjectLinkMgr].
read property ConnectionFactoryNS[com.topcoder.db.connectionfactory.DBConnectionFactoryImpl] from the namespace :com.topcoder.management.scorecard.persistence.InformixScorecardPersistence
read property ConnectionName[informix_connection] from the namespace :com.topcoder.management.scorecard.persistence.InformixScorecardPersistence
Instantiate SqlUploadPersistence with connectionFactory and connectioName:informix_connection
Instantiate PersistenceUploadManager with UploadPersistence, uploadSearchBundle, submissionSearchBundle, uploadIdGenerator, uploadTypeIdGenerator, uploadStatusIdGenerator, submissionIDGenerator, submissionStatusIdGenerator and submissionTypeIdGenerator.
Instantiate AbstractResourcePersistence with connectionFactory and connectionName[informix_connection].
load Resource role with ids:[J@4265d9,[J@4265d9,[J@4265d9,[J@4265d9,[J@4265d9,[J@4265d9,[J@4265d9,[J@4265d9,[J@4265d9,[J@4265d9,[J@4265d9,[J@4265d9,[J@4265d9,[J@4265d9,[J@4265d9,[J@4265d9,[J@4265d9,[J@4265d9,[J@4265d9,[J@4265d9,[J@4265d9,[J@4265d9
operator: UnknownresourceId: Unknown - creating db connection using connection name: informix_connection
committing transaction
Read propery[ConnectionFactoryNS] which is  required  with value[com.topcoder.db.connectionfactory.DBConnectionFactoryImpl] from namespace [com.topcoder.management.project.persistence.InformixProjectPersistence].
Read propery[ConnectionName] which is  optional  with value[informix_connection] from namespace [com.topcoder.management.project.persistence.InformixProjectPersistence].
Read propery[ProjectIdSequenceName] which is  optional  with value[project_id_seq] from namespace [com.topcoder.management.project.persistence.InformixProjectPersistence].
Read propery[ProjectAuditIdSequenceName] which is  optional  with value[project_audit_id_seq] from namespace [com.topcoder.management.project.persistence.InformixProjectPersistence].
Read propery[ConnectionFactoryNS] which is  required  with value[com.topcoder.db.connectionfactory.DBConnectionFactoryImpl] from namespace [com.topcoder.management.project.persistence.link.ProjectLinkMgr].
Read propery[ConnectionName] which is  optional  with value[informix_connection] from namespace [com.topcoder.management.project.persistence.link.ProjectLinkMgr].
read property ConnectionFactoryNS[com.topcoder.db.connectionfactory.DBConnectionFactoryImpl] from the namespace :com.topcoder.management.scorecard.persistence.InformixScorecardPersistence
read property ConnectionName[informix_connection] from the namespace :com.topcoder.management.scorecard.persistence.InformixScorecardPersistence
Instantiate SqlUploadPersistence with connectionFactory and connectioName:informix_connection
Instantiate PersistenceUploadManager with UploadPersistence, uploadSearchBundle, submissionSearchBundle, uploadIdGenerator, uploadTypeIdGenerator, uploadStatusIdGenerator, submissionIDGenerator, submissionStatusIdGenerator and submissionTypeIdGenerator.
Instantiate AbstractResourcePersistence with connectionFactory and connectionName[informix_connection].
load Resource role with ids:[J@cba7b4,[J@cba7b4,[J@cba7b4,[J@cba7b4,[J@cba7b4,[J@cba7b4,[J@cba7b4,[J@cba7b4,[J@cba7b4,[J@cba7b4,[J@cba7b4,[J@cba7b4,[J@cba7b4,[J@cba7b4,[J@cba7b4,[J@cba7b4,[J@cba7b4,[J@cba7b4,[J@cba7b4,[J@cba7b4,[J@cba7b4,[J@cba7b4
operator: UnknownresourceId: Unknown - creating db connection using connection name: informix_connection
committing transaction
Read propery[ConnectionFactoryNS] which is  required  with value[com.topcoder.db.connectionfactory.DBConnectionFactoryImpl] from namespace [com.topcoder.management.project.persistence.InformixProjectPersistence].
Read propery[ConnectionName] which is  optional  with value[informix_connection] from namespace [com.topcoder.management.project.persistence.InformixProjectPersistence].
Read propery[ProjectIdSequenceName] which is  optional  with value[project_id_seq] from namespace [com.topcoder.management.project.persistence.InformixProjectPersistence].
Read propery[ProjectAuditIdSequenceName] which is  optional  with value[project_audit_id_seq] from namespace [com.topcoder.management.project.persistence.InformixProjectPersistence].
Read propery[ConnectionFactoryNS] which is  required  with value[com.topcoder.db.connectionfactory.DBConnectionFactoryImpl] from namespace [com.topcoder.management.project.persistence.link.ProjectLinkMgr].
Read propery[ConnectionName] which is  optional  with value[informix_connection] from namespace [com.topcoder.management.project.persistence.link.ProjectLinkMgr].
read property ConnectionFactoryNS[com.topcoder.db.connectionfactory.DBConnectionFactoryImpl] from the namespace :com.topcoder.management.scorecard.persistence.InformixScorecardPersistence
read property ConnectionName[informix_connection] from the namespace :com.topcoder.management.scorecard.persistence.InformixScorecardPersistence
Instantiate SqlUploadPersistence with connectionFactory and connectioName:informix_connection
Instantiate PersistenceUploadManager with UploadPersistence, uploadSearchBundle, submissionSearchBundle, uploadIdGenerator, uploadTypeIdGenerator, uploadStatusIdGenerator, submissionIDGenerator, submissionStatusIdGenerator and submissionTypeIdGenerator.
Instantiate AbstractResourcePersistence with connectionFactory and connectionName[informix_connection].
load Resource role with ids:[J@13e1603,[J@13e1603,[J@13e1603,[J@13e1603,[J@13e1603,[J@13e1603,[J@13e1603,[J@13e1603,[J@13e1603,[J@13e1603,[J@13e1603,[J@13e1603,[J@13e1603,[J@13e1603,[J@13e1603,[J@13e1603,[J@13e1603,[J@13e1603,[J@13e1603,[J@13e1603,[J@13e1603,[J@13e1603
operator: UnknownresourceId: Unknown - creating db connection using connection name: informix_connection
committing transaction
Read propery[ConnectionFactoryNS] which is  required  with value[com.topcoder.db.connectionfactory.DBConnectionFactoryImpl] from namespace [com.topcoder.management.project.persistence.InformixProjectPersistence].
Read propery[ConnectionName] which is  optional  with value[informix_connection] from namespace [com.topcoder.management.project.persistence.InformixProjectPersistence].
Read propery[ProjectIdSequenceName] which is  optional  with value[project_id_seq] from namespace [com.topcoder.management.project.persistence.InformixProjectPersistence].
Read propery[ProjectAuditIdSequenceName] which is  optional  with value[project_audit_id_seq] from namespace [com.topcoder.management.project.persistence.InformixProjectPersistence].
Read propery[ConnectionFactoryNS] which is  required  with value[com.topcoder.db.connectionfactory.DBConnectionFactoryImpl] from namespace [com.topcoder.management.project.persistence.link.ProjectLinkMgr].
Read propery[ConnectionName] which is  optional  with value[informix_connection] from namespace [com.topcoder.management.project.persistence.link.ProjectLinkMgr].
read property ConnectionFactoryNS[com.topcoder.db.connectionfactory.DBConnectionFactoryImpl] from the namespace :com.topcoder.management.scorecard.persistence.InformixScorecardPersistence
read property ConnectionName[informix_connection] from the namespace :com.topcoder.management.scorecard.persistence.InformixScorecardPersistence
Instantiate SqlUploadPersistence with connectionFactory and connectioName:informix_connection
Instantiate PersistenceUploadManager with UploadPersistence, uploadSearchBundle, submissionSearchBundle, uploadIdGenerator, uploadTypeIdGenerator, uploadStatusIdGenerator, submissionIDGenerator, submissionStatusIdGenerator and submissionTypeIdGenerator.
Instantiate AbstractResourcePersistence with connectionFactory and connectionName[informix_connection].
load Resource role with ids:[J@1441625,[J@1441625,[J@1441625,[J@1441625,[J@1441625,[J@1441625,[J@1441625,[J@1441625,[J@1441625,[J@1441625,[J@1441625,[J@1441625,[J@1441625,[J@1441625,[J@1441625,[J@1441625,[J@1441625,[J@1441625,[J@1441625,[J@1441625,[J@1441625,[J@1441625
operator: UnknownresourceId: Unknown - creating db connection using connection name: informix_connection
committing transaction
Read propery[ConnectionFactoryNS] which is  required  with value[com.topcoder.db.connectionfactory.DBConnectionFactoryImpl] from namespace [com.topcoder.management.project.persistence.InformixProjectPersistence].
Read propery[ConnectionName] which is  optional  with value[informix_connection] from namespace [com.topcoder.management.project.persistence.InformixProjectPersistence].
Read propery[ProjectIdSequenceName] which is  optional  with value[project_id_seq] from namespace [com.topcoder.management.project.persistence.InformixProjectPersistence].
Read propery[ProjectAuditIdSequenceName] which is  optional  with value[project_audit_id_seq] from namespace [com.topcoder.management.project.persistence.InformixProjectPersistence].
Read propery[ConnectionFactoryNS] which is  required  with value[com.topcoder.db.connectionfactory.DBConnectionFactoryImpl] from namespace [com.topcoder.management.project.persistence.link.ProjectLinkMgr].
Read propery[ConnectionName] which is  optional  with value[informix_connection] from namespace [com.topcoder.management.project.persistence.link.ProjectLinkMgr].
read property ConnectionFactoryNS[com.topcoder.db.connectionfactory.DBConnectionFactoryImpl] from the namespace :com.topcoder.management.scorecard.persistence.InformixScorecardPersistence
read property ConnectionName[informix_connection] from the namespace :com.topcoder.management.scorecard.persistence.InformixScorecardPersistence
Instantiate SqlUploadPersistence with connectionFactory and connectioName:informix_connection
Instantiate PersistenceUploadManager with UploadPersistence, uploadSearchBundle, submissionSearchBundle, uploadIdGenerator, uploadTypeIdGenerator, uploadStatusIdGenerator, submissionIDGenerator, submissionStatusIdGenerator and submissionTypeIdGenerator.
Instantiate AbstractResourcePersistence with connectionFactory and connectionName[informix_connection].
load Resource role with ids:[J@1ce2277,[J@1ce2277,[J@1ce2277,[J@1ce2277,[J@1ce2277,[J@1ce2277,[J@1ce2277,[J@1ce2277,[J@1ce2277,[J@1ce2277,[J@1ce2277,[J@1ce2277,[J@1ce2277,[J@1ce2277,[J@1ce2277,[J@1ce2277,[J@1ce2277,[J@1ce2277,[J@1ce2277,[J@1ce2277,[J@1ce2277,[J@1ce2277
operator: UnknownresourceId: Unknown - creating db connection using connection name: informix_connection
committing transaction
Read propery[ConnectionFactoryNS] which is  required  with value[com.topcoder.db.connectionfactory.DBConnectionFactoryImpl] from namespace [com.topcoder.management.project.persistence.InformixProjectPersistence].
Read propery[ConnectionName] which is  optional  with value[informix_connection] from namespace [com.topcoder.management.project.persistence.InformixProjectPersistence].
Read propery[ProjectIdSequenceName] which is  optional  with value[project_id_seq] from namespace [com.topcoder.management.project.persistence.InformixProjectPersistence].
Read propery[ProjectAuditIdSequenceName] which is  optional  with value[project_audit_id_seq] from namespace [com.topcoder.management.project.persistence.InformixProjectPersistence].
Read propery[ConnectionFactoryNS] which is  required  with value[com.topcoder.db.connectionfactory.DBConnectionFactoryImpl] from namespace [com.topcoder.management.project.persistence.link.ProjectLinkMgr].
Read propery[ConnectionName] which is  optional  with value[informix_connection] from namespace [com.topcoder.management.project.persistence.link.ProjectLinkMgr].
read property ConnectionFactoryNS[com.topcoder.db.connectionfactory.DBConnectionFactoryImpl] from the namespace :com.topcoder.management.scorecard.persistence.InformixScorecardPersistence
read property ConnectionName[informix_connection] from the namespace :com.topcoder.management.scorecard.persistence.InformixScorecardPersistence
Instantiate SqlUploadPersistence with connectionFactory and connectioName:informix_connection
Instantiate PersistenceUploadManager with UploadPersistence, uploadSearchBundle, submissionSearchBundle, uploadIdGenerator, uploadTypeIdGenerator, uploadStatusIdGenerator, submissionIDGenerator, submissionStatusIdGenerator and submissionTypeIdGenerator.
Instantiate AbstractResourcePersistence with connectionFactory and connectionName[informix_connection].
load Resource role with ids:[J@1809be3,[J@1809be3,[J@1809be3,[J@1809be3,[J@1809be3,[J@1809be3,[J@1809be3,[J@1809be3,[J@1809be3,[J@1809be3,[J@1809be3,[J@1809be3,[J@1809be3,[J@1809be3,[J@1809be3,[J@1809be3,[J@1809be3,[J@1809be3,[J@1809be3,[J@1809be3,[J@1809be3,[J@1809be3
operator: UnknownresourceId: Unknown - creating db connection using connection name: informix_connection
committing transaction
load Resource with ids:[J@1a4b0c4
operator: UnknownresourceId: Unknown - creating db connection using connection name: informix_connection
load ResourceRole with id:16
operator: UnknownresourceId: Unknown - creating db connection using connection name: informix_connection
committing transaction
committing transaction
Read propery[ConnectionFactoryNS] which is  required  with value[com.topcoder.db.connectionfactory.DBConnectionFactoryImpl] from namespace [com.topcoder.management.project.persistence.InformixProjectPersistence].
Read propery[ConnectionName] which is  optional  with value[informix_connection] from namespace [com.topcoder.management.project.persistence.InformixProjectPersistence].
Read propery[ProjectIdSequenceName] which is  optional  with value[project_id_seq] from namespace [com.topcoder.management.project.persistence.InformixProjectPersistence].
Read propery[ProjectAuditIdSequenceName] which is  optional  with value[project_audit_id_seq] from namespace [com.topcoder.management.project.persistence.InformixProjectPersistence].
Read propery[ConnectionFactoryNS] which is  required  with value[com.topcoder.db.connectionfactory.DBConnectionFactoryImpl] from namespace [com.topcoder.management.project.persistence.link.ProjectLinkMgr].
Read propery[ConnectionName] which is  optional  with value[informix_connection] from namespace [com.topcoder.management.project.persistence.link.ProjectLinkMgr].
read property ConnectionFactoryNS[com.topcoder.db.connectionfactory.DBConnectionFactoryImpl] from the namespace :com.topcoder.management.scorecard.persistence.InformixScorecardPersistence
read property ConnectionName[informix_connection] from the namespace :com.topcoder.management.scorecard.persistence.InformixScorecardPersistence
Instantiate SqlUploadPersistence with connectionFactory and connectioName:informix_connection
Instantiate PersistenceUploadManager with UploadPersistence, uploadSearchBundle, submissionSearchBundle, uploadIdGenerator, uploadTypeIdGenerator, uploadStatusIdGenerator, submissionIDGenerator, submissionStatusIdGenerator and submissionTypeIdGenerator.
Instantiate AbstractResourcePersistence with connectionFactory and connectionName[informix_connection].
load Resource role with ids:[J@b1c9f0,[J@b1c9f0,[J@b1c9f0,[J@b1c9f0,[J@b1c9f0,[J@b1c9f0,[J@b1c9f0,[J@b1c9f0,[J@b1c9f0,[J@b1c9f0,[J@b1c9f0,[J@b1c9f0,[J@b1c9f0,[J@b1c9f0,[J@b1c9f0,[J@b1c9f0,[J@b1c9f0,[J@b1c9f0,[J@b1c9f0,[J@b1c9f0,[J@b1c9f0,[J@b1c9f0
operator: UnknownresourceId: Unknown - creating db connection using connection name: informix_connection
committing transaction
Read propery[ConnectionFactoryNS] which is  required  with value[com.topcoder.db.connectionfactory.DBConnectionFactoryImpl] from namespace [com.topcoder.management.project.persistence.InformixProjectPersistence].
Read propery[ConnectionName] which is  optional  with value[informix_connection] from namespace [com.topcoder.management.project.persistence.InformixProjectPersistence].
Read propery[ProjectIdSequenceName] which is  optional  with value[project_id_seq] from namespace [com.topcoder.management.project.persistence.InformixProjectPersistence].
Read propery[ProjectAuditIdSequenceName] which is  optional  with value[project_audit_id_seq] from namespace [com.topcoder.management.project.persistence.InformixProjectPersistence].
Read propery[ConnectionFactoryNS] which is  required  with value[com.topcoder.db.connectionfactory.DBConnectionFactoryImpl] from namespace [com.topcoder.management.project.persistence.link.ProjectLinkMgr].
Read propery[ConnectionName] which is  optional  with value[informix_connection] from namespace [com.topcoder.management.project.persistence.link.ProjectLinkMgr].
read property ConnectionFactoryNS[com.topcoder.db.connectionfactory.DBConnectionFactoryImpl] from the namespace :com.topcoder.management.scorecard.persistence.InformixScorecardPersistence
read property ConnectionName[informix_connection] from the namespace :com.topcoder.management.scorecard.persistence.InformixScorecardPersistence
Instantiate SqlUploadPersistence with connectionFactory and connectioName:informix_connection
Instantiate PersistenceUploadManager with UploadPersistence, uploadSearchBundle, submissionSearchBundle, uploadIdGenerator, uploadTypeIdGenerator, uploadStatusIdGenerator, submissionIDGenerator, submissionStatusIdGenerator and submissionTypeIdGenerator.
Instantiate AbstractResourcePersistence with connectionFactory and connectionName[informix_connection].
load Resource role with ids:[J@17c8031,[J@17c8031,[J@17c8031,[J@17c8031,[J@17c8031,[J@17c8031,[J@17c8031,[J@17c8031,[J@17c8031,[J@17c8031,[J@17c8031,[J@17c8031,[J@17c8031,[J@17c8031,[J@17c8031,[J@17c8031,[J@17c8031,[J@17c8031,[J@17c8031,[J@17c8031,[J@17c8031,[J@17c8031
operator: UnknownresourceId: Unknown - creating db connection using connection name: informix_connection
committing transaction
operator: UnknownprojectId: Unknown - Enter getDestProjectLinks method.
operator: UnknownprojectId: Unknown - creating db connection using connection name: informix_connection
get projects with the ids: 1
operator: UnknownprojectId: Unknown - creating db connection using connection name: informix_connection
committing transaction
committing transaction
Read propery[ConnectionFactoryNS] which is  required  with value[com.topcoder.db.connectionfactory.DBConnectionFactoryImpl] from namespace [com.topcoder.management.project.persistence.InformixProjectPersistence].
Read propery[ConnectionName] which is  optional  with value[informix_connection] from namespace [com.topcoder.management.project.persistence.InformixProjectPersistence].
Read propery[ProjectIdSequenceName] which is  optional  with value[project_id_seq] from namespace [com.topcoder.management.project.persistence.InformixProjectPersistence].
Read propery[ProjectAuditIdSequenceName] which is  optional  with value[project_audit_id_seq] from namespace [com.topcoder.management.project.persistence.InformixProjectPersistence].
Read propery[ConnectionFactoryNS] which is  required  with value[com.topcoder.db.connectionfactory.DBConnectionFactoryImpl] from namespace [com.topcoder.management.project.persistence.link.ProjectLinkMgr].
Read propery[ConnectionName] which is  optional  with value[informix_connection] from namespace [com.topcoder.management.project.persistence.link.ProjectLinkMgr].
read property ConnectionFactoryNS[com.topcoder.db.connectionfactory.DBConnectionFactoryImpl] from the namespace :com.topcoder.management.scorecard.persistence.InformixScorecardPersistence
read property ConnectionName[informix_connection] from the namespace :com.topcoder.management.scorecard.persistence.InformixScorecardPersistence
Instantiate SqlUploadPersistence with connectionFactory and connectioName:informix_connection
Instantiate PersistenceUploadManager with UploadPersistence, uploadSearchBundle, submissionSearchBundle, uploadIdGenerator, uploadTypeIdGenerator, uploadStatusIdGenerator, submissionIDGenerator, submissionStatusIdGenerator and submissionTypeIdGenerator.
Instantiate AbstractResourcePersistence with connectionFactory and connectionName[informix_connection].
load Resource role with ids:[J@1122682,[J@1122682,[J@1122682,[J@1122682,[J@1122682,[J@1122682,[J@1122682,[J@1122682,[J@1122682,[J@1122682,[J@1122682,[J@1122682,[J@1122682,[J@1122682,[J@1122682,[J@1122682,[J@1122682,[J@1122682,[J@1122682,[J@1122682,[J@1122682,[J@1122682
operator: UnknownresourceId: Unknown - creating db connection using connection name: informix_connection
committing transaction
Read propery[ConnectionFactoryNS] which is  required  with value[com.topcoder.db.connectionfactory.DBConnectionFactoryImpl] from namespace [com.topcoder.management.project.persistence.InformixProjectPersistence].
Read propery[ConnectionName] which is  optional  with value[informix_connection] from namespace [com.topcoder.management.project.persistence.InformixProjectPersistence].
Read propery[ProjectIdSequenceName] which is  optional  with value[project_id_seq] from namespace [com.topcoder.management.project.persistence.InformixProjectPersistence].
Read propery[ProjectAuditIdSequenceName] which is  optional  with value[project_audit_id_seq] from namespace [com.topcoder.management.project.persistence.InformixProjectPersistence].
Read propery[ConnectionFactoryNS] which is  required  with value[com.topcoder.db.connectionfactory.DBConnectionFactoryImpl] from namespace [com.topcoder.management.project.persistence.link.ProjectLinkMgr].
Read propery[ConnectionName] which is  optional  with value[informix_connection] from namespace [com.topcoder.management.project.persistence.link.ProjectLinkMgr].
read property ConnectionFactoryNS[com.topcoder.db.connectionfactory.DBConnectionFactoryImpl] from the namespace :com.topcoder.management.scorecard.persistence.InformixScorecardPersistence
read property ConnectionName[informix_connection] from the namespace :com.topcoder.management.scorecard.persistence.InformixScorecardPersistence
Instantiate SqlUploadPersistence with connectionFactory and connectioName:informix_connection
Instantiate PersistenceUploadManager with UploadPersistence, uploadSearchBundle, submissionSearchBundle, uploadIdGenerator, uploadTypeIdGenerator, uploadStatusIdGenerator, submissionIDGenerator, submissionStatusIdGenerator and submissionTypeIdGenerator.
Instantiate AbstractResourcePersistence with connectionFactory and connectionName[informix_connection].
load Resource role with ids:[J@1906abc,[J@1906abc,[J@1906abc,[J@1906abc,[J@1906abc,[J@1906abc,[J@1906abc,[J@1906abc,[J@1906abc,[J@1906abc,[J@1906abc,[J@1906abc,[J@1906abc,[J@1906abc,[J@1906abc,[J@1906abc,[J@1906abc,[J@1906abc,[J@1906abc,[J@1906abc,[J@1906abc,[J@1906abc
operator: UnknownresourceId: Unknown - creating db connection using connection name: informix_connection
committing transaction
operator: UnknownprojectId: Unknown - Enter getDestProjectLinks method.
operator: UnknownprojectId: Unknown - creating db connection using connection name: informix_connection
get projects with the ids: 1
operator: UnknownprojectId: Unknown - creating db connection using connection name: informix_connection
committing transaction
committing transaction
Read propery[ConnectionFactoryNS] which is  required  with value[com.topcoder.db.connectionfactory.DBConnectionFactoryImpl] from namespace [com.topcoder.management.project.persistence.InformixProjectPersistence].
Read propery[ConnectionName] which is  optional  with value[informix_connection] from namespace [com.topcoder.management.project.persistence.InformixProjectPersistence].
Read propery[ProjectIdSequenceName] which is  optional  with value[project_id_seq] from namespace [com.topcoder.management.project.persistence.InformixProjectPersistence].
Read propery[ProjectAuditIdSequenceName] which is  optional  with value[project_audit_id_seq] from namespace [com.topcoder.management.project.persistence.InformixProjectPersistence].
Read propery[ConnectionFactoryNS] which is  required  with value[com.topcoder.db.connectionfactory.DBConnectionFactoryImpl] from namespace [com.topcoder.management.project.persistence.link.ProjectLinkMgr].
Read propery[ConnectionName] which is  optional  with value[informix_connection] from namespace [com.topcoder.management.project.persistence.link.ProjectLinkMgr].
read property ConnectionFactoryNS[com.topcoder.db.connectionfactory.DBConnectionFactoryImpl] from the namespace :com.topcoder.management.scorecard.persistence.InformixScorecardPersistence
read property ConnectionName[informix_connection] from the namespace :com.topcoder.management.scorecard.persistence.InformixScorecardPersistence
Instantiate SqlUploadPersistence with connectionFactory and connectioName:informix_connection
Instantiate PersistenceUploadManager with UploadPersistence, uploadSearchBundle, submissionSearchBundle, uploadIdGenerator, uploadTypeIdGenerator, uploadStatusIdGenerator, submissionIDGenerator, submissionStatusIdGenerator and submissionTypeIdGenerator.
Instantiate AbstractResourcePersistence with connectionFactory and connectionName[informix_connection].
load Resource role with ids:[J@120c03a,[J@120c03a,[J@120c03a,[J@120c03a,[J@120c03a,[J@120c03a,[J@120c03a,[J@120c03a,[J@120c03a,[J@120c03a,[J@120c03a,[J@120c03a,[J@120c03a,[J@120c03a,[J@120c03a,[J@120c03a,[J@120c03a,[J@120c03a,[J@120c03a,[J@120c03a,[J@120c03a,[J@120c03a
operator: UnknownresourceId: Unknown - creating db connection using connection name: informix_connection
committing transaction
Read propery[ConnectionFactoryNS] which is  required  with value[com.topcoder.db.connectionfactory.DBConnectionFactoryImpl] from namespace [com.topcoder.management.project.persistence.InformixProjectPersistence].
Read propery[ConnectionName] which is  optional  with value[informix_connection] from namespace [com.topcoder.management.project.persistence.InformixProjectPersistence].
Read propery[ProjectIdSequenceName] which is  optional  with value[project_id_seq] from namespace [com.topcoder.management.project.persistence.InformixProjectPersistence].
Read propery[ProjectAuditIdSequenceName] which is  optional  with value[project_audit_id_seq] from namespace [com.topcoder.management.project.persistence.InformixProjectPersistence].
Read propery[ConnectionFactoryNS] which is  required  with value[com.topcoder.db.connectionfactory.DBConnectionFactoryImpl] from namespace [com.topcoder.management.project.persistence.link.ProjectLinkMgr].
Read propery[ConnectionName] which is  optional  with value[informix_connection] from namespace [com.topcoder.management.project.persistence.link.ProjectLinkMgr].
read property ConnectionFactoryNS[com.topcoder.db.connectionfactory.DBConnectionFactoryImpl] from the namespace :com.topcoder.management.scorecard.persistence.InformixScorecardPersistence
read property ConnectionName[informix_connection] from the namespace :com.topcoder.management.scorecard.persistence.InformixScorecardPersistence
Instantiate SqlUploadPersistence with connectionFactory and connectioName:informix_connection
Instantiate PersistenceUploadManager with UploadPersistence, uploadSearchBundle, submissionSearchBundle, uploadIdGenerator, uploadTypeIdGenerator, uploadStatusIdGenerator, submissionIDGenerator, submissionStatusIdGenerator and submissionTypeIdGenerator.
Instantiate AbstractResourcePersistence with connectionFactory and connectionName[informix_connection].
load Resource role with ids:[J@1a324fc,[J@1a324fc,[J@1a324fc,[J@1a324fc,[J@1a324fc,[J@1a324fc,[J@1a324fc,[J@1a324fc,[J@1a324fc,[J@1a324fc,[J@1a324fc,[J@1a324fc,[J@1a324fc,[J@1a324fc,[J@1a324fc,[J@1a324fc,[J@1a324fc,[J@1a324fc,[J@1a324fc,[J@1a324fc,[J@1a324fc,[J@1a324fc
operator: UnknownresourceId: Unknown - creating db connection using connection name: informix_connection
committing transaction
Read propery[ConnectionFactoryNS] which is  required  with value[com.topcoder.db.connectionfactory.DBConnectionFactoryImpl] from namespace [com.topcoder.management.project.persistence.InformixProjectPersistence].
Read propery[ConnectionName] which is  optional  with value[informix_connection] from namespace [com.topcoder.management.project.persistence.InformixProjectPersistence].
Read propery[ProjectIdSequenceName] which is  optional  with value[project_id_seq] from namespace [com.topcoder.management.project.persistence.InformixProjectPersistence].
Read propery[ProjectAuditIdSequenceName] which is  optional  with value[project_audit_id_seq] from namespace [com.topcoder.management.project.persistence.InformixProjectPersistence].
Read propery[ConnectionFactoryNS] which is  required  with value[com.topcoder.db.connectionfactory.DBConnectionFactoryImpl] from namespace [com.topcoder.management.project.persistence.link.ProjectLinkMgr].
Read propery[ConnectionName] which is  optional  with value[informix_connection] from namespace [com.topcoder.management.project.persistence.link.ProjectLinkMgr].
read property ConnectionFactoryNS[com.topcoder.db.connectionfactory.DBConnectionFactoryImpl] from the namespace :com.topcoder.management.scorecard.persistence.InformixScorecardPersistence
read property ConnectionName[informix_connection] from the namespace :com.topcoder.management.scorecard.persistence.InformixScorecardPersistence
Instantiate SqlUploadPersistence with connectionFactory and connectioName:informix_connection
Instantiate PersistenceUploadManager with UploadPersistence, uploadSearchBundle, submissionSearchBundle, uploadIdGenerator, uploadTypeIdGenerator, uploadStatusIdGenerator, submissionIDGenerator, submissionStatusIdGenerator and submissionTypeIdGenerator.
Instantiate AbstractResourcePersistence with connectionFactory and connectionName[informix_connection].
load Resource role with ids:[J@6424e2,[J@6424e2,[J@6424e2,[J@6424e2,[J@6424e2,[J@6424e2,[J@6424e2,[J@6424e2,[J@6424e2,[J@6424e2,[J@6424e2,[J@6424e2,[J@6424e2,[J@6424e2,[J@6424e2,[J@6424e2,[J@6424e2,[J@6424e2,[J@6424e2,[J@6424e2,[J@6424e2,[J@6424e2
operator: UnknownresourceId: Unknown - creating db connection using connection name: informix_connection
committing transaction
Read propery[ConnectionFactoryNS] which is  required  with value[com.topcoder.db.connectionfactory.DBConnectionFactoryImpl] from namespace [com.topcoder.management.project.persistence.InformixProjectPersistence].
Read propery[ConnectionName] which is  optional  with value[informix_connection] from namespace [com.topcoder.management.project.persistence.InformixProjectPersistence].
Read propery[ProjectIdSequenceName] which is  optional  with value[project_id_seq] from namespace [com.topcoder.management.project.persistence.InformixProjectPersistence].
Read propery[ProjectAuditIdSequenceName] which is  optional  with value[project_audit_id_seq] from namespace [com.topcoder.management.project.persistence.InformixProjectPersistence].
Read propery[ConnectionFactoryNS] which is  required  with value[com.topcoder.db.connectionfactory.DBConnectionFactoryImpl] from namespace [com.topcoder.management.project.persistence.link.ProjectLinkMgr].
Read propery[ConnectionName] which is  optional  with value[informix_connection] from namespace [com.topcoder.management.project.persistence.link.ProjectLinkMgr].
read property ConnectionFactoryNS[com.topcoder.db.connectionfactory.DBConnectionFactoryImpl] from the namespace :com.topcoder.management.scorecard.persistence.InformixScorecardPersistence
read property ConnectionName[informix_connection] from the namespace :com.topcoder.management.scorecard.persistence.InformixScorecardPersistence
Instantiate SqlUploadPersistence with connectionFactory and connectioName:informix_connection
Instantiate PersistenceUploadManager with UploadPersistence, uploadSearchBundle, submissionSearchBundle, uploadIdGenerator, uploadTypeIdGenerator, uploadStatusIdGenerator, submissionIDGenerator, submissionStatusIdGenerator and submissionTypeIdGenerator.
Instantiate AbstractResourcePersistence with connectionFactory and connectionName[informix_connection].
load Resource role with ids:[J@11e4232,[J@11e4232,[J@11e4232,[J@11e4232,[J@11e4232,[J@11e4232,[J@11e4232,[J@11e4232,[J@11e4232,[J@11e4232,[J@11e4232,[J@11e4232,[J@11e4232,[J@11e4232,[J@11e4232,[J@11e4232,[J@11e4232,[J@11e4232,[J@11e4232,[J@11e4232,[J@11e4232,[J@11e4232
operator: UnknownresourceId: Unknown - creating db connection using connection name: informix_connection
committing transaction
Read propery[ConnectionFactoryNS] which is  required  with value[com.topcoder.db.connectionfactory.DBConnectionFactoryImpl] from namespace [com.topcoder.management.project.persistence.InformixProjectPersistence].
Read propery[ConnectionName] which is  optional  with value[informix_connection] from namespace [com.topcoder.management.project.persistence.InformixProjectPersistence].
Read propery[ProjectIdSequenceName] which is  optional  with value[project_id_seq] from namespace [com.topcoder.management.project.persistence.InformixProjectPersistence].
Read propery[ProjectAuditIdSequenceName] which is  optional  with value[project_audit_id_seq] from namespace [com.topcoder.management.project.persistence.InformixProjectPersistence].
Read propery[ConnectionFactoryNS] which is  required  with value[com.topcoder.db.connectionfactory.DBConnectionFactoryImpl] from namespace [com.topcoder.management.project.persistence.link.ProjectLinkMgr].
Read propery[ConnectionName] which is  optional  with value[informix_connection] from namespace [com.topcoder.management.project.persistence.link.ProjectLinkMgr].
read property ConnectionFactoryNS[com.topcoder.db.connectionfactory.DBConnectionFactoryImpl] from the namespace :com.topcoder.management.scorecard.persistence.InformixScorecardPersistence
read property ConnectionName[informix_connection] from the namespace :com.topcoder.management.scorecard.persistence.InformixScorecardPersistence
Instantiate SqlUploadPersistence with connectionFactory and connectioName:informix_connection
Instantiate PersistenceUploadManager with UploadPersistence, uploadSearchBundle, submissionSearchBundle, uploadIdGenerator, uploadTypeIdGenerator, uploadStatusIdGenerator, submissionIDGenerator, submissionStatusIdGenerator and submissionTypeIdGenerator.
Instantiate AbstractResourcePersistence with connectionFactory and connectionName[informix_connection].
load Resource role with ids:[J@13acaaf,[J@13acaaf,[J@13acaaf,[J@13acaaf,[J@13acaaf,[J@13acaaf,[J@13acaaf,[J@13acaaf,[J@13acaaf,[J@13acaaf,[J@13acaaf,[J@13acaaf,[J@13acaaf,[J@13acaaf,[J@13acaaf,[J@13acaaf,[J@13acaaf,[J@13acaaf,[J@13acaaf,[J@13acaaf,[J@13acaaf,[J@13acaaf
operator: UnknownresourceId: Unknown - creating db connection using connection name: informix_connection
committing transaction
Read propery[ConnectionFactoryNS] which is  required  with value[com.topcoder.db.connectionfactory.DBConnectionFactoryImpl] from namespace [com.topcoder.management.project.persistence.InformixProjectPersistence].
Read propery[ConnectionName] which is  optional  with value[informix_connection] from namespace [com.topcoder.management.project.persistence.InformixProjectPersistence].
Read propery[ProjectIdSequenceName] which is  optional  with value[project_id_seq] from namespace [com.topcoder.management.project.persistence.InformixProjectPersistence].
Read propery[ProjectAuditIdSequenceName] which is  optional  with value[project_audit_id_seq] from namespace [com.topcoder.management.project.persistence.InformixProjectPersistence].
Read propery[ConnectionFactoryNS] which is  required  with value[com.topcoder.db.connectionfactory.DBConnectionFactoryImpl] from namespace [com.topcoder.management.project.persistence.link.ProjectLinkMgr].
Read propery[ConnectionName] which is  optional  with value[informix_connection] from namespace [com.topcoder.management.project.persistence.link.ProjectLinkMgr].
read property ConnectionFactoryNS[com.topcoder.db.connectionfactory.DBConnectionFactoryImpl] from the namespace :com.topcoder.management.scorecard.persistence.InformixScorecardPersistence
read property ConnectionName[informix_connection] from the namespace :com.topcoder.management.scorecard.persistence.InformixScorecardPersistence
Instantiate SqlUploadPersistence with connectionFactory and connectioName:informix_connection
Instantiate PersistenceUploadManager with UploadPersistence, uploadSearchBundle, submissionSearchBundle, uploadIdGenerator, uploadTypeIdGenerator, uploadStatusIdGenerator, submissionIDGenerator, submissionStatusIdGenerator and submissionTypeIdGenerator.
Instantiate AbstractResourcePersistence with connectionFactory and connectionName[informix_connection].
load Resource role with ids:[J@11aee49,[J@11aee49,[J@11aee49,[J@11aee49,[J@11aee49,[J@11aee49,[J@11aee49,[J@11aee49,[J@11aee49,[J@11aee49,[J@11aee49,[J@11aee49,[J@11aee49,[J@11aee49,[J@11aee49,[J@11aee49,[J@11aee49,[J@11aee49,[J@11aee49,[J@11aee49,[J@11aee49,[J@11aee49
operator: UnknownresourceId: Unknown - creating db connection using connection name: informix_connection
committing transaction
Read propery[ConnectionFactoryNS] which is  required  with value[com.topcoder.db.connectionfactory.DBConnectionFactoryImpl] from namespace [com.topcoder.management.project.persistence.InformixProjectPersistence].
Read propery[ConnectionName] which is  optional  with value[informix_connection] from namespace [com.topcoder.management.project.persistence.InformixProjectPersistence].
Read propery[ProjectIdSequenceName] which is  optional  with value[project_id_seq] from namespace [com.topcoder.management.project.persistence.InformixProjectPersistence].
Read propery[ProjectAuditIdSequenceName] which is  optional  with value[project_audit_id_seq] from namespace [com.topcoder.management.project.persistence.InformixProjectPersistence].
Read propery[ConnectionFactoryNS] which is  required  with value[com.topcoder.db.connectionfactory.DBConnectionFactoryImpl] from namespace [com.topcoder.management.project.persistence.link.ProjectLinkMgr].
Read propery[ConnectionName] which is  optional  with value[informix_connection] from namespace [com.topcoder.management.project.persistence.link.ProjectLinkMgr].
read property ConnectionFactoryNS[com.topcoder.db.connectionfactory.DBConnectionFactoryImpl] from the namespace :com.topcoder.management.scorecard.persistence.InformixScorecardPersistence
read property ConnectionName[informix_connection] from the namespace :com.topcoder.management.scorecard.persistence.InformixScorecardPersistence
Instantiate SqlUploadPersistence with connectionFactory and connectioName:informix_connection
Instantiate PersistenceUploadManager with UploadPersistence, uploadSearchBundle, submissionSearchBundle, uploadIdGenerator, uploadTypeIdGenerator, uploadStatusIdGenerator, submissionIDGenerator, submissionStatusIdGenerator and submissionTypeIdGenerator.
Instantiate AbstractResourcePersistence with connectionFactory and connectionName[informix_connection].
load Resource role with ids:[J@142d05b,[J@142d05b,[J@142d05b,[J@142d05b,[J@142d05b,[J@142d05b,[J@142d05b,[J@142d05b,[J@142d05b,[J@142d05b,[J@142d05b,[J@142d05b,[J@142d05b,[J@142d05b,[J@142d05b,[J@142d05b,[J@142d05b,[J@142d05b,[J@142d05b,[J@142d05b,[J@142d05b,[J@142d05b
operator: UnknownresourceId: Unknown - creating db connection using connection name: informix_connection
committing transaction
Read propery[ConnectionFactoryNS] which is  required  with value[com.topcoder.db.connectionfactory.DBConnectionFactoryImpl] from namespace [com.topcoder.management.project.persistence.InformixProjectPersistence].
Read propery[ConnectionName] which is  optional  with value[informix_connection] from namespace [com.topcoder.management.project.persistence.InformixProjectPersistence].
Read propery[ProjectIdSequenceName] which is  optional  with value[project_id_seq] from namespace [com.topcoder.management.project.persistence.InformixProjectPersistence].
Read propery[ProjectAuditIdSequenceName] which is  optional  with value[project_audit_id_seq] from namespace [com.topcoder.management.project.persistence.InformixProjectPersistence].
Read propery[ConnectionFactoryNS] which is  required  with value[com.topcoder.db.connectionfactory.DBConnectionFactoryImpl] from namespace [com.topcoder.management.project.persistence.link.ProjectLinkMgr].
Read propery[ConnectionName] which is  optional  with value[informix_connection] from namespace [com.topcoder.management.project.persistence.link.ProjectLinkMgr].
read property ConnectionFactoryNS[com.topcoder.db.connectionfactory.DBConnectionFactoryImpl] from the namespace :com.topcoder.management.scorecard.persistence.InformixScorecardPersistence
read property ConnectionName[informix_connection] from the namespace :com.topcoder.management.scorecard.persistence.InformixScorecardPersistence
Instantiate SqlUploadPersistence with connectionFactory and connectioName:informix_connection
Instantiate PersistenceUploadManager with UploadPersistence, uploadSearchBundle, submissionSearchBundle, uploadIdGenerator, uploadTypeIdGenerator, uploadStatusIdGenerator, submissionIDGenerator, submissionStatusIdGenerator and submissionTypeIdGenerator.
Instantiate AbstractResourcePersistence with connectionFactory and connectionName[informix_connection].
load Resource role with ids:[J@37faea,[J@37faea,[J@37faea,[J@37faea,[J@37faea,[J@37faea,[J@37faea,[J@37faea,[J@37faea,[J@37faea,[J@37faea,[J@37faea,[J@37faea,[J@37faea,[J@37faea,[J@37faea,[J@37faea,[J@37faea,[J@37faea,[J@37faea,[J@37faea,[J@37faea
operator: UnknownresourceId: Unknown - creating db connection using connection name: informix_connection
committing transaction
Read propery[ConnectionFactoryNS] which is  required  with value[com.topcoder.db.connectionfactory.DBConnectionFactoryImpl] from namespace [com.topcoder.management.project.persistence.InformixProjectPersistence].
Read propery[ConnectionName] which is  optional  with value[informix_connection] from namespace [com.topcoder.management.project.persistence.InformixProjectPersistence].
Read propery[ProjectIdSequenceName] which is  optional  with value[project_id_seq] from namespace [com.topcoder.management.project.persistence.InformixProjectPersistence].
Read propery[ProjectAuditIdSequenceName] which is  optional  with value[project_audit_id_seq] from namespace [com.topcoder.management.project.persistence.InformixProjectPersistence].
Read propery[ConnectionFactoryNS] which is  required  with value[com.topcoder.db.connectionfactory.DBConnectionFactoryImpl] from namespace [com.topcoder.management.project.persistence.link.ProjectLinkMgr].
Read propery[ConnectionName] which is  optional  with value[informix_connection] from namespace [com.topcoder.management.project.persistence.link.ProjectLinkMgr].
read property ConnectionFactoryNS[com.topcoder.db.connectionfactory.DBConnectionFactoryImpl] from the namespace :com.topcoder.management.scorecard.persistence.InformixScorecardPersistence
read property ConnectionName[informix_connection] from the namespace :com.topcoder.management.scorecard.persistence.InformixScorecardPersistence
Instantiate SqlUploadPersistence with connectionFactory and connectioName:informix_connection
Instantiate PersistenceUploadManager with UploadPersistence, uploadSearchBundle, submissionSearchBundle, uploadIdGenerator, uploadTypeIdGenerator, uploadStatusIdGenerator, submissionIDGenerator, submissionStatusIdGenerator and submissionTypeIdGenerator.
Instantiate AbstractResourcePersistence with connectionFactory and connectionName[informix_connection].
load Resource role with ids:[J@592f4b,[J@592f4b,[J@592f4b,[J@592f4b,[J@592f4b,[J@592f4b,[J@592f4b,[J@592f4b,[J@592f4b,[J@592f4b,[J@592f4b,[J@592f4b,[J@592f4b,[J@592f4b,[J@592f4b,[J@592f4b,[J@592f4b,[J@592f4b,[J@592f4b,[J@592f4b,[J@592f4b,[J@592f4b
operator: UnknownresourceId: Unknown - creating db connection using connection name: informix_connection
committing transaction
Read propery[ConnectionFactoryNS] which is  required  with value[com.topcoder.db.connectionfactory.DBConnectionFactoryImpl] from namespace [com.topcoder.management.project.persistence.InformixProjectPersistence].
Read propery[ConnectionName] which is  optional  with value[informix_connection] from namespace [com.topcoder.management.project.persistence.InformixProjectPersistence].
Read propery[ProjectIdSequenceName] which is  optional  with value[project_id_seq] from namespace [com.topcoder.management.project.persistence.InformixProjectPersistence].
Read propery[ProjectAuditIdSequenceName] which is  optional  with value[project_audit_id_seq] from namespace [com.topcoder.management.project.persistence.InformixProjectPersistence].
Read propery[ConnectionFactoryNS] which is  required  with value[com.topcoder.db.connectionfactory.DBConnectionFactoryImpl] from namespace [com.topcoder.management.project.persistence.link.ProjectLinkMgr].
Read propery[ConnectionName] which is  optional  with value[informix_connection] from namespace [com.topcoder.management.project.persistence.link.ProjectLinkMgr].
read property ConnectionFactoryNS[com.topcoder.db.connectionfactory.DBConnectionFactoryImpl] from the namespace :com.topcoder.management.scorecard.persistence.InformixScorecardPersistence
read property ConnectionName[informix_connection] from the namespace :com.topcoder.management.scorecard.persistence.InformixScorecardPersistence
Instantiate SqlUploadPersistence with connectionFactory and connectioName:informix_connection
Instantiate PersistenceUploadManager with UploadPersistence, uploadSearchBundle, submissionSearchBundle, uploadIdGenerator, uploadTypeIdGenerator, uploadStatusIdGenerator, submissionIDGenerator, submissionStatusIdGenerator and submissionTypeIdGenerator.
Instantiate AbstractResourcePersistence with connectionFactory and connectionName[informix_connection].
load Resource role with ids:[J@19f0596,[J@19f0596,[J@19f0596,[J@19f0596,[J@19f0596,[J@19f0596,[J@19f0596,[J@19f0596,[J@19f0596,[J@19f0596,[J@19f0596,[J@19f0596,[J@19f0596,[J@19f0596,[J@19f0596,[J@19f0596,[J@19f0596,[J@19f0596,[J@19f0596,[J@19f0596,[J@19f0596,[J@19f0596
operator: UnknownresourceId: Unknown - creating db connection using connection name: informix_connection
committing transaction
Read propery[ConnectionFactoryNS] which is  required  with value[com.topcoder.db.connectionfactory.DBConnectionFactoryImpl] from namespace [com.topcoder.management.project.persistence.InformixProjectPersistence].
Read propery[ConnectionName] which is  optional  with value[informix_connection] from namespace [com.topcoder.management.project.persistence.InformixProjectPersistence].
Read propery[ProjectIdSequenceName] which is  optional  with value[project_id_seq] from namespace [com.topcoder.management.project.persistence.InformixProjectPersistence].
Read propery[ProjectAuditIdSequenceName] which is  optional  with value[project_audit_id_seq] from namespace [com.topcoder.management.project.persistence.InformixProjectPersistence].
Read propery[ConnectionFactoryNS] which is  required  with value[com.topcoder.db.connectionfactory.DBConnectionFactoryImpl] from namespace [com.topcoder.management.project.persistence.link.ProjectLinkMgr].
Read propery[ConnectionName] which is  optional  with value[informix_connection] from namespace [com.topcoder.management.project.persistence.link.ProjectLinkMgr].
read property ConnectionFactoryNS[com.topcoder.db.connectionfactory.DBConnectionFactoryImpl] from the namespace :com.topcoder.management.scorecard.persistence.InformixScorecardPersistence
read property ConnectionName[informix_connection] from the namespace :com.topcoder.management.scorecard.persistence.InformixScorecardPersistence
Instantiate SqlUploadPersistence with connectionFactory and connectioName:informix_connection
Instantiate PersistenceUploadManager with UploadPersistence, uploadSearchBundle, submissionSearchBundle, uploadIdGenerator, uploadTypeIdGenerator, uploadStatusIdGenerator, submissionIDGenerator, submissionStatusIdGenerator and submissionTypeIdGenerator.
Instantiate AbstractResourcePersistence with connectionFactory and connectionName[informix_connection].
load Resource role with ids:[J@19bfe39,[J@19bfe39,[J@19bfe39,[J@19bfe39,[J@19bfe39,[J@19bfe39,[J@19bfe39,[J@19bfe39,[J@19bfe39,[J@19bfe39,[J@19bfe39,[J@19bfe39,[J@19bfe39,[J@19bfe39,[J@19bfe39,[J@19bfe39,[J@19bfe39,[J@19bfe39,[J@19bfe39,[J@19bfe39,[J@19bfe39,[J@19bfe39
operator: UnknownresourceId: Unknown - creating db connection using connection name: informix_connection
committing transaction
Read propery[ConnectionFactoryNS] which is  required  with value[com.topcoder.db.connectionfactory.DBConnectionFactoryImpl] from namespace [com.topcoder.management.project.persistence.InformixProjectPersistence].
Read propery[ConnectionName] which is  optional  with value[informix_connection] from namespace [com.topcoder.management.project.persistence.InformixProjectPersistence].
Read propery[ProjectIdSequenceName] which is  optional  with value[project_id_seq] from namespace [com.topcoder.management.project.persistence.InformixProjectPersistence].
Read propery[ProjectAuditIdSequenceName] which is  optional  with value[project_audit_id_seq] from namespace [com.topcoder.management.project.persistence.InformixProjectPersistence].
Read propery[ConnectionFactoryNS] which is  required  with value[com.topcoder.db.connectionfactory.DBConnectionFactoryImpl] from namespace [com.topcoder.management.project.persistence.link.ProjectLinkMgr].
Read propery[ConnectionName] which is  optional  with value[informix_connection] from namespace [com.topcoder.management.project.persistence.link.ProjectLinkMgr].
read property ConnectionFactoryNS[com.topcoder.db.connectionfactory.DBConnectionFactoryImpl] from the namespace :com.topcoder.management.scorecard.persistence.InformixScorecardPersistence
read property ConnectionName[informix_connection] from the namespace :com.topcoder.management.scorecard.persistence.InformixScorecardPersistence
Instantiate SqlUploadPersistence with connectionFactory and connectioName:informix_connection
Instantiate PersistenceUploadManager with UploadPersistence, uploadSearchBundle, submissionSearchBundle, uploadIdGenerator, uploadTypeIdGenerator, uploadStatusIdGenerator, submissionIDGenerator, submissionStatusIdGenerator and submissionTypeIdGenerator.
Instantiate AbstractResourcePersistence with connectionFactory and connectionName[informix_connection].
load Resource role with ids:[J@1b04599,[J@1b04599,[J@1b04599,[J@1b04599,[J@1b04599,[J@1b04599,[J@1b04599,[J@1b04599,[J@1b04599,[J@1b04599,[J@1b04599,[J@1b04599,[J@1b04599,[J@1b04599,[J@1b04599,[J@1b04599,[J@1b04599,[J@1b04599,[J@1b04599,[J@1b04599,[J@1b04599,[J@1b04599
operator: UnknownresourceId: Unknown - creating db connection using connection name: informix_connection
committing transaction
Read propery[ConnectionFactoryNS] which is  required  with value[com.topcoder.db.connectionfactory.DBConnectionFactoryImpl] from namespace [com.topcoder.management.project.persistence.InformixProjectPersistence].
Read propery[ConnectionName] which is  optional  with value[informix_connection] from namespace [com.topcoder.management.project.persistence.InformixProjectPersistence].
Read propery[ProjectIdSequenceName] which is  optional  with value[project_id_seq] from namespace [com.topcoder.management.project.persistence.InformixProjectPersistence].
Read propery[ProjectAuditIdSequenceName] which is  optional  with value[project_audit_id_seq] from namespace [com.topcoder.management.project.persistence.InformixProjectPersistence].
Read propery[ConnectionFactoryNS] which is  required  with value[com.topcoder.db.connectionfactory.DBConnectionFactoryImpl] from namespace [com.topcoder.management.project.persistence.link.ProjectLinkMgr].
Read propery[ConnectionName] which is  optional  with value[informix_connection] from namespace [com.topcoder.management.project.persistence.link.ProjectLinkMgr].
read property ConnectionFactoryNS[com.topcoder.db.connectionfactory.DBConnectionFactoryImpl] from the namespace :com.topcoder.management.scorecard.persistence.InformixScorecardPersistence
read property ConnectionName[informix_connection] from the namespace :com.topcoder.management.scorecard.persistence.InformixScorecardPersistence
Instantiate SqlUploadPersistence with connectionFactory and connectioName:informix_connection
Instantiate PersistenceUploadManager with UploadPersistence, uploadSearchBundle, submissionSearchBundle, uploadIdGenerator, uploadTypeIdGenerator, uploadStatusIdGenerator, submissionIDGenerator, submissionStatusIdGenerator and submissionTypeIdGenerator.
Instantiate AbstractResourcePersistence with connectionFactory and connectionName[informix_connection].
load Resource role with ids:[J@1969687,[J@1969687,[J@1969687,[J@1969687,[J@1969687,[J@1969687,[J@1969687,[J@1969687,[J@1969687,[J@1969687,[J@1969687,[J@1969687,[J@1969687,[J@1969687,[J@1969687,[J@1969687,[J@1969687,[J@1969687,[J@1969687,[J@1969687,[J@1969687,[J@1969687
operator: UnknownresourceId: Unknown - creating db connection using connection name: informix_connection
committing transaction
Read propery[ConnectionFactoryNS] which is  required  with value[com.topcoder.db.connectionfactory.DBConnectionFactoryImpl] from namespace [com.topcoder.management.project.persistence.InformixProjectPersistence].
Read propery[ConnectionName] which is  optional  with value[informix_connection] from namespace [com.topcoder.management.project.persistence.InformixProjectPersistence].
Read propery[ProjectIdSequenceName] which is  optional  with value[project_id_seq] from namespace [com.topcoder.management.project.persistence.InformixProjectPersistence].
Read propery[ProjectAuditIdSequenceName] which is  optional  with value[project_audit_id_seq] from namespace [com.topcoder.management.project.persistence.InformixProjectPersistence].
Read propery[ConnectionFactoryNS] which is  required  with value[com.topcoder.db.connectionfactory.DBConnectionFactoryImpl] from namespace [com.topcoder.management.project.persistence.link.ProjectLinkMgr].
Read propery[ConnectionName] which is  optional  with value[informix_connection] from namespace [com.topcoder.management.project.persistence.link.ProjectLinkMgr].
read property ConnectionFactoryNS[com.topcoder.db.connectionfactory.DBConnectionFactoryImpl] from the namespace :com.topcoder.management.scorecard.persistence.InformixScorecardPersistence
read property ConnectionName[informix_connection] from the namespace :com.topcoder.management.scorecard.persistence.InformixScorecardPersistence
Instantiate SqlUploadPersistence with connectionFactory and connectioName:informix_connection
Instantiate PersistenceUploadManager with UploadPersistence, uploadSearchBundle, submissionSearchBundle, uploadIdGenerator, uploadTypeIdGenerator, uploadStatusIdGenerator, submissionIDGenerator, submissionStatusIdGenerator and submissionTypeIdGenerator.
Instantiate AbstractResourcePersistence with connectionFactory and connectionName[informix_connection].
load Resource role with ids:[J@1abc0ed,[J@1abc0ed,[J@1abc0ed,[J@1abc0ed,[J@1abc0ed,[J@1abc0ed,[J@1abc0ed,[J@1abc0ed,[J@1abc0ed,[J@1abc0ed,[J@1abc0ed,[J@1abc0ed,[J@1abc0ed,[J@1abc0ed,[J@1abc0ed,[J@1abc0ed,[J@1abc0ed,[J@1abc0ed,[J@1abc0ed,[J@1abc0ed,[J@1abc0ed,[J@1abc0ed
operator: UnknownresourceId: Unknown - creating db connection using connection name: informix_connection
committing transaction
Read propery[ConnectionFactoryNS] which is  required  with value[com.topcoder.db.connectionfactory.DBConnectionFactoryImpl] from namespace [com.topcoder.management.project.persistence.InformixProjectPersistence].
Read propery[ConnectionName] which is  optional  with value[informix_connection] from namespace [com.topcoder.management.project.persistence.InformixProjectPersistence].
Read propery[ProjectIdSequenceName] which is  optional  with value[project_id_seq] from namespace [com.topcoder.management.project.persistence.InformixProjectPersistence].
Read propery[ProjectAuditIdSequenceName] which is  optional  with value[project_audit_id_seq] from namespace [com.topcoder.management.project.persistence.InformixProjectPersistence].
Read propery[ConnectionFactoryNS] which is  required  with value[com.topcoder.db.connectionfactory.DBConnectionFactoryImpl] from namespace [com.topcoder.management.project.persistence.link.ProjectLinkMgr].
Read propery[ConnectionName] which is  optional  with value[informix_connection] from namespace [com.topcoder.management.project.persistence.link.ProjectLinkMgr].
read property ConnectionFactoryNS[com.topcoder.db.connectionfactory.DBConnectionFactoryImpl] from the namespace :com.topcoder.management.scorecard.persistence.InformixScorecardPersistence
read property ConnectionName[informix_connection] from the namespace :com.topcoder.management.scorecard.persistence.InformixScorecardPersistence
Instantiate SqlUploadPersistence with connectionFactory and connectioName:informix_connection
Instantiate PersistenceUploadManager with UploadPersistence, uploadSearchBundle, submissionSearchBundle, uploadIdGenerator, uploadTypeIdGenerator, uploadStatusIdGenerator, submissionIDGenerator, submissionStatusIdGenerator and submissionTypeIdGenerator.
Instantiate AbstractResourcePersistence with connectionFactory and connectionName[informix_connection].
load Resource role with ids:[J@1e967b5,[J@1e967b5,[J@1e967b5,[J@1e967b5,[J@1e967b5,[J@1e967b5,[J@1e967b5,[J@1e967b5,[J@1e967b5,[J@1e967b5,[J@1e967b5,[J@1e967b5,[J@1e967b5,[J@1e967b5,[J@1e967b5,[J@1e967b5,[J@1e967b5,[J@1e967b5,[J@1e967b5,[J@1e967b5,[J@1e967b5,[J@1e967b5
operator: UnknownresourceId: Unknown - creating db connection using connection name: informix_connection
committing transaction
Read propery[ConnectionFactoryNS] which is  required  with value[com.topcoder.db.connectionfactory.DBConnectionFactoryImpl] from namespace [com.topcoder.management.project.persistence.InformixProjectPersistence].
Read propery[ConnectionName] which is  optional  with value[informix_connection] from namespace [com.topcoder.management.project.persistence.InformixProjectPersistence].
Read propery[ProjectIdSequenceName] which is  optional  with value[project_id_seq] from namespace [com.topcoder.management.project.persistence.InformixProjectPersistence].
Read propery[ProjectAuditIdSequenceName] which is  optional  with value[project_audit_id_seq] from namespace [com.topcoder.management.project.persistence.InformixProjectPersistence].
Read propery[ConnectionFactoryNS] which is  required  with value[com.topcoder.db.connectionfactory.DBConnectionFactoryImpl] from namespace [com.topcoder.management.project.persistence.link.ProjectLinkMgr].
Read propery[ConnectionName] which is  optional  with value[informix_connection] from namespace [com.topcoder.management.project.persistence.link.ProjectLinkMgr].
read property ConnectionFactoryNS[com.topcoder.db.connectionfactory.DBConnectionFactoryImpl] from the namespace :com.topcoder.management.scorecard.persistence.InformixScorecardPersistence
read property ConnectionName[informix_connection] from the namespace :com.topcoder.management.scorecard.persistence.InformixScorecardPersistence
Instantiate SqlUploadPersistence with connectionFactory and connectioName:informix_connection
Instantiate PersistenceUploadManager with UploadPersistence, uploadSearchBundle, submissionSearchBundle, uploadIdGenerator, uploadTypeIdGenerator, uploadStatusIdGenerator, submissionIDGenerator, submissionStatusIdGenerator and submissionTypeIdGenerator.
Instantiate AbstractResourcePersistence with connectionFactory and connectionName[informix_connection].
load Resource role with ids:[J@16fbc47,[J@16fbc47,[J@16fbc47,[J@16fbc47,[J@16fbc47,[J@16fbc47,[J@16fbc47,[J@16fbc47,[J@16fbc47,[J@16fbc47,[J@16fbc47,[J@16fbc47,[J@16fbc47,[J@16fbc47,[J@16fbc47,[J@16fbc47,[J@16fbc47,[J@16fbc47,[J@16fbc47,[J@16fbc47,[J@16fbc47,[J@16fbc47
operator: UnknownresourceId: Unknown - creating db connection using connection name: informix_connection
committing transaction
Read propery[ConnectionFactoryNS] which is  required  with value[com.topcoder.db.connectionfactory.DBConnectionFactoryImpl] from namespace [com.topcoder.management.project.persistence.InformixProjectPersistence].
Read propery[ConnectionName] which is  optional  with value[informix_connection] from namespace [com.topcoder.management.project.persistence.InformixProjectPersistence].
Read propery[ProjectIdSequenceName] which is  optional  with value[project_id_seq] from namespace [com.topcoder.management.project.persistence.InformixProjectPersistence].
Read propery[ProjectAuditIdSequenceName] which is  optional  with value[project_audit_id_seq] from namespace [com.topcoder.management.project.persistence.InformixProjectPersistence].
Read propery[ConnectionFactoryNS] which is  required  with value[com.topcoder.db.connectionfactory.DBConnectionFactoryImpl] from namespace [com.topcoder.management.project.persistence.link.ProjectLinkMgr].
Read propery[ConnectionName] which is  optional  with value[informix_connection] from namespace [com.topcoder.management.project.persistence.link.ProjectLinkMgr].
read property ConnectionFactoryNS[com.topcoder.db.connectionfactory.DBConnectionFactoryImpl] from the namespace :com.topcoder.management.scorecard.persistence.InformixScorecardPersistence
read property ConnectionName[informix_connection] from the namespace :com.topcoder.management.scorecard.persistence.InformixScorecardPersistence
Instantiate SqlUploadPersistence with connectionFactory and connectioName:informix_connection
Instantiate PersistenceUploadManager with UploadPersistence, uploadSearchBundle, submissionSearchBundle, uploadIdGenerator, uploadTypeIdGenerator, uploadStatusIdGenerator, submissionIDGenerator, submissionStatusIdGenerator and submissionTypeIdGenerator.
Instantiate AbstractResourcePersistence with connectionFactory and connectionName[informix_connection].
load Resource role with ids:[J@1389eed,[J@1389eed,[J@1389eed,[J@1389eed,[J@1389eed,[J@1389eed,[J@1389eed,[J@1389eed,[J@1389eed,[J@1389eed,[J@1389eed,[J@1389eed,[J@1389eed,[J@1389eed,[J@1389eed,[J@1389eed,[J@1389eed,[J@1389eed,[J@1389eed,[J@1389eed,[J@1389eed,[J@1389eed
operator: UnknownresourceId: Unknown - creating db connection using connection name: informix_connection
committing transaction
Read propery[ConnectionFactoryNS] which is  required  with value[com.topcoder.db.connectionfactory.DBConnectionFactoryImpl] from namespace [com.topcoder.management.project.persistence.InformixProjectPersistence].
Read propery[ConnectionName] which is  optional  with value[informix_connection] from namespace [com.topcoder.management.project.persistence.InformixProjectPersistence].
Read propery[ProjectIdSequenceName] which is  optional  with value[project_id_seq] from namespace [com.topcoder.management.project.persistence.InformixProjectPersistence].
Read propery[ProjectAuditIdSequenceName] which is  optional  with value[project_audit_id_seq] from namespace [com.topcoder.management.project.persistence.InformixProjectPersistence].
Read propery[ConnectionFactoryNS] which is  required  with value[com.topcoder.db.connectionfactory.DBConnectionFactoryImpl] from namespace [com.topcoder.management.project.persistence.link.ProjectLinkMgr].
Read propery[ConnectionName] which is  optional  with value[informix_connection] from namespace [com.topcoder.management.project.persistence.link.ProjectLinkMgr].
read property ConnectionFactoryNS[com.topcoder.db.connectionfactory.DBConnectionFactoryImpl] from the namespace :com.topcoder.management.scorecard.persistence.InformixScorecardPersistence
read property ConnectionName[informix_connection] from the namespace :com.topcoder.management.scorecard.persistence.InformixScorecardPersistence
Instantiate SqlUploadPersistence with connectionFactory and connectioName:informix_connection
Instantiate PersistenceUploadManager with UploadPersistence, uploadSearchBundle, submissionSearchBundle, uploadIdGenerator, uploadTypeIdGenerator, uploadStatusIdGenerator, submissionIDGenerator, submissionStatusIdGenerator and submissionTypeIdGenerator.
Instantiate AbstractResourcePersistence with connectionFactory and connectionName[informix_connection].
load Resource role with ids:[J@13e5f5a,[J@13e5f5a,[J@13e5f5a,[J@13e5f5a,[J@13e5f5a,[J@13e5f5a,[J@13e5f5a,[J@13e5f5a,[J@13e5f5a,[J@13e5f5a,[J@13e5f5a,[J@13e5f5a,[J@13e5f5a,[J@13e5f5a,[J@13e5f5a,[J@13e5f5a,[J@13e5f5a,[J@13e5f5a,[J@13e5f5a,[J@13e5f5a,[J@13e5f5a,[J@13e5f5a
operator: UnknownresourceId: Unknown - creating db connection using connection name: informix_connection
committing transaction
Read propery[ConnectionFactoryNS] which is  required  with value[com.topcoder.db.connectionfactory.DBConnectionFactoryImpl] from namespace [com.topcoder.management.project.persistence.InformixProjectPersistence].
Read propery[ConnectionName] which is  optional  with value[informix_connection] from namespace [com.topcoder.management.project.persistence.InformixProjectPersistence].
Read propery[ProjectIdSequenceName] which is  optional  with value[project_id_seq] from namespace [com.topcoder.management.project.persistence.InformixProjectPersistence].
Read propery[ProjectAuditIdSequenceName] which is  optional  with value[project_audit_id_seq] from namespace [com.topcoder.management.project.persistence.InformixProjectPersistence].
Read propery[ConnectionFactoryNS] which is  required  with value[com.topcoder.db.connectionfactory.DBConnectionFactoryImpl] from namespace [com.topcoder.management.project.persistence.link.ProjectLinkMgr].
Read propery[ConnectionName] which is  optional  with value[informix_connection] from namespace [com.topcoder.management.project.persistence.link.ProjectLinkMgr].
read property ConnectionFactoryNS[com.topcoder.db.connectionfactory.DBConnectionFactoryImpl] from the namespace :com.topcoder.management.scorecard.persistence.InformixScorecardPersistence
read property ConnectionName[informix_connection] from the namespace :com.topcoder.management.scorecard.persistence.InformixScorecardPersistence
Instantiate SqlUploadPersistence with connectionFactory and connectioName:informix_connection
Instantiate PersistenceUploadManager with UploadPersistence, uploadSearchBundle, submissionSearchBundle, uploadIdGenerator, uploadTypeIdGenerator, uploadStatusIdGenerator, submissionIDGenerator, submissionStatusIdGenerator and submissionTypeIdGenerator.
Instantiate AbstractResourcePersistence with connectionFactory and connectionName[informix_connection].
load Resource role with ids:[J@1ac5a78,[J@1ac5a78,[J@1ac5a78,[J@1ac5a78,[J@1ac5a78,[J@1ac5a78,[J@1ac5a78,[J@1ac5a78,[J@1ac5a78,[J@1ac5a78,[J@1ac5a78,[J@1ac5a78,[J@1ac5a78,[J@1ac5a78,[J@1ac5a78,[J@1ac5a78,[J@1ac5a78,[J@1ac5a78,[J@1ac5a78,[J@1ac5a78,[J@1ac5a78,[J@1ac5a78
operator: UnknownresourceId: Unknown - creating db connection using connection name: informix_connection
committing transaction
Read propery[ConnectionFactoryNS] which is  required  with value[com.topcoder.db.connectionfactory.DBConnectionFactoryImpl] from namespace [com.topcoder.management.project.persistence.InformixProjectPersistence].
Read propery[ConnectionName] which is  optional  with value[informix_connection] from namespace [com.topcoder.management.project.persistence.InformixProjectPersistence].
Read propery[ProjectIdSequenceName] which is  optional  with value[project_id_seq] from namespace [com.topcoder.management.project.persistence.InformixProjectPersistence].
Read propery[ProjectAuditIdSequenceName] which is  optional  with value[project_audit_id_seq] from namespace [com.topcoder.management.project.persistence.InformixProjectPersistence].
Read propery[ConnectionFactoryNS] which is  required  with value[com.topcoder.db.connectionfactory.DBConnectionFactoryImpl] from namespace [com.topcoder.management.project.persistence.link.ProjectLinkMgr].
Read propery[ConnectionName] which is  optional  with value[informix_connection] from namespace [com.topcoder.management.project.persistence.link.ProjectLinkMgr].
read property ConnectionFactoryNS[com.topcoder.db.connectionfactory.DBConnectionFactoryImpl] from the namespace :com.topcoder.management.scorecard.persistence.InformixScorecardPersistence
read property ConnectionName[informix_connection] from the namespace :com.topcoder.management.scorecard.persistence.InformixScorecardPersistence
Instantiate SqlUploadPersistence with connectionFactory and connectioName:informix_connection
Instantiate PersistenceUploadManager with UploadPersistence, uploadSearchBundle, submissionSearchBundle, uploadIdGenerator, uploadTypeIdGenerator, uploadStatusIdGenerator, submissionIDGenerator, submissionStatusIdGenerator and submissionTypeIdGenerator.
Instantiate AbstractResourcePersistence with connectionFactory and connectionName[informix_connection].
load Resource role with ids:[J@12de91e,[J@12de91e,[J@12de91e,[J@12de91e,[J@12de91e,[J@12de91e,[J@12de91e,[J@12de91e,[J@12de91e,[J@12de91e,[J@12de91e,[J@12de91e,[J@12de91e,[J@12de91e,[J@12de91e,[J@12de91e,[J@12de91e,[J@12de91e,[J@12de91e,[J@12de91e,[J@12de91e,[J@12de91e
operator: UnknownresourceId: Unknown - creating db connection using connection name: informix_connection
committing transaction
Read propery[ConnectionFactoryNS] which is  required  with value[com.topcoder.db.connectionfactory.DBConnectionFactoryImpl] from namespace [com.topcoder.management.project.persistence.InformixProjectPersistence].
Read propery[ConnectionName] which is  optional  with value[informix_connection] from namespace [com.topcoder.management.project.persistence.InformixProjectPersistence].
Read propery[ProjectIdSequenceName] which is  optional  with value[project_id_seq] from namespace [com.topcoder.management.project.persistence.InformixProjectPersistence].
Read propery[ProjectAuditIdSequenceName] which is  optional  with value[project_audit_id_seq] from namespace [com.topcoder.management.project.persistence.InformixProjectPersistence].
Read propery[ConnectionFactoryNS] which is  required  with value[com.topcoder.db.connectionfactory.DBConnectionFactoryImpl] from namespace [com.topcoder.management.project.persistence.link.ProjectLinkMgr].
Read propery[ConnectionName] which is  optional  with value[informix_connection] from namespace [com.topcoder.management.project.persistence.link.ProjectLinkMgr].
read property ConnectionFactoryNS[com.topcoder.db.connectionfactory.DBConnectionFactoryImpl] from the namespace :com.topcoder.management.scorecard.persistence.InformixScorecardPersistence
read property ConnectionName[informix_connection] from the namespace :com.topcoder.management.scorecard.persistence.InformixScorecardPersistence
Instantiate SqlUploadPersistence with connectionFactory and connectioName:informix_connection
Instantiate PersistenceUploadManager with UploadPersistence, uploadSearchBundle, submissionSearchBundle, uploadIdGenerator, uploadTypeIdGenerator, uploadStatusIdGenerator, submissionIDGenerator, submissionStatusIdGenerator and submissionTypeIdGenerator.
Instantiate AbstractResourcePersistence with connectionFactory and connectionName[informix_connection].
load Resource role with ids:[J@1ec2674,[J@1ec2674,[J@1ec2674,[J@1ec2674,[J@1ec2674,[J@1ec2674,[J@1ec2674,[J@1ec2674,[J@1ec2674,[J@1ec2674,[J@1ec2674,[J@1ec2674,[J@1ec2674,[J@1ec2674,[J@1ec2674,[J@1ec2674,[J@1ec2674,[J@1ec2674,[J@1ec2674,[J@1ec2674,[J@1ec2674,[J@1ec2674
operator: UnknownresourceId: Unknown - creating db connection using connection name: informix_connection
committing transaction
Read propery[ConnectionFactoryNS] which is  required  with value[com.topcoder.db.connectionfactory.DBConnectionFactoryImpl] from namespace [com.topcoder.management.project.persistence.InformixProjectPersistence].
Read propery[ConnectionName] which is  optional  with value[informix_connection] from namespace [com.topcoder.management.project.persistence.InformixProjectPersistence].
Read propery[ProjectIdSequenceName] which is  optional  with value[project_id_seq] from namespace [com.topcoder.management.project.persistence.InformixProjectPersistence].
Read propery[ProjectAuditIdSequenceName] which is  optional  with value[project_audit_id_seq] from namespace [com.topcoder.management.project.persistence.InformixProjectPersistence].
Read propery[ConnectionFactoryNS] which is  required  with value[com.topcoder.db.connectionfactory.DBConnectionFactoryImpl] from namespace [com.topcoder.management.project.persistence.link.ProjectLinkMgr].
Read propery[ConnectionName] which is  optional  with value[informix_connection] from namespace [com.topcoder.management.project.persistence.link.ProjectLinkMgr].
read property ConnectionFactoryNS[com.topcoder.db.connectionfactory.DBConnectionFactoryImpl] from the namespace :com.topcoder.management.scorecard.persistence.InformixScorecardPersistence
read property ConnectionName[informix_connection] from the namespace :com.topcoder.management.scorecard.persistence.InformixScorecardPersistence
Instantiate SqlUploadPersistence with connectionFactory and connectioName:informix_connection
Instantiate PersistenceUploadManager with UploadPersistence, uploadSearchBundle, submissionSearchBundle, uploadIdGenerator, uploadTypeIdGenerator, uploadStatusIdGenerator, submissionIDGenerator, submissionStatusIdGenerator and submissionTypeIdGenerator.
Instantiate AbstractResourcePersistence with connectionFactory and connectionName[informix_connection].
load Resource role with ids:[J@171ad16,[J@171ad16,[J@171ad16,[J@171ad16,[J@171ad16,[J@171ad16,[J@171ad16,[J@171ad16,[J@171ad16,[J@171ad16,[J@171ad16,[J@171ad16,[J@171ad16,[J@171ad16,[J@171ad16,[J@171ad16,[J@171ad16,[J@171ad16,[J@171ad16,[J@171ad16,[J@171ad16,[J@171ad16
operator: UnknownresourceId: Unknown - creating db connection using connection name: informix_connection
committing transaction
Read propery[ConnectionFactoryNS] which is  required  with value[com.topcoder.db.connectionfactory.DBConnectionFactoryImpl] from namespace [com.topcoder.management.project.persistence.InformixProjectPersistence].
Read propery[ConnectionName] which is  optional  with value[informix_connection] from namespace [com.topcoder.management.project.persistence.InformixProjectPersistence].
Read propery[ProjectIdSequenceName] which is  optional  with value[project_id_seq] from namespace [com.topcoder.management.project.persistence.InformixProjectPersistence].
Read propery[ProjectAuditIdSequenceName] which is  optional  with value[project_audit_id_seq] from namespace [com.topcoder.management.project.persistence.InformixProjectPersistence].
Read propery[ConnectionFactoryNS] which is  required  with value[com.topcoder.db.connectionfactory.DBConnectionFactoryImpl] from namespace [com.topcoder.management.project.persistence.link.ProjectLinkMgr].
Read propery[ConnectionName] which is  optional  with value[informix_connection] from namespace [com.topcoder.management.project.persistence.link.ProjectLinkMgr].
read property ConnectionFactoryNS[com.topcoder.db.connectionfactory.DBConnectionFactoryImpl] from the namespace :com.topcoder.management.scorecard.persistence.InformixScorecardPersistence
read property ConnectionName[informix_connection] from the namespace :com.topcoder.management.scorecard.persistence.InformixScorecardPersistence
Instantiate SqlUploadPersistence with connectionFactory and connectioName:informix_connection
Instantiate PersistenceUploadManager with UploadPersistence, uploadSearchBundle, submissionSearchBundle, uploadIdGenerator, uploadTypeIdGenerator, uploadStatusIdGenerator, submissionIDGenerator, submissionStatusIdGenerator and submissionTypeIdGenerator.
Instantiate AbstractResourcePersistence with connectionFactory and connectionName[informix_connection].
load Resource role with ids:[J@3926cc,[J@3926cc,[J@3926cc,[J@3926cc,[J@3926cc,[J@3926cc,[J@3926cc,[J@3926cc,[J@3926cc,[J@3926cc,[J@3926cc,[J@3926cc,[J@3926cc,[J@3926cc,[J@3926cc,[J@3926cc,[J@3926cc,[J@3926cc,[J@3926cc,[J@3926cc,[J@3926cc,[J@3926cc
operator: UnknownresourceId: Unknown - creating db connection using connection name: informix_connection
committing transaction
Read propery[ConnectionFactoryNS] which is  required  with value[com.topcoder.db.connectionfactory.DBConnectionFactoryImpl] from namespace [com.topcoder.management.project.persistence.InformixProjectPersistence].
Read propery[ConnectionName] which is  optional  with value[informix_connection] from namespace [com.topcoder.management.project.persistence.InformixProjectPersistence].
Read propery[ProjectIdSequenceName] which is  optional  with value[project_id_seq] from namespace [com.topcoder.management.project.persistence.InformixProjectPersistence].
Read propery[ProjectAuditIdSequenceName] which is  optional  with value[project_audit_id_seq] from namespace [com.topcoder.management.project.persistence.InformixProjectPersistence].
Read propery[ConnectionFactoryNS] which is  required  with value[com.topcoder.db.connectionfactory.DBConnectionFactoryImpl] from namespace [com.topcoder.management.project.persistence.link.ProjectLinkMgr].
Read propery[ConnectionName] which is  optional  with value[informix_connection] from namespace [com.topcoder.management.project.persistence.link.ProjectLinkMgr].
read property ConnectionFactoryNS[com.topcoder.db.connectionfactory.DBConnectionFactoryImpl] from the namespace :com.topcoder.management.scorecard.persistence.InformixScorecardPersistence
read property ConnectionName[informix_connection] from the namespace :com.topcoder.management.scorecard.persistence.InformixScorecardPersistence
Instantiate SqlUploadPersistence with connectionFactory and connectioName:informix_connection
Instantiate PersistenceUploadManager with UploadPersistence, uploadSearchBundle, submissionSearchBundle, uploadIdGenerator, uploadTypeIdGenerator, uploadStatusIdGenerator, submissionIDGenerator, submissionStatusIdGenerator and submissionTypeIdGenerator.
Instantiate AbstractResourcePersistence with connectionFactory and connectionName[informix_connection].
load Resource role with ids:[J@125f069,[J@125f069,[J@125f069,[J@125f069,[J@125f069,[J@125f069,[J@125f069,[J@125f069,[J@125f069,[J@125f069,[J@125f069,[J@125f069,[J@125f069,[J@125f069,[J@125f069,[J@125f069,[J@125f069,[J@125f069,[J@125f069,[J@125f069,[J@125f069,[J@125f069
operator: UnknownresourceId: Unknown - creating db connection using connection name: informix_connection
committing transaction
Read propery[ConnectionFactoryNS] which is  required  with value[com.topcoder.db.connectionfactory.DBConnectionFactoryImpl] from namespace [com.topcoder.management.project.persistence.InformixProjectPersistence].
Read propery[ConnectionName] which is  optional  with value[informix_connection] from namespace [com.topcoder.management.project.persistence.InformixProjectPersistence].
Read propery[ProjectIdSequenceName] which is  optional  with value[project_id_seq] from namespace [com.topcoder.management.project.persistence.InformixProjectPersistence].
Read propery[ProjectAuditIdSequenceName] which is  optional  with value[project_audit_id_seq] from namespace [com.topcoder.management.project.persistence.InformixProjectPersistence].
Read propery[ConnectionFactoryNS] which is  required  with value[com.topcoder.db.connectionfactory.DBConnectionFactoryImpl] from namespace [com.topcoder.management.project.persistence.link.ProjectLinkMgr].
Read propery[ConnectionName] which is  optional  with value[informix_connection] from namespace [com.topcoder.management.project.persistence.link.ProjectLinkMgr].
read property ConnectionFactoryNS[com.topcoder.db.connectionfactory.DBConnectionFactoryImpl] from the namespace :com.topcoder.management.scorecard.persistence.InformixScorecardPersistence
read property ConnectionName[informix_connection] from the namespace :com.topcoder.management.scorecard.persistence.InformixScorecardPersistence
Instantiate SqlUploadPersistence with connectionFactory and connectioName:informix_connection
Instantiate PersistenceUploadManager with UploadPersistence, uploadSearchBundle, submissionSearchBundle, uploadIdGenerator, uploadTypeIdGenerator, uploadStatusIdGenerator, submissionIDGenerator, submissionStatusIdGenerator and submissionTypeIdGenerator.
Instantiate AbstractResourcePersistence with connectionFactory and connectionName[informix_connection].
load Resource role with ids:[J@5ea9d2,[J@5ea9d2,[J@5ea9d2,[J@5ea9d2,[J@5ea9d2,[J@5ea9d2,[J@5ea9d2,[J@5ea9d2,[J@5ea9d2,[J@5ea9d2,[J@5ea9d2,[J@5ea9d2,[J@5ea9d2,[J@5ea9d2,[J@5ea9d2,[J@5ea9d2,[J@5ea9d2,[J@5ea9d2,[J@5ea9d2,[J@5ea9d2,[J@5ea9d2,[J@5ea9d2
operator: UnknownresourceId: Unknown - creating db connection using connection name: informix_connection
committing transaction
Read propery[ConnectionFactoryNS] which is  required  with value[com.topcoder.db.connectionfactory.DBConnectionFactoryImpl] from namespace [com.topcoder.management.project.persistence.InformixProjectPersistence].
Read propery[ConnectionName] which is  optional  with value[informix_connection] from namespace [com.topcoder.management.project.persistence.InformixProjectPersistence].
Read propery[ProjectIdSequenceName] which is  optional  with value[project_id_seq] from namespace [com.topcoder.management.project.persistence.InformixProjectPersistence].
Read propery[ProjectAuditIdSequenceName] which is  optional  with value[project_audit_id_seq] from namespace [com.topcoder.management.project.persistence.InformixProjectPersistence].
Read propery[ConnectionFactoryNS] which is  required  with value[com.topcoder.db.connectionfactory.DBConnectionFactoryImpl] from namespace [com.topcoder.management.project.persistence.link.ProjectLinkMgr].
Read propery[ConnectionName] which is  optional  with value[informix_connection] from namespace [com.topcoder.management.project.persistence.link.ProjectLinkMgr].
read property ConnectionFactoryNS[com.topcoder.db.connectionfactory.DBConnectionFactoryImpl] from the namespace :com.topcoder.management.scorecard.persistence.InformixScorecardPersistence
read property ConnectionName[informix_connection] from the namespace :com.topcoder.management.scorecard.persistence.InformixScorecardPersistence
Instantiate SqlUploadPersistence with connectionFactory and connectioName:informix_connection
Instantiate PersistenceUploadManager with UploadPersistence, uploadSearchBundle, submissionSearchBundle, uploadIdGenerator, uploadTypeIdGenerator, uploadStatusIdGenerator, submissionIDGenerator, submissionStatusIdGenerator and submissionTypeIdGenerator.
Instantiate AbstractResourcePersistence with connectionFactory and connectionName[informix_connection].
load Resource role with ids:[J@1d3125a,[J@1d3125a,[J@1d3125a,[J@1d3125a,[J@1d3125a,[J@1d3125a,[J@1d3125a,[J@1d3125a,[J@1d3125a,[J@1d3125a,[J@1d3125a,[J@1d3125a,[J@1d3125a,[J@1d3125a,[J@1d3125a,[J@1d3125a,[J@1d3125a,[J@1d3125a,[J@1d3125a,[J@1d3125a,[J@1d3125a,[J@1d3125a
operator: UnknownresourceId: Unknown - creating db connection using connection name: informix_connection
committing transaction
Read propery[ConnectionFactoryNS] which is  required  with value[com.topcoder.db.connectionfactory.DBConnectionFactoryImpl] from namespace [com.topcoder.management.project.persistence.InformixProjectPersistence].
Read propery[ConnectionName] which is  optional  with value[informix_connection] from namespace [com.topcoder.management.project.persistence.InformixProjectPersistence].
Read propery[ProjectIdSequenceName] which is  optional  with value[project_id_seq] from namespace [com.topcoder.management.project.persistence.InformixProjectPersistence].
Read propery[ProjectAuditIdSequenceName] which is  optional  with value[project_audit_id_seq] from namespace [com.topcoder.management.project.persistence.InformixProjectPersistence].
Read propery[ConnectionFactoryNS] which is  required  with value[com.topcoder.db.connectionfactory.DBConnectionFactoryImpl] from namespace [com.topcoder.management.project.persistence.link.ProjectLinkMgr].
Read propery[ConnectionName] which is  optional  with value[informix_connection] from namespace [com.topcoder.management.project.persistence.link.ProjectLinkMgr].
read property ConnectionFactoryNS[com.topcoder.db.connectionfactory.DBConnectionFactoryImpl] from the namespace :com.topcoder.management.scorecard.persistence.InformixScorecardPersistence
read property ConnectionName[informix_connection] from the namespace :com.topcoder.management.scorecard.persistence.InformixScorecardPersistence
Instantiate SqlUploadPersistence with connectionFactory and connectioName:informix_connection
Instantiate PersistenceUploadManager with UploadPersistence, uploadSearchBundle, submissionSearchBundle, uploadIdGenerator, uploadTypeIdGenerator, uploadStatusIdGenerator, submissionIDGenerator, submissionStatusIdGenerator and submissionTypeIdGenerator.
Instantiate AbstractResourcePersistence with connectionFactory and connectionName[informix_connection].
load Resource role with ids:[J@d2eead,[J@d2eead,[J@d2eead,[J@d2eead,[J@d2eead,[J@d2eead,[J@d2eead,[J@d2eead,[J@d2eead,[J@d2eead,[J@d2eead,[J@d2eead,[J@d2eead,[J@d2eead,[J@d2eead,[J@d2eead,[J@d2eead,[J@d2eead,[J@d2eead,[J@d2eead,[J@d2eead,[J@d2eead
operator: UnknownresourceId: Unknown - creating db connection using connection name: informix_connection
committing transaction
Read propery[ConnectionFactoryNS] which is  required  with value[com.topcoder.db.connectionfactory.DBConnectionFactoryImpl] from namespace [com.topcoder.management.project.persistence.InformixProjectPersistence].
Read propery[ConnectionName] which is  optional  with value[informix_connection] from namespace [com.topcoder.management.project.persistence.InformixProjectPersistence].
Read propery[ProjectIdSequenceName] which is  optional  with value[project_id_seq] from namespace [com.topcoder.management.project.persistence.InformixProjectPersistence].
Read propery[ProjectAuditIdSequenceName] which is  optional  with value[project_audit_id_seq] from namespace [com.topcoder.management.project.persistence.InformixProjectPersistence].
Read propery[ConnectionFactoryNS] which is  required  with value[com.topcoder.db.connectionfactory.DBConnectionFactoryImpl] from namespace [com.topcoder.management.project.persistence.link.ProjectLinkMgr].
Read propery[ConnectionName] which is  optional  with value[informix_connection] from namespace [com.topcoder.management.project.persistence.link.ProjectLinkMgr].
read property ConnectionFactoryNS[com.topcoder.db.connectionfactory.DBConnectionFactoryImpl] from the namespace :com.topcoder.management.scorecard.persistence.InformixScorecardPersistence
read property ConnectionName[informix_connection] from the namespace :com.topcoder.management.scorecard.persistence.InformixScorecardPersistence
Instantiate SqlUploadPersistence with connectionFactory and connectioName:informix_connection
Instantiate PersistenceUploadManager with UploadPersistence, uploadSearchBundle, submissionSearchBundle, uploadIdGenerator, uploadTypeIdGenerator, uploadStatusIdGenerator, submissionIDGenerator, submissionStatusIdGenerator and submissionTypeIdGenerator.
Instantiate AbstractResourcePersistence with connectionFactory and connectionName[informix_connection].
load Resource role with ids:[J@12dedd,[J@12dedd,[J@12dedd,[J@12dedd,[J@12dedd,[J@12dedd,[J@12dedd,[J@12dedd,[J@12dedd,[J@12dedd,[J@12dedd,[J@12dedd,[J@12dedd,[J@12dedd,[J@12dedd,[J@12dedd,[J@12dedd,[J@12dedd,[J@12dedd,[J@12dedd,[J@12dedd,[J@12dedd
operator: UnknownresourceId: Unknown - creating db connection using connection name: informix_connection
committing transaction
Read propery[ConnectionFactoryNS] which is  required  with value[com.topcoder.db.connectionfactory.DBConnectionFactoryImpl] from namespace [com.topcoder.management.project.persistence.InformixProjectPersistence].
Read propery[ConnectionName] which is  optional  with value[informix_connection] from namespace [com.topcoder.management.project.persistence.InformixProjectPersistence].
Read propery[ProjectIdSequenceName] which is  optional  with value[project_id_seq] from namespace [com.topcoder.management.project.persistence.InformixProjectPersistence].
Read propery[ProjectAuditIdSequenceName] which is  optional  with value[project_audit_id_seq] from namespace [com.topcoder.management.project.persistence.InformixProjectPersistence].
Read propery[ConnectionFactoryNS] which is  required  with value[com.topcoder.db.connectionfactory.DBConnectionFactoryImpl] from namespace [com.topcoder.management.project.persistence.link.ProjectLinkMgr].
Read propery[ConnectionName] which is  optional  with value[informix_connection] from namespace [com.topcoder.management.project.persistence.link.ProjectLinkMgr].
read property ConnectionFactoryNS[com.topcoder.db.connectionfactory.DBConnectionFactoryImpl] from the namespace :com.topcoder.management.scorecard.persistence.InformixScorecardPersistence
read property ConnectionName[informix_connection] from the namespace :com.topcoder.management.scorecard.persistence.InformixScorecardPersistence
Instantiate SqlUploadPersistence with connectionFactory and connectioName:informix_connection
Instantiate PersistenceUploadManager with UploadPersistence, uploadSearchBundle, submissionSearchBundle, uploadIdGenerator, uploadTypeIdGenerator, uploadStatusIdGenerator, submissionIDGenerator, submissionStatusIdGenerator and submissionTypeIdGenerator.
Instantiate AbstractResourcePersistence with connectionFactory and connectionName[informix_connection].
load Resource role with ids:[J@49436a,[J@49436a,[J@49436a,[J@49436a,[J@49436a,[J@49436a,[J@49436a,[J@49436a,[J@49436a,[J@49436a,[J@49436a,[J@49436a,[J@49436a,[J@49436a,[J@49436a,[J@49436a,[J@49436a,[J@49436a,[J@49436a,[J@49436a,[J@49436a,[J@49436a
operator: UnknownresourceId: Unknown - creating db connection using connection name: informix_connection
committing transaction
get projects with the ids: 1
operator: UnknownprojectId: Unknown - creating db connection using connection name: informix_connection
committing transaction
can't open aggregation because there is no winner for project: 1
can't open aggregation because there is no Aggregator for project: 1
Read propery[ConnectionFactoryNS] which is  required  with value[com.topcoder.db.connectionfactory.DBConnectionFactoryImpl] from namespace [com.topcoder.management.project.persistence.InformixProjectPersistence].
Read propery[ConnectionName] which is  optional  with value[informix_connection] from namespace [com.topcoder.management.project.persistence.InformixProjectPersistence].
Read propery[ProjectIdSequenceName] which is  optional  with value[project_id_seq] from namespace [com.topcoder.management.project.persistence.InformixProjectPersistence].
Read propery[ProjectAuditIdSequenceName] which is  optional  with value[project_audit_id_seq] from namespace [com.topcoder.management.project.persistence.InformixProjectPersistence].
Read propery[ConnectionFactoryNS] which is  required  with value[com.topcoder.db.connectionfactory.DBConnectionFactoryImpl] from namespace [com.topcoder.management.project.persistence.link.ProjectLinkMgr].
Read propery[ConnectionName] which is  optional  with value[informix_connection] from namespace [com.topcoder.management.project.persistence.link.ProjectLinkMgr].
read property ConnectionFactoryNS[com.topcoder.db.connectionfactory.DBConnectionFactoryImpl] from the namespace :com.topcoder.management.scorecard.persistence.InformixScorecardPersistence
read property ConnectionName[informix_connection] from the namespace :com.topcoder.management.scorecard.persistence.InformixScorecardPersistence
Instantiate SqlUploadPersistence with connectionFactory and connectioName:informix_connection
Instantiate PersistenceUploadManager with UploadPersistence, uploadSearchBundle, submissionSearchBundle, uploadIdGenerator, uploadTypeIdGenerator, uploadStatusIdGenerator, submissionIDGenerator, submissionStatusIdGenerator and submissionTypeIdGenerator.
Instantiate AbstractResourcePersistence with connectionFactory and connectionName[informix_connection].
load Resource role with ids:[J@a951fa,[J@a951fa,[J@a951fa,[J@a951fa,[J@a951fa,[J@a951fa,[J@a951fa,[J@a951fa,[J@a951fa,[J@a951fa,[J@a951fa,[J@a951fa,[J@a951fa,[J@a951fa,[J@a951fa,[J@a951fa,[J@a951fa,[J@a951fa,[J@a951fa,[J@a951fa,[J@a951fa,[J@a951fa
operator: UnknownresourceId: Unknown - creating db connection using connection name: informix_connection
committing transaction
Read propery[ConnectionFactoryNS] which is  required  with value[com.topcoder.db.connectionfactory.DBConnectionFactoryImpl] from namespace [com.topcoder.management.project.persistence.InformixProjectPersistence].
Read propery[ConnectionName] which is  optional  with value[informix_connection] from namespace [com.topcoder.management.project.persistence.InformixProjectPersistence].
Read propery[ProjectIdSequenceName] which is  optional  with value[project_id_seq] from namespace [com.topcoder.management.project.persistence.InformixProjectPersistence].
Read propery[ProjectAuditIdSequenceName] which is  optional  with value[project_audit_id_seq] from namespace [com.topcoder.management.project.persistence.InformixProjectPersistence].
Read propery[ConnectionFactoryNS] which is  required  with value[com.topcoder.db.connectionfactory.DBConnectionFactoryImpl] from namespace [com.topcoder.management.project.persistence.link.ProjectLinkMgr].
Read propery[ConnectionName] which is  optional  with value[informix_connection] from namespace [com.topcoder.management.project.persistence.link.ProjectLinkMgr].
read property ConnectionFactoryNS[com.topcoder.db.connectionfactory.DBConnectionFactoryImpl] from the namespace :com.topcoder.management.scorecard.persistence.InformixScorecardPersistence
read property ConnectionName[informix_connection] from the namespace :com.topcoder.management.scorecard.persistence.InformixScorecardPersistence
Instantiate SqlUploadPersistence with connectionFactory and connectioName:informix_connection
Instantiate PersistenceUploadManager with UploadPersistence, uploadSearchBundle, submissionSearchBundle, uploadIdGenerator, uploadTypeIdGenerator, uploadStatusIdGenerator, submissionIDGenerator, submissionStatusIdGenerator and submissionTypeIdGenerator.
Instantiate AbstractResourcePersistence with connectionFactory and connectionName[informix_connection].
load Resource role with ids:[J@1021b41,[J@1021b41,[J@1021b41,[J@1021b41,[J@1021b41,[J@1021b41,[J@1021b41,[J@1021b41,[J@1021b41,[J@1021b41,[J@1021b41,[J@1021b41,[J@1021b41,[J@1021b41,[J@1021b41,[J@1021b41,[J@1021b41,[J@1021b41,[J@1021b41,[J@1021b41,[J@1021b41,[J@1021b41
operator: UnknownresourceId: Unknown - creating db connection using connection name: informix_connection
committing transaction
get projects with the ids: 1
operator: UnknownprojectId: Unknown - creating db connection using connection name: informix_connection
committing transaction
can't open aggregation because there is no winner for project: 1
can't open aggregation because there is no Aggregator for project: 1
Read propery[ConnectionFactoryNS] which is  required  with value[com.topcoder.db.connectionfactory.DBConnectionFactoryImpl] from namespace [com.topcoder.management.project.persistence.InformixProjectPersistence].
Read propery[ConnectionName] which is  optional  with value[informix_connection] from namespace [com.topcoder.management.project.persistence.InformixProjectPersistence].
Read propery[ProjectIdSequenceName] which is  optional  with value[project_id_seq] from namespace [com.topcoder.management.project.persistence.InformixProjectPersistence].
Read propery[ProjectAuditIdSequenceName] which is  optional  with value[project_audit_id_seq] from namespace [com.topcoder.management.project.persistence.InformixProjectPersistence].
Read propery[ConnectionFactoryNS] which is  required  with value[com.topcoder.db.connectionfactory.DBConnectionFactoryImpl] from namespace [com.topcoder.management.project.persistence.link.ProjectLinkMgr].
Read propery[ConnectionName] which is  optional  with value[informix_connection] from namespace [com.topcoder.management.project.persistence.link.ProjectLinkMgr].
read property ConnectionFactoryNS[com.topcoder.db.connectionfactory.DBConnectionFactoryImpl] from the namespace :com.topcoder.management.scorecard.persistence.InformixScorecardPersistence
read property ConnectionName[informix_connection] from the namespace :com.topcoder.management.scorecard.persistence.InformixScorecardPersistence
Instantiate SqlUploadPersistence with connectionFactory and connectioName:informix_connection
Instantiate PersistenceUploadManager with UploadPersistence, uploadSearchBundle, submissionSearchBundle, uploadIdGenerator, uploadTypeIdGenerator, uploadStatusIdGenerator, submissionIDGenerator, submissionStatusIdGenerator and submissionTypeIdGenerator.
Instantiate AbstractResourcePersistence with connectionFactory and connectionName[informix_connection].
load Resource role with ids:[J@9776b9,[J@9776b9,[J@9776b9,[J@9776b9,[J@9776b9,[J@9776b9,[J@9776b9,[J@9776b9,[J@9776b9,[J@9776b9,[J@9776b9,[J@9776b9,[J@9776b9,[J@9776b9,[J@9776b9,[J@9776b9,[J@9776b9,[J@9776b9,[J@9776b9,[J@9776b9,[J@9776b9,[J@9776b9
operator: UnknownresourceId: Unknown - creating db connection using connection name: informix_connection
committing transaction
Read propery[ConnectionFactoryNS] which is  required  with value[com.topcoder.db.connectionfactory.DBConnectionFactoryImpl] from namespace [com.topcoder.management.project.persistence.InformixProjectPersistence].
Read propery[ConnectionName] which is  optional  with value[informix_connection] from namespace [com.topcoder.management.project.persistence.InformixProjectPersistence].
Read propery[ProjectIdSequenceName] which is  optional  with value[project_id_seq] from namespace [com.topcoder.management.project.persistence.InformixProjectPersistence].
Read propery[ProjectAuditIdSequenceName] which is  optional  with value[project_audit_id_seq] from namespace [com.topcoder.management.project.persistence.InformixProjectPersistence].
Read propery[ConnectionFactoryNS] which is  required  with value[com.topcoder.db.connectionfactory.DBConnectionFactoryImpl] from namespace [com.topcoder.management.project.persistence.link.ProjectLinkMgr].
Read propery[ConnectionName] which is  optional  with value[informix_connection] from namespace [com.topcoder.management.project.persistence.link.ProjectLinkMgr].
read property ConnectionFactoryNS[com.topcoder.db.connectionfactory.DBConnectionFactoryImpl] from the namespace :com.topcoder.management.scorecard.persistence.InformixScorecardPersistence
read property ConnectionName[informix_connection] from the namespace :com.topcoder.management.scorecard.persistence.InformixScorecardPersistence
Instantiate SqlUploadPersistence with connectionFactory and connectioName:informix_connection
Instantiate PersistenceUploadManager with UploadPersistence, uploadSearchBundle, submissionSearchBundle, uploadIdGenerator, uploadTypeIdGenerator, uploadStatusIdGenerator, submissionIDGenerator, submissionStatusIdGenerator and submissionTypeIdGenerator.
Instantiate AbstractResourcePersistence with connectionFactory and connectionName[informix_connection].
load Resource role with ids:[J@189ec1,[J@189ec1,[J@189ec1,[J@189ec1,[J@189ec1,[J@189ec1,[J@189ec1,[J@189ec1,[J@189ec1,[J@189ec1,[J@189ec1,[J@189ec1,[J@189ec1,[J@189ec1,[J@189ec1,[J@189ec1,[J@189ec1,[J@189ec1,[J@189ec1,[J@189ec1,[J@189ec1,[J@189ec1
operator: UnknownresourceId: Unknown - creating db connection using connection name: informix_connection
committing transaction
Read propery[ConnectionFactoryNS] which is  required  with value[com.topcoder.db.connectionfactory.DBConnectionFactoryImpl] from namespace [com.topcoder.management.project.persistence.InformixProjectPersistence].
Read propery[ConnectionName] which is  optional  with value[informix_connection] from namespace [com.topcoder.management.project.persistence.InformixProjectPersistence].
Read propery[ProjectIdSequenceName] which is  optional  with value[project_id_seq] from namespace [com.topcoder.management.project.persistence.InformixProjectPersistence].
Read propery[ProjectAuditIdSequenceName] which is  optional  with value[project_audit_id_seq] from namespace [com.topcoder.management.project.persistence.InformixProjectPersistence].
Read propery[ConnectionFactoryNS] which is  required  with value[com.topcoder.db.connectionfactory.DBConnectionFactoryImpl] from namespace [com.topcoder.management.project.persistence.link.ProjectLinkMgr].
Read propery[ConnectionName] which is  optional  with value[informix_connection] from namespace [com.topcoder.management.project.persistence.link.ProjectLinkMgr].
read property ConnectionFactoryNS[com.topcoder.db.connectionfactory.DBConnectionFactoryImpl] from the namespace :com.topcoder.management.scorecard.persistence.InformixScorecardPersistence
read property ConnectionName[informix_connection] from the namespace :com.topcoder.management.scorecard.persistence.InformixScorecardPersistence
Instantiate SqlUploadPersistence with connectionFactory and connectioName:informix_connection
Instantiate PersistenceUploadManager with UploadPersistence, uploadSearchBundle, submissionSearchBundle, uploadIdGenerator, uploadTypeIdGenerator, uploadStatusIdGenerator, submissionIDGenerator, submissionStatusIdGenerator and submissionTypeIdGenerator.
Instantiate AbstractResourcePersistence with connectionFactory and connectionName[informix_connection].
load Resource role with ids:[J@b0f62e,[J@b0f62e,[J@b0f62e,[J@b0f62e,[J@b0f62e,[J@b0f62e,[J@b0f62e,[J@b0f62e,[J@b0f62e,[J@b0f62e,[J@b0f62e,[J@b0f62e,[J@b0f62e,[J@b0f62e,[J@b0f62e,[J@b0f62e,[J@b0f62e,[J@b0f62e,[J@b0f62e,[J@b0f62e,[J@b0f62e,[J@b0f62e
operator: UnknownresourceId: Unknown - creating db connection using connection name: informix_connection
committing transaction
Read propery[ConnectionFactoryNS] which is  required  with value[com.topcoder.db.connectionfactory.DBConnectionFactoryImpl] from namespace [com.topcoder.management.project.persistence.InformixProjectPersistence].
Read propery[ConnectionName] which is  optional  with value[informix_connection] from namespace [com.topcoder.management.project.persistence.InformixProjectPersistence].
Read propery[ProjectIdSequenceName] which is  optional  with value[project_id_seq] from namespace [com.topcoder.management.project.persistence.InformixProjectPersistence].
Read propery[ProjectAuditIdSequenceName] which is  optional  with value[project_audit_id_seq] from namespace [com.topcoder.management.project.persistence.InformixProjectPersistence].
Read propery[ConnectionFactoryNS] which is  required  with value[com.topcoder.db.connectionfactory.DBConnectionFactoryImpl] from namespace [com.topcoder.management.project.persistence.link.ProjectLinkMgr].
Read propery[ConnectionName] which is  optional  with value[informix_connection] from namespace [com.topcoder.management.project.persistence.link.ProjectLinkMgr].
read property ConnectionFactoryNS[com.topcoder.db.connectionfactory.DBConnectionFactoryImpl] from the namespace :com.topcoder.management.scorecard.persistence.InformixScorecardPersistence
read property ConnectionName[informix_connection] from the namespace :com.topcoder.management.scorecard.persistence.InformixScorecardPersistence
Instantiate SqlUploadPersistence with connectionFactory and connectioName:informix_connection
Instantiate PersistenceUploadManager with UploadPersistence, uploadSearchBundle, submissionSearchBundle, uploadIdGenerator, uploadTypeIdGenerator, uploadStatusIdGenerator, submissionIDGenerator, submissionStatusIdGenerator and submissionTypeIdGenerator.
Instantiate AbstractResourcePersistence with connectionFactory and connectionName[informix_connection].
load Resource role with ids:[J@5e119c,[J@5e119c,[J@5e119c,[J@5e119c,[J@5e119c,[J@5e119c,[J@5e119c,[J@5e119c,[J@5e119c,[J@5e119c,[J@5e119c,[J@5e119c,[J@5e119c,[J@5e119c,[J@5e119c,[J@5e119c,[J@5e119c,[J@5e119c,[J@5e119c,[J@5e119c,[J@5e119c,[J@5e119c
operator: UnknownresourceId: Unknown - creating db connection using connection name: informix_connection
committing transaction
Read propery[ConnectionFactoryNS] which is  required  with value[com.topcoder.db.connectionfactory.DBConnectionFactoryImpl] from namespace [com.topcoder.management.project.persistence.InformixProjectPersistence].
Read propery[ConnectionName] which is  optional  with value[informix_connection] from namespace [com.topcoder.management.project.persistence.InformixProjectPersistence].
Read propery[ProjectIdSequenceName] which is  optional  with value[project_id_seq] from namespace [com.topcoder.management.project.persistence.InformixProjectPersistence].
Read propery[ProjectAuditIdSequenceName] which is  optional  with value[project_audit_id_seq] from namespace [com.topcoder.management.project.persistence.InformixProjectPersistence].
Read propery[ConnectionFactoryNS] which is  required  with value[com.topcoder.db.connectionfactory.DBConnectionFactoryImpl] from namespace [com.topcoder.management.project.persistence.link.ProjectLinkMgr].
Read propery[ConnectionName] which is  optional  with value[informix_connection] from namespace [com.topcoder.management.project.persistence.link.ProjectLinkMgr].
read property ConnectionFactoryNS[com.topcoder.db.connectionfactory.DBConnectionFactoryImpl] from the namespace :com.topcoder.management.scorecard.persistence.InformixScorecardPersistence
read property ConnectionName[informix_connection] from the namespace :com.topcoder.management.scorecard.persistence.InformixScorecardPersistence
Instantiate SqlUploadPersistence with connectionFactory and connectioName:informix_connection
Instantiate PersistenceUploadManager with UploadPersistence, uploadSearchBundle, submissionSearchBundle, uploadIdGenerator, uploadTypeIdGenerator, uploadStatusIdGenerator, submissionIDGenerator, submissionStatusIdGenerator and submissionTypeIdGenerator.
Instantiate AbstractResourcePersistence with connectionFactory and connectionName[informix_connection].
load Resource role with ids:[J@124a0db,[J@124a0db,[J@124a0db,[J@124a0db,[J@124a0db,[J@124a0db,[J@124a0db,[J@124a0db,[J@124a0db,[J@124a0db,[J@124a0db,[J@124a0db,[J@124a0db,[J@124a0db,[J@124a0db,[J@124a0db,[J@124a0db,[J@124a0db,[J@124a0db,[J@124a0db,[J@124a0db,[J@124a0db
operator: UnknownresourceId: Unknown - creating db connection using connection name: informix_connection
committing transaction
Read propery[ConnectionFactoryNS] which is  required  with value[com.topcoder.db.connectionfactory.DBConnectionFactoryImpl] from namespace [com.topcoder.management.project.persistence.InformixProjectPersistence].
Read propery[ConnectionName] which is  optional  with value[informix_connection] from namespace [com.topcoder.management.project.persistence.InformixProjectPersistence].
Read propery[ProjectIdSequenceName] which is  optional  with value[project_id_seq] from namespace [com.topcoder.management.project.persistence.InformixProjectPersistence].
Read propery[ProjectAuditIdSequenceName] which is  optional  with value[project_audit_id_seq] from namespace [com.topcoder.management.project.persistence.InformixProjectPersistence].
Read propery[ConnectionFactoryNS] which is  required  with value[com.topcoder.db.connectionfactory.DBConnectionFactoryImpl] from namespace [com.topcoder.management.project.persistence.link.ProjectLinkMgr].
Read propery[ConnectionName] which is  optional  with value[informix_connection] from namespace [com.topcoder.management.project.persistence.link.ProjectLinkMgr].
read property ConnectionFactoryNS[com.topcoder.db.connectionfactory.DBConnectionFactoryImpl] from the namespace :com.topcoder.management.scorecard.persistence.InformixScorecardPersistence
read property ConnectionName[informix_connection] from the namespace :com.topcoder.management.scorecard.persistence.InformixScorecardPersistence
Instantiate SqlUploadPersistence with connectionFactory and connectioName:informix_connection
Instantiate PersistenceUploadManager with UploadPersistence, uploadSearchBundle, submissionSearchBundle, uploadIdGenerator, uploadTypeIdGenerator, uploadStatusIdGenerator, submissionIDGenerator, submissionStatusIdGenerator and submissionTypeIdGenerator.
Instantiate AbstractResourcePersistence with connectionFactory and connectionName[informix_connection].
load Resource role with ids:[J@173ef79,[J@173ef79,[J@173ef79,[J@173ef79,[J@173ef79,[J@173ef79,[J@173ef79,[J@173ef79,[J@173ef79,[J@173ef79,[J@173ef79,[J@173ef79,[J@173ef79,[J@173ef79,[J@173ef79,[J@173ef79,[J@173ef79,[J@173ef79,[J@173ef79,[J@173ef79,[J@173ef79,[J@173ef79
operator: UnknownresourceId: Unknown - creating db connection using connection name: informix_connection
committing transaction
Read propery[ConnectionFactoryNS] which is  required  with value[com.topcoder.db.connectionfactory.DBConnectionFactoryImpl] from namespace [com.topcoder.management.project.persistence.InformixProjectPersistence].
Read propery[ConnectionName] which is  optional  with value[informix_connection] from namespace [com.topcoder.management.project.persistence.InformixProjectPersistence].
Read propery[ProjectIdSequenceName] which is  optional  with value[project_id_seq] from namespace [com.topcoder.management.project.persistence.InformixProjectPersistence].
Read propery[ProjectAuditIdSequenceName] which is  optional  with value[project_audit_id_seq] from namespace [com.topcoder.management.project.persistence.InformixProjectPersistence].
Read propery[ConnectionFactoryNS] which is  required  with value[com.topcoder.db.connectionfactory.DBConnectionFactoryImpl] from namespace [com.topcoder.management.project.persistence.link.ProjectLinkMgr].
Read propery[ConnectionName] which is  optional  with value[informix_connection] from namespace [com.topcoder.management.project.persistence.link.ProjectLinkMgr].
read property ConnectionFactoryNS[com.topcoder.db.connectionfactory.DBConnectionFactoryImpl] from the namespace :com.topcoder.management.scorecard.persistence.InformixScorecardPersistence
read property ConnectionName[informix_connection] from the namespace :com.topcoder.management.scorecard.persistence.InformixScorecardPersistence
Instantiate SqlUploadPersistence with connectionFactory and connectioName:informix_connection
Instantiate PersistenceUploadManager with UploadPersistence, uploadSearchBundle, submissionSearchBundle, uploadIdGenerator, uploadTypeIdGenerator, uploadStatusIdGenerator, submissionIDGenerator, submissionStatusIdGenerator and submissionTypeIdGenerator.
Instantiate AbstractResourcePersistence with connectionFactory and connectionName[informix_connection].
load Resource role with ids:[J@1c71daa,[J@1c71daa,[J@1c71daa,[J@1c71daa,[J@1c71daa,[J@1c71daa,[J@1c71daa,[J@1c71daa,[J@1c71daa,[J@1c71daa,[J@1c71daa,[J@1c71daa,[J@1c71daa,[J@1c71daa,[J@1c71daa,[J@1c71daa,[J@1c71daa,[J@1c71daa,[J@1c71daa,[J@1c71daa,[J@1c71daa,[J@1c71daa
operator: UnknownresourceId: Unknown - creating db connection using connection name: informix_connection
committing transaction
Read propery[ConnectionFactoryNS] which is  required  with value[com.topcoder.db.connectionfactory.DBConnectionFactoryImpl] from namespace [com.topcoder.management.project.persistence.InformixProjectPersistence].
Read propery[ConnectionName] which is  optional  with value[informix_connection] from namespace [com.topcoder.management.project.persistence.InformixProjectPersistence].
Read propery[ProjectIdSequenceName] which is  optional  with value[project_id_seq] from namespace [com.topcoder.management.project.persistence.InformixProjectPersistence].
Read propery[ProjectAuditIdSequenceName] which is  optional  with value[project_audit_id_seq] from namespace [com.topcoder.management.project.persistence.InformixProjectPersistence].
Read propery[ConnectionFactoryNS] which is  required  with value[com.topcoder.db.connectionfactory.DBConnectionFactoryImpl] from namespace [com.topcoder.management.project.persistence.link.ProjectLinkMgr].
Read propery[ConnectionName] which is  optional  with value[informix_connection] from namespace [com.topcoder.management.project.persistence.link.ProjectLinkMgr].
read property ConnectionFactoryNS[com.topcoder.db.connectionfactory.DBConnectionFactoryImpl] from the namespace :com.topcoder.management.scorecard.persistence.InformixScorecardPersistence
read property ConnectionName[informix_connection] from the namespace :com.topcoder.management.scorecard.persistence.InformixScorecardPersistence
Instantiate SqlUploadPersistence with connectionFactory and connectioName:informix_connection
Instantiate PersistenceUploadManager with UploadPersistence, uploadSearchBundle, submissionSearchBundle, uploadIdGenerator, uploadTypeIdGenerator, uploadStatusIdGenerator, submissionIDGenerator, submissionStatusIdGenerator and submissionTypeIdGenerator.
Instantiate AbstractResourcePersistence with connectionFactory and connectionName[informix_connection].
load Resource role with ids:[J@4d26c,[J@4d26c,[J@4d26c,[J@4d26c,[J@4d26c,[J@4d26c,[J@4d26c,[J@4d26c,[J@4d26c,[J@4d26c,[J@4d26c,[J@4d26c,[J@4d26c,[J@4d26c,[J@4d26c,[J@4d26c,[J@4d26c,[J@4d26c,[J@4d26c,[J@4d26c,[J@4d26c,[J@4d26c
operator: UnknownresourceId: Unknown - creating db connection using connection name: informix_connection
committing transaction
Read propery[ConnectionFactoryNS] which is  required  with value[com.topcoder.db.connectionfactory.DBConnectionFactoryImpl] from namespace [com.topcoder.management.project.persistence.InformixProjectPersistence].
Read propery[ConnectionName] which is  optional  with value[informix_connection] from namespace [com.topcoder.management.project.persistence.InformixProjectPersistence].
Read propery[ProjectIdSequenceName] which is  optional  with value[project_id_seq] from namespace [com.topcoder.management.project.persistence.InformixProjectPersistence].
Read propery[ProjectAuditIdSequenceName] which is  optional  with value[project_audit_id_seq] from namespace [com.topcoder.management.project.persistence.InformixProjectPersistence].
Read propery[ConnectionFactoryNS] which is  required  with value[com.topcoder.db.connectionfactory.DBConnectionFactoryImpl] from namespace [com.topcoder.management.project.persistence.link.ProjectLinkMgr].
Read propery[ConnectionName] which is  optional  with value[informix_connection] from namespace [com.topcoder.management.project.persistence.link.ProjectLinkMgr].
read property ConnectionFactoryNS[com.topcoder.db.connectionfactory.DBConnectionFactoryImpl] from the namespace :com.topcoder.management.scorecard.persistence.InformixScorecardPersistence
read property ConnectionName[informix_connection] from the namespace :com.topcoder.management.scorecard.persistence.InformixScorecardPersistence
Instantiate SqlUploadPersistence with connectionFactory and connectioName:informix_connection
Instantiate PersistenceUploadManager with UploadPersistence, uploadSearchBundle, submissionSearchBundle, uploadIdGenerator, uploadTypeIdGenerator, uploadStatusIdGenerator, submissionIDGenerator, submissionStatusIdGenerator and submissionTypeIdGenerator.
Instantiate AbstractResourcePersistence with connectionFactory and connectionName[informix_connection].
load Resource role with ids:[J@e5988b,[J@e5988b,[J@e5988b,[J@e5988b,[J@e5988b,[J@e5988b,[J@e5988b,[J@e5988b,[J@e5988b,[J@e5988b,[J@e5988b,[J@e5988b,[J@e5988b,[J@e5988b,[J@e5988b,[J@e5988b,[J@e5988b,[J@e5988b,[J@e5988b,[J@e5988b,[J@e5988b,[J@e5988b
operator: UnknownresourceId: Unknown - creating db connection using connection name: informix_connection
committing transaction
Read propery[ConnectionFactoryNS] which is  required  with value[com.topcoder.db.connectionfactory.DBConnectionFactoryImpl] from namespace [com.topcoder.management.project.persistence.InformixProjectPersistence].
Read propery[ConnectionName] which is  optional  with value[informix_connection] from namespace [com.topcoder.management.project.persistence.InformixProjectPersistence].
Read propery[ProjectIdSequenceName] which is  optional  with value[project_id_seq] from namespace [com.topcoder.management.project.persistence.InformixProjectPersistence].
Read propery[ProjectAuditIdSequenceName] which is  optional  with value[project_audit_id_seq] from namespace [com.topcoder.management.project.persistence.InformixProjectPersistence].
Read propery[ConnectionFactoryNS] which is  required  with value[com.topcoder.db.connectionfactory.DBConnectionFactoryImpl] from namespace [com.topcoder.management.project.persistence.link.ProjectLinkMgr].
Read propery[ConnectionName] which is  optional  with value[informix_connection] from namespace [com.topcoder.management.project.persistence.link.ProjectLinkMgr].
read property ConnectionFactoryNS[com.topcoder.db.connectionfactory.DBConnectionFactoryImpl] from the namespace :com.topcoder.management.scorecard.persistence.InformixScorecardPersistence
read property ConnectionName[informix_connection] from the namespace :com.topcoder.management.scorecard.persistence.InformixScorecardPersistence
Instantiate SqlUploadPersistence with connectionFactory and connectioName:informix_connection
Instantiate PersistenceUploadManager with UploadPersistence, uploadSearchBundle, submissionSearchBundle, uploadIdGenerator, uploadTypeIdGenerator, uploadStatusIdGenerator, submissionIDGenerator, submissionStatusIdGenerator and submissionTypeIdGenerator.
Instantiate AbstractResourcePersistence with connectionFactory and connectionName[informix_connection].
load Resource role with ids:[J@11abd16,[J@11abd16,[J@11abd16,[J@11abd16,[J@11abd16,[J@11abd16,[J@11abd16,[J@11abd16,[J@11abd16,[J@11abd16,[J@11abd16,[J@11abd16,[J@11abd16,[J@11abd16,[J@11abd16,[J@11abd16,[J@11abd16,[J@11abd16,[J@11abd16,[J@11abd16,[J@11abd16,[J@11abd16
operator: UnknownresourceId: Unknown - creating db connection using connection name: informix_connection
committing transaction
type: Upload id: Unknown operator:Unknown - search submissions with filter. found: 0
no reviewrs for project: 1
pid: 1 - PhasesHelper.arePhaseDependenciesMet(phase, false): false
pid: 1 - allReviewsDone(phase): false
pid: 1 - allTestCasesUploaded(phase): true
Read propery[ConnectionFactoryNS] which is  required  with value[com.topcoder.db.connectionfactory.DBConnectionFactoryImpl] from namespace [com.topcoder.management.project.persistence.InformixProjectPersistence].
Read propery[ConnectionName] which is  optional  with value[informix_connection] from namespace [com.topcoder.management.project.persistence.InformixProjectPersistence].
Read propery[ProjectIdSequenceName] which is  optional  with value[project_id_seq] from namespace [com.topcoder.management.project.persistence.InformixProjectPersistence].
Read propery[ProjectAuditIdSequenceName] which is  optional  with value[project_audit_id_seq] from namespace [com.topcoder.management.project.persistence.InformixProjectPersistence].
Read propery[ConnectionFactoryNS] which is  required  with value[com.topcoder.db.connectionfactory.DBConnectionFactoryImpl] from namespace [com.topcoder.management.project.persistence.link.ProjectLinkMgr].
Read propery[ConnectionName] which is  optional  with value[informix_connection] from namespace [com.topcoder.management.project.persistence.link.ProjectLinkMgr].
read property ConnectionFactoryNS[com.topcoder.db.connectionfactory.DBConnectionFactoryImpl] from the namespace :com.topcoder.management.scorecard.persistence.InformixScorecardPersistence
read property ConnectionName[informix_connection] from the namespace :com.topcoder.management.scorecard.persistence.InformixScorecardPersistence
Instantiate SqlUploadPersistence with connectionFactory and connectioName:informix_connection
Instantiate PersistenceUploadManager with UploadPersistence, uploadSearchBundle, submissionSearchBundle, uploadIdGenerator, uploadTypeIdGenerator, uploadStatusIdGenerator, submissionIDGenerator, submissionStatusIdGenerator and submissionTypeIdGenerator.
Instantiate AbstractResourcePersistence with connectionFactory and connectionName[informix_connection].
load Resource role with ids:[J@54be29,[J@54be29,[J@54be29,[J@54be29,[J@54be29,[J@54be29,[J@54be29,[J@54be29,[J@54be29,[J@54be29,[J@54be29,[J@54be29,[J@54be29,[J@54be29,[J@54be29,[J@54be29,[J@54be29,[J@54be29,[J@54be29,[J@54be29,[J@54be29,[J@54be29
operator: UnknownresourceId: Unknown - creating db connection using connection name: informix_connection
committing transaction
Read propery[ConnectionFactoryNS] which is  required  with value[com.topcoder.db.connectionfactory.DBConnectionFactoryImpl] from namespace [com.topcoder.management.project.persistence.InformixProjectPersistence].
Read propery[ConnectionName] which is  optional  with value[informix_connection] from namespace [com.topcoder.management.project.persistence.InformixProjectPersistence].
Read propery[ProjectIdSequenceName] which is  optional  with value[project_id_seq] from namespace [com.topcoder.management.project.persistence.InformixProjectPersistence].
Read propery[ProjectAuditIdSequenceName] which is  optional  with value[project_audit_id_seq] from namespace [com.topcoder.management.project.persistence.InformixProjectPersistence].
Read propery[ConnectionFactoryNS] which is  required  with value[com.topcoder.db.connectionfactory.DBConnectionFactoryImpl] from namespace [com.topcoder.management.project.persistence.link.ProjectLinkMgr].
Read propery[ConnectionName] which is  optional  with value[informix_connection] from namespace [com.topcoder.management.project.persistence.link.ProjectLinkMgr].
read property ConnectionFactoryNS[com.topcoder.db.connectionfactory.DBConnectionFactoryImpl] from the namespace :com.topcoder.management.scorecard.persistence.InformixScorecardPersistence
read property ConnectionName[informix_connection] from the namespace :com.topcoder.management.scorecard.persistence.InformixScorecardPersistence
Instantiate SqlUploadPersistence with connectionFactory and connectioName:informix_connection
Instantiate PersistenceUploadManager with UploadPersistence, uploadSearchBundle, submissionSearchBundle, uploadIdGenerator, uploadTypeIdGenerator, uploadStatusIdGenerator, submissionIDGenerator, submissionStatusIdGenerator and submissionTypeIdGenerator.
Instantiate AbstractResourcePersistence with connectionFactory and connectionName[informix_connection].
load Resource role with ids:[J@1ed679d,[J@1ed679d,[J@1ed679d,[J@1ed679d,[J@1ed679d,[J@1ed679d,[J@1ed679d,[J@1ed679d,[J@1ed679d,[J@1ed679d,[J@1ed679d,[J@1ed679d,[J@1ed679d,[J@1ed679d,[J@1ed679d,[J@1ed679d,[J@1ed679d,[J@1ed679d,[J@1ed679d,[J@1ed679d,[J@1ed679d,[J@1ed679d
operator: UnknownresourceId: Unknown - creating db connection using connection name: informix_connection
committing transaction
load Resource with ids:[J@54b3a1
operator: UnknownresourceId: Unknown - creating db connection using connection name: informix_connection
load ResourceRole with id:9
operator: UnknownresourceId: Unknown - creating db connection using connection name: informix_connection
committing transaction
committing transaction
load Resource with ids:[J@311578
operator: UnknownresourceId: Unknown - creating db connection using connection name: informix_connection
load ResourceRole with id:9
operator: UnknownresourceId: Unknown - creating db connection using connection name: informix_connection
committing transaction
committing transaction
operator: UnknownresourceId: 57 - add new resource to the project [id=1] with role :Final Reviewer in the [id=1384] phase.
operator: UnknownresourceId: Unknown - creating db connection using connection name: informix_connection
insert a record into resource with resource id : 57
insert a record into the resource_submission with resource_id:57 and submission_id:[Ljava.lang.Long;@78adb2
insert a record into the resource_info table with resource_id = 57 and resource_info_type_id =1 value = 2
insert a record into the resource_info table with resource_id = 57 and resource_info_type_id =7 value = 0
committing transaction
load Notifications with array of userIds/projectIds/notificationTypes.
operator: UnknownresourceId: Unknown - creating db connection using connection name: informix_connection
committing transaction
get projects with the ids: 1
operator: UnknownprojectId: Unknown - creating db connection using connection name: informix_connection
committing transaction
load Resource role with ids:[J@1028bb5,[J@1028bb5,[J@1028bb5,[J@1028bb5,[J@1028bb5,[J@1028bb5,[J@1028bb5,[J@1028bb5,[J@1028bb5,[J@1028bb5,[J@1028bb5,[J@1028bb5,[J@1028bb5,[J@1028bb5,[J@1028bb5,[J@1028bb5,[J@1028bb5,[J@1028bb5,[J@1028bb5,[J@1028bb5,[J@1028bb5,[J@1028bb5
operator: UnknownresourceId: Unknown - creating db connection using connection name: informix_connection
committing transaction
load Resource with ids:[J@1cb263a
operator: UnknownresourceId: Unknown - creating db connection using connection name: informix_connection
load ResourceRole with id:4
operator: UnknownresourceId: Unknown - creating db connection using connection name: informix_connection
committing transaction
committing transaction
load Resource with ids:[J@a81b43
operator: UnknownresourceId: Unknown - creating db connection using connection name: informix_connection
load ResourceRole with id:12
operator: UnknownresourceId: Unknown - creating db connection using connection name: informix_connection
committing transaction
committing transaction
load Resource with ids:[J@f0c79f
operator: UnknownresourceId: Unknown - creating db connection using connection name: informix_connection
load ResourceRole with id:13
operator: UnknownresourceId: Unknown - creating db connection using connection name: informix_connection
committing transaction
committing transaction
load Resource with ids:[J@c918ef,[J@c918ef,[J@c918ef
operator: UnknownresourceId: Unknown - creating db connection using connection name: informix_connection
load ResourceRole with id:9
operator: UnknownresourceId: Unknown - creating db connection using connection name: informix_connection
committing transaction
load ResourceRole with id:9
operator: UnknownresourceId: Unknown - creating db connection using connection name: informix_connection
committing transaction
load ResourceRole with id:9
operator: UnknownresourceId: Unknown - creating db connection using connection name: informix_connection
committing transaction
committing transaction
operator: UnknownresourceId: 100001 - load resource.
operator: UnknownresourceId: Unknown - creating db connection using connection name: informix_connection
load ResourceRole with id:4
operator: UnknownresourceId: Unknown - creating db connection using connection name: informix_connection
committing transaction
committing transaction
operator: UnknownresourceId: 100000 - load resource.
operator: UnknownresourceId: Unknown - creating db connection using connection name: informix_connection
load ResourceRole with id:13
operator: UnknownresourceId: Unknown - creating db connection using connection name: informix_connection
committing transaction
committing transaction
Read propery[ConnectionFactoryNS] which is  required  with value[com.topcoder.db.connectionfactory.DBConnectionFactoryImpl] from namespace [com.topcoder.management.project.persistence.InformixProjectPersistence].
Read propery[ConnectionName] which is  optional  with value[informix_connection] from namespace [com.topcoder.management.project.persistence.InformixProjectPersistence].
Read propery[ProjectIdSequenceName] which is  optional  with value[project_id_seq] from namespace [com.topcoder.management.project.persistence.InformixProjectPersistence].
Read propery[ProjectAuditIdSequenceName] which is  optional  with value[project_audit_id_seq] from namespace [com.topcoder.management.project.persistence.InformixProjectPersistence].
Read propery[ConnectionFactoryNS] which is  required  with value[com.topcoder.db.connectionfactory.DBConnectionFactoryImpl] from namespace [com.topcoder.management.project.persistence.link.ProjectLinkMgr].
Read propery[ConnectionName] which is  optional  with value[informix_connection] from namespace [com.topcoder.management.project.persistence.link.ProjectLinkMgr].
read property ConnectionFactoryNS[com.topcoder.db.connectionfactory.DBConnectionFactoryImpl] from the namespace :com.topcoder.management.scorecard.persistence.InformixScorecardPersistence
read property ConnectionName[informix_connection] from the namespace :com.topcoder.management.scorecard.persistence.InformixScorecardPersistence
Instantiate SqlUploadPersistence with connectionFactory and connectioName:informix_connection
Instantiate PersistenceUploadManager with UploadPersistence, uploadSearchBundle, submissionSearchBundle, uploadIdGenerator, uploadTypeIdGenerator, uploadStatusIdGenerator, submissionIDGenerator, submissionStatusIdGenerator and submissionTypeIdGenerator.
Instantiate AbstractResourcePersistence with connectionFactory and connectionName[informix_connection].
load Resource role with ids:[J@b666bb,[J@b666bb,[J@b666bb,[J@b666bb,[J@b666bb,[J@b666bb,[J@b666bb,[J@b666bb,[J@b666bb,[J@b666bb,[J@b666bb,[J@b666bb,[J@b666bb,[J@b666bb,[J@b666bb,[J@b666bb,[J@b666bb,[J@b666bb,[J@b666bb,[J@b666bb,[J@b666bb,[J@b666bb
operator: UnknownresourceId: Unknown - creating db connection using connection name: informix_connection
committing transaction
load Resource with ids:[J@6a67dc
operator: UnknownresourceId: Unknown - creating db connection using connection name: informix_connection
load ResourceRole with id:9
operator: UnknownresourceId: Unknown - creating db connection using connection name: informix_connection
committing transaction
committing transaction
get projects with the ids: 1
operator: UnknownprojectId: Unknown - creating db connection using connection name: informix_connection
committing transaction
load Notifications with array of userIds/projectIds/notificationTypes.
operator: UnknownresourceId: Unknown - creating db connection using connection name: informix_connection
committing transaction
get projects with the ids: 1
operator: UnknownprojectId: Unknown - creating db connection using connection name: informix_connection
committing transaction
load Resource role with ids:[J@19f9c92,[J@19f9c92,[J@19f9c92,[J@19f9c92,[J@19f9c92,[J@19f9c92,[J@19f9c92,[J@19f9c92,[J@19f9c92,[J@19f9c92,[J@19f9c92,[J@19f9c92,[J@19f9c92,[J@19f9c92,[J@19f9c92,[J@19f9c92,[J@19f9c92,[J@19f9c92,[J@19f9c92,[J@19f9c92,[J@19f9c92,[J@19f9c92
operator: UnknownresourceId: Unknown - creating db connection using connection name: informix_connection
committing transaction
load Resource with ids:[J@18134b
operator: UnknownresourceId: Unknown - creating db connection using connection name: informix_connection
load ResourceRole with id:4
operator: UnknownresourceId: Unknown - creating db connection using connection name: informix_connection
committing transaction
committing transaction
load Resource with ids:[J@1a68068
operator: UnknownresourceId: Unknown - creating db connection using connection name: informix_connection
load ResourceRole with id:12
operator: UnknownresourceId: Unknown - creating db connection using connection name: informix_connection
committing transaction
committing transaction
load Resource with ids:[J@671557
operator: UnknownresourceId: Unknown - creating db connection using connection name: informix_connection
load ResourceRole with id:13
operator: UnknownresourceId: Unknown - creating db connection using connection name: informix_connection
committing transaction
committing transaction
load Resource with ids:[J@1d6687a,[J@1d6687a
operator: UnknownresourceId: Unknown - creating db connection using connection name: informix_connection
load ResourceRole with id:9
operator: UnknownresourceId: Unknown - creating db connection using connection name: informix_connection
committing transaction
load ResourceRole with id:9
operator: UnknownresourceId: Unknown - creating db connection using connection name: informix_connection
committing transaction
committing transaction
operator: UnknownresourceId: 100001 - load resource.
operator: UnknownresourceId: Unknown - creating db connection using connection name: informix_connection
load ResourceRole with id:4
operator: UnknownresourceId: Unknown - creating db connection using connection name: informix_connection
committing transaction
committing transaction
operator: UnknownresourceId: 100000 - load resource.
operator: UnknownresourceId: Unknown - creating db connection using connection name: informix_connection
load ResourceRole with id:13
operator: UnknownresourceId: Unknown - creating db connection using connection name: informix_connection
committing transaction
committing transaction
Read propery[ConnectionFactoryNS] which is  required  with value[com.topcoder.db.connectionfactory.DBConnectionFactoryImpl] from namespace [com.topcoder.management.project.persistence.InformixProjectPersistence].
Read propery[ConnectionName] which is  optional  with value[informix_connection] from namespace [com.topcoder.management.project.persistence.InformixProjectPersistence].
Read propery[ProjectIdSequenceName] which is  optional  with value[project_id_seq] from namespace [com.topcoder.management.project.persistence.InformixProjectPersistence].
Read propery[ProjectAuditIdSequenceName] which is  optional  with value[project_audit_id_seq] from namespace [com.topcoder.management.project.persistence.InformixProjectPersistence].
Read propery[ConnectionFactoryNS] which is  required  with value[com.topcoder.db.connectionfactory.DBConnectionFactoryImpl] from namespace [com.topcoder.management.project.persistence.link.ProjectLinkMgr].
Read propery[ConnectionName] which is  optional  with value[informix_connection] from namespace [com.topcoder.management.project.persistence.link.ProjectLinkMgr].
read property ConnectionFactoryNS[com.topcoder.db.connectionfactory.DBConnectionFactoryImpl] from the namespace :com.topcoder.management.scorecard.persistence.InformixScorecardPersistence
read property ConnectionName[informix_connection] from the namespace :com.topcoder.management.scorecard.persistence.InformixScorecardPersistence
Instantiate SqlUploadPersistence with connectionFactory and connectioName:informix_connection
Instantiate PersistenceUploadManager with UploadPersistence, uploadSearchBundle, submissionSearchBundle, uploadIdGenerator, uploadTypeIdGenerator, uploadStatusIdGenerator, submissionIDGenerator, submissionStatusIdGenerator and submissionTypeIdGenerator.
Instantiate AbstractResourcePersistence with connectionFactory and connectionName[informix_connection].
load Resource role with ids:[J@c5e029,[J@c5e029,[J@c5e029,[J@c5e029,[J@c5e029,[J@c5e029,[J@c5e029,[J@c5e029,[J@c5e029,[J@c5e029,[J@c5e029,[J@c5e029,[J@c5e029,[J@c5e029,[J@c5e029,[J@c5e029,[J@c5e029,[J@c5e029,[J@c5e029,[J@c5e029,[J@c5e029,[J@c5e029
operator: UnknownresourceId: Unknown - creating db connection using connection name: informix_connection
committing transaction
load Resource role with ids:[J@1e9445c,[J@1e9445c,[J@1e9445c,[J@1e9445c,[J@1e9445c,[J@1e9445c,[J@1e9445c,[J@1e9445c,[J@1e9445c,[J@1e9445c,[J@1e9445c,[J@1e9445c,[J@1e9445c,[J@1e9445c,[J@1e9445c,[J@1e9445c,[J@1e9445c,[J@1e9445c,[J@1e9445c,[J@1e9445c,[J@1e9445c,[J@1e9445c
operator: UnknownresourceId: Unknown - creating db connection using connection name: informix_connection
committing transaction
load Resource with ids:[J@670f1f
operator: UnknownresourceId: Unknown - creating db connection using connection name: informix_connection
load ResourceRole with id:4
operator: UnknownresourceId: Unknown - creating db connection using connection name: informix_connection
committing transaction
committing transaction
Can not assign Post-Mortem Reviewer role to user null(ID: 2) for project 1 as user does not have accepted all necessary terms of use for project
load Notifications with array of userIds/projectIds/notificationTypes.
operator: UnknownresourceId: Unknown - creating db connection using connection name: informix_connection
committing transaction
get projects with the ids: 1
operator: UnknownprojectId: Unknown - creating db connection using connection name: informix_connection
committing transaction
load Resource role with ids:[J@45d273,[J@45d273,[J@45d273,[J@45d273,[J@45d273,[J@45d273,[J@45d273,[J@45d273,[J@45d273,[J@45d273,[J@45d273,[J@45d273,[J@45d273,[J@45d273,[J@45d273,[J@45d273,[J@45d273,[J@45d273,[J@45d273,[J@45d273,[J@45d273,[J@45d273
operator: UnknownresourceId: Unknown - creating db connection using connection name: informix_connection
committing transaction
load Resource with ids:[J@c88e61
operator: UnknownresourceId: Unknown - creating db connection using connection name: informix_connection
load ResourceRole with id:4
operator: UnknownresourceId: Unknown - creating db connection using connection name: informix_connection
committing transaction
committing transaction
load Resource with ids:[J@d32dcc
operator: UnknownresourceId: Unknown - creating db connection using connection name: informix_connection
load ResourceRole with id:12
operator: UnknownresourceId: Unknown - creating db connection using connection name: informix_connection
committing transaction
committing transaction
load Resource with ids:[J@ba7650
operator: UnknownresourceId: Unknown - creating db connection using connection name: informix_connection
load ResourceRole with id:13
operator: UnknownresourceId: Unknown - creating db connection using connection name: informix_connection
committing transaction
committing transaction
load Resource with ids:[J@8d183f
operator: UnknownresourceId: Unknown - creating db connection using connection name: informix_connection
load ResourceRole with id:9
operator: UnknownresourceId: Unknown - creating db connection using connection name: informix_connection
committing transaction
committing transaction
operator: UnknownresourceId: 100001 - load resource.
operator: UnknownresourceId: Unknown - creating db connection using connection name: informix_connection
load ResourceRole with id:4
operator: UnknownresourceId: Unknown - creating db connection using connection name: informix_connection
committing transaction
committing transaction
operator: UnknownresourceId: 100000 - load resource.
operator: UnknownresourceId: Unknown - creating db connection using connection name: informix_connection
load ResourceRole with id:13
operator: UnknownresourceId: Unknown - creating db connection using connection name: informix_connection
committing transaction
committing transaction
Read propery[ConnectionFactoryNS] which is  required  with value[com.topcoder.db.connectionfactory.DBConnectionFactoryImpl] from namespace [com.topcoder.management.project.persistence.InformixProjectPersistence].
Read propery[ConnectionName] which is  optional  with value[informix_connection] from namespace [com.topcoder.management.project.persistence.InformixProjectPersistence].
Read propery[ProjectIdSequenceName] which is  optional  with value[project_id_seq] from namespace [com.topcoder.management.project.persistence.InformixProjectPersistence].
Read propery[ProjectAuditIdSequenceName] which is  optional  with value[project_audit_id_seq] from namespace [com.topcoder.management.project.persistence.InformixProjectPersistence].
Read propery[ConnectionFactoryNS] which is  required  with value[com.topcoder.db.connectionfactory.DBConnectionFactoryImpl] from namespace [com.topcoder.management.project.persistence.link.ProjectLinkMgr].
Read propery[ConnectionName] which is  optional  with value[informix_connection] from namespace [com.topcoder.management.project.persistence.link.ProjectLinkMgr].
read property ConnectionFactoryNS[com.topcoder.db.connectionfactory.DBConnectionFactoryImpl] from the namespace :com.topcoder.management.scorecard.persistence.InformixScorecardPersistence
read property ConnectionName[informix_connection] from the namespace :com.topcoder.management.scorecard.persistence.InformixScorecardPersistence
Instantiate SqlUploadPersistence with connectionFactory and connectioName:informix_connection
Instantiate PersistenceUploadManager with UploadPersistence, uploadSearchBundle, submissionSearchBundle, uploadIdGenerator, uploadTypeIdGenerator, uploadStatusIdGenerator, submissionIDGenerator, submissionStatusIdGenerator and submissionTypeIdGenerator.
Instantiate AbstractResourcePersistence with connectionFactory and connectionName[informix_connection].
load Resource role with ids:[J@1777ae2,[J@1777ae2,[J@1777ae2,[J@1777ae2,[J@1777ae2,[J@1777ae2,[J@1777ae2,[J@1777ae2,[J@1777ae2,[J@1777ae2,[J@1777ae2,[J@1777ae2,[J@1777ae2,[J@1777ae2,[J@1777ae2,[J@1777ae2,[J@1777ae2,[J@1777ae2,[J@1777ae2,[J@1777ae2,[J@1777ae2,[J@1777ae2
operator: UnknownresourceId: Unknown - creating db connection using connection name: informix_connection
committing transaction
load Resource role with ids:[J@16d794b,[J@16d794b,[J@16d794b,[J@16d794b,[J@16d794b,[J@16d794b,[J@16d794b,[J@16d794b,[J@16d794b,[J@16d794b,[J@16d794b,[J@16d794b,[J@16d794b,[J@16d794b,[J@16d794b,[J@16d794b,[J@16d794b,[J@16d794b,[J@16d794b,[J@16d794b,[J@16d794b,[J@16d794b
operator: UnknownresourceId: Unknown - creating db connection using connection name: informix_connection
committing transaction
load Resource with ids:[J@6f9ac7
operator: UnknownresourceId: Unknown - creating db connection using connection name: informix_connection
load ResourceRole with id:4
operator: UnknownresourceId: Unknown - creating db connection using connection name: informix_connection
committing transaction
committing transaction
Can not assign Post-Mortem Reviewer role to user null(ID: 2) for project 1 as user does not have accepted all necessary terms of use for project
load Notifications with array of userIds/projectIds/notificationTypes.
operator: UnknownresourceId: Unknown - creating db connection using connection name: informix_connection
committing transaction
get projects with the ids: 1
operator: UnknownprojectId: Unknown - creating db connection using connection name: informix_connection
committing transaction
load Resource role with ids:[J@150e845,[J@150e845,[J@150e845,[J@150e845,[J@150e845,[J@150e845,[J@150e845,[J@150e845,[J@150e845,[J@150e845,[J@150e845,[J@150e845,[J@150e845,[J@150e845,[J@150e845,[J@150e845,[J@150e845,[J@150e845,[J@150e845,[J@150e845,[J@150e845,[J@150e845
operator: UnknownresourceId: Unknown - creating db connection using connection name: informix_connection
committing transaction
load Resource with ids:[J@49bd46
operator: UnknownresourceId: Unknown - creating db connection using connection name: informix_connection
load ResourceRole with id:4
operator: UnknownresourceId: Unknown - creating db connection using connection name: informix_connection
committing transaction
committing transaction
load Resource with ids:[J@190342b
operator: UnknownresourceId: Unknown - creating db connection using connection name: informix_connection
load ResourceRole with id:12
operator: UnknownresourceId: Unknown - creating db connection using connection name: informix_connection
committing transaction
committing transaction
load Resource with ids:[J@1f84171
operator: UnknownresourceId: Unknown - creating db connection using connection name: informix_connection
load ResourceRole with id:13
operator: UnknownresourceId: Unknown - creating db connection using connection name: informix_connection
committing transaction
committing transaction
load Resource with ids:[J@1373745
operator: UnknownresourceId: Unknown - creating db connection using connection name: informix_connection
load ResourceRole with id:9
operator: UnknownresourceId: Unknown - creating db connection using connection name: informix_connection
committing transaction
committing transaction
load Resource with ids:[J@9f1a77
operator: UnknownresourceId: Unknown - creating db connection using connection name: informix_connection
load ResourceRole with id:14
operator: UnknownresourceId: Unknown - creating db connection using connection name: informix_connection
committing transaction
committing transaction
operator: UnknownresourceId: 100001 - load resource.
operator: UnknownresourceId: Unknown - creating db connection using connection name: informix_connection
load ResourceRole with id:4
operator: UnknownresourceId: Unknown - creating db connection using connection name: informix_connection
committing transaction
committing transaction
operator: UnknownresourceId: 100000 - load resource.
operator: UnknownresourceId: Unknown - creating db connection using connection name: informix_connection
load ResourceRole with id:13
operator: UnknownresourceId: Unknown - creating db connection using connection name: informix_connection
committing transaction
committing transaction
Read propery[ConnectionFactoryNS] which is  required  with value[com.topcoder.db.connectionfactory.DBConnectionFactoryImpl] from namespace [com.topcoder.management.project.persistence.InformixProjectPersistence].
Read propery[ConnectionName] which is  optional  with value[informix_connection] from namespace [com.topcoder.management.project.persistence.InformixProjectPersistence].
Read propery[ProjectIdSequenceName] which is  optional  with value[project_id_seq] from namespace [com.topcoder.management.project.persistence.InformixProjectPersistence].
Read propery[ProjectAuditIdSequenceName] which is  optional  with value[project_audit_id_seq] from namespace [com.topcoder.management.project.persistence.InformixProjectPersistence].
Read propery[ConnectionFactoryNS] which is  required  with value[com.topcoder.db.connectionfactory.DBConnectionFactoryImpl] from namespace [com.topcoder.management.project.persistence.link.ProjectLinkMgr].
Read propery[ConnectionName] which is  optional  with value[informix_connection] from namespace [com.topcoder.management.project.persistence.link.ProjectLinkMgr].
read property ConnectionFactoryNS[com.topcoder.db.connectionfactory.DBConnectionFactoryImpl] from the namespace :com.topcoder.management.scorecard.persistence.InformixScorecardPersistence
read property ConnectionName[informix_connection] from the namespace :com.topcoder.management.scorecard.persistence.InformixScorecardPersistence
Instantiate SqlUploadPersistence with connectionFactory and connectioName:informix_connection
Instantiate PersistenceUploadManager with UploadPersistence, uploadSearchBundle, submissionSearchBundle, uploadIdGenerator, uploadTypeIdGenerator, uploadStatusIdGenerator, submissionIDGenerator, submissionStatusIdGenerator and submissionTypeIdGenerator.
Instantiate AbstractResourcePersistence with connectionFactory and connectionName[informix_connection].
load Resource role with ids:[J@1f42804,[J@1f42804,[J@1f42804,[J@1f42804,[J@1f42804,[J@1f42804,[J@1f42804,[J@1f42804,[J@1f42804,[J@1f42804,[J@1f42804,[J@1f42804,[J@1f42804,[J@1f42804,[J@1f42804,[J@1f42804,[J@1f42804,[J@1f42804,[J@1f42804,[J@1f42804,[J@1f42804,[J@1f42804
operator: UnknownresourceId: Unknown - creating db connection using connection name: informix_connection
committing transaction
load Resource with ids:[J@1d5977d
operator: UnknownresourceId: Unknown - creating db connection using connection name: informix_connection
load ResourceRole with id:1
operator: UnknownresourceId: Unknown - creating db connection using connection name: informix_connection
committing transaction
committing transaction
load Notifications with array of userIds/projectIds/notificationTypes.
operator: UnknownresourceId: Unknown - creating db connection using connection name: informix_connection
committing transaction
get projects with the ids: 1
operator: UnknownprojectId: Unknown - creating db connection using connection name: informix_connection
committing transaction
load Resource role with ids:[J@790ef7,[J@790ef7,[J@790ef7,[J@790ef7,[J@790ef7,[J@790ef7,[J@790ef7,[J@790ef7,[J@790ef7,[J@790ef7,[J@790ef7,[J@790ef7,[J@790ef7,[J@790ef7,[J@790ef7,[J@790ef7,[J@790ef7,[J@790ef7,[J@790ef7,[J@790ef7,[J@790ef7,[J@790ef7
operator: UnknownresourceId: Unknown - creating db connection using connection name: informix_connection
committing transaction
load Resource with ids:[J@f3a157
operator: UnknownresourceId: Unknown - creating db connection using connection name: informix_connection
load ResourceRole with id:4
operator: UnknownresourceId: Unknown - creating db connection using connection name: informix_connection
committing transaction
committing transaction
load Resource with ids:[J@19e9114
operator: UnknownresourceId: Unknown - creating db connection using connection name: informix_connection
load ResourceRole with id:12
operator: UnknownresourceId: Unknown - creating db connection using connection name: informix_connection
committing transaction
committing transaction
load Resource with ids:[J@1fd9611
operator: UnknownresourceId: Unknown - creating db connection using connection name: informix_connection
load ResourceRole with id:13
operator: UnknownresourceId: Unknown - creating db connection using connection name: informix_connection
committing transaction
committing transaction
load Resource with ids:[J@1121759
operator: UnknownresourceId: Unknown - creating db connection using connection name: informix_connection
load ResourceRole with id:9
operator: UnknownresourceId: Unknown - creating db connection using connection name: informix_connection
committing transaction
committing transaction
load Resource with ids:[J@345ee0
operator: UnknownresourceId: Unknown - creating db connection using connection name: informix_connection
load ResourceRole with id:1
operator: UnknownresourceId: Unknown - creating db connection using connection name: informix_connection
committing transaction
committing transaction
operator: UnknownresourceId: 100001 - load resource.
operator: UnknownresourceId: Unknown - creating db connection using connection name: informix_connection
load ResourceRole with id:4
operator: UnknownresourceId: Unknown - creating db connection using connection name: informix_connection
committing transaction
committing transaction
operator: UnknownresourceId: 4 - load resource.
operator: UnknownresourceId: Unknown - creating db connection using connection name: informix_connection
load ResourceRole with id:1
operator: UnknownresourceId: Unknown - creating db connection using connection name: informix_connection
committing transaction
committing transaction
operator: UnknownresourceId: 100000 - load resource.
operator: UnknownresourceId: Unknown - creating db connection using connection name: informix_connection
load ResourceRole with id:13
operator: UnknownresourceId: Unknown - creating db connection using connection name: informix_connection
committing transaction
committing transaction
Read propery[ConnectionFactoryNS] which is  required  with value[com.topcoder.db.connectionfactory.DBConnectionFactoryImpl] from namespace [com.topcoder.management.project.persistence.InformixProjectPersistence].
Read propery[ConnectionName] which is  optional  with value[informix_connection] from namespace [com.topcoder.management.project.persistence.InformixProjectPersistence].
Read propery[ProjectIdSequenceName] which is  optional  with value[project_id_seq] from namespace [com.topcoder.management.project.persistence.InformixProjectPersistence].
Read propery[ProjectAuditIdSequenceName] which is  optional  with value[project_audit_id_seq] from namespace [com.topcoder.management.project.persistence.InformixProjectPersistence].
Read propery[ConnectionFactoryNS] which is  required  with value[com.topcoder.db.connectionfactory.DBConnectionFactoryImpl] from namespace [com.topcoder.management.project.persistence.link.ProjectLinkMgr].
Read propery[ConnectionName] which is  optional  with value[informix_connection] from namespace [com.topcoder.management.project.persistence.link.ProjectLinkMgr].
read property ConnectionFactoryNS[com.topcoder.db.connectionfactory.DBConnectionFactoryImpl] from the namespace :com.topcoder.management.scorecard.persistence.InformixScorecardPersistence
read property ConnectionName[informix_connection] from the namespace :com.topcoder.management.scorecard.persistence.InformixScorecardPersistence
Instantiate SqlUploadPersistence with connectionFactory and connectioName:informix_connection
Instantiate PersistenceUploadManager with UploadPersistence, uploadSearchBundle, submissionSearchBundle, uploadIdGenerator, uploadTypeIdGenerator, uploadStatusIdGenerator, submissionIDGenerator, submissionStatusIdGenerator and submissionTypeIdGenerator.
Instantiate AbstractResourcePersistence with connectionFactory and connectionName[informix_connection].
load Resource role with ids:[J@18f38f7,[J@18f38f7,[J@18f38f7,[J@18f38f7,[J@18f38f7,[J@18f38f7,[J@18f38f7,[J@18f38f7,[J@18f38f7,[J@18f38f7,[J@18f38f7,[J@18f38f7,[J@18f38f7,[J@18f38f7,[J@18f38f7,[J@18f38f7,[J@18f38f7,[J@18f38f7,[J@18f38f7,[J@18f38f7,[J@18f38f7,[J@18f38f7
operator: UnknownresourceId: Unknown - creating db connection using connection name: informix_connection
committing transaction
load Notifications with array of userIds/projectIds/notificationTypes.
operator: UnknownresourceId: Unknown - creating db connection using connection name: informix_connection
committing transaction
get projects with the ids: 1
operator: UnknownprojectId: Unknown - creating db connection using connection name: informix_connection
committing transaction
load Resource role with ids:[J@b60018,[J@b60018,[J@b60018,[J@b60018,[J@b60018,[J@b60018,[J@b60018,[J@b60018,[J@b60018,[J@b60018,[J@b60018,[J@b60018,[J@b60018,[J@b60018,[J@b60018,[J@b60018,[J@b60018,[J@b60018,[J@b60018,[J@b60018,[J@b60018,[J@b60018
operator: UnknownresourceId: Unknown - creating db connection using connection name: informix_connection
committing transaction
load Resource with ids:[J@ce558d
operator: UnknownresourceId: Unknown - creating db connection using connection name: informix_connection
load ResourceRole with id:4
operator: UnknownresourceId: Unknown - creating db connection using connection name: informix_connection
committing transaction
committing transaction
load Resource with ids:[J@4b91e7
operator: UnknownresourceId: Unknown - creating db connection using connection name: informix_connection
load ResourceRole with id:12
operator: UnknownresourceId: Unknown - creating db connection using connection name: informix_connection
committing transaction
committing transaction
load Resource with ids:[J@1925a7e
operator: UnknownresourceId: Unknown - creating db connection using connection name: informix_connection
load ResourceRole with id:13
operator: UnknownresourceId: Unknown - creating db connection using connection name: informix_connection
committing transaction
committing transaction
load Resource with ids:[J@ac69b5
operator: UnknownresourceId: Unknown - creating db connection using connection name: informix_connection
load ResourceRole with id:9
operator: UnknownresourceId: Unknown - creating db connection using connection name: informix_connection
committing transaction
committing transaction
operator: UnknownresourceId: 100001 - load resource.
operator: UnknownresourceId: Unknown - creating db connection using connection name: informix_connection
load ResourceRole with id:4
operator: UnknownresourceId: Unknown - creating db connection using connection name: informix_connection
committing transaction
committing transaction
operator: UnknownresourceId: 100000 - load resource.
operator: UnknownresourceId: Unknown - creating db connection using connection name: informix_connection
load ResourceRole with id:13
operator: UnknownresourceId: Unknown - creating db connection using connection name: informix_connection
committing transaction
committing transaction
Read propery[ConnectionFactoryNS] which is  required  with value[com.topcoder.db.connectionfactory.DBConnectionFactoryImpl] from namespace [com.topcoder.management.project.persistence.InformixProjectPersistence].
Read propery[ConnectionName] which is  optional  with value[informix_connection] from namespace [com.topcoder.management.project.persistence.InformixProjectPersistence].
Read propery[ProjectIdSequenceName] which is  optional  with value[project_id_seq] from namespace [com.topcoder.management.project.persistence.InformixProjectPersistence].
Read propery[ProjectAuditIdSequenceName] which is  optional  with value[project_audit_id_seq] from namespace [com.topcoder.management.project.persistence.InformixProjectPersistence].
Read propery[ConnectionFactoryNS] which is  required  with value[com.topcoder.db.connectionfactory.DBConnectionFactoryImpl] from namespace [com.topcoder.management.project.persistence.link.ProjectLinkMgr].
Read propery[ConnectionName] which is  optional  with value[informix_connection] from namespace [com.topcoder.management.project.persistence.link.ProjectLinkMgr].
read property ConnectionFactoryNS[com.topcoder.db.connectionfactory.DBConnectionFactoryImpl] from the namespace :com.topcoder.management.scorecard.persistence.InformixScorecardPersistence
read property ConnectionName[informix_connection] from the namespace :com.topcoder.management.scorecard.persistence.InformixScorecardPersistence
Instantiate SqlUploadPersistence with connectionFactory and connectioName:informix_connection
Instantiate PersistenceUploadManager with UploadPersistence, uploadSearchBundle, submissionSearchBundle, uploadIdGenerator, uploadTypeIdGenerator, uploadStatusIdGenerator, submissionIDGenerator, submissionStatusIdGenerator and submissionTypeIdGenerator.
Instantiate AbstractResourcePersistence with connectionFactory and connectionName[informix_connection].
load Resource role with ids:[J@1131737,[J@1131737,[J@1131737,[J@1131737,[J@1131737,[J@1131737,[J@1131737,[J@1131737,[J@1131737,[J@1131737,[J@1131737,[J@1131737,[J@1131737,[J@1131737,[J@1131737,[J@1131737,[J@1131737,[J@1131737,[J@1131737,[J@1131737,[J@1131737,[J@1131737
operator: UnknownresourceId: Unknown - creating db connection using connection name: informix_connection
committing transaction
load Notifications with array of userIds/projectIds/notificationTypes.
operator: UnknownresourceId: Unknown - creating db connection using connection name: informix_connection
committing transaction
get projects with the ids: 1
operator: UnknownprojectId: Unknown - creating db connection using connection name: informix_connection
committing transaction
load Resource role with ids:[J@19b6d97,[J@19b6d97,[J@19b6d97,[J@19b6d97,[J@19b6d97,[J@19b6d97,[J@19b6d97,[J@19b6d97,[J@19b6d97,[J@19b6d97,[J@19b6d97,[J@19b6d97,[J@19b6d97,[J@19b6d97,[J@19b6d97,[J@19b6d97,[J@19b6d97,[J@19b6d97,[J@19b6d97,[J@19b6d97,[J@19b6d97,[J@19b6d97
operator: UnknownresourceId: Unknown - creating db connection using connection name: informix_connection
committing transaction
load Resource with ids:[J@b76f2f
operator: UnknownresourceId: Unknown - creating db connection using connection name: informix_connection
load ResourceRole with id:4
operator: UnknownresourceId: Unknown - creating db connection using connection name: informix_connection
committing transaction
committing transaction
load Resource with ids:[J@1ac4773
operator: UnknownresourceId: Unknown - creating db connection using connection name: informix_connection
load ResourceRole with id:12
operator: UnknownresourceId: Unknown - creating db connection using connection name: informix_connection
committing transaction
committing transaction
load Resource with ids:[J@f71784
operator: UnknownresourceId: Unknown - creating db connection using connection name: informix_connection
load ResourceRole with id:13
operator: UnknownresourceId: Unknown - creating db connection using connection name: informix_connection
committing transaction
committing transaction
load Resource with ids:[J@100eab5
operator: UnknownresourceId: Unknown - creating db connection using connection name: informix_connection
load ResourceRole with id:9
operator: UnknownresourceId: Unknown - creating db connection using connection name: informix_connection
committing transaction
committing transaction
operator: UnknownresourceId: 100001 - load resource.
operator: UnknownresourceId: Unknown - creating db connection using connection name: informix_connection
load ResourceRole with id:4
operator: UnknownresourceId: Unknown - creating db connection using connection name: informix_connection
committing transaction
committing transaction
operator: UnknownresourceId: 100000 - load resource.
operator: UnknownresourceId: Unknown - creating db connection using connection name: informix_connection
load ResourceRole with id:13
operator: UnknownresourceId: Unknown - creating db connection using connection name: informix_connection
committing transaction
committing transaction
Read propery[ConnectionFactoryNS] which is  required  with value[com.topcoder.db.connectionfactory.DBConnectionFactoryImpl] from namespace [com.topcoder.management.project.persistence.InformixProjectPersistence].
Read propery[ConnectionName] which is  optional  with value[informix_connection] from namespace [com.topcoder.management.project.persistence.InformixProjectPersistence].
Read propery[ProjectIdSequenceName] which is  optional  with value[project_id_seq] from namespace [com.topcoder.management.project.persistence.InformixProjectPersistence].
Read propery[ProjectAuditIdSequenceName] which is  optional  with value[project_audit_id_seq] from namespace [com.topcoder.management.project.persistence.InformixProjectPersistence].
Read propery[ConnectionFactoryNS] which is  required  with value[com.topcoder.db.connectionfactory.DBConnectionFactoryImpl] from namespace [com.topcoder.management.project.persistence.link.ProjectLinkMgr].
Read propery[ConnectionName] which is  optional  with value[informix_connection] from namespace [com.topcoder.management.project.persistence.link.ProjectLinkMgr].
read property ConnectionFactoryNS[com.topcoder.db.connectionfactory.DBConnectionFactoryImpl] from the namespace :com.topcoder.management.scorecard.persistence.InformixScorecardPersistence
read property ConnectionName[informix_connection] from the namespace :com.topcoder.management.scorecard.persistence.InformixScorecardPersistence
Instantiate SqlUploadPersistence with connectionFactory and connectioName:informix_connection
Instantiate PersistenceUploadManager with UploadPersistence, uploadSearchBundle, submissionSearchBundle, uploadIdGenerator, uploadTypeIdGenerator, uploadStatusIdGenerator, submissionIDGenerator, submissionStatusIdGenerator and submissionTypeIdGenerator.
Instantiate AbstractResourcePersistence with connectionFactory and connectionName[informix_connection].
load Resource role with ids:[J@7403c9,[J@7403c9,[J@7403c9,[J@7403c9,[J@7403c9,[J@7403c9,[J@7403c9,[J@7403c9,[J@7403c9,[J@7403c9,[J@7403c9,[J@7403c9,[J@7403c9,[J@7403c9,[J@7403c9,[J@7403c9,[J@7403c9,[J@7403c9,[J@7403c9,[J@7403c9,[J@7403c9,[J@7403c9
operator: UnknownresourceId: Unknown - creating db connection using connection name: informix_connection
committing transaction
type: Upload id: Unknown operator:Unknown - search submissions with filter. found: 1
load Resource with ids:[J@1c9fc69
operator: UnknownresourceId: Unknown - creating db connection using connection name: informix_connection
load ResourceRole with id:3
operator: UnknownresourceId: Unknown - creating db connection using connection name: informix_connection
committing transaction
committing transaction
type: Scorecard id: Unknown operator:Unknown - retrieve scorecard with ids:1, and is incomplete
create db connection with connect name:informix_connection
close the connection.
type: Submission id: 1 operator:1001 - update Submission.
type: Submission id: 1 operator:Unknown - Update Submission, it will update record in submission table.
create db connection using connection name:informix_connection
close the connection.
operator: UnknownresourceId: 4 - load resource.
operator: UnknownresourceId: Unknown - creating db connection using connection name: informix_connection
load ResourceRole with id:1
operator: UnknownresourceId: Unknown - creating db connection using connection name: informix_connection
committing transaction
committing transaction
load Notifications with array of userIds/projectIds/notificationTypes.
operator: UnknownresourceId: Unknown - creating db connection using connection name: informix_connection
committing transaction
get projects with the ids: 1
operator: UnknownprojectId: Unknown - creating db connection using connection name: informix_connection
committing transaction
load Resource role with ids:[J@10aeb2b,[J@10aeb2b,[J@10aeb2b,[J@10aeb2b,[J@10aeb2b,[J@10aeb2b,[J@10aeb2b,[J@10aeb2b,[J@10aeb2b,[J@10aeb2b,[J@10aeb2b,[J@10aeb2b,[J@10aeb2b,[J@10aeb2b,[J@10aeb2b,[J@10aeb2b,[J@10aeb2b,[J@10aeb2b,[J@10aeb2b,[J@10aeb2b,[J@10aeb2b,[J@10aeb2b
operator: UnknownresourceId: Unknown - creating db connection using connection name: informix_connection
committing transaction
load Resource with ids:[J@17036c
operator: UnknownresourceId: Unknown - creating db connection using connection name: informix_connection
load ResourceRole with id:4
operator: UnknownresourceId: Unknown - creating db connection using connection name: informix_connection
committing transaction
committing transaction
load Resource with ids:[J@176648f
operator: UnknownresourceId: Unknown - creating db connection using connection name: informix_connection
load ResourceRole with id:3
operator: UnknownresourceId: Unknown - creating db connection using connection name: informix_connection
committing transaction
committing transaction
load Resource with ids:[J@1492aff
operator: UnknownresourceId: Unknown - creating db connection using connection name: informix_connection
load ResourceRole with id:12
operator: UnknownresourceId: Unknown - creating db connection using connection name: informix_connection
committing transaction
committing transaction
load Resource with ids:[J@158a61e
operator: UnknownresourceId: Unknown - creating db connection using connection name: informix_connection
load ResourceRole with id:13
operator: UnknownresourceId: Unknown - creating db connection using connection name: informix_connection
committing transaction
committing transaction
load Resource with ids:[J@65d910
operator: UnknownresourceId: Unknown - creating db connection using connection name: informix_connection
load ResourceRole with id:9
operator: UnknownresourceId: Unknown - creating db connection using connection name: informix_connection
committing transaction
committing transaction
load Resource with ids:[J@1ed4b47
operator: UnknownresourceId: Unknown - creating db connection using connection name: informix_connection
load ResourceRole with id:1
operator: UnknownresourceId: Unknown - creating db connection using connection name: informix_connection
committing transaction
committing transaction
operator: UnknownresourceId: 100008 - load resource.
operator: UnknownresourceId: Unknown - creating db connection using connection name: informix_connection
load ResourceRole with id:9
operator: UnknownresourceId: Unknown - creating db connection using connection name: informix_connection
committing transaction
committing transaction
operator: UnknownresourceId: 4 - load resource.
operator: UnknownresourceId: Unknown - creating db connection using connection name: informix_connection
load ResourceRole with id:1
operator: UnknownresourceId: Unknown - creating db connection using connection name: informix_connection
committing transaction
committing transaction
operator: UnknownresourceId: 100000 - load resource.
operator: UnknownresourceId: Unknown - creating db connection using connection name: informix_connection
load ResourceRole with id:13
operator: UnknownresourceId: Unknown - creating db connection using connection name: informix_connection
committing transaction
committing transaction
Read propery[ConnectionFactoryNS] which is  required  with value[com.topcoder.db.connectionfactory.DBConnectionFactoryImpl] from namespace [com.topcoder.management.project.persistence.InformixProjectPersistence].
Read propery[ConnectionName] which is  optional  with value[informix_connection] from namespace [com.topcoder.management.project.persistence.InformixProjectPersistence].
Read propery[ProjectIdSequenceName] which is  optional  with value[project_id_seq] from namespace [com.topcoder.management.project.persistence.InformixProjectPersistence].
Read propery[ProjectAuditIdSequenceName] which is  optional  with value[project_audit_id_seq] from namespace [com.topcoder.management.project.persistence.InformixProjectPersistence].
Read propery[ConnectionFactoryNS] which is  required  with value[com.topcoder.db.connectionfactory.DBConnectionFactoryImpl] from namespace [com.topcoder.management.project.persistence.link.ProjectLinkMgr].
Read propery[ConnectionName] which is  optional  with value[informix_connection] from namespace [com.topcoder.management.project.persistence.link.ProjectLinkMgr].
read property ConnectionFactoryNS[com.topcoder.db.connectionfactory.DBConnectionFactoryImpl] from the namespace :com.topcoder.management.scorecard.persistence.InformixScorecardPersistence
read property ConnectionName[informix_connection] from the namespace :com.topcoder.management.scorecard.persistence.InformixScorecardPersistence
Instantiate SqlUploadPersistence with connectionFactory and connectioName:informix_connection
Instantiate PersistenceUploadManager with UploadPersistence, uploadSearchBundle, submissionSearchBundle, uploadIdGenerator, uploadTypeIdGenerator, uploadStatusIdGenerator, submissionIDGenerator, submissionStatusIdGenerator and submissionTypeIdGenerator.
Instantiate AbstractResourcePersistence with connectionFactory and connectionName[informix_connection].
load Resource role with ids:[J@1b2084f,[J@1b2084f,[J@1b2084f,[J@1b2084f,[J@1b2084f,[J@1b2084f,[J@1b2084f,[J@1b2084f,[J@1b2084f,[J@1b2084f,[J@1b2084f,[J@1b2084f,[J@1b2084f,[J@1b2084f,[J@1b2084f,[J@1b2084f,[J@1b2084f,[J@1b2084f,[J@1b2084f,[J@1b2084f,[J@1b2084f,[J@1b2084f
operator: UnknownresourceId: Unknown - creating db connection using connection name: informix_connection
committing transaction
type: Upload id: Unknown operator:Unknown - search submissions with filter. found: 1
load Resource with ids:[J@1d6ba07
operator: UnknownresourceId: Unknown - creating db connection using connection name: informix_connection
load ResourceRole with id:3
operator: UnknownresourceId: Unknown - creating db connection using connection name: informix_connection
committing transaction
committing transaction
type: Scorecard id: Unknown operator:Unknown - retrieve scorecard with ids:1, and is incomplete
create db connection with connect name:informix_connection
close the connection.
get All submission statuses, delegate to persistence.
get All submission statuses, delegate to persistence.
create db connection using connection name:informix_connection
close the connection.
type: SubmissionStatus id: Unknown operator:Unknown - Load SubmissionStatuses with ids:1,2,3,4,5
create db connection using connection name:informix_connection
close the connection.
type: Submission id: 1 operator:1001 - update Submission.
type: Submission id: 1 operator:Unknown - Update Submission, it will update record in submission table.
create db connection using connection name:informix_connection
close the connection.
operator: UnknownresourceId: 4 - load resource.
operator: UnknownresourceId: Unknown - creating db connection using connection name: informix_connection
load ResourceRole with id:1
operator: UnknownresourceId: Unknown - creating db connection using connection name: informix_connection
committing transaction
committing transaction
load Notifications with array of userIds/projectIds/notificationTypes.
operator: UnknownresourceId: Unknown - creating db connection using connection name: informix_connection
committing transaction
get projects with the ids: 1
operator: UnknownprojectId: Unknown - creating db connection using connection name: informix_connection
committing transaction
load Resource role with ids:[J@b6e92f,[J@b6e92f,[J@b6e92f,[J@b6e92f,[J@b6e92f,[J@b6e92f,[J@b6e92f,[J@b6e92f,[J@b6e92f,[J@b6e92f,[J@b6e92f,[J@b6e92f,[J@b6e92f,[J@b6e92f,[J@b6e92f,[J@b6e92f,[J@b6e92f,[J@b6e92f,[J@b6e92f,[J@b6e92f,[J@b6e92f,[J@b6e92f
operator: UnknownresourceId: Unknown - creating db connection using connection name: informix_connection
committing transaction
load Resource with ids:[J@145ac9d
operator: UnknownresourceId: Unknown - creating db connection using connection name: informix_connection
load ResourceRole with id:4
operator: UnknownresourceId: Unknown - creating db connection using connection name: informix_connection
committing transaction
committing transaction
load Resource with ids:[J@19ac7f5
operator: UnknownresourceId: Unknown - creating db connection using connection name: informix_connection
load ResourceRole with id:3
operator: UnknownresourceId: Unknown - creating db connection using connection name: informix_connection
committing transaction
committing transaction
load Resource with ids:[J@b51e96
operator: UnknownresourceId: Unknown - creating db connection using connection name: informix_connection
load ResourceRole with id:12
operator: UnknownresourceId: Unknown - creating db connection using connection name: informix_connection
committing transaction
committing transaction
load Resource with ids:[J@116610b
operator: UnknownresourceId: Unknown - creating db connection using connection name: informix_connection
load ResourceRole with id:13
operator: UnknownresourceId: Unknown - creating db connection using connection name: informix_connection
committing transaction
committing transaction
load Resource with ids:[J@1942b40
operator: UnknownresourceId: Unknown - creating db connection using connection name: informix_connection
load ResourceRole with id:9
operator: UnknownresourceId: Unknown - creating db connection using connection name: informix_connection
committing transaction
committing transaction
load Resource with ids:[J@f62484
operator: UnknownresourceId: Unknown - creating db connection using connection name: informix_connection
load ResourceRole with id:1
operator: UnknownresourceId: Unknown - creating db connection using connection name: informix_connection
committing transaction
committing transaction
operator: UnknownresourceId: 100008 - load resource.
operator: UnknownresourceId: Unknown - creating db connection using connection name: informix_connection
load ResourceRole with id:9
operator: UnknownresourceId: Unknown - creating db connection using connection name: informix_connection
committing transaction
committing transaction
operator: UnknownresourceId: 4 - load resource.
operator: UnknownresourceId: Unknown - creating db connection using connection name: informix_connection
load ResourceRole with id:1
operator: UnknownresourceId: Unknown - creating db connection using connection name: informix_connection
committing transaction
committing transaction
operator: UnknownresourceId: 100000 - load resource.
operator: UnknownresourceId: Unknown - creating db connection using connection name: informix_connection
load ResourceRole with id:13
operator: UnknownresourceId: Unknown - creating db connection using connection name: informix_connection
committing transaction
committing transaction
Read propery[ConnectionFactoryNS] which is  required  with value[com.topcoder.db.connectionfactory.DBConnectionFactoryImpl] from namespace [com.topcoder.management.project.persistence.InformixProjectPersistence].
Read propery[ConnectionName] which is  optional  with value[informix_connection] from namespace [com.topcoder.management.project.persistence.InformixProjectPersistence].
Read propery[ProjectIdSequenceName] which is  optional  with value[project_id_seq] from namespace [com.topcoder.management.project.persistence.InformixProjectPersistence].
Read propery[ProjectAuditIdSequenceName] which is  optional  with value[project_audit_id_seq] from namespace [com.topcoder.management.project.persistence.InformixProjectPersistence].
Read propery[ConnectionFactoryNS] which is  required  with value[com.topcoder.db.connectionfactory.DBConnectionFactoryImpl] from namespace [com.topcoder.management.project.persistence.link.ProjectLinkMgr].
Read propery[ConnectionName] which is  optional  with value[informix_connection] from namespace [com.topcoder.management.project.persistence.link.ProjectLinkMgr].
read property ConnectionFactoryNS[com.topcoder.db.connectionfactory.DBConnectionFactoryImpl] from the namespace :com.topcoder.management.scorecard.persistence.InformixScorecardPersistence
read property ConnectionName[informix_connection] from the namespace :com.topcoder.management.scorecard.persistence.InformixScorecardPersistence
Instantiate SqlUploadPersistence with connectionFactory and connectioName:informix_connection
Instantiate PersistenceUploadManager with UploadPersistence, uploadSearchBundle, submissionSearchBundle, uploadIdGenerator, uploadTypeIdGenerator, uploadStatusIdGenerator, submissionIDGenerator, submissionStatusIdGenerator and submissionTypeIdGenerator.
Instantiate AbstractResourcePersistence with connectionFactory and connectionName[informix_connection].
load Resource role with ids:[J@b6b89f,[J@b6b89f,[J@b6b89f,[J@b6b89f,[J@b6b89f,[J@b6b89f,[J@b6b89f,[J@b6b89f,[J@b6b89f,[J@b6b89f,[J@b6b89f,[J@b6b89f,[J@b6b89f,[J@b6b89f,[J@b6b89f,[J@b6b89f,[J@b6b89f,[J@b6b89f,[J@b6b89f,[J@b6b89f,[J@b6b89f,[J@b6b89f
operator: UnknownresourceId: Unknown - creating db connection using connection name: informix_connection
committing transaction
type: Upload id: Unknown operator:Unknown - search submissions with filter. found: 1
operator: UnknownresourceId: 4 - load resource.
operator: UnknownresourceId: Unknown - creating db connection using connection name: informix_connection
load ResourceRole with id:1
operator: UnknownresourceId: Unknown - creating db connection using connection name: informix_connection
committing transaction
committing transaction
load Notifications with array of userIds/projectIds/notificationTypes.
operator: UnknownresourceId: Unknown - creating db connection using connection name: informix_connection
committing transaction
get projects with the ids: 1
operator: UnknownprojectId: Unknown - creating db connection using connection name: informix_connection
committing transaction
load Resource role with ids:[J@c683d2,[J@c683d2,[J@c683d2,[J@c683d2,[J@c683d2,[J@c683d2,[J@c683d2,[J@c683d2,[J@c683d2,[J@c683d2,[J@c683d2,[J@c683d2,[J@c683d2,[J@c683d2,[J@c683d2,[J@c683d2,[J@c683d2,[J@c683d2,[J@c683d2,[J@c683d2,[J@c683d2,[J@c683d2
operator: UnknownresourceId: Unknown - creating db connection using connection name: informix_connection
committing transaction
load Resource with ids:[J@12dfff
operator: UnknownresourceId: Unknown - creating db connection using connection name: informix_connection
load ResourceRole with id:4
operator: UnknownresourceId: Unknown - creating db connection using connection name: informix_connection
committing transaction
committing transaction
load Resource with ids:[J@1177a64
operator: UnknownresourceId: Unknown - creating db connection using connection name: informix_connection
load ResourceRole with id:12
operator: UnknownresourceId: Unknown - creating db connection using connection name: informix_connection
committing transaction
committing transaction
load Resource with ids:[J@1c94e20
operator: UnknownresourceId: Unknown - creating db connection using connection name: informix_connection
load ResourceRole with id:13
operator: UnknownresourceId: Unknown - creating db connection using connection name: informix_connection
committing transaction
committing transaction
load Resource with ids:[J@3efbce
operator: UnknownresourceId: Unknown - creating db connection using connection name: informix_connection
load ResourceRole with id:9
operator: UnknownresourceId: Unknown - creating db connection using connection name: informix_connection
committing transaction
committing transaction
load Resource with ids:[J@b0e8ae
operator: UnknownresourceId: Unknown - creating db connection using connection name: informix_connection
load ResourceRole with id:1
operator: UnknownresourceId: Unknown - creating db connection using connection name: informix_connection
committing transaction
committing transaction
operator: UnknownresourceId: 100001 - load resource.
operator: UnknownresourceId: Unknown - creating db connection using connection name: informix_connection
load ResourceRole with id:4
operator: UnknownresourceId: Unknown - creating db connection using connection name: informix_connection
committing transaction
committing transaction
operator: UnknownresourceId: 4 - load resource.
operator: UnknownresourceId: Unknown - creating db connection using connection name: informix_connection
load ResourceRole with id:1
operator: UnknownresourceId: Unknown - creating db connection using connection name: informix_connection
committing transaction
committing transaction
operator: UnknownresourceId: 100000 - load resource.
operator: UnknownresourceId: Unknown - creating db connection using connection name: informix_connection
load ResourceRole with id:13
operator: UnknownresourceId: Unknown - creating db connection using connection name: informix_connection
committing transaction
committing transaction
Read propery[ConnectionFactoryNS] which is  required  with value[com.topcoder.db.connectionfactory.DBConnectionFactoryImpl] from namespace [com.topcoder.management.project.persistence.InformixProjectPersistence].
Read propery[ConnectionName] which is  optional  with value[informix_connection] from namespace [com.topcoder.management.project.persistence.InformixProjectPersistence].
Read propery[ProjectIdSequenceName] which is  optional  with value[project_id_seq] from namespace [com.topcoder.management.project.persistence.InformixProjectPersistence].
Read propery[ProjectAuditIdSequenceName] which is  optional  with value[project_audit_id_seq] from namespace [com.topcoder.management.project.persistence.InformixProjectPersistence].
Read propery[ConnectionFactoryNS] which is  required  with value[com.topcoder.db.connectionfactory.DBConnectionFactoryImpl] from namespace [com.topcoder.management.project.persistence.link.ProjectLinkMgr].
Read propery[ConnectionName] which is  optional  with value[informix_connection] from namespace [com.topcoder.management.project.persistence.link.ProjectLinkMgr].
read property ConnectionFactoryNS[com.topcoder.db.connectionfactory.DBConnectionFactoryImpl] from the namespace :com.topcoder.management.scorecard.persistence.InformixScorecardPersistence
read property ConnectionName[informix_connection] from the namespace :com.topcoder.management.scorecard.persistence.InformixScorecardPersistence
Instantiate SqlUploadPersistence with connectionFactory and connectioName:informix_connection
Instantiate PersistenceUploadManager with UploadPersistence, uploadSearchBundle, submissionSearchBundle, uploadIdGenerator, uploadTypeIdGenerator, uploadStatusIdGenerator, submissionIDGenerator, submissionStatusIdGenerator and submissionTypeIdGenerator.
Instantiate AbstractResourcePersistence with connectionFactory and connectionName[informix_connection].
load Resource role with ids:[J@6c0233,[J@6c0233,[J@6c0233,[J@6c0233,[J@6c0233,[J@6c0233,[J@6c0233,[J@6c0233,[J@6c0233,[J@6c0233,[J@6c0233,[J@6c0233,[J@6c0233,[J@6c0233,[J@6c0233,[J@6c0233,[J@6c0233,[J@6c0233,[J@6c0233,[J@6c0233,[J@6c0233,[J@6c0233
operator: UnknownresourceId: Unknown - creating db connection using connection name: informix_connection
committing transaction
load Resource with ids:[J@123fa9f
operator: UnknownresourceId: Unknown - creating db connection using connection name: informix_connection
load ResourceRole with id:3
operator: UnknownresourceId: Unknown - creating db connection using connection name: informix_connection
committing transaction
committing transaction
type: Upload id: Unknown operator:Unknown - search submissions with filter. found: 1
operator: UnknownresourceId: 4 - load resource.
operator: UnknownresourceId: Unknown - creating db connection using connection name: informix_connection
load ResourceRole with id:1
operator: UnknownresourceId: Unknown - creating db connection using connection name: informix_connection
committing transaction
committing transaction
load Notifications with array of userIds/projectIds/notificationTypes.
operator: UnknownresourceId: Unknown - creating db connection using connection name: informix_connection
committing transaction
get projects with the ids: 1
operator: UnknownprojectId: Unknown - creating db connection using connection name: informix_connection
committing transaction
load Resource role with ids:[J@13725a1,[J@13725a1,[J@13725a1,[J@13725a1,[J@13725a1,[J@13725a1,[J@13725a1,[J@13725a1,[J@13725a1,[J@13725a1,[J@13725a1,[J@13725a1,[J@13725a1,[J@13725a1,[J@13725a1,[J@13725a1,[J@13725a1,[J@13725a1,[J@13725a1,[J@13725a1,[J@13725a1,[J@13725a1
operator: UnknownresourceId: Unknown - creating db connection using connection name: informix_connection
committing transaction
load Resource with ids:[J@b92c76
operator: UnknownresourceId: Unknown - creating db connection using connection name: informix_connection
load ResourceRole with id:4
operator: UnknownresourceId: Unknown - creating db connection using connection name: informix_connection
committing transaction
committing transaction
load Resource with ids:[J@106f28e
operator: UnknownresourceId: Unknown - creating db connection using connection name: informix_connection
load ResourceRole with id:3
operator: UnknownresourceId: Unknown - creating db connection using connection name: informix_connection
committing transaction
committing transaction
load Resource with ids:[J@f616b7
operator: UnknownresourceId: Unknown - creating db connection using connection name: informix_connection
load ResourceRole with id:12
operator: UnknownresourceId: Unknown - creating db connection using connection name: informix_connection
committing transaction
committing transaction
load Resource with ids:[J@1aa3774
operator: UnknownresourceId: Unknown - creating db connection using connection name: informix_connection
load ResourceRole with id:13
operator: UnknownresourceId: Unknown - creating db connection using connection name: informix_connection
committing transaction
committing transaction
load Resource with ids:[J@1dd64b7
operator: UnknownresourceId: Unknown - creating db connection using connection name: informix_connection
load ResourceRole with id:9
operator: UnknownresourceId: Unknown - creating db connection using connection name: informix_connection
committing transaction
committing transaction
load Resource with ids:[J@cc94e
operator: UnknownresourceId: Unknown - creating db connection using connection name: informix_connection
load ResourceRole with id:1
operator: UnknownresourceId: Unknown - creating db connection using connection name: informix_connection
committing transaction
committing transaction
operator: UnknownresourceId: 100001 - load resource.
operator: UnknownresourceId: Unknown - creating db connection using connection name: informix_connection
load ResourceRole with id:4
operator: UnknownresourceId: Unknown - creating db connection using connection name: informix_connection
committing transaction
committing transaction
operator: UnknownresourceId: 4 - load resource.
operator: UnknownresourceId: Unknown - creating db connection using connection name: informix_connection
load ResourceRole with id:1
operator: UnknownresourceId: Unknown - creating db connection using connection name: informix_connection
committing transaction
committing transaction
operator: UnknownresourceId: 100000 - load resource.
operator: UnknownresourceId: Unknown - creating db connection using connection name: informix_connection
load ResourceRole with id:13
operator: UnknownresourceId: Unknown - creating db connection using connection name: informix_connection
committing transaction
committing transaction
Read propery[ConnectionFactoryNS] which is  required  with value[com.topcoder.db.connectionfactory.DBConnectionFactoryImpl] from namespace [com.topcoder.management.project.persistence.InformixProjectPersistence].
Read propery[ConnectionName] which is  optional  with value[informix_connection] from namespace [com.topcoder.management.project.persistence.InformixProjectPersistence].
Read propery[ProjectIdSequenceName] which is  optional  with value[project_id_seq] from namespace [com.topcoder.management.project.persistence.InformixProjectPersistence].
Read propery[ProjectAuditIdSequenceName] which is  optional  with value[project_audit_id_seq] from namespace [com.topcoder.management.project.persistence.InformixProjectPersistence].
Read propery[ConnectionFactoryNS] which is  required  with value[com.topcoder.db.connectionfactory.DBConnectionFactoryImpl] from namespace [com.topcoder.management.project.persistence.link.ProjectLinkMgr].
Read propery[ConnectionName] which is  optional  with value[informix_connection] from namespace [com.topcoder.management.project.persistence.link.ProjectLinkMgr].
read property ConnectionFactoryNS[com.topcoder.db.connectionfactory.DBConnectionFactoryImpl] from the namespace :com.topcoder.management.scorecard.persistence.InformixScorecardPersistence
read property ConnectionName[informix_connection] from the namespace :com.topcoder.management.scorecard.persistence.InformixScorecardPersistence
Instantiate SqlUploadPersistence with connectionFactory and connectioName:informix_connection
Instantiate PersistenceUploadManager with UploadPersistence, uploadSearchBundle, submissionSearchBundle, uploadIdGenerator, uploadTypeIdGenerator, uploadStatusIdGenerator, submissionIDGenerator, submissionStatusIdGenerator and submissionTypeIdGenerator.
Instantiate AbstractResourcePersistence with connectionFactory and connectionName[informix_connection].
load Resource role with ids:[J@18add92,[J@18add92,[J@18add92,[J@18add92,[J@18add92,[J@18add92,[J@18add92,[J@18add92,[J@18add92,[J@18add92,[J@18add92,[J@18add92,[J@18add92,[J@18add92,[J@18add92,[J@18add92,[J@18add92,[J@18add92,[J@18add92,[J@18add92,[J@18add92,[J@18add92
operator: UnknownresourceId: Unknown - creating db connection using connection name: informix_connection
committing transaction
type: Upload id: Unknown operator:Unknown - search submissions with filter. found: 1
operator: UnknownresourceId: 4 - load resource.
operator: UnknownresourceId: Unknown - creating db connection using connection name: informix_connection
load ResourceRole with id:1
operator: UnknownresourceId: Unknown - creating db connection using connection name: informix_connection
committing transaction
committing transaction
load Notifications with array of userIds/projectIds/notificationTypes.
operator: UnknownresourceId: Unknown - creating db connection using connection name: informix_connection
committing transaction
get projects with the ids: 1
operator: UnknownprojectId: Unknown - creating db connection using connection name: informix_connection
committing transaction
load Resource role with ids:[J@1a9234d,[J@1a9234d,[J@1a9234d,[J@1a9234d,[J@1a9234d,[J@1a9234d,[J@1a9234d,[J@1a9234d,[J@1a9234d,[J@1a9234d,[J@1a9234d,[J@1a9234d,[J@1a9234d,[J@1a9234d,[J@1a9234d,[J@1a9234d,[J@1a9234d,[J@1a9234d,[J@1a9234d,[J@1a9234d,[J@1a9234d,[J@1a9234d
operator: UnknownresourceId: Unknown - creating db connection using connection name: informix_connection
committing transaction
load Resource with ids:[J@1858936
operator: UnknownresourceId: Unknown - creating db connection using connection name: informix_connection
load ResourceRole with id:4
operator: UnknownresourceId: Unknown - creating db connection using connection name: informix_connection
committing transaction
committing transaction
load Resource with ids:[J@1407dcc
operator: UnknownresourceId: Unknown - creating db connection using connection name: informix_connection
load ResourceRole with id:12
operator: UnknownresourceId: Unknown - creating db connection using connection name: informix_connection
committing transaction
committing transaction
load Resource with ids:[J@e57889
operator: UnknownresourceId: Unknown - creating db connection using connection name: informix_connection
load ResourceRole with id:13
operator: UnknownresourceId: Unknown - creating db connection using connection name: informix_connection
committing transaction
committing transaction
load Resource with ids:[J@e88b43
operator: UnknownresourceId: Unknown - creating db connection using connection name: informix_connection
load ResourceRole with id:9
operator: UnknownresourceId: Unknown - creating db connection using connection name: informix_connection
committing transaction
committing transaction
load Resource with ids:[J@1af3006
operator: UnknownresourceId: Unknown - creating db connection using connection name: informix_connection
load ResourceRole with id:1
operator: UnknownresourceId: Unknown - creating db connection using connection name: informix_connection
committing transaction
committing transaction
operator: UnknownresourceId: 100001 - load resource.
operator: UnknownresourceId: Unknown - creating db connection using connection name: informix_connection
load ResourceRole with id:4
operator: UnknownresourceId: Unknown - creating db connection using connection name: informix_connection
committing transaction
committing transaction
operator: UnknownresourceId: 4 - load resource.
operator: UnknownresourceId: Unknown - creating db connection using connection name: informix_connection
load ResourceRole with id:1
operator: UnknownresourceId: Unknown - creating db connection using connection name: informix_connection
committing transaction
committing transaction
operator: UnknownresourceId: 100000 - load resource.
operator: UnknownresourceId: Unknown - creating db connection using connection name: informix_connection
load ResourceRole with id:13
operator: UnknownresourceId: Unknown - creating db connection using connection name: informix_connection
committing transaction
committing transaction
Read propery[ConnectionFactoryNS] which is  required  with value[com.topcoder.db.connectionfactory.DBConnectionFactoryImpl] from namespace [com.topcoder.management.project.persistence.InformixProjectPersistence].
Read propery[ConnectionName] which is  optional  with value[informix_connection] from namespace [com.topcoder.management.project.persistence.InformixProjectPersistence].
Read propery[ProjectIdSequenceName] which is  optional  with value[project_id_seq] from namespace [com.topcoder.management.project.persistence.InformixProjectPersistence].
Read propery[ProjectAuditIdSequenceName] which is  optional  with value[project_audit_id_seq] from namespace [com.topcoder.management.project.persistence.InformixProjectPersistence].
Read propery[ConnectionFactoryNS] which is  required  with value[com.topcoder.db.connectionfactory.DBConnectionFactoryImpl] from namespace [com.topcoder.management.project.persistence.link.ProjectLinkMgr].
Read propery[ConnectionName] which is  optional  with value[informix_connection] from namespace [com.topcoder.management.project.persistence.link.ProjectLinkMgr].
read property ConnectionFactoryNS[com.topcoder.db.connectionfactory.DBConnectionFactoryImpl] from the namespace :com.topcoder.management.scorecard.persistence.InformixScorecardPersistence
read property ConnectionName[informix_connection] from the namespace :com.topcoder.management.scorecard.persistence.InformixScorecardPersistence
Instantiate SqlUploadPersistence with connectionFactory and connectioName:informix_connection
Instantiate PersistenceUploadManager with UploadPersistence, uploadSearchBundle, submissionSearchBundle, uploadIdGenerator, uploadTypeIdGenerator, uploadStatusIdGenerator, submissionIDGenerator, submissionStatusIdGenerator and submissionTypeIdGenerator.
Instantiate AbstractResourcePersistence with connectionFactory and connectionName[informix_connection].
load Resource role with ids:[J@1b5ea7c,[J@1b5ea7c,[J@1b5ea7c,[J@1b5ea7c,[J@1b5ea7c,[J@1b5ea7c,[J@1b5ea7c,[J@1b5ea7c,[J@1b5ea7c,[J@1b5ea7c,[J@1b5ea7c,[J@1b5ea7c,[J@1b5ea7c,[J@1b5ea7c,[J@1b5ea7c,[J@1b5ea7c,[J@1b5ea7c,[J@1b5ea7c,[J@1b5ea7c,[J@1b5ea7c,[J@1b5ea7c,[J@1b5ea7c
operator: UnknownresourceId: Unknown - creating db connection using connection name: informix_connection
committing transaction
type: Upload id: Unknown operator:Unknown - search submissions with filter. found: 0
load Notifications with array of userIds/projectIds/notificationTypes.
operator: UnknownresourceId: Unknown - creating db connection using connection name: informix_connection
committing transaction
get projects with the ids: 1
operator: UnknownprojectId: Unknown - creating db connection using connection name: informix_connection
committing transaction
load Resource role with ids:[J@196444d,[J@196444d,[J@196444d,[J@196444d,[J@196444d,[J@196444d,[J@196444d,[J@196444d,[J@196444d,[J@196444d,[J@196444d,[J@196444d,[J@196444d,[J@196444d,[J@196444d,[J@196444d,[J@196444d,[J@196444d,[J@196444d,[J@196444d,[J@196444d,[J@196444d
operator: UnknownresourceId: Unknown - creating db connection using connection name: informix_connection
committing transaction
load Resource with ids:[J@3efee1
operator: UnknownresourceId: Unknown - creating db connection using connection name: informix_connection
load ResourceRole with id:4
operator: UnknownresourceId: Unknown - creating db connection using connection name: informix_connection
committing transaction
committing transaction
load Resource with ids:[J@352f85
operator: UnknownresourceId: Unknown - creating db connection using connection name: informix_connection
load ResourceRole with id:12
operator: UnknownresourceId: Unknown - creating db connection using connection name: informix_connection
committing transaction
committing transaction
load Resource with ids:[J@1eb7703
operator: UnknownresourceId: Unknown - creating db connection using connection name: informix_connection
load ResourceRole with id:13
operator: UnknownresourceId: Unknown - creating db connection using connection name: informix_connection
committing transaction
committing transaction
load Resource with ids:[J@52831e
operator: UnknownresourceId: Unknown - creating db connection using connection name: informix_connection
load ResourceRole with id:9
operator: UnknownresourceId: Unknown - creating db connection using connection name: informix_connection
committing transaction
committing transaction
operator: UnknownresourceId: 100001 - load resource.
operator: UnknownresourceId: Unknown - creating db connection using connection name: informix_connection
load ResourceRole with id:4
operator: UnknownresourceId: Unknown - creating db connection using connection name: informix_connection
committing transaction
committing transaction
operator: UnknownresourceId: 100000 - load resource.
operator: UnknownresourceId: Unknown - creating db connection using connection name: informix_connection
load ResourceRole with id:13
operator: UnknownresourceId: Unknown - creating db connection using connection name: informix_connection
committing transaction
committing transaction
Read propery[ConnectionFactoryNS] which is  required  with value[com.topcoder.db.connectionfactory.DBConnectionFactoryImpl] from namespace [com.topcoder.management.project.persistence.InformixProjectPersistence].
Read propery[ConnectionName] which is  optional  with value[informix_connection] from namespace [com.topcoder.management.project.persistence.InformixProjectPersistence].
Read propery[ProjectIdSequenceName] which is  optional  with value[project_id_seq] from namespace [com.topcoder.management.project.persistence.InformixProjectPersistence].
Read propery[ProjectAuditIdSequenceName] which is  optional  with value[project_audit_id_seq] from namespace [com.topcoder.management.project.persistence.InformixProjectPersistence].
Read propery[ConnectionFactoryNS] which is  required  with value[com.topcoder.db.connectionfactory.DBConnectionFactoryImpl] from namespace [com.topcoder.management.project.persistence.link.ProjectLinkMgr].
Read propery[ConnectionName] which is  optional  with value[informix_connection] from namespace [com.topcoder.management.project.persistence.link.ProjectLinkMgr].
read property ConnectionFactoryNS[com.topcoder.db.connectionfactory.DBConnectionFactoryImpl] from the namespace :com.topcoder.management.scorecard.persistence.InformixScorecardPersistence
read property ConnectionName[informix_connection] from the namespace :com.topcoder.management.scorecard.persistence.InformixScorecardPersistence
Instantiate SqlUploadPersistence with connectionFactory and connectioName:informix_connection
Instantiate PersistenceUploadManager with UploadPersistence, uploadSearchBundle, submissionSearchBundle, uploadIdGenerator, uploadTypeIdGenerator, uploadStatusIdGenerator, submissionIDGenerator, submissionStatusIdGenerator and submissionTypeIdGenerator.
Instantiate AbstractResourcePersistence with connectionFactory and connectionName[informix_connection].
load Resource role with ids:[J@b54eae,[J@b54eae,[J@b54eae,[J@b54eae,[J@b54eae,[J@b54eae,[J@b54eae,[J@b54eae,[J@b54eae,[J@b54eae,[J@b54eae,[J@b54eae,[J@b54eae,[J@b54eae,[J@b54eae,[J@b54eae,[J@b54eae,[J@b54eae,[J@b54eae,[J@b54eae,[J@b54eae,[J@b54eae
operator: UnknownresourceId: Unknown - creating db connection using connection name: informix_connection
committing transaction
load Notifications with array of userIds/projectIds/notificationTypes.
operator: UnknownresourceId: Unknown - creating db connection using connection name: informix_connection
committing transaction
get projects with the ids: 1
operator: UnknownprojectId: Unknown - creating db connection using connection name: informix_connection
committing transaction
load Resource role with ids:[J@125e41e,[J@125e41e,[J@125e41e,[J@125e41e,[J@125e41e,[J@125e41e,[J@125e41e,[J@125e41e,[J@125e41e,[J@125e41e,[J@125e41e,[J@125e41e,[J@125e41e,[J@125e41e,[J@125e41e,[J@125e41e,[J@125e41e,[J@125e41e,[J@125e41e,[J@125e41e,[J@125e41e,[J@125e41e
operator: UnknownresourceId: Unknown - creating db connection using connection name: informix_connection
committing transaction
load Resource with ids:[J@1cc465f
operator: UnknownresourceId: Unknown - creating db connection using connection name: informix_connection
load ResourceRole with id:4
operator: UnknownresourceId: Unknown - creating db connection using connection name: informix_connection
committing transaction
committing transaction
load Resource with ids:[J@15fa1ab
operator: UnknownresourceId: Unknown - creating db connection using connection name: informix_connection
load ResourceRole with id:12
operator: UnknownresourceId: Unknown - creating db connection using connection name: informix_connection
committing transaction
committing transaction
load Resource with ids:[J@1e89e8c
operator: UnknownresourceId: Unknown - creating db connection using connection name: informix_connection
load ResourceRole with id:13
operator: UnknownresourceId: Unknown - creating db connection using connection name: informix_connection
committing transaction
committing transaction
load Resource with ids:[J@1fd3ed
operator: UnknownresourceId: Unknown - creating db connection using connection name: informix_connection
load ResourceRole with id:9
operator: UnknownresourceId: Unknown - creating db connection using connection name: informix_connection
committing transaction
committing transaction
operator: UnknownresourceId: 100001 - load resource.
operator: UnknownresourceId: Unknown - creating db connection using connection name: informix_connection
load ResourceRole with id:4
operator: UnknownresourceId: Unknown - creating db connection using connection name: informix_connection
committing transaction
committing transaction
operator: UnknownresourceId: 100000 - load resource.
operator: UnknownresourceId: Unknown - creating db connection using connection name: informix_connection
load ResourceRole with id:13
operator: UnknownresourceId: Unknown - creating db connection using connection name: informix_connection
committing transaction
committing transaction
Read propery[ConnectionFactoryNS] which is  required  with value[com.topcoder.db.connectionfactory.DBConnectionFactoryImpl] from namespace [com.topcoder.management.project.persistence.InformixProjectPersistence].
Read propery[ConnectionName] which is  optional  with value[informix_connection] from namespace [com.topcoder.management.project.persistence.InformixProjectPersistence].
Read propery[ProjectIdSequenceName] which is  optional  with value[project_id_seq] from namespace [com.topcoder.management.project.persistence.InformixProjectPersistence].
Read propery[ProjectAuditIdSequenceName] which is  optional  with value[project_audit_id_seq] from namespace [com.topcoder.management.project.persistence.InformixProjectPersistence].
Read propery[ConnectionFactoryNS] which is  required  with value[com.topcoder.db.connectionfactory.DBConnectionFactoryImpl] from namespace [com.topcoder.management.project.persistence.link.ProjectLinkMgr].
Read propery[ConnectionName] which is  optional  with value[informix_connection] from namespace [com.topcoder.management.project.persistence.link.ProjectLinkMgr].
read property ConnectionFactoryNS[com.topcoder.db.connectionfactory.DBConnectionFactoryImpl] from the namespace :com.topcoder.management.scorecard.persistence.InformixScorecardPersistence
read property ConnectionName[informix_connection] from the namespace :com.topcoder.management.scorecard.persistence.InformixScorecardPersistence
Instantiate SqlUploadPersistence with connectionFactory and connectioName:informix_connection
Instantiate PersistenceUploadManager with UploadPersistence, uploadSearchBundle, submissionSearchBundle, uploadIdGenerator, uploadTypeIdGenerator, uploadStatusIdGenerator, submissionIDGenerator, submissionStatusIdGenerator and submissionTypeIdGenerator.
Instantiate AbstractResourcePersistence with connectionFactory and connectionName[informix_connection].
load Resource role with ids:[J@112f091,[J@112f091,[J@112f091,[J@112f091,[J@112f091,[J@112f091,[J@112f091,[J@112f091,[J@112f091,[J@112f091,[J@112f091,[J@112f091,[J@112f091,[J@112f091,[J@112f091,[J@112f091,[J@112f091,[J@112f091,[J@112f091,[J@112f091,[J@112f091,[J@112f091
operator: UnknownresourceId: Unknown - creating db connection using connection name: informix_connection
committing transaction
type: Upload id: Unknown operator:Unknown - search submissions with filter. found: 1
load Resource with ids:[J@151a7,[J@151a7
operator: UnknownresourceId: Unknown - creating db connection using connection name: informix_connection
load ResourceRole with id:4
operator: UnknownresourceId: Unknown - creating db connection using connection name: informix_connection
committing transaction
load ResourceRole with id:4
operator: UnknownresourceId: Unknown - creating db connection using connection name: informix_connection
committing transaction
committing transaction
type: Submission id: 1 operator:1001 - update Submission.
type: Submission id: 1 operator:Unknown - Update Submission, it will update record in submission table.
create db connection using connection name:informix_connection
close the connection.
operator: UnknownresourceId: 4 - load resource.
operator: UnknownresourceId: Unknown - creating db connection using connection name: informix_connection
load ResourceRole with id:1
operator: UnknownresourceId: Unknown - creating db connection using connection name: informix_connection
committing transaction
committing transaction
load Notifications with array of userIds/projectIds/notificationTypes.
operator: UnknownresourceId: Unknown - creating db connection using connection name: informix_connection
committing transaction
get projects with the ids: 1
operator: UnknownprojectId: Unknown - creating db connection using connection name: informix_connection
committing transaction
load Resource role with ids:[J@112376c,[J@112376c,[J@112376c,[J@112376c,[J@112376c,[J@112376c,[J@112376c,[J@112376c,[J@112376c,[J@112376c,[J@112376c,[J@112376c,[J@112376c,[J@112376c,[J@112376c,[J@112376c,[J@112376c,[J@112376c,[J@112376c,[J@112376c,[J@112376c,[J@112376c
operator: UnknownresourceId: Unknown - creating db connection using connection name: informix_connection
committing transaction
load Resource with ids:[J@137d2b6,[J@137d2b6,[J@137d2b6
operator: UnknownresourceId: Unknown - creating db connection using connection name: informix_connection
load ResourceRole with id:4
operator: UnknownresourceId: Unknown - creating db connection using connection name: informix_connection
committing transaction
load ResourceRole with id:4
operator: UnknownresourceId: Unknown - creating db connection using connection name: informix_connection
committing transaction
load ResourceRole with id:4
operator: UnknownresourceId: Unknown - creating db connection using connection name: informix_connection
committing transaction
committing transaction
load Resource with ids:[J@17f3214
operator: UnknownresourceId: Unknown - creating db connection using connection name: informix_connection
load ResourceRole with id:12
operator: UnknownresourceId: Unknown - creating db connection using connection name: informix_connection
committing transaction
committing transaction
load Resource with ids:[J@49416b
operator: UnknownresourceId: Unknown - creating db connection using connection name: informix_connection
load ResourceRole with id:13
operator: UnknownresourceId: Unknown - creating db connection using connection name: informix_connection
committing transaction
committing transaction
load Resource with ids:[J@1535917
operator: UnknownresourceId: Unknown - creating db connection using connection name: informix_connection
load ResourceRole with id:9
operator: UnknownresourceId: Unknown - creating db connection using connection name: informix_connection
committing transaction
committing transaction
load Resource with ids:[J@6a9993
operator: UnknownresourceId: Unknown - creating db connection using connection name: informix_connection
load ResourceRole with id:1
operator: UnknownresourceId: Unknown - creating db connection using connection name: informix_connection
committing transaction
committing transaction
operator: UnknownresourceId: 6 - load resource.
operator: UnknownresourceId: Unknown - creating db connection using connection name: informix_connection
load ResourceRole with id:4
operator: UnknownresourceId: Unknown - creating db connection using connection name: informix_connection
committing transaction
committing transaction
operator: UnknownresourceId: 4 - load resource.
operator: UnknownresourceId: Unknown - creating db connection using connection name: informix_connection
load ResourceRole with id:1
operator: UnknownresourceId: Unknown - creating db connection using connection name: informix_connection
committing transaction
committing transaction
operator: UnknownresourceId: 100000 - load resource.
operator: UnknownresourceId: Unknown - creating db connection using connection name: informix_connection
load ResourceRole with id:13
operator: UnknownresourceId: Unknown - creating db connection using connection name: informix_connection
committing transaction
committing transaction
operator: UnknownresourceId: 7 - load resource.
operator: UnknownresourceId: Unknown - creating db connection using connection name: informix_connection
load ResourceRole with id:4
operator: UnknownresourceId: Unknown - creating db connection using connection name: informix_connection
committing transaction
committing transaction
Read propery[ConnectionFactoryNS] which is  required  with value[com.topcoder.db.connectionfactory.DBConnectionFactoryImpl] from namespace [com.topcoder.management.project.persistence.InformixProjectPersistence].
Read propery[ConnectionName] which is  optional  with value[informix_connection] from namespace [com.topcoder.management.project.persistence.InformixProjectPersistence].
Read propery[ProjectIdSequenceName] which is  optional  with value[project_id_seq] from namespace [com.topcoder.management.project.persistence.InformixProjectPersistence].
Read propery[ProjectAuditIdSequenceName] which is  optional  with value[project_audit_id_seq] from namespace [com.topcoder.management.project.persistence.InformixProjectPersistence].
Read propery[ConnectionFactoryNS] which is  required  with value[com.topcoder.db.connectionfactory.DBConnectionFactoryImpl] from namespace [com.topcoder.management.project.persistence.link.ProjectLinkMgr].
Read propery[ConnectionName] which is  optional  with value[informix_connection] from namespace [com.topcoder.management.project.persistence.link.ProjectLinkMgr].
read property ConnectionFactoryNS[com.topcoder.db.connectionfactory.DBConnectionFactoryImpl] from the namespace :com.topcoder.management.scorecard.persistence.InformixScorecardPersistence
read property ConnectionName[informix_connection] from the namespace :com.topcoder.management.scorecard.persistence.InformixScorecardPersistence
Instantiate SqlUploadPersistence with connectionFactory and connectioName:informix_connection
Instantiate PersistenceUploadManager with UploadPersistence, uploadSearchBundle, submissionSearchBundle, uploadIdGenerator, uploadTypeIdGenerator, uploadStatusIdGenerator, submissionIDGenerator, submissionStatusIdGenerator and submissionTypeIdGenerator.
Instantiate AbstractResourcePersistence with connectionFactory and connectionName[informix_connection].
load Resource role with ids:[J@af100d,[J@af100d,[J@af100d,[J@af100d,[J@af100d,[J@af100d,[J@af100d,[J@af100d,[J@af100d,[J@af100d,[J@af100d,[J@af100d,[J@af100d,[J@af100d,[J@af100d,[J@af100d,[J@af100d,[J@af100d,[J@af100d,[J@af100d,[J@af100d,[J@af100d
operator: UnknownresourceId: Unknown - creating db connection using connection name: informix_connection
committing transaction
type: Upload id: Unknown operator:Unknown - search submissions with filter. found: 1
load Resource with ids:[J@102eaff,[J@102eaff
operator: UnknownresourceId: Unknown - creating db connection using connection name: informix_connection
load ResourceRole with id:4
operator: UnknownresourceId: Unknown - creating db connection using connection name: informix_connection
committing transaction
load ResourceRole with id:4
operator: UnknownresourceId: Unknown - creating db connection using connection name: informix_connection
committing transaction
committing transaction
type: Submission id: 1 operator:1001 - update Submission.
type: Submission id: 1 operator:Unknown - Update Submission, it will update record in submission table.
create db connection using connection name:informix_connection
close the connection.
operator: UnknownresourceId: 4 - load resource.
operator: UnknownresourceId: Unknown - creating db connection using connection name: informix_connection
load ResourceRole with id:1
operator: UnknownresourceId: Unknown - creating db connection using connection name: informix_connection
committing transaction
committing transaction
load Notifications with array of userIds/projectIds/notificationTypes.
operator: UnknownresourceId: Unknown - creating db connection using connection name: informix_connection
committing transaction
get projects with the ids: 1
operator: UnknownprojectId: Unknown - creating db connection using connection name: informix_connection
committing transaction
load Resource role with ids:[J@15403e,[J@15403e,[J@15403e,[J@15403e,[J@15403e,[J@15403e,[J@15403e,[J@15403e,[J@15403e,[J@15403e,[J@15403e,[J@15403e,[J@15403e,[J@15403e,[J@15403e,[J@15403e,[J@15403e,[J@15403e,[J@15403e,[J@15403e,[J@15403e,[J@15403e
operator: UnknownresourceId: Unknown - creating db connection using connection name: informix_connection
committing transaction
load Resource with ids:[J@17900df,[J@17900df,[J@17900df
operator: UnknownresourceId: Unknown - creating db connection using connection name: informix_connection
load ResourceRole with id:4
operator: UnknownresourceId: Unknown - creating db connection using connection name: informix_connection
committing transaction
load ResourceRole with id:4
operator: UnknownresourceId: Unknown - creating db connection using connection name: informix_connection
committing transaction
load ResourceRole with id:4
operator: UnknownresourceId: Unknown - creating db connection using connection name: informix_connection
committing transaction
committing transaction
load Resource with ids:[J@15ca1bd
operator: UnknownresourceId: Unknown - creating db connection using connection name: informix_connection
load ResourceRole with id:12
operator: UnknownresourceId: Unknown - creating db connection using connection name: informix_connection
committing transaction
committing transaction
load Resource with ids:[J@1a22fe3
operator: UnknownresourceId: Unknown - creating db connection using connection name: informix_connection
load ResourceRole with id:13
operator: UnknownresourceId: Unknown - creating db connection using connection name: informix_connection
committing transaction
committing transaction
load Resource with ids:[J@16abf71
operator: UnknownresourceId: Unknown - creating db connection using connection name: informix_connection
load ResourceRole with id:9
operator: UnknownresourceId: Unknown - creating db connection using connection name: informix_connection
committing transaction
committing transaction
load Resource with ids:[J@a06c6
operator: UnknownresourceId: Unknown - creating db connection using connection name: informix_connection
load ResourceRole with id:1
operator: UnknownresourceId: Unknown - creating db connection using connection name: informix_connection
committing transaction
committing transaction
operator: UnknownresourceId: 6 - load resource.
operator: UnknownresourceId: Unknown - creating db connection using connection name: informix_connection
load ResourceRole with id:4
operator: UnknownresourceId: Unknown - creating db connection using connection name: informix_connection
committing transaction
committing transaction
operator: UnknownresourceId: 4 - load resource.
operator: UnknownresourceId: Unknown - creating db connection using connection name: informix_connection
load ResourceRole with id:1
operator: UnknownresourceId: Unknown - creating db connection using connection name: informix_connection
committing transaction
committing transaction
operator: UnknownresourceId: 100000 - load resource.
operator: UnknownresourceId: Unknown - creating db connection using connection name: informix_connection
load ResourceRole with id:13
operator: UnknownresourceId: Unknown - creating db connection using connection name: informix_connection
committing transaction
committing transaction
operator: UnknownresourceId: 7 - load resource.
operator: UnknownresourceId: Unknown - creating db connection using connection name: informix_connection
load ResourceRole with id:4
operator: UnknownresourceId: Unknown - creating db connection using connection name: informix_connection
committing transaction
committing transaction
Read propery[ConnectionFactoryNS] which is  required  with value[com.topcoder.db.connectionfactory.DBConnectionFactoryImpl] from namespace [com.topcoder.management.project.persistence.InformixProjectPersistence].
Read propery[ConnectionName] which is  optional  with value[informix_connection] from namespace [com.topcoder.management.project.persistence.InformixProjectPersistence].
Read propery[ProjectIdSequenceName] which is  optional  with value[project_id_seq] from namespace [com.topcoder.management.project.persistence.InformixProjectPersistence].
Read propery[ProjectAuditIdSequenceName] which is  optional  with value[project_audit_id_seq] from namespace [com.topcoder.management.project.persistence.InformixProjectPersistence].
Read propery[ConnectionFactoryNS] which is  required  with value[com.topcoder.db.connectionfactory.DBConnectionFactoryImpl] from namespace [com.topcoder.management.project.persistence.link.ProjectLinkMgr].
Read propery[ConnectionName] which is  optional  with value[informix_connection] from namespace [com.topcoder.management.project.persistence.link.ProjectLinkMgr].
read property ConnectionFactoryNS[com.topcoder.db.connectionfactory.DBConnectionFactoryImpl] from the namespace :com.topcoder.management.scorecard.persistence.InformixScorecardPersistence
read property ConnectionName[informix_connection] from the namespace :com.topcoder.management.scorecard.persistence.InformixScorecardPersistence
Instantiate SqlUploadPersistence with connectionFactory and connectioName:informix_connection
Instantiate PersistenceUploadManager with UploadPersistence, uploadSearchBundle, submissionSearchBundle, uploadIdGenerator, uploadTypeIdGenerator, uploadStatusIdGenerator, submissionIDGenerator, submissionStatusIdGenerator and submissionTypeIdGenerator.
Instantiate AbstractResourcePersistence with connectionFactory and connectionName[informix_connection].
load Resource role with ids:[J@69a4ad,[J@69a4ad,[J@69a4ad,[J@69a4ad,[J@69a4ad,[J@69a4ad,[J@69a4ad,[J@69a4ad,[J@69a4ad,[J@69a4ad,[J@69a4ad,[J@69a4ad,[J@69a4ad,[J@69a4ad,[J@69a4ad,[J@69a4ad,[J@69a4ad,[J@69a4ad,[J@69a4ad,[J@69a4ad,[J@69a4ad,[J@69a4ad
operator: UnknownresourceId: Unknown - creating db connection using connection name: informix_connection
committing transaction
type: Upload id: Unknown operator:Unknown - search submissions with filter. found: 1
operator: UnknownresourceId: 4 - load resource.
operator: UnknownresourceId: Unknown - creating db connection using connection name: informix_connection
load ResourceRole with id:1
operator: UnknownresourceId: Unknown - creating db connection using connection name: informix_connection
committing transaction
committing transaction
load Resource with ids:[J@edb5aa
operator: UnknownresourceId: Unknown - creating db connection using connection name: informix_connection
load ResourceRole with id:4
operator: UnknownresourceId: Unknown - creating db connection using connection name: informix_connection
committing transaction
committing transaction
load Notifications with array of userIds/projectIds/notificationTypes.
operator: UnknownresourceId: Unknown - creating db connection using connection name: informix_connection
committing transaction
get projects with the ids: 1
operator: UnknownprojectId: Unknown - creating db connection using connection name: informix_connection
committing transaction
load Resource role with ids:[J@888fd4,[J@888fd4,[J@888fd4,[J@888fd4,[J@888fd4,[J@888fd4,[J@888fd4,[J@888fd4,[J@888fd4,[J@888fd4,[J@888fd4,[J@888fd4,[J@888fd4,[J@888fd4,[J@888fd4,[J@888fd4,[J@888fd4,[J@888fd4,[J@888fd4,[J@888fd4,[J@888fd4,[J@888fd4
operator: UnknownresourceId: Unknown - creating db connection using connection name: informix_connection
committing transaction
load Resource with ids:[J@17403a7,[J@17403a7
operator: UnknownresourceId: Unknown - creating db connection using connection name: informix_connection
load ResourceRole with id:4
operator: UnknownresourceId: Unknown - creating db connection using connection name: informix_connection
committing transaction
load ResourceRole with id:4
operator: UnknownresourceId: Unknown - creating db connection using connection name: informix_connection
committing transaction
committing transaction
load Resource with ids:[J@1bb7805
operator: UnknownresourceId: Unknown - creating db connection using connection name: informix_connection
load ResourceRole with id:12
operator: UnknownresourceId: Unknown - creating db connection using connection name: informix_connection
committing transaction
committing transaction
load Resource with ids:[J@ae2a84
operator: UnknownresourceId: Unknown - creating db connection using connection name: informix_connection
load ResourceRole with id:13
operator: UnknownresourceId: Unknown - creating db connection using connection name: informix_connection
committing transaction
committing transaction
load Resource with ids:[J@187f025
operator: UnknownresourceId: Unknown - creating db connection using connection name: informix_connection
load ResourceRole with id:9
operator: UnknownresourceId: Unknown - creating db connection using connection name: informix_connection
committing transaction
committing transaction
load Resource with ids:[J@2edf7e
operator: UnknownresourceId: Unknown - creating db connection using connection name: informix_connection
load ResourceRole with id:1
operator: UnknownresourceId: Unknown - creating db connection using connection name: informix_connection
committing transaction
committing transaction
operator: UnknownresourceId: 6 - load resource.
operator: UnknownresourceId: Unknown - creating db connection using connection name: informix_connection
load ResourceRole with id:4
operator: UnknownresourceId: Unknown - creating db connection using connection name: informix_connection
committing transaction
committing transaction
operator: UnknownresourceId: 4 - load resource.
operator: UnknownresourceId: Unknown - creating db connection using connection name: informix_connection
load ResourceRole with id:1
operator: UnknownresourceId: Unknown - creating db connection using connection name: informix_connection
committing transaction
committing transaction
operator: UnknownresourceId: 100000 - load resource.
operator: UnknownresourceId: Unknown - creating db connection using connection name: informix_connection
load ResourceRole with id:13
operator: UnknownresourceId: Unknown - creating db connection using connection name: informix_connection
committing transaction
committing transaction
Read propery[ConnectionFactoryNS] which is  required  with value[com.topcoder.db.connectionfactory.DBConnectionFactoryImpl] from namespace [com.topcoder.management.project.persistence.InformixProjectPersistence].
Read propery[ConnectionName] which is  optional  with value[informix_connection] from namespace [com.topcoder.management.project.persistence.InformixProjectPersistence].
Read propery[ProjectIdSequenceName] which is  optional  with value[project_id_seq] from namespace [com.topcoder.management.project.persistence.InformixProjectPersistence].
Read propery[ProjectAuditIdSequenceName] which is  optional  with value[project_audit_id_seq] from namespace [com.topcoder.management.project.persistence.InformixProjectPersistence].
Read propery[ConnectionFactoryNS] which is  required  with value[com.topcoder.db.connectionfactory.DBConnectionFactoryImpl] from namespace [com.topcoder.management.project.persistence.link.ProjectLinkMgr].
Read propery[ConnectionName] which is  optional  with value[informix_connection] from namespace [com.topcoder.management.project.persistence.link.ProjectLinkMgr].
read property ConnectionFactoryNS[com.topcoder.db.connectionfactory.DBConnectionFactoryImpl] from the namespace :com.topcoder.management.scorecard.persistence.InformixScorecardPersistence
read property ConnectionName[informix_connection] from the namespace :com.topcoder.management.scorecard.persistence.InformixScorecardPersistence
Instantiate SqlUploadPersistence with connectionFactory and connectioName:informix_connection
Instantiate PersistenceUploadManager with UploadPersistence, uploadSearchBundle, submissionSearchBundle, uploadIdGenerator, uploadTypeIdGenerator, uploadStatusIdGenerator, submissionIDGenerator, submissionStatusIdGenerator and submissionTypeIdGenerator.
Instantiate AbstractResourcePersistence with connectionFactory and connectionName[informix_connection].
load Resource role with ids:[J@10bd07,[J@10bd07,[J@10bd07,[J@10bd07,[J@10bd07,[J@10bd07,[J@10bd07,[J@10bd07,[J@10bd07,[J@10bd07,[J@10bd07,[J@10bd07,[J@10bd07,[J@10bd07,[J@10bd07,[J@10bd07,[J@10bd07,[J@10bd07,[J@10bd07,[J@10bd07,[J@10bd07,[J@10bd07
operator: UnknownresourceId: Unknown - creating db connection using connection name: informix_connection
committing transaction
type: Upload id: Unknown operator:Unknown - search submissions with filter. found: 1
operator: UnknownresourceId: 4 - load resource.
operator: UnknownresourceId: Unknown - creating db connection using connection name: informix_connection
load ResourceRole with id:1
operator: UnknownresourceId: Unknown - creating db connection using connection name: informix_connection
committing transaction
committing transaction
load Notifications with array of userIds/projectIds/notificationTypes.
operator: UnknownresourceId: Unknown - creating db connection using connection name: informix_connection
committing transaction
get projects with the ids: 1
operator: UnknownprojectId: Unknown - creating db connection using connection name: informix_connection
committing transaction
load Resource role with ids:[J@1f5b0e4,[J@1f5b0e4,[J@1f5b0e4,[J@1f5b0e4,[J@1f5b0e4,[J@1f5b0e4,[J@1f5b0e4,[J@1f5b0e4,[J@1f5b0e4,[J@1f5b0e4,[J@1f5b0e4,[J@1f5b0e4,[J@1f5b0e4,[J@1f5b0e4,[J@1f5b0e4,[J@1f5b0e4,[J@1f5b0e4,[J@1f5b0e4,[J@1f5b0e4,[J@1f5b0e4,[J@1f5b0e4,[J@1f5b0e4
operator: UnknownresourceId: Unknown - creating db connection using connection name: informix_connection
committing transaction
load Resource with ids:[J@1f8ecfc
operator: UnknownresourceId: Unknown - creating db connection using connection name: informix_connection
load ResourceRole with id:4
operator: UnknownresourceId: Unknown - creating db connection using connection name: informix_connection
committing transaction
committing transaction
load Resource with ids:[J@100616e
operator: UnknownresourceId: Unknown - creating db connection using connection name: informix_connection
load ResourceRole with id:12
operator: UnknownresourceId: Unknown - creating db connection using connection name: informix_connection
committing transaction
committing transaction
load Resource with ids:[J@1fb35af
operator: UnknownresourceId: Unknown - creating db connection using connection name: informix_connection
load ResourceRole with id:13
operator: UnknownresourceId: Unknown - creating db connection using connection name: informix_connection
committing transaction
committing transaction
load Resource with ids:[J@1d39f3b
operator: UnknownresourceId: Unknown - creating db connection using connection name: informix_connection
load ResourceRole with id:9
operator: UnknownresourceId: Unknown - creating db connection using connection name: informix_connection
committing transaction
committing transaction
load Resource with ids:[J@1f841e6
operator: UnknownresourceId: Unknown - creating db connection using connection name: informix_connection
load ResourceRole with id:1
operator: UnknownresourceId: Unknown - creating db connection using connection name: informix_connection
committing transaction
committing transaction
operator: UnknownresourceId: 100001 - load resource.
operator: UnknownresourceId: Unknown - creating db connection using connection name: informix_connection
load ResourceRole with id:4
operator: UnknownresourceId: Unknown - creating db connection using connection name: informix_connection
committing transaction
committing transaction
operator: UnknownresourceId: 4 - load resource.
operator: UnknownresourceId: Unknown - creating db connection using connection name: informix_connection
load ResourceRole with id:1
operator: UnknownresourceId: Unknown - creating db connection using connection name: informix_connection
committing transaction
committing transaction
operator: UnknownresourceId: 100000 - load resource.
operator: UnknownresourceId: Unknown - creating db connection using connection name: informix_connection
load ResourceRole with id:13
operator: UnknownresourceId: Unknown - creating db connection using connection name: informix_connection
committing transaction
committing transaction
Read propery[ConnectionFactoryNS] which is  required  with value[com.topcoder.db.connectionfactory.DBConnectionFactoryImpl] from namespace [com.topcoder.management.project.persistence.InformixProjectPersistence].
Read propery[ConnectionName] which is  optional  with value[informix_connection] from namespace [com.topcoder.management.project.persistence.InformixProjectPersistence].
Read propery[ProjectIdSequenceName] which is  optional  with value[project_id_seq] from namespace [com.topcoder.management.project.persistence.InformixProjectPersistence].
Read propery[ProjectAuditIdSequenceName] which is  optional  with value[project_audit_id_seq] from namespace [com.topcoder.management.project.persistence.InformixProjectPersistence].
Read propery[ConnectionFactoryNS] which is  required  with value[com.topcoder.db.connectionfactory.DBConnectionFactoryImpl] from namespace [com.topcoder.management.project.persistence.link.ProjectLinkMgr].
Read propery[ConnectionName] which is  optional  with value[informix_connection] from namespace [com.topcoder.management.project.persistence.link.ProjectLinkMgr].
read property ConnectionFactoryNS[com.topcoder.db.connectionfactory.DBConnectionFactoryImpl] from the namespace :com.topcoder.management.scorecard.persistence.InformixScorecardPersistence
read property ConnectionName[informix_connection] from the namespace :com.topcoder.management.scorecard.persistence.InformixScorecardPersistence
Instantiate SqlUploadPersistence with connectionFactory and connectioName:informix_connection
Instantiate PersistenceUploadManager with UploadPersistence, uploadSearchBundle, submissionSearchBundle, uploadIdGenerator, uploadTypeIdGenerator, uploadStatusIdGenerator, submissionIDGenerator, submissionStatusIdGenerator and submissionTypeIdGenerator.
Instantiate AbstractResourcePersistence with connectionFactory and connectionName[informix_connection].
load Resource role with ids:[J@119dfef,[J@119dfef,[J@119dfef,[J@119dfef,[J@119dfef,[J@119dfef,[J@119dfef,[J@119dfef,[J@119dfef,[J@119dfef,[J@119dfef,[J@119dfef,[J@119dfef,[J@119dfef,[J@119dfef,[J@119dfef,[J@119dfef,[J@119dfef,[J@119dfef,[J@119dfef,[J@119dfef,[J@119dfef
operator: UnknownresourceId: Unknown - creating db connection using connection name: informix_connection
committing transaction
load Resource with ids:[J@37f72b
operator: UnknownresourceId: Unknown - creating db connection using connection name: informix_connection
load ResourceRole with id:10
operator: UnknownresourceId: Unknown - creating db connection using connection name: informix_connection
committing transaction
committing transaction
Read propery[ConnectionFactoryNS] which is  required  with value[com.topcoder.db.connectionfactory.DBConnectionFactoryImpl] from namespace [com.topcoder.management.project.persistence.InformixProjectPersistence].
Read propery[ConnectionName] which is  optional  with value[informix_connection] from namespace [com.topcoder.management.project.persistence.InformixProjectPersistence].
Read propery[ProjectIdSequenceName] which is  optional  with value[project_id_seq] from namespace [com.topcoder.management.project.persistence.InformixProjectPersistence].
Read propery[ProjectAuditIdSequenceName] which is  optional  with value[project_audit_id_seq] from namespace [com.topcoder.management.project.persistence.InformixProjectPersistence].
Read propery[ConnectionFactoryNS] which is  required  with value[com.topcoder.db.connectionfactory.DBConnectionFactoryImpl] from namespace [com.topcoder.management.project.persistence.link.ProjectLinkMgr].
Read propery[ConnectionName] which is  optional  with value[informix_connection] from namespace [com.topcoder.management.project.persistence.link.ProjectLinkMgr].
read property ConnectionFactoryNS[com.topcoder.db.connectionfactory.DBConnectionFactoryImpl] from the namespace :com.topcoder.management.scorecard.persistence.InformixScorecardPersistence
read property ConnectionName[informix_connection] from the namespace :com.topcoder.management.scorecard.persistence.InformixScorecardPersistence
Instantiate SqlUploadPersistence with connectionFactory and connectioName:informix_connection
Instantiate PersistenceUploadManager with UploadPersistence, uploadSearchBundle, submissionSearchBundle, uploadIdGenerator, uploadTypeIdGenerator, uploadStatusIdGenerator, submissionIDGenerator, submissionStatusIdGenerator and submissionTypeIdGenerator.
Instantiate AbstractResourcePersistence with connectionFactory and connectionName[informix_connection].
load Resource role with ids:[J@1e37bfe,[J@1e37bfe,[J@1e37bfe,[J@1e37bfe,[J@1e37bfe,[J@1e37bfe,[J@1e37bfe,[J@1e37bfe,[J@1e37bfe,[J@1e37bfe,[J@1e37bfe,[J@1e37bfe,[J@1e37bfe,[J@1e37bfe,[J@1e37bfe,[J@1e37bfe,[J@1e37bfe,[J@1e37bfe,[J@1e37bfe,[J@1e37bfe,[J@1e37bfe,[J@1e37bfe
operator: UnknownresourceId: Unknown - creating db connection using connection name: informix_connection
committing transaction
Read propery[ConnectionFactoryNS] which is  required  with value[com.topcoder.db.connectionfactory.DBConnectionFactoryImpl] from namespace [com.topcoder.management.project.persistence.InformixProjectPersistence].
Read propery[ConnectionName] which is  optional  with value[informix_connection] from namespace [com.topcoder.management.project.persistence.InformixProjectPersistence].
Read propery[ProjectIdSequenceName] which is  optional  with value[project_id_seq] from namespace [com.topcoder.management.project.persistence.InformixProjectPersistence].
Read propery[ProjectAuditIdSequenceName] which is  optional  with value[project_audit_id_seq] from namespace [com.topcoder.management.project.persistence.InformixProjectPersistence].
Read propery[ConnectionFactoryNS] which is  required  with value[com.topcoder.db.connectionfactory.DBConnectionFactoryImpl] from namespace [com.topcoder.management.project.persistence.link.ProjectLinkMgr].
Read propery[ConnectionName] which is  optional  with value[informix_connection] from namespace [com.topcoder.management.project.persistence.link.ProjectLinkMgr].
read property ConnectionFactoryNS[com.topcoder.db.connectionfactory.DBConnectionFactoryImpl] from the namespace :com.topcoder.management.scorecard.persistence.InformixScorecardPersistence
read property ConnectionName[informix_connection] from the namespace :com.topcoder.management.scorecard.persistence.InformixScorecardPersistence
Instantiate SqlUploadPersistence with connectionFactory and connectioName:informix_connection
Instantiate PersistenceUploadManager with UploadPersistence, uploadSearchBundle, submissionSearchBundle, uploadIdGenerator, uploadTypeIdGenerator, uploadStatusIdGenerator, submissionIDGenerator, submissionStatusIdGenerator and submissionTypeIdGenerator.
Instantiate AbstractResourcePersistence with connectionFactory and connectionName[informix_connection].
load Resource role with ids:[J@1e31981,[J@1e31981,[J@1e31981,[J@1e31981,[J@1e31981,[J@1e31981,[J@1e31981,[J@1e31981,[J@1e31981,[J@1e31981,[J@1e31981,[J@1e31981,[J@1e31981,[J@1e31981,[J@1e31981,[J@1e31981,[J@1e31981,[J@1e31981,[J@1e31981,[J@1e31981,[J@1e31981,[J@1e31981
operator: UnknownresourceId: Unknown - creating db connection using connection name: informix_connection
committing transaction
get projects with the ids: 1
operator: UnknownprojectId: Unknown - creating db connection using connection name: informix_connection
committing transaction
load Resource role with ids:[J@f8728c,[J@f8728c,[J@f8728c,[J@f8728c,[J@f8728c,[J@f8728c,[J@f8728c,[J@f8728c,[J@f8728c,[J@f8728c,[J@f8728c,[J@f8728c,[J@f8728c,[J@f8728c,[J@f8728c,[J@f8728c,[J@f8728c,[J@f8728c,[J@f8728c,[J@f8728c,[J@f8728c,[J@f8728c
operator: UnknownresourceId: Unknown - creating db connection using connection name: informix_connection
committing transaction
Read propery[ConnectionFactoryNS] which is  required  with value[com.topcoder.db.connectionfactory.DBConnectionFactoryImpl] from namespace [com.topcoder.management.project.persistence.InformixProjectPersistence].
Read propery[ConnectionName] which is  optional  with value[informix_connection] from namespace [com.topcoder.management.project.persistence.InformixProjectPersistence].
Read propery[ProjectIdSequenceName] which is  optional  with value[project_id_seq] from namespace [com.topcoder.management.project.persistence.InformixProjectPersistence].
Read propery[ProjectAuditIdSequenceName] which is  optional  with value[project_audit_id_seq] from namespace [com.topcoder.management.project.persistence.InformixProjectPersistence].
Read propery[ConnectionFactoryNS] which is  required  with value[com.topcoder.db.connectionfactory.DBConnectionFactoryImpl] from namespace [com.topcoder.management.project.persistence.link.ProjectLinkMgr].
Read propery[ConnectionName] which is  optional  with value[informix_connection] from namespace [com.topcoder.management.project.persistence.link.ProjectLinkMgr].
read property ConnectionFactoryNS[com.topcoder.db.connectionfactory.DBConnectionFactoryImpl] from the namespace :com.topcoder.management.scorecard.persistence.InformixScorecardPersistence
read property ConnectionName[informix_connection] from the namespace :com.topcoder.management.scorecard.persistence.InformixScorecardPersistence
Instantiate SqlUploadPersistence with connectionFactory and connectioName:informix_connection
Instantiate PersistenceUploadManager with UploadPersistence, uploadSearchBundle, submissionSearchBundle, uploadIdGenerator, uploadTypeIdGenerator, uploadStatusIdGenerator, submissionIDGenerator, submissionStatusIdGenerator and submissionTypeIdGenerator.
Instantiate AbstractResourcePersistence with connectionFactory and connectionName[informix_connection].
load Resource role with ids:[J@19a933a,[J@19a933a,[J@19a933a,[J@19a933a,[J@19a933a,[J@19a933a,[J@19a933a,[J@19a933a,[J@19a933a,[J@19a933a,[J@19a933a,[J@19a933a,[J@19a933a,[J@19a933a,[J@19a933a,[J@19a933a,[J@19a933a,[J@19a933a,[J@19a933a,[J@19a933a,[J@19a933a,[J@19a933a
operator: UnknownresourceId: Unknown - creating db connection using connection name: informix_connection
committing transaction
load Resource with ids:[J@15f9905
operator: UnknownresourceId: Unknown - creating db connection using connection name: informix_connection
load ResourceRole with id:10
operator: UnknownresourceId: Unknown - creating db connection using connection name: informix_connection
committing transaction
committing transaction
load Resource with ids:[J@e41b87
operator: UnknownresourceId: Unknown - creating db connection using connection name: informix_connection
load ResourceRole with id:10
operator: UnknownresourceId: Unknown - creating db connection using connection name: informix_connection
committing transaction
committing transaction
load Resource with ids:[J@19882ec
operator: UnknownresourceId: Unknown - creating db connection using connection name: informix_connection
load ResourceRole with id:10
operator: UnknownresourceId: Unknown - creating db connection using connection name: informix_connection
committing transaction
committing transaction
get projects with the ids: 1
operator: UnknownprojectId: Unknown - creating db connection using connection name: informix_connection
committing transaction
load Resource role with ids:[J@da2645,[J@da2645,[J@da2645,[J@da2645,[J@da2645,[J@da2645,[J@da2645,[J@da2645,[J@da2645,[J@da2645,[J@da2645,[J@da2645,[J@da2645,[J@da2645,[J@da2645,[J@da2645,[J@da2645,[J@da2645,[J@da2645,[J@da2645,[J@da2645,[J@da2645
operator: UnknownresourceId: Unknown - creating db connection using connection name: informix_connection
committing transaction
load Resource with ids:[J@1fdabd9
operator: UnknownresourceId: Unknown - creating db connection using connection name: informix_connection
load ResourceRole with id:9
operator: UnknownresourceId: Unknown - creating db connection using connection name: informix_connection
committing transaction
committing transaction
load Resource with ids:[J@1b9c3be
operator: UnknownresourceId: Unknown - creating db connection using connection name: informix_connection
load ResourceRole with id:10
operator: UnknownresourceId: Unknown - creating db connection using connection name: informix_connection
committing transaction
committing transaction
Read propery[ConnectionFactoryNS] which is  required  with value[com.topcoder.db.connectionfactory.DBConnectionFactoryImpl] from namespace [com.topcoder.management.project.persistence.InformixProjectPersistence].
Read propery[ConnectionName] which is  optional  with value[informix_connection] from namespace [com.topcoder.management.project.persistence.InformixProjectPersistence].
Read propery[ProjectIdSequenceName] which is  optional  with value[project_id_seq] from namespace [com.topcoder.management.project.persistence.InformixProjectPersistence].
Read propery[ProjectAuditIdSequenceName] which is  optional  with value[project_audit_id_seq] from namespace [com.topcoder.management.project.persistence.InformixProjectPersistence].
Read propery[ConnectionFactoryNS] which is  required  with value[com.topcoder.db.connectionfactory.DBConnectionFactoryImpl] from namespace [com.topcoder.management.project.persistence.link.ProjectLinkMgr].
Read propery[ConnectionName] which is  optional  with value[informix_connection] from namespace [com.topcoder.management.project.persistence.link.ProjectLinkMgr].
read property ConnectionFactoryNS[com.topcoder.db.connectionfactory.DBConnectionFactoryImpl] from the namespace :com.topcoder.management.scorecard.persistence.InformixScorecardPersistence
read property ConnectionName[informix_connection] from the namespace :com.topcoder.management.scorecard.persistence.InformixScorecardPersistence
Instantiate SqlUploadPersistence with connectionFactory and connectioName:informix_connection
Instantiate PersistenceUploadManager with UploadPersistence, uploadSearchBundle, submissionSearchBundle, uploadIdGenerator, uploadTypeIdGenerator, uploadStatusIdGenerator, submissionIDGenerator, submissionStatusIdGenerator and submissionTypeIdGenerator.
Instantiate AbstractResourcePersistence with connectionFactory and connectionName[informix_connection].
load Resource role with ids:[J@1126e4e,[J@1126e4e,[J@1126e4e,[J@1126e4e,[J@1126e4e,[J@1126e4e,[J@1126e4e,[J@1126e4e,[J@1126e4e,[J@1126e4e,[J@1126e4e,[J@1126e4e,[J@1126e4e,[J@1126e4e,[J@1126e4e,[J@1126e4e,[J@1126e4e,[J@1126e4e,[J@1126e4e,[J@1126e4e,[J@1126e4e,[J@1126e4e
operator: UnknownresourceId: Unknown - creating db connection using connection name: informix_connection
committing transaction
Read propery[ConnectionFactoryNS] which is  required  with value[com.topcoder.db.connectionfactory.DBConnectionFactoryImpl] from namespace [com.topcoder.management.project.persistence.InformixProjectPersistence].
Read propery[ConnectionName] which is  optional  with value[informix_connection] from namespace [com.topcoder.management.project.persistence.InformixProjectPersistence].
Read propery[ProjectIdSequenceName] which is  optional  with value[project_id_seq] from namespace [com.topcoder.management.project.persistence.InformixProjectPersistence].
Read propery[ProjectAuditIdSequenceName] which is  optional  with value[project_audit_id_seq] from namespace [com.topcoder.management.project.persistence.InformixProjectPersistence].
Read propery[ConnectionFactoryNS] which is  required  with value[com.topcoder.db.connectionfactory.DBConnectionFactoryImpl] from namespace [com.topcoder.management.project.persistence.link.ProjectLinkMgr].
Read propery[ConnectionName] which is  optional  with value[informix_connection] from namespace [com.topcoder.management.project.persistence.link.ProjectLinkMgr].
read property ConnectionFactoryNS[com.topcoder.db.connectionfactory.DBConnectionFactoryImpl] from the namespace :com.topcoder.management.scorecard.persistence.InformixScorecardPersistence
read property ConnectionName[informix_connection] from the namespace :com.topcoder.management.scorecard.persistence.InformixScorecardPersistence
Instantiate SqlUploadPersistence with connectionFactory and connectioName:informix_connection
Instantiate PersistenceUploadManager with UploadPersistence, uploadSearchBundle, submissionSearchBundle, uploadIdGenerator, uploadTypeIdGenerator, uploadStatusIdGenerator, submissionIDGenerator, submissionStatusIdGenerator and submissionTypeIdGenerator.
Instantiate AbstractResourcePersistence with connectionFactory and connectionName[informix_connection].
load Resource role with ids:[J@110efdf,[J@110efdf,[J@110efdf,[J@110efdf,[J@110efdf,[J@110efdf,[J@110efdf,[J@110efdf,[J@110efdf,[J@110efdf,[J@110efdf,[J@110efdf,[J@110efdf,[J@110efdf,[J@110efdf,[J@110efdf,[J@110efdf,[J@110efdf,[J@110efdf,[J@110efdf,[J@110efdf,[J@110efdf
operator: UnknownresourceId: Unknown - creating db connection using connection name: informix_connection
committing transaction
Read propery[ConnectionFactoryNS] which is  required  with value[com.topcoder.db.connectionfactory.DBConnectionFactoryImpl] from namespace [com.topcoder.management.project.persistence.InformixProjectPersistence].
Read propery[ConnectionName] which is  optional  with value[informix_connection] from namespace [com.topcoder.management.project.persistence.InformixProjectPersistence].
Read propery[ProjectIdSequenceName] which is  optional  with value[project_id_seq] from namespace [com.topcoder.management.project.persistence.InformixProjectPersistence].
Read propery[ProjectAuditIdSequenceName] which is  optional  with value[project_audit_id_seq] from namespace [com.topcoder.management.project.persistence.InformixProjectPersistence].
Read propery[ConnectionFactoryNS] which is  required  with value[com.topcoder.db.connectionfactory.DBConnectionFactoryImpl] from namespace [com.topcoder.management.project.persistence.link.ProjectLinkMgr].
Read propery[ConnectionName] which is  optional  with value[informix_connection] from namespace [com.topcoder.management.project.persistence.link.ProjectLinkMgr].
read property ConnectionFactoryNS[com.topcoder.db.connectionfactory.DBConnectionFactoryImpl] from the namespace :com.topcoder.management.scorecard.persistence.InformixScorecardPersistence
read property ConnectionName[informix_connection] from the namespace :com.topcoder.management.scorecard.persistence.InformixScorecardPersistence
Instantiate SqlUploadPersistence with connectionFactory and connectioName:informix_connection
Instantiate PersistenceUploadManager with UploadPersistence, uploadSearchBundle, submissionSearchBundle, uploadIdGenerator, uploadTypeIdGenerator, uploadStatusIdGenerator, submissionIDGenerator, submissionStatusIdGenerator and submissionTypeIdGenerator.
Instantiate AbstractResourcePersistence with connectionFactory and connectionName[informix_connection].
load Resource role with ids:[J@17231b9,[J@17231b9,[J@17231b9,[J@17231b9,[J@17231b9,[J@17231b9,[J@17231b9,[J@17231b9,[J@17231b9,[J@17231b9,[J@17231b9,[J@17231b9,[J@17231b9,[J@17231b9,[J@17231b9,[J@17231b9,[J@17231b9,[J@17231b9,[J@17231b9,[J@17231b9,[J@17231b9,[J@17231b9
operator: UnknownresourceId: Unknown - creating db connection using connection name: informix_connection
committing transaction
load Resource with ids:[J@2f2937
operator: UnknownresourceId: Unknown - creating db connection using connection name: informix_connection
load ResourceRole with id:9
operator: UnknownresourceId: Unknown - creating db connection using connection name: informix_connection
committing transaction
committing transaction
load Resource with ids:[J@1badcaa
operator: UnknownresourceId: Unknown - creating db connection using connection name: informix_connection
load ResourceRole with id:9
operator: UnknownresourceId: Unknown - creating db connection using connection name: informix_connection
committing transaction
committing transaction
operator: UnknownresourceId: 58 - add new resource to the project [id=1] with role :Final Reviewer in the [id=1388] phase.
operator: UnknownresourceId: Unknown - creating db connection using connection name: informix_connection
insert a record into resource with resource id : 58
insert a record into the resource_submission with resource_id:58 and submission_id:[Ljava.lang.Long;@ed3a82
insert a record into the resource_info table with resource_id = 58 and resource_info_type_id =1 value = 100001
insert a record into the resource_info table with resource_id = 58 and resource_info_type_id =7 value = 0
committing transaction
get projects with the ids: 1
operator: UnknownprojectId: Unknown - creating db connection using connection name: informix_connection
committing transaction
load Resource role with ids:[J@afcc60,[J@afcc60,[J@afcc60,[J@afcc60,[J@afcc60,[J@afcc60,[J@afcc60,[J@afcc60,[J@afcc60,[J@afcc60,[J@afcc60,[J@afcc60,[J@afcc60,[J@afcc60,[J@afcc60,[J@afcc60,[J@afcc60,[J@afcc60,[J@afcc60,[J@afcc60,[J@afcc60,[J@afcc60
operator: UnknownresourceId: Unknown - creating db connection using connection name: informix_connection
committing transaction
load Resource with ids:[J@12fc1b3,[J@12fc1b3
operator: UnknownresourceId: Unknown - creating db connection using connection name: informix_connection
load ResourceRole with id:9
operator: UnknownresourceId: Unknown - creating db connection using connection name: informix_connection
committing transaction
load ResourceRole with id:9
operator: UnknownresourceId: Unknown - creating db connection using connection name: informix_connection
committing transaction
committing transaction
Read propery[ConnectionFactoryNS] which is  required  with value[com.topcoder.db.connectionfactory.DBConnectionFactoryImpl] from namespace [com.topcoder.management.project.persistence.InformixProjectPersistence].
Read propery[ConnectionName] which is  optional  with value[informix_connection] from namespace [com.topcoder.management.project.persistence.InformixProjectPersistence].
Read propery[ProjectIdSequenceName] which is  optional  with value[project_id_seq] from namespace [com.topcoder.management.project.persistence.InformixProjectPersistence].
Read propery[ProjectAuditIdSequenceName] which is  optional  with value[project_audit_id_seq] from namespace [com.topcoder.management.project.persistence.InformixProjectPersistence].
Read propery[ConnectionFactoryNS] which is  required  with value[com.topcoder.db.connectionfactory.DBConnectionFactoryImpl] from namespace [com.topcoder.management.project.persistence.link.ProjectLinkMgr].
Read propery[ConnectionName] which is  optional  with value[informix_connection] from namespace [com.topcoder.management.project.persistence.link.ProjectLinkMgr].
read property ConnectionFactoryNS[com.topcoder.db.connectionfactory.DBConnectionFactoryImpl] from the namespace :com.topcoder.management.scorecard.persistence.InformixScorecardPersistence
read property ConnectionName[informix_connection] from the namespace :com.topcoder.management.scorecard.persistence.InformixScorecardPersistence
Instantiate SqlUploadPersistence with connectionFactory and connectioName:informix_connection
Instantiate PersistenceUploadManager with UploadPersistence, uploadSearchBundle, submissionSearchBundle, uploadIdGenerator, uploadTypeIdGenerator, uploadStatusIdGenerator, submissionIDGenerator, submissionStatusIdGenerator and submissionTypeIdGenerator.
Instantiate AbstractResourcePersistence with connectionFactory and connectionName[informix_connection].
load Resource role with ids:[J@1d0e7e9,[J@1d0e7e9,[J@1d0e7e9,[J@1d0e7e9,[J@1d0e7e9,[J@1d0e7e9,[J@1d0e7e9,[J@1d0e7e9,[J@1d0e7e9,[J@1d0e7e9,[J@1d0e7e9,[J@1d0e7e9,[J@1d0e7e9,[J@1d0e7e9,[J@1d0e7e9,[J@1d0e7e9,[J@1d0e7e9,[J@1d0e7e9,[J@1d0e7e9,[J@1d0e7e9,[J@1d0e7e9,[J@1d0e7e9
operator: UnknownresourceId: Unknown - creating db connection using connection name: informix_connection
committing transaction
load Resource with ids:[J@18f857
operator: UnknownresourceId: Unknown - creating db connection using connection name: informix_connection
load ResourceRole with id:9
operator: UnknownresourceId: Unknown - creating db connection using connection name: informix_connection
committing transaction
committing transaction
load Resource with ids:[J@8e53f2
operator: UnknownresourceId: Unknown - creating db connection using connection name: informix_connection
load ResourceRole with id:9
operator: UnknownresourceId: Unknown - creating db connection using connection name: informix_connection
committing transaction
committing transaction
get projects with the ids: 1
operator: UnknownprojectId: Unknown - creating db connection using connection name: informix_connection
committing transaction
get projects with the ids: 1
operator: UnknownprojectId: Unknown - creating db connection using connection name: informix_connection
committing transaction
load Resource role with ids:[J@a5cf3e,[J@a5cf3e,[J@a5cf3e,[J@a5cf3e,[J@a5cf3e,[J@a5cf3e,[J@a5cf3e,[J@a5cf3e,[J@a5cf3e,[J@a5cf3e,[J@a5cf3e,[J@a5cf3e,[J@a5cf3e,[J@a5cf3e,[J@a5cf3e,[J@a5cf3e,[J@a5cf3e,[J@a5cf3e,[J@a5cf3e,[J@a5cf3e,[J@a5cf3e,[J@a5cf3e
operator: UnknownresourceId: Unknown - creating db connection using connection name: informix_connection
committing transaction
load Resource with ids:[J@1badced
operator: UnknownresourceId: Unknown - creating db connection using connection name: informix_connection
load ResourceRole with id:9
operator: UnknownresourceId: Unknown - creating db connection using connection name: informix_connection
committing transaction
committing transaction
Read propery[ConnectionFactoryNS] which is  required  with value[com.topcoder.db.connectionfactory.DBConnectionFactoryImpl] from namespace [com.topcoder.management.project.persistence.InformixProjectPersistence].
Read propery[ConnectionName] which is  optional  with value[informix_connection] from namespace [com.topcoder.management.project.persistence.InformixProjectPersistence].
Read propery[ProjectIdSequenceName] which is  optional  with value[project_id_seq] from namespace [com.topcoder.management.project.persistence.InformixProjectPersistence].
Read propery[ProjectAuditIdSequenceName] which is  optional  with value[project_audit_id_seq] from namespace [com.topcoder.management.project.persistence.InformixProjectPersistence].
Read propery[ConnectionFactoryNS] which is  required  with value[com.topcoder.db.connectionfactory.DBConnectionFactoryImpl] from namespace [com.topcoder.management.project.persistence.link.ProjectLinkMgr].
Read propery[ConnectionName] which is  optional  with value[informix_connection] from namespace [com.topcoder.management.project.persistence.link.ProjectLinkMgr].
read property ConnectionFactoryNS[com.topcoder.db.connectionfactory.DBConnectionFactoryImpl] from the namespace :com.topcoder.management.scorecard.persistence.InformixScorecardPersistence
read property ConnectionName[informix_connection] from the namespace :com.topcoder.management.scorecard.persistence.InformixScorecardPersistence
Instantiate SqlUploadPersistence with connectionFactory and connectioName:informix_connection
Instantiate PersistenceUploadManager with UploadPersistence, uploadSearchBundle, submissionSearchBundle, uploadIdGenerator, uploadTypeIdGenerator, uploadStatusIdGenerator, submissionIDGenerator, submissionStatusIdGenerator and submissionTypeIdGenerator.
Instantiate AbstractResourcePersistence with connectionFactory and connectionName[informix_connection].
load Resource role with ids:[J@1963228,[J@1963228,[J@1963228,[J@1963228,[J@1963228,[J@1963228,[J@1963228,[J@1963228,[J@1963228,[J@1963228,[J@1963228,[J@1963228,[J@1963228,[J@1963228,[J@1963228,[J@1963228,[J@1963228,[J@1963228,[J@1963228,[J@1963228,[J@1963228,[J@1963228
operator: UnknownresourceId: Unknown - creating db connection using connection name: informix_connection
committing transaction
get projects with the ids: 1
operator: UnknownprojectId: Unknown - creating db connection using connection name: informix_connection
committing transaction
load Resource role with ids:[J@1103892,[J@1103892,[J@1103892,[J@1103892,[J@1103892,[J@1103892,[J@1103892,[J@1103892,[J@1103892,[J@1103892,[J@1103892,[J@1103892,[J@1103892,[J@1103892,[J@1103892,[J@1103892,[J@1103892,[J@1103892,[J@1103892,[J@1103892,[J@1103892,[J@1103892
operator: UnknownresourceId: Unknown - creating db connection using connection name: informix_connection
committing transaction
get projects with the ids: 1
operator: UnknownprojectId: Unknown - creating db connection using connection name: informix_connection
committing transaction
Read propery[ConnectionFactoryNS] which is  required  with value[com.topcoder.db.connectionfactory.DBConnectionFactoryImpl] from namespace [com.topcoder.management.project.persistence.InformixProjectPersistence].
Read propery[ConnectionName] which is  optional  with value[informix_connection] from namespace [com.topcoder.management.project.persistence.InformixProjectPersistence].
Read propery[ProjectIdSequenceName] which is  optional  with value[project_id_seq] from namespace [com.topcoder.management.project.persistence.InformixProjectPersistence].
Read propery[ProjectAuditIdSequenceName] which is  optional  with value[project_audit_id_seq] from namespace [com.topcoder.management.project.persistence.InformixProjectPersistence].
Read propery[ConnectionFactoryNS] which is  required  with value[com.topcoder.db.connectionfactory.DBConnectionFactoryImpl] from namespace [com.topcoder.management.project.persistence.link.ProjectLinkMgr].
Read propery[ConnectionName] which is  optional  with value[informix_connection] from namespace [com.topcoder.management.project.persistence.link.ProjectLinkMgr].
read property ConnectionFactoryNS[com.topcoder.db.connectionfactory.DBConnectionFactoryImpl] from the namespace :com.topcoder.management.scorecard.persistence.InformixScorecardPersistence
read property ConnectionName[informix_connection] from the namespace :com.topcoder.management.scorecard.persistence.InformixScorecardPersistence
Instantiate SqlUploadPersistence with connectionFactory and connectioName:informix_connection
Instantiate PersistenceUploadManager with UploadPersistence, uploadSearchBundle, submissionSearchBundle, uploadIdGenerator, uploadTypeIdGenerator, uploadStatusIdGenerator, submissionIDGenerator, submissionStatusIdGenerator and submissionTypeIdGenerator.
Instantiate AbstractResourcePersistence with connectionFactory and connectionName[informix_connection].
load Resource role with ids:[J@1b1d05b,[J@1b1d05b,[J@1b1d05b,[J@1b1d05b,[J@1b1d05b,[J@1b1d05b,[J@1b1d05b,[J@1b1d05b,[J@1b1d05b,[J@1b1d05b,[J@1b1d05b,[J@1b1d05b,[J@1b1d05b,[J@1b1d05b,[J@1b1d05b,[J@1b1d05b,[J@1b1d05b,[J@1b1d05b,[J@1b1d05b,[J@1b1d05b,[J@1b1d05b,[J@1b1d05b
operator: UnknownresourceId: Unknown - creating db connection using connection name: informix_connection
committing transaction
load Resource with ids:[J@18990fb
operator: UnknownresourceId: Unknown - creating db connection using connection name: informix_connection
load ResourceRole with id:1
operator: UnknownresourceId: Unknown - creating db connection using connection name: informix_connection
committing transaction
committing transaction
get projects with the ids: 1
operator: UnknownprojectId: Unknown - creating db connection using connection name: informix_connection
committing transaction
load Resource role with ids:[J@535949,[J@535949,[J@535949,[J@535949,[J@535949,[J@535949,[J@535949,[J@535949,[J@535949,[J@535949,[J@535949,[J@535949,[J@535949,[J@535949,[J@535949,[J@535949,[J@535949,[J@535949,[J@535949,[J@535949,[J@535949,[J@535949
operator: UnknownresourceId: Unknown - creating db connection using connection name: informix_connection
committing transaction
load Resource with ids:[J@42543f
operator: UnknownresourceId: Unknown - creating db connection using connection name: informix_connection
load ResourceRole with id:1
operator: UnknownresourceId: Unknown - creating db connection using connection name: informix_connection
committing transaction
committing transaction
Read propery[ConnectionFactoryNS] which is  required  with value[com.topcoder.db.connectionfactory.DBConnectionFactoryImpl] from namespace [com.topcoder.management.project.persistence.InformixProjectPersistence].
Read propery[ConnectionName] which is  optional  with value[informix_connection] from namespace [com.topcoder.management.project.persistence.InformixProjectPersistence].
Read propery[ProjectIdSequenceName] which is  optional  with value[project_id_seq] from namespace [com.topcoder.management.project.persistence.InformixProjectPersistence].
Read propery[ProjectAuditIdSequenceName] which is  optional  with value[project_audit_id_seq] from namespace [com.topcoder.management.project.persistence.InformixProjectPersistence].
Read propery[ConnectionFactoryNS] which is  required  with value[com.topcoder.db.connectionfactory.DBConnectionFactoryImpl] from namespace [com.topcoder.management.project.persistence.link.ProjectLinkMgr].
Read propery[ConnectionName] which is  optional  with value[informix_connection] from namespace [com.topcoder.management.project.persistence.link.ProjectLinkMgr].
read property ConnectionFactoryNS[com.topcoder.db.connectionfactory.DBConnectionFactoryImpl] from the namespace :com.topcoder.management.scorecard.persistence.InformixScorecardPersistence
read property ConnectionName[informix_connection] from the namespace :com.topcoder.management.scorecard.persistence.InformixScorecardPersistence
Instantiate SqlUploadPersistence with connectionFactory and connectioName:informix_connection
Instantiate PersistenceUploadManager with UploadPersistence, uploadSearchBundle, submissionSearchBundle, uploadIdGenerator, uploadTypeIdGenerator, uploadStatusIdGenerator, submissionIDGenerator, submissionStatusIdGenerator and submissionTypeIdGenerator.
Instantiate AbstractResourcePersistence with connectionFactory and connectionName[informix_connection].
load Resource role with ids:[J@10d29b5,[J@10d29b5,[J@10d29b5,[J@10d29b5,[J@10d29b5,[J@10d29b5,[J@10d29b5,[J@10d29b5,[J@10d29b5,[J@10d29b5,[J@10d29b5,[J@10d29b5,[J@10d29b5,[J@10d29b5,[J@10d29b5,[J@10d29b5,[J@10d29b5,[J@10d29b5,[J@10d29b5,[J@10d29b5,[J@10d29b5,[J@10d29b5
operator: UnknownresourceId: Unknown - creating db connection using connection name: informix_connection
committing transaction
load Resource with ids:[J@156ea0f
operator: UnknownresourceId: Unknown - creating db connection using connection name: informix_connection
load ResourceRole with id:2
operator: UnknownresourceId: Unknown - creating db connection using connection name: informix_connection
committing transaction
committing transaction
load Resource with ids:[J@1d8472f
operator: UnknownresourceId: Unknown - creating db connection using connection name: informix_connection
load ResourceRole with id:2
operator: UnknownresourceId: Unknown - creating db connection using connection name: informix_connection
committing transaction
committing transaction
type: Upload id: Unknown operator:Unknown - search submissions with filter. found: 1
type: Upload id: Unknown operator:Unknown - search submissions with filter. found: 1
load Resource with ids:[J@1c4e01f
operator: UnknownresourceId: Unknown - creating db connection using connection name: informix_connection
load ResourceRole with id:2
operator: UnknownresourceId: Unknown - creating db connection using connection name: informix_connection
committing transaction
committing transaction
type: Scorecard id: Unknown operator:Unknown - retrieve scorecard with ids:1, and is incomplete
create db connection with connect name:informix_connection
close the connection.
get All submission statuses, delegate to persistence.
get All submission statuses, delegate to persistence.
create db connection using connection name:informix_connection
close the connection.
type: SubmissionStatus id: Unknown operator:Unknown - Load SubmissionStatuses with ids:1,2,3,4,5
create db connection using connection name:informix_connection
close the connection.
type: Submission id: 102 operator:1001 - update Submission.
type: Submission id: 102 operator:Unknown - Update Submission, it will update record in submission table.
create db connection using connection name:informix_connection
close the connection.
operator: UnknownresourceId: 102 - load resource.
operator: UnknownresourceId: Unknown - creating db connection using connection name: informix_connection
load ResourceRole with id:1
operator: UnknownresourceId: Unknown - creating db connection using connection name: informix_connection
committing transaction
committing transaction
get projects with the ids: 1
operator: UnknownprojectId: Unknown - creating db connection using connection name: informix_connection
committing transaction
get projects with the ids: 1
operator: UnknownprojectId: Unknown - creating db connection using connection name: informix_connection
committing transaction
load Resource role with ids:[J@1f83f44,[J@1f83f44,[J@1f83f44,[J@1f83f44,[J@1f83f44,[J@1f83f44,[J@1f83f44,[J@1f83f44,[J@1f83f44,[J@1f83f44,[J@1f83f44,[J@1f83f44,[J@1f83f44,[J@1f83f44,[J@1f83f44,[J@1f83f44,[J@1f83f44,[J@1f83f44,[J@1f83f44,[J@1f83f44,[J@1f83f44,[J@1f83f44
operator: UnknownresourceId: Unknown - creating db connection using connection name: informix_connection
committing transaction
load Resource with ids:[J@1becc3c
operator: UnknownresourceId: Unknown - creating db connection using connection name: informix_connection
load ResourceRole with id:2
operator: UnknownresourceId: Unknown - creating db connection using connection name: informix_connection
committing transaction
committing transaction
load Resource with ids:[J@fec383
operator: UnknownresourceId: Unknown - creating db connection using connection name: informix_connection
load ResourceRole with id:1
operator: UnknownresourceId: Unknown - creating db connection using connection name: informix_connection
committing transaction
committing transaction
Read propery[ConnectionFactoryNS] which is  required  with value[com.topcoder.db.connectionfactory.DBConnectionFactoryImpl] from namespace [com.topcoder.management.project.persistence.InformixProjectPersistence].
Read propery[ConnectionName] which is  optional  with value[informix_connection] from namespace [com.topcoder.management.project.persistence.InformixProjectPersistence].
Read propery[ProjectIdSequenceName] which is  optional  with value[project_id_seq] from namespace [com.topcoder.management.project.persistence.InformixProjectPersistence].
Read propery[ProjectAuditIdSequenceName] which is  optional  with value[project_audit_id_seq] from namespace [com.topcoder.management.project.persistence.InformixProjectPersistence].
Read propery[ConnectionFactoryNS] which is  required  with value[com.topcoder.db.connectionfactory.DBConnectionFactoryImpl] from namespace [com.topcoder.management.project.persistence.link.ProjectLinkMgr].
Read propery[ConnectionName] which is  optional  with value[informix_connection] from namespace [com.topcoder.management.project.persistence.link.ProjectLinkMgr].
read property ConnectionFactoryNS[com.topcoder.db.connectionfactory.DBConnectionFactoryImpl] from the namespace :com.topcoder.management.scorecard.persistence.InformixScorecardPersistence
read property ConnectionName[informix_connection] from the namespace :com.topcoder.management.scorecard.persistence.InformixScorecardPersistence
Instantiate SqlUploadPersistence with connectionFactory and connectioName:informix_connection
Instantiate PersistenceUploadManager with UploadPersistence, uploadSearchBundle, submissionSearchBundle, uploadIdGenerator, uploadTypeIdGenerator, uploadStatusIdGenerator, submissionIDGenerator, submissionStatusIdGenerator and submissionTypeIdGenerator.
Instantiate AbstractResourcePersistence with connectionFactory and connectionName[informix_connection].
load Resource role with ids:[J@4ebac5,[J@4ebac5,[J@4ebac5,[J@4ebac5,[J@4ebac5,[J@4ebac5,[J@4ebac5,[J@4ebac5,[J@4ebac5,[J@4ebac5,[J@4ebac5,[J@4ebac5,[J@4ebac5,[J@4ebac5,[J@4ebac5,[J@4ebac5,[J@4ebac5,[J@4ebac5,[J@4ebac5,[J@4ebac5,[J@4ebac5,[J@4ebac5
operator: UnknownresourceId: Unknown - creating db connection using connection name: informix_connection
committing transaction
Read propery[ConnectionFactoryNS] which is  required  with value[com.topcoder.db.connectionfactory.DBConnectionFactoryImpl] from namespace [com.topcoder.management.project.persistence.InformixProjectPersistence].
Read propery[ConnectionName] which is  optional  with value[informix_connection] from namespace [com.topcoder.management.project.persistence.InformixProjectPersistence].
Read propery[ProjectIdSequenceName] which is  optional  with value[project_id_seq] from namespace [com.topcoder.management.project.persistence.InformixProjectPersistence].
Read propery[ProjectAuditIdSequenceName] which is  optional  with value[project_audit_id_seq] from namespace [com.topcoder.management.project.persistence.InformixProjectPersistence].
Read propery[ConnectionFactoryNS] which is  required  with value[com.topcoder.db.connectionfactory.DBConnectionFactoryImpl] from namespace [com.topcoder.management.project.persistence.link.ProjectLinkMgr].
Read propery[ConnectionName] which is  optional  with value[informix_connection] from namespace [com.topcoder.management.project.persistence.link.ProjectLinkMgr].
read property ConnectionFactoryNS[com.topcoder.db.connectionfactory.DBConnectionFactoryImpl] from the namespace :com.topcoder.management.scorecard.persistence.InformixScorecardPersistence
read property ConnectionName[informix_connection] from the namespace :com.topcoder.management.scorecard.persistence.InformixScorecardPersistence
Instantiate SqlUploadPersistence with connectionFactory and connectioName:informix_connection
Instantiate PersistenceUploadManager with UploadPersistence, uploadSearchBundle, submissionSearchBundle, uploadIdGenerator, uploadTypeIdGenerator, uploadStatusIdGenerator, submissionIDGenerator, submissionStatusIdGenerator and submissionTypeIdGenerator.
Instantiate AbstractResourcePersistence with connectionFactory and connectionName[informix_connection].
load Resource role with ids:[J@1d3b665,[J@1d3b665,[J@1d3b665,[J@1d3b665,[J@1d3b665,[J@1d3b665,[J@1d3b665,[J@1d3b665,[J@1d3b665,[J@1d3b665,[J@1d3b665,[J@1d3b665,[J@1d3b665,[J@1d3b665,[J@1d3b665,[J@1d3b665,[J@1d3b665,[J@1d3b665,[J@1d3b665,[J@1d3b665,[J@1d3b665,[J@1d3b665
operator: UnknownresourceId: Unknown - creating db connection using connection name: informix_connection
committing transaction
type: Upload id: Unknown operator:Unknown - search submissions with filter. found: 1
load Resource with ids:[J@1ad0ea6,[J@1ad0ea6
operator: UnknownresourceId: Unknown - creating db connection using connection name: informix_connection
load ResourceRole with id:2
operator: UnknownresourceId: Unknown - creating db connection using connection name: informix_connection
committing transaction
load ResourceRole with id:3
operator: UnknownresourceId: Unknown - creating db connection using connection name: informix_connection
committing transaction
committing transaction
type: Scorecard id: Unknown operator:Unknown - retrieve scorecard with ids:1, and is incomplete
create db connection with connect name:informix_connection
close the connection.
Read propery[ConnectionFactoryNS] which is  required  with value[com.topcoder.db.connectionfactory.DBConnectionFactoryImpl] from namespace [com.topcoder.management.project.persistence.InformixProjectPersistence].
Read propery[ConnectionName] which is  optional  with value[informix_connection] from namespace [com.topcoder.management.project.persistence.InformixProjectPersistence].
Read propery[ProjectIdSequenceName] which is  optional  with value[project_id_seq] from namespace [com.topcoder.management.project.persistence.InformixProjectPersistence].
Read propery[ProjectAuditIdSequenceName] which is  optional  with value[project_audit_id_seq] from namespace [com.topcoder.management.project.persistence.InformixProjectPersistence].
Read propery[ConnectionFactoryNS] which is  required  with value[com.topcoder.db.connectionfactory.DBConnectionFactoryImpl] from namespace [com.topcoder.management.project.persistence.link.ProjectLinkMgr].
Read propery[ConnectionName] which is  optional  with value[informix_connection] from namespace [com.topcoder.management.project.persistence.link.ProjectLinkMgr].
read property ConnectionFactoryNS[com.topcoder.db.connectionfactory.DBConnectionFactoryImpl] from the namespace :com.topcoder.management.scorecard.persistence.InformixScorecardPersistence
read property ConnectionName[informix_connection] from the namespace :com.topcoder.management.scorecard.persistence.InformixScorecardPersistence
Instantiate SqlUploadPersistence with connectionFactory and connectioName:informix_connection
Instantiate PersistenceUploadManager with UploadPersistence, uploadSearchBundle, submissionSearchBundle, uploadIdGenerator, uploadTypeIdGenerator, uploadStatusIdGenerator, submissionIDGenerator, submissionStatusIdGenerator and submissionTypeIdGenerator.
Instantiate AbstractResourcePersistence with connectionFactory and connectionName[informix_connection].
load Resource role with ids:[J@a27ad5,[J@a27ad5,[J@a27ad5,[J@a27ad5,[J@a27ad5,[J@a27ad5,[J@a27ad5,[J@a27ad5,[J@a27ad5,[J@a27ad5,[J@a27ad5,[J@a27ad5,[J@a27ad5,[J@a27ad5,[J@a27ad5,[J@a27ad5,[J@a27ad5,[J@a27ad5,[J@a27ad5,[J@a27ad5,[J@a27ad5,[J@a27ad5
operator: UnknownresourceId: Unknown - creating db connection using connection name: informix_connection
committing transaction
get projects with the ids: 1
operator: UnknownprojectId: Unknown - creating db connection using connection name: informix_connection
committing transaction
load Resource role with ids:[J@197a443,[J@197a443,[J@197a443,[J@197a443,[J@197a443,[J@197a443,[J@197a443,[J@197a443,[J@197a443,[J@197a443,[J@197a443,[J@197a443,[J@197a443,[J@197a443,[J@197a443,[J@197a443,[J@197a443,[J@197a443,[J@197a443,[J@197a443,[J@197a443,[J@197a443
operator: UnknownresourceId: Unknown - creating db connection using connection name: informix_connection
committing transaction
type: Upload id: Unknown operator:Unknown - search submissions with filter. found: 0
get projects with the ids: 1
operator: UnknownprojectId: Unknown - creating db connection using connection name: informix_connection
committing transaction
Read propery[ConnectionFactoryNS] which is  required  with value[com.topcoder.db.connectionfactory.DBConnectionFactoryImpl] from namespace [com.topcoder.management.project.persistence.InformixProjectPersistence].
Read propery[ConnectionName] which is  optional  with value[informix_connection] from namespace [com.topcoder.management.project.persistence.InformixProjectPersistence].
Read propery[ProjectIdSequenceName] which is  optional  with value[project_id_seq] from namespace [com.topcoder.management.project.persistence.InformixProjectPersistence].
Read propery[ProjectAuditIdSequenceName] which is  optional  with value[project_audit_id_seq] from namespace [com.topcoder.management.project.persistence.InformixProjectPersistence].
Read propery[ConnectionFactoryNS] which is  required  with value[com.topcoder.db.connectionfactory.DBConnectionFactoryImpl] from namespace [com.topcoder.management.project.persistence.link.ProjectLinkMgr].
Read propery[ConnectionName] which is  optional  with value[informix_connection] from namespace [com.topcoder.management.project.persistence.link.ProjectLinkMgr].
read property ConnectionFactoryNS[com.topcoder.db.connectionfactory.DBConnectionFactoryImpl] from the namespace :com.topcoder.management.scorecard.persistence.InformixScorecardPersistence
read property ConnectionName[informix_connection] from the namespace :com.topcoder.management.scorecard.persistence.InformixScorecardPersistence
Instantiate SqlUploadPersistence with connectionFactory and connectioName:informix_connection
Instantiate PersistenceUploadManager with UploadPersistence, uploadSearchBundle, submissionSearchBundle, uploadIdGenerator, uploadTypeIdGenerator, uploadStatusIdGenerator, submissionIDGenerator, submissionStatusIdGenerator and submissionTypeIdGenerator.
Instantiate AbstractResourcePersistence with connectionFactory and connectionName[informix_connection].
load Resource role with ids:[J@9f559f,[J@9f559f,[J@9f559f,[J@9f559f,[J@9f559f,[J@9f559f,[J@9f559f,[J@9f559f,[J@9f559f,[J@9f559f,[J@9f559f,[J@9f559f,[J@9f559f,[J@9f559f,[J@9f559f,[J@9f559f,[J@9f559f,[J@9f559f,[J@9f559f,[J@9f559f,[J@9f559f,[J@9f559f
operator: UnknownresourceId: Unknown - creating db connection using connection name: informix_connection
committing transaction
type: Upload id: Unknown operator:Unknown - search submissions with filter. found: 1
operator: UnknownresourceId: 1 - load resource.
operator: UnknownresourceId: Unknown - creating db connection using connection name: informix_connection
load ResourceRole with id:1
operator: UnknownresourceId: Unknown - creating db connection using connection name: informix_connection
committing transaction
committing transaction
get projects with the ids: 1
operator: UnknownprojectId: Unknown - creating db connection using connection name: informix_connection
committing transaction
load Resource role with ids:[J@7a262a,[J@7a262a,[J@7a262a,[J@7a262a,[J@7a262a,[J@7a262a,[J@7a262a,[J@7a262a,[J@7a262a,[J@7a262a,[J@7a262a,[J@7a262a,[J@7a262a,[J@7a262a,[J@7a262a,[J@7a262a,[J@7a262a,[J@7a262a,[J@7a262a,[J@7a262a,[J@7a262a,[J@7a262a
operator: UnknownresourceId: Unknown - creating db connection using connection name: informix_connection
committing transaction
load Resource with ids:[J@1ae499
operator: UnknownresourceId: Unknown - creating db connection using connection name: informix_connection
load ResourceRole with id:1
operator: UnknownresourceId: Unknown - creating db connection using connection name: informix_connection
committing transaction
committing transaction
Read propery[ConnectionFactoryNS] which is  required  with value[com.topcoder.db.connectionfactory.DBConnectionFactoryImpl] from namespace [com.topcoder.management.project.persistence.InformixProjectPersistence].
Read propery[ConnectionName] which is  optional  with value[informix_connection] from namespace [com.topcoder.management.project.persistence.InformixProjectPersistence].
Read propery[ProjectIdSequenceName] which is  optional  with value[project_id_seq] from namespace [com.topcoder.management.project.persistence.InformixProjectPersistence].
Read propery[ProjectAuditIdSequenceName] which is  optional  with value[project_audit_id_seq] from namespace [com.topcoder.management.project.persistence.InformixProjectPersistence].
Read propery[ConnectionFactoryNS] which is  required  with value[com.topcoder.db.connectionfactory.DBConnectionFactoryImpl] from namespace [com.topcoder.management.project.persistence.link.ProjectLinkMgr].
Read propery[ConnectionName] which is  optional  with value[informix_connection] from namespace [com.topcoder.management.project.persistence.link.ProjectLinkMgr].
read property ConnectionFactoryNS[com.topcoder.db.connectionfactory.DBConnectionFactoryImpl] from the namespace :com.topcoder.management.scorecard.persistence.InformixScorecardPersistence
read property ConnectionName[informix_connection] from the namespace :com.topcoder.management.scorecard.persistence.InformixScorecardPersistence
Instantiate SqlUploadPersistence with connectionFactory and connectioName:informix_connection
Instantiate PersistenceUploadManager with UploadPersistence, uploadSearchBundle, submissionSearchBundle, uploadIdGenerator, uploadTypeIdGenerator, uploadStatusIdGenerator, submissionIDGenerator, submissionStatusIdGenerator and submissionTypeIdGenerator.
Instantiate AbstractResourcePersistence with connectionFactory and connectionName[informix_connection].
load Resource role with ids:[J@121a642,[J@121a642,[J@121a642,[J@121a642,[J@121a642,[J@121a642,[J@121a642,[J@121a642,[J@121a642,[J@121a642,[J@121a642,[J@121a642,[J@121a642,[J@121a642,[J@121a642,[J@121a642,[J@121a642,[J@121a642,[J@121a642,[J@121a642,[J@121a642,[J@121a642
operator: UnknownresourceId: Unknown - creating db connection using connection name: informix_connection
committing transaction
load Notifications with array of userIds/projectIds/notificationTypes.
operator: UnknownresourceId: Unknown - creating db connection using connection name: informix_connection
committing transaction
get projects with the ids: 1
operator: UnknownprojectId: Unknown - creating db connection using connection name: informix_connection
committing transaction
load Resource role with ids:[J@139169c,[J@139169c,[J@139169c,[J@139169c,[J@139169c,[J@139169c,[J@139169c,[J@139169c,[J@139169c,[J@139169c,[J@139169c,[J@139169c,[J@139169c,[J@139169c,[J@139169c,[J@139169c,[J@139169c,[J@139169c,[J@139169c,[J@139169c,[J@139169c,[J@139169c
operator: UnknownresourceId: Unknown - creating db connection using connection name: informix_connection
committing transaction
load Resource with ids:[J@1f578dd
operator: UnknownresourceId: Unknown - creating db connection using connection name: informix_connection
load ResourceRole with id:4
operator: UnknownresourceId: Unknown - creating db connection using connection name: informix_connection
committing transaction
committing transaction
load Resource with ids:[J@1123984
operator: UnknownresourceId: Unknown - creating db connection using connection name: informix_connection
load ResourceRole with id:12
operator: UnknownresourceId: Unknown - creating db connection using connection name: informix_connection
committing transaction
committing transaction
load Resource with ids:[J@1b2943c
operator: UnknownresourceId: Unknown - creating db connection using connection name: informix_connection
load ResourceRole with id:13
operator: UnknownresourceId: Unknown - creating db connection using connection name: informix_connection
committing transaction
committing transaction
load Resource with ids:[J@11ce791
operator: UnknownresourceId: Unknown - creating db connection using connection name: informix_connection
load ResourceRole with id:9
operator: UnknownresourceId: Unknown - creating db connection using connection name: informix_connection
committing transaction
committing transaction
operator: UnknownresourceId: 100001 - load resource.
operator: UnknownresourceId: Unknown - creating db connection using connection name: informix_connection
load ResourceRole with id:4
operator: UnknownresourceId: Unknown - creating db connection using connection name: informix_connection
committing transaction
committing transaction
operator: UnknownresourceId: 100002 - load resource.
operator: UnknownresourceId: Unknown - creating db connection using connection name: informix_connection
load ResourceRole with id:12
operator: UnknownresourceId: Unknown - creating db connection using connection name: informix_connection
committing transaction
committing transaction
Read propery[ConnectionFactoryNS] which is  required  with value[com.topcoder.db.connectionfactory.DBConnectionFactoryImpl] from namespace [com.topcoder.management.project.persistence.InformixProjectPersistence].
Read propery[ConnectionName] which is  optional  with value[informix_connection] from namespace [com.topcoder.management.project.persistence.InformixProjectPersistence].
Read propery[ProjectIdSequenceName] which is  optional  with value[project_id_seq] from namespace [com.topcoder.management.project.persistence.InformixProjectPersistence].
Read propery[ProjectAuditIdSequenceName] which is  optional  with value[project_audit_id_seq] from namespace [com.topcoder.management.project.persistence.InformixProjectPersistence].
Read propery[ConnectionFactoryNS] which is  required  with value[com.topcoder.db.connectionfactory.DBConnectionFactoryImpl] from namespace [com.topcoder.management.project.persistence.link.ProjectLinkMgr].
Read propery[ConnectionName] which is  optional  with value[informix_connection] from namespace [com.topcoder.management.project.persistence.link.ProjectLinkMgr].
read property ConnectionFactoryNS[com.topcoder.db.connectionfactory.DBConnectionFactoryImpl] from the namespace :com.topcoder.management.scorecard.persistence.InformixScorecardPersistence
read property ConnectionName[informix_connection] from the namespace :com.topcoder.management.scorecard.persistence.InformixScorecardPersistence
Instantiate SqlUploadPersistence with connectionFactory and connectioName:informix_connection
Instantiate PersistenceUploadManager with UploadPersistence, uploadSearchBundle, submissionSearchBundle, uploadIdGenerator, uploadTypeIdGenerator, uploadStatusIdGenerator, submissionIDGenerator, submissionStatusIdGenerator and submissionTypeIdGenerator.
Instantiate AbstractResourcePersistence with connectionFactory and connectionName[informix_connection].
load Resource role with ids:[J@13578ff,[J@13578ff,[J@13578ff,[J@13578ff,[J@13578ff,[J@13578ff,[J@13578ff,[J@13578ff,[J@13578ff,[J@13578ff,[J@13578ff,[J@13578ff,[J@13578ff,[J@13578ff,[J@13578ff,[J@13578ff,[J@13578ff,[J@13578ff,[J@13578ff,[J@13578ff,[J@13578ff,[J@13578ff
operator: UnknownresourceId: Unknown - creating db connection using connection name: informix_connection
committing transaction
load Resource with ids:[J@16498ed
operator: UnknownresourceId: Unknown - creating db connection using connection name: informix_connection
load ResourceRole with id:10
operator: UnknownresourceId: Unknown - creating db connection using connection name: informix_connection
committing transaction
committing transaction
load Notifications with array of userIds/projectIds/notificationTypes.
operator: UnknownresourceId: Unknown - creating db connection using connection name: informix_connection
committing transaction
get projects with the ids: 1
operator: UnknownprojectId: Unknown - creating db connection using connection name: informix_connection
committing transaction
load Resource role with ids:[J@9eb603,[J@9eb603,[J@9eb603,[J@9eb603,[J@9eb603,[J@9eb603,[J@9eb603,[J@9eb603,[J@9eb603,[J@9eb603,[J@9eb603,[J@9eb603,[J@9eb603,[J@9eb603,[J@9eb603,[J@9eb603,[J@9eb603,[J@9eb603,[J@9eb603,[J@9eb603,[J@9eb603,[J@9eb603
operator: UnknownresourceId: Unknown - creating db connection using connection name: informix_connection
committing transaction
load Resource with ids:[J@17e66e1
operator: UnknownresourceId: Unknown - creating db connection using connection name: informix_connection
load ResourceRole with id:4
operator: UnknownresourceId: Unknown - creating db connection using connection name: informix_connection
committing transaction
committing transaction
load Resource with ids:[J@1aea1b0
operator: UnknownresourceId: Unknown - creating db connection using connection name: informix_connection
load ResourceRole with id:12
operator: UnknownresourceId: Unknown - creating db connection using connection name: informix_connection
committing transaction
committing transaction
load Resource with ids:[J@17500c0
operator: UnknownresourceId: Unknown - creating db connection using connection name: informix_connection
load ResourceRole with id:13
operator: UnknownresourceId: Unknown - creating db connection using connection name: informix_connection
committing transaction
committing transaction
load Resource with ids:[J@3643e3
operator: UnknownresourceId: Unknown - creating db connection using connection name: informix_connection
load ResourceRole with id:9
operator: UnknownresourceId: Unknown - creating db connection using connection name: informix_connection
committing transaction
committing transaction
load Resource with ids:[J@12cde10
operator: UnknownresourceId: Unknown - creating db connection using connection name: informix_connection
load ResourceRole with id:10
operator: UnknownresourceId: Unknown - creating db connection using connection name: informix_connection
committing transaction
committing transaction
operator: UnknownresourceId: 100001 - load resource.
operator: UnknownresourceId: Unknown - creating db connection using connection name: informix_connection
load ResourceRole with id:4
operator: UnknownresourceId: Unknown - creating db connection using connection name: informix_connection
committing transaction
committing transaction
operator: UnknownresourceId: 100002 - load resource.
operator: UnknownresourceId: Unknown - creating db connection using connection name: informix_connection
load ResourceRole with id:12
operator: UnknownresourceId: Unknown - creating db connection using connection name: informix_connection
committing transaction
committing transaction
Read propery[ConnectionFactoryNS] which is  required  with value[com.topcoder.db.connectionfactory.DBConnectionFactoryImpl] from namespace [com.topcoder.management.project.persistence.InformixProjectPersistence].
Read propery[ConnectionName] which is  optional  with value[informix_connection] from namespace [com.topcoder.management.project.persistence.InformixProjectPersistence].
Read propery[ProjectIdSequenceName] which is  optional  with value[project_id_seq] from namespace [com.topcoder.management.project.persistence.InformixProjectPersistence].
Read propery[ProjectAuditIdSequenceName] which is  optional  with value[project_audit_id_seq] from namespace [com.topcoder.management.project.persistence.InformixProjectPersistence].
Read propery[ConnectionFactoryNS] which is  required  with value[com.topcoder.db.connectionfactory.DBConnectionFactoryImpl] from namespace [com.topcoder.management.project.persistence.link.ProjectLinkMgr].
Read propery[ConnectionName] which is  optional  with value[informix_connection] from namespace [com.topcoder.management.project.persistence.link.ProjectLinkMgr].
read property ConnectionFactoryNS[com.topcoder.db.connectionfactory.DBConnectionFactoryImpl] from the namespace :com.topcoder.management.scorecard.persistence.InformixScorecardPersistence
read property ConnectionName[informix_connection] from the namespace :com.topcoder.management.scorecard.persistence.InformixScorecardPersistence
Instantiate SqlUploadPersistence with connectionFactory and connectioName:informix_connection
Instantiate PersistenceUploadManager with UploadPersistence, uploadSearchBundle, submissionSearchBundle, uploadIdGenerator, uploadTypeIdGenerator, uploadStatusIdGenerator, submissionIDGenerator, submissionStatusIdGenerator and submissionTypeIdGenerator.
Instantiate AbstractResourcePersistence with connectionFactory and connectionName[informix_connection].
load Resource role with ids:[J@195a627,[J@195a627,[J@195a627,[J@195a627,[J@195a627,[J@195a627,[J@195a627,[J@195a627,[J@195a627,[J@195a627,[J@195a627,[J@195a627,[J@195a627,[J@195a627,[J@195a627,[J@195a627,[J@195a627,[J@195a627,[J@195a627,[J@195a627,[J@195a627,[J@195a627
operator: UnknownresourceId: Unknown - creating db connection using connection name: informix_connection
committing transaction
get projects with the ids: 1
operator: UnknownprojectId: Unknown - creating db connection using connection name: informix_connection
committing transaction
load Resource role with ids:[J@1154c94,[J@1154c94,[J@1154c94,[J@1154c94,[J@1154c94,[J@1154c94,[J@1154c94,[J@1154c94,[J@1154c94,[J@1154c94,[J@1154c94,[J@1154c94,[J@1154c94,[J@1154c94,[J@1154c94,[J@1154c94,[J@1154c94,[J@1154c94,[J@1154c94,[J@1154c94,[J@1154c94,[J@1154c94
operator: UnknownresourceId: Unknown - creating db connection using connection name: informix_connection
committing transaction
get projects with the ids: 1
operator: UnknownprojectId: Unknown - creating db connection using connection name: informix_connection
committing transaction
load Resource role with ids:[J@123987a,[J@123987a,[J@123987a,[J@123987a,[J@123987a,[J@123987a,[J@123987a,[J@123987a,[J@123987a,[J@123987a,[J@123987a,[J@123987a,[J@123987a,[J@123987a,[J@123987a,[J@123987a,[J@123987a,[J@123987a,[J@123987a,[J@123987a,[J@123987a,[J@123987a
operator: UnknownresourceId: Unknown - creating db connection using connection name: informix_connection
committing transaction
Read propery[ConnectionFactoryNS] which is  required  with value[com.topcoder.db.connectionfactory.DBConnectionFactoryImpl] from namespace [com.topcoder.management.project.persistence.InformixProjectPersistence].
Read propery[ConnectionName] which is  optional  with value[informix_connection] from namespace [com.topcoder.management.project.persistence.InformixProjectPersistence].
Read propery[ProjectIdSequenceName] which is  optional  with value[project_id_seq] from namespace [com.topcoder.management.project.persistence.InformixProjectPersistence].
Read propery[ProjectAuditIdSequenceName] which is  optional  with value[project_audit_id_seq] from namespace [com.topcoder.management.project.persistence.InformixProjectPersistence].
Read propery[ConnectionFactoryNS] which is  required  with value[com.topcoder.db.connectionfactory.DBConnectionFactoryImpl] from namespace [com.topcoder.management.project.persistence.link.ProjectLinkMgr].
Read propery[ConnectionName] which is  optional  with value[informix_connection] from namespace [com.topcoder.management.project.persistence.link.ProjectLinkMgr].
read property ConnectionFactoryNS[com.topcoder.db.connectionfactory.DBConnectionFactoryImpl] from the namespace :com.topcoder.management.scorecard.persistence.InformixScorecardPersistence
read property ConnectionName[informix_connection] from the namespace :com.topcoder.management.scorecard.persistence.InformixScorecardPersistence
Instantiate SqlUploadPersistence with connectionFactory and connectioName:informix_connection
Instantiate PersistenceUploadManager with UploadPersistence, uploadSearchBundle, submissionSearchBundle, uploadIdGenerator, uploadTypeIdGenerator, uploadStatusIdGenerator, submissionIDGenerator, submissionStatusIdGenerator and submissionTypeIdGenerator.
Instantiate AbstractResourcePersistence with connectionFactory and connectionName[informix_connection].
load Resource role with ids:[J@8965ed,[J@8965ed,[J@8965ed,[J@8965ed,[J@8965ed,[J@8965ed,[J@8965ed,[J@8965ed,[J@8965ed,[J@8965ed,[J@8965ed,[J@8965ed,[J@8965ed,[J@8965ed,[J@8965ed,[J@8965ed,[J@8965ed,[J@8965ed,[J@8965ed,[J@8965ed,[J@8965ed,[J@8965ed
operator: UnknownresourceId: Unknown - creating db connection using connection name: informix_connection
committing transaction
operator: UnknownprojectId: Unknown - Enter getDestProjectLinks method.
operator: UnknownprojectId: Unknown - creating db connection using connection name: informix_connection
get projects with the ids: 1
operator: UnknownprojectId: Unknown - creating db connection using connection name: informix_connection
committing transaction
committing transaction
Read propery[ConnectionFactoryNS] which is  required  with value[com.topcoder.db.connectionfactory.DBConnectionFactoryImpl] from namespace [com.topcoder.management.project.persistence.InformixProjectPersistence].
Read propery[ConnectionName] which is  optional  with value[informix_connection] from namespace [com.topcoder.management.project.persistence.InformixProjectPersistence].
Read propery[ProjectIdSequenceName] which is  optional  with value[project_id_seq] from namespace [com.topcoder.management.project.persistence.InformixProjectPersistence].
Read propery[ProjectAuditIdSequenceName] which is  optional  with value[project_audit_id_seq] from namespace [com.topcoder.management.project.persistence.InformixProjectPersistence].
Read propery[ConnectionFactoryNS] which is  required  with value[com.topcoder.db.connectionfactory.DBConnectionFactoryImpl] from namespace [com.topcoder.management.project.persistence.link.ProjectLinkMgr].
Read propery[ConnectionName] which is  optional  with value[informix_connection] from namespace [com.topcoder.management.project.persistence.link.ProjectLinkMgr].
read property ConnectionFactoryNS[com.topcoder.db.connectionfactory.DBConnectionFactoryImpl] from the namespace :com.topcoder.management.scorecard.persistence.InformixScorecardPersistence
read property ConnectionName[informix_connection] from the namespace :com.topcoder.management.scorecard.persistence.InformixScorecardPersistence
Instantiate SqlUploadPersistence with connectionFactory and connectioName:informix_connection
Instantiate PersistenceUploadManager with UploadPersistence, uploadSearchBundle, submissionSearchBundle, uploadIdGenerator, uploadTypeIdGenerator, uploadStatusIdGenerator, submissionIDGenerator, submissionStatusIdGenerator and submissionTypeIdGenerator.
Instantiate AbstractResourcePersistence with connectionFactory and connectionName[informix_connection].
load Resource role with ids:[J@bfae78,[J@bfae78,[J@bfae78,[J@bfae78,[J@bfae78,[J@bfae78,[J@bfae78,[J@bfae78,[J@bfae78,[J@bfae78,[J@bfae78,[J@bfae78,[J@bfae78,[J@bfae78,[J@bfae78,[J@bfae78,[J@bfae78,[J@bfae78,[J@bfae78,[J@bfae78,[J@bfae78,[J@bfae78
operator: UnknownresourceId: Unknown - creating db connection using connection name: informix_connection
committing transaction
Read propery[ConnectionFactoryNS] which is  required  with value[com.topcoder.db.connectionfactory.DBConnectionFactoryImpl] from namespace [com.topcoder.management.project.persistence.InformixProjectPersistence].
Read propery[ConnectionName] which is  optional  with value[informix_connection] from namespace [com.topcoder.management.project.persistence.InformixProjectPersistence].
Read propery[ProjectIdSequenceName] which is  optional  with value[project_id_seq] from namespace [com.topcoder.management.project.persistence.InformixProjectPersistence].
Read propery[ProjectAuditIdSequenceName] which is  optional  with value[project_audit_id_seq] from namespace [com.topcoder.management.project.persistence.InformixProjectPersistence].
Read propery[ConnectionFactoryNS] which is  required  with value[com.topcoder.db.connectionfactory.DBConnectionFactoryImpl] from namespace [com.topcoder.management.project.persistence.link.ProjectLinkMgr].
Read propery[ConnectionName] which is  optional  with value[informix_connection] from namespace [com.topcoder.management.project.persistence.link.ProjectLinkMgr].
read property ConnectionFactoryNS[com.topcoder.db.connectionfactory.DBConnectionFactoryImpl] from the namespace :com.topcoder.management.scorecard.persistence.InformixScorecardPersistence
read property ConnectionName[informix_connection] from the namespace :com.topcoder.management.scorecard.persistence.InformixScorecardPersistence
Instantiate SqlUploadPersistence with connectionFactory and connectioName:informix_connection
Instantiate PersistenceUploadManager with UploadPersistence, uploadSearchBundle, submissionSearchBundle, uploadIdGenerator, uploadTypeIdGenerator, uploadStatusIdGenerator, submissionIDGenerator, submissionStatusIdGenerator and submissionTypeIdGenerator.
Instantiate AbstractResourcePersistence with connectionFactory and connectionName[informix_connection].
load Resource role with ids:[J@c1d919,[J@c1d919,[J@c1d919,[J@c1d919,[J@c1d919,[J@c1d919,[J@c1d919,[J@c1d919,[J@c1d919,[J@c1d919,[J@c1d919,[J@c1d919,[J@c1d919,[J@c1d919,[J@c1d919,[J@c1d919,[J@c1d919,[J@c1d919,[J@c1d919,[J@c1d919,[J@c1d919,[J@c1d919
operator: UnknownresourceId: Unknown - creating db connection using connection name: informix_connection
committing transaction
Read propery[ConnectionFactoryNS] which is  required  with value[com.topcoder.db.connectionfactory.DBConnectionFactoryImpl] from namespace [com.topcoder.management.project.persistence.InformixProjectPersistence].
Read propery[ConnectionName] which is  optional  with value[informix_connection] from namespace [com.topcoder.management.project.persistence.InformixProjectPersistence].
Read propery[ProjectIdSequenceName] which is  optional  with value[project_id_seq] from namespace [com.topcoder.management.project.persistence.InformixProjectPersistence].
Read propery[ProjectAuditIdSequenceName] which is  optional  with value[project_audit_id_seq] from namespace [com.topcoder.management.project.persistence.InformixProjectPersistence].
Read propery[ConnectionFactoryNS] which is  required  with value[com.topcoder.db.connectionfactory.DBConnectionFactoryImpl] from namespace [com.topcoder.management.project.persistence.link.ProjectLinkMgr].
Read propery[ConnectionName] which is  optional  with value[informix_connection] from namespace [com.topcoder.management.project.persistence.link.ProjectLinkMgr].
read property ConnectionFactoryNS[com.topcoder.db.connectionfactory.DBConnectionFactoryImpl] from the namespace :com.topcoder.management.scorecard.persistence.InformixScorecardPersistence
read property ConnectionName[informix_connection] from the namespace :com.topcoder.management.scorecard.persistence.InformixScorecardPersistence
Instantiate SqlUploadPersistence with connectionFactory and connectioName:informix_connection
Instantiate PersistenceUploadManager with UploadPersistence, uploadSearchBundle, submissionSearchBundle, uploadIdGenerator, uploadTypeIdGenerator, uploadStatusIdGenerator, submissionIDGenerator, submissionStatusIdGenerator and submissionTypeIdGenerator.
Instantiate AbstractResourcePersistence with connectionFactory and connectionName[informix_connection].
load Resource role with ids:[J@150fa06,[J@150fa06,[J@150fa06,[J@150fa06,[J@150fa06,[J@150fa06,[J@150fa06,[J@150fa06,[J@150fa06,[J@150fa06,[J@150fa06,[J@150fa06,[J@150fa06,[J@150fa06,[J@150fa06,[J@150fa06,[J@150fa06,[J@150fa06,[J@150fa06,[J@150fa06,[J@150fa06,[J@150fa06
operator: UnknownresourceId: Unknown - creating db connection using connection name: informix_connection
committing transaction
type: Upload id: Unknown operator:Unknown - search submissions with filter. found: 0
Read propery[ConnectionFactoryNS] which is  required  with value[com.topcoder.db.connectionfactory.DBConnectionFactoryImpl] from namespace [com.topcoder.management.project.persistence.InformixProjectPersistence].
Read propery[ConnectionName] which is  optional  with value[informix_connection] from namespace [com.topcoder.management.project.persistence.InformixProjectPersistence].
Read propery[ProjectIdSequenceName] which is  optional  with value[project_id_seq] from namespace [com.topcoder.management.project.persistence.InformixProjectPersistence].
Read propery[ProjectAuditIdSequenceName] which is  optional  with value[project_audit_id_seq] from namespace [com.topcoder.management.project.persistence.InformixProjectPersistence].
Read propery[ConnectionFactoryNS] which is  required  with value[com.topcoder.db.connectionfactory.DBConnectionFactoryImpl] from namespace [com.topcoder.management.project.persistence.link.ProjectLinkMgr].
Read propery[ConnectionName] which is  optional  with value[informix_connection] from namespace [com.topcoder.management.project.persistence.link.ProjectLinkMgr].
read property ConnectionFactoryNS[com.topcoder.db.connectionfactory.DBConnectionFactoryImpl] from the namespace :com.topcoder.management.scorecard.persistence.InformixScorecardPersistence
read property ConnectionName[informix_connection] from the namespace :com.topcoder.management.scorecard.persistence.InformixScorecardPersistence
Instantiate SqlUploadPersistence with connectionFactory and connectioName:informix_connection
Instantiate PersistenceUploadManager with UploadPersistence, uploadSearchBundle, submissionSearchBundle, uploadIdGenerator, uploadTypeIdGenerator, uploadStatusIdGenerator, submissionIDGenerator, submissionStatusIdGenerator and submissionTypeIdGenerator.
Instantiate AbstractResourcePersistence with connectionFactory and connectionName[informix_connection].
load Resource role with ids:[J@5c84d8,[J@5c84d8,[J@5c84d8,[J@5c84d8,[J@5c84d8,[J@5c84d8,[J@5c84d8,[J@5c84d8,[J@5c84d8,[J@5c84d8,[J@5c84d8,[J@5c84d8,[J@5c84d8,[J@5c84d8,[J@5c84d8,[J@5c84d8,[J@5c84d8,[J@5c84d8,[J@5c84d8,[J@5c84d8,[J@5c84d8,[J@5c84d8
operator: UnknownresourceId: Unknown - creating db connection using connection name: informix_connection
committing transaction
load Resource with ids:[J@aa0329
operator: UnknownresourceId: Unknown - creating db connection using connection name: informix_connection
load ResourceRole with id:18
operator: UnknownresourceId: Unknown - creating db connection using connection name: informix_connection
committing transaction
committing transaction
get projects with the ids: 1
operator: UnknownprojectId: Unknown - creating db connection using connection name: informix_connection
committing transaction
load Resource role with ids:[J@651ffd,[J@651ffd,[J@651ffd,[J@651ffd,[J@651ffd,[J@651ffd,[J@651ffd,[J@651ffd,[J@651ffd,[J@651ffd,[J@651ffd,[J@651ffd,[J@651ffd,[J@651ffd,[J@651ffd,[J@651ffd,[J@651ffd,[J@651ffd,[J@651ffd,[J@651ffd,[J@651ffd,[J@651ffd
operator: UnknownresourceId: Unknown - creating db connection using connection name: informix_connection
committing transaction
load Resource with ids:[J@147818
operator: UnknownresourceId: Unknown - creating db connection using connection name: informix_connection
load ResourceRole with id:18
operator: UnknownresourceId: Unknown - creating db connection using connection name: informix_connection
committing transaction
committing transaction
load Resource with ids:[J@c35fa
operator: UnknownresourceId: Unknown - creating db connection using connection name: informix_connection
load ResourceRole with id:17
operator: UnknownresourceId: Unknown - creating db connection using connection name: informix_connection
committing transaction
committing transaction
Read propery[ConnectionFactoryNS] which is  required  with value[com.topcoder.db.connectionfactory.DBConnectionFactoryImpl] from namespace [com.topcoder.management.project.persistence.InformixProjectPersistence].
Read propery[ConnectionName] which is  optional  with value[informix_connection] from namespace [com.topcoder.management.project.persistence.InformixProjectPersistence].
Read propery[ProjectIdSequenceName] which is  optional  with value[project_id_seq] from namespace [com.topcoder.management.project.persistence.InformixProjectPersistence].
Read propery[ProjectAuditIdSequenceName] which is  optional  with value[project_audit_id_seq] from namespace [com.topcoder.management.project.persistence.InformixProjectPersistence].
Read propery[ConnectionFactoryNS] which is  required  with value[com.topcoder.db.connectionfactory.DBConnectionFactoryImpl] from namespace [com.topcoder.management.project.persistence.link.ProjectLinkMgr].
Read propery[ConnectionName] which is  optional  with value[informix_connection] from namespace [com.topcoder.management.project.persistence.link.ProjectLinkMgr].
read property ConnectionFactoryNS[com.topcoder.db.connectionfactory.DBConnectionFactoryImpl] from the namespace :com.topcoder.management.scorecard.persistence.InformixScorecardPersistence
read property ConnectionName[informix_connection] from the namespace :com.topcoder.management.scorecard.persistence.InformixScorecardPersistence
Instantiate SqlUploadPersistence with connectionFactory and connectioName:informix_connection
Instantiate PersistenceUploadManager with UploadPersistence, uploadSearchBundle, submissionSearchBundle, uploadIdGenerator, uploadTypeIdGenerator, uploadStatusIdGenerator, submissionIDGenerator, submissionStatusIdGenerator and submissionTypeIdGenerator.
Instantiate AbstractResourcePersistence with connectionFactory and connectionName[informix_connection].
load Resource role with ids:[J@1b113ed,[J@1b113ed,[J@1b113ed,[J@1b113ed,[J@1b113ed,[J@1b113ed,[J@1b113ed,[J@1b113ed,[J@1b113ed,[J@1b113ed,[J@1b113ed,[J@1b113ed,[J@1b113ed,[J@1b113ed,[J@1b113ed,[J@1b113ed,[J@1b113ed,[J@1b113ed,[J@1b113ed,[J@1b113ed,[J@1b113ed,[J@1b113ed
operator: UnknownresourceId: Unknown - creating db connection using connection name: informix_connection
committing transaction
type: Upload id: Unknown operator:Unknown - search submissions with filter. found: 1
Read propery[ConnectionFactoryNS] which is  required  with value[com.topcoder.db.connectionfactory.DBConnectionFactoryImpl] from namespace [com.topcoder.management.project.persistence.InformixProjectPersistence].
Read propery[ConnectionName] which is  optional  with value[informix_connection] from namespace [com.topcoder.management.project.persistence.InformixProjectPersistence].
Read propery[ProjectIdSequenceName] which is  optional  with value[project_id_seq] from namespace [com.topcoder.management.project.persistence.InformixProjectPersistence].
Read propery[ProjectAuditIdSequenceName] which is  optional  with value[project_audit_id_seq] from namespace [com.topcoder.management.project.persistence.InformixProjectPersistence].
Read propery[ConnectionFactoryNS] which is  required  with value[com.topcoder.db.connectionfactory.DBConnectionFactoryImpl] from namespace [com.topcoder.management.project.persistence.link.ProjectLinkMgr].
Read propery[ConnectionName] which is  optional  with value[informix_connection] from namespace [com.topcoder.management.project.persistence.link.ProjectLinkMgr].
read property ConnectionFactoryNS[com.topcoder.db.connectionfactory.DBConnectionFactoryImpl] from the namespace :com.topcoder.management.scorecard.persistence.InformixScorecardPersistence
read property ConnectionName[informix_connection] from the namespace :com.topcoder.management.scorecard.persistence.InformixScorecardPersistence
Instantiate SqlUploadPersistence with connectionFactory and connectioName:informix_connection
Instantiate PersistenceUploadManager with UploadPersistence, uploadSearchBundle, submissionSearchBundle, uploadIdGenerator, uploadTypeIdGenerator, uploadStatusIdGenerator, submissionIDGenerator, submissionStatusIdGenerator and submissionTypeIdGenerator.
Instantiate AbstractResourcePersistence with connectionFactory and connectionName[informix_connection].
load Resource role with ids:[J@1bf3208,[J@1bf3208,[J@1bf3208,[J@1bf3208,[J@1bf3208,[J@1bf3208,[J@1bf3208,[J@1bf3208,[J@1bf3208,[J@1bf3208,[J@1bf3208,[J@1bf3208,[J@1bf3208,[J@1bf3208,[J@1bf3208,[J@1bf3208,[J@1bf3208,[J@1bf3208,[J@1bf3208,[J@1bf3208,[J@1bf3208,[J@1bf3208
operator: UnknownresourceId: Unknown - creating db connection using connection name: informix_connection
committing transaction
type: Upload id: Unknown operator:Unknown - search submissions with filter. found: 0
Read propery[ConnectionFactoryNS] which is  required  with value[com.topcoder.db.connectionfactory.DBConnectionFactoryImpl] from namespace [com.topcoder.management.project.persistence.InformixProjectPersistence].
Read propery[ConnectionName] which is  optional  with value[informix_connection] from namespace [com.topcoder.management.project.persistence.InformixProjectPersistence].
Read propery[ProjectIdSequenceName] which is  optional  with value[project_id_seq] from namespace [com.topcoder.management.project.persistence.InformixProjectPersistence].
Read propery[ProjectAuditIdSequenceName] which is  optional  with value[project_audit_id_seq] from namespace [com.topcoder.management.project.persistence.InformixProjectPersistence].
Read propery[ConnectionFactoryNS] which is  required  with value[com.topcoder.db.connectionfactory.DBConnectionFactoryImpl] from namespace [com.topcoder.management.project.persistence.link.ProjectLinkMgr].
Read propery[ConnectionName] which is  optional  with value[informix_connection] from namespace [com.topcoder.management.project.persistence.link.ProjectLinkMgr].
read property ConnectionFactoryNS[com.topcoder.db.connectionfactory.DBConnectionFactoryImpl] from the namespace :com.topcoder.management.scorecard.persistence.InformixScorecardPersistence
read property ConnectionName[informix_connection] from the namespace :com.topcoder.management.scorecard.persistence.InformixScorecardPersistence
Instantiate SqlUploadPersistence with connectionFactory and connectioName:informix_connection
Instantiate PersistenceUploadManager with UploadPersistence, uploadSearchBundle, submissionSearchBundle, uploadIdGenerator, uploadTypeIdGenerator, uploadStatusIdGenerator, submissionIDGenerator, submissionStatusIdGenerator and submissionTypeIdGenerator.
Instantiate AbstractResourcePersistence with connectionFactory and connectionName[informix_connection].
load Resource role with ids:[J@198ffa2,[J@198ffa2,[J@198ffa2,[J@198ffa2,[J@198ffa2,[J@198ffa2,[J@198ffa2,[J@198ffa2,[J@198ffa2,[J@198ffa2,[J@198ffa2,[J@198ffa2,[J@198ffa2,[J@198ffa2,[J@198ffa2,[J@198ffa2,[J@198ffa2,[J@198ffa2,[J@198ffa2,[J@198ffa2,[J@198ffa2,[J@198ffa2
operator: UnknownresourceId: Unknown - creating db connection using connection name: informix_connection
committing transaction
type: Upload id: Unknown operator:Unknown - search submissions with filter. found: 1
load Resource with ids:[J@ae3ab6
operator: UnknownresourceId: Unknown - creating db connection using connection name: informix_connection
load ResourceRole with id:18
operator: UnknownresourceId: Unknown - creating db connection using connection name: informix_connection
committing transaction
committing transaction
Read propery[ConnectionFactoryNS] which is  required  with value[com.topcoder.db.connectionfactory.DBConnectionFactoryImpl] from namespace [com.topcoder.management.project.persistence.InformixProjectPersistence].
Read propery[ConnectionName] which is  optional  with value[informix_connection] from namespace [com.topcoder.management.project.persistence.InformixProjectPersistence].
Read propery[ProjectIdSequenceName] which is  optional  with value[project_id_seq] from namespace [com.topcoder.management.project.persistence.InformixProjectPersistence].
Read propery[ProjectAuditIdSequenceName] which is  optional  with value[project_audit_id_seq] from namespace [com.topcoder.management.project.persistence.InformixProjectPersistence].
Read propery[ConnectionFactoryNS] which is  required  with value[com.topcoder.db.connectionfactory.DBConnectionFactoryImpl] from namespace [com.topcoder.management.project.persistence.link.ProjectLinkMgr].
Read propery[ConnectionName] which is  optional  with value[informix_connection] from namespace [com.topcoder.management.project.persistence.link.ProjectLinkMgr].
read property ConnectionFactoryNS[com.topcoder.db.connectionfactory.DBConnectionFactoryImpl] from the namespace :com.topcoder.management.scorecard.persistence.InformixScorecardPersistence
read property ConnectionName[informix_connection] from the namespace :com.topcoder.management.scorecard.persistence.InformixScorecardPersistence
Instantiate SqlUploadPersistence with connectionFactory and connectioName:informix_connection
Instantiate PersistenceUploadManager with UploadPersistence, uploadSearchBundle, submissionSearchBundle, uploadIdGenerator, uploadTypeIdGenerator, uploadStatusIdGenerator, submissionIDGenerator, submissionStatusIdGenerator and submissionTypeIdGenerator.
Instantiate AbstractResourcePersistence with connectionFactory and connectionName[informix_connection].
load Resource role with ids:[J@4af92e,[J@4af92e,[J@4af92e,[J@4af92e,[J@4af92e,[J@4af92e,[J@4af92e,[J@4af92e,[J@4af92e,[J@4af92e,[J@4af92e,[J@4af92e,[J@4af92e,[J@4af92e,[J@4af92e,[J@4af92e,[J@4af92e,[J@4af92e,[J@4af92e,[J@4af92e,[J@4af92e,[J@4af92e
operator: UnknownresourceId: Unknown - creating db connection using connection name: informix_connection
committing transaction
type: Upload id: Unknown operator:Unknown - search submissions with filter. found: 0
type: Upload id: Unknown operator:Unknown - search submissions with filter. found: 0
Read propery[ConnectionFactoryNS] which is  required  with value[com.topcoder.db.connectionfactory.DBConnectionFactoryImpl] from namespace [com.topcoder.management.project.persistence.InformixProjectPersistence].
Read propery[ConnectionName] which is  optional  with value[informix_connection] from namespace [com.topcoder.management.project.persistence.InformixProjectPersistence].
Read propery[ProjectIdSequenceName] which is  optional  with value[project_id_seq] from namespace [com.topcoder.management.project.persistence.InformixProjectPersistence].
Read propery[ProjectAuditIdSequenceName] which is  optional  with value[project_audit_id_seq] from namespace [com.topcoder.management.project.persistence.InformixProjectPersistence].
Read propery[ConnectionFactoryNS] which is  required  with value[com.topcoder.db.connectionfactory.DBConnectionFactoryImpl] from namespace [com.topcoder.management.project.persistence.link.ProjectLinkMgr].
Read propery[ConnectionName] which is  optional  with value[informix_connection] from namespace [com.topcoder.management.project.persistence.link.ProjectLinkMgr].
read property ConnectionFactoryNS[com.topcoder.db.connectionfactory.DBConnectionFactoryImpl] from the namespace :com.topcoder.management.scorecard.persistence.InformixScorecardPersistence
read property ConnectionName[informix_connection] from the namespace :com.topcoder.management.scorecard.persistence.InformixScorecardPersistence
Instantiate SqlUploadPersistence with connectionFactory and connectioName:informix_connection
Instantiate PersistenceUploadManager with UploadPersistence, uploadSearchBundle, submissionSearchBundle, uploadIdGenerator, uploadTypeIdGenerator, uploadStatusIdGenerator, submissionIDGenerator, submissionStatusIdGenerator and submissionTypeIdGenerator.
Instantiate AbstractResourcePersistence with connectionFactory and connectionName[informix_connection].
load Resource role with ids:[J@1c4df0b,[J@1c4df0b,[J@1c4df0b,[J@1c4df0b,[J@1c4df0b,[J@1c4df0b,[J@1c4df0b,[J@1c4df0b,[J@1c4df0b,[J@1c4df0b,[J@1c4df0b,[J@1c4df0b,[J@1c4df0b,[J@1c4df0b,[J@1c4df0b,[J@1c4df0b,[J@1c4df0b,[J@1c4df0b,[J@1c4df0b,[J@1c4df0b,[J@1c4df0b,[J@1c4df0b
operator: UnknownresourceId: Unknown - creating db connection using connection name: informix_connection
committing transaction
Read propery[ConnectionFactoryNS] which is  required  with value[com.topcoder.db.connectionfactory.DBConnectionFactoryImpl] from namespace [com.topcoder.management.project.persistence.InformixProjectPersistence].
Read propery[ConnectionName] which is  optional  with value[informix_connection] from namespace [com.topcoder.management.project.persistence.InformixProjectPersistence].
Read propery[ProjectIdSequenceName] which is  optional  with value[project_id_seq] from namespace [com.topcoder.management.project.persistence.InformixProjectPersistence].
Read propery[ProjectAuditIdSequenceName] which is  optional  with value[project_audit_id_seq] from namespace [com.topcoder.management.project.persistence.InformixProjectPersistence].
Read propery[ConnectionFactoryNS] which is  required  with value[com.topcoder.db.connectionfactory.DBConnectionFactoryImpl] from namespace [com.topcoder.management.project.persistence.link.ProjectLinkMgr].
Read propery[ConnectionName] which is  optional  with value[informix_connection] from namespace [com.topcoder.management.project.persistence.link.ProjectLinkMgr].
read property ConnectionFactoryNS[com.topcoder.db.connectionfactory.DBConnectionFactoryImpl] from the namespace :com.topcoder.management.scorecard.persistence.InformixScorecardPersistence
read property ConnectionName[informix_connection] from the namespace :com.topcoder.management.scorecard.persistence.InformixScorecardPersistence
Instantiate SqlUploadPersistence with connectionFactory and connectioName:informix_connection
Instantiate PersistenceUploadManager with UploadPersistence, uploadSearchBundle, submissionSearchBundle, uploadIdGenerator, uploadTypeIdGenerator, uploadStatusIdGenerator, submissionIDGenerator, submissionStatusIdGenerator and submissionTypeIdGenerator.
Instantiate AbstractResourcePersistence with connectionFactory and connectionName[informix_connection].
load Resource role with ids:[J@4ccbc4,[J@4ccbc4,[J@4ccbc4,[J@4ccbc4,[J@4ccbc4,[J@4ccbc4,[J@4ccbc4,[J@4ccbc4,[J@4ccbc4,[J@4ccbc4,[J@4ccbc4,[J@4ccbc4,[J@4ccbc4,[J@4ccbc4,[J@4ccbc4,[J@4ccbc4,[J@4ccbc4,[J@4ccbc4,[J@4ccbc4,[J@4ccbc4,[J@4ccbc4,[J@4ccbc4
operator: UnknownresourceId: Unknown - creating db connection using connection name: informix_connection
committing transaction
Read propery[ConnectionFactoryNS] which is  required  with value[com.topcoder.db.connectionfactory.DBConnectionFactoryImpl] from namespace [com.topcoder.management.project.persistence.InformixProjectPersistence].
Read propery[ConnectionName] which is  optional  with value[informix_connection] from namespace [com.topcoder.management.project.persistence.InformixProjectPersistence].
Read propery[ProjectIdSequenceName] which is  optional  with value[project_id_seq] from namespace [com.topcoder.management.project.persistence.InformixProjectPersistence].
Read propery[ProjectAuditIdSequenceName] which is  optional  with value[project_audit_id_seq] from namespace [com.topcoder.management.project.persistence.InformixProjectPersistence].
Read propery[ConnectionFactoryNS] which is  required  with value[com.topcoder.db.connectionfactory.DBConnectionFactoryImpl] from namespace [com.topcoder.management.project.persistence.link.ProjectLinkMgr].
Read propery[ConnectionName] which is  optional  with value[informix_connection] from namespace [com.topcoder.management.project.persistence.link.ProjectLinkMgr].
read property ConnectionFactoryNS[com.topcoder.db.connectionfactory.DBConnectionFactoryImpl] from the namespace :com.topcoder.management.scorecard.persistence.InformixScorecardPersistence
read property ConnectionName[informix_connection] from the namespace :com.topcoder.management.scorecard.persistence.InformixScorecardPersistence
Instantiate SqlUploadPersistence with connectionFactory and connectioName:informix_connection
Instantiate PersistenceUploadManager with UploadPersistence, uploadSearchBundle, submissionSearchBundle, uploadIdGenerator, uploadTypeIdGenerator, uploadStatusIdGenerator, submissionIDGenerator, submissionStatusIdGenerator and submissionTypeIdGenerator.
Instantiate AbstractResourcePersistence with connectionFactory and connectionName[informix_connection].
load Resource role with ids:[J@1f78e6,[J@1f78e6,[J@1f78e6,[J@1f78e6,[J@1f78e6,[J@1f78e6,[J@1f78e6,[J@1f78e6,[J@1f78e6,[J@1f78e6,[J@1f78e6,[J@1f78e6,[J@1f78e6,[J@1f78e6,[J@1f78e6,[J@1f78e6,[J@1f78e6,[J@1f78e6,[J@1f78e6,[J@1f78e6,[J@1f78e6,[J@1f78e6
operator: UnknownresourceId: Unknown - creating db connection using connection name: informix_connection
committing transaction
type: Upload id: Unknown operator:Unknown - search submissions with filter. found: 0
Read propery[ConnectionFactoryNS] which is  required  with value[com.topcoder.db.connectionfactory.DBConnectionFactoryImpl] from namespace [com.topcoder.management.project.persistence.InformixProjectPersistence].
Read propery[ConnectionName] which is  optional  with value[informix_connection] from namespace [com.topcoder.management.project.persistence.InformixProjectPersistence].
Read propery[ProjectIdSequenceName] which is  optional  with value[project_id_seq] from namespace [com.topcoder.management.project.persistence.InformixProjectPersistence].
Read propery[ProjectAuditIdSequenceName] which is  optional  with value[project_audit_id_seq] from namespace [com.topcoder.management.project.persistence.InformixProjectPersistence].
Read propery[ConnectionFactoryNS] which is  required  with value[com.topcoder.db.connectionfactory.DBConnectionFactoryImpl] from namespace [com.topcoder.management.project.persistence.link.ProjectLinkMgr].
Read propery[ConnectionName] which is  optional  with value[informix_connection] from namespace [com.topcoder.management.project.persistence.link.ProjectLinkMgr].
read property ConnectionFactoryNS[com.topcoder.db.connectionfactory.DBConnectionFactoryImpl] from the namespace :com.topcoder.management.scorecard.persistence.InformixScorecardPersistence
read property ConnectionName[informix_connection] from the namespace :com.topcoder.management.scorecard.persistence.InformixScorecardPersistence
Instantiate SqlUploadPersistence with connectionFactory and connectioName:informix_connection
Instantiate PersistenceUploadManager with UploadPersistence, uploadSearchBundle, submissionSearchBundle, uploadIdGenerator, uploadTypeIdGenerator, uploadStatusIdGenerator, submissionIDGenerator, submissionStatusIdGenerator and submissionTypeIdGenerator.
Instantiate AbstractResourcePersistence with connectionFactory and connectionName[informix_connection].
load Resource role with ids:[J@8ede42,[J@8ede42,[J@8ede42,[J@8ede42,[J@8ede42,[J@8ede42,[J@8ede42,[J@8ede42,[J@8ede42,[J@8ede42,[J@8ede42,[J@8ede42,[J@8ede42,[J@8ede42,[J@8ede42,[J@8ede42,[J@8ede42,[J@8ede42,[J@8ede42,[J@8ede42,[J@8ede42,[J@8ede42
operator: UnknownresourceId: Unknown - creating db connection using connection name: informix_connection
committing transaction
type: Upload id: Unknown operator:Unknown - search submissions with filter. found: 1
load Resource with ids:[J@ef9e98
operator: UnknownresourceId: Unknown - creating db connection using connection name: informix_connection
load ResourceRole with id:18
operator: UnknownresourceId: Unknown - creating db connection using connection name: informix_connection
committing transaction
committing transaction
get projects with the ids: 1
operator: UnknownprojectId: Unknown - creating db connection using connection name: informix_connection
committing transaction
load Resource role with ids:[J@4f6033,[J@4f6033,[J@4f6033,[J@4f6033,[J@4f6033,[J@4f6033,[J@4f6033,[J@4f6033,[J@4f6033,[J@4f6033,[J@4f6033,[J@4f6033,[J@4f6033,[J@4f6033,[J@4f6033,[J@4f6033,[J@4f6033,[J@4f6033,[J@4f6033,[J@4f6033,[J@4f6033,[J@4f6033
operator: UnknownresourceId: Unknown - creating db connection using connection name: informix_connection
committing transaction
load Resource with ids:[J@9a8b8
operator: UnknownresourceId: Unknown - creating db connection using connection name: informix_connection
load ResourceRole with id:18
operator: UnknownresourceId: Unknown - creating db connection using connection name: informix_connection
committing transaction
committing transaction
load Resource with ids:[J@15d21e2
operator: UnknownresourceId: Unknown - creating db connection using connection name: informix_connection
load ResourceRole with id:17
operator: UnknownresourceId: Unknown - creating db connection using connection name: informix_connection
committing transaction
committing transaction
Read propery[ConnectionFactoryNS] which is  required  with value[com.topcoder.db.connectionfactory.DBConnectionFactoryImpl] from namespace [com.topcoder.management.project.persistence.link.ProjectLinkManager].
Read propery[ConnectionName] which is  optional  with value[informix_connection] from namespace [com.topcoder.management.project.persistence.link.ProjectLinkManager].
Read propery[ConnectionFactoryNS] which is  required  with value[com.topcoder.db.connectionfactory.DBConnectionFactoryImpl] from namespace [com.topcoder.management.project.persistence.link.ProjectLinkManager].
Read propery[ConnectionName] which is  optional  with value[informix_connection] from namespace [com.topcoder.management.project.persistence.link.ProjectLinkManager].
Read propery[ConnectionFactoryNS] which is  required  with value[com.topcoder.db.connectionfactory.DBConnectionFactoryImpl] from namespace [com.topcoder.management.project.persistence.link.ProjectLinkManager].
Read propery[ConnectionName] which is  optional  with value[informix_connection] from namespace [com.topcoder.management.project.persistence.link.ProjectLinkManager].
Read propery[ConnectionFactoryNS] which is  required  with value[com.topcoder.db.connectionfactory.DBConnectionFactoryImpl] from namespace [com.topcoder.management.project.persistence.link.ProjectLinkManager].
Read propery[ConnectionName] which is  optional  with value[informix_connection] from namespace [com.topcoder.management.project.persistence.link.ProjectLinkManager].
Read propery[ConnectionFactoryNS] which is  required  with value[com.topcoder.db.connectionfactory.DBConnectionFactoryImpl] from namespace [com.topcoder.management.project.persistence.link.ProjectLinkManager].
Read propery[ConnectionName] which is  optional  with value[informix_connection] from namespace [com.topcoder.management.project.persistence.link.ProjectLinkManager].
Read propery[ConnectionFactoryNS] which is  required  with value[com.topcoder.db.connectionfactory.DBConnectionFactoryImpl] from namespace [com.topcoder.management.project.persistence.link.ProjectLinkManager].
Read propery[ConnectionName] which is  optional  with value[informix_connection] from namespace [com.topcoder.management.project.persistence.link.ProjectLinkManager].
Read propery[ConnectionFactoryNS] which is  required  with value[com.topcoder.db.connectionfactory.DBConnectionFactoryImpl] from namespace [com.topcoder.management.project.persistence.link.ProjectLinkManager].
Read propery[ConnectionName] which is  optional  with value[informix_connection] from namespace [com.topcoder.management.project.persistence.link.ProjectLinkManager].
Read propery[ConnectionFactoryNS] which is  required  with value[com.topcoder.db.connectionfactory.DBConnectionFactoryImpl] from namespace [com.topcoder.management.project.persistence.link.ProjectLinkManager].
Read propery[ConnectionName] which is  optional  with value[informix_connection] from namespace [com.topcoder.management.project.persistence.link.ProjectLinkManager].
Read propery[ConnectionFactoryNS] which is  required  with value[com.topcoder.db.connectionfactory.DBConnectionFactoryImpl] from namespace [com.topcoder.management.project.persistence.link.ProjectLinkManager].
Read propery[ConnectionName] which is  optional  with value[informix_connection] from namespace [com.topcoder.management.project.persistence.link.ProjectLinkManager].
Read propery[ConnectionFactoryNS] which is  required  with value[com.topcoder.db.connectionfactory.DBConnectionFactoryImpl] from namespace [com.topcoder.management.project.persistence.link.ProjectLinkManager].
Read propery[ConnectionName] which is  optional  with value[informix_connection] from namespace [com.topcoder.management.project.persistence.link.ProjectLinkManager].
Read propery[ConnectionFactoryNS] which is  required  with value[com.topcoder.db.connectionfactory.DBConnectionFactoryImpl] from namespace [com.topcoder.management.project.persistence.link.ProjectLinkManager].
Read propery[ConnectionName] which is  optional  with value[informix_connection] from namespace [com.topcoder.management.project.persistence.link.ProjectLinkManager].
Read propery[ConnectionFactoryNS] which is  required  with value[com.topcoder.db.connectionfactory.DBConnectionFactoryImpl] from namespace [com.topcoder.management.project.persistence.link.ProjectLinkManager].
Read propery[ConnectionName] which is  optional  with value[informix_connection] from namespace [com.topcoder.management.project.persistence.link.ProjectLinkManager].
Read propery[ConnectionFactoryNS] which is  required  with value[com.topcoder.db.connectionfactory.DBConnectionFactoryImpl] from namespace [com.topcoder.management.project.persistence.link.ProjectLinkManager].
Read propery[ConnectionName] which is  optional  with value[informix_connection] from namespace [com.topcoder.management.project.persistence.link.ProjectLinkManager].
Read propery[ConnectionFactoryNS] which is  required  with value[com.topcoder.db.connectionfactory.DBConnectionFactoryImpl] from namespace [com.topcoder.management.project.persistence.link.ProjectLinkManager].
Read propery[ConnectionName] which is  optional  with value[informix_connection] from namespace [com.topcoder.management.project.persistence.link.ProjectLinkManager].
Read propery[ConnectionFactoryNS] which is  required  with value[com.topcoder.db.connectionfactory.DBConnectionFactoryImpl] from namespace [com.topcoder.management.project.persistence.link.ProjectLinkManager].
Read propery[ConnectionName] which is  optional  with value[informix_connection] from namespace [com.topcoder.management.project.persistence.link.ProjectLinkManager].
Read propery[ConnectionFactoryNS] which is  required  with value[com.topcoder.db.connectionfactory.DBConnectionFactoryImpl] from namespace [com.topcoder.management.project.persistence.link.ProjectLinkManager].
Read propery[ConnectionName] which is  optional  with value[informix_connection] from namespace [com.topcoder.management.project.persistence.link.ProjectLinkManager].
Read propery[ConnectionFactoryNS] which is  required  with value[com.topcoder.db.connectionfactory.DBConnectionFactoryImpl] from namespace [com.topcoder.management.project.persistence.link.ProjectLinkManager].
Read propery[ConnectionName] which is  optional  with value[informix_connection] from namespace [com.topcoder.management.project.persistence.link.ProjectLinkManager].
Read propery[ConnectionFactoryNS] which is  required  with value[com.topcoder.db.connectionfactory.DBConnectionFactoryImpl] from namespace [com.topcoder.management.project.persistence.link.ProjectLinkManager].
Read propery[ConnectionName] which is  optional  with value[informix_connection] from namespace [com.topcoder.management.project.persistence.link.ProjectLinkManager].
Read propery[ConnectionFactoryNS] which is  required  with value[com.topcoder.db.connectionfactory.DBConnectionFactoryImpl] from namespace [com.topcoder.management.project.persistence.link.ProjectLinkManager].
Read propery[ConnectionName] which is  optional  with value[informix_connection] from namespace [com.topcoder.management.project.persistence.link.ProjectLinkManager].
Read propery[ConnectionFactoryNS] which is  required  with value[com.topcoder.db.connectionfactory.DBConnectionFactoryImpl] from namespace [com.topcoder.management.project.persistence.link.ProjectLinkManager].
Read propery[ConnectionName] which is  optional  with value[informix_connection] from namespace [com.topcoder.management.project.persistence.link.ProjectLinkManager].
Read propery[ConnectionFactoryNS] which is  required  with value[com.topcoder.db.connectionfactory.DBConnectionFactoryImpl] from namespace [com.topcoder.management.project.persistence.link.ProjectLinkManager].
Read propery[ConnectionName] which is  optional  with value[informix_connection] from namespace [com.topcoder.management.project.persistence.link.ProjectLinkManager].
Read propery[ConnectionFactoryNS] which is  required  with value[com.topcoder.db.connectionfactory.DBConnectionFactoryImpl] from namespace [com.topcoder.management.project.persistence.link.ProjectLinkManager].
Read propery[ConnectionName] which is  optional  with value[informix_connection] from namespace [com.topcoder.management.project.persistence.link.ProjectLinkManager].
Read propery[ConnectionFactoryNS] which is  required  with value[com.topcoder.db.connectionfactory.DBConnectionFactoryImpl] from namespace [com.topcoder.management.project.persistence.link.ProjectLinkManager].
Read propery[ConnectionName] which is  optional  with value[informix_connection] from namespace [com.topcoder.management.project.persistence.link.ProjectLinkManager].
Read propery[ConnectionFactoryNS] which is  required  with value[com.topcoder.db.connectionfactory.DBConnectionFactoryImpl] from namespace [com.topcoder.management.project.persistence.link.ProjectLinkManager].
Read propery[ConnectionName] which is  optional  with value[informix_connection] from namespace [com.topcoder.management.project.persistence.link.ProjectLinkManager].
Read propery[ConnectionFactoryNS] which is  required  with value[com.topcoder.db.connectionfactory.DBConnectionFactoryImpl] from namespace [com.topcoder.management.project.persistence.link.ProjectLinkManager].
Read propery[ConnectionName] which is  optional  with value[informix_connection] from namespace [com.topcoder.management.project.persistence.link.ProjectLinkManager].
Read propery[ConnectionFactoryNS] which is  required  with value[com.topcoder.db.connectionfactory.DBConnectionFactoryImpl] from namespace [com.topcoder.management.project.persistence.link.ProjectLinkManager].
Read propery[ConnectionName] which is  optional  with value[informix_connection] from namespace [com.topcoder.management.project.persistence.link.ProjectLinkManager].
Read propery[ConnectionFactoryNS] which is  required  with value[com.topcoder.db.connectionfactory.DBConnectionFactoryImpl] from namespace [com.topcoder.management.project.persistence.link.ProjectLinkManager].
Read propery[ConnectionName] which is  optional  with value[informix_connection] from namespace [com.topcoder.management.project.persistence.link.ProjectLinkManager].
Read propery[ConnectionFactoryNS] which is  required  with value[com.topcoder.db.connectionfactory.DBConnectionFactoryImpl] from namespace [com.topcoder.management.project.persistence.link.ProjectLinkManager].
Read propery[ConnectionName] which is  optional  with value[informix_connection] from namespace [com.topcoder.management.project.persistence.link.ProjectLinkManager].
Read propery[ConnectionFactoryNS] which is  required  with value[com.topcoder.db.connectionfactory.DBConnectionFactoryImpl] from namespace [com.topcoder.management.project.persistence.link.ProjectLinkManager].
Read propery[ConnectionName] which is  optional  with value[informix_connection] from namespace [com.topcoder.management.project.persistence.link.ProjectLinkManager].
Read propery[ConnectionFactoryNS] which is  required  with value[com.topcoder.db.connectionfactory.DBConnectionFactoryImpl] from namespace [com.topcoder.management.project.persistence.link.ProjectLinkManager].
Read propery[ConnectionName] which is  optional  with value[informix_connection] from namespace [com.topcoder.management.project.persistence.link.ProjectLinkManager].
Read propery[ConnectionFactoryNS] which is  required  with value[com.topcoder.db.connectionfactory.DBConnectionFactoryImpl] from namespace [com.topcoder.management.project.persistence.link.ProjectLinkManager].
Read propery[ConnectionName] which is  optional  with value[informix_connection] from namespace [com.topcoder.management.project.persistence.link.ProjectLinkManager].
Read propery[ConnectionFactoryNS] which is  required  with value[com.topcoder.db.connectionfactory.DBConnectionFactoryImpl] from namespace [com.topcoder.management.project.persistence.link.ProjectLinkManager].
Read propery[ConnectionName] which is  optional  with value[informix_connection] from namespace [com.topcoder.management.project.persistence.link.ProjectLinkManager].
Read propery[ConnectionFactoryNS] which is  required  with value[com.topcoder.db.connectionfactory.DBConnectionFactoryImpl] from namespace [com.topcoder.management.project.persistence.link.ProjectLinkManager].
Read propery[ConnectionName] which is  optional  with value[informix_connection] from namespace [com.topcoder.management.project.persistence.link.ProjectLinkManager].
Read propery[ConnectionFactoryNS] which is  required  with value[com.topcoder.db.connectionfactory.DBConnectionFactoryImpl] from namespace [com.topcoder.management.project.persistence.link.ProjectLinkManager].
Read propery[ConnectionName] which is  optional  with value[informix_connection] from namespace [com.topcoder.management.project.persistence.link.ProjectLinkManager].
Read propery[ConnectionFactoryNS] which is  required  with value[com.topcoder.db.connectionfactory.DBConnectionFactoryImpl] from namespace [com.topcoder.management.project.persistence.link.ProjectLinkManager].
Read propery[ConnectionName] which is  optional  with value[informix_connection] from namespace [com.topcoder.management.project.persistence.link.ProjectLinkManager].
Read propery[ConnectionFactoryNS] which is  required  with value[com.topcoder.db.connectionfactory.DBConnectionFactoryImpl] from namespace [com.topcoder.management.project.persistence.link.ProjectLinkManager].
Read propery[ConnectionName] which is  optional  with value[informix_connection] from namespace [com.topcoder.management.project.persistence.link.ProjectLinkManager].
Read propery[ConnectionFactoryNS] which is  required  with value[com.topcoder.db.connectionfactory.DBConnectionFactoryImpl] from namespace [com.topcoder.management.project.persistence.link.ProjectLinkManager].
Read propery[ConnectionName] which is  optional  with value[informix_connection] from namespace [com.topcoder.management.project.persistence.link.ProjectLinkManager].
Read propery[ConnectionFactoryNS] which is  required  with value[com.topcoder.db.connectionfactory.DBConnectionFactoryImpl] from namespace [com.topcoder.management.project.persistence.link.ProjectLinkManager].
Read propery[ConnectionName] which is  optional  with value[informix_connection] from namespace [com.topcoder.management.project.persistence.link.ProjectLinkManager].
Read propery[ConnectionFactoryNS] which is  required  with value[com.topcoder.db.connectionfactory.DBConnectionFactoryImpl] from namespace [com.topcoder.management.project.persistence.link.ProjectLinkManager].
Read propery[ConnectionName] which is  optional  with value[informix_connection] from namespace [com.topcoder.management.project.persistence.link.ProjectLinkManager].
Read propery[ConnectionFactoryNS] which is  required  with value[com.topcoder.db.connectionfactory.DBConnectionFactoryImpl] from namespace [com.topcoder.management.project.persistence.link.ProjectLinkManager].
Read propery[ConnectionName] which is  optional  with value[informix_connection] from namespace [com.topcoder.management.project.persistence.link.ProjectLinkManager].
Read propery[ConnectionFactoryNS] which is  required  with value[com.topcoder.db.connectionfactory.DBConnectionFactoryImpl] from namespace [com.topcoder.management.project.persistence.link.ProjectLinkManager].
Read propery[ConnectionName] which is  optional  with value[informix_connection] from namespace [com.topcoder.management.project.persistence.link.ProjectLinkManager].
Read propery[ConnectionFactoryNS] which is  required  with value[com.topcoder.db.connectionfactory.DBConnectionFactoryImpl] from namespace [com.topcoder.management.project.persistence.link.ProjectLinkManager].
Read propery[ConnectionName] which is  optional  with value[informix_connection] from namespace [com.topcoder.management.project.persistence.link.ProjectLinkManager].
Read propery[ConnectionFactoryNS] which is  required  with value[com.topcoder.db.connectionfactory.DBConnectionFactoryImpl] from namespace [com.topcoder.management.project.persistence.link.ProjectLinkManager].
Read propery[ConnectionName] which is  optional  with value[informix_connection] from namespace [com.topcoder.management.project.persistence.link.ProjectLinkManager].
Read propery[ConnectionFactoryNS] which is  required  with value[com.topcoder.db.connectionfactory.DBConnectionFactoryImpl] from namespace [com.topcoder.management.project.persistence.link.ProjectLinkManager].
Read propery[ConnectionName] which is  optional  with value[informix_connection] from namespace [com.topcoder.management.project.persistence.link.ProjectLinkManager].
Read propery[ConnectionFactoryNS] which is  required  with value[com.topcoder.db.connectionfactory.DBConnectionFactoryImpl] from namespace [com.topcoder.management.project.persistence.link.ProjectLinkManager].
Read propery[ConnectionName] which is  optional  with value[informix_connection] from namespace [com.topcoder.management.project.persistence.link.ProjectLinkManager].
Read propery[ConnectionFactoryNS] which is  required  with value[com.topcoder.db.connectionfactory.DBConnectionFactoryImpl] from namespace [com.topcoder.management.project.persistence.link.ProjectLinkManager].
Read propery[ConnectionName] which is  optional  with value[informix_connection] from namespace [com.topcoder.management.project.persistence.link.ProjectLinkManager].
Read propery[ConnectionFactoryNS] which is  required  with value[com.topcoder.db.connectionfactory.DBConnectionFactoryImpl] from namespace [com.topcoder.management.project.persistence.link.ProjectLinkManager].
Read propery[ConnectionName] which is  optional  with value[informix_connection] from namespace [com.topcoder.management.project.persistence.link.ProjectLinkManager].
Read propery[ConnectionFactoryNS] which is  required  with value[com.topcoder.db.connectionfactory.DBConnectionFactoryImpl] from namespace [com.topcoder.management.project.persistence.link.ProjectLinkManager].
Read propery[ConnectionName] which is  optional  with value[informix_connection] from namespace [com.topcoder.management.project.persistence.link.ProjectLinkManager].
Read propery[ConnectionFactoryNS] which is  required  with value[com.topcoder.db.connectionfactory.DBConnectionFactoryImpl] from namespace [com.topcoder.management.project.persistence.link.ProjectLinkManager].
Read propery[ConnectionName] which is  optional  with value[informix_connection] from namespace [com.topcoder.management.project.persistence.link.ProjectLinkManager].
Read propery[ConnectionFactoryNS] which is  required  with value[com.topcoder.db.connectionfactory.DBConnectionFactoryImpl] from namespace [com.topcoder.management.project.persistence.link.ProjectLinkManager].
Read propery[ConnectionName] which is  optional  with value[informix_connection] from namespace [com.topcoder.management.project.persistence.link.ProjectLinkManager].
Read propery[ConnectionFactoryNS] which is  required  with value[com.topcoder.db.connectionfactory.DBConnectionFactoryImpl] from namespace [com.topcoder.management.project.persistence.link.ProjectLinkManager].
Read propery[ConnectionName] which is  optional  with value[informix_connection] from namespace [com.topcoder.management.project.persistence.link.ProjectLinkManager].
Read propery[ConnectionFactoryNS] which is  required  with value[com.topcoder.db.connectionfactory.DBConnectionFactoryImpl] from namespace [com.topcoder.management.project.persistence.link.ProjectLinkManager].
Read propery[ConnectionName] which is  optional  with value[informix_connection] from namespace [com.topcoder.management.project.persistence.link.ProjectLinkManager].
Read propery[ConnectionFactoryNS] which is  required  with value[com.topcoder.db.connectionfactory.DBConnectionFactoryImpl] from namespace [com.topcoder.management.project.persistence.link.ProjectLinkManager].
Read propery[ConnectionName] which is  optional  with value[informix_connection] from namespace [com.topcoder.management.project.persistence.link.ProjectLinkManager].
Read propery[ConnectionFactoryNS] which is  required  with value[com.topcoder.db.connectionfactory.DBConnectionFactoryImpl] from namespace [com.topcoder.management.project.persistence.link.ProjectLinkManager].
Read propery[ConnectionName] which is  optional  with value[informix_connection] from namespace [com.topcoder.management.project.persistence.link.ProjectLinkManager].
Read propery[ConnectionFactoryNS] which is  required  with value[com.topcoder.db.connectionfactory.DBConnectionFactoryImpl] from namespace [com.topcoder.management.project.persistence.link.ProjectLinkManager].
Read propery[ConnectionName] which is  optional  with value[informix_connection] from namespace [com.topcoder.management.project.persistence.link.ProjectLinkManager].
Read propery[ConnectionFactoryNS] which is  required  with value[com.topcoder.db.connectionfactory.DBConnectionFactoryImpl] from namespace [com.topcoder.management.project.persistence.link.ProjectLinkManager].
Read propery[ConnectionName] which is  optional  with value[informix_connection] from namespace [com.topcoder.management.project.persistence.link.ProjectLinkManager].
Read propery[ConnectionFactoryNS] which is  required  with value[com.topcoder.db.connectionfactory.DBConnectionFactoryImpl] from namespace [com.topcoder.management.project.persistence.link.ProjectLinkManager].
Read propery[ConnectionName] which is  optional  with value[informix_connection] from namespace [com.topcoder.management.project.persistence.link.ProjectLinkManager].
Read propery[ConnectionFactoryNS] which is  required  with value[com.topcoder.db.connectionfactory.DBConnectionFactoryImpl] from namespace [com.topcoder.management.project.persistence.link.ProjectLinkManager].
Read propery[ConnectionName] which is  optional  with value[informix_connection] from namespace [com.topcoder.management.project.persistence.link.ProjectLinkManager].
Read propery[ConnectionFactoryNS] which is  required  with value[com.topcoder.db.connectionfactory.DBConnectionFactoryImpl] from namespace [com.topcoder.management.project.persistence.link.ProjectLinkManager].
Read propery[ConnectionName] which is  optional  with value[informix_connection] from namespace [com.topcoder.management.project.persistence.link.ProjectLinkManager].
Read propery[ConnectionFactoryNS] which is  required  with value[com.topcoder.db.connectionfactory.DBConnectionFactoryImpl] from namespace [com.topcoder.management.project.persistence.link.ProjectLinkManager].
Read propery[ConnectionName] which is  optional  with value[informix_connection] from namespace [com.topcoder.management.project.persistence.link.ProjectLinkManager].
Read propery[ConnectionFactoryNS] which is  required  with value[com.topcoder.db.connectionfactory.DBConnectionFactoryImpl] from namespace [com.topcoder.management.project.persistence.link.ProjectLinkManager].
Read propery[ConnectionName] which is  optional  with value[informix_connection] from namespace [com.topcoder.management.project.persistence.link.ProjectLinkManager].
Read propery[ConnectionFactoryNS] which is  required  with value[com.topcoder.db.connectionfactory.DBConnectionFactoryImpl] from namespace [com.topcoder.management.project.persistence.link.ProjectLinkManager].
Read propery[ConnectionName] which is  optional  with value[informix_connection] from namespace [com.topcoder.management.project.persistence.link.ProjectLinkManager].
Read propery[ConnectionFactoryNS] which is  required  with value[com.topcoder.db.connectionfactory.DBConnectionFactoryImpl] from namespace [com.topcoder.management.project.persistence.link.ProjectLinkManager].
Read propery[ConnectionName] which is  optional  with value[informix_connection] from namespace [com.topcoder.management.project.persistence.link.ProjectLinkManager].
Read propery[ConnectionFactoryNS] which is  required  with value[com.topcoder.db.connectionfactory.DBConnectionFactoryImpl] from namespace [com.topcoder.management.project.persistence.link.ProjectLinkManager].
Read propery[ConnectionName] which is  optional  with value[informix_connection] from namespace [com.topcoder.management.project.persistence.link.ProjectLinkManager].
Read propery[ConnectionFactoryNS] which is  required  with value[com.topcoder.db.connectionfactory.DBConnectionFactoryImpl] from namespace [com.topcoder.management.project.persistence.link.ProjectLinkManager].
Read propery[ConnectionName] which is  optional  with value[informix_connection] from namespace [com.topcoder.management.project.persistence.link.ProjectLinkManager].
Read propery[ConnectionFactoryNS] which is  required  with value[com.topcoder.db.connectionfactory.DBConnectionFactoryImpl] from namespace [com.topcoder.management.project.persistence.link.ProjectLinkManager].
Read propery[ConnectionName] which is  optional  with value[informix_connection] from namespace [com.topcoder.management.project.persistence.link.ProjectLinkManager].
Read propery[ConnectionFactoryNS] which is  required  with value[com.topcoder.db.connectionfactory.DBConnectionFactoryImpl] from namespace [com.topcoder.management.project.persistence.link.ProjectLinkManager].
Read propery[ConnectionName] which is  optional  with value[informix_connection] from namespace [com.topcoder.management.project.persistence.link.ProjectLinkManager].
Read propery[ConnectionFactoryNS] which is  required  with value[com.topcoder.db.connectionfactory.DBConnectionFactoryImpl] from namespace [com.topcoder.management.project.persistence.link.ProjectLinkManager].
Read propery[ConnectionName] which is  optional  with value[informix_connection] from namespace [com.topcoder.management.project.persistence.link.ProjectLinkManager].
Read propery[ConnectionFactoryNS] which is  required  with value[com.topcoder.db.connectionfactory.DBConnectionFactoryImpl] from namespace [com.topcoder.management.project.persistence.link.ProjectLinkManager].
Read propery[ConnectionName] which is  optional  with value[informix_connection] from namespace [com.topcoder.management.project.persistence.link.ProjectLinkManager].
Read propery[ConnectionFactoryNS] which is  required  with value[com.topcoder.db.connectionfactory.DBConnectionFactoryImpl] from namespace [com.topcoder.management.project.persistence.link.ProjectLinkManager].
Read propery[ConnectionName] which is  optional  with value[informix_connection] from namespace [com.topcoder.management.project.persistence.link.ProjectLinkManager].
Read propery[ConnectionFactoryNS] which is  required  with value[com.topcoder.db.connectionfactory.DBConnectionFactoryImpl] from namespace [com.topcoder.management.project.persistence.link.ProjectLinkManager].
Read propery[ConnectionName] which is  optional  with value[informix_connection] from namespace [com.topcoder.management.project.persistence.link.ProjectLinkManager].
Read propery[ConnectionFactoryNS] which is  required  with value[com.topcoder.db.connectionfactory.DBConnectionFactoryImpl] from namespace [com.topcoder.management.project.persistence.link.ProjectLinkManager].
Read propery[ConnectionName] which is  optional  with value[informix_connection] from namespace [com.topcoder.management.project.persistence.link.ProjectLinkManager].
Read propery[ConnectionFactoryNS] which is  required  with value[com.topcoder.db.connectionfactory.DBConnectionFactoryImpl] from namespace [com.topcoder.management.project.persistence.link.ProjectLinkManager].
Read propery[ConnectionName] which is  optional  with value[informix_connection] from namespace [com.topcoder.management.project.persistence.link.ProjectLinkManager].
Read propery[ConnectionFactoryNS] which is  required  with value[com.topcoder.db.connectionfactory.DBConnectionFactoryImpl] from namespace [com.topcoder.management.project.persistence.link.ProjectLinkManager].
Read propery[ConnectionName] which is  optional  with value[informix_connection] from namespace [com.topcoder.management.project.persistence.link.ProjectLinkManager].
Read propery[ConnectionFactoryNS] which is  required  with value[com.topcoder.db.connectionfactory.DBConnectionFactoryImpl] from namespace [com.topcoder.management.project.persistence.link.ProjectLinkManager].
Read propery[ConnectionName] which is  optional  with value[informix_connection] from namespace [com.topcoder.management.project.persistence.link.ProjectLinkManager].
Read propery[ConnectionFactoryNS] which is  required  with value[com.topcoder.db.connectionfactory.DBConnectionFactoryImpl] from namespace [com.topcoder.management.project.persistence.link.ProjectLinkManager].
Read propery[ConnectionName] which is  optional  with value[informix_connection] from namespace [com.topcoder.management.project.persistence.link.ProjectLinkManager].
Read propery[ConnectionFactoryNS] which is  required  with value[com.topcoder.db.connectionfactory.DBConnectionFactoryImpl] from namespace [com.topcoder.management.project.persistence.link.ProjectLinkManager].
Read propery[ConnectionName] which is  optional  with value[informix_connection] from namespace [com.topcoder.management.project.persistence.link.ProjectLinkManager].
Read propery[ConnectionFactoryNS] which is  required  with value[com.topcoder.db.connectionfactory.DBConnectionFactoryImpl] from namespace [com.topcoder.management.project.persistence.link.ProjectLinkManager].
Read propery[ConnectionName] which is  optional  with value[informix_connection] from namespace [com.topcoder.management.project.persistence.link.ProjectLinkManager].
Read propery[ConnectionFactoryNS] which is  required  with value[com.topcoder.db.connectionfactory.DBConnectionFactoryImpl] from namespace [com.topcoder.management.project.persistence.link.ProjectLinkManager].
Read propery[ConnectionName] which is  optional  with value[informix_connection] from namespace [com.topcoder.management.project.persistence.link.ProjectLinkManager].
Read propery[ConnectionFactoryNS] which is  required  with value[com.topcoder.db.connectionfactory.DBConnectionFactoryImpl] from namespace [com.topcoder.management.project.persistence.link.ProjectLinkManager].
Read propery[ConnectionName] which is  optional  with value[informix_connection] from namespace [com.topcoder.management.project.persistence.link.ProjectLinkManager].
Read propery[ConnectionFactoryNS] which is  required  with value[com.topcoder.db.connectionfactory.DBConnectionFactoryImpl] from namespace [com.topcoder.management.project.persistence.link.ProjectLinkManager].
Read propery[ConnectionName] which is  optional  with value[informix_connection] from namespace [com.topcoder.management.project.persistence.link.ProjectLinkManager].
Read propery[ConnectionFactoryNS] which is  required  with value[com.topcoder.db.connectionfactory.DBConnectionFactoryImpl] from namespace [com.topcoder.management.project.persistence.link.ProjectLinkManager].
Read propery[ConnectionName] which is  optional  with value[informix_connection] from namespace [com.topcoder.management.project.persistence.link.ProjectLinkManager].
Read propery[ConnectionFactoryNS] which is  required  with value[com.topcoder.db.connectionfactory.DBConnectionFactoryImpl] from namespace [com.topcoder.management.project.persistence.link.ProjectLinkManager].
Read propery[ConnectionName] which is  optional  with value[informix_connection] from namespace [com.topcoder.management.project.persistence.link.ProjectLinkManager].
Read propery[ConnectionFactoryNS] which is  required  with value[com.topcoder.db.connectionfactory.DBConnectionFactoryImpl] from namespace [com.topcoder.management.project.persistence.link.ProjectLinkManager].
Read propery[ConnectionName] which is  optional  with value[informix_connection] from namespace [com.topcoder.management.project.persistence.link.ProjectLinkManager].
Read propery[ConnectionFactoryNS] which is  required  with value[com.topcoder.db.connectionfactory.DBConnectionFactoryImpl] from namespace [com.topcoder.management.project.persistence.link.ProjectLinkManager].
Read propery[ConnectionName] which is  optional  with value[informix_connection] from namespace [com.topcoder.management.project.persistence.link.ProjectLinkManager].
Read propery[ConnectionFactoryNS] which is  required  with value[com.topcoder.db.connectionfactory.DBConnectionFactoryImpl] from namespace [com.topcoder.management.project.persistence.link.ProjectLinkManager].
Read propery[ConnectionName] which is  optional  with value[informix_connection] from namespace [com.topcoder.management.project.persistence.link.ProjectLinkManager].
Read propery[ConnectionFactoryNS] which is  required  with value[com.topcoder.db.connectionfactory.DBConnectionFactoryImpl] from namespace [com.topcoder.management.project.persistence.link.ProjectLinkManager].
Read propery[ConnectionName] which is  optional  with value[informix_connection] from namespace [com.topcoder.management.project.persistence.link.ProjectLinkManager].
Read propery[ConnectionFactoryNS] which is  required  with value[com.topcoder.db.connectionfactory.DBConnectionFactoryImpl] from namespace [com.topcoder.management.project.persistence.link.ProjectLinkManager].
Read propery[ConnectionName] which is  optional  with value[informix_connection] from namespace [com.topcoder.management.project.persistence.link.ProjectLinkManager].
Read propery[ConnectionFactoryNS] which is  required  with value[com.topcoder.db.connectionfactory.DBConnectionFactoryImpl] from namespace [com.topcoder.management.project.persistence.link.ProjectLinkManager].
Read propery[ConnectionName] which is  optional  with value[informix_connection] from namespace [com.topcoder.management.project.persistence.link.ProjectLinkManager].
Read propery[ConnectionFactoryNS] which is  required  with value[com.topcoder.db.connectionfactory.DBConnectionFactoryImpl] from namespace [com.topcoder.management.project.persistence.link.ProjectLinkManager].
Read propery[ConnectionName] which is  optional  with value[informix_connection] from namespace [com.topcoder.management.project.persistence.link.ProjectLinkManager].
Read propery[ConnectionFactoryNS] which is  required  with value[com.topcoder.db.connectionfactory.DBConnectionFactoryImpl] from namespace [com.topcoder.management.project.persistence.link.ProjectLinkManager].
Read propery[ConnectionName] which is  optional  with value[informix_connection] from namespace [com.topcoder.management.project.persistence.link.ProjectLinkManager].
Read propery[ConnectionFactoryNS] which is  required  with value[com.topcoder.db.connectionfactory.DBConnectionFactoryImpl] from namespace [com.topcoder.management.project.persistence.link.ProjectLinkManager].
Read propery[ConnectionName] which is  optional  with value[informix_connection] from namespace [com.topcoder.management.project.persistence.link.ProjectLinkManager].
Read propery[ConnectionFactoryNS] which is  required  with value[com.topcoder.db.connectionfactory.DBConnectionFactoryImpl] from namespace [com.topcoder.management.project.persistence.link.ProjectLinkManager].
Read propery[ConnectionName] which is  optional  with value[informix_connection] from namespace [com.topcoder.management.project.persistence.link.ProjectLinkManager].
Read propery[ConnectionFactoryNS] which is  required  with value[com.topcoder.db.connectionfactory.DBConnectionFactoryImpl] from namespace [com.topcoder.management.project.persistence.link.ProjectLinkManager].
Read propery[ConnectionName] which is  optional  with value[informix_connection] from namespace [com.topcoder.management.project.persistence.link.ProjectLinkManager].
Read propery[ConnectionFactoryNS] which is  required  with value[com.topcoder.db.connectionfactory.DBConnectionFactoryImpl] from namespace [com.topcoder.management.project.persistence.link.ProjectLinkManager].
Read propery[ConnectionName] which is  optional  with value[informix_connection] from namespace [com.topcoder.management.project.persistence.link.ProjectLinkManager].
Read propery[ConnectionFactoryNS] which is  required  with value[com.topcoder.db.connectionfactory.DBConnectionFactoryImpl] from namespace [com.topcoder.management.project.persistence.link.ProjectLinkManager].
Read propery[ConnectionName] which is  optional  with value[informix_connection] from namespace [com.topcoder.management.project.persistence.link.ProjectLinkManager].
Read propery[ConnectionFactoryNS] which is  required  with value[com.topcoder.db.connectionfactory.DBConnectionFactoryImpl] from namespace [com.topcoder.management.project.persistence.link.ProjectLinkManager].
Read propery[ConnectionName] which is  optional  with value[informix_connection] from namespace [com.topcoder.management.project.persistence.link.ProjectLinkManager].
Read propery[ConnectionFactoryNS] which is  required  with value[com.topcoder.db.connectionfactory.DBConnectionFactoryImpl] from namespace [com.topcoder.management.project.persistence.link.ProjectLinkManager].
Read propery[ConnectionName] which is  optional  with value[informix_connection] from namespace [com.topcoder.management.project.persistence.link.ProjectLinkManager].
Read propery[ConnectionFactoryNS] which is  required  with value[com.topcoder.db.connectionfactory.DBConnectionFactoryImpl] from namespace [com.topcoder.management.project.persistence.link.ProjectLinkManager].
Read propery[ConnectionName] which is  optional  with value[informix_connection] from namespace [com.topcoder.management.project.persistence.link.ProjectLinkManager].
Read propery[ConnectionFactoryNS] which is  required  with value[com.topcoder.db.connectionfactory.DBConnectionFactoryImpl] from namespace [com.topcoder.management.project.persistence.link.ProjectLinkManager].
Read propery[ConnectionName] which is  optional  with value[informix_connection] from namespace [com.topcoder.management.project.persistence.link.ProjectLinkManager].
Read propery[ConnectionFactoryNS] which is  required  with value[com.topcoder.db.connectionfactory.DBConnectionFactoryImpl] from namespace [com.topcoder.management.project.persistence.link.ProjectLinkManager].
Read propery[ConnectionName] which is  optional  with value[informix_connection] from namespace [com.topcoder.management.project.persistence.link.ProjectLinkManager].
Read propery[ConnectionFactoryNS] which is  required  with value[com.topcoder.db.connectionfactory.DBConnectionFactoryImpl] from namespace [com.topcoder.management.project.persistence.link.ProjectLinkManager].
Read propery[ConnectionName] which is  optional  with value[informix_connection] from namespace [com.topcoder.management.project.persistence.link.ProjectLinkManager].
Read propery[ConnectionFactoryNS] which is  required  with value[com.topcoder.db.connectionfactory.DBConnectionFactoryImpl] from namespace [com.topcoder.management.project.persistence.link.ProjectLinkManager].
Read propery[ConnectionName] which is  optional  with value[informix_connection] from namespace [com.topcoder.management.project.persistence.link.ProjectLinkManager].
Read propery[ConnectionFactoryNS] which is  required  with value[com.topcoder.db.connectionfactory.DBConnectionFactoryImpl] from namespace [com.topcoder.management.project.persistence.link.ProjectLinkManager].
Read propery[ConnectionName] which is  optional  with value[informix_connection] from namespace [com.topcoder.management.project.persistence.link.ProjectLinkManager].
Read propery[ConnectionFactoryNS] which is  required  with value[com.topcoder.db.connectionfactory.DBConnectionFactoryImpl] from namespace [com.topcoder.management.project.persistence.link.ProjectLinkManager].
Read propery[ConnectionName] which is  optional  with value[informix_connection] from namespace [com.topcoder.management.project.persistence.link.ProjectLinkManager].
Read propery[ConnectionFactoryNS] which is  required  with value[com.topcoder.db.connectionfactory.DBConnectionFactoryImpl] from namespace [com.topcoder.management.project.persistence.link.ProjectLinkManager].
Read propery[ConnectionName] which is  optional  with value[informix_connection] from namespace [com.topcoder.management.project.persistence.link.ProjectLinkManager].
Read propery[ConnectionFactoryNS] which is  required  with value[com.topcoder.db.connectionfactory.DBConnectionFactoryImpl] from namespace [com.topcoder.management.project.persistence.link.ProjectLinkManager].
Read propery[ConnectionName] which is  optional  with value[informix_connection] from namespace [com.topcoder.management.project.persistence.link.ProjectLinkManager].
Read propery[ConnectionFactoryNS] which is  required  with value[com.topcoder.db.connectionfactory.DBConnectionFactoryImpl] from namespace [com.topcoder.management.project.persistence.link.ProjectLinkManager].
Read propery[ConnectionName] which is  optional  with value[informix_connection] from namespace [com.topcoder.management.project.persistence.link.ProjectLinkManager].
Read propery[ConnectionFactoryNS] which is  required  with value[com.topcoder.db.connectionfactory.DBConnectionFactoryImpl] from namespace [com.topcoder.management.project.persistence.link.ProjectLinkManager].
Read propery[ConnectionName] which is  optional  with value[informix_connection] from namespace [com.topcoder.management.project.persistence.link.ProjectLinkManager].
entering canPerform: phaseId1
entering canPerform: phaseId1
Read propery[ConnectionFactoryNS] which is  required  with value[com.topcoder.db.connectionfactory.DBConnectionFactoryImpl] from namespace [com.topcoder.management.project.persistence.link.ProjectLinkManager].
Read propery[ConnectionName] which is  optional  with value[informix_connection] from namespace [com.topcoder.management.project.persistence.link.ProjectLinkManager].
Read propery[ConnectionFactoryNS] which is  required  with value[com.topcoder.db.connectionfactory.DBConnectionFactoryImpl] from namespace [com.topcoder.management.project.persistence.link.ProjectLinkManager].
Read propery[ConnectionName] which is  optional  with value[informix_connection] from namespace [com.topcoder.management.project.persistence.link.ProjectLinkManager].
Read propery[ConnectionFactoryNS] which is  required  with value[com.topcoder.db.connectionfactory.DBConnectionFactoryImpl] from namespace [com.topcoder.management.project.persistence.link.ProjectLinkManager].
Read propery[ConnectionName] which is  optional  with value[informix_connection] from namespace [com.topcoder.management.project.persistence.link.ProjectLinkManager].
Read propery[ConnectionFactoryNS] which is  required  with value[com.topcoder.db.connectionfactory.DBConnectionFactoryImpl] from namespace [com.topcoder.management.project.persistence.link.ProjectLinkManager].
Read propery[ConnectionName] which is  optional  with value[informix_connection] from namespace [com.topcoder.management.project.persistence.link.ProjectLinkManager].
Read propery[ConnectionFactoryNS] which is  required  with value[com.topcoder.db.connectionfactory.DBConnectionFactoryImpl] from namespace [com.topcoder.management.project.persistence.link.ProjectLinkManager].
Read propery[ConnectionName] which is  optional  with value[informix_connection] from namespace [com.topcoder.management.project.persistence.link.ProjectLinkManager].
Read propery[ConnectionFactoryNS] which is  required  with value[com.topcoder.db.connectionfactory.DBConnectionFactoryImpl] from namespace [com.topcoder.management.project.persistence.link.ProjectLinkManager].
Read propery[ConnectionName] which is  optional  with value[informix_connection] from namespace [com.topcoder.management.project.persistence.link.ProjectLinkManager].
Read propery[ConnectionFactoryNS] which is  required  with value[com.topcoder.db.connectionfactory.DBConnectionFactoryImpl] from namespace [com.topcoder.management.project.persistence.link.ProjectLinkManager].
Read propery[ConnectionName] which is  optional  with value[informix_connection] from namespace [com.topcoder.management.project.persistence.link.ProjectLinkManager].
Read propery[ConnectionFactoryNS] which is  required  with value[com.topcoder.db.connectionfactory.DBConnectionFactoryImpl] from namespace [com.topcoder.management.project.persistence.link.ProjectLinkManager].
Read propery[ConnectionName] which is  optional  with value[informix_connection] from namespace [com.topcoder.management.project.persistence.link.ProjectLinkManager].
Read propery[ConnectionFactoryNS] which is  required  with value[com.topcoder.db.connectionfactory.DBConnectionFactoryImpl] from namespace [com.topcoder.management.project.persistence.link.ProjectLinkManager].
Read propery[ConnectionName] which is  optional  with value[informix_connection] from namespace [com.topcoder.management.project.persistence.link.ProjectLinkManager].
Read propery[ConnectionFactoryNS] which is  required  with value[com.topcoder.db.connectionfactory.DBConnectionFactoryImpl] from namespace [com.topcoder.management.project.persistence.link.ProjectLinkManager].
Read propery[ConnectionName] which is  optional  with value[informix_connection] from namespace [com.topcoder.management.project.persistence.link.ProjectLinkManager].
Read propery[ConnectionFactoryNS] which is  required  with value[com.topcoder.db.connectionfactory.DBConnectionFactoryImpl] from namespace [com.topcoder.management.project.persistence.link.ProjectLinkManager].
Read propery[ConnectionName] which is  optional  with value[informix_connection] from namespace [com.topcoder.management.project.persistence.link.ProjectLinkManager].
Read propery[ConnectionFactoryNS] which is  required  with value[com.topcoder.db.connectionfactory.DBConnectionFactoryImpl] from namespace [com.topcoder.management.project.persistence.link.ProjectLinkManager].
Read propery[ConnectionName] which is  optional  with value[informix_connection] from namespace [com.topcoder.management.project.persistence.link.ProjectLinkManager].
entering canPerform: phaseId1
toStart: false
entering canPerform: phaseId1
toStart: false
Read propery[ConnectionFactoryNS] which is  required  with value[com.topcoder.db.connectionfactory.DBConnectionFactoryImpl] from namespace [com.topcoder.management.project.persistence.link.ProjectLinkManager].
Read propery[ConnectionName] which is  optional  with value[informix_connection] from namespace [com.topcoder.management.project.persistence.link.ProjectLinkManager].
Read propery[ConnectionFactoryNS] which is  required  with value[com.topcoder.db.connectionfactory.DBConnectionFactoryImpl] from namespace [com.topcoder.management.project.persistence.link.ProjectLinkManager].
Read propery[ConnectionName] which is  optional  with value[informix_connection] from namespace [com.topcoder.management.project.persistence.link.ProjectLinkManager].
entering canPerform: phaseId1
toStart: false
entering canPerform: phaseId1
toStart: false
Read propery[ConnectionFactoryNS] which is  required  with value[com.topcoder.db.connectionfactory.DBConnectionFactoryImpl] from namespace [com.topcoder.management.project.persistence.link.ProjectLinkManager].
Read propery[ConnectionName] which is  optional  with value[informix_connection] from namespace [com.topcoder.management.project.persistence.link.ProjectLinkManager].
Read propery[ConnectionFactoryNS] which is  required  with value[com.topcoder.db.connectionfactory.DBConnectionFactoryImpl] from namespace [com.topcoder.management.project.persistence.link.ProjectLinkManager].
Read propery[ConnectionName] which is  optional  with value[informix_connection] from namespace [com.topcoder.management.project.persistence.link.ProjectLinkManager].
entering canPerform: phaseId1
toStart: false
entering canPerform: phaseId1
toStart: false
Read propery[ConnectionFactoryNS] which is  required  with value[com.topcoder.db.connectionfactory.DBConnectionFactoryImpl] from namespace [com.topcoder.management.project.persistence.link.ProjectLinkManager].
Read propery[ConnectionName] which is  optional  with value[informix_connection] from namespace [com.topcoder.management.project.persistence.link.ProjectLinkManager].
Read propery[ConnectionFactoryNS] which is  required  with value[com.topcoder.db.connectionfactory.DBConnectionFactoryImpl] from namespace [com.topcoder.management.project.persistence.link.ProjectLinkManager].
Read propery[ConnectionName] which is  optional  with value[informix_connection] from namespace [com.topcoder.management.project.persistence.link.ProjectLinkManager].
entering canPerform: phaseId1
toStart: false
entering canPerform: phaseId1
toStart: false
Read propery[ConnectionFactoryNS] which is  required  with value[com.topcoder.db.connectionfactory.DBConnectionFactoryImpl] from namespace [com.topcoder.management.project.persistence.link.ProjectLinkManager].
Read propery[ConnectionName] which is  optional  with value[informix_connection] from namespace [com.topcoder.management.project.persistence.link.ProjectLinkManager].
Read propery[ConnectionFactoryNS] which is  required  with value[com.topcoder.db.connectionfactory.DBConnectionFactoryImpl] from namespace [com.topcoder.management.project.persistence.link.ProjectLinkManager].
Read propery[ConnectionName] which is  optional  with value[informix_connection] from namespace [com.topcoder.management.project.persistence.link.ProjectLinkManager].
entering canPerform: phaseId1
entering canPerform: phaseId1
Read propery[ConnectionFactoryNS] which is  required  with value[com.topcoder.db.connectionfactory.DBConnectionFactoryImpl] from namespace [com.topcoder.management.project.persistence.link.ProjectLinkManager].
Read propery[ConnectionName] which is  optional  with value[informix_connection] from namespace [com.topcoder.management.project.persistence.link.ProjectLinkManager].
Read propery[ConnectionFactoryNS] which is  required  with value[com.topcoder.db.connectionfactory.DBConnectionFactoryImpl] from namespace [com.topcoder.management.project.persistence.link.ProjectLinkManager].
Read propery[ConnectionName] which is  optional  with value[informix_connection] from namespace [com.topcoder.management.project.persistence.link.ProjectLinkManager].
Read propery[ConnectionFactoryNS] which is  required  with value[com.topcoder.db.connectionfactory.DBConnectionFactoryImpl] from namespace [com.topcoder.management.project.persistence.link.ProjectLinkManager].
Read propery[ConnectionName] which is  optional  with value[informix_connection] from namespace [com.topcoder.management.project.persistence.link.ProjectLinkManager].
Read propery[ConnectionFactoryNS] which is  required  with value[com.topcoder.db.connectionfactory.DBConnectionFactoryImpl] from namespace [com.topcoder.management.project.persistence.link.ProjectLinkManager].
Read propery[ConnectionName] which is  optional  with value[informix_connection] from namespace [com.topcoder.management.project.persistence.link.ProjectLinkManager].
Read propery[ConnectionFactoryNS] which is  required  with value[com.topcoder.db.connectionfactory.DBConnectionFactoryImpl] from namespace [com.topcoder.management.project.persistence.link.ProjectLinkManager].
Read propery[ConnectionName] which is  optional  with value[informix_connection] from namespace [com.topcoder.management.project.persistence.link.ProjectLinkManager].
Read propery[ConnectionFactoryNS] which is  required  with value[com.topcoder.db.connectionfactory.DBConnectionFactoryImpl] from namespace [com.topcoder.management.project.persistence.link.ProjectLinkManager].
Read propery[ConnectionName] which is  optional  with value[informix_connection] from namespace [com.topcoder.management.project.persistence.link.ProjectLinkManager].
Read propery[ConnectionFactoryNS] which is  required  with value[com.topcoder.db.connectionfactory.DBConnectionFactoryImpl] from namespace [com.topcoder.management.project.persistence.link.ProjectLinkManager].
Read propery[ConnectionName] which is  optional  with value[informix_connection] from namespace [com.topcoder.management.project.persistence.link.ProjectLinkManager].
Read propery[ConnectionFactoryNS] which is  required  with value[com.topcoder.db.connectionfactory.DBConnectionFactoryImpl] from namespace [com.topcoder.management.project.persistence.link.ProjectLinkManager].
Read propery[ConnectionName] which is  optional  with value[informix_connection] from namespace [com.topcoder.management.project.persistence.link.ProjectLinkManager].
Read propery[ConnectionFactoryNS] which is  required  with value[com.topcoder.db.connectionfactory.DBConnectionFactoryImpl] from namespace [com.topcoder.management.project.persistence.link.ProjectLinkManager].
Read propery[ConnectionName] which is  optional  with value[informix_connection] from namespace [com.topcoder.management.project.persistence.link.ProjectLinkManager].
Read propery[ConnectionFactoryNS] which is  required  with value[com.topcoder.db.connectionfactory.DBConnectionFactoryImpl] from namespace [com.topcoder.management.project.persistence.link.ProjectLinkManager].
Read propery[ConnectionName] which is  optional  with value[informix_connection] from namespace [com.topcoder.management.project.persistence.link.ProjectLinkManager].
Read propery[ConnectionFactoryNS] which is  required  with value[com.topcoder.db.connectionfactory.DBConnectionFactoryImpl] from namespace [com.topcoder.management.project.persistence.link.ProjectLinkManager].
Read propery[ConnectionName] which is  optional  with value[informix_connection] from namespace [com.topcoder.management.project.persistence.link.ProjectLinkManager].
Read propery[ConnectionFactoryNS] which is  required  with value[com.topcoder.db.connectionfactory.DBConnectionFactoryImpl] from namespace [com.topcoder.management.project.persistence.link.ProjectLinkManager].
Read propery[ConnectionName] which is  optional  with value[informix_connection] from namespace [com.topcoder.management.project.persistence.link.ProjectLinkManager].
Read propery[ConnectionFactoryNS] which is  required  with value[com.topcoder.db.connectionfactory.DBConnectionFactoryImpl] from namespace [com.topcoder.management.project.persistence.link.ProjectLinkManager].
Read propery[ConnectionName] which is  optional  with value[informix_connection] from namespace [com.topcoder.management.project.persistence.link.ProjectLinkManager].
Read propery[ConnectionFactoryNS] which is  required  with value[com.topcoder.db.connectionfactory.DBConnectionFactoryImpl] from namespace [com.topcoder.management.project.persistence.link.ProjectLinkManager].
Read propery[ConnectionName] which is  optional  with value[informix_connection] from namespace [com.topcoder.management.project.persistence.link.ProjectLinkManager].
Read propery[ConnectionFactoryNS] which is  required  with value[com.topcoder.db.connectionfactory.DBConnectionFactoryImpl] from namespace [com.topcoder.management.project.persistence.link.ProjectLinkManager].
Read propery[ConnectionName] which is  optional  with value[informix_connection] from namespace [com.topcoder.management.project.persistence.link.ProjectLinkManager].
Read propery[ConnectionFactoryNS] which is  required  with value[com.topcoder.db.connectionfactory.DBConnectionFactoryImpl] from namespace [com.topcoder.management.project.persistence.link.ProjectLinkManager].
Read propery[ConnectionName] which is  optional  with value[informix_connection] from namespace [com.topcoder.management.project.persistence.link.ProjectLinkManager].
Read propery[ConnectionFactoryNS] which is  required  with value[com.topcoder.db.connectionfactory.DBConnectionFactoryImpl] from namespace [com.topcoder.management.project.persistence.link.ProjectLinkManager].
Read propery[ConnectionName] which is  optional  with value[informix_connection] from namespace [com.topcoder.management.project.persistence.link.ProjectLinkManager].
Read propery[ConnectionFactoryNS] which is  required  with value[com.topcoder.db.connectionfactory.DBConnectionFactoryImpl] from namespace [com.topcoder.management.project.persistence.link.ProjectLinkManager].
Read propery[ConnectionName] which is  optional  with value[informix_connection] from namespace [com.topcoder.management.project.persistence.link.ProjectLinkManager].
Read propery[ConnectionFactoryNS] which is  required  with value[com.topcoder.db.connectionfactory.DBConnectionFactoryImpl] from namespace [com.topcoder.management.project.persistence.link.ProjectLinkManager].
Read propery[ConnectionName] which is  optional  with value[informix_connection] from namespace [com.topcoder.management.project.persistence.link.ProjectLinkManager].
Read propery[ConnectionFactoryNS] which is  required  with value[com.topcoder.db.connectionfactory.DBConnectionFactoryImpl] from namespace [com.topcoder.management.project.persistence.link.ProjectLinkManager].
Read propery[ConnectionName] which is  optional  with value[informix_connection] from namespace [com.topcoder.management.project.persistence.link.ProjectLinkManager].
Read propery[ConnectionFactoryNS] which is  required  with value[com.topcoder.db.connectionfactory.DBConnectionFactoryImpl] from namespace [com.topcoder.management.project.persistence.link.ProjectLinkManager].
Read propery[ConnectionName] which is  optional  with value[informix_connection] from namespace [com.topcoder.management.project.persistence.link.ProjectLinkManager].
Read propery[ConnectionFactoryNS] which is  required  with value[com.topcoder.db.connectionfactory.DBConnectionFactoryImpl] from namespace [com.topcoder.management.project.persistence.link.ProjectLinkManager].
Read propery[ConnectionName] which is  optional  with value[informix_connection] from namespace [com.topcoder.management.project.persistence.link.ProjectLinkManager].
Read propery[ConnectionFactoryNS] which is  required  with value[com.topcoder.db.connectionfactory.DBConnectionFactoryImpl] from namespace [com.topcoder.management.project.persistence.link.ProjectLinkManager].
Read propery[ConnectionName] which is  optional  with value[informix_connection] from namespace [com.topcoder.management.project.persistence.link.ProjectLinkManager].
Read propery[ConnectionFactoryNS] which is  required  with value[com.topcoder.db.connectionfactory.DBConnectionFactoryImpl] from namespace [com.topcoder.management.project.persistence.link.ProjectLinkManager].
Read propery[ConnectionName] which is  optional  with value[informix_connection] from namespace [com.topcoder.management.project.persistence.link.ProjectLinkManager].
Read propery[ConnectionFactoryNS] which is  required  with value[com.topcoder.db.connectionfactory.DBConnectionFactoryImpl] from namespace [com.topcoder.management.project.persistence.link.ProjectLinkManager].
Read propery[ConnectionName] which is  optional  with value[informix_connection] from namespace [com.topcoder.management.project.persistence.link.ProjectLinkManager].
Read propery[ConnectionFactoryNS] which is  required  with value[com.topcoder.db.connectionfactory.DBConnectionFactoryImpl] from namespace [com.topcoder.management.project.persistence.link.ProjectLinkManager].
Read propery[ConnectionName] which is  optional  with value[informix_connection] from namespace [com.topcoder.management.project.persistence.link.ProjectLinkManager].
Read propery[ConnectionFactoryNS] which is  required  with value[com.topcoder.db.connectionfactory.DBConnectionFactoryImpl] from namespace [com.topcoder.management.project.persistence.link.ProjectLinkManager].
Read propery[ConnectionName] which is  optional  with value[informix_connection] from namespace [com.topcoder.management.project.persistence.link.ProjectLinkManager].
Read propery[ConnectionFactoryNS] which is  required  with value[com.topcoder.db.connectionfactory.DBConnectionFactoryImpl] from namespace [com.topcoder.management.project.persistence.link.ProjectLinkManager].
Read propery[ConnectionName] which is  optional  with value[informix_connection] from namespace [com.topcoder.management.project.persistence.link.ProjectLinkManager].
Read propery[ConnectionFactoryNS] which is  required  with value[com.topcoder.db.connectionfactory.DBConnectionFactoryImpl] from namespace [com.topcoder.management.project.persistence.link.ProjectLinkManager].
Read propery[ConnectionName] which is  optional  with value[informix_connection] from namespace [com.topcoder.management.project.persistence.link.ProjectLinkManager].
Read propery[ConnectionFactoryNS] which is  required  with value[com.topcoder.db.connectionfactory.DBConnectionFactoryImpl] from namespace [com.topcoder.management.project.persistence.link.ProjectLinkManager].
Read propery[ConnectionName] which is  optional  with value[informix_connection] from namespace [com.topcoder.management.project.persistence.link.ProjectLinkManager].
Read propery[ConnectionFactoryNS] which is  required  with value[com.topcoder.db.connectionfactory.DBConnectionFactoryImpl] from namespace [com.topcoder.management.project.persistence.link.ProjectLinkManager].
Read propery[ConnectionName] which is  optional  with value[informix_connection] from namespace [com.topcoder.management.project.persistence.link.ProjectLinkManager].
Read propery[ConnectionFactoryNS] which is  required  with value[com.topcoder.db.connectionfactory.DBConnectionFactoryImpl] from namespace [com.topcoder.management.project.persistence.link.ProjectLinkManager].
Read propery[ConnectionName] which is  optional  with value[informix_connection] from namespace [com.topcoder.management.project.persistence.link.ProjectLinkManager].
Read propery[ConnectionFactoryNS] which is  required  with value[com.topcoder.db.connectionfactory.DBConnectionFactoryImpl] from namespace [com.topcoder.management.project.persistence.link.ProjectLinkManager].
Read propery[ConnectionName] which is  optional  with value[informix_connection] from namespace [com.topcoder.management.project.persistence.link.ProjectLinkManager].
Read propery[ConnectionFactoryNS] which is  required  with value[com.topcoder.db.connectionfactory.DBConnectionFactoryImpl] from namespace [com.topcoder.management.project.persistence.link.ProjectLinkManager].
Read propery[ConnectionName] which is  optional  with value[informix_connection] from namespace [com.topcoder.management.project.persistence.link.ProjectLinkManager].
Read propery[ConnectionFactoryNS] which is  required  with value[com.topcoder.db.connectionfactory.DBConnectionFactoryImpl] from namespace [com.topcoder.management.project.persistence.link.ProjectLinkManager].
Read propery[ConnectionName] which is  optional  with value[informix_connection] from namespace [com.topcoder.management.project.persistence.link.ProjectLinkManager].
Read propery[ConnectionFactoryNS] which is  required  with value[com.topcoder.db.connectionfactory.DBConnectionFactoryImpl] from namespace [com.topcoder.management.project.persistence.link.ProjectLinkManager].
Read propery[ConnectionName] which is  optional  with value[informix_connection] from namespace [com.topcoder.management.project.persistence.link.ProjectLinkManager].
Read propery[ConnectionFactoryNS] which is  required  with value[com.topcoder.db.connectionfactory.DBConnectionFactoryImpl] from namespace [com.topcoder.management.project.persistence.link.ProjectLinkManager].
Read propery[ConnectionName] which is  optional  with value[informix_connection] from namespace [com.topcoder.management.project.persistence.link.ProjectLinkManager].
Read propery[ConnectionFactoryNS] which is  required  with value[com.topcoder.db.connectionfactory.DBConnectionFactoryImpl] from namespace [com.topcoder.management.project.persistence.link.ProjectLinkManager].
Read propery[ConnectionName] which is  optional  with value[informix_connection] from namespace [com.topcoder.management.project.persistence.link.ProjectLinkManager].
Read propery[ConnectionFactoryNS] which is  required  with value[com.topcoder.db.connectionfactory.DBConnectionFactoryImpl] from namespace [com.topcoder.management.project.persistence.link.ProjectLinkManager].
Read propery[ConnectionName] which is  optional  with value[informix_connection] from namespace [com.topcoder.management.project.persistence.link.ProjectLinkManager].
Read propery[ConnectionFactoryNS] which is  required  with value[com.topcoder.db.connectionfactory.DBConnectionFactoryImpl] from namespace [com.topcoder.management.project.persistence.link.ProjectLinkManager].
Read propery[ConnectionName] which is  optional  with value[informix_connection] from namespace [com.topcoder.management.project.persistence.link.ProjectLinkManager].
Read propery[ConnectionFactoryNS] which is  required  with value[com.topcoder.db.connectionfactory.DBConnectionFactoryImpl] from namespace [com.topcoder.management.project.persistence.link.ProjectLinkManager].
Read propery[ConnectionName] which is  optional  with value[informix_connection] from namespace [com.topcoder.management.project.persistence.link.ProjectLinkManager].
Read propery[ConnectionFactoryNS] which is  required  with value[com.topcoder.db.connectionfactory.DBConnectionFactoryImpl] from namespace [com.topcoder.management.project.persistence.link.ProjectLinkManager].
Read propery[ConnectionName] which is  optional  with value[informix_connection] from namespace [com.topcoder.management.project.persistence.link.ProjectLinkManager].
Read propery[ConnectionFactoryNS] which is  required  with value[com.topcoder.db.connectionfactory.DBConnectionFactoryImpl] from namespace [com.topcoder.management.project.persistence.link.ProjectLinkManager].
Read propery[ConnectionName] which is  optional  with value[informix_connection] from namespace [com.topcoder.management.project.persistence.link.ProjectLinkManager].
Read propery[ConnectionFactoryNS] which is  required  with value[com.topcoder.db.connectionfactory.DBConnectionFactoryImpl] from namespace [com.topcoder.management.project.persistence.link.ProjectLinkManager].
Read propery[ConnectionName] which is  optional  with value[informix_connection] from namespace [com.topcoder.management.project.persistence.link.ProjectLinkManager].
Read propery[ConnectionFactoryNS] which is  required  with value[com.topcoder.db.connectionfactory.DBConnectionFactoryImpl] from namespace [com.topcoder.management.project.persistence.link.ProjectLinkManager].
Read propery[ConnectionName] which is  optional  with value[informix_connection] from namespace [com.topcoder.management.project.persistence.link.ProjectLinkManager].
Read propery[ConnectionFactoryNS] which is  required  with value[com.topcoder.db.connectionfactory.DBConnectionFactoryImpl] from namespace [com.topcoder.management.project.persistence.link.ProjectLinkManager].
Read propery[ConnectionName] which is  optional  with value[informix_connection] from namespace [com.topcoder.management.project.persistence.link.ProjectLinkManager].
Read propery[ConnectionFactoryNS] which is  required  with value[com.topcoder.db.connectionfactory.DBConnectionFactoryImpl] from namespace [com.topcoder.management.project.persistence.link.ProjectLinkManager].
Read propery[ConnectionName] which is  optional  with value[informix_connection] from namespace [com.topcoder.management.project.persistence.link.ProjectLinkManager].
Read propery[ConnectionFactoryNS] which is  required  with value[com.topcoder.db.connectionfactory.DBConnectionFactoryImpl] from namespace [com.topcoder.management.project.persistence.link.ProjectLinkManager].
Read propery[ConnectionName] which is  optional  with value[informix_connection] from namespace [com.topcoder.management.project.persistence.link.ProjectLinkManager].
Read propery[ConnectionFactoryNS] which is  required  with value[com.topcoder.db.connectionfactory.DBConnectionFactoryImpl] from namespace [com.topcoder.management.project.persistence.link.ProjectLinkManager].
Read propery[ConnectionName] which is  optional  with value[informix_connection] from namespace [com.topcoder.management.project.persistence.link.ProjectLinkManager].
Read propery[ConnectionFactoryNS] which is  required  with value[com.topcoder.db.connectionfactory.DBConnectionFactoryImpl] from namespace [com.topcoder.management.project.persistence.link.ProjectLinkManager].
Read propery[ConnectionName] which is  optional  with value[informix_connection] from namespace [com.topcoder.management.project.persistence.link.ProjectLinkManager].
Read propery[ConnectionFactoryNS] which is  required  with value[com.topcoder.db.connectionfactory.DBConnectionFactoryImpl] from namespace [com.topcoder.management.project.persistence.link.ProjectLinkManager].
Read propery[ConnectionName] which is  optional  with value[informix_connection] from namespace [com.topcoder.management.project.persistence.link.ProjectLinkManager].
Read propery[ConnectionFactoryNS] which is  required  with value[com.topcoder.db.connectionfactory.DBConnectionFactoryImpl] from namespace [com.topcoder.management.project.persistence.link.ProjectLinkManager].
Read propery[ConnectionName] which is  optional  with value[informix_connection] from namespace [com.topcoder.management.project.persistence.link.ProjectLinkManager].
Read propery[ConnectionFactoryNS] which is  required  with value[com.topcoder.db.connectionfactory.DBConnectionFactoryImpl] from namespace [com.topcoder.management.project.persistence.link.ProjectLinkManager].
Read propery[ConnectionName] which is  optional  with value[informix_connection] from namespace [com.topcoder.management.project.persistence.link.ProjectLinkManager].
Read propery[ConnectionFactoryNS] which is  required  with value[com.topcoder.db.connectionfactory.DBConnectionFactoryImpl] from namespace [com.topcoder.management.project.persistence.link.ProjectLinkManager].
Read propery[ConnectionName] which is  optional  with value[informix_connection] from namespace [com.topcoder.management.project.persistence.link.ProjectLinkManager].
Read propery[ConnectionFactoryNS] which is  required  with value[com.topcoder.db.connectionfactory.DBConnectionFactoryImpl] from namespace [com.topcoder.management.project.persistence.link.ProjectLinkManager].
Read propery[ConnectionName] which is  optional  with value[informix_connection] from namespace [com.topcoder.management.project.persistence.link.ProjectLinkManager].
Read propery[ConnectionFactoryNS] which is  required  with value[com.topcoder.db.connectionfactory.DBConnectionFactoryImpl] from namespace [com.topcoder.management.project.persistence.link.ProjectLinkManager].
Read propery[ConnectionName] which is  optional  with value[informix_connection] from namespace [com.topcoder.management.project.persistence.link.ProjectLinkManager].
Read propery[ConnectionFactoryNS] which is  required  with value[com.topcoder.db.connectionfactory.DBConnectionFactoryImpl] from namespace [com.topcoder.management.project.persistence.link.ProjectLinkManager].
Read propery[ConnectionName] which is  optional  with value[informix_connection] from namespace [com.topcoder.management.project.persistence.link.ProjectLinkManager].
Read propery[ConnectionFactoryNS] which is  required  with value[com.topcoder.db.connectionfactory.DBConnectionFactoryImpl] from namespace [com.topcoder.management.project.persistence.link.ProjectLinkManager].
Read propery[ConnectionName] which is  optional  with value[informix_connection] from namespace [com.topcoder.management.project.persistence.link.ProjectLinkManager].
Read propery[ConnectionFactoryNS] which is  required  with value[com.topcoder.db.connectionfactory.DBConnectionFactoryImpl] from namespace [com.topcoder.management.project.persistence.link.ProjectLinkManager].
Read propery[ConnectionName] which is  optional  with value[informix_connection] from namespace [com.topcoder.management.project.persistence.link.ProjectLinkManager].
Read propery[ConnectionFactoryNS] which is  required  with value[com.topcoder.db.connectionfactory.DBConnectionFactoryImpl] from namespace [com.topcoder.management.project.persistence.link.ProjectLinkManager].
Read propery[ConnectionName] which is  optional  with value[informix_connection] from namespace [com.topcoder.management.project.persistence.link.ProjectLinkManager].
Read propery[ConnectionFactoryNS] which is  required  with value[com.topcoder.db.connectionfactory.DBConnectionFactoryImpl] from namespace [com.topcoder.management.project.persistence.link.ProjectLinkManager].
Read propery[ConnectionName] which is  optional  with value[informix_connection] from namespace [com.topcoder.management.project.persistence.link.ProjectLinkManager].
Read propery[ConnectionFactoryNS] which is  required  with value[com.topcoder.db.connectionfactory.DBConnectionFactoryImpl] from namespace [com.topcoder.management.project.persistence.link.ProjectLinkManager].
Read propery[ConnectionName] which is  optional  with value[informix_connection] from namespace [com.topcoder.management.project.persistence.link.ProjectLinkManager].
Read propery[ConnectionFactoryNS] which is  required  with value[com.topcoder.db.connectionfactory.DBConnectionFactoryImpl] from namespace [com.topcoder.management.project.persistence.link.ProjectLinkManager].
Read propery[ConnectionName] which is  optional  with value[informix_connection] from namespace [com.topcoder.management.project.persistence.link.ProjectLinkManager].
Read propery[ConnectionFactoryNS] which is  required  with value[com.topcoder.db.connectionfactory.DBConnectionFactoryImpl] from namespace [com.topcoder.management.project.persistence.link.ProjectLinkManager].
Read propery[ConnectionName] which is  optional  with value[informix_connection] from namespace [com.topcoder.management.project.persistence.link.ProjectLinkManager].
Read propery[ConnectionFactoryNS] which is  required  with value[com.topcoder.db.connectionfactory.DBConnectionFactoryImpl] from namespace [com.topcoder.management.project.persistence.link.ProjectLinkManager].
Read propery[ConnectionName] which is  optional  with value[informix_connection] from namespace [com.topcoder.management.project.persistence.link.ProjectLinkManager].
Read propery[ConnectionFactoryNS] which is  required  with value[com.topcoder.db.connectionfactory.DBConnectionFactoryImpl] from namespace [com.topcoder.management.project.persistence.link.ProjectLinkManager].
Read propery[ConnectionName] which is  optional  with value[informix_connection] from namespace [com.topcoder.management.project.persistence.link.ProjectLinkManager].
Read propery[ConnectionFactoryNS] which is  required  with value[com.topcoder.db.connectionfactory.DBConnectionFactoryImpl] from namespace [com.topcoder.management.project.persistence.link.ProjectLinkManager].
Read propery[ConnectionName] which is  optional  with value[informix_connection] from namespace [com.topcoder.management.project.persistence.link.ProjectLinkManager].
Read propery[ConnectionFactoryNS] which is  required  with value[com.topcoder.db.connectionfactory.DBConnectionFactoryImpl] from namespace [com.topcoder.management.project.persistence.link.ProjectLinkManager].
Read propery[ConnectionName] which is  optional  with value[informix_connection] from namespace [com.topcoder.management.project.persistence.link.ProjectLinkManager].
Read propery[ConnectionFactoryNS] which is  required  with value[com.topcoder.db.connectionfactory.DBConnectionFactoryImpl] from namespace [com.topcoder.management.project.persistence.link.ProjectLinkManager].
Read propery[ConnectionName] which is  optional  with value[informix_connection] from namespace [com.topcoder.management.project.persistence.link.ProjectLinkManager].
Read propery[ConnectionFactoryNS] which is  required  with value[com.topcoder.db.connectionfactory.DBConnectionFactoryImpl] from namespace [com.topcoder.management.project.persistence.link.ProjectLinkManager].
Read propery[ConnectionName] which is  optional  with value[informix_connection] from namespace [com.topcoder.management.project.persistence.link.ProjectLinkManager].
Read propery[ConnectionFactoryNS] which is  required  with value[com.topcoder.db.connectionfactory.DBConnectionFactoryImpl] from namespace [com.topcoder.management.project.persistence.link.ProjectLinkManager].
Read propery[ConnectionName] which is  optional  with value[informix_connection] from namespace [com.topcoder.management.project.persistence.link.ProjectLinkManager].
Read propery[ConnectionFactoryNS] which is  required  with value[com.topcoder.db.connectionfactory.DBConnectionFactoryImpl] from namespace [com.topcoder.management.project.persistence.link.ProjectLinkManager].
Read propery[ConnectionName] which is  optional  with value[informix_connection] from namespace [com.topcoder.management.project.persistence.link.ProjectLinkManager].
Read propery[ConnectionFactoryNS] which is  required  with value[com.topcoder.db.connectionfactory.DBConnectionFactoryImpl] from namespace [com.topcoder.management.project.persistence.link.ProjectLinkManager].
Read propery[ConnectionName] which is  optional  with value[informix_connection] from namespace [com.topcoder.management.project.persistence.link.ProjectLinkManager].
Read propery[ConnectionFactoryNS] which is  required  with value[com.topcoder.db.connectionfactory.DBConnectionFactoryImpl] from namespace [com.topcoder.management.project.persistence.link.ProjectLinkManager].
Read propery[ConnectionName] which is  optional  with value[informix_connection] from namespace [com.topcoder.management.project.persistence.link.ProjectLinkManager].
Read propery[ConnectionFactoryNS] which is  required  with value[com.topcoder.db.connectionfactory.DBConnectionFactoryImpl] from namespace [com.topcoder.management.project.persistence.link.ProjectLinkManager].
Read propery[ConnectionName] which is  optional  with value[informix_connection] from namespace [com.topcoder.management.project.persistence.link.ProjectLinkManager].
Read propery[ConnectionFactoryNS] which is  required  with value[com.topcoder.db.connectionfactory.DBConnectionFactoryImpl] from namespace [com.topcoder.management.project.persistence.link.ProjectLinkManager].
Read propery[ConnectionName] which is  optional  with value[informix_connection] from namespace [com.topcoder.management.project.persistence.link.ProjectLinkManager].
Read propery[ConnectionFactoryNS] which is  required  with value[com.topcoder.db.connectionfactory.DBConnectionFactoryImpl] from namespace [com.topcoder.management.project.persistence.link.ProjectLinkManager].
Read propery[ConnectionName] which is  optional  with value[informix_connection] from namespace [com.topcoder.management.project.persistence.link.ProjectLinkManager].
Read propery[ConnectionFactoryNS] which is  required  with value[com.topcoder.db.connectionfactory.DBConnectionFactoryImpl] from namespace [com.topcoder.management.project.persistence.link.ProjectLinkManager].
Read propery[ConnectionName] which is  optional  with value[informix_connection] from namespace [com.topcoder.management.project.persistence.link.ProjectLinkManager].
Read propery[ConnectionFactoryNS] which is  required  with value[com.topcoder.db.connectionfactory.DBConnectionFactoryImpl] from namespace [com.topcoder.management.project.persistence.link.ProjectLinkManager].
Read propery[ConnectionName] which is  optional  with value[informix_connection] from namespace [com.topcoder.management.project.persistence.link.ProjectLinkManager].
Read propery[ConnectionFactoryNS] which is  required  with value[com.topcoder.db.connectionfactory.DBConnectionFactoryImpl] from namespace [com.topcoder.management.project.persistence.link.ProjectLinkManager].
Read propery[ConnectionName] which is  optional  with value[informix_connection] from namespace [com.topcoder.management.project.persistence.link.ProjectLinkManager].
Read propery[ConnectionFactoryNS] which is  required  with value[com.topcoder.db.connectionfactory.DBConnectionFactoryImpl] from namespace [com.topcoder.management.project.persistence.link.ProjectLinkManager].
Read propery[ConnectionName] which is  optional  with value[informix_connection] from namespace [com.topcoder.management.project.persistence.link.ProjectLinkManager].
Read propery[ConnectionFactoryNS] which is  required  with value[com.topcoder.db.connectionfactory.DBConnectionFactoryImpl] from namespace [com.topcoder.management.project.persistence.link.ProjectLinkManager].
Read propery[ConnectionName] which is  optional  with value[informix_connection] from namespace [com.topcoder.management.project.persistence.link.ProjectLinkManager].
Read propery[ConnectionFactoryNS] which is  required  with value[com.topcoder.db.connectionfactory.DBConnectionFactoryImpl] from namespace [com.topcoder.management.project.persistence.link.ProjectLinkManager].
Read propery[ConnectionName] which is  optional  with value[informix_connection] from namespace [com.topcoder.management.project.persistence.link.ProjectLinkManager].
Read propery[ConnectionFactoryNS] which is  required  with value[com.topcoder.db.connectionfactory.DBConnectionFactoryImpl] from namespace [com.topcoder.management.project.persistence.link.ProjectLinkManager].
Read propery[ConnectionName] which is  optional  with value[informix_connection] from namespace [com.topcoder.management.project.persistence.link.ProjectLinkManager].
Read propery[ConnectionFactoryNS] which is  required  with value[com.topcoder.db.connectionfactory.DBConnectionFactoryImpl] from namespace [com.topcoder.management.project.persistence.link.ProjectLinkManager].
Read propery[ConnectionName] which is  optional  with value[informix_connection] from namespace [com.topcoder.management.project.persistence.link.ProjectLinkManager].
Read propery[ConnectionFactoryNS] which is  required  with value[com.topcoder.db.connectionfactory.DBConnectionFactoryImpl] from namespace [com.topcoder.management.project.persistence.link.ProjectLinkManager].
Read propery[ConnectionName] which is  optional  with value[informix_connection] from namespace [com.topcoder.management.project.persistence.link.ProjectLinkManager].
Read propery[ConnectionFactoryNS] which is  required  with value[com.topcoder.db.connectionfactory.DBConnectionFactoryImpl] from namespace [com.topcoder.management.project.persistence.link.ProjectLinkManager].
Read propery[ConnectionName] which is  optional  with value[informix_connection] from namespace [com.topcoder.management.project.persistence.link.ProjectLinkManager].
Read propery[ConnectionFactoryNS] which is  required  with value[com.topcoder.db.connectionfactory.DBConnectionFactoryImpl] from namespace [com.topcoder.management.project.persistence.link.ProjectLinkManager].
Read propery[ConnectionName] which is  optional  with value[informix_connection] from namespace [com.topcoder.management.project.persistence.link.ProjectLinkManager].
Read propery[ConnectionFactoryNS] which is  required  with value[com.topcoder.db.connectionfactory.DBConnectionFactoryImpl] from namespace [com.topcoder.management.project.persistence.link.ProjectLinkManager].
Read propery[ConnectionName] which is  optional  with value[informix_connection] from namespace [com.topcoder.management.project.persistence.link.ProjectLinkManager].
Read propery[ConnectionFactoryNS] which is  required  with value[com.topcoder.db.connectionfactory.DBConnectionFactoryImpl] from namespace [com.topcoder.management.project.persistence.link.ProjectLinkManager].
Read propery[ConnectionName] which is  optional  with value[informix_connection] from namespace [com.topcoder.management.project.persistence.link.ProjectLinkManager].
Read propery[ConnectionFactoryNS] which is  required  with value[com.topcoder.db.connectionfactory.DBConnectionFactoryImpl] from namespace [com.topcoder.management.project.persistence.link.ProjectLinkManager].
Read propery[ConnectionName] which is  optional  with value[informix_connection] from namespace [com.topcoder.management.project.persistence.link.ProjectLinkManager].
Read propery[ConnectionFactoryNS] which is  required  with value[com.topcoder.db.connectionfactory.DBConnectionFactoryImpl] from namespace [com.topcoder.management.project.persistence.link.ProjectLinkManager].
Read propery[ConnectionName] which is  optional  with value[informix_connection] from namespace [com.topcoder.management.project.persistence.link.ProjectLinkManager].
Read propery[ConnectionFactoryNS] which is  required  with value[com.topcoder.db.connectionfactory.DBConnectionFactoryImpl] from namespace [com.topcoder.management.project.persistence.link.ProjectLinkManager].
Read propery[ConnectionName] which is  optional  with value[informix_connection] from namespace [com.topcoder.management.project.persistence.link.ProjectLinkManager].
Read propery[ConnectionFactoryNS] which is  required  with value[com.topcoder.db.connectionfactory.DBConnectionFactoryImpl] from namespace [com.topcoder.management.project.persistence.link.ProjectLinkManager].
Read propery[ConnectionName] which is  optional  with value[informix_connection] from namespace [com.topcoder.management.project.persistence.link.ProjectLinkManager].
Read propery[ConnectionFactoryNS] which is  required  with value[com.topcoder.db.connectionfactory.DBConnectionFactoryImpl] from namespace [com.topcoder.management.project.persistence.link.ProjectLinkManager].
Read propery[ConnectionName] which is  optional  with value[informix_connection] from namespace [com.topcoder.management.project.persistence.link.ProjectLinkManager].
Read propery[ConnectionFactoryNS] which is  required  with value[com.topcoder.db.connectionfactory.DBConnectionFactoryImpl] from namespace [com.topcoder.management.project.persistence.link.ProjectLinkManager].
Read propery[ConnectionName] which is  optional  with value[informix_connection] from namespace [com.topcoder.management.project.persistence.link.ProjectLinkManager].
Read propery[ConnectionFactoryNS] which is  required  with value[com.topcoder.db.connectionfactory.DBConnectionFactoryImpl] from namespace [com.topcoder.management.project.persistence.link.ProjectLinkManager].
Read propery[ConnectionName] which is  optional  with value[informix_connection] from namespace [com.topcoder.management.project.persistence.link.ProjectLinkManager].
Read propery[ConnectionFactoryNS] which is  required  with value[com.topcoder.db.connectionfactory.DBConnectionFactoryImpl] from namespace [com.topcoder.management.project.persistence.link.ProjectLinkManager].
Read propery[ConnectionName] which is  optional  with value[informix_connection] from namespace [com.topcoder.management.project.persistence.link.ProjectLinkManager].
Read propery[ConnectionFactoryNS] which is  required  with value[com.topcoder.db.connectionfactory.DBConnectionFactoryImpl] from namespace [com.topcoder.management.project.persistence.link.ProjectLinkManager].
Read propery[ConnectionName] which is  optional  with value[informix_connection] from namespace [com.topcoder.management.project.persistence.link.ProjectLinkManager].
Read propery[ConnectionFactoryNS] which is  required  with value[com.topcoder.db.connectionfactory.DBConnectionFactoryImpl] from namespace [com.topcoder.management.project.persistence.link.ProjectLinkManager].
Read propery[ConnectionName] which is  optional  with value[informix_connection] from namespace [com.topcoder.management.project.persistence.link.ProjectLinkManager].
Read propery[ConnectionFactoryNS] which is  required  with value[com.topcoder.db.connectionfactory.DBConnectionFactoryImpl] from namespace [com.topcoder.management.project.persistence.link.ProjectLinkManager].
Read propery[ConnectionName] which is  optional  with value[informix_connection] from namespace [com.topcoder.management.project.persistence.link.ProjectLinkManager].
Read propery[ConnectionFactoryNS] which is  required  with value[com.topcoder.db.connectionfactory.DBConnectionFactoryImpl] from namespace [com.topcoder.management.project.persistence.link.ProjectLinkManager].
Read propery[ConnectionName] which is  optional  with value[informix_connection] from namespace [com.topcoder.management.project.persistence.link.ProjectLinkManager].
Read propery[ConnectionFactoryNS] which is  required  with value[com.topcoder.db.connectionfactory.DBConnectionFactoryImpl] from namespace [com.topcoder.management.project.persistence.link.ProjectLinkManager].
Read propery[ConnectionName] which is  optional  with value[informix_connection] from namespace [com.topcoder.management.project.persistence.link.ProjectLinkManager].
Read propery[ConnectionFactoryNS] which is  required  with value[com.topcoder.db.connectionfactory.DBConnectionFactoryImpl] from namespace [com.topcoder.management.project.persistence.link.ProjectLinkManager].
Read propery[ConnectionName] which is  optional  with value[informix_connection] from namespace [com.topcoder.management.project.persistence.link.ProjectLinkManager].
Read propery[ConnectionFactoryNS] which is  required  with value[com.topcoder.db.connectionfactory.DBConnectionFactoryImpl] from namespace [com.topcoder.management.project.persistence.link.ProjectLinkManager].
Read propery[ConnectionName] which is  optional  with value[informix_connection] from namespace [com.topcoder.management.project.persistence.link.ProjectLinkManager].
Read propery[ConnectionFactoryNS] which is  required  with value[com.topcoder.db.connectionfactory.DBConnectionFactoryImpl] from namespace [com.topcoder.management.project.persistence.link.ProjectLinkManager].
Read propery[ConnectionName] which is  optional  with value[informix_connection] from namespace [com.topcoder.management.project.persistence.link.ProjectLinkManager].
Read propery[ConnectionFactoryNS] which is  required  with value[com.topcoder.db.connectionfactory.DBConnectionFactoryImpl] from namespace [com.topcoder.management.project.persistence.link.ProjectLinkManager].
Read propery[ConnectionName] which is  optional  with value[informix_connection] from namespace [com.topcoder.management.project.persistence.link.ProjectLinkManager].
Read propery[ConnectionFactoryNS] which is  required  with value[com.topcoder.db.connectionfactory.DBConnectionFactoryImpl] from namespace [com.topcoder.management.project.persistence.link.ProjectLinkManager].
Read propery[ConnectionName] which is  optional  with value[informix_connection] from namespace [com.topcoder.management.project.persistence.link.ProjectLinkManager].
Read propery[ConnectionFactoryNS] which is  required  with value[com.topcoder.db.connectionfactory.DBConnectionFactoryImpl] from namespace [com.topcoder.management.project.persistence.link.ProjectLinkManager].
Read propery[ConnectionName] which is  optional  with value[informix_connection] from namespace [com.topcoder.management.project.persistence.link.ProjectLinkManager].
Read propery[ConnectionFactoryNS] which is  required  with value[com.topcoder.db.connectionfactory.DBConnectionFactoryImpl] from namespace [com.topcoder.management.project.persistence.link.ProjectLinkManager].
Read propery[ConnectionName] which is  optional  with value[informix_connection] from namespace [com.topcoder.management.project.persistence.link.ProjectLinkManager].
Read propery[ConnectionFactoryNS] which is  required  with value[com.topcoder.db.connectionfactory.DBConnectionFactoryImpl] from namespace [com.topcoder.management.project.persistence.link.ProjectLinkManager].
Read propery[ConnectionName] which is  optional  with value[informix_connection] from namespace [com.topcoder.management.project.persistence.link.ProjectLinkManager].
Read propery[ConnectionFactoryNS] which is  required  with value[com.topcoder.db.connectionfactory.DBConnectionFactoryImpl] from namespace [com.topcoder.management.project.persistence.link.ProjectLinkManager].
Read propery[ConnectionName] which is  optional  with value[informix_connection] from namespace [com.topcoder.management.project.persistence.link.ProjectLinkManager].
Read propery[ConnectionFactoryNS] which is  required  with value[com.topcoder.db.connectionfactory.DBConnectionFactoryImpl] from namespace [com.topcoder.management.project.persistence.link.ProjectLinkManager].
Read propery[ConnectionName] which is  optional  with value[informix_connection] from namespace [com.topcoder.management.project.persistence.link.ProjectLinkManager].
Read propery[ConnectionFactoryNS] which is  required  with value[com.topcoder.db.connectionfactory.DBConnectionFactoryImpl] from namespace [com.topcoder.management.project.persistence.link.ProjectLinkManager].
Read propery[ConnectionName] which is  optional  with value[informix_connection] from namespace [com.topcoder.management.project.persistence.link.ProjectLinkManager].
Read propery[ConnectionFactoryNS] which is  required  with value[com.topcoder.db.connectionfactory.DBConnectionFactoryImpl] from namespace [com.topcoder.management.project.persistence.link.ProjectLinkManager].
Read propery[ConnectionName] which is  optional  with value[informix_connection] from namespace [com.topcoder.management.project.persistence.link.ProjectLinkManager].
Read propery[ConnectionFactoryNS] which is  required  with value[com.topcoder.db.connectionfactory.DBConnectionFactoryImpl] from namespace [com.topcoder.management.project.persistence.link.ProjectLinkManager].
Read propery[ConnectionName] which is  optional  with value[informix_connection] from namespace [com.topcoder.management.project.persistence.link.ProjectLinkManager].
Read propery[ConnectionFactoryNS] which is  required  with value[com.topcoder.db.connectionfactory.DBConnectionFactoryImpl] from namespace [com.topcoder.management.project.persistence.link.ProjectLinkManager].
Read propery[ConnectionName] which is  optional  with value[informix_connection] from namespace [com.topcoder.management.project.persistence.link.ProjectLinkManager].
Read propery[ConnectionFactoryNS] which is  required  with value[com.topcoder.db.connectionfactory.DBConnectionFactoryImpl] from namespace [com.topcoder.management.project.persistence.link.ProjectLinkManager].
Read propery[ConnectionName] which is  optional  with value[informix_connection] from namespace [com.topcoder.management.project.persistence.link.ProjectLinkManager].
Read propery[ConnectionFactoryNS] which is  required  with value[com.topcoder.db.connectionfactory.DBConnectionFactoryImpl] from namespace [com.topcoder.management.project.persistence.link.ProjectLinkManager].
Read propery[ConnectionName] which is  optional  with value[informix_connection] from namespace [com.topcoder.management.project.persistence.link.ProjectLinkManager].
Read propery[ConnectionFactoryNS] which is  required  with value[com.topcoder.db.connectionfactory.DBConnectionFactoryImpl] from namespace [com.topcoder.management.project.persistence.link.ProjectLinkManager].
Read propery[ConnectionName] which is  optional  with value[informix_connection] from namespace [com.topcoder.management.project.persistence.link.ProjectLinkManager].
Read propery[ConnectionFactoryNS] which is  required  with value[com.topcoder.db.connectionfactory.DBConnectionFactoryImpl] from namespace [com.topcoder.management.project.persistence.link.ProjectLinkManager].
Read propery[ConnectionName] which is  optional  with value[informix_connection] from namespace [com.topcoder.management.project.persistence.link.ProjectLinkManager].
Read propery[ConnectionFactoryNS] which is  required  with value[com.topcoder.db.connectionfactory.DBConnectionFactoryImpl] from namespace [com.topcoder.management.project.persistence.link.ProjectLinkManager].
Read propery[ConnectionName] which is  optional  with value[informix_connection] from namespace [com.topcoder.management.project.persistence.link.ProjectLinkManager].
Read propery[ConnectionFactoryNS] which is  required  with value[com.topcoder.db.connectionfactory.DBConnectionFactoryImpl] from namespace [com.topcoder.management.project.persistence.link.ProjectLinkManager].
Read propery[ConnectionName] which is  optional  with value[informix_connection] from namespace [com.topcoder.management.project.persistence.link.ProjectLinkManager].
Read propery[ConnectionFactoryNS] which is  required  with value[com.topcoder.db.connectionfactory.DBConnectionFactoryImpl] from namespace [com.topcoder.management.project.persistence.link.ProjectLinkManager].
Read propery[ConnectionName] which is  optional  with value[informix_connection] from namespace [com.topcoder.management.project.persistence.link.ProjectLinkManager].
Read propery[ConnectionFactoryNS] which is  required  with value[com.topcoder.db.connectionfactory.DBConnectionFactoryImpl] from namespace [com.topcoder.management.project.persistence.link.ProjectLinkManager].
Read propery[ConnectionName] which is  optional  with value[informix_connection] from namespace [com.topcoder.management.project.persistence.link.ProjectLinkManager].
Read propery[ConnectionFactoryNS] which is  required  with value[com.topcoder.db.connectionfactory.DBConnectionFactoryImpl] from namespace [com.topcoder.management.project.persistence.link.ProjectLinkManager].
Read propery[ConnectionName] which is  optional  with value[informix_connection] from namespace [com.topcoder.management.project.persistence.link.ProjectLinkManager].
Read propery[ConnectionFactoryNS] which is  required  with value[com.topcoder.db.connectionfactory.DBConnectionFactoryImpl] from namespace [com.topcoder.management.project.persistence.link.ProjectLinkManager].
Read propery[ConnectionName] which is  optional  with value[informix_connection] from namespace [com.topcoder.management.project.persistence.link.ProjectLinkManager].
Read propery[ConnectionFactoryNS] which is  required  with value[com.topcoder.db.connectionfactory.DBConnectionFactoryImpl] from namespace [com.topcoder.management.project.persistence.link.ProjectLinkManager].
Read propery[ConnectionName] which is  optional  with value[informix_connection] from namespace [com.topcoder.management.project.persistence.link.ProjectLinkManager].
Read propery[ConnectionFactoryNS] which is  required  with value[com.topcoder.db.connectionfactory.DBConnectionFactoryImpl] from namespace [com.topcoder.management.project.persistence.link.ProjectLinkManager].
Read propery[ConnectionName] which is  optional  with value[informix_connection] from namespace [com.topcoder.management.project.persistence.link.ProjectLinkManager].
Read propery[ConnectionFactoryNS] which is  required  with value[com.topcoder.db.connectionfactory.DBConnectionFactoryImpl] from namespace [com.topcoder.management.project.persistence.link.ProjectLinkManager].
Read propery[ConnectionName] which is  optional  with value[informix_connection] from namespace [com.topcoder.management.project.persistence.link.ProjectLinkManager].
Read propery[ConnectionFactoryNS] which is  required  with value[com.topcoder.db.connectionfactory.DBConnectionFactoryImpl] from namespace [com.topcoder.management.project.persistence.link.ProjectLinkManager].
Read propery[ConnectionName] which is  optional  with value[informix_connection] from namespace [com.topcoder.management.project.persistence.link.ProjectLinkManager].
Read propery[ConnectionFactoryNS] which is  required  with value[com.topcoder.db.connectionfactory.DBConnectionFactoryImpl] from namespace [com.topcoder.management.project.persistence.link.ProjectLinkManager].
Read propery[ConnectionName] which is  optional  with value[informix_connection] from namespace [com.topcoder.management.project.persistence.link.ProjectLinkManager].
Read propery[ConnectionFactoryNS] which is  required  with value[com.topcoder.db.connectionfactory.DBConnectionFactoryImpl] from namespace [com.topcoder.management.project.persistence.link.ProjectLinkManager].
Read propery[ConnectionName] which is  optional  with value[informix_connection] from namespace [com.topcoder.management.project.persistence.link.ProjectLinkManager].
Read propery[ConnectionFactoryNS] which is  required  with value[com.topcoder.db.connectionfactory.DBConnectionFactoryImpl] from namespace [com.topcoder.management.project.persistence.link.ProjectLinkManager].
Read propery[ConnectionName] which is  optional  with value[informix_connection] from namespace [com.topcoder.management.project.persistence.link.ProjectLinkManager].
Read propery[ConnectionFactoryNS] which is  required  with value[com.topcoder.db.connectionfactory.DBConnectionFactoryImpl] from namespace [com.topcoder.management.project.persistence.link.ProjectLinkManager].
Read propery[ConnectionName] which is  optional  with value[informix_connection] from namespace [com.topcoder.management.project.persistence.link.ProjectLinkManager].
Read propery[ConnectionFactoryNS] which is  required  with value[com.topcoder.db.connectionfactory.DBConnectionFactoryImpl] from namespace [com.topcoder.management.project.persistence.link.ProjectLinkManager].
Read propery[ConnectionName] which is  optional  with value[informix_connection] from namespace [com.topcoder.management.project.persistence.link.ProjectLinkManager].
Read propery[ConnectionFactoryNS] which is  required  with value[com.topcoder.db.connectionfactory.DBConnectionFactoryImpl] from namespace [com.topcoder.management.project.persistence.link.ProjectLinkManager].
Read propery[ConnectionName] which is  optional  with value[informix_connection] from namespace [com.topcoder.management.project.persistence.link.ProjectLinkManager].
Read propery[ConnectionFactoryNS] which is  required  with value[com.topcoder.db.connectionfactory.DBConnectionFactoryImpl] from namespace [com.topcoder.management.project.persistence.link.ProjectLinkManager].
Read propery[ConnectionName] which is  optional  with value[informix_connection] from namespace [com.topcoder.management.project.persistence.link.ProjectLinkManager].
Read propery[ConnectionFactoryNS] which is  required  with value[com.topcoder.db.connectionfactory.DBConnectionFactoryImpl] from namespace [com.topcoder.management.project.persistence.link.ProjectLinkManager].
Read propery[ConnectionName] which is  optional  with value[informix_connection] from namespace [com.topcoder.management.project.persistence.link.ProjectLinkManager].
Read propery[ConnectionFactoryNS] which is  required  with value[com.topcoder.db.connectionfactory.DBConnectionFactoryImpl] from namespace [com.topcoder.management.project.persistence.link.ProjectLinkManager].
Read propery[ConnectionName] which is  optional  with value[informix_connection] from namespace [com.topcoder.management.project.persistence.link.ProjectLinkManager].
Read propery[ConnectionFactoryNS] which is  required  with value[com.topcoder.db.connectionfactory.DBConnectionFactoryImpl] from namespace [com.topcoder.management.project.persistence.link.ProjectLinkManager].
Read propery[ConnectionName] which is  optional  with value[informix_connection] from namespace [com.topcoder.management.project.persistence.link.ProjectLinkManager].
Read propery[ConnectionFactoryNS] which is  required  with value[com.topcoder.db.connectionfactory.DBConnectionFactoryImpl] from namespace [com.topcoder.management.project.persistence.link.ProjectLinkManager].
Read propery[ConnectionName] which is  optional  with value[informix_connection] from namespace [com.topcoder.management.project.persistence.link.ProjectLinkManager].
Read propery[ConnectionFactoryNS] which is  required  with value[com.topcoder.db.connectionfactory.DBConnectionFactoryImpl] from namespace [com.topcoder.management.project.persistence.link.ProjectLinkManager].
Read propery[ConnectionName] which is  optional  with value[informix_connection] from namespace [com.topcoder.management.project.persistence.link.ProjectLinkManager].
Read propery[ConnectionFactoryNS] which is  required  with value[com.topcoder.db.connectionfactory.DBConnectionFactoryImpl] from namespace [com.topcoder.management.project.persistence.link.ProjectLinkManager].
Read propery[ConnectionName] which is  optional  with value[informix_connection] from namespace [com.topcoder.management.project.persistence.link.ProjectLinkManager].
Read propery[ConnectionFactoryNS] which is  required  with value[com.topcoder.db.connectionfactory.DBConnectionFactoryImpl] from namespace [com.topcoder.management.project.persistence.link.ProjectLinkManager].
Read propery[ConnectionName] which is  optional  with value[informix_connection] from namespace [com.topcoder.management.project.persistence.link.ProjectLinkManager].
Read propery[ConnectionFactoryNS] which is  required  with value[com.topcoder.db.connectionfactory.DBConnectionFactoryImpl] from namespace [com.topcoder.management.project.persistence.link.ProjectLinkManager].
Read propery[ConnectionName] which is  optional  with value[informix_connection] from namespace [com.topcoder.management.project.persistence.link.ProjectLinkManager].
Read propery[ConnectionFactoryNS] which is  required  with value[com.topcoder.db.connectionfactory.DBConnectionFactoryImpl] from namespace [com.topcoder.management.project.persistence.link.ProjectLinkManager].
Read propery[ConnectionName] which is  optional  with value[informix_connection] from namespace [com.topcoder.management.project.persistence.link.ProjectLinkManager].
Read propery[ConnectionFactoryNS] which is  required  with value[com.topcoder.db.connectionfactory.DBConnectionFactoryImpl] from namespace [com.topcoder.management.project.persistence.link.ProjectLinkManager].
Read propery[ConnectionName] which is  optional  with value[informix_connection] from namespace [com.topcoder.management.project.persistence.link.ProjectLinkManager].
Read propery[ConnectionFactoryNS] which is  required  with value[com.topcoder.db.connectionfactory.DBConnectionFactoryImpl] from namespace [com.topcoder.management.project.persistence.link.ProjectLinkManager].
Read propery[ConnectionName] which is  optional  with value[informix_connection] from namespace [com.topcoder.management.project.persistence.link.ProjectLinkManager].
Read propery[ConnectionFactoryNS] which is  required  with value[com.topcoder.db.connectionfactory.DBConnectionFactoryImpl] from namespace [com.topcoder.management.project.persistence.link.ProjectLinkManager].
Read propery[ConnectionName] which is  optional  with value[informix_connection] from namespace [com.topcoder.management.project.persistence.link.ProjectLinkManager].
Read propery[ConnectionFactoryNS] which is  required  with value[com.topcoder.db.connectionfactory.DBConnectionFactoryImpl] from namespace [com.topcoder.management.project.persistence.link.ProjectLinkManager].
Read propery[ConnectionName] which is  optional  with value[informix_connection] from namespace [com.topcoder.management.project.persistence.link.ProjectLinkManager].
Read propery[ConnectionFactoryNS] which is  required  with value[com.topcoder.db.connectionfactory.DBConnectionFactoryImpl] from namespace [com.topcoder.management.project.persistence.link.ProjectLinkManager].
Read propery[ConnectionName] which is  optional  with value[informix_connection] from namespace [com.topcoder.management.project.persistence.link.ProjectLinkManager].
Read propery[ConnectionFactoryNS] which is  required  with value[com.topcoder.db.connectionfactory.DBConnectionFactoryImpl] from namespace [com.topcoder.management.project.persistence.link.ProjectLinkManager].
Read propery[ConnectionName] which is  optional  with value[informix_connection] from namespace [com.topcoder.management.project.persistence.link.ProjectLinkManager].
Read propery[ConnectionFactoryNS] which is  required  with value[com.topcoder.db.connectionfactory.DBConnectionFactoryImpl] from namespace [com.topcoder.management.project.persistence.link.ProjectLinkManager].
Read propery[ConnectionName] which is  optional  with value[informix_connection] from namespace [com.topcoder.management.project.persistence.link.ProjectLinkManager].
Read propery[ConnectionFactoryNS] which is  required  with value[com.topcoder.db.connectionfactory.DBConnectionFactoryImpl] from namespace [com.topcoder.management.project.persistence.link.ProjectLinkManager].
Read propery[ConnectionName] which is  optional  with value[informix_connection] from namespace [com.topcoder.management.project.persistence.link.ProjectLinkManager].
Read propery[ConnectionFactoryNS] which is  required  with value[com.topcoder.db.connectionfactory.DBConnectionFactoryImpl] from namespace [com.topcoder.management.project.persistence.link.ProjectLinkManager].
Read propery[ConnectionName] which is  optional  with value[informix_connection] from namespace [com.topcoder.management.project.persistence.link.ProjectLinkManager].
Read propery[ConnectionFactoryNS] which is  required  with value[com.topcoder.db.connectionfactory.DBConnectionFactoryImpl] from namespace [com.topcoder.management.project.persistence.link.ProjectLinkManager].
Read propery[ConnectionName] which is  optional  with value[informix_connection] from namespace [com.topcoder.management.project.persistence.link.ProjectLinkManager].
Read propery[ConnectionFactoryNS] which is  required  with value[com.topcoder.db.connectionfactory.DBConnectionFactoryImpl] from namespace [com.topcoder.management.project.persistence.link.ProjectLinkManager].
Read propery[ConnectionName] which is  optional  with value[informix_connection] from namespace [com.topcoder.management.project.persistence.link.ProjectLinkManager].
Read propery[ConnectionFactoryNS] which is  required  with value[com.topcoder.db.connectionfactory.DBConnectionFactoryImpl] from namespace [com.topcoder.management.project.persistence.link.ProjectLinkManager].
Read propery[ConnectionName] which is  optional  with value[informix_connection] from namespace [com.topcoder.management.project.persistence.link.ProjectLinkManager].
Read propery[ConnectionFactoryNS] which is  required  with value[com.topcoder.db.connectionfactory.DBConnectionFactoryImpl] from namespace [com.topcoder.management.project.persistence.link.ProjectLinkManager].
Read propery[ConnectionName] which is  optional  with value[informix_connection] from namespace [com.topcoder.management.project.persistence.link.ProjectLinkManager].
Read propery[ConnectionFactoryNS] which is  required  with value[com.topcoder.db.connectionfactory.DBConnectionFactoryImpl] from namespace [com.topcoder.management.project.persistence.link.ProjectLinkManager].
Read propery[ConnectionName] which is  optional  with value[informix_connection] from namespace [com.topcoder.management.project.persistence.link.ProjectLinkManager].
Read propery[ConnectionFactoryNS] which is  required  with value[com.topcoder.db.connectionfactory.DBConnectionFactoryImpl] from namespace [com.topcoder.management.project.persistence.link.ProjectLinkManager].
Read propery[ConnectionName] which is  optional  with value[informix_connection] from namespace [com.topcoder.management.project.persistence.link.ProjectLinkManager].
Read propery[ConnectionFactoryNS] which is  required  with value[com.topcoder.db.connectionfactory.DBConnectionFactoryImpl] from namespace [com.topcoder.management.project.persistence.link.ProjectLinkManager].
Read propery[ConnectionName] which is  optional  with value[informix_connection] from namespace [com.topcoder.management.project.persistence.link.ProjectLinkManager].
Read propery[ConnectionFactoryNS] which is  required  with value[com.topcoder.db.connectionfactory.DBConnectionFactoryImpl] from namespace [com.topcoder.management.project.persistence.link.ProjectLinkManager].
Read propery[ConnectionName] which is  optional  with value[informix_connection] from namespace [com.topcoder.management.project.persistence.link.ProjectLinkManager].
Read propery[ConnectionFactoryNS] which is  required  with value[com.topcoder.db.connectionfactory.DBConnectionFactoryImpl] from namespace [com.topcoder.management.project.persistence.link.ProjectLinkManager].
Read propery[ConnectionName] which is  optional  with value[informix_connection] from namespace [com.topcoder.management.project.persistence.link.ProjectLinkManager].
Read propery[ConnectionFactoryNS] which is  required  with value[com.topcoder.db.connectionfactory.DBConnectionFactoryImpl] from namespace [com.topcoder.management.project.persistence.link.ProjectLinkManager].
Read propery[ConnectionName] which is  optional  with value[informix_connection] from namespace [com.topcoder.management.project.persistence.link.ProjectLinkManager].
Read propery[ConnectionFactoryNS] which is  required  with value[com.topcoder.db.connectionfactory.DBConnectionFactoryImpl] from namespace [com.topcoder.management.project.persistence.link.ProjectLinkManager].
Read propery[ConnectionName] which is  optional  with value[informix_connection] from namespace [com.topcoder.management.project.persistence.link.ProjectLinkManager].
Read propery[ConnectionFactoryNS] which is  required  with value[com.topcoder.db.connectionfactory.DBConnectionFactoryImpl] from namespace [com.topcoder.management.project.persistence.link.ProjectLinkManager].
Read propery[ConnectionName] which is  optional  with value[informix_connection] from namespace [com.topcoder.management.project.persistence.link.ProjectLinkManager].
Read propery[ConnectionFactoryNS] which is  required  with value[com.topcoder.db.connectionfactory.DBConnectionFactoryImpl] from namespace [com.topcoder.management.project.persistence.link.ProjectLinkManager].
Read propery[ConnectionName] which is  optional  with value[informix_connection] from namespace [com.topcoder.management.project.persistence.link.ProjectLinkManager].
Read propery[ConnectionFactoryNS] which is  required  with value[com.topcoder.db.connectionfactory.DBConnectionFactoryImpl] from namespace [com.topcoder.management.project.persistence.link.ProjectLinkManager].
Read propery[ConnectionName] which is  optional  with value[informix_connection] from namespace [com.topcoder.management.project.persistence.link.ProjectLinkManager].
Read propery[ConnectionFactoryNS] which is  required  with value[com.topcoder.db.connectionfactory.DBConnectionFactoryImpl] from namespace [com.topcoder.management.project.persistence.link.ProjectLinkManager].
Read propery[ConnectionName] which is  optional  with value[informix_connection] from namespace [com.topcoder.management.project.persistence.link.ProjectLinkManager].
Read propery[ConnectionFactoryNS] which is  required  with value[com.topcoder.db.connectionfactory.DBConnectionFactoryImpl] from namespace [com.topcoder.management.project.persistence.link.ProjectLinkManager].
Read propery[ConnectionName] which is  optional  with value[informix_connection] from namespace [com.topcoder.management.project.persistence.link.ProjectLinkManager].
Read propery[ConnectionFactoryNS] which is  required  with value[com.topcoder.db.connectionfactory.DBConnectionFactoryImpl] from namespace [com.topcoder.management.project.persistence.link.ProjectLinkManager].
Read propery[ConnectionName] which is  optional  with value[informix_connection] from namespace [com.topcoder.management.project.persistence.link.ProjectLinkManager].
Read propery[ConnectionFactoryNS] which is  required  with value[com.topcoder.db.connectionfactory.DBConnectionFactoryImpl] from namespace [com.topcoder.management.project.persistence.link.ProjectLinkManager].
Read propery[ConnectionName] which is  optional  with value[informix_connection] from namespace [com.topcoder.management.project.persistence.link.ProjectLinkManager].
Read propery[ConnectionFactoryNS] which is  required  with value[com.topcoder.db.connectionfactory.DBConnectionFactoryImpl] from namespace [com.topcoder.management.project.persistence.link.ProjectLinkManager].
Read propery[ConnectionName] which is  optional  with value[informix_connection] from namespace [com.topcoder.management.project.persistence.link.ProjectLinkManager].
Read propery[ConnectionFactoryNS] which is  required  with value[com.topcoder.db.connectionfactory.DBConnectionFactoryImpl] from namespace [com.topcoder.management.project.persistence.link.ProjectLinkManager].
Read propery[ConnectionName] which is  optional  with value[informix_connection] from namespace [com.topcoder.management.project.persistence.link.ProjectLinkManager].
Read propery[ConnectionFactoryNS] which is  required  with value[com.topcoder.db.connectionfactory.DBConnectionFactoryImpl] from namespace [com.topcoder.management.project.persistence.link.ProjectLinkManager].
Read propery[ConnectionName] which is  optional  with value[informix_connection] from namespace [com.topcoder.management.project.persistence.link.ProjectLinkManager].
Read propery[ConnectionFactoryNS] which is  required  with value[com.topcoder.db.connectionfactory.DBConnectionFactoryImpl] from namespace [com.topcoder.management.project.persistence.link.ProjectLinkManager].
Read propery[ConnectionName] which is  optional  with value[informix_connection] from namespace [com.topcoder.management.project.persistence.link.ProjectLinkManager].
Read propery[ConnectionFactoryNS] which is  required  with value[com.topcoder.db.connectionfactory.DBConnectionFactoryImpl] from namespace [com.topcoder.management.project.persistence.link.ProjectLinkManager].
Read propery[ConnectionName] which is  optional  with value[informix_connection] from namespace [com.topcoder.management.project.persistence.link.ProjectLinkManager].
Read propery[ConnectionFactoryNS] which is  required  with value[com.topcoder.db.connectionfactory.DBConnectionFactoryImpl] from namespace [com.topcoder.management.project.persistence.link.ProjectLinkManager].
Read propery[ConnectionName] which is  optional  with value[informix_connection] from namespace [com.topcoder.management.project.persistence.link.ProjectLinkManager].
Read propery[ConnectionFactoryNS] which is  required  with value[com.topcoder.db.connectionfactory.DBConnectionFactoryImpl] from namespace [com.topcoder.management.project.persistence.link.ProjectLinkManager].
Read propery[ConnectionName] which is  optional  with value[informix_connection] from namespace [com.topcoder.management.project.persistence.link.ProjectLinkManager].
Read propery[ConnectionFactoryNS] which is  required  with value[com.topcoder.db.connectionfactory.DBConnectionFactoryImpl] from namespace [com.topcoder.management.project.persistence.link.ProjectLinkManager].
Read propery[ConnectionName] which is  optional  with value[informix_connection] from namespace [com.topcoder.management.project.persistence.link.ProjectLinkManager].
Read propery[ConnectionFactoryNS] which is  required  with value[com.topcoder.db.connectionfactory.DBConnectionFactoryImpl] from namespace [com.topcoder.management.project.persistence.link.ProjectLinkManager].
Read propery[ConnectionName] which is  optional  with value[informix_connection] from namespace [com.topcoder.management.project.persistence.link.ProjectLinkManager].
Read propery[ConnectionFactoryNS] which is  required  with value[com.topcoder.db.connectionfactory.DBConnectionFactoryImpl] from namespace [com.topcoder.management.project.persistence.link.ProjectLinkManager].
Read propery[ConnectionName] which is  optional  with value[informix_connection] from namespace [com.topcoder.management.project.persistence.link.ProjectLinkManager].
Read propery[ConnectionFactoryNS] which is  required  with value[com.topcoder.db.connectionfactory.DBConnectionFactoryImpl] from namespace [com.topcoder.management.project.persistence.link.ProjectLinkManager].
Read propery[ConnectionName] which is  optional  with value[informix_connection] from namespace [com.topcoder.management.project.persistence.link.ProjectLinkManager].
Read propery[ConnectionFactoryNS] which is  required  with value[com.topcoder.db.connectionfactory.DBConnectionFactoryImpl] from namespace [com.topcoder.management.project.persistence.link.ProjectLinkManager].
Read propery[ConnectionName] which is  optional  with value[informix_connection] from namespace [com.topcoder.management.project.persistence.link.ProjectLinkManager].
Read propery[ConnectionFactoryNS] which is  required  with value[com.topcoder.db.connectionfactory.DBConnectionFactoryImpl] from namespace [com.topcoder.management.project.persistence.link.ProjectLinkManager].
Read propery[ConnectionName] which is  optional  with value[informix_connection] from namespace [com.topcoder.management.project.persistence.link.ProjectLinkManager].
Read propery[ConnectionFactoryNS] which is  required  with value[com.topcoder.db.connectionfactory.DBConnectionFactoryImpl] from namespace [com.topcoder.management.project.persistence.link.ProjectLinkManager].
Read propery[ConnectionName] which is  optional  with value[informix_connection] from namespace [com.topcoder.management.project.persistence.link.ProjectLinkManager].
Read propery[ConnectionFactoryNS] which is  required  with value[com.topcoder.db.connectionfactory.DBConnectionFactoryImpl] from namespace [com.topcoder.management.project.persistence.link.ProjectLinkManager].
Read propery[ConnectionName] which is  optional  with value[informix_connection] from namespace [com.topcoder.management.project.persistence.link.ProjectLinkManager].
Read propery[ConnectionFactoryNS] which is  required  with value[com.topcoder.db.connectionfactory.DBConnectionFactoryImpl] from namespace [com.topcoder.management.project.persistence.link.ProjectLinkManager].
Read propery[ConnectionName] which is  optional  with value[informix_connection] from namespace [com.topcoder.management.project.persistence.link.ProjectLinkManager].
Read propery[ConnectionFactoryNS] which is  required  with value[com.topcoder.db.connectionfactory.DBConnectionFactoryImpl] from namespace [com.topcoder.management.project.persistence.link.ProjectLinkManager].
Read propery[ConnectionName] which is  optional  with value[informix_connection] from namespace [com.topcoder.management.project.persistence.link.ProjectLinkManager].
Read propery[ConnectionFactoryNS] which is  required  with value[com.topcoder.db.connectionfactory.DBConnectionFactoryImpl] from namespace [com.topcoder.management.project.persistence.link.ProjectLinkManager].
Read propery[ConnectionName] which is  optional  with value[informix_connection] from namespace [com.topcoder.management.project.persistence.link.ProjectLinkManager].
Read propery[ConnectionFactoryNS] which is  required  with value[com.topcoder.db.connectionfactory.DBConnectionFactoryImpl] from namespace [com.topcoder.management.project.persistence.link.ProjectLinkManager].
Read propery[ConnectionName] which is  optional  with value[informix_connection] from namespace [com.topcoder.management.project.persistence.link.ProjectLinkManager].
Read propery[ConnectionFactoryNS] which is  required  with value[com.topcoder.db.connectionfactory.DBConnectionFactoryImpl] from namespace [com.topcoder.management.project.persistence.link.ProjectLinkManager].
Read propery[ConnectionName] which is  optional  with value[informix_connection] from namespace [com.topcoder.management.project.persistence.link.ProjectLinkManager].
Read propery[ConnectionFactoryNS] which is  required  with value[com.topcoder.db.connectionfactory.DBConnectionFactoryImpl] from namespace [com.topcoder.management.project.persistence.link.ProjectLinkManager].
Read propery[ConnectionName] which is  optional  with value[informix_connection] from namespace [com.topcoder.management.project.persistence.link.ProjectLinkManager].
Read propery[ConnectionFactoryNS] which is  required  with value[com.topcoder.db.connectionfactory.DBConnectionFactoryImpl] from namespace [com.topcoder.management.project.persistence.link.ProjectLinkManager].
Read propery[ConnectionName] which is  optional  with value[informix_connection] from namespace [com.topcoder.management.project.persistence.link.ProjectLinkManager].
Read propery[ConnectionFactoryNS] which is  required  with value[com.topcoder.db.connectionfactory.DBConnectionFactoryImpl] from namespace [com.topcoder.management.project.persistence.link.ProjectLinkManager].
Read propery[ConnectionName] which is  optional  with value[informix_connection] from namespace [com.topcoder.management.project.persistence.link.ProjectLinkManager].
Read propery[ConnectionFactoryNS] which is  required  with value[com.topcoder.db.connectionfactory.DBConnectionFactoryImpl] from namespace [com.topcoder.management.project.persistence.link.ProjectLinkManager].
Read propery[ConnectionName] which is  optional  with value[informix_connection] from namespace [com.topcoder.management.project.persistence.link.ProjectLinkManager].
Read propery[ConnectionFactoryNS] which is  required  with value[com.topcoder.db.connectionfactory.DBConnectionFactoryImpl] from namespace [com.topcoder.management.project.persistence.link.ProjectLinkManager].
Read propery[ConnectionName] which is  optional  with value[informix_connection] from namespace [com.topcoder.management.project.persistence.link.ProjectLinkManager].
Read propery[ConnectionFactoryNS] which is  required  with value[com.topcoder.db.connectionfactory.DBConnectionFactoryImpl] from namespace [com.topcoder.management.project.persistence.link.ProjectLinkManager].
Read propery[ConnectionName] which is  optional  with value[informix_connection] from namespace [com.topcoder.management.project.persistence.link.ProjectLinkManager].
Read propery[ConnectionFactoryNS] which is  required  with value[com.topcoder.db.connectionfactory.DBConnectionFactoryImpl] from namespace [com.topcoder.management.project.persistence.link.ProjectLinkManager].
Read propery[ConnectionName] which is  optional  with value[informix_connection] from namespace [com.topcoder.management.project.persistence.link.ProjectLinkManager].
Read propery[ConnectionFactoryNS] which is  required  with value[com.topcoder.db.connectionfactory.DBConnectionFactoryImpl] from namespace [com.topcoder.management.project.persistence.link.ProjectLinkManager].
Read propery[ConnectionName] which is  optional  with value[informix_connection] from namespace [com.topcoder.management.project.persistence.link.ProjectLinkManager].
Read propery[ConnectionFactoryNS] which is  required  with value[com.topcoder.db.connectionfactory.DBConnectionFactoryImpl] from namespace [com.topcoder.management.project.persistence.link.ProjectLinkManager].
Read propery[ConnectionName] which is  optional  with value[informix_connection] from namespace [com.topcoder.management.project.persistence.link.ProjectLinkManager].
Read propery[ConnectionFactoryNS] which is  required  with value[com.topcoder.db.connectionfactory.DBConnectionFactoryImpl] from namespace [com.topcoder.management.project.persistence.link.ProjectLinkManager].
Read propery[ConnectionName] which is  optional  with value[informix_connection] from namespace [com.topcoder.management.project.persistence.link.ProjectLinkManager].
Read propery[ConnectionFactoryNS] which is  required  with value[com.topcoder.db.connectionfactory.DBConnectionFactoryImpl] from namespace [com.topcoder.management.project.persistence.link.ProjectLinkManager].
Read propery[ConnectionName] which is  optional  with value[informix_connection] from namespace [com.topcoder.management.project.persistence.link.ProjectLinkManager].
Read propery[ConnectionFactoryNS] which is  required  with value[com.topcoder.db.connectionfactory.DBConnectionFactoryImpl] from namespace [com.topcoder.management.project.persistence.link.ProjectLinkManager].
Read propery[ConnectionName] which is  optional  with value[informix_connection] from namespace [com.topcoder.management.project.persistence.link.ProjectLinkManager].
Read propery[ConnectionFactoryNS] which is  required  with value[com.topcoder.db.connectionfactory.DBConnectionFactoryImpl] from namespace [com.topcoder.management.project.persistence.link.ProjectLinkManager].
Read propery[ConnectionName] which is  optional  with value[informix_connection] from namespace [com.topcoder.management.project.persistence.link.ProjectLinkManager].
Read propery[ConnectionFactoryNS] which is  required  with value[com.topcoder.db.connectionfactory.DBConnectionFactoryImpl] from namespace [com.topcoder.management.project.persistence.link.ProjectLinkManager].
Read propery[ConnectionName] which is  optional  with value[informix_connection] from namespace [com.topcoder.management.project.persistence.link.ProjectLinkManager].
Read propery[ConnectionFactoryNS] which is  required  with value[com.topcoder.db.connectionfactory.DBConnectionFactoryImpl] from namespace [com.topcoder.management.project.persistence.link.ProjectLinkManager].
Read propery[ConnectionName] which is  optional  with value[informix_connection] from namespace [com.topcoder.management.project.persistence.link.ProjectLinkManager].
Read propery[ConnectionFactoryNS] which is  required  with value[com.topcoder.db.connectionfactory.DBConnectionFactoryImpl] from namespace [com.topcoder.management.project.persistence.link.ProjectLinkManager].
Read propery[ConnectionName] which is  optional  with value[informix_connection] from namespace [com.topcoder.management.project.persistence.link.ProjectLinkManager].
Read propery[ConnectionFactoryNS] which is  required  with value[com.topcoder.db.connectionfactory.DBConnectionFactoryImpl] from namespace [com.topcoder.management.project.persistence.link.ProjectLinkManager].
Read propery[ConnectionName] which is  optional  with value[informix_connection] from namespace [com.topcoder.management.project.persistence.link.ProjectLinkManager].
Read propery[ConnectionFactoryNS] which is  required  with value[com.topcoder.db.connectionfactory.DBConnectionFactoryImpl] from namespace [com.topcoder.management.project.persistence.link.ProjectLinkManager].
Read propery[ConnectionName] which is  optional  with value[informix_connection] from namespace [com.topcoder.management.project.persistence.link.ProjectLinkManager].
Read propery[ConnectionFactoryNS] which is  required  with value[com.topcoder.db.connectionfactory.DBConnectionFactoryImpl] from namespace [com.topcoder.management.project.persistence.link.ProjectLinkManager].
Read propery[ConnectionName] which is  optional  with value[informix_connection] from namespace [com.topcoder.management.project.persistence.link.ProjectLinkManager].
Read propery[ConnectionFactoryNS] which is  required  with value[com.topcoder.db.connectionfactory.DBConnectionFactoryImpl] from namespace [com.topcoder.management.project.persistence.link.ProjectLinkManager].
Read propery[ConnectionName] which is  optional  with value[informix_connection] from namespace [com.topcoder.management.project.persistence.link.ProjectLinkManager].
Read propery[ConnectionFactoryNS] which is  required  with value[com.topcoder.db.connectionfactory.DBConnectionFactoryImpl] from namespace [com.topcoder.management.project.persistence.link.ProjectLinkManager].
Read propery[ConnectionName] which is  optional  with value[informix_connection] from namespace [com.topcoder.management.project.persistence.link.ProjectLinkManager].
Read propery[ConnectionFactoryNS] which is  required  with value[com.topcoder.db.connectionfactory.DBConnectionFactoryImpl] from namespace [com.topcoder.management.project.persistence.link.ProjectLinkManager].
Read propery[ConnectionName] which is  optional  with value[informix_connection] from namespace [com.topcoder.management.project.persistence.link.ProjectLinkManager].
Read propery[ConnectionFactoryNS] which is  required  with value[com.topcoder.db.connectionfactory.DBConnectionFactoryImpl] from namespace [com.topcoder.management.project.persistence.link.ProjectLinkManager].
Read propery[ConnectionName] which is  optional  with value[informix_connection] from namespace [com.topcoder.management.project.persistence.link.ProjectLinkManager].
Read propery[ConnectionFactoryNS] which is  required  with value[com.topcoder.db.connectionfactory.DBConnectionFactoryImpl] from namespace [com.topcoder.management.project.persistence.link.ProjectLinkManager].
Read propery[ConnectionName] which is  optional  with value[informix_connection] from namespace [com.topcoder.management.project.persistence.link.ProjectLinkManager].
Read propery[ConnectionFactoryNS] which is  required  with value[com.topcoder.db.connectionfactory.DBConnectionFactoryImpl] from namespace [com.topcoder.management.project.persistence.link.ProjectLinkManager].
Read propery[ConnectionName] which is  optional  with value[informix_connection] from namespace [com.topcoder.management.project.persistence.link.ProjectLinkManager].
Read propery[ConnectionFactoryNS] which is  required  with value[com.topcoder.db.connectionfactory.DBConnectionFactoryImpl] from namespace [com.topcoder.management.project.persistence.link.ProjectLinkManager].
Read propery[ConnectionName] which is  optional  with value[informix_connection] from namespace [com.topcoder.management.project.persistence.link.ProjectLinkManager].
Read propery[ConnectionFactoryNS] which is  required  with value[com.topcoder.db.connectionfactory.DBConnectionFactoryImpl] from namespace [com.topcoder.management.project.persistence.link.ProjectLinkManager].
Read propery[ConnectionName] which is  optional  with value[informix_connection] from namespace [com.topcoder.management.project.persistence.link.ProjectLinkManager].
Read propery[ConnectionFactoryNS] which is  required  with value[com.topcoder.db.connectionfactory.DBConnectionFactoryImpl] from namespace [com.topcoder.management.project.persistence.link.ProjectLinkManager].
Read propery[ConnectionName] which is  optional  with value[informix_connection] from namespace [com.topcoder.management.project.persistence.link.ProjectLinkManager].
Read propery[ConnectionFactoryNS] which is  required  with value[com.topcoder.db.connectionfactory.DBConnectionFactoryImpl] from namespace [com.topcoder.management.project.persistence.link.ProjectLinkManager].
Read propery[ConnectionName] which is  optional  with value[informix_connection] from namespace [com.topcoder.management.project.persistence.link.ProjectLinkManager].
Read propery[ConnectionFactoryNS] which is  required  with value[com.topcoder.db.connectionfactory.DBConnectionFactoryImpl] from namespace [com.topcoder.management.project.persistence.link.ProjectLinkManager].
Read propery[ConnectionName] which is  optional  with value[informix_connection] from namespace [com.topcoder.management.project.persistence.link.ProjectLinkManager].
Read propery[ConnectionFactoryNS] which is  required  with value[com.topcoder.db.connectionfactory.DBConnectionFactoryImpl] from namespace [com.topcoder.management.project.persistence.link.ProjectLinkManager].
Read propery[ConnectionName] which is  optional  with value[informix_connection] from namespace [com.topcoder.management.project.persistence.link.ProjectLinkManager].
Read propery[ConnectionFactoryNS] which is  required  with value[com.topcoder.db.connectionfactory.DBConnectionFactoryImpl] from namespace [com.topcoder.management.project.persistence.link.ProjectLinkManager].
Read propery[ConnectionName] which is  optional  with value[informix_connection] from namespace [com.topcoder.management.project.persistence.link.ProjectLinkManager].
Read propery[ConnectionFactoryNS] which is  required  with value[com.topcoder.db.connectionfactory.DBConnectionFactoryImpl] from namespace [com.topcoder.management.project.persistence.link.ProjectLinkManager].
Read propery[ConnectionName] which is  optional  with value[informix_connection] from namespace [com.topcoder.management.project.persistence.link.ProjectLinkManager].
Read propery[ConnectionFactoryNS] which is  required  with value[com.topcoder.db.connectionfactory.DBConnectionFactoryImpl] from namespace [com.topcoder.management.project.persistence.link.ProjectLinkManager].
Read propery[ConnectionName] which is  optional  with value[informix_connection] from namespace [com.topcoder.management.project.persistence.link.ProjectLinkManager].
Read propery[ConnectionFactoryNS] which is  required  with value[com.topcoder.db.connectionfactory.DBConnectionFactoryImpl] from namespace [com.topcoder.management.project.persistence.link.ProjectLinkManager].
Read propery[ConnectionName] which is  optional  with value[informix_connection] from namespace [com.topcoder.management.project.persistence.link.ProjectLinkManager].
Read propery[ConnectionFactoryNS] which is  required  with value[com.topcoder.db.connectionfactory.DBConnectionFactoryImpl] from namespace [com.topcoder.management.project.persistence.link.ProjectLinkManager].
Read propery[ConnectionName] which is  optional  with value[informix_connection] from namespace [com.topcoder.management.project.persistence.link.ProjectLinkManager].
Read propery[ConnectionFactoryNS] which is  required  with value[com.topcoder.db.connectionfactory.DBConnectionFactoryImpl] from namespace [com.topcoder.management.project.persistence.link.ProjectLinkManager].
Read propery[ConnectionName] which is  optional  with value[informix_connection] from namespace [com.topcoder.management.project.persistence.link.ProjectLinkManager].
Read propery[ConnectionFactoryNS] which is  required  with value[com.topcoder.db.connectionfactory.DBConnectionFactoryImpl] from namespace [com.topcoder.management.project.persistence.link.ProjectLinkManager].
Read propery[ConnectionName] which is  optional  with value[informix_connection] from namespace [com.topcoder.management.project.persistence.link.ProjectLinkManager].
Read propery[ConnectionFactoryNS] which is  required  with value[com.topcoder.db.connectionfactory.DBConnectionFactoryImpl] from namespace [com.topcoder.management.project.persistence.link.ProjectLinkManager].
Read propery[ConnectionName] which is  optional  with value[informix_connection] from namespace [com.topcoder.management.project.persistence.link.ProjectLinkManager].
Read propery[ConnectionFactoryNS] which is  required  with value[com.topcoder.db.connectionfactory.DBConnectionFactoryImpl] from namespace [com.topcoder.management.project.persistence.link.ProjectLinkManager].
Read propery[ConnectionName] which is  optional  with value[informix_connection] from namespace [com.topcoder.management.project.persistence.link.ProjectLinkManager].
Read propery[ConnectionFactoryNS] which is  required  with value[com.topcoder.db.connectionfactory.DBConnectionFactoryImpl] from namespace [com.topcoder.management.project.persistence.link.ProjectLinkManager].
Read propery[ConnectionName] which is  optional  with value[informix_connection] from namespace [com.topcoder.management.project.persistence.link.ProjectLinkManager].
Read propery[ConnectionFactoryNS] which is  required  with value[com.topcoder.db.connectionfactory.DBConnectionFactoryImpl] from namespace [com.topcoder.management.project.persistence.link.ProjectLinkManager].
Read propery[ConnectionName] which is  optional  with value[informix_connection] from namespace [com.topcoder.management.project.persistence.link.ProjectLinkManager].
Read propery[ConnectionFactoryNS] which is  required  with value[com.topcoder.db.connectionfactory.DBConnectionFactoryImpl] from namespace [com.topcoder.management.project.persistence.link.ProjectLinkManager].
Read propery[ConnectionName] which is  optional  with value[informix_connection] from namespace [com.topcoder.management.project.persistence.link.ProjectLinkManager].
Read propery[ConnectionFactoryNS] which is  required  with value[com.topcoder.db.connectionfactory.DBConnectionFactoryImpl] from namespace [com.topcoder.management.project.persistence.link.ProjectLinkManager].
Read propery[ConnectionName] which is  optional  with value[informix_connection] from namespace [com.topcoder.management.project.persistence.link.ProjectLinkManager].
Read propery[ConnectionFactoryNS] which is  required  with value[com.topcoder.db.connectionfactory.DBConnectionFactoryImpl] from namespace [com.topcoder.management.project.persistence.link.ProjectLinkManager].
Read propery[ConnectionName] which is  optional  with value[informix_connection] from namespace [com.topcoder.management.project.persistence.link.ProjectLinkManager].
Read propery[ConnectionFactoryNS] which is  required  with value[com.topcoder.db.connectionfactory.DBConnectionFactoryImpl] from namespace [com.topcoder.management.project.persistence.link.ProjectLinkManager].
Read propery[ConnectionName] which is  optional  with value[informix_connection] from namespace [com.topcoder.management.project.persistence.link.ProjectLinkManager].
Read propery[ConnectionFactoryNS] which is  required  with value[com.topcoder.db.connectionfactory.DBConnectionFactoryImpl] from namespace [com.topcoder.management.project.persistence.link.ProjectLinkManager].
Read propery[ConnectionName] which is  optional  with value[informix_connection] from namespace [com.topcoder.management.project.persistence.link.ProjectLinkManager].
Read propery[ConnectionFactoryNS] which is  required  with value[com.topcoder.db.connectionfactory.DBConnectionFactoryImpl] from namespace [com.topcoder.management.project.persistence.link.ProjectLinkManager].
Read propery[ConnectionName] which is  optional  with value[informix_connection] from namespace [com.topcoder.management.project.persistence.link.ProjectLinkManager].
Read propery[ConnectionFactoryNS] which is  required  with value[com.topcoder.db.connectionfactory.DBConnectionFactoryImpl] from namespace [com.topcoder.management.project.persistence.link.ProjectLinkManager].
Read propery[ConnectionName] which is  optional  with value[informix_connection] from namespace [com.topcoder.management.project.persistence.link.ProjectLinkManager].
Read propery[ConnectionFactoryNS] which is  required  with value[com.topcoder.db.connectionfactory.DBConnectionFactoryImpl] from namespace [com.topcoder.management.project.persistence.link.ProjectLinkManager].
Read propery[ConnectionName] which is  optional  with value[informix_connection] from namespace [com.topcoder.management.project.persistence.link.ProjectLinkManager].
Read propery[ConnectionFactoryNS] which is  required  with value[com.topcoder.db.connectionfactory.DBConnectionFactoryImpl] from namespace [com.topcoder.management.project.persistence.link.ProjectLinkManager].
Read propery[ConnectionName] which is  optional  with value[informix_connection] from namespace [com.topcoder.management.project.persistence.link.ProjectLinkManager].
Read propery[ConnectionFactoryNS] which is  required  with value[com.topcoder.db.connectionfactory.DBConnectionFactoryImpl] from namespace [com.topcoder.management.project.persistence.link.ProjectLinkManager].
Read propery[ConnectionName] which is  optional  with value[informix_connection] from namespace [com.topcoder.management.project.persistence.link.ProjectLinkManager].
Read propery[ConnectionFactoryNS] which is  required  with value[com.topcoder.db.connectionfactory.DBConnectionFactoryImpl] from namespace [com.topcoder.management.project.persistence.link.ProjectLinkManager].
Read propery[ConnectionName] which is  optional  with value[informix_connection] from namespace [com.topcoder.management.project.persistence.link.ProjectLinkManager].
Read propery[ConnectionFactoryNS] which is  required  with value[com.topcoder.db.connectionfactory.DBConnectionFactoryImpl] from namespace [com.topcoder.management.project.persistence.link.ProjectLinkManager].
Read propery[ConnectionName] which is  optional  with value[informix_connection] from namespace [com.topcoder.management.project.persistence.link.ProjectLinkManager].
Read propery[ConnectionFactoryNS] which is  required  with value[com.topcoder.db.connectionfactory.DBConnectionFactoryImpl] from namespace [com.topcoder.management.project.persistence.link.ProjectLinkManager].
Read propery[ConnectionName] which is  optional  with value[informix_connection] from namespace [com.topcoder.management.project.persistence.link.ProjectLinkManager].
Read propery[ConnectionFactoryNS] which is  required  with value[com.topcoder.db.connectionfactory.DBConnectionFactoryImpl] from namespace [com.topcoder.management.project.persistence.link.ProjectLinkManager].
Read propery[ConnectionName] which is  optional  with value[informix_connection] from namespace [com.topcoder.management.project.persistence.link.ProjectLinkManager].
Read propery[ConnectionFactoryNS] which is  required  with value[com.topcoder.db.connectionfactory.DBConnectionFactoryImpl] from namespace [com.topcoder.management.project.persistence.link.ProjectLinkManager].
Read propery[ConnectionName] which is  optional  with value[informix_connection] from namespace [com.topcoder.management.project.persistence.link.ProjectLinkManager].
Read propery[ConnectionFactoryNS] which is  required  with value[com.topcoder.db.connectionfactory.DBConnectionFactoryImpl] from namespace [com.topcoder.management.project.persistence.link.ProjectLinkManager].
Read propery[ConnectionName] which is  optional  with value[informix_connection] from namespace [com.topcoder.management.project.persistence.link.ProjectLinkManager].
Read propery[ConnectionFactoryNS] which is  required  with value[com.topcoder.db.connectionfactory.DBConnectionFactoryImpl] from namespace [com.topcoder.management.project.persistence.link.ProjectLinkManager].
Read propery[ConnectionName] which is  optional  with value[informix_connection] from namespace [com.topcoder.management.project.persistence.link.ProjectLinkManager].
Read propery[ConnectionFactoryNS] which is  required  with value[com.topcoder.db.connectionfactory.DBConnectionFactoryImpl] from namespace [com.topcoder.management.project.persistence.link.ProjectLinkManager].
Read propery[ConnectionName] which is  optional  with value[informix_connection] from namespace [com.topcoder.management.project.persistence.link.ProjectLinkManager].
Read propery[ConnectionFactoryNS] which is  required  with value[com.topcoder.db.connectionfactory.DBConnectionFactoryImpl] from namespace [com.topcoder.management.project.persistence.link.ProjectLinkManager].
Read propery[ConnectionName] which is  optional  with value[informix_connection] from namespace [com.topcoder.management.project.persistence.link.ProjectLinkManager].
Read propery[ConnectionFactoryNS] which is  required  with value[com.topcoder.db.connectionfactory.DBConnectionFactoryImpl] from namespace [com.topcoder.management.project.persistence.link.ProjectLinkManager].
Read propery[ConnectionName] which is  optional  with value[informix_connection] from namespace [com.topcoder.management.project.persistence.link.ProjectLinkManager].
Read propery[ConnectionFactoryNS] which is  required  with value[com.topcoder.db.connectionfactory.DBConnectionFactoryImpl] from namespace [com.topcoder.management.project.persistence.link.ProjectLinkManager].
Read propery[ConnectionName] which is  optional  with value[informix_connection] from namespace [com.topcoder.management.project.persistence.link.ProjectLinkManager].
Read propery[ConnectionFactoryNS] which is  required  with value[com.topcoder.db.connectionfactory.DBConnectionFactoryImpl] from namespace [com.topcoder.management.project.persistence.link.ProjectLinkManager].
Read propery[ConnectionName] which is  optional  with value[informix_connection] from namespace [com.topcoder.management.project.persistence.link.ProjectLinkManager].
Read propery[ConnectionFactoryNS] which is  required  with value[com.topcoder.db.connectionfactory.DBConnectionFactoryImpl] from namespace [com.topcoder.management.project.persistence.link.ProjectLinkManager].
Read propery[ConnectionName] which is  optional  with value[informix_connection] from namespace [com.topcoder.management.project.persistence.link.ProjectLinkManager].
Read propery[ConnectionFactoryNS] which is  required  with value[com.topcoder.db.connectionfactory.DBConnectionFactoryImpl] from namespace [com.topcoder.management.project.persistence.link.ProjectLinkManager].
Read propery[ConnectionName] which is  optional  with value[informix_connection] from namespace [com.topcoder.management.project.persistence.link.ProjectLinkManager].
Read propery[ConnectionFactoryNS] which is  required  with value[com.topcoder.db.connectionfactory.DBConnectionFactoryImpl] from namespace [com.topcoder.management.project.persistence.link.ProjectLinkManager].
Read propery[ConnectionName] which is  optional  with value[informix_connection] from namespace [com.topcoder.management.project.persistence.link.ProjectLinkManager].
Read propery[ConnectionFactoryNS] which is  required  with value[com.topcoder.db.connectionfactory.DBConnectionFactoryImpl] from namespace [com.topcoder.management.project.persistence.link.ProjectLinkManager].
Read propery[ConnectionName] which is  optional  with value[informix_connection] from namespace [com.topcoder.management.project.persistence.link.ProjectLinkManager].
Read propery[ConnectionFactoryNS] which is  required  with value[com.topcoder.db.connectionfactory.DBConnectionFactoryImpl] from namespace [com.topcoder.management.project.persistence.link.ProjectLinkManager].
Read propery[ConnectionName] which is  optional  with value[informix_connection] from namespace [com.topcoder.management.project.persistence.link.ProjectLinkManager].
Read propery[ConnectionFactoryNS] which is  required  with value[com.topcoder.db.connectionfactory.DBConnectionFactoryImpl] from namespace [com.topcoder.management.project.persistence.link.ProjectLinkManager].
Read propery[ConnectionName] which is  optional  with value[informix_connection] from namespace [com.topcoder.management.project.persistence.link.ProjectLinkManager].
Read propery[ConnectionFactoryNS] which is  required  with value[com.topcoder.db.connectionfactory.DBConnectionFactoryImpl] from namespace [com.topcoder.management.project.persistence.link.ProjectLinkManager].
Read propery[ConnectionName] which is  optional  with value[informix_connection] from namespace [com.topcoder.management.project.persistence.link.ProjectLinkManager].
Read propery[ConnectionFactoryNS] which is  required  with value[com.topcoder.db.connectionfactory.DBConnectionFactoryImpl] from namespace [com.topcoder.management.project.persistence.link.ProjectLinkManager].
Read propery[ConnectionName] which is  optional  with value[informix_connection] from namespace [com.topcoder.management.project.persistence.link.ProjectLinkManager].
Read propery[ConnectionFactoryNS] which is  required  with value[com.topcoder.db.connectionfactory.DBConnectionFactoryImpl] from namespace [com.topcoder.management.project.persistence.link.ProjectLinkManager].
Read propery[ConnectionName] which is  optional  with value[informix_connection] from namespace [com.topcoder.management.project.persistence.link.ProjectLinkManager].
Read propery[ConnectionFactoryNS] which is  required  with value[com.topcoder.db.connectionfactory.DBConnectionFactoryImpl] from namespace [com.topcoder.management.project.persistence.link.ProjectLinkManager].
Read propery[ConnectionName] which is  optional  with value[informix_connection] from namespace [com.topcoder.management.project.persistence.link.ProjectLinkManager].
Read propery[ConnectionFactoryNS] which is  required  with value[com.topcoder.db.connectionfactory.DBConnectionFactoryImpl] from namespace [com.topcoder.management.project.persistence.link.ProjectLinkManager].
Read propery[ConnectionName] which is  optional  with value[informix_connection] from namespace [com.topcoder.management.project.persistence.link.ProjectLinkManager].
Read propery[ConnectionFactoryNS] which is  required  with value[com.topcoder.db.connectionfactory.DBConnectionFactoryImpl] from namespace [com.topcoder.management.project.persistence.link.ProjectLinkManager].
Read propery[ConnectionName] which is  optional  with value[informix_connection] from namespace [com.topcoder.management.project.persistence.link.ProjectLinkManager].
Read propery[ConnectionFactoryNS] which is  required  with value[com.topcoder.db.connectionfactory.DBConnectionFactoryImpl] from namespace [com.topcoder.management.project.persistence.link.ProjectLinkManager].
Read propery[ConnectionName] which is  optional  with value[informix_connection] from namespace [com.topcoder.management.project.persistence.link.ProjectLinkManager].
Read propery[ConnectionFactoryNS] which is  required  with value[com.topcoder.db.connectionfactory.DBConnectionFactoryImpl] from namespace [com.topcoder.management.project.persistence.link.ProjectLinkManager].
Read propery[ConnectionName] which is  optional  with value[informix_connection] from namespace [com.topcoder.management.project.persistence.link.ProjectLinkManager].
Read propery[ConnectionFactoryNS] which is  required  with value[com.topcoder.db.connectionfactory.DBConnectionFactoryImpl] from namespace [com.topcoder.management.project.persistence.link.ProjectLinkManager].
Read propery[ConnectionName] which is  optional  with value[informix_connection] from namespace [com.topcoder.management.project.persistence.link.ProjectLinkManager].
Read propery[ConnectionFactoryNS] which is  required  with value[com.topcoder.db.connectionfactory.DBConnectionFactoryImpl] from namespace [com.topcoder.management.project.persistence.link.ProjectLinkManager].
Read propery[ConnectionName] which is  optional  with value[informix_connection] from namespace [com.topcoder.management.project.persistence.link.ProjectLinkManager].
Read propery[ConnectionFactoryNS] which is  required  with value[com.topcoder.db.connectionfactory.DBConnectionFactoryImpl] from namespace [com.topcoder.management.project.persistence.link.ProjectLinkManager].
Read propery[ConnectionName] which is  optional  with value[informix_connection] from namespace [com.topcoder.management.project.persistence.link.ProjectLinkManager].
Read propery[ConnectionFactoryNS] which is  required  with value[com.topcoder.db.connectionfactory.DBConnectionFactoryImpl] from namespace [com.topcoder.management.project.persistence.link.ProjectLinkManager].
Read propery[ConnectionName] which is  optional  with value[informix_connection] from namespace [com.topcoder.management.project.persistence.link.ProjectLinkManager].
Read propery[ConnectionFactoryNS] which is  required  with value[com.topcoder.db.connectionfactory.DBConnectionFactoryImpl] from namespace [com.topcoder.management.project.persistence.link.ProjectLinkManager].
Read propery[ConnectionName] which is  optional  with value[informix_connection] from namespace [com.topcoder.management.project.persistence.link.ProjectLinkManager].
Read propery[ConnectionFactoryNS] which is  required  with value[com.topcoder.db.connectionfactory.DBConnectionFactoryImpl] from namespace [com.topcoder.management.project.persistence.link.ProjectLinkManager].
Read propery[ConnectionName] which is  optional  with value[informix_connection] from namespace [com.topcoder.management.project.persistence.link.ProjectLinkManager].
Read propery[ConnectionFactoryNS] which is  required  with value[com.topcoder.db.connectionfactory.DBConnectionFactoryImpl] from namespace [com.topcoder.management.project.persistence.link.ProjectLinkManager].
Read propery[ConnectionName] which is  optional  with value[informix_connection] from namespace [com.topcoder.management.project.persistence.link.ProjectLinkManager].
Read propery[ConnectionFactoryNS] which is  required  with value[com.topcoder.db.connectionfactory.DBConnectionFactoryImpl] from namespace [com.topcoder.management.project.persistence.link.ProjectLinkManager].
Read propery[ConnectionName] which is  optional  with value[informix_connection] from namespace [com.topcoder.management.project.persistence.link.ProjectLinkManager].
Read propery[ConnectionFactoryNS] which is  required  with value[com.topcoder.db.connectionfactory.DBConnectionFactoryImpl] from namespace [com.topcoder.management.project.persistence.link.ProjectLinkManager].
Read propery[ConnectionName] which is  optional  with value[informix_connection] from namespace [com.topcoder.management.project.persistence.link.ProjectLinkManager].
Read propery[ConnectionFactoryNS] which is  required  with value[com.topcoder.db.connectionfactory.DBConnectionFactoryImpl] from namespace [com.topcoder.management.project.persistence.link.ProjectLinkManager].
Read propery[ConnectionName] which is  optional  with value[informix_connection] from namespace [com.topcoder.management.project.persistence.link.ProjectLinkManager].
Read propery[ConnectionFactoryNS] which is  required  with value[com.topcoder.db.connectionfactory.DBConnectionFactoryImpl] from namespace [com.topcoder.management.project.persistence.link.ProjectLinkManager].
Read propery[ConnectionName] which is  optional  with value[informix_connection] from namespace [com.topcoder.management.project.persistence.link.ProjectLinkManager].
Read propery[ConnectionFactoryNS] which is  required  with value[com.topcoder.db.connectionfactory.DBConnectionFactoryImpl] from namespace [com.topcoder.management.project.persistence.link.ProjectLinkManager].
Read propery[ConnectionName] which is  optional  with value[informix_connection] from namespace [com.topcoder.management.project.persistence.link.ProjectLinkManager].
Read propery[ConnectionFactoryNS] which is  required  with value[com.topcoder.db.connectionfactory.DBConnectionFactoryImpl] from namespace [com.topcoder.management.project.persistence.link.ProjectLinkManager].
Read propery[ConnectionName] which is  optional  with value[informix_connection] from namespace [com.topcoder.management.project.persistence.link.ProjectLinkManager].
Read propery[ConnectionFactoryNS] which is  required  with value[com.topcoder.db.connectionfactory.DBConnectionFactoryImpl] from namespace [com.topcoder.management.project.persistence.link.ProjectLinkManager].
Read propery[ConnectionName] which is  optional  with value[informix_connection] from namespace [com.topcoder.management.project.persistence.link.ProjectLinkManager].
Read propery[ConnectionFactoryNS] which is  required  with value[com.topcoder.db.connectionfactory.DBConnectionFactoryImpl] from namespace [com.topcoder.management.project.persistence.link.ProjectLinkManager].
Read propery[ConnectionName] which is  optional  with value[informix_connection] from namespace [com.topcoder.management.project.persistence.link.ProjectLinkManager].
Read propery[ConnectionFactoryNS] which is  required  with value[com.topcoder.db.connectionfactory.DBConnectionFactoryImpl] from namespace [com.topcoder.management.project.persistence.link.ProjectLinkManager].
Read propery[ConnectionName] which is  optional  with value[informix_connection] from namespace [com.topcoder.management.project.persistence.link.ProjectLinkManager].
Read propery[ConnectionFactoryNS] which is  required  with value[com.topcoder.db.connectionfactory.DBConnectionFactoryImpl] from namespace [com.topcoder.management.project.persistence.link.ProjectLinkManager].
Read propery[ConnectionName] which is  optional  with value[informix_connection] from namespace [com.topcoder.management.project.persistence.link.ProjectLinkManager].
Read propery[ConnectionFactoryNS] which is  required  with value[com.topcoder.db.connectionfactory.DBConnectionFactoryImpl] from namespace [com.topcoder.management.project.persistence.link.ProjectLinkManager].
Read propery[ConnectionName] which is  optional  with value[informix_connection] from namespace [com.topcoder.management.project.persistence.link.ProjectLinkManager].
Read propery[ConnectionFactoryNS] which is  required  with value[com.topcoder.db.connectionfactory.DBConnectionFactoryImpl] from namespace [com.topcoder.management.project.persistence.link.ProjectLinkManager].
Read propery[ConnectionName] which is  optional  with value[informix_connection] from namespace [com.topcoder.management.project.persistence.link.ProjectLinkManager].
Read propery[ConnectionFactoryNS] which is  required  with value[com.topcoder.db.connectionfactory.DBConnectionFactoryImpl] from namespace [com.topcoder.management.project.persistence.link.ProjectLinkManager].
Read propery[ConnectionName] which is  optional  with value[informix_connection] from namespace [com.topcoder.management.project.persistence.link.ProjectLinkManager].
Read propery[ConnectionFactoryNS] which is  required  with value[com.topcoder.db.connectionfactory.DBConnectionFactoryImpl] from namespace [com.topcoder.management.project.persistence.link.ProjectLinkManager].
Read propery[ConnectionName] which is  optional  with value[informix_connection] from namespace [com.topcoder.management.project.persistence.link.ProjectLinkManager].
Read propery[ConnectionFactoryNS] which is  required  with value[com.topcoder.db.connectionfactory.DBConnectionFactoryImpl] from namespace [com.topcoder.management.project.persistence.link.ProjectLinkManager].
Read propery[ConnectionName] which is  optional  with value[informix_connection] from namespace [com.topcoder.management.project.persistence.link.ProjectLinkManager].
Read propery[ConnectionFactoryNS] which is  required  with value[com.topcoder.db.connectionfactory.DBConnectionFactoryImpl] from namespace [com.topcoder.management.project.persistence.link.ProjectLinkManager].
Read propery[ConnectionName] which is  optional  with value[informix_connection] from namespace [com.topcoder.management.project.persistence.link.ProjectLinkManager].
Read propery[ConnectionFactoryNS] which is  required  with value[com.topcoder.db.connectionfactory.DBConnectionFactoryImpl] from namespace [com.topcoder.management.project.persistence.link.ProjectLinkManager].
Read propery[ConnectionName] which is  optional  with value[informix_connection] from namespace [com.topcoder.management.project.persistence.link.ProjectLinkManager].
Read propery[ConnectionFactoryNS] which is  required  with value[com.topcoder.db.connectionfactory.DBConnectionFactoryImpl] from namespace [com.topcoder.management.project.persistence.link.ProjectLinkManager].
Read propery[ConnectionName] which is  optional  with value[informix_connection] from namespace [com.topcoder.management.project.persistence.link.ProjectLinkManager].
Read propery[ConnectionFactoryNS] which is  required  with value[com.topcoder.db.connectionfactory.DBConnectionFactoryImpl] from namespace [com.topcoder.management.project.persistence.link.ProjectLinkManager].
Read propery[ConnectionName] which is  optional  with value[informix_connection] from namespace [com.topcoder.management.project.persistence.link.ProjectLinkManager].
Read propery[ConnectionFactoryNS] which is  required  with value[com.topcoder.db.connectionfactory.DBConnectionFactoryImpl] from namespace [com.topcoder.management.project.persistence.link.ProjectLinkManager].
Read propery[ConnectionName] which is  optional  with value[informix_connection] from namespace [com.topcoder.management.project.persistence.link.ProjectLinkManager].
Read propery[ConnectionFactoryNS] which is  required  with value[com.topcoder.db.connectionfactory.DBConnectionFactoryImpl] from namespace [com.topcoder.management.project.persistence.link.ProjectLinkManager].
Read propery[ConnectionName] which is  optional  with value[informix_connection] from namespace [com.topcoder.management.project.persistence.link.ProjectLinkManager].
Read propery[ConnectionFactoryNS] which is  required  with value[com.topcoder.db.connectionfactory.DBConnectionFactoryImpl] from namespace [com.topcoder.management.project.persistence.link.ProjectLinkManager].
Read propery[ConnectionName] which is  optional  with value[informix_connection] from namespace [com.topcoder.management.project.persistence.link.ProjectLinkManager].
Read propery[ConnectionFactoryNS] which is  required  with value[com.topcoder.db.connectionfactory.DBConnectionFactoryImpl] from namespace [com.topcoder.management.project.persistence.link.ProjectLinkManager].
Read propery[ConnectionName] which is  optional  with value[informix_connection] from namespace [com.topcoder.management.project.persistence.link.ProjectLinkManager].
Read propery[ConnectionFactoryNS] which is  required  with value[com.topcoder.db.connectionfactory.DBConnectionFactoryImpl] from namespace [com.topcoder.management.project.persistence.link.ProjectLinkManager].
Read propery[ConnectionName] which is  optional  with value[informix_connection] from namespace [com.topcoder.management.project.persistence.link.ProjectLinkManager].
Read propery[ConnectionFactoryNS] which is  required  with value[com.topcoder.db.connectionfactory.DBConnectionFactoryImpl] from namespace [com.topcoder.management.project.persistence.link.ProjectLinkManager].
Read propery[ConnectionName] which is  optional  with value[informix_connection] from namespace [com.topcoder.management.project.persistence.link.ProjectLinkManager].
Read propery[ConnectionFactoryNS] which is  required  with value[com.topcoder.db.connectionfactory.DBConnectionFactoryImpl] from namespace [com.topcoder.management.project.persistence.link.ProjectLinkManager].
Read propery[ConnectionName] which is  optional  with value[informix_connection] from namespace [com.topcoder.management.project.persistence.link.ProjectLinkManager].
Read propery[ConnectionFactoryNS] which is  required  with value[com.topcoder.db.connectionfactory.DBConnectionFactoryImpl] from namespace [com.topcoder.management.project.persistence.link.ProjectLinkManager].
Read propery[ConnectionName] which is  optional  with value[informix_connection] from namespace [com.topcoder.management.project.persistence.link.ProjectLinkManager].
Read propery[ConnectionFactoryNS] which is  required  with value[com.topcoder.db.connectionfactory.DBConnectionFactoryImpl] from namespace [com.topcoder.management.project.persistence.link.ProjectLinkManager].
Read propery[ConnectionName] which is  optional  with value[informix_connection] from namespace [com.topcoder.management.project.persistence.link.ProjectLinkManager].
Read propery[ConnectionFactoryNS] which is  required  with value[com.topcoder.db.connectionfactory.DBConnectionFactoryImpl] from namespace [com.topcoder.management.project.persistence.link.ProjectLinkManager].
Read propery[ConnectionName] which is  optional  with value[informix_connection] from namespace [com.topcoder.management.project.persistence.link.ProjectLinkManager].
Read propery[ConnectionFactoryNS] which is  required  with value[com.topcoder.db.connectionfactory.DBConnectionFactoryImpl] from namespace [com.topcoder.management.project.persistence.link.ProjectLinkManager].
Read propery[ConnectionName] which is  optional  with value[informix_connection] from namespace [com.topcoder.management.project.persistence.link.ProjectLinkManager].
Read propery[ConnectionFactoryNS] which is  required  with value[com.topcoder.db.connectionfactory.DBConnectionFactoryImpl] from namespace [com.topcoder.management.project.persistence.link.ProjectLinkManager].
Read propery[ConnectionName] which is  optional  with value[informix_connection] from namespace [com.topcoder.management.project.persistence.link.ProjectLinkManager].
Read propery[ConnectionFactoryNS] which is  required  with value[com.topcoder.db.connectionfactory.DBConnectionFactoryImpl] from namespace [com.topcoder.management.project.persistence.link.ProjectLinkManager].
Read propery[ConnectionName] which is  optional  with value[informix_connection] from namespace [com.topcoder.management.project.persistence.link.ProjectLinkManager].
Read propery[ConnectionFactoryNS] which is  required  with value[com.topcoder.db.connectionfactory.DBConnectionFactoryImpl] from namespace [com.topcoder.management.project.persistence.link.ProjectLinkManager].
Read propery[ConnectionName] which is  optional  with value[informix_connection] from namespace [com.topcoder.management.project.persistence.link.ProjectLinkManager].
Read propery[ConnectionFactoryNS] which is  required  with value[com.topcoder.db.connectionfactory.DBConnectionFactoryImpl] from namespace [com.topcoder.management.project.persistence.link.ProjectLinkManager].
Read propery[ConnectionName] which is  optional  with value[informix_connection] from namespace [com.topcoder.management.project.persistence.link.ProjectLinkManager].
Read propery[ConnectionFactoryNS] which is  required  with value[com.topcoder.db.connectionfactory.DBConnectionFactoryImpl] from namespace [com.topcoder.management.project.persistence.link.ProjectLinkManager].
Read propery[ConnectionName] which is  optional  with value[informix_connection] from namespace [com.topcoder.management.project.persistence.link.ProjectLinkManager].
Read propery[ConnectionFactoryNS] which is  required  with value[com.topcoder.db.connectionfactory.DBConnectionFactoryImpl] from namespace [com.topcoder.management.project.persistence.link.ProjectLinkManager].
Read propery[ConnectionName] which is  optional  with value[informix_connection] from namespace [com.topcoder.management.project.persistence.link.ProjectLinkManager].
Read propery[ConnectionFactoryNS] which is  required  with value[com.topcoder.db.connectionfactory.DBConnectionFactoryImpl] from namespace [com.topcoder.management.project.persistence.link.ProjectLinkManager].
Read propery[ConnectionName] which is  optional  with value[informix_connection] from namespace [com.topcoder.management.project.persistence.link.ProjectLinkManager].
Read propery[ConnectionFactoryNS] which is  required  with value[com.topcoder.db.connectionfactory.DBConnectionFactoryImpl] from namespace [com.topcoder.management.project.persistence.link.ProjectLinkManager].
Read propery[ConnectionName] which is  optional  with value[informix_connection] from namespace [com.topcoder.management.project.persistence.link.ProjectLinkManager].
Read propery[ConnectionFactoryNS] which is  required  with value[com.topcoder.db.connectionfactory.DBConnectionFactoryImpl] from namespace [com.topcoder.management.project.persistence.link.ProjectLinkManager].
Read propery[ConnectionName] which is  optional  with value[informix_connection] from namespace [com.topcoder.management.project.persistence.link.ProjectLinkManager].
Read propery[ConnectionFactoryNS] which is  required  with value[com.topcoder.db.connectionfactory.DBConnectionFactoryImpl] from namespace [com.topcoder.management.project.persistence.link.ProjectLinkManager].
Read propery[ConnectionName] which is  optional  with value[informix_connection] from namespace [com.topcoder.management.project.persistence.link.ProjectLinkManager].
Read propery[ConnectionFactoryNS] which is  required  with value[com.topcoder.db.connectionfactory.DBConnectionFactoryImpl] from namespace [com.topcoder.management.project.persistence.link.ProjectLinkManager].
Read propery[ConnectionName] which is  optional  with value[informix_connection] from namespace [com.topcoder.management.project.persistence.link.ProjectLinkManager].
Read propery[ConnectionFactoryNS] which is  required  with value[com.topcoder.db.connectionfactory.DBConnectionFactoryImpl] from namespace [com.topcoder.management.project.persistence.link.ProjectLinkManager].
Read propery[ConnectionName] which is  optional  with value[informix_connection] from namespace [com.topcoder.management.project.persistence.link.ProjectLinkManager].
Read propery[ConnectionFactoryNS] which is  required  with value[com.topcoder.db.connectionfactory.DBConnectionFactoryImpl] from namespace [com.topcoder.management.project.persistence.link.ProjectLinkManager].
Read propery[ConnectionName] which is  optional  with value[informix_connection] from namespace [com.topcoder.management.project.persistence.link.ProjectLinkManager].
Read propery[ConnectionFactoryNS] which is  required  with value[com.topcoder.db.connectionfactory.DBConnectionFactoryImpl] from namespace [com.topcoder.management.project.persistence.link.ProjectLinkManager].
Read propery[ConnectionName] which is  optional  with value[informix_connection] from namespace [com.topcoder.management.project.persistence.link.ProjectLinkManager].
Read propery[ConnectionFactoryNS] which is  required  with value[com.topcoder.db.connectionfactory.DBConnectionFactoryImpl] from namespace [com.topcoder.management.project.persistence.link.ProjectLinkManager].
Read propery[ConnectionName] which is  optional  with value[informix_connection] from namespace [com.topcoder.management.project.persistence.link.ProjectLinkManager].
Read propery[ConnectionFactoryNS] which is  required  with value[com.topcoder.db.connectionfactory.DBConnectionFactoryImpl] from namespace [com.topcoder.management.project.persistence.link.ProjectLinkManager].
Read propery[ConnectionName] which is  optional  with value[informix_connection] from namespace [com.topcoder.management.project.persistence.link.ProjectLinkManager].
Read propery[ConnectionFactoryNS] which is  required  with value[com.topcoder.db.connectionfactory.DBConnectionFactoryImpl] from namespace [com.topcoder.management.project.persistence.link.ProjectLinkManager].
Read propery[ConnectionName] which is  optional  with value[informix_connection] from namespace [com.topcoder.management.project.persistence.link.ProjectLinkManager].
Read propery[ConnectionFactoryNS] which is  required  with value[com.topcoder.db.connectionfactory.DBConnectionFactoryImpl] from namespace [com.topcoder.management.project.persistence.link.ProjectLinkManager].
Read propery[ConnectionName] which is  optional  with value[informix_connection] from namespace [com.topcoder.management.project.persistence.link.ProjectLinkManager].
Read propery[ConnectionFactoryNS] which is  required  with value[com.topcoder.db.connectionfactory.DBConnectionFactoryImpl] from namespace [com.topcoder.management.project.persistence.link.ProjectLinkManager].
Read propery[ConnectionName] which is  optional  with value[informix_connection] from namespace [com.topcoder.management.project.persistence.link.ProjectLinkManager].
Read propery[ConnectionFactoryNS] which is  required  with value[com.topcoder.db.connectionfactory.DBConnectionFactoryImpl] from namespace [com.topcoder.management.project.persistence.link.ProjectLinkManager].
Read propery[ConnectionName] which is  optional  with value[informix_connection] from namespace [com.topcoder.management.project.persistence.link.ProjectLinkManager].
Read propery[ConnectionFactoryNS] which is  required  with value[com.topcoder.db.connectionfactory.DBConnectionFactoryImpl] from namespace [com.topcoder.management.project.persistence.link.ProjectLinkManager].
Read propery[ConnectionName] which is  optional  with value[informix_connection] from namespace [com.topcoder.management.project.persistence.link.ProjectLinkManager].
Read propery[ConnectionFactoryNS] which is  required  with value[com.topcoder.db.connectionfactory.DBConnectionFactoryImpl] from namespace [com.topcoder.management.project.persistence.link.ProjectLinkManager].
Read propery[ConnectionName] which is  optional  with value[informix_connection] from namespace [com.topcoder.management.project.persistence.link.ProjectLinkManager].
Read propery[ConnectionFactoryNS] which is  required  with value[com.topcoder.db.connectionfactory.DBConnectionFactoryImpl] from namespace [com.topcoder.management.project.persistence.link.ProjectLinkManager].
Read propery[ConnectionName] which is  optional  with value[informix_connection] from namespace [com.topcoder.management.project.persistence.link.ProjectLinkManager].
Read propery[ConnectionFactoryNS] which is  required  with value[com.topcoder.db.connectionfactory.DBConnectionFactoryImpl] from namespace [com.topcoder.management.project.persistence.link.ProjectLinkManager].
Read propery[ConnectionName] which is  optional  with value[informix_connection] from namespace [com.topcoder.management.project.persistence.link.ProjectLinkManager].
Read propery[ConnectionFactoryNS] which is  required  with value[com.topcoder.db.connectionfactory.DBConnectionFactoryImpl] from namespace [com.topcoder.management.project.persistence.link.ProjectLinkManager].
Read propery[ConnectionName] which is  optional  with value[informix_connection] from namespace [com.topcoder.management.project.persistence.link.ProjectLinkManager].
Read propery[ConnectionFactoryNS] which is  required  with value[com.topcoder.db.connectionfactory.DBConnectionFactoryImpl] from namespace [com.topcoder.management.project.persistence.link.ProjectLinkManager].
Read propery[ConnectionName] which is  optional  with value[informix_connection] from namespace [com.topcoder.management.project.persistence.link.ProjectLinkManager].
Read propery[ConnectionFactoryNS] which is  required  with value[com.topcoder.db.connectionfactory.DBConnectionFactoryImpl] from namespace [com.topcoder.management.project.persistence.link.ProjectLinkManager].
Read propery[ConnectionName] which is  optional  with value[informix_connection] from namespace [com.topcoder.management.project.persistence.link.ProjectLinkManager].
Read propery[ConnectionFactoryNS] which is  required  with value[com.topcoder.db.connectionfactory.DBConnectionFactoryImpl] from namespace [com.topcoder.management.project.persistence.link.ProjectLinkManager].
Read propery[ConnectionName] which is  optional  with value[informix_connection] from namespace [com.topcoder.management.project.persistence.link.ProjectLinkManager].
Read propery[ConnectionFactoryNS] which is  required  with value[com.topcoder.db.connectionfactory.DBConnectionFactoryImpl] from namespace [com.topcoder.management.project.persistence.link.ProjectLinkManager].
Read propery[ConnectionName] which is  optional  with value[informix_connection] from namespace [com.topcoder.management.project.persistence.link.ProjectLinkManager].
Read propery[ConnectionFactoryNS] which is  required  with value[com.topcoder.db.connectionfactory.DBConnectionFactoryImpl] from namespace [com.topcoder.management.project.persistence.link.ProjectLinkManager].
Read propery[ConnectionName] which is  optional  with value[informix_connection] from namespace [com.topcoder.management.project.persistence.link.ProjectLinkManager].
Read propery[ConnectionFactoryNS] which is  required  with value[com.topcoder.db.connectionfactory.DBConnectionFactoryImpl] from namespace [com.topcoder.management.project.persistence.link.ProjectLinkManager].
Read propery[ConnectionName] which is  optional  with value[informix_connection] from namespace [com.topcoder.management.project.persistence.link.ProjectLinkManager].
Read propery[ConnectionFactoryNS] which is  required  with value[com.topcoder.db.connectionfactory.DBConnectionFactoryImpl] from namespace [com.topcoder.management.project.persistence.link.ProjectLinkManager].
Read propery[ConnectionName] which is  optional  with value[informix_connection] from namespace [com.topcoder.management.project.persistence.link.ProjectLinkManager].
Read propery[ConnectionFactoryNS] which is  required  with value[com.topcoder.db.connectionfactory.DBConnectionFactoryImpl] from namespace [com.topcoder.management.project.persistence.link.ProjectLinkManager].
Read propery[ConnectionName] which is  optional  with value[informix_connection] from namespace [com.topcoder.management.project.persistence.link.ProjectLinkManager].
Read propery[ConnectionFactoryNS] which is  required  with value[com.topcoder.db.connectionfactory.DBConnectionFactoryImpl] from namespace [com.topcoder.management.project.persistence.link.ProjectLinkManager].
Read propery[ConnectionName] which is  optional  with value[informix_connection] from namespace [com.topcoder.management.project.persistence.link.ProjectLinkManager].
Read propery[ConnectionFactoryNS] which is  required  with value[com.topcoder.db.connectionfactory.DBConnectionFactoryImpl] from namespace [com.topcoder.management.project.persistence.link.ProjectLinkManager].
Read propery[ConnectionName] which is  optional  with value[informix_connection] from namespace [com.topcoder.management.project.persistence.link.ProjectLinkManager].
Read propery[ConnectionFactoryNS] which is  required  with value[com.topcoder.db.connectionfactory.DBConnectionFactoryImpl] from namespace [com.topcoder.management.project.persistence.link.ProjectLinkManager].
Read propery[ConnectionName] which is  optional  with value[informix_connection] from namespace [com.topcoder.management.project.persistence.link.ProjectLinkManager].
Read propery[ConnectionFactoryNS] which is  required  with value[com.topcoder.db.connectionfactory.DBConnectionFactoryImpl] from namespace [com.topcoder.management.project.persistence.link.ProjectLinkManager].
Read propery[ConnectionName] which is  optional  with value[informix_connection] from namespace [com.topcoder.management.project.persistence.link.ProjectLinkManager].
Read propery[ConnectionFactoryNS] which is  required  with value[com.topcoder.db.connectionfactory.DBConnectionFactoryImpl] from namespace [com.topcoder.management.project.persistence.link.ProjectLinkManager].
Read propery[ConnectionName] which is  optional  with value[informix_connection] from namespace [com.topcoder.management.project.persistence.link.ProjectLinkManager].
Read propery[ConnectionFactoryNS] which is  required  with value[com.topcoder.db.connectionfactory.DBConnectionFactoryImpl] from namespace [com.topcoder.management.project.persistence.link.ProjectLinkManager].
Read propery[ConnectionName] which is  optional  with value[informix_connection] from namespace [com.topcoder.management.project.persistence.link.ProjectLinkManager].
Read propery[ConnectionFactoryNS] which is  required  with value[com.topcoder.db.connectionfactory.DBConnectionFactoryImpl] from namespace [com.topcoder.management.project.persistence.link.ProjectLinkManager].
Read propery[ConnectionName] which is  optional  with value[informix_connection] from namespace [com.topcoder.management.project.persistence.link.ProjectLinkManager].
Read propery[ConnectionFactoryNS] which is  required  with value[com.topcoder.db.connectionfactory.DBConnectionFactoryImpl] from namespace [com.topcoder.management.project.persistence.link.ProjectLinkManager].
Read propery[ConnectionName] which is  optional  with value[informix_connection] from namespace [com.topcoder.management.project.persistence.link.ProjectLinkManager].
Read propery[ConnectionFactoryNS] which is  required  with value[com.topcoder.db.connectionfactory.DBConnectionFactoryImpl] from namespace [com.topcoder.management.project.persistence.link.ProjectLinkManager].
Read propery[ConnectionName] which is  optional  with value[informix_connection] from namespace [com.topcoder.management.project.persistence.link.ProjectLinkManager].
Read propery[ConnectionFactoryNS] which is  required  with value[com.topcoder.db.connectionfactory.DBConnectionFactoryImpl] from namespace [com.topcoder.management.project.persistence.link.ProjectLinkManager].
Read propery[ConnectionName] which is  optional  with value[informix_connection] from namespace [com.topcoder.management.project.persistence.link.ProjectLinkManager].
Read propery[ConnectionFactoryNS] which is  required  with value[com.topcoder.db.connectionfactory.DBConnectionFactoryImpl] from namespace [com.topcoder.management.project.persistence.link.ProjectLinkManager].
Read propery[ConnectionName] which is  optional  with value[informix_connection] from namespace [com.topcoder.management.project.persistence.link.ProjectLinkManager].
Read propery[ConnectionFactoryNS] which is  required  with value[com.topcoder.db.connectionfactory.DBConnectionFactoryImpl] from namespace [com.topcoder.management.project.persistence.link.ProjectLinkManager].
Read propery[ConnectionName] which is  optional  with value[informix_connection] from namespace [com.topcoder.management.project.persistence.link.ProjectLinkManager].
Read propery[ConnectionFactoryNS] which is  required  with value[com.topcoder.db.connectionfactory.DBConnectionFactoryImpl] from namespace [com.topcoder.management.project.persistence.link.ProjectLinkManager].
Read propery[ConnectionName] which is  optional  with value[informix_connection] from namespace [com.topcoder.management.project.persistence.link.ProjectLinkManager].
Read propery[ConnectionFactoryNS] which is  required  with value[com.topcoder.db.connectionfactory.DBConnectionFactoryImpl] from namespace [com.topcoder.management.project.persistence.link.ProjectLinkManager].
Read propery[ConnectionName] which is  optional  with value[informix_connection] from namespace [com.topcoder.management.project.persistence.link.ProjectLinkManager].
Read propery[ConnectionFactoryNS] which is  required  with value[com.topcoder.db.connectionfactory.DBConnectionFactoryImpl] from namespace [com.topcoder.management.project.persistence.link.ProjectLinkManager].
Read propery[ConnectionName] which is  optional  with value[informix_connection] from namespace [com.topcoder.management.project.persistence.link.ProjectLinkManager].
Read propery[ConnectionFactoryNS] which is  required  with value[com.topcoder.db.connectionfactory.DBConnectionFactoryImpl] from namespace [com.topcoder.management.project.persistence.link.ProjectLinkManager].
Read propery[ConnectionName] which is  optional  with value[informix_connection] from namespace [com.topcoder.management.project.persistence.link.ProjectLinkManager].
Read propery[ConnectionFactoryNS] which is  required  with value[com.topcoder.db.connectionfactory.DBConnectionFactoryImpl] from namespace [com.topcoder.management.project.persistence.link.ProjectLinkManager].
Read propery[ConnectionName] which is  optional  with value[informix_connection] from namespace [com.topcoder.management.project.persistence.link.ProjectLinkManager].
Read propery[ConnectionFactoryNS] which is  required  with value[com.topcoder.db.connectionfactory.DBConnectionFactoryImpl] from namespace [com.topcoder.management.project.persistence.link.ProjectLinkManager].
Read propery[ConnectionName] which is  optional  with value[informix_connection] from namespace [com.topcoder.management.project.persistence.link.ProjectLinkManager].
Read propery[ConnectionFactoryNS] which is  required  with value[com.topcoder.db.connectionfactory.DBConnectionFactoryImpl] from namespace [com.topcoder.management.project.persistence.link.ProjectLinkManager].
Read propery[ConnectionName] which is  optional  with value[informix_connection] from namespace [com.topcoder.management.project.persistence.link.ProjectLinkManager].
Read propery[ConnectionFactoryNS] which is  required  with value[com.topcoder.db.connectionfactory.DBConnectionFactoryImpl] from namespace [com.topcoder.management.project.persistence.link.ProjectLinkManager].
Read propery[ConnectionName] which is  optional  with value[informix_connection] from namespace [com.topcoder.management.project.persistence.link.ProjectLinkManager].
Read propery[ConnectionFactoryNS] which is  required  with value[com.topcoder.db.connectionfactory.DBConnectionFactoryImpl] from namespace [com.topcoder.management.project.persistence.link.ProjectLinkManager].
Read propery[ConnectionName] which is  optional  with value[informix_connection] from namespace [com.topcoder.management.project.persistence.link.ProjectLinkManager].
Read propery[ConnectionFactoryNS] which is  required  with value[com.topcoder.db.connectionfactory.DBConnectionFactoryImpl] from namespace [com.topcoder.management.project.persistence.link.ProjectLinkManager].
Read propery[ConnectionName] which is  optional  with value[informix_connection] from namespace [com.topcoder.management.project.persistence.link.ProjectLinkManager].
Read propery[ConnectionFactoryNS] which is  required  with value[com.topcoder.db.connectionfactory.DBConnectionFactoryImpl] from namespace [com.topcoder.management.project.persistence.link.ProjectLinkManager].
Read propery[ConnectionName] which is  optional  with value[informix_connection] from namespace [com.topcoder.management.project.persistence.link.ProjectLinkManager].
Read propery[ConnectionFactoryNS] which is  required  with value[com.topcoder.db.connectionfactory.DBConnectionFactoryImpl] from namespace [com.topcoder.management.project.persistence.link.ProjectLinkManager].
Read propery[ConnectionName] which is  optional  with value[informix_connection] from namespace [com.topcoder.management.project.persistence.link.ProjectLinkManager].
Read propery[ConnectionFactoryNS] which is  required  with value[com.topcoder.db.connectionfactory.DBConnectionFactoryImpl] from namespace [com.topcoder.management.project.persistence.link.ProjectLinkManager].
Read propery[ConnectionName] which is  optional  with value[informix_connection] from namespace [com.topcoder.management.project.persistence.link.ProjectLinkManager].
Read propery[ConnectionFactoryNS] which is  required  with value[com.topcoder.db.connectionfactory.DBConnectionFactoryImpl] from namespace [com.topcoder.management.project.persistence.link.ProjectLinkManager].
Read propery[ConnectionName] which is  optional  with value[informix_connection] from namespace [com.topcoder.management.project.persistence.link.ProjectLinkManager].
Read propery[ConnectionFactoryNS] which is  required  with value[com.topcoder.db.connectionfactory.DBConnectionFactoryImpl] from namespace [com.topcoder.management.project.persistence.link.ProjectLinkManager].
Read propery[ConnectionName] which is  optional  with value[informix_connection] from namespace [com.topcoder.management.project.persistence.link.ProjectLinkManager].
Read propery[ConnectionFactoryNS] which is  required  with value[com.topcoder.db.connectionfactory.DBConnectionFactoryImpl] from namespace [com.topcoder.management.project.persistence.link.ProjectLinkManager].
Read propery[ConnectionName] which is  optional  with value[informix_connection] from namespace [com.topcoder.management.project.persistence.link.ProjectLinkManager].
Read propery[ConnectionFactoryNS] which is  required  with value[com.topcoder.db.connectionfactory.DBConnectionFactoryImpl] from namespace [com.topcoder.management.project.persistence.link.ProjectLinkManager].
Read propery[ConnectionName] which is  optional  with value[informix_connection] from namespace [com.topcoder.management.project.persistence.link.ProjectLinkManager].
Read propery[ConnectionFactoryNS] which is  required  with value[com.topcoder.db.connectionfactory.DBConnectionFactoryImpl] from namespace [com.topcoder.management.project.persistence.link.ProjectLinkManager].
Read propery[ConnectionName] which is  optional  with value[informix_connection] from namespace [com.topcoder.management.project.persistence.link.ProjectLinkManager].
Read propery[ConnectionFactoryNS] which is  required  with value[com.topcoder.db.connectionfactory.DBConnectionFactoryImpl] from namespace [com.topcoder.management.project.persistence.link.ProjectLinkManager].
Read propery[ConnectionName] which is  optional  with value[informix_connection] from namespace [com.topcoder.management.project.persistence.link.ProjectLinkManager].
Read propery[ConnectionFactoryNS] which is  required  with value[com.topcoder.db.connectionfactory.DBConnectionFactoryImpl] from namespace [com.topcoder.management.project.persistence.link.ProjectLinkManager].
Read propery[ConnectionName] which is  optional  with value[informix_connection] from namespace [com.topcoder.management.project.persistence.link.ProjectLinkManager].
Read propery[ConnectionFactoryNS] which is  required  with value[com.topcoder.db.connectionfactory.DBConnectionFactoryImpl] from namespace [com.topcoder.management.project.persistence.link.ProjectLinkManager].
Read propery[ConnectionName] which is  optional  with value[informix_connection] from namespace [com.topcoder.management.project.persistence.link.ProjectLinkManager].
Read propery[ConnectionFactoryNS] which is  required  with value[com.topcoder.db.connectionfactory.DBConnectionFactoryImpl] from namespace [com.topcoder.management.project.persistence.link.ProjectLinkManager].
Read propery[ConnectionName] which is  optional  with value[informix_connection] from namespace [com.topcoder.management.project.persistence.link.ProjectLinkManager].
Read propery[ConnectionFactoryNS] which is  required  with value[com.topcoder.db.connectionfactory.DBConnectionFactoryImpl] from namespace [com.topcoder.management.project.persistence.link.ProjectLinkManager].
Read propery[ConnectionName] which is  optional  with value[informix_connection] from namespace [com.topcoder.management.project.persistence.link.ProjectLinkManager].
Read propery[ConnectionFactoryNS] which is  required  with value[com.topcoder.db.connectionfactory.DBConnectionFactoryImpl] from namespace [com.topcoder.management.project.persistence.link.ProjectLinkManager].
Read propery[ConnectionName] which is  optional  with value[informix_connection] from namespace [com.topcoder.management.project.persistence.link.ProjectLinkManager].
Read propery[ConnectionFactoryNS] which is  required  with value[com.topcoder.db.connectionfactory.DBConnectionFactoryImpl] from namespace [com.topcoder.management.project.persistence.link.ProjectLinkManager].
Read propery[ConnectionName] which is  optional  with value[informix_connection] from namespace [com.topcoder.management.project.persistence.link.ProjectLinkManager].
Read propery[ConnectionFactoryNS] which is  required  with value[com.topcoder.db.connectionfactory.DBConnectionFactoryImpl] from namespace [com.topcoder.management.project.persistence.link.ProjectLinkManager].
Read propery[ConnectionName] which is  optional  with value[informix_connection] from namespace [com.topcoder.management.project.persistence.link.ProjectLinkManager].
Read propery[ConnectionFactoryNS] which is  required  with value[com.topcoder.db.connectionfactory.DBConnectionFactoryImpl] from namespace [com.topcoder.management.project.persistence.link.ProjectLinkManager].
Read propery[ConnectionName] which is  optional  with value[informix_connection] from namespace [com.topcoder.management.project.persistence.link.ProjectLinkManager].
Read propery[ConnectionFactoryNS] which is  required  with value[com.topcoder.db.connectionfactory.DBConnectionFactoryImpl] from namespace [com.topcoder.management.project.persistence.link.ProjectLinkManager].
Read propery[ConnectionName] which is  optional  with value[informix_connection] from namespace [com.topcoder.management.project.persistence.link.ProjectLinkManager].
Read propery[ConnectionFactoryNS] which is  required  with value[com.topcoder.db.connectionfactory.DBConnectionFactoryImpl] from namespace [com.topcoder.management.project.persistence.link.ProjectLinkManager].
Read propery[ConnectionName] which is  optional  with value[informix_connection] from namespace [com.topcoder.management.project.persistence.link.ProjectLinkManager].
Read propery[ConnectionFactoryNS] which is  required  with value[com.topcoder.db.connectionfactory.DBConnectionFactoryImpl] from namespace [com.topcoder.management.project.persistence.link.ProjectLinkManager].
Read propery[ConnectionName] which is  optional  with value[informix_connection] from namespace [com.topcoder.management.project.persistence.link.ProjectLinkManager].
Read propery[ConnectionFactoryNS] which is  required  with value[com.topcoder.db.connectionfactory.DBConnectionFactoryImpl] from namespace [com.topcoder.management.project.persistence.link.ProjectLinkManager].
Read propery[ConnectionName] which is  optional  with value[informix_connection] from namespace [com.topcoder.management.project.persistence.link.ProjectLinkManager].
Read propery[ConnectionFactoryNS] which is  required  with value[com.topcoder.db.connectionfactory.DBConnectionFactoryImpl] from namespace [com.topcoder.management.project.persistence.link.ProjectLinkManager].
Read propery[ConnectionName] which is  optional  with value[informix_connection] from namespace [com.topcoder.management.project.persistence.link.ProjectLinkManager].
Read propery[ConnectionFactoryNS] which is  required  with value[com.topcoder.db.connectionfactory.DBConnectionFactoryImpl] from namespace [com.topcoder.management.project.persistence.link.ProjectLinkManager].
Read propery[ConnectionName] which is  optional  with value[informix_connection] from namespace [com.topcoder.management.project.persistence.link.ProjectLinkManager].
Read propery[ConnectionFactoryNS] which is  required  with value[com.topcoder.db.connectionfactory.DBConnectionFactoryImpl] from namespace [com.topcoder.management.project.persistence.link.ProjectLinkManager].
Read propery[ConnectionName] which is  optional  with value[informix_connection] from namespace [com.topcoder.management.project.persistence.link.ProjectLinkManager].
Read propery[ConnectionFactoryNS] which is  required  with value[com.topcoder.db.connectionfactory.DBConnectionFactoryImpl] from namespace [com.topcoder.management.project.persistence.link.ProjectLinkManager].
Read propery[ConnectionName] which is  optional  with value[informix_connection] from namespace [com.topcoder.management.project.persistence.link.ProjectLinkManager].
Read propery[ConnectionFactoryNS] which is  required  with value[com.topcoder.db.connectionfactory.DBConnectionFactoryImpl] from namespace [com.topcoder.management.project.persistence.link.ProjectLinkManager].
Read propery[ConnectionName] which is  optional  with value[informix_connection] from namespace [com.topcoder.management.project.persistence.link.ProjectLinkManager].
Read propery[ConnectionFactoryNS] which is  required  with value[com.topcoder.db.connectionfactory.DBConnectionFactoryImpl] from namespace [com.topcoder.management.project.persistence.link.ProjectLinkManager].
Read propery[ConnectionName] which is  optional  with value[informix_connection] from namespace [com.topcoder.management.project.persistence.link.ProjectLinkManager].
Read propery[ConnectionFactoryNS] which is  required  with value[com.topcoder.db.connectionfactory.DBConnectionFactoryImpl] from namespace [com.topcoder.management.project.persistence.link.ProjectLinkManager].
Read propery[ConnectionName] which is  optional  with value[informix_connection] from namespace [com.topcoder.management.project.persistence.link.ProjectLinkManager].
Read propery[ConnectionFactoryNS] which is  required  with value[com.topcoder.db.connectionfactory.DBConnectionFactoryImpl] from namespace [com.topcoder.management.project.persistence.link.ProjectLinkManager].
Read propery[ConnectionName] which is  optional  with value[informix_connection] from namespace [com.topcoder.management.project.persistence.link.ProjectLinkManager].
Read propery[ConnectionFactoryNS] which is  required  with value[com.topcoder.db.connectionfactory.DBConnectionFactoryImpl] from namespace [com.topcoder.management.project.persistence.link.ProjectLinkManager].
Read propery[ConnectionName] which is  optional  with value[informix_connection] from namespace [com.topcoder.management.project.persistence.link.ProjectLinkManager].
Read propery[ConnectionFactoryNS] which is  required  with value[com.topcoder.db.connectionfactory.DBConnectionFactoryImpl] from namespace [com.topcoder.management.project.persistence.link.ProjectLinkManager].
Read propery[ConnectionName] which is  optional  with value[informix_connection] from namespace [com.topcoder.management.project.persistence.link.ProjectLinkManager].
Read propery[ConnectionFactoryNS] which is  required  with value[com.topcoder.db.connectionfactory.DBConnectionFactoryImpl] from namespace [com.topcoder.management.project.persistence.link.ProjectLinkManager].
Read propery[ConnectionName] which is  optional  with value[informix_connection] from namespace [com.topcoder.management.project.persistence.link.ProjectLinkManager].
Read propery[ConnectionFactoryNS] which is  required  with value[com.topcoder.db.connectionfactory.DBConnectionFactoryImpl] from namespace [com.topcoder.management.project.persistence.link.ProjectLinkManager].
Read propery[ConnectionName] which is  optional  with value[informix_connection] from namespace [com.topcoder.management.project.persistence.link.ProjectLinkManager].
Read propery[ConnectionFactoryNS] which is  required  with value[com.topcoder.db.connectionfactory.DBConnectionFactoryImpl] from namespace [com.topcoder.management.project.persistence.link.ProjectLinkManager].
Read propery[ConnectionName] which is  optional  with value[informix_connection] from namespace [com.topcoder.management.project.persistence.link.ProjectLinkManager].
Read propery[ConnectionFactoryNS] which is  required  with value[com.topcoder.db.connectionfactory.DBConnectionFactoryImpl] from namespace [com.topcoder.management.project.persistence.link.ProjectLinkManager].
Read propery[ConnectionName] which is  optional  with value[informix_connection] from namespace [com.topcoder.management.project.persistence.link.ProjectLinkManager].
Read propery[ConnectionFactoryNS] which is  required  with value[com.topcoder.db.connectionfactory.DBConnectionFactoryImpl] from namespace [com.topcoder.management.project.persistence.link.ProjectLinkManager].
Read propery[ConnectionName] which is  optional  with value[informix_connection] from namespace [com.topcoder.management.project.persistence.link.ProjectLinkManager].
Read propery[ConnectionFactoryNS] which is  required  with value[com.topcoder.db.connectionfactory.DBConnectionFactoryImpl] from namespace [com.topcoder.management.project.persistence.link.ProjectLinkManager].
Read propery[ConnectionName] which is  optional  with value[informix_connection] from namespace [com.topcoder.management.project.persistence.link.ProjectLinkManager].
Read propery[ConnectionFactoryNS] which is  required  with value[com.topcoder.db.connectionfactory.DBConnectionFactoryImpl] from namespace [com.topcoder.management.project.persistence.link.ProjectLinkManager].
Read propery[ConnectionName] which is  optional  with value[informix_connection] from namespace [com.topcoder.management.project.persistence.link.ProjectLinkManager].
Read propery[ConnectionFactoryNS] which is  required  with value[com.topcoder.db.connectionfactory.DBConnectionFactoryImpl] from namespace [com.topcoder.management.project.persistence.link.ProjectLinkManager].
Read propery[ConnectionName] which is  optional  with value[informix_connection] from namespace [com.topcoder.management.project.persistence.link.ProjectLinkManager].
Read propery[ConnectionFactoryNS] which is  required  with value[com.topcoder.db.connectionfactory.DBConnectionFactoryImpl] from namespace [com.topcoder.management.project.persistence.link.ProjectLinkManager].
Read propery[ConnectionName] which is  optional  with value[informix_connection] from namespace [com.topcoder.management.project.persistence.link.ProjectLinkManager].
Read propery[ConnectionFactoryNS] which is  required  with value[com.topcoder.db.connectionfactory.DBConnectionFactoryImpl] from namespace [com.topcoder.management.project.persistence.link.ProjectLinkManager].
Read propery[ConnectionName] which is  optional  with value[informix_connection] from namespace [com.topcoder.management.project.persistence.link.ProjectLinkManager].
Read propery[ConnectionFactoryNS] which is  required  with value[com.topcoder.db.connectionfactory.DBConnectionFactoryImpl] from namespace [com.topcoder.management.project.persistence.link.ProjectLinkManager].
Read propery[ConnectionName] which is  optional  with value[informix_connection] from namespace [com.topcoder.management.project.persistence.link.ProjectLinkManager].
Read propery[ConnectionFactoryNS] which is  required  with value[com.topcoder.db.connectionfactory.DBConnectionFactoryImpl] from namespace [com.topcoder.management.project.persistence.link.ProjectLinkManager].
Read propery[ConnectionName] which is  optional  with value[informix_connection] from namespace [com.topcoder.management.project.persistence.link.ProjectLinkManager].
Read propery[ConnectionFactoryNS] which is  required  with value[com.topcoder.db.connectionfactory.DBConnectionFactoryImpl] from namespace [com.topcoder.management.project.persistence.link.ProjectLinkManager].
Read propery[ConnectionName] which is  optional  with value[informix_connection] from namespace [com.topcoder.management.project.persistence.link.ProjectLinkManager].
Read propery[ConnectionFactoryNS] which is  required  with value[com.topcoder.db.connectionfactory.DBConnectionFactoryImpl] from namespace [com.topcoder.management.project.persistence.link.ProjectLinkManager].
Read propery[ConnectionName] which is  optional  with value[informix_connection] from namespace [com.topcoder.management.project.persistence.link.ProjectLinkManager].
Read propery[ConnectionFactoryNS] which is  required  with value[com.topcoder.db.connectionfactory.DBConnectionFactoryImpl] from namespace [com.topcoder.management.project.persistence.link.ProjectLinkManager].
Read propery[ConnectionName] which is  optional  with value[informix_connection] from namespace [com.topcoder.management.project.persistence.link.ProjectLinkManager].
Read propery[ConnectionFactoryNS] which is  required  with value[com.topcoder.db.connectionfactory.DBConnectionFactoryImpl] from namespace [com.topcoder.management.project.persistence.link.ProjectLinkManager].
Read propery[ConnectionName] which is  optional  with value[informix_connection] from namespace [com.topcoder.management.project.persistence.link.ProjectLinkManager].
Read propery[ConnectionFactoryNS] which is  required  with value[com.topcoder.db.connectionfactory.DBConnectionFactoryImpl] from namespace [com.topcoder.management.project.persistence.link.ProjectLinkManager].
Read propery[ConnectionName] which is  optional  with value[informix_connection] from namespace [com.topcoder.management.project.persistence.link.ProjectLinkManager].
Read propery[ConnectionFactoryNS] which is  required  with value[com.topcoder.db.connectionfactory.DBConnectionFactoryImpl] from namespace [com.topcoder.management.project.persistence.link.ProjectLinkManager].
Read propery[ConnectionName] which is  optional  with value[informix_connection] from namespace [com.topcoder.management.project.persistence.link.ProjectLinkManager].
Read propery[ConnectionFactoryNS] which is  required  with value[com.topcoder.db.connectionfactory.DBConnectionFactoryImpl] from namespace [com.topcoder.management.project.persistence.link.ProjectLinkManager].
Read propery[ConnectionName] which is  optional  with value[informix_connection] from namespace [com.topcoder.management.project.persistence.link.ProjectLinkManager].
Read propery[ConnectionFactoryNS] which is  required  with value[com.topcoder.db.connectionfactory.DBConnectionFactoryImpl] from namespace [com.topcoder.management.project.persistence.link.ProjectLinkManager].
Read propery[ConnectionName] which is  optional  with value[informix_connection] from namespace [com.topcoder.management.project.persistence.link.ProjectLinkManager].
Read propery[ConnectionFactoryNS] which is  required  with value[com.topcoder.db.connectionfactory.DBConnectionFactoryImpl] from namespace [com.topcoder.management.project.persistence.link.ProjectLinkManager].
Read propery[ConnectionName] which is  optional  with value[informix_connection] from namespace [com.topcoder.management.project.persistence.link.ProjectLinkManager].
Read propery[ConnectionFactoryNS] which is  required  with value[com.topcoder.db.connectionfactory.DBConnectionFactoryImpl] from namespace [com.topcoder.management.project.persistence.link.ProjectLinkManager].
Read propery[ConnectionName] which is  optional  with value[informix_connection] from namespace [com.topcoder.management.project.persistence.link.ProjectLinkManager].
Read propery[ConnectionFactoryNS] which is  required  with value[com.topcoder.db.connectionfactory.DBConnectionFactoryImpl] from namespace [com.topcoder.management.project.persistence.link.ProjectLinkManager].
Read propery[ConnectionName] which is  optional  with value[informix_connection] from namespace [com.topcoder.management.project.persistence.link.ProjectLinkManager].
Read propery[ConnectionFactoryNS] which is  required  with value[com.topcoder.db.connectionfactory.DBConnectionFactoryImpl] from namespace [com.topcoder.management.project.persistence.link.ProjectLinkManager].
Read propery[ConnectionName] which is  optional  with value[informix_connection] from namespace [com.topcoder.management.project.persistence.link.ProjectLinkManager].
Read propery[ConnectionFactoryNS] which is  required  with value[com.topcoder.db.connectionfactory.DBConnectionFactoryImpl] from namespace [com.topcoder.management.project.persistence.link.ProjectLinkManager].
Read propery[ConnectionName] which is  optional  with value[informix_connection] from namespace [com.topcoder.management.project.persistence.link.ProjectLinkManager].
Read propery[ConnectionFactoryNS] which is  required  with value[com.topcoder.db.connectionfactory.DBConnectionFactoryImpl] from namespace [com.topcoder.management.project.persistence.link.ProjectLinkManager].
Read propery[ConnectionName] which is  optional  with value[informix_connection] from namespace [com.topcoder.management.project.persistence.link.ProjectLinkManager].
Read propery[ConnectionFactoryNS] which is  required  with value[com.topcoder.db.connectionfactory.DBConnectionFactoryImpl] from namespace [com.topcoder.management.project.persistence.link.ProjectLinkManager].
Read propery[ConnectionName] which is  optional  with value[informix_connection] from namespace [com.topcoder.management.project.persistence.link.ProjectLinkManager].
Read propery[ConnectionFactoryNS] which is  required  with value[com.topcoder.db.connectionfactory.DBConnectionFactoryImpl] from namespace [com.topcoder.management.project.persistence.link.ProjectLinkManager].
Read propery[ConnectionName] which is  optional  with value[informix_connection] from namespace [com.topcoder.management.project.persistence.link.ProjectLinkManager].
Read propery[ConnectionFactoryNS] which is  required  with value[com.topcoder.db.connectionfactory.DBConnectionFactoryImpl] from namespace [com.topcoder.management.project.persistence.link.ProjectLinkManager].
Read propery[ConnectionName] which is  optional  with value[informix_connection] from namespace [com.topcoder.management.project.persistence.link.ProjectLinkManager].
Read propery[ConnectionFactoryNS] which is  required  with value[com.topcoder.db.connectionfactory.DBConnectionFactoryImpl] from namespace [com.topcoder.management.project.persistence.link.ProjectLinkManager].
Read propery[ConnectionName] which is  optional  with value[informix_connection] from namespace [com.topcoder.management.project.persistence.link.ProjectLinkManager].
Read propery[ConnectionFactoryNS] which is  required  with value[com.topcoder.db.connectionfactory.DBConnectionFactoryImpl] from namespace [com.topcoder.management.project.persistence.link.ProjectLinkManager].
Read propery[ConnectionName] which is  optional  with value[informix_connection] from namespace [com.topcoder.management.project.persistence.link.ProjectLinkManager].
Read propery[ConnectionFactoryNS] which is  required  with value[com.topcoder.db.connectionfactory.DBConnectionFactoryImpl] from namespace [com.topcoder.management.project.persistence.link.ProjectLinkManager].
Read propery[ConnectionName] which is  optional  with value[informix_connection] from namespace [com.topcoder.management.project.persistence.link.ProjectLinkManager].
Read propery[ConnectionFactoryNS] which is  required  with value[com.topcoder.db.connectionfactory.DBConnectionFactoryImpl] from namespace [com.topcoder.management.project.persistence.link.ProjectLinkManager].
Read propery[ConnectionName] which is  optional  with value[informix_connection] from namespace [com.topcoder.management.project.persistence.link.ProjectLinkManager].
Read propery[ConnectionFactoryNS] which is  required  with value[com.topcoder.db.connectionfactory.DBConnectionFactoryImpl] from namespace [com.topcoder.management.project.persistence.link.ProjectLinkManager].
Read propery[ConnectionName] which is  optional  with value[informix_connection] from namespace [com.topcoder.management.project.persistence.link.ProjectLinkManager].
Read propery[ConnectionFactoryNS] which is  required  with value[com.topcoder.db.connectionfactory.DBConnectionFactoryImpl] from namespace [com.topcoder.management.project.persistence.link.ProjectLinkManager].
Read propery[ConnectionName] which is  optional  with value[informix_connection] from namespace [com.topcoder.management.project.persistence.link.ProjectLinkManager].
Read propery[ConnectionFactoryNS] which is  required  with value[com.topcoder.db.connectionfactory.DBConnectionFactoryImpl] from namespace [com.topcoder.management.project.persistence.link.ProjectLinkManager].
Read propery[ConnectionName] which is  optional  with value[informix_connection] from namespace [com.topcoder.management.project.persistence.link.ProjectLinkManager].
Read propery[ConnectionFactoryNS] which is  required  with value[com.topcoder.db.connectionfactory.DBConnectionFactoryImpl] from namespace [com.topcoder.management.project.persistence.link.ProjectLinkManager].
Read propery[ConnectionName] which is  optional  with value[informix_connection] from namespace [com.topcoder.management.project.persistence.link.ProjectLinkManager].
Read propery[ConnectionFactoryNS] which is  required  with value[com.topcoder.db.connectionfactory.DBConnectionFactoryImpl] from namespace [com.topcoder.management.project.persistence.link.ProjectLinkManager].
Read propery[ConnectionName] which is  optional  with value[informix_connection] from namespace [com.topcoder.management.project.persistence.link.ProjectLinkManager].
Read propery[ConnectionFactoryNS] which is  required  with value[com.topcoder.db.connectionfactory.DBConnectionFactoryImpl] from namespace [com.topcoder.management.project.persistence.link.ProjectLinkManager].
Read propery[ConnectionName] which is  optional  with value[informix_connection] from namespace [com.topcoder.management.project.persistence.link.ProjectLinkManager].
Read propery[ConnectionFactoryNS] which is  required  with value[com.topcoder.db.connectionfactory.DBConnectionFactoryImpl] from namespace [com.topcoder.management.project.persistence.link.ProjectLinkManager].
Read propery[ConnectionName] which is  optional  with value[informix_connection] from namespace [com.topcoder.management.project.persistence.link.ProjectLinkManager].
Read propery[ConnectionFactoryNS] which is  required  with value[com.topcoder.db.connectionfactory.DBConnectionFactoryImpl] from namespace [com.topcoder.management.project.persistence.link.ProjectLinkManager].
Read propery[ConnectionName] which is  optional  with value[informix_connection] from namespace [com.topcoder.management.project.persistence.link.ProjectLinkManager].
Read propery[ConnectionFactoryNS] which is  required  with value[com.topcoder.db.connectionfactory.DBConnectionFactoryImpl] from namespace [com.topcoder.management.project.persistence.link.ProjectLinkManager].
Read propery[ConnectionName] which is  optional  with value[informix_connection] from namespace [com.topcoder.management.project.persistence.link.ProjectLinkManager].
Read propery[ConnectionFactoryNS] which is  required  with value[com.topcoder.db.connectionfactory.DBConnectionFactoryImpl] from namespace [com.topcoder.management.project.persistence.link.ProjectLinkManager].
Read propery[ConnectionName] which is  optional  with value[informix_connection] from namespace [com.topcoder.management.project.persistence.link.ProjectLinkManager].
Read propery[ConnectionFactoryNS] which is  required  with value[com.topcoder.db.connectionfactory.DBConnectionFactoryImpl] from namespace [com.topcoder.management.project.persistence.link.ProjectLinkManager].
Read propery[ConnectionName] which is  optional  with value[informix_connection] from namespace [com.topcoder.management.project.persistence.link.ProjectLinkManager].
Read propery[ConnectionFactoryNS] which is  required  with value[com.topcoder.db.connectionfactory.DBConnectionFactoryImpl] from namespace [com.topcoder.management.project.persistence.link.ProjectLinkManager].
Read propery[ConnectionName] which is  optional  with value[informix_connection] from namespace [com.topcoder.management.project.persistence.link.ProjectLinkManager].
Read propery[ConnectionFactoryNS] which is  required  with value[com.topcoder.db.connectionfactory.DBConnectionFactoryImpl] from namespace [com.topcoder.management.project.persistence.link.ProjectLinkManager].
Read propery[ConnectionName] which is  optional  with value[informix_connection] from namespace [com.topcoder.management.project.persistence.link.ProjectLinkManager].
Read propery[ConnectionFactoryNS] which is  required  with value[com.topcoder.db.connectionfactory.DBConnectionFactoryImpl] from namespace [com.topcoder.management.project.persistence.link.ProjectLinkManager].
Read propery[ConnectionName] which is  optional  with value[informix_connection] from namespace [com.topcoder.management.project.persistence.link.ProjectLinkManager].
Read propery[ConnectionFactoryNS] which is  required  with value[com.topcoder.db.connectionfactory.DBConnectionFactoryImpl] from namespace [com.topcoder.management.project.persistence.link.ProjectLinkManager].
Read propery[ConnectionName] which is  optional  with value[informix_connection] from namespace [com.topcoder.management.project.persistence.link.ProjectLinkManager].
Read propery[ConnectionFactoryNS] which is  required  with value[com.topcoder.db.connectionfactory.DBConnectionFactoryImpl] from namespace [com.topcoder.management.project.persistence.link.ProjectLinkManager].
Read propery[ConnectionName] which is  optional  with value[informix_connection] from namespace [com.topcoder.management.project.persistence.link.ProjectLinkManager].
Read propery[ConnectionFactoryNS] which is  required  with value[com.topcoder.db.connectionfactory.DBConnectionFactoryImpl] from namespace [com.topcoder.management.project.persistence.link.ProjectLinkManager].
Read propery[ConnectionName] which is  optional  with value[informix_connection] from namespace [com.topcoder.management.project.persistence.link.ProjectLinkManager].
Read propery[ConnectionFactoryNS] which is  required  with value[com.topcoder.db.connectionfactory.DBConnectionFactoryImpl] from namespace [com.topcoder.management.project.persistence.link.ProjectLinkManager].
Read propery[ConnectionName] which is  optional  with value[informix_connection] from namespace [com.topcoder.management.project.persistence.link.ProjectLinkManager].
Read propery[ConnectionFactoryNS] which is  required  with value[com.topcoder.db.connectionfactory.DBConnectionFactoryImpl] from namespace [com.topcoder.management.project.persistence.link.ProjectLinkManager].
Read propery[ConnectionName] which is  optional  with value[informix_connection] from namespace [com.topcoder.management.project.persistence.link.ProjectLinkManager].
Read propery[ConnectionFactoryNS] which is  required  with value[com.topcoder.db.connectionfactory.DBConnectionFactoryImpl] from namespace [com.topcoder.management.project.persistence.link.ProjectLinkManager].
Read propery[ConnectionName] which is  optional  with value[informix_connection] from namespace [com.topcoder.management.project.persistence.link.ProjectLinkManager].
Read propery[ConnectionFactoryNS] which is  required  with value[com.topcoder.db.connectionfactory.DBConnectionFactoryImpl] from namespace [com.topcoder.management.project.persistence.link.ProjectLinkManager].
Read propery[ConnectionName] which is  optional  with value[informix_connection] from namespace [com.topcoder.management.project.persistence.link.ProjectLinkManager].
Read propery[ConnectionFactoryNS] which is  required  with value[com.topcoder.db.connectionfactory.DBConnectionFactoryImpl] from namespace [com.topcoder.management.project.persistence.link.ProjectLinkManager].
Read propery[ConnectionName] which is  optional  with value[informix_connection] from namespace [com.topcoder.management.project.persistence.link.ProjectLinkManager].
Read propery[ConnectionFactoryNS] which is  required  with value[com.topcoder.db.connectionfactory.DBConnectionFactoryImpl] from namespace [com.topcoder.management.project.persistence.link.ProjectLinkManager].
Read propery[ConnectionName] which is  optional  with value[informix_connection] from namespace [com.topcoder.management.project.persistence.link.ProjectLinkManager].
Read propery[ConnectionFactoryNS] which is  required  with value[com.topcoder.db.connectionfactory.DBConnectionFactoryImpl] from namespace [com.topcoder.management.project.persistence.link.ProjectLinkManager].
Read propery[ConnectionName] which is  optional  with value[informix_connection] from namespace [com.topcoder.management.project.persistence.link.ProjectLinkManager].
Read propery[ConnectionFactoryNS] which is  required  with value[com.topcoder.db.connectionfactory.DBConnectionFactoryImpl] from namespace [com.topcoder.management.project.persistence.link.ProjectLinkManager].
Read propery[ConnectionName] which is  optional  with value[informix_connection] from namespace [com.topcoder.management.project.persistence.link.ProjectLinkManager].
Read propery[ConnectionFactoryNS] which is  required  with value[com.topcoder.db.connectionfactory.DBConnectionFactoryImpl] from namespace [com.topcoder.management.project.persistence.link.ProjectLinkManager].
Read propery[ConnectionName] which is  optional  with value[informix_connection] from namespace [com.topcoder.management.project.persistence.link.ProjectLinkManager].
Read propery[ConnectionFactoryNS] which is  required  with value[com.topcoder.db.connectionfactory.DBConnectionFactoryImpl] from namespace [com.topcoder.management.project.persistence.link.ProjectLinkManager].
Read propery[ConnectionName] which is  optional  with value[informix_connection] from namespace [com.topcoder.management.project.persistence.link.ProjectLinkManager].
Read propery[ConnectionFactoryNS] which is  required  with value[com.topcoder.db.connectionfactory.DBConnectionFactoryImpl] from namespace [com.topcoder.management.project.persistence.link.ProjectLinkManager].
Read propery[ConnectionName] which is  optional  with value[informix_connection] from namespace [com.topcoder.management.project.persistence.link.ProjectLinkManager].
Read propery[ConnectionFactoryNS] which is  required  with value[com.topcoder.db.connectionfactory.DBConnectionFactoryImpl] from namespace [com.topcoder.management.project.persistence.link.ProjectLinkManager].
Read propery[ConnectionName] which is  optional  with value[informix_connection] from namespace [com.topcoder.management.project.persistence.link.ProjectLinkManager].
Read propery[ConnectionFactoryNS] which is  required  with value[com.topcoder.db.connectionfactory.DBConnectionFactoryImpl] from namespace [com.topcoder.management.project.persistence.link.ProjectLinkManager].
Read propery[ConnectionName] which is  optional  with value[informix_connection] from namespace [com.topcoder.management.project.persistence.link.ProjectLinkManager].
Read propery[ConnectionFactoryNS] which is  required  with value[com.topcoder.db.connectionfactory.DBConnectionFactoryImpl] from namespace [com.topcoder.management.project.persistence.link.ProjectLinkManager].
Read propery[ConnectionName] which is  optional  with value[informix_connection] from namespace [com.topcoder.management.project.persistence.link.ProjectLinkManager].
Read propery[ConnectionFactoryNS] which is  required  with value[com.topcoder.db.connectionfactory.DBConnectionFactoryImpl] from namespace [com.topcoder.management.project.persistence.link.ProjectLinkManager].
Read propery[ConnectionName] which is  optional  with value[informix_connection] from namespace [com.topcoder.management.project.persistence.link.ProjectLinkManager].
Read propery[ConnectionFactoryNS] which is  required  with value[com.topcoder.db.connectionfactory.DBConnectionFactoryImpl] from namespace [com.topcoder.management.project.persistence.link.ProjectLinkManager].
Read propery[ConnectionName] which is  optional  with value[informix_connection] from namespace [com.topcoder.management.project.persistence.link.ProjectLinkManager].
Read propery[ConnectionFactoryNS] which is  required  with value[com.topcoder.db.connectionfactory.DBConnectionFactoryImpl] from namespace [com.topcoder.management.project.persistence.link.ProjectLinkManager].
Read propery[ConnectionName] which is  optional  with value[informix_connection] from namespace [com.topcoder.management.project.persistence.link.ProjectLinkManager].
Read propery[ConnectionFactoryNS] which is  required  with value[com.topcoder.db.connectionfactory.DBConnectionFactoryImpl] from namespace [com.topcoder.management.project.persistence.link.ProjectLinkManager].
Read propery[ConnectionName] which is  optional  with value[informix_connection] from namespace [com.topcoder.management.project.persistence.link.ProjectLinkManager].
Read propery[ConnectionFactoryNS] which is  required  with value[com.topcoder.db.connectionfactory.DBConnectionFactoryImpl] from namespace [com.topcoder.management.project.persistence.link.ProjectLinkManager].
Read propery[ConnectionName] which is  optional  with value[informix_connection] from namespace [com.topcoder.management.project.persistence.link.ProjectLinkManager].
Read propery[ConnectionFactoryNS] which is  required  with value[com.topcoder.db.connectionfactory.DBConnectionFactoryImpl] from namespace [com.topcoder.management.project.persistence.link.ProjectLinkManager].
Read propery[ConnectionName] which is  optional  with value[informix_connection] from namespace [com.topcoder.management.project.persistence.link.ProjectLinkManager].
Read propery[ConnectionFactoryNS] which is  required  with value[com.topcoder.db.connectionfactory.DBConnectionFactoryImpl] from namespace [com.topcoder.management.project.persistence.link.ProjectLinkManager].
Read propery[ConnectionName] which is  optional  with value[informix_connection] from namespace [com.topcoder.management.project.persistence.link.ProjectLinkManager].
Read propery[ConnectionFactoryNS] which is  required  with value[com.topcoder.db.connectionfactory.DBConnectionFactoryImpl] from namespace [com.topcoder.management.project.persistence.link.ProjectLinkManager].
Read propery[ConnectionName] which is  optional  with value[informix_connection] from namespace [com.topcoder.management.project.persistence.link.ProjectLinkManager].
Read propery[ConnectionFactoryNS] which is  required  with value[com.topcoder.db.connectionfactory.DBConnectionFactoryImpl] from namespace [com.topcoder.management.project.persistence.link.ProjectLinkManager].
Read propery[ConnectionName] which is  optional  with value[informix_connection] from namespace [com.topcoder.management.project.persistence.link.ProjectLinkManager].
Read propery[ConnectionFactoryNS] which is  required  with value[com.topcoder.db.connectionfactory.DBConnectionFactoryImpl] from namespace [com.topcoder.management.project.persistence.link.ProjectLinkManager].
Read propery[ConnectionName] which is  optional  with value[informix_connection] from namespace [com.topcoder.management.project.persistence.link.ProjectLinkManager].
Read propery[ConnectionFactoryNS] which is  required  with value[com.topcoder.db.connectionfactory.DBConnectionFactoryImpl] from namespace [com.topcoder.management.project.persistence.link.ProjectLinkManager].
Read propery[ConnectionName] which is  optional  with value[informix_connection] from namespace [com.topcoder.management.project.persistence.link.ProjectLinkManager].
Read propery[ConnectionFactoryNS] which is  required  with value[com.topcoder.db.connectionfactory.DBConnectionFactoryImpl] from namespace [com.topcoder.management.project.persistence.link.ProjectLinkManager].
Read propery[ConnectionName] which is  optional  with value[informix_connection] from namespace [com.topcoder.management.project.persistence.link.ProjectLinkManager].
Read propery[ConnectionFactoryNS] which is  required  with value[com.topcoder.db.connectionfactory.DBConnectionFactoryImpl] from namespace [com.topcoder.management.project.persistence.link.ProjectLinkManager].
Read propery[ConnectionName] which is  optional  with value[informix_connection] from namespace [com.topcoder.management.project.persistence.link.ProjectLinkManager].
Read propery[ConnectionFactoryNS] which is  required  with value[com.topcoder.db.connectionfactory.DBConnectionFactoryImpl] from namespace [com.topcoder.management.project.persistence.link.ProjectLinkManager].
Read propery[ConnectionName] which is  optional  with value[informix_connection] from namespace [com.topcoder.management.project.persistence.link.ProjectLinkManager].
Read propery[ConnectionFactoryNS] which is  required  with value[com.topcoder.db.connectionfactory.DBConnectionFactoryImpl] from namespace [com.topcoder.management.project.persistence.link.ProjectLinkManager].
Read propery[ConnectionName] which is  optional  with value[informix_connection] from namespace [com.topcoder.management.project.persistence.link.ProjectLinkManager].
Read propery[ConnectionFactoryNS] which is  required  with value[com.topcoder.db.connectionfactory.DBConnectionFactoryImpl] from namespace [com.topcoder.management.project.persistence.link.ProjectLinkManager].
Read propery[ConnectionName] which is  optional  with value[informix_connection] from namespace [com.topcoder.management.project.persistence.link.ProjectLinkManager].
Read propery[ConnectionFactoryNS] which is  required  with value[com.topcoder.db.connectionfactory.DBConnectionFactoryImpl] from namespace [com.topcoder.management.project.persistence.link.ProjectLinkManager].
Read propery[ConnectionName] which is  optional  with value[informix_connection] from namespace [com.topcoder.management.project.persistence.link.ProjectLinkManager].
Read propery[ConnectionFactoryNS] which is  required  with value[com.topcoder.db.connectionfactory.DBConnectionFactoryImpl] from namespace [com.topcoder.management.project.persistence.link.ProjectLinkManager].
Read propery[ConnectionName] which is  optional  with value[informix_connection] from namespace [com.topcoder.management.project.persistence.link.ProjectLinkManager].
Read propery[ConnectionFactoryNS] which is  required  with value[com.topcoder.db.connectionfactory.DBConnectionFactoryImpl] from namespace [com.topcoder.management.project.persistence.link.ProjectLinkManager].
Read propery[ConnectionName] which is  optional  with value[informix_connection] from namespace [com.topcoder.management.project.persistence.link.ProjectLinkManager].
Read propery[ConnectionFactoryNS] which is  required  with value[com.topcoder.db.connectionfactory.DBConnectionFactoryImpl] from namespace [com.topcoder.management.project.persistence.link.ProjectLinkManager].
Read propery[ConnectionName] which is  optional  with value[informix_connection] from namespace [com.topcoder.management.project.persistence.link.ProjectLinkManager].
Read propery[ConnectionFactoryNS] which is  required  with value[com.topcoder.db.connectionfactory.DBConnectionFactoryImpl] from namespace [com.topcoder.management.project.persistence.link.ProjectLinkManager].
Read propery[ConnectionName] which is  optional  with value[informix_connection] from namespace [com.topcoder.management.project.persistence.link.ProjectLinkManager].
Read propery[ConnectionFactoryNS] which is  required  with value[com.topcoder.db.connectionfactory.DBConnectionFactoryImpl] from namespace [com.topcoder.management.project.persistence.link.ProjectLinkManager].
Read propery[ConnectionName] which is  optional  with value[informix_connection] from namespace [com.topcoder.management.project.persistence.link.ProjectLinkManager].
Read propery[ConnectionFactoryNS] which is  required  with value[com.topcoder.db.connectionfactory.DBConnectionFactoryImpl] from namespace [com.topcoder.management.project.persistence.link.ProjectLinkManager].
Read propery[ConnectionName] which is  optional  with value[informix_connection] from namespace [com.topcoder.management.project.persistence.link.ProjectLinkManager].
Read propery[ConnectionFactoryNS] which is  required  with value[com.topcoder.db.connectionfactory.DBConnectionFactoryImpl] from namespace [com.topcoder.management.project.persistence.link.ProjectLinkManager].
Read propery[ConnectionName] which is  optional  with value[informix_connection] from namespace [com.topcoder.management.project.persistence.link.ProjectLinkManager].
Read propery[ConnectionFactoryNS] which is  required  with value[com.topcoder.db.connectionfactory.DBConnectionFactoryImpl] from namespace [com.topcoder.management.project.persistence.link.ProjectLinkManager].
Read propery[ConnectionName] which is  optional  with value[informix_connection] from namespace [com.topcoder.management.project.persistence.link.ProjectLinkManager].
Read propery[ConnectionFactoryNS] which is  required  with value[com.topcoder.db.connectionfactory.DBConnectionFactoryImpl] from namespace [com.topcoder.management.project.persistence.link.ProjectLinkManager].
Read propery[ConnectionName] which is  optional  with value[informix_connection] from namespace [com.topcoder.management.project.persistence.link.ProjectLinkManager].
Read propery[ConnectionFactoryNS] which is  required  with value[com.topcoder.db.connectionfactory.DBConnectionFactoryImpl] from namespace [com.topcoder.management.project.persistence.link.ProjectLinkManager].
Read propery[ConnectionName] which is  optional  with value[informix_connection] from namespace [com.topcoder.management.project.persistence.link.ProjectLinkManager].
Read propery[ConnectionFactoryNS] which is  required  with value[com.topcoder.db.connectionfactory.DBConnectionFactoryImpl] from namespace [com.topcoder.management.project.persistence.link.ProjectLinkManager].
Read propery[ConnectionName] which is  optional  with value[informix_connection] from namespace [com.topcoder.management.project.persistence.link.ProjectLinkManager].
Read propery[ConnectionFactoryNS] which is  required  with value[com.topcoder.db.connectionfactory.DBConnectionFactoryImpl] from namespace [com.topcoder.management.project.persistence.link.ProjectLinkManager].
Read propery[ConnectionName] which is  optional  with value[informix_connection] from namespace [com.topcoder.management.project.persistence.link.ProjectLinkManager].
Read propery[ConnectionFactoryNS] which is  required  with value[com.topcoder.db.connectionfactory.DBConnectionFactoryImpl] from namespace [com.topcoder.management.project.persistence.link.ProjectLinkManager].
Read propery[ConnectionName] which is  optional  with value[informix_connection] from namespace [com.topcoder.management.project.persistence.link.ProjectLinkManager].
Read propery[ConnectionFactoryNS] which is  required  with value[com.topcoder.db.connectionfactory.DBConnectionFactoryImpl] from namespace [com.topcoder.management.project.persistence.link.ProjectLinkManager].
Read propery[ConnectionName] which is  optional  with value[informix_connection] from namespace [com.topcoder.management.project.persistence.link.ProjectLinkManager].
Read propery[ConnectionFactoryNS] which is  required  with value[com.topcoder.db.connectionfactory.DBConnectionFactoryImpl] from namespace [com.topcoder.management.project.persistence.link.ProjectLinkManager].
Read propery[ConnectionName] which is  optional  with value[informix_connection] from namespace [com.topcoder.management.project.persistence.link.ProjectLinkManager].
Read propery[ConnectionFactoryNS] which is  required  with value[com.topcoder.db.connectionfactory.DBConnectionFactoryImpl] from namespace [com.topcoder.management.project.persistence.link.ProjectLinkManager].
Read propery[ConnectionName] which is  optional  with value[informix_connection] from namespace [com.topcoder.management.project.persistence.link.ProjectLinkManager].
Read propery[ConnectionFactoryNS] which is  required  with value[com.topcoder.db.connectionfactory.DBConnectionFactoryImpl] from namespace [com.topcoder.management.project.persistence.link.ProjectLinkManager].
Read propery[ConnectionName] which is  optional  with value[informix_connection] from namespace [com.topcoder.management.project.persistence.link.ProjectLinkManager].
Read propery[ConnectionFactoryNS] which is  required  with value[com.topcoder.db.connectionfactory.DBConnectionFactoryImpl] from namespace [com.topcoder.management.project.persistence.link.ProjectLinkManager].
Read propery[ConnectionName] which is  optional  with value[informix_connection] from namespace [com.topcoder.management.project.persistence.link.ProjectLinkManager].
Read propery[ConnectionFactoryNS] which is  required  with value[com.topcoder.db.connectionfactory.DBConnectionFactoryImpl] from namespace [com.topcoder.management.project.persistence.link.ProjectLinkManager].
Read propery[ConnectionName] which is  optional  with value[informix_connection] from namespace [com.topcoder.management.project.persistence.link.ProjectLinkManager].
Read propery[ConnectionFactoryNS] which is  required  with value[com.topcoder.db.connectionfactory.DBConnectionFactoryImpl] from namespace [com.topcoder.management.project.persistence.link.ProjectLinkManager].
Read propery[ConnectionName] which is  optional  with value[informix_connection] from namespace [com.topcoder.management.project.persistence.link.ProjectLinkManager].
Read propery[ConnectionFactoryNS] which is  required  with value[com.topcoder.db.connectionfactory.DBConnectionFactoryImpl] from namespace [com.topcoder.management.project.persistence.link.ProjectLinkManager].
Read propery[ConnectionName] which is  optional  with value[informix_connection] from namespace [com.topcoder.management.project.persistence.link.ProjectLinkManager].
Read propery[ConnectionFactoryNS] which is  required  with value[com.topcoder.db.connectionfactory.DBConnectionFactoryImpl] from namespace [com.topcoder.management.project.persistence.link.ProjectLinkManager].
Read propery[ConnectionName] which is  optional  with value[informix_connection] from namespace [com.topcoder.management.project.persistence.link.ProjectLinkManager].
Read propery[ConnectionFactoryNS] which is  required  with value[com.topcoder.db.connectionfactory.DBConnectionFactoryImpl] from namespace [com.topcoder.management.project.persistence.link.ProjectLinkManager].
Read propery[ConnectionName] which is  optional  with value[informix_connection] from namespace [com.topcoder.management.project.persistence.link.ProjectLinkManager].
Read propery[ConnectionFactoryNS] which is  required  with value[com.topcoder.db.connectionfactory.DBConnectionFactoryImpl] from namespace [com.topcoder.management.project.persistence.link.ProjectLinkManager].
Read propery[ConnectionName] which is  optional  with value[informix_connection] from namespace [com.topcoder.management.project.persistence.link.ProjectLinkManager].
Read propery[ConnectionFactoryNS] which is  required  with value[com.topcoder.db.connectionfactory.DBConnectionFactoryImpl] from namespace [com.topcoder.management.project.persistence.link.ProjectLinkManager].
Read propery[ConnectionName] which is  optional  with value[informix_connection] from namespace [com.topcoder.management.project.persistence.link.ProjectLinkManager].
Read propery[ConnectionFactoryNS] which is  required  with value[com.topcoder.db.connectionfactory.DBConnectionFactoryImpl] from namespace [com.topcoder.management.project.persistence.link.ProjectLinkManager].
Read propery[ConnectionName] which is  optional  with value[informix_connection] from namespace [com.topcoder.management.project.persistence.link.ProjectLinkManager].
Read propery[ConnectionFactoryNS] which is  required  with value[com.topcoder.db.connectionfactory.DBConnectionFactoryImpl] from namespace [com.topcoder.management.project.persistence.link.ProjectLinkManager].
Read propery[ConnectionName] which is  optional  with value[informix_connection] from namespace [com.topcoder.management.project.persistence.link.ProjectLinkManager].
Read propery[ConnectionFactoryNS] which is  required  with value[com.topcoder.db.connectionfactory.DBConnectionFactoryImpl] from namespace [com.topcoder.management.project.persistence.link.ProjectLinkManager].
Read propery[ConnectionName] which is  optional  with value[informix_connection] from namespace [com.topcoder.management.project.persistence.link.ProjectLinkManager].
Read propery[ConnectionFactoryNS] which is  required  with value[com.topcoder.db.connectionfactory.DBConnectionFactoryImpl] from namespace [com.topcoder.management.project.persistence.link.ProjectLinkManager].
Read propery[ConnectionName] which is  optional  with value[informix_connection] from namespace [com.topcoder.management.project.persistence.link.ProjectLinkManager].
Read propery[ConnectionFactoryNS] which is  required  with value[com.topcoder.db.connectionfactory.DBConnectionFactoryImpl] from namespace [com.topcoder.management.project.persistence.link.ProjectLinkManager].
Read propery[ConnectionName] which is  optional  with value[informix_connection] from namespace [com.topcoder.management.project.persistence.link.ProjectLinkManager].
Read propery[ConnectionFactoryNS] which is  required  with value[com.topcoder.db.connectionfactory.DBConnectionFactoryImpl] from namespace [com.topcoder.management.project.persistence.link.ProjectLinkManager].
Read propery[ConnectionName] which is  optional  with value[informix_connection] from namespace [com.topcoder.management.project.persistence.link.ProjectLinkManager].
Read propery[ConnectionFactoryNS] which is  required  with value[com.topcoder.db.connectionfactory.DBConnectionFactoryImpl] from namespace [com.topcoder.management.project.persistence.link.ProjectLinkManager].
Read propery[ConnectionName] which is  optional  with value[informix_connection] from namespace [com.topcoder.management.project.persistence.link.ProjectLinkManager].
Read propery[ConnectionFactoryNS] which is  required  with value[com.topcoder.db.connectionfactory.DBConnectionFactoryImpl] from namespace [com.topcoder.management.project.persistence.link.ProjectLinkManager].
Read propery[ConnectionName] which is  optional  with value[informix_connection] from namespace [com.topcoder.management.project.persistence.link.ProjectLinkManager].
Read propery[ConnectionFactoryNS] which is  required  with value[com.topcoder.db.connectionfactory.DBConnectionFactoryImpl] from namespace [com.topcoder.management.project.persistence.link.ProjectLinkManager].
Read propery[ConnectionName] which is  optional  with value[informix_connection] from namespace [com.topcoder.management.project.persistence.link.ProjectLinkManager].
Read propery[ConnectionFactoryNS] which is  required  with value[com.topcoder.db.connectionfactory.DBConnectionFactoryImpl] from namespace [com.topcoder.management.project.persistence.link.ProjectLinkManager].
Read propery[ConnectionName] which is  optional  with value[informix_connection] from namespace [com.topcoder.management.project.persistence.link.ProjectLinkManager].
Read propery[ConnectionFactoryNS] which is  required  with value[com.topcoder.db.connectionfactory.DBConnectionFactoryImpl] from namespace [com.topcoder.management.project.persistence.link.ProjectLinkManager].
Read propery[ConnectionName] which is  optional  with value[informix_connection] from namespace [com.topcoder.management.project.persistence.link.ProjectLinkManager].
Read propery[ConnectionFactoryNS] which is  required  with value[com.topcoder.db.connectionfactory.DBConnectionFactoryImpl] from namespace [com.topcoder.management.project.persistence.link.ProjectLinkManager].
Read propery[ConnectionName] which is  optional  with value[informix_connection] from namespace [com.topcoder.management.project.persistence.link.ProjectLinkManager].
Read propery[ConnectionFactoryNS] which is  required  with value[com.topcoder.db.connectionfactory.DBConnectionFactoryImpl] from namespace [com.topcoder.management.project.persistence.link.ProjectLinkManager].
Read propery[ConnectionName] which is  optional  with value[informix_connection] from namespace [com.topcoder.management.project.persistence.link.ProjectLinkManager].
Read propery[ConnectionFactoryNS] which is  required  with value[com.topcoder.db.connectionfactory.DBConnectionFactoryImpl] from namespace [com.topcoder.management.project.persistence.link.ProjectLinkManager].
Read propery[ConnectionName] which is  optional  with value[informix_connection] from namespace [com.topcoder.management.project.persistence.link.ProjectLinkManager].
Read propery[ConnectionFactoryNS] which is  required  with value[com.topcoder.db.connectionfactory.DBConnectionFactoryImpl] from namespace [com.topcoder.management.project.persistence.link.ProjectLinkManager].
Read propery[ConnectionName] which is  optional  with value[informix_connection] from namespace [com.topcoder.management.project.persistence.link.ProjectLinkManager].
Read propery[ConnectionFactoryNS] which is  required  with value[com.topcoder.db.connectionfactory.DBConnectionFactoryImpl] from namespace [com.topcoder.management.project.persistence.link.ProjectLinkManager].
Read propery[ConnectionName] which is  optional  with value[informix_connection] from namespace [com.topcoder.management.project.persistence.link.ProjectLinkManager].
Read propery[ConnectionFactoryNS] which is  required  with value[com.topcoder.db.connectionfactory.DBConnectionFactoryImpl] from namespace [com.topcoder.management.project.persistence.link.ProjectLinkManager].
Read propery[ConnectionName] which is  optional  with value[informix_connection] from namespace [com.topcoder.management.project.persistence.link.ProjectLinkManager].
Read propery[ConnectionFactoryNS] which is  required  with value[com.topcoder.db.connectionfactory.DBConnectionFactoryImpl] from namespace [com.topcoder.management.project.persistence.link.ProjectLinkManager].
Read propery[ConnectionName] which is  optional  with value[informix_connection] from namespace [com.topcoder.management.project.persistence.link.ProjectLinkManager].
Read propery[ConnectionFactoryNS] which is  required  with value[com.topcoder.db.connectionfactory.DBConnectionFactoryImpl] from namespace [com.topcoder.management.project.persistence.link.ProjectLinkManager].
Read propery[ConnectionName] which is  optional  with value[informix_connection] from namespace [com.topcoder.management.project.persistence.link.ProjectLinkManager].
Read propery[ConnectionFactoryNS] which is  required  with value[com.topcoder.db.connectionfactory.DBConnectionFactoryImpl] from namespace [com.topcoder.management.project.persistence.link.ProjectLinkManager].
Read propery[ConnectionName] which is  optional  with value[informix_connection] from namespace [com.topcoder.management.project.persistence.link.ProjectLinkManager].
Read propery[ConnectionFactoryNS] which is  required  with value[com.topcoder.db.connectionfactory.DBConnectionFactoryImpl] from namespace [com.topcoder.management.project.persistence.link.ProjectLinkManager].
Read propery[ConnectionName] which is  optional  with value[informix_connection] from namespace [com.topcoder.management.project.persistence.link.ProjectLinkManager].
Read propery[ConnectionFactoryNS] which is  required  with value[com.topcoder.db.connectionfactory.DBConnectionFactoryImpl] from namespace [com.topcoder.management.project.persistence.link.ProjectLinkManager].
Read propery[ConnectionName] which is  optional  with value[informix_connection] from namespace [com.topcoder.management.project.persistence.link.ProjectLinkManager].
Read propery[ConnectionFactoryNS] which is  required  with value[com.topcoder.db.connectionfactory.DBConnectionFactoryImpl] from namespace [com.topcoder.management.project.persistence.link.ProjectLinkManager].
Read propery[ConnectionName] which is  optional  with value[informix_connection] from namespace [com.topcoder.management.project.persistence.link.ProjectLinkManager].
Read propery[ConnectionFactoryNS] which is  required  with value[com.topcoder.db.connectionfactory.DBConnectionFactoryImpl] from namespace [com.topcoder.management.project.persistence.link.ProjectLinkManager].
Read propery[ConnectionName] which is  optional  with value[informix_connection] from namespace [com.topcoder.management.project.persistence.link.ProjectLinkManager].
Read propery[ConnectionFactoryNS] which is  required  with value[com.topcoder.db.connectionfactory.DBConnectionFactoryImpl] from namespace [com.topcoder.management.project.persistence.link.ProjectLinkManager].
Read propery[ConnectionName] which is  optional  with value[informix_connection] from namespace [com.topcoder.management.project.persistence.link.ProjectLinkManager].
Read propery[ConnectionFactoryNS] which is  required  with value[com.topcoder.db.connectionfactory.DBConnectionFactoryImpl] from namespace [com.topcoder.management.project.persistence.link.ProjectLinkManager].
Read propery[ConnectionName] which is  optional  with value[informix_connection] from namespace [com.topcoder.management.project.persistence.link.ProjectLinkManager].
Read propery[ConnectionFactoryNS] which is  required  with value[com.topcoder.db.connectionfactory.DBConnectionFactoryImpl] from namespace [com.topcoder.management.project.persistence.link.ProjectLinkManager].
Read propery[ConnectionName] which is  optional  with value[informix_connection] from namespace [com.topcoder.management.project.persistence.link.ProjectLinkManager].
Read propery[ConnectionFactoryNS] which is  required  with value[com.topcoder.db.connectionfactory.DBConnectionFactoryImpl] from namespace [com.topcoder.management.project.persistence.link.ProjectLinkManager].
Read propery[ConnectionName] which is  optional  with value[informix_connection] from namespace [com.topcoder.management.project.persistence.link.ProjectLinkManager].
Read propery[ConnectionFactoryNS] which is  required  with value[com.topcoder.db.connectionfactory.DBConnectionFactoryImpl] from namespace [com.topcoder.management.project.persistence.link.ProjectLinkManager].
Read propery[ConnectionName] which is  optional  with value[informix_connection] from namespace [com.topcoder.management.project.persistence.link.ProjectLinkManager].
Read propery[ConnectionFactoryNS] which is  required  with value[com.topcoder.db.connectionfactory.DBConnectionFactoryImpl] from namespace [com.topcoder.management.project.persistence.link.ProjectLinkManager].
Read propery[ConnectionName] which is  optional  with value[informix_connection] from namespace [com.topcoder.management.project.persistence.link.ProjectLinkManager].
Read propery[ConnectionFactoryNS] which is  required  with value[com.topcoder.db.connectionfactory.DBConnectionFactoryImpl] from namespace [com.topcoder.management.project.persistence.link.ProjectLinkManager].
Read propery[ConnectionName] which is  optional  with value[informix_connection] from namespace [com.topcoder.management.project.persistence.link.ProjectLinkManager].
Read propery[ConnectionFactoryNS] which is  required  with value[com.topcoder.db.connectionfactory.DBConnectionFactoryImpl] from namespace [com.topcoder.management.project.persistence.link.ProjectLinkManager].
Read propery[ConnectionName] which is  optional  with value[informix_connection] from namespace [com.topcoder.management.project.persistence.link.ProjectLinkManager].
Read propery[ConnectionFactoryNS] which is  required  with value[com.topcoder.db.connectionfactory.DBConnectionFactoryImpl] from namespace [com.topcoder.management.project.persistence.link.ProjectLinkManager].
Read propery[ConnectionName] which is  optional  with value[informix_connection] from namespace [com.topcoder.management.project.persistence.link.ProjectLinkManager].
Read propery[ConnectionFactoryNS] which is  required  with value[com.topcoder.db.connectionfactory.DBConnectionFactoryImpl] from namespace [com.topcoder.management.project.persistence.link.ProjectLinkManager].
Read propery[ConnectionName] which is  optional  with value[informix_connection] from namespace [com.topcoder.management.project.persistence.link.ProjectLinkManager].
Multiple specification submissions exist.
Read propery[ConnectionFactoryNS] which is  required  with value[com.topcoder.db.connectionfactory.DBConnectionFactoryImpl] from namespace [com.topcoder.management.project.persistence.link.ProjectLinkManager].
Read propery[ConnectionName] which is  optional  with value[informix_connection] from namespace [com.topcoder.management.project.persistence.link.ProjectLinkManager].
Multiple specification reviews exist
Read propery[ConnectionFactoryNS] which is  required  with value[com.topcoder.db.connectionfactory.DBConnectionFactoryImpl] from namespace [com.topcoder.management.project.persistence.link.ProjectLinkManager].
Read propery[ConnectionName] which is  optional  with value[informix_connection] from namespace [com.topcoder.management.project.persistence.link.ProjectLinkManager].
Read propery[ConnectionFactoryNS] which is  required  with value[com.topcoder.db.connectionfactory.DBConnectionFactoryImpl] from namespace [com.topcoder.management.project.persistence.link.ProjectLinkManager].
Read propery[ConnectionName] which is  optional  with value[informix_connection] from namespace [com.topcoder.management.project.persistence.link.ProjectLinkManager].
Read propery[ConnectionFactoryNS] which is  required  with value[com.topcoder.db.connectionfactory.DBConnectionFactoryImpl] from namespace [com.topcoder.management.project.persistence.link.ProjectLinkManager].
Read propery[ConnectionName] which is  optional  with value[informix_connection] from namespace [com.topcoder.management.project.persistence.link.ProjectLinkManager].
The specification submission does not exist.
Read propery[ConnectionFactoryNS] which is  required  with value[com.topcoder.db.connectionfactory.DBConnectionFactoryImpl] from namespace [com.topcoder.management.project.persistence.link.ProjectLinkManager].
Read propery[ConnectionName] which is  optional  with value[informix_connection] from namespace [com.topcoder.management.project.persistence.link.ProjectLinkManager].
The review is not committed.
Read propery[ConnectionFactoryNS] which is  required  with value[com.topcoder.db.connectionfactory.DBConnectionFactoryImpl] from namespace [com.topcoder.management.project.persistence.link.ProjectLinkManager].
Read propery[ConnectionName] which is  optional  with value[informix_connection] from namespace [com.topcoder.management.project.persistence.link.ProjectLinkManager].
The review for the specification does not exist.
Read propery[ConnectionFactoryNS] which is  required  with value[com.topcoder.db.connectionfactory.DBConnectionFactoryImpl] from namespace [com.topcoder.management.project.persistence.link.ProjectLinkManager].
Read propery[ConnectionName] which is  optional  with value[informix_connection] from namespace [com.topcoder.management.project.persistence.link.ProjectLinkManager].
Invalid comment[ABC], comment can either be Approved, Accepted or Rejected.
Read propery[ConnectionFactoryNS] which is  required  with value[com.topcoder.db.connectionfactory.DBConnectionFactoryImpl] from namespace [com.topcoder.management.project.persistence.link.ProjectLinkManager].
Read propery[ConnectionName] which is  optional  with value[informix_connection] from namespace [com.topcoder.management.project.persistence.link.ProjectLinkManager].
operator: UnknownphaseId: 1 - Persistence layer error when updating submission status.
com.topcoder.management.deliverable.persistence.UploadPersistenceException: FailureTest
	at com.cronos.onlinereview.phases.failuretests.SpecificationReviewPhaseHandlerFailureTest.testPerform_Phase_String_OpenPhase_UploadPersistenceException(SpecificationReviewPhaseHandlerFailureTest.java:542)
	at sun.reflect.NativeMethodAccessorImpl.invoke0(Native Method)
	at sun.reflect.NativeMethodAccessorImpl.invoke(NativeMethodAccessorImpl.java:39)
	at sun.reflect.DelegatingMethodAccessorImpl.invoke(DelegatingMethodAccessorImpl.java:25)
	at java.lang.reflect.Method.invoke(Method.java:585)
	at junit.framework.TestCase.runTest(TestCase.java:164)
	at junit.framework.TestCase.runBare(TestCase.java:130)
	at junit.framework.TestResult$1.protect(TestResult.java:106)
	at junit.framework.TestResult.runProtected(TestResult.java:124)
	at junit.framework.TestResult.run(TestResult.java:109)
	at junit.framework.TestCase.run(TestCase.java:120)
	at junit.framework.TestSuite.runTest(TestSuite.java:230)
	at junit.framework.TestSuite.run(TestSuite.java:225)
	at junit.framework.TestSuite.runTest(TestSuite.java:230)
	at junit.framework.TestSuite.run(TestSuite.java:225)
	at junit.framework.TestSuite.runTest(TestSuite.java:230)
	at junit.framework.TestSuite.run(TestSuite.java:225)
	at org.apache.tools.ant.taskdefs.optional.junit.JUnitTestRunner.run(JUnitTestRunner.java:421)
	at org.apache.tools.ant.taskdefs.optional.junit.JUnitTestRunner.launch(JUnitTestRunner.java:912)
	at org.apache.tools.ant.taskdefs.optional.junit.JUnitTestRunner.main(JUnitTestRunner.java:766)

Read propery[ConnectionFactoryNS] which is  required  with value[com.topcoder.db.connectionfactory.DBConnectionFactoryImpl] from namespace [com.topcoder.management.project.persistence.link.ProjectLinkManager].
Read propery[ConnectionName] which is  optional  with value[informix_connection] from namespace [com.topcoder.management.project.persistence.link.ProjectLinkManager].
No comment with [Specification Review Comment] type.
Read propery[ConnectionFactoryNS] which is  required  with value[com.topcoder.db.connectionfactory.DBConnectionFactoryImpl] from namespace [com.topcoder.management.project.persistence.InformixProjectPersistence].
Read propery[ConnectionName] which is  optional  with value[informix_connection] from namespace [com.topcoder.management.project.persistence.InformixProjectPersistence].
Read propery[ProjectIdSequenceName] which is  optional  with value[project_id_seq] from namespace [com.topcoder.management.project.persistence.InformixProjectPersistence].
Read propery[ProjectAuditIdSequenceName] which is  optional  with value[project_audit_id_seq] from namespace [com.topcoder.management.project.persistence.InformixProjectPersistence].
Read propery[ConnectionFactoryNS] which is  required  with value[com.topcoder.db.connectionfactory.DBConnectionFactoryImpl] from namespace [com.topcoder.management.project.persistence.link.ProjectLinkManagerImpl].
Read propery[ConnectionName] which is  optional  with value[informix_connection] from namespace [com.topcoder.management.project.persistence.link.ProjectLinkManagerImpl].
read property ConnectionFactoryNS[com.topcoder.db.connectionfactory.DBConnectionFactoryImpl] from the namespace :com.topcoder.management.scorecard.persistence.InformixScorecardPersistence
read property ConnectionName[informix_connection] from the namespace :com.topcoder.management.scorecard.persistence.InformixScorecardPersistence
Instantiate SqlUploadPersistence with connectionFactory and connectioName:informix_connection
Instantiate PersistenceUploadManager with UploadPersistence, uploadSearchBundle, submissionSearchBundle, uploadIdGenerator, uploadTypeIdGenerator, uploadStatusIdGenerator, submissionIDGenerator, submissionStatusIdGenerator and submissionTypeIdGenerator.
Instantiate AbstractResourcePersistence with connectionFactory and connectionName[informix_connection].
load Resource role with ids:[J@138d67,[J@138d67,[J@138d67,[J@138d67,[J@138d67,[J@138d67,[J@138d67,[J@138d67,[J@138d67,[J@138d67,[J@138d67,[J@138d67,[J@138d67,[J@138d67,[J@138d67,[J@138d67,[J@138d67,[J@138d67,[J@138d67,[J@138d67,[J@138d67,[J@138d67
operator: UnknownresourceId: Unknown - creating db connection using connection name: informix_connection
committing transaction
type: Upload id: Unknown operator:Unknown - search submissions with filter. found: 0
type: Upload id: Unknown operator:Unknown - search submissions with filter. found: 0
type: Upload id: Unknown operator:Unknown - search submissions with filter. found: 0
type: Upload id: Unknown operator:Unknown - search submissions with filter. found: 0
type: Upload id: Unknown operator:Unknown - search submissions with filter. found: 0
type: Upload id: Unknown operator:Unknown - search submissions with filter. found: 0
Read propery[ConnectionFactoryNS] which is  required  with value[com.topcoder.db.connectionfactory.DBConnectionFactoryImpl] from namespace [com.topcoder.management.project.persistence.InformixProjectPersistence].
Read propery[ConnectionName] which is  optional  with value[informix_connection] from namespace [com.topcoder.management.project.persistence.InformixProjectPersistence].
Read propery[ProjectIdSequenceName] which is  optional  with value[project_id_seq] from namespace [com.topcoder.management.project.persistence.InformixProjectPersistence].
Read propery[ProjectAuditIdSequenceName] which is  optional  with value[project_audit_id_seq] from namespace [com.topcoder.management.project.persistence.InformixProjectPersistence].
Read propery[ConnectionFactoryNS] which is  required  with value[com.topcoder.db.connectionfactory.DBConnectionFactoryImpl] from namespace [com.topcoder.management.project.persistence.link.ProjectLinkManagerImpl].
Read propery[ConnectionName] which is  optional  with value[informix_connection] from namespace [com.topcoder.management.project.persistence.link.ProjectLinkManagerImpl].
read property ConnectionFactoryNS[com.topcoder.db.connectionfactory.DBConnectionFactoryImpl] from the namespace :com.topcoder.management.scorecard.persistence.InformixScorecardPersistence
read property ConnectionName[informix_connection] from the namespace :com.topcoder.management.scorecard.persistence.InformixScorecardPersistence
Instantiate SqlUploadPersistence with connectionFactory and connectioName:informix_connection
Instantiate PersistenceUploadManager with UploadPersistence, uploadSearchBundle, submissionSearchBundle, uploadIdGenerator, uploadTypeIdGenerator, uploadStatusIdGenerator, submissionIDGenerator, submissionStatusIdGenerator and submissionTypeIdGenerator.
Instantiate AbstractResourcePersistence with connectionFactory and connectionName[informix_connection].
load Resource role with ids:[J@e6cb4d,[J@e6cb4d,[J@e6cb4d,[J@e6cb4d,[J@e6cb4d,[J@e6cb4d,[J@e6cb4d,[J@e6cb4d,[J@e6cb4d,[J@e6cb4d,[J@e6cb4d,[J@e6cb4d,[J@e6cb4d,[J@e6cb4d,[J@e6cb4d,[J@e6cb4d,[J@e6cb4d,[J@e6cb4d,[J@e6cb4d,[J@e6cb4d,[J@e6cb4d,[J@e6cb4d
operator: UnknownresourceId: Unknown - creating db connection using connection name: informix_connection
committing transaction
load Resource with ids:[J@b50aa0
operator: UnknownresourceId: Unknown - creating db connection using connection name: informix_connection
load ResourceRole with id:18
operator: UnknownresourceId: Unknown - creating db connection using connection name: informix_connection
committing transaction
committing transaction
get projects with the ids: 1
operator: UnknownprojectId: Unknown - creating db connection using connection name: informix_connection
committing transaction
load Resource role with ids:[J@2c8281,[J@2c8281,[J@2c8281,[J@2c8281,[J@2c8281,[J@2c8281,[J@2c8281,[J@2c8281,[J@2c8281,[J@2c8281,[J@2c8281,[J@2c8281,[J@2c8281,[J@2c8281,[J@2c8281,[J@2c8281,[J@2c8281,[J@2c8281,[J@2c8281,[J@2c8281,[J@2c8281,[J@2c8281
operator: UnknownresourceId: Unknown - creating db connection using connection name: informix_connection
committing transaction
load Resource with ids:[J@19907ee
operator: UnknownresourceId: Unknown - creating db connection using connection name: informix_connection
load ResourceRole with id:18
operator: UnknownresourceId: Unknown - creating db connection using connection name: informix_connection
committing transaction
committing transaction
load Resource with ids:[J@6b2ec8
operator: UnknownresourceId: Unknown - creating db connection using connection name: informix_connection
load ResourceRole with id:1
operator: UnknownresourceId: Unknown - creating db connection using connection name: informix_connection
committing transaction
committing transaction
load Resource with ids:[J@1ba21ec
operator: UnknownresourceId: Unknown - creating db connection using connection name: informix_connection
load ResourceRole with id:18
operator: UnknownresourceId: Unknown - creating db connection using connection name: informix_connection
load Resource with ids:[J@76948f
operator: UnknownresourceId: Unknown - creating db connection using connection name: informix_connection
committing transaction
committing transaction
load Resource with ids:[J@eaf9b7
operator: UnknownresourceId: Unknown - creating db connection using connection name: informix_connection
load ResourceRole with id:18
operator: UnknownresourceId: Unknown - creating db connection using connection name: informix_connection
load Resource with ids:[J@762031
operator: UnknownresourceId: Unknown - creating db connection using connection name: informix_connection
load ResourceRole with id:18
operator: UnknownresourceId: Unknown - creating db connection using connection name: informix_connection
load Resource with ids:[J@195fb8e
operator: UnknownresourceId: Unknown - creating db connection using connection name: informix_connection
committing transaction
committing transaction
get projects with the ids: 1
operator: UnknownprojectId: Unknown - creating db connection using connection name: informix_connection
load ResourceRole with id:18
operator: UnknownresourceId: Unknown - creating db connection using connection name: informix_connection
committing transaction
committing transaction
committing transaction
get projects with the ids: 1
operator: UnknownprojectId: Unknown - creating db connection using connection name: informix_connection
load Resource role with ids:[J@868754,[J@868754,[J@868754,[J@868754,[J@868754,[J@868754,[J@868754,[J@868754,[J@868754,[J@868754,[J@868754,[J@868754,[J@868754,[J@868754,[J@868754,[J@868754,[J@868754,[J@868754,[J@868754,[J@868754,[J@868754,[J@868754
operator: UnknownresourceId: Unknown - creating db connection using connection name: informix_connection
load ResourceRole with id:18
operator: UnknownresourceId: Unknown - creating db connection using connection name: informix_connection
committing transaction
committing transaction
committing transaction
get projects with the ids: 1
operator: UnknownprojectId: Unknown - creating db connection using connection name: informix_connection
load Resource role with ids:[J@142dc4,[J@142dc4,[J@142dc4,[J@142dc4,[J@142dc4,[J@142dc4,[J@142dc4,[J@142dc4,[J@142dc4,[J@142dc4,[J@142dc4,[J@142dc4,[J@142dc4,[J@142dc4,[J@142dc4,[J@142dc4,[J@142dc4,[J@142dc4,[J@142dc4,[J@142dc4,[J@142dc4,[J@142dc4
operator: UnknownresourceId: Unknown - creating db connection using connection name: informix_connection
committing transaction
committing transaction
committing transaction
committing transaction
get projects with the ids: 1
operator: UnknownprojectId: Unknown - creating db connection using connection name: informix_connection
load Resource role with ids:[J@9137c0,[J@9137c0,[J@9137c0,[J@9137c0,[J@9137c0,[J@9137c0,[J@9137c0,[J@9137c0,[J@9137c0,[J@9137c0,[J@9137c0,[J@9137c0,[J@9137c0,[J@9137c0,[J@9137c0,[J@9137c0,[J@9137c0,[J@9137c0,[J@9137c0,[J@9137c0,[J@9137c0,[J@9137c0
operator: UnknownresourceId: Unknown - creating db connection using connection name: informix_connection
committing transaction
committing transaction
committing transaction
get projects with the ids: 1
operator: UnknownprojectId: Unknown - creating db connection using connection name: informix_connection
load Resource role with ids:[J@16ad043,[J@16ad043,[J@16ad043,[J@16ad043,[J@16ad043,[J@16ad043,[J@16ad043,[J@16ad043,[J@16ad043,[J@16ad043,[J@16ad043,[J@16ad043,[J@16ad043,[J@16ad043,[J@16ad043,[J@16ad043,[J@16ad043,[J@16ad043,[J@16ad043,[J@16ad043,[J@16ad043,[J@16ad043
operator: UnknownresourceId: Unknown - creating db connection using connection name: informix_connection
committing transaction
committing transaction
load Resource role with ids:[J@1c02b98,[J@1c02b98,[J@1c02b98,[J@1c02b98,[J@1c02b98,[J@1c02b98,[J@1c02b98,[J@1c02b98,[J@1c02b98,[J@1c02b98,[J@1c02b98,[J@1c02b98,[J@1c02b98,[J@1c02b98,[J@1c02b98,[J@1c02b98,[J@1c02b98,[J@1c02b98,[J@1c02b98,[J@1c02b98,[J@1c02b98,[J@1c02b98
operator: UnknownresourceId: Unknown - creating db connection using connection name: informix_connection
committing transaction
load Resource with ids:[J@96bd6d
operator: UnknownresourceId: Unknown - creating db connection using connection name: informix_connection
load ResourceRole with id:18
operator: UnknownresourceId: Unknown - creating db connection using connection name: informix_connection
committing transaction
committing transaction
load Resource with ids:[J@169f7ad
operator: UnknownresourceId: Unknown - creating db connection using connection name: informix_connection
load ResourceRole with id:18
operator: UnknownresourceId: Unknown - creating db connection using connection name: informix_connection
committing transaction
committing transaction
load Resource with ids:[J@270b18
operator: UnknownresourceId: Unknown - creating db connection using connection name: informix_connection
load ResourceRole with id:18
operator: UnknownresourceId: Unknown - creating db connection using connection name: informix_connection
committing transaction
committing transaction
load Resource with ids:[J@17b63ce
operator: UnknownresourceId: Unknown - creating db connection using connection name: informix_connection
load ResourceRole with id:18
operator: UnknownresourceId: Unknown - creating db connection using connection name: informix_connection
committing transaction
committing transaction
load Resource with ids:[J@9fea95
operator: UnknownresourceId: Unknown - creating db connection using connection name: informix_connection
load ResourceRole with id:18
operator: UnknownresourceId: Unknown - creating db connection using connection name: informix_connection
committing transaction
committing transaction
load Resource with ids:[J@56b3b1
operator: UnknownresourceId: Unknown - creating db connection using connection name: informix_connection
load ResourceRole with id:1
operator: UnknownresourceId: Unknown - creating db connection using connection name: informix_connection
committing transaction
committing transaction
load Resource with ids:[J@12377d
operator: UnknownresourceId: Unknown - creating db connection using connection name: informix_connection
load ResourceRole with id:1
operator: UnknownresourceId: Unknown - creating db connection using connection name: informix_connection
load Resource with ids:[J@1f0c902
operator: UnknownresourceId: Unknown - creating db connection using connection name: informix_connection
committing transaction
committing transaction
load ResourceRole with id:1
operator: UnknownresourceId: Unknown - creating db connection using connection name: informix_connection
load Resource with ids:[J@15723d
operator: UnknownresourceId: Unknown - creating db connection using connection name: informix_connection
committing transaction
committing transaction
load ResourceRole with id:1
operator: UnknownresourceId: Unknown - creating db connection using connection name: informix_connection
committing transaction
committing transaction
load Resource with ids:[J@183544b
operator: UnknownresourceId: Unknown - creating db connection using connection name: informix_connection
load ResourceRole with id:1
operator: UnknownresourceId: Unknown - creating db connection using connection name: informix_connection
committing transaction
committing transaction
Read propery[ConnectionFactoryNS] which is  required  with value[com.topcoder.db.connectionfactory.DBConnectionFactoryImpl] from namespace [com.topcoder.management.project.persistence.InformixProjectPersistence].
Read propery[ConnectionName] which is  optional  with value[informix_connection] from namespace [com.topcoder.management.project.persistence.InformixProjectPersistence].
Read propery[ProjectIdSequenceName] which is  optional  with value[project_id_seq] from namespace [com.topcoder.management.project.persistence.InformixProjectPersistence].
Read propery[ProjectAuditIdSequenceName] which is  optional  with value[project_audit_id_seq] from namespace [com.topcoder.management.project.persistence.InformixProjectPersistence].
Read propery[ConnectionFactoryNS] which is  required  with value[com.topcoder.db.connectionfactory.DBConnectionFactoryImpl] from namespace [com.topcoder.management.project.persistence.link.ProjectLinkManagerImpl].
Read propery[ConnectionName] which is  optional  with value[informix_connection] from namespace [com.topcoder.management.project.persistence.link.ProjectLinkManagerImpl].
read property ConnectionFactoryNS[com.topcoder.db.connectionfactory.DBConnectionFactoryImpl] from the namespace :com.topcoder.management.scorecard.persistence.InformixScorecardPersistence
read property ConnectionName[informix_connection] from the namespace :com.topcoder.management.scorecard.persistence.InformixScorecardPersistence
Instantiate SqlUploadPersistence with connectionFactory and connectioName:informix_connection
Instantiate PersistenceUploadManager with UploadPersistence, uploadSearchBundle, submissionSearchBundle, uploadIdGenerator, uploadTypeIdGenerator, uploadStatusIdGenerator, submissionIDGenerator, submissionStatusIdGenerator and submissionTypeIdGenerator.
Instantiate AbstractResourcePersistence with connectionFactory and connectionName[informix_connection].
load Resource role with ids:[J@e355c3,[J@e355c3,[J@e355c3,[J@e355c3,[J@e355c3,[J@e355c3,[J@e355c3,[J@e355c3,[J@e355c3,[J@e355c3,[J@e355c3,[J@e355c3,[J@e355c3,[J@e355c3,[J@e355c3,[J@e355c3,[J@e355c3,[J@e355c3,[J@e355c3,[J@e355c3,[J@e355c3,[J@e355c3
operator: UnknownresourceId: Unknown - creating db connection using connection name: informix_connection
committing transaction
type: Upload id: Unknown operator:Unknown - search submissions with filter. found: 1
type: Upload id: Unknown operator:Unknown - search submissions with filter. found: 1
type: Upload id: Unknown operator:Unknown - search submissions with filter. found: 1
type: Upload id: Unknown operator:Unknown - search submissions with filter. found: 1
type: Upload id: Unknown operator:Unknown - search submissions with filter. found: 1
type: Upload id: Unknown operator:Unknown - search submissions with filter. found: 1
Read propery[ConnectionFactoryNS] which is  required  with value[com.topcoder.db.connectionfactory.DBConnectionFactoryImpl] from namespace [com.topcoder.management.project.persistence.InformixProjectPersistence].
Read propery[ConnectionName] which is  optional  with value[informix_connection] from namespace [com.topcoder.management.project.persistence.InformixProjectPersistence].
Read propery[ProjectIdSequenceName] which is  optional  with value[project_id_seq] from namespace [com.topcoder.management.project.persistence.InformixProjectPersistence].
Read propery[ProjectAuditIdSequenceName] which is  optional  with value[project_audit_id_seq] from namespace [com.topcoder.management.project.persistence.InformixProjectPersistence].
Read propery[ConnectionFactoryNS] which is  required  with value[com.topcoder.db.connectionfactory.DBConnectionFactoryImpl] from namespace [com.topcoder.management.project.persistence.link.ProjectLinkManagerImpl].
Read propery[ConnectionName] which is  optional  with value[informix_connection] from namespace [com.topcoder.management.project.persistence.link.ProjectLinkManagerImpl].
read property ConnectionFactoryNS[com.topcoder.db.connectionfactory.DBConnectionFactoryImpl] from the namespace :com.topcoder.management.scorecard.persistence.InformixScorecardPersistence
read property ConnectionName[informix_connection] from the namespace :com.topcoder.management.scorecard.persistence.InformixScorecardPersistence
Instantiate SqlUploadPersistence with connectionFactory and connectioName:informix_connection
Instantiate PersistenceUploadManager with UploadPersistence, uploadSearchBundle, submissionSearchBundle, uploadIdGenerator, uploadTypeIdGenerator, uploadStatusIdGenerator, submissionIDGenerator, submissionStatusIdGenerator and submissionTypeIdGenerator.
Instantiate AbstractResourcePersistence with connectionFactory and connectionName[informix_connection].
load Resource role with ids:[J@e327f8,[J@e327f8,[J@e327f8,[J@e327f8,[J@e327f8,[J@e327f8,[J@e327f8,[J@e327f8,[J@e327f8,[J@e327f8,[J@e327f8,[J@e327f8,[J@e327f8,[J@e327f8,[J@e327f8,[J@e327f8,[J@e327f8,[J@e327f8,[J@e327f8,[J@e327f8,[J@e327f8,[J@e327f8
operator: UnknownresourceId: Unknown - creating db connection using connection name: informix_connection
committing transaction
get projects with the ids: 1
operator: UnknownprojectId: Unknown - creating db connection using connection name: informix_connection
committing transaction
load Resource role with ids:[J@57395e,[J@57395e,[J@57395e,[J@57395e,[J@57395e,[J@57395e,[J@57395e,[J@57395e,[J@57395e,[J@57395e,[J@57395e,[J@57395e,[J@57395e,[J@57395e,[J@57395e,[J@57395e,[J@57395e,[J@57395e,[J@57395e,[J@57395e,[J@57395e,[J@57395e
operator: UnknownresourceId: Unknown - creating db connection using connection name: informix_connection
committing transaction
get projects with the ids: 1
operator: UnknownprojectId: Unknown - creating db connection using connection name: informix_connection
get projects with the ids: 1
operator: UnknownprojectId: Unknown - creating db connection using connection name: informix_connection
committing transaction
get projects with the ids: 1
operator: UnknownprojectId: Unknown - creating db connection using connection name: informix_connection
committing transaction
load Resource role with ids:[J@19f667b,[J@19f667b,[J@19f667b,[J@19f667b,[J@19f667b,[J@19f667b,[J@19f667b,[J@19f667b,[J@19f667b,[J@19f667b,[J@19f667b,[J@19f667b,[J@19f667b,[J@19f667b,[J@19f667b,[J@19f667b,[J@19f667b,[J@19f667b,[J@19f667b,[J@19f667b,[J@19f667b,[J@19f667b
operator: UnknownresourceId: Unknown - creating db connection using connection name: informix_connection
get projects with the ids: 1
operator: UnknownprojectId: Unknown - creating db connection using connection name: informix_connection
committing transaction
load Resource role with ids:[J@1f02396,[J@1f02396,[J@1f02396,[J@1f02396,[J@1f02396,[J@1f02396,[J@1f02396,[J@1f02396,[J@1f02396,[J@1f02396,[J@1f02396,[J@1f02396,[J@1f02396,[J@1f02396,[J@1f02396,[J@1f02396,[J@1f02396,[J@1f02396,[J@1f02396,[J@1f02396,[J@1f02396,[J@1f02396
operator: UnknownresourceId: Unknown - creating db connection using connection name: informix_connection
committing transaction
get projects with the ids: 1
operator: UnknownprojectId: Unknown - creating db connection using connection name: informix_connection
committing transaction
load Resource role with ids:[J@cf87aa,[J@cf87aa,[J@cf87aa,[J@cf87aa,[J@cf87aa,[J@cf87aa,[J@cf87aa,[J@cf87aa,[J@cf87aa,[J@cf87aa,[J@cf87aa,[J@cf87aa,[J@cf87aa,[J@cf87aa,[J@cf87aa,[J@cf87aa,[J@cf87aa,[J@cf87aa,[J@cf87aa,[J@cf87aa,[J@cf87aa,[J@cf87aa
operator: UnknownresourceId: Unknown - creating db connection using connection name: informix_connection
committing transaction
committing transaction
load Resource role with ids:[J@a07068,[J@a07068,[J@a07068,[J@a07068,[J@a07068,[J@a07068,[J@a07068,[J@a07068,[J@a07068,[J@a07068,[J@a07068,[J@a07068,[J@a07068,[J@a07068,[J@a07068,[J@a07068,[J@a07068,[J@a07068,[J@a07068,[J@a07068,[J@a07068,[J@a07068
operator: UnknownresourceId: Unknown - creating db connection using connection name: informix_connection
committing transaction
load Resource role with ids:[J@53a5f5,[J@53a5f5,[J@53a5f5,[J@53a5f5,[J@53a5f5,[J@53a5f5,[J@53a5f5,[J@53a5f5,[J@53a5f5,[J@53a5f5,[J@53a5f5,[J@53a5f5,[J@53a5f5,[J@53a5f5,[J@53a5f5,[J@53a5f5,[J@53a5f5,[J@53a5f5,[J@53a5f5,[J@53a5f5,[J@53a5f5,[J@53a5f5
operator: UnknownresourceId: Unknown - creating db connection using connection name: informix_connection
committing transaction
committing transaction
Read propery[ConnectionFactoryNS] which is  required  with value[com.topcoder.db.connectionfactory.DBConnectionFactoryImpl] from namespace [com.topcoder.management.project.persistence.InformixProjectPersistence].
Read propery[ConnectionName] which is  optional  with value[informix_connection] from namespace [com.topcoder.management.project.persistence.InformixProjectPersistence].
Read propery[ProjectIdSequenceName] which is  optional  with value[project_id_seq] from namespace [com.topcoder.management.project.persistence.InformixProjectPersistence].
Read propery[ProjectAuditIdSequenceName] which is  optional  with value[project_audit_id_seq] from namespace [com.topcoder.management.project.persistence.InformixProjectPersistence].
Read propery[ConnectionFactoryNS] which is  required  with value[com.topcoder.db.connectionfactory.DBConnectionFactoryImpl] from namespace [com.topcoder.management.project.persistence.link.ProjectLinkManagerImpl].
Read propery[ConnectionName] which is  optional  with value[informix_connection] from namespace [com.topcoder.management.project.persistence.link.ProjectLinkManagerImpl].
read property ConnectionFactoryNS[com.topcoder.db.connectionfactory.DBConnectionFactoryImpl] from the namespace :com.topcoder.management.scorecard.persistence.InformixScorecardPersistence
read property ConnectionName[informix_connection] from the namespace :com.topcoder.management.scorecard.persistence.InformixScorecardPersistence
Instantiate SqlUploadPersistence with connectionFactory and connectioName:informix_connection
Instantiate PersistenceUploadManager with UploadPersistence, uploadSearchBundle, submissionSearchBundle, uploadIdGenerator, uploadTypeIdGenerator, uploadStatusIdGenerator, submissionIDGenerator, submissionStatusIdGenerator and submissionTypeIdGenerator.
Instantiate AbstractResourcePersistence with connectionFactory and connectionName[informix_connection].
load Resource role with ids:[J@1ba911d,[J@1ba911d,[J@1ba911d,[J@1ba911d,[J@1ba911d,[J@1ba911d,[J@1ba911d,[J@1ba911d,[J@1ba911d,[J@1ba911d,[J@1ba911d,[J@1ba911d,[J@1ba911d,[J@1ba911d,[J@1ba911d,[J@1ba911d,[J@1ba911d,[J@1ba911d,[J@1ba911d,[J@1ba911d,[J@1ba911d,[J@1ba911d
operator: UnknownresourceId: Unknown - creating db connection using connection name: informix_connection
committing transaction
Read propery[ConnectionFactoryNS] which is  required  with value[com.topcoder.db.connectionfactory.DBConnectionFactoryImpl] from namespace [com.topcoder.management.project.persistence.InformixProjectPersistence].
Read propery[ConnectionName] which is  optional  with value[informix_connection] from namespace [com.topcoder.management.project.persistence.InformixProjectPersistence].
Read propery[ProjectIdSequenceName] which is  optional  with value[project_id_seq] from namespace [com.topcoder.management.project.persistence.InformixProjectPersistence].
Read propery[ProjectAuditIdSequenceName] which is  optional  with value[project_audit_id_seq] from namespace [com.topcoder.management.project.persistence.InformixProjectPersistence].
Read propery[ConnectionFactoryNS] which is  required  with value[com.topcoder.db.connectionfactory.DBConnectionFactoryImpl] from namespace [com.topcoder.management.project.persistence.link.ProjectLinkManagerImpl].
Read propery[ConnectionName] which is  optional  with value[informix_connection] from namespace [com.topcoder.management.project.persistence.link.ProjectLinkManagerImpl].
read property ConnectionFactoryNS[com.topcoder.db.connectionfactory.DBConnectionFactoryImpl] from the namespace :com.topcoder.management.scorecard.persistence.InformixScorecardPersistence
read property ConnectionName[informix_connection] from the namespace :com.topcoder.management.scorecard.persistence.InformixScorecardPersistence
Instantiate SqlUploadPersistence with connectionFactory and connectioName:informix_connection
Instantiate PersistenceUploadManager with UploadPersistence, uploadSearchBundle, submissionSearchBundle, uploadIdGenerator, uploadTypeIdGenerator, uploadStatusIdGenerator, submissionIDGenerator, submissionStatusIdGenerator and submissionTypeIdGenerator.
Instantiate AbstractResourcePersistence with connectionFactory and connectionName[informix_connection].
load Resource role with ids:[J@15d728c,[J@15d728c,[J@15d728c,[J@15d728c,[J@15d728c,[J@15d728c,[J@15d728c,[J@15d728c,[J@15d728c,[J@15d728c,[J@15d728c,[J@15d728c,[J@15d728c,[J@15d728c,[J@15d728c,[J@15d728c,[J@15d728c,[J@15d728c,[J@15d728c,[J@15d728c,[J@15d728c,[J@15d728c
operator: UnknownresourceId: Unknown - creating db connection using connection name: informix_connection
committing transaction
Read propery[ConnectionFactoryNS] which is  required  with value[com.topcoder.db.connectionfactory.DBConnectionFactoryImpl] from namespace [com.topcoder.management.project.persistence.InformixProjectPersistence].
Read propery[ConnectionName] which is  optional  with value[informix_connection] from namespace [com.topcoder.management.project.persistence.InformixProjectPersistence].
Read propery[ProjectIdSequenceName] which is  optional  with value[project_id_seq] from namespace [com.topcoder.management.project.persistence.InformixProjectPersistence].
Read propery[ProjectAuditIdSequenceName] which is  optional  with value[project_audit_id_seq] from namespace [com.topcoder.management.project.persistence.InformixProjectPersistence].
Read propery[ConnectionFactoryNS] which is  required  with value[com.topcoder.db.connectionfactory.DBConnectionFactoryImpl] from namespace [com.topcoder.management.project.persistence.link.ProjectLinkManagerImpl].
Read propery[ConnectionName] which is  optional  with value[informix_connection] from namespace [com.topcoder.management.project.persistence.link.ProjectLinkManagerImpl].
read property ConnectionFactoryNS[com.topcoder.db.connectionfactory.DBConnectionFactoryImpl] from the namespace :com.topcoder.management.scorecard.persistence.InformixScorecardPersistence
read property ConnectionName[informix_connection] from the namespace :com.topcoder.management.scorecard.persistence.InformixScorecardPersistence
Instantiate SqlUploadPersistence with connectionFactory and connectioName:informix_connection
Instantiate PersistenceUploadManager with UploadPersistence, uploadSearchBundle, submissionSearchBundle, uploadIdGenerator, uploadTypeIdGenerator, uploadStatusIdGenerator, submissionIDGenerator, submissionStatusIdGenerator and submissionTypeIdGenerator.
Instantiate AbstractResourcePersistence with connectionFactory and connectionName[informix_connection].
load Resource role with ids:[J@17cdf72,[J@17cdf72,[J@17cdf72,[J@17cdf72,[J@17cdf72,[J@17cdf72,[J@17cdf72,[J@17cdf72,[J@17cdf72,[J@17cdf72,[J@17cdf72,[J@17cdf72,[J@17cdf72,[J@17cdf72,[J@17cdf72,[J@17cdf72,[J@17cdf72,[J@17cdf72,[J@17cdf72,[J@17cdf72,[J@17cdf72,[J@17cdf72
operator: UnknownresourceId: Unknown - creating db connection using connection name: informix_connection
committing transaction
type: Upload id: Unknown operator:Unknown - search submissions with filter. found: 2
load Resource with ids:[J@14f43c9,[J@14f43c9
operator: UnknownresourceId: Unknown - creating db connection using connection name: informix_connection
load ResourceRole with id:4
operator: UnknownresourceId: Unknown - creating db connection using connection name: informix_connection
committing transaction
load ResourceRole with id:4
operator: UnknownresourceId: Unknown - creating db connection using connection name: informix_connection
committing transaction
committing transaction
type: Submission id: 1 operator:1001 - update Submission.
type: Submission id: 1 operator:Unknown - Update Submission, it will update record in submission table.
create db connection using connection name:informix_connection
close the connection.
type: Submission id: 2 operator:1001 - update Submission.
type: Submission id: 2 operator:Unknown - Update Submission, it will update record in submission table.
create db connection using connection name:informix_connection
close the connection.
operator: UnknownresourceId: 4 - load resource.
operator: UnknownresourceId: Unknown - creating db connection using connection name: informix_connection
load ResourceRole with id:1
operator: UnknownresourceId: Unknown - creating db connection using connection name: informix_connection
committing transaction
committing transaction
operator: UnknownresourceId: 5 - load resource.
operator: UnknownresourceId: Unknown - creating db connection using connection name: informix_connection
load ResourceRole with id:1
operator: UnknownresourceId: Unknown - creating db connection using connection name: informix_connection
committing transaction
committing transaction
load Notifications with array of userIds/projectIds/notificationTypes.
operator: UnknownresourceId: Unknown - creating db connection using connection name: informix_connection
committing transaction
get projects with the ids: 1
operator: UnknownprojectId: Unknown - creating db connection using connection name: informix_connection
committing transaction
load Resource role with ids:[J@1ba0ea9,[J@1ba0ea9,[J@1ba0ea9,[J@1ba0ea9,[J@1ba0ea9,[J@1ba0ea9,[J@1ba0ea9,[J@1ba0ea9,[J@1ba0ea9,[J@1ba0ea9,[J@1ba0ea9,[J@1ba0ea9,[J@1ba0ea9,[J@1ba0ea9,[J@1ba0ea9,[J@1ba0ea9,[J@1ba0ea9,[J@1ba0ea9,[J@1ba0ea9,[J@1ba0ea9,[J@1ba0ea9,[J@1ba0ea9
operator: UnknownresourceId: Unknown - creating db connection using connection name: informix_connection
committing transaction
load Resource with ids:[J@167e622,[J@167e622,[J@167e622
operator: UnknownresourceId: Unknown - creating db connection using connection name: informix_connection
load ResourceRole with id:4
operator: UnknownresourceId: Unknown - creating db connection using connection name: informix_connection
committing transaction
load ResourceRole with id:4
operator: UnknownresourceId: Unknown - creating db connection using connection name: informix_connection
committing transaction
load ResourceRole with id:4
operator: UnknownresourceId: Unknown - creating db connection using connection name: informix_connection
committing transaction
committing transaction
load Resource with ids:[J@252981
operator: UnknownresourceId: Unknown - creating db connection using connection name: informix_connection
load ResourceRole with id:12
operator: UnknownresourceId: Unknown - creating db connection using connection name: informix_connection
committing transaction
committing transaction
load Resource with ids:[J@1bca73f
operator: UnknownresourceId: Unknown - creating db connection using connection name: informix_connection
load ResourceRole with id:13
operator: UnknownresourceId: Unknown - creating db connection using connection name: informix_connection
committing transaction
committing transaction
load Resource with ids:[J@1eb7c39
operator: UnknownresourceId: Unknown - creating db connection using connection name: informix_connection
load ResourceRole with id:9
operator: UnknownresourceId: Unknown - creating db connection using connection name: informix_connection
committing transaction
committing transaction
load Resource with ids:[J@9a46d9,[J@9a46d9
operator: UnknownresourceId: Unknown - creating db connection using connection name: informix_connection
load ResourceRole with id:1
operator: UnknownresourceId: Unknown - creating db connection using connection name: informix_connection
committing transaction
load ResourceRole with id:1
operator: UnknownresourceId: Unknown - creating db connection using connection name: informix_connection
committing transaction
committing transaction
operator: UnknownresourceId: 6 - load resource.
operator: UnknownresourceId: Unknown - creating db connection using connection name: informix_connection
load ResourceRole with id:4
operator: UnknownresourceId: Unknown - creating db connection using connection name: informix_connection
committing transaction
committing transaction
operator: UnknownresourceId: 4 - load resource.
operator: UnknownresourceId: Unknown - creating db connection using connection name: informix_connection
load ResourceRole with id:1
operator: UnknownresourceId: Unknown - creating db connection using connection name: informix_connection
committing transaction
committing transaction
operator: UnknownresourceId: 100000 - load resource.
operator: UnknownresourceId: Unknown - creating db connection using connection name: informix_connection
load ResourceRole with id:13
operator: UnknownresourceId: Unknown - creating db connection using connection name: informix_connection
committing transaction
committing transaction
operator: UnknownresourceId: 7 - load resource.
operator: UnknownresourceId: Unknown - creating db connection using connection name: informix_connection
load ResourceRole with id:4
operator: UnknownresourceId: Unknown - creating db connection using connection name: informix_connection
committing transaction
committing transaction
operator: UnknownresourceId: 5 - load resource.
operator: UnknownresourceId: Unknown - creating db connection using connection name: informix_connection
load ResourceRole with id:1
operator: UnknownresourceId: Unknown - creating db connection using connection name: informix_connection
committing transaction
committing transaction
type: Upload id: Unknown operator:Unknown - search submissions with filter. found: 2
load Resource with ids:[J@13b2fb,[J@13b2fb
operator: UnknownresourceId: Unknown - creating db connection using connection name: informix_connection
load ResourceRole with id:4
operator: UnknownresourceId: Unknown - creating db connection using connection name: informix_connection
committing transaction
load ResourceRole with id:4
operator: UnknownresourceId: Unknown - creating db connection using connection name: informix_connection
committing transaction
committing transaction
type: Scorecard id: Unknown operator:Unknown - retrieve scorecard with ids:1, and is incomplete
create db connection with connect name:informix_connection
close the connection.
get All submission statuses, delegate to persistence.
get All submission statuses, delegate to persistence.
create db connection using connection name:informix_connection
close the connection.
type: SubmissionStatus id: Unknown operator:Unknown - Load SubmissionStatuses with ids:1,2,3,4,5
create db connection using connection name:informix_connection
close the connection.
get All submission statuses, delegate to persistence.
get All submission statuses, delegate to persistence.
create db connection using connection name:informix_connection
close the connection.
type: SubmissionStatus id: Unknown operator:Unknown - Load SubmissionStatuses with ids:1,2,3,4,5
create db connection using connection name:informix_connection
close the connection.
operator: UnknownresourceId: 4 - load resource.
operator: UnknownresourceId: Unknown - creating db connection using connection name: informix_connection
load ResourceRole with id:1
operator: UnknownresourceId: Unknown - creating db connection using connection name: informix_connection
committing transaction
committing transaction
type: Submission id: 1 operator:1001 - update Submission.
type: Submission id: 1 operator:Unknown - Update Submission, it will update record in submission table.
create db connection using connection name:informix_connection
close the connection.
operator: UnknownresourceId: 5 - load resource.
operator: UnknownresourceId: Unknown - creating db connection using connection name: informix_connection
load ResourceRole with id:1
operator: UnknownresourceId: Unknown - creating db connection using connection name: informix_connection
committing transaction
committing transaction
type: Submission id: 2 operator:1001 - update Submission.
type: Submission id: 2 operator:Unknown - Update Submission, it will update record in submission table.
create db connection using connection name:informix_connection
close the connection.
get projects with the ids: 1
operator: UnknownprojectId: Unknown - creating db connection using connection name: informix_connection
committing transaction
operator: 1001projectId: 1 - updating project: {Winner External Reference ID=4, Project Name=Online Review Phases, Project Version=1.2, Send Winner Emails=true, Post-Mortem Required=true}
operator: UnknownprojectId: Unknown - creating db connection using connection name: informix_connection
operator: 1001projectId: 1 - update project with projectId:1
operator: 1001projectId: 1 - update project, update project_info with projectId:1
operator: 1001projectId: 1 - insert record into project_info with project id1
operator: 1001projectId: 1 - generate new id for the project audit.
insert record into project_audit with projectId:1
operator: 1001projectId: 1 - execute sql:SELECT modify_date FROM project WHERE project_id=?
committing transaction
operator: UnknownresourceId: 4 - load resource.
operator: UnknownresourceId: Unknown - creating db connection using connection name: informix_connection
load ResourceRole with id:1
operator: UnknownresourceId: Unknown - creating db connection using connection name: informix_connection
committing transaction
committing transaction
operator: UnknownresourceId: 5 - load resource.
operator: UnknownresourceId: Unknown - creating db connection using connection name: informix_connection
load ResourceRole with id:1
operator: UnknownresourceId: Unknown - creating db connection using connection name: informix_connection
committing transaction
committing transaction
load Notifications with array of userIds/projectIds/notificationTypes.
operator: UnknownresourceId: Unknown - creating db connection using connection name: informix_connection
committing transaction
get projects with the ids: 1
operator: UnknownprojectId: Unknown - creating db connection using connection name: informix_connection
committing transaction
load Resource role with ids:[J@1b6e83f,[J@1b6e83f,[J@1b6e83f,[J@1b6e83f,[J@1b6e83f,[J@1b6e83f,[J@1b6e83f,[J@1b6e83f,[J@1b6e83f,[J@1b6e83f,[J@1b6e83f,[J@1b6e83f,[J@1b6e83f,[J@1b6e83f,[J@1b6e83f,[J@1b6e83f,[J@1b6e83f,[J@1b6e83f,[J@1b6e83f,[J@1b6e83f,[J@1b6e83f,[J@1b6e83f
operator: UnknownresourceId: Unknown - creating db connection using connection name: informix_connection
committing transaction
load Resource with ids:[J@1eb8f64,[J@1eb8f64,[J@1eb8f64
operator: UnknownresourceId: Unknown - creating db connection using connection name: informix_connection
load ResourceRole with id:4
operator: UnknownresourceId: Unknown - creating db connection using connection name: informix_connection
committing transaction
load ResourceRole with id:4
operator: UnknownresourceId: Unknown - creating db connection using connection name: informix_connection
committing transaction
load ResourceRole with id:4
operator: UnknownresourceId: Unknown - creating db connection using connection name: informix_connection
committing transaction
committing transaction
load Resource with ids:[J@183f841
operator: UnknownresourceId: Unknown - creating db connection using connection name: informix_connection
load ResourceRole with id:12
operator: UnknownresourceId: Unknown - creating db connection using connection name: informix_connection
committing transaction
committing transaction
load Resource with ids:[J@d5d68f
operator: UnknownresourceId: Unknown - creating db connection using connection name: informix_connection
load ResourceRole with id:13
operator: UnknownresourceId: Unknown - creating db connection using connection name: informix_connection
committing transaction
committing transaction
load Resource with ids:[J@18ba114
operator: UnknownresourceId: Unknown - creating db connection using connection name: informix_connection
load ResourceRole with id:9
operator: UnknownresourceId: Unknown - creating db connection using connection name: informix_connection
committing transaction
committing transaction
load Resource with ids:[J@322884,[J@322884
operator: UnknownresourceId: Unknown - creating db connection using connection name: informix_connection
load ResourceRole with id:1
operator: UnknownresourceId: Unknown - creating db connection using connection name: informix_connection
committing transaction
load ResourceRole with id:1
operator: UnknownresourceId: Unknown - creating db connection using connection name: informix_connection
committing transaction
committing transaction
operator: UnknownresourceId: 6 - load resource.
operator: UnknownresourceId: Unknown - creating db connection using connection name: informix_connection
load ResourceRole with id:4
operator: UnknownresourceId: Unknown - creating db connection using connection name: informix_connection
committing transaction
committing transaction
operator: UnknownresourceId: 4 - load resource.
operator: UnknownresourceId: Unknown - creating db connection using connection name: informix_connection
load ResourceRole with id:1
operator: UnknownresourceId: Unknown - creating db connection using connection name: informix_connection
committing transaction
committing transaction
operator: UnknownresourceId: 100000 - load resource.
operator: UnknownresourceId: Unknown - creating db connection using connection name: informix_connection
load ResourceRole with id:13
operator: UnknownresourceId: Unknown - creating db connection using connection name: informix_connection
committing transaction
committing transaction
operator: UnknownresourceId: 7 - load resource.
operator: UnknownresourceId: Unknown - creating db connection using connection name: informix_connection
load ResourceRole with id:4
operator: UnknownresourceId: Unknown - creating db connection using connection name: informix_connection
committing transaction
committing transaction
operator: UnknownresourceId: 5 - load resource.
operator: UnknownresourceId: Unknown - creating db connection using connection name: informix_connection
load ResourceRole with id:1
operator: UnknownresourceId: Unknown - creating db connection using connection name: informix_connection
committing transaction
committing transaction
load Resource with ids:[J@12cc302
operator: UnknownresourceId: Unknown - creating db connection using connection name: informix_connection
load ResourceRole with id:8
operator: UnknownresourceId: Unknown - creating db connection using connection name: informix_connection
committing transaction
committing transaction
load Resource with ids:[J@13f4e30,[J@13f4e30
operator: UnknownresourceId: Unknown - creating db connection using connection name: informix_connection
load ResourceRole with id:4
operator: UnknownresourceId: Unknown - creating db connection using connection name: informix_connection
committing transaction
load ResourceRole with id:4
operator: UnknownresourceId: Unknown - creating db connection using connection name: informix_connection
committing transaction
committing transaction
get projects with the ids: 1
operator: UnknownprojectId: Unknown - creating db connection using connection name: informix_connection
committing transaction
load Resource with ids:[J@1f2ce71
operator: UnknownresourceId: Unknown - creating db connection using connection name: informix_connection
load ResourceRole with id:1
operator: UnknownresourceId: Unknown - creating db connection using connection name: informix_connection
committing transaction
committing transaction
type: Upload id: Unknown operator:Unknown - search submissions with filter. found: 1
load Resource with ids:[J@14385bc,[J@14385bc
operator: UnknownresourceId: Unknown - creating db connection using connection name: informix_connection
load ResourceRole with id:4
operator: UnknownresourceId: Unknown - creating db connection using connection name: informix_connection
committing transaction
load ResourceRole with id:4
operator: UnknownresourceId: Unknown - creating db connection using connection name: informix_connection
committing transaction
committing transaction
operator: 1001phaseId: 107 - create aggregate worksheet.
load Notifications with array of userIds/projectIds/notificationTypes.
operator: UnknownresourceId: Unknown - creating db connection using connection name: informix_connection
committing transaction
get projects with the ids: 1
operator: UnknownprojectId: Unknown - creating db connection using connection name: informix_connection
committing transaction
load Resource role with ids:[J@14d11cc,[J@14d11cc,[J@14d11cc,[J@14d11cc,[J@14d11cc,[J@14d11cc,[J@14d11cc,[J@14d11cc,[J@14d11cc,[J@14d11cc,[J@14d11cc,[J@14d11cc,[J@14d11cc,[J@14d11cc,[J@14d11cc,[J@14d11cc,[J@14d11cc,[J@14d11cc,[J@14d11cc,[J@14d11cc,[J@14d11cc,[J@14d11cc
operator: UnknownresourceId: Unknown - creating db connection using connection name: informix_connection
committing transaction
load Resource with ids:[J@51289b,[J@51289b,[J@51289b
operator: UnknownresourceId: Unknown - creating db connection using connection name: informix_connection
load ResourceRole with id:4
operator: UnknownresourceId: Unknown - creating db connection using connection name: informix_connection
committing transaction
load ResourceRole with id:4
operator: UnknownresourceId: Unknown - creating db connection using connection name: informix_connection
committing transaction
load ResourceRole with id:4
operator: UnknownresourceId: Unknown - creating db connection using connection name: informix_connection
committing transaction
committing transaction
load Resource with ids:[J@110ebd1
operator: UnknownresourceId: Unknown - creating db connection using connection name: informix_connection
load ResourceRole with id:8
operator: UnknownresourceId: Unknown - creating db connection using connection name: informix_connection
committing transaction
committing transaction
load Resource with ids:[J@e1a5a9
operator: UnknownresourceId: Unknown - creating db connection using connection name: informix_connection
load ResourceRole with id:12
operator: UnknownresourceId: Unknown - creating db connection using connection name: informix_connection
committing transaction
committing transaction
load Resource with ids:[J@4340f2
operator: UnknownresourceId: Unknown - creating db connection using connection name: informix_connection
load ResourceRole with id:13
operator: UnknownresourceId: Unknown - creating db connection using connection name: informix_connection
committing transaction
committing transaction
load Resource with ids:[J@9a587b
operator: UnknownresourceId: Unknown - creating db connection using connection name: informix_connection
load ResourceRole with id:9
operator: UnknownresourceId: Unknown - creating db connection using connection name: informix_connection
committing transaction
committing transaction
load Resource with ids:[J@192fb6d,[J@192fb6d
operator: UnknownresourceId: Unknown - creating db connection using connection name: informix_connection
load ResourceRole with id:1
operator: UnknownresourceId: Unknown - creating db connection using connection name: informix_connection
committing transaction
load ResourceRole with id:1
operator: UnknownresourceId: Unknown - creating db connection using connection name: informix_connection
committing transaction
committing transaction
operator: UnknownresourceId: 6 - load resource.
operator: UnknownresourceId: Unknown - creating db connection using connection name: informix_connection
load ResourceRole with id:4
operator: UnknownresourceId: Unknown - creating db connection using connection name: informix_connection
committing transaction
committing transaction
operator: UnknownresourceId: 4 - load resource.
operator: UnknownresourceId: Unknown - creating db connection using connection name: informix_connection
load ResourceRole with id:1
operator: UnknownresourceId: Unknown - creating db connection using connection name: informix_connection
committing transaction
committing transaction
operator: UnknownresourceId: 100000 - load resource.
operator: UnknownresourceId: Unknown - creating db connection using connection name: informix_connection
load ResourceRole with id:13
operator: UnknownresourceId: Unknown - creating db connection using connection name: informix_connection
committing transaction
committing transaction
operator: UnknownresourceId: 7 - load resource.
operator: UnknownresourceId: Unknown - creating db connection using connection name: informix_connection
load ResourceRole with id:4
operator: UnknownresourceId: Unknown - creating db connection using connection name: informix_connection
committing transaction
committing transaction
operator: UnknownresourceId: 5 - load resource.
operator: UnknownresourceId: Unknown - creating db connection using connection name: informix_connection
load ResourceRole with id:1
operator: UnknownresourceId: Unknown - creating db connection using connection name: informix_connection
committing transaction
committing transaction
Read propery[ConnectionFactoryNS] which is  required  with value[com.topcoder.db.connectionfactory.DBConnectionFactoryImpl] from namespace [com.topcoder.management.project.persistence.InformixProjectPersistence].
Read propery[ConnectionName] which is  optional  with value[informix_connection] from namespace [com.topcoder.management.project.persistence.InformixProjectPersistence].
Read propery[ProjectIdSequenceName] which is  optional  with value[project_id_seq] from namespace [com.topcoder.management.project.persistence.InformixProjectPersistence].
Read propery[ProjectAuditIdSequenceName] which is  optional  with value[project_audit_id_seq] from namespace [com.topcoder.management.project.persistence.InformixProjectPersistence].
Read propery[ConnectionFactoryNS] which is  required  with value[com.topcoder.db.connectionfactory.DBConnectionFactoryImpl] from namespace [com.topcoder.management.project.persistence.link.ProjectLinkManagerImpl].
Read propery[ConnectionName] which is  optional  with value[informix_connection] from namespace [com.topcoder.management.project.persistence.link.ProjectLinkManagerImpl].
read property ConnectionFactoryNS[com.topcoder.db.connectionfactory.DBConnectionFactoryImpl] from the namespace :com.topcoder.management.scorecard.persistence.InformixScorecardPersistence
read property ConnectionName[informix_connection] from the namespace :com.topcoder.management.scorecard.persistence.InformixScorecardPersistence
Instantiate SqlUploadPersistence with connectionFactory and connectioName:informix_connection
Instantiate PersistenceUploadManager with UploadPersistence, uploadSearchBundle, submissionSearchBundle, uploadIdGenerator, uploadTypeIdGenerator, uploadStatusIdGenerator, submissionIDGenerator, submissionStatusIdGenerator and submissionTypeIdGenerator.
Instantiate AbstractResourcePersistence with connectionFactory and connectionName[informix_connection].
load Resource role with ids:[J@12fe767,[J@12fe767,[J@12fe767,[J@12fe767,[J@12fe767,[J@12fe767,[J@12fe767,[J@12fe767,[J@12fe767,[J@12fe767,[J@12fe767,[J@12fe767,[J@12fe767,[J@12fe767,[J@12fe767,[J@12fe767,[J@12fe767,[J@12fe767,[J@12fe767,[J@12fe767,[J@12fe767,[J@12fe767
operator: UnknownresourceId: Unknown - creating db connection using connection name: informix_connection
committing transaction
Read propery[ConnectionFactoryNS] which is  required  with value[com.topcoder.db.connectionfactory.DBConnectionFactoryImpl] from namespace [com.topcoder.management.project.persistence.InformixProjectPersistence].
Read propery[ConnectionName] which is  optional  with value[informix_connection] from namespace [com.topcoder.management.project.persistence.InformixProjectPersistence].
Read propery[ProjectIdSequenceName] which is  optional  with value[project_id_seq] from namespace [com.topcoder.management.project.persistence.InformixProjectPersistence].
Read propery[ProjectAuditIdSequenceName] which is  optional  with value[project_audit_id_seq] from namespace [com.topcoder.management.project.persistence.InformixProjectPersistence].
Read propery[ConnectionFactoryNS] which is  required  with value[com.topcoder.db.connectionfactory.DBConnectionFactoryImpl] from namespace [com.topcoder.management.project.persistence.link.ProjectLinkManagerImpl].
Read propery[ConnectionName] which is  optional  with value[informix_connection] from namespace [com.topcoder.management.project.persistence.link.ProjectLinkManagerImpl].
read property ConnectionFactoryNS[com.topcoder.db.connectionfactory.DBConnectionFactoryImpl] from the namespace :com.topcoder.management.scorecard.persistence.InformixScorecardPersistence
read property ConnectionName[informix_connection] from the namespace :com.topcoder.management.scorecard.persistence.InformixScorecardPersistence
Instantiate SqlUploadPersistence with connectionFactory and connectioName:informix_connection
Instantiate PersistenceUploadManager with UploadPersistence, uploadSearchBundle, submissionSearchBundle, uploadIdGenerator, uploadTypeIdGenerator, uploadStatusIdGenerator, submissionIDGenerator, submissionStatusIdGenerator and submissionTypeIdGenerator.
Instantiate AbstractResourcePersistence with connectionFactory and connectionName[informix_connection].
load Resource role with ids:[J@1516f91,[J@1516f91,[J@1516f91,[J@1516f91,[J@1516f91,[J@1516f91,[J@1516f91,[J@1516f91,[J@1516f91,[J@1516f91,[J@1516f91,[J@1516f91,[J@1516f91,[J@1516f91,[J@1516f91,[J@1516f91,[J@1516f91,[J@1516f91,[J@1516f91,[J@1516f91,[J@1516f91,[J@1516f91
operator: UnknownresourceId: Unknown - creating db connection using connection name: informix_connection
committing transaction
type: Upload id: Unknown operator:Unknown - search submissions with filter. found: 2
load Resource with ids:[J@11bbbd6,[J@11bbbd6
operator: UnknownresourceId: Unknown - creating db connection using connection name: informix_connection
load ResourceRole with id:4
operator: UnknownresourceId: Unknown - creating db connection using connection name: informix_connection
committing transaction
load ResourceRole with id:4
operator: UnknownresourceId: Unknown - creating db connection using connection name: informix_connection
committing transaction
committing transaction
type: Submission id: 1 operator:1001 - update Submission.
type: Submission id: 1 operator:Unknown - Update Submission, it will update record in submission table.
create db connection using connection name:informix_connection
close the connection.
type: Submission id: 2 operator:1001 - update Submission.
type: Submission id: 2 operator:Unknown - Update Submission, it will update record in submission table.
create db connection using connection name:informix_connection
close the connection.
operator: UnknownresourceId: 4 - load resource.
operator: UnknownresourceId: Unknown - creating db connection using connection name: informix_connection
load ResourceRole with id:1
operator: UnknownresourceId: Unknown - creating db connection using connection name: informix_connection
committing transaction
committing transaction
operator: UnknownresourceId: 5 - load resource.
operator: UnknownresourceId: Unknown - creating db connection using connection name: informix_connection
load ResourceRole with id:1
operator: UnknownresourceId: Unknown - creating db connection using connection name: informix_connection
committing transaction
committing transaction
load Notifications with array of userIds/projectIds/notificationTypes.
operator: UnknownresourceId: Unknown - creating db connection using connection name: informix_connection
committing transaction
get projects with the ids: 1
operator: UnknownprojectId: Unknown - creating db connection using connection name: informix_connection
committing transaction
load Resource role with ids:[J@11e5932,[J@11e5932,[J@11e5932,[J@11e5932,[J@11e5932,[J@11e5932,[J@11e5932,[J@11e5932,[J@11e5932,[J@11e5932,[J@11e5932,[J@11e5932,[J@11e5932,[J@11e5932,[J@11e5932,[J@11e5932,[J@11e5932,[J@11e5932,[J@11e5932,[J@11e5932,[J@11e5932,[J@11e5932
operator: UnknownresourceId: Unknown - creating db connection using connection name: informix_connection
committing transaction
load Resource with ids:[J@1c2495,[J@1c2495,[J@1c2495
operator: UnknownresourceId: Unknown - creating db connection using connection name: informix_connection
load ResourceRole with id:4
operator: UnknownresourceId: Unknown - creating db connection using connection name: informix_connection
committing transaction
load ResourceRole with id:4
operator: UnknownresourceId: Unknown - creating db connection using connection name: informix_connection
committing transaction
load ResourceRole with id:4
operator: UnknownresourceId: Unknown - creating db connection using connection name: informix_connection
committing transaction
committing transaction
load Resource with ids:[J@1d6e3bc
operator: UnknownresourceId: Unknown - creating db connection using connection name: informix_connection
load ResourceRole with id:12
operator: UnknownresourceId: Unknown - creating db connection using connection name: informix_connection
committing transaction
committing transaction
load Resource with ids:[J@315086
operator: UnknownresourceId: Unknown - creating db connection using connection name: informix_connection
load ResourceRole with id:13
operator: UnknownresourceId: Unknown - creating db connection using connection name: informix_connection
committing transaction
committing transaction
load Resource with ids:[J@1a699e1
operator: UnknownresourceId: Unknown - creating db connection using connection name: informix_connection
load ResourceRole with id:9
operator: UnknownresourceId: Unknown - creating db connection using connection name: informix_connection
committing transaction
committing transaction
load Resource with ids:[J@3631c9,[J@3631c9
operator: UnknownresourceId: Unknown - creating db connection using connection name: informix_connection
load ResourceRole with id:1
operator: UnknownresourceId: Unknown - creating db connection using connection name: informix_connection
committing transaction
load ResourceRole with id:1
operator: UnknownresourceId: Unknown - creating db connection using connection name: informix_connection
committing transaction
committing transaction
operator: UnknownresourceId: 6 - load resource.
operator: UnknownresourceId: Unknown - creating db connection using connection name: informix_connection
load ResourceRole with id:4
operator: UnknownresourceId: Unknown - creating db connection using connection name: informix_connection
committing transaction
committing transaction
operator: UnknownresourceId: 4 - load resource.
operator: UnknownresourceId: Unknown - creating db connection using connection name: informix_connection
load ResourceRole with id:1
operator: UnknownresourceId: Unknown - creating db connection using connection name: informix_connection
committing transaction
committing transaction
operator: UnknownresourceId: 100000 - load resource.
operator: UnknownresourceId: Unknown - creating db connection using connection name: informix_connection
load ResourceRole with id:13
operator: UnknownresourceId: Unknown - creating db connection using connection name: informix_connection
committing transaction
committing transaction
operator: UnknownresourceId: 7 - load resource.
operator: UnknownresourceId: Unknown - creating db connection using connection name: informix_connection
load ResourceRole with id:4
operator: UnknownresourceId: Unknown - creating db connection using connection name: informix_connection
committing transaction
committing transaction
operator: UnknownresourceId: 5 - load resource.
operator: UnknownresourceId: Unknown - creating db connection using connection name: informix_connection
load ResourceRole with id:1
operator: UnknownresourceId: Unknown - creating db connection using connection name: informix_connection
committing transaction
committing transaction
type: Upload id: Unknown operator:Unknown - search submissions with filter. found: 2
load Resource with ids:[J@1af2cc0,[J@1af2cc0
operator: UnknownresourceId: Unknown - creating db connection using connection name: informix_connection
load ResourceRole with id:4
operator: UnknownresourceId: Unknown - creating db connection using connection name: informix_connection
committing transaction
load ResourceRole with id:4
operator: UnknownresourceId: Unknown - creating db connection using connection name: informix_connection
committing transaction
committing transaction
type: Scorecard id: Unknown operator:Unknown - retrieve scorecard with ids:1, and is incomplete
create db connection with connect name:informix_connection
close the connection.
get All submission statuses, delegate to persistence.
get All submission statuses, delegate to persistence.
create db connection using connection name:informix_connection
close the connection.
type: SubmissionStatus id: Unknown operator:Unknown - Load SubmissionStatuses with ids:1,2,3,4,5
create db connection using connection name:informix_connection
close the connection.
get All submission statuses, delegate to persistence.
get All submission statuses, delegate to persistence.
create db connection using connection name:informix_connection
close the connection.
type: SubmissionStatus id: Unknown operator:Unknown - Load SubmissionStatuses with ids:1,2,3,4,5
create db connection using connection name:informix_connection
close the connection.
operator: UnknownresourceId: 4 - load resource.
operator: UnknownresourceId: Unknown - creating db connection using connection name: informix_connection
load ResourceRole with id:1
operator: UnknownresourceId: Unknown - creating db connection using connection name: informix_connection
committing transaction
committing transaction
type: Submission id: 1 operator:1001 - update Submission.
type: Submission id: 1 operator:Unknown - Update Submission, it will update record in submission table.
create db connection using connection name:informix_connection
close the connection.
operator: UnknownresourceId: 5 - load resource.
operator: UnknownresourceId: Unknown - creating db connection using connection name: informix_connection
load ResourceRole with id:1
operator: UnknownresourceId: Unknown - creating db connection using connection name: informix_connection
committing transaction
committing transaction
type: Submission id: 2 operator:1001 - update Submission.
type: Submission id: 2 operator:Unknown - Update Submission, it will update record in submission table.
create db connection using connection name:informix_connection
close the connection.
get projects with the ids: 1
operator: UnknownprojectId: Unknown - creating db connection using connection name: informix_connection
committing transaction
operator: 1001projectId: 1 - updating project: {Winner External Reference ID=4, Project Name=Online Review Phases, Project Version=1.2, Send Winner Emails=true, Post-Mortem Required=true}
operator: UnknownprojectId: Unknown - creating db connection using connection name: informix_connection
operator: 1001projectId: 1 - update project with projectId:1
operator: 1001projectId: 1 - update project, update project_info with projectId:1
operator: 1001projectId: 1 - insert record into project_info with project id1
operator: 1001projectId: 1 - generate new id for the project audit.
insert record into project_audit with projectId:1
operator: 1001projectId: 1 - execute sql:SELECT modify_date FROM project WHERE project_id=?
committing transaction
operator: UnknownresourceId: 4 - load resource.
operator: UnknownresourceId: Unknown - creating db connection using connection name: informix_connection
load ResourceRole with id:1
operator: UnknownresourceId: Unknown - creating db connection using connection name: informix_connection
committing transaction
committing transaction
operator: UnknownresourceId: 5 - load resource.
operator: UnknownresourceId: Unknown - creating db connection using connection name: informix_connection
load ResourceRole with id:1
operator: UnknownresourceId: Unknown - creating db connection using connection name: informix_connection
committing transaction
committing transaction
load Notifications with array of userIds/projectIds/notificationTypes.
operator: UnknownresourceId: Unknown - creating db connection using connection name: informix_connection
committing transaction
get projects with the ids: 1
operator: UnknownprojectId: Unknown - creating db connection using connection name: informix_connection
committing transaction
load Resource role with ids:[J@ad0636,[J@ad0636,[J@ad0636,[J@ad0636,[J@ad0636,[J@ad0636,[J@ad0636,[J@ad0636,[J@ad0636,[J@ad0636,[J@ad0636,[J@ad0636,[J@ad0636,[J@ad0636,[J@ad0636,[J@ad0636,[J@ad0636,[J@ad0636,[J@ad0636,[J@ad0636,[J@ad0636,[J@ad0636
operator: UnknownresourceId: Unknown - creating db connection using connection name: informix_connection
committing transaction
load Resource with ids:[J@1b7713d,[J@1b7713d,[J@1b7713d
operator: UnknownresourceId: Unknown - creating db connection using connection name: informix_connection
load ResourceRole with id:4
operator: UnknownresourceId: Unknown - creating db connection using connection name: informix_connection
committing transaction
load ResourceRole with id:4
operator: UnknownresourceId: Unknown - creating db connection using connection name: informix_connection
committing transaction
load ResourceRole with id:4
operator: UnknownresourceId: Unknown - creating db connection using connection name: informix_connection
committing transaction
committing transaction
load Resource with ids:[J@142a5d9
operator: UnknownresourceId: Unknown - creating db connection using connection name: informix_connection
load ResourceRole with id:12
operator: UnknownresourceId: Unknown - creating db connection using connection name: informix_connection
committing transaction
committing transaction
load Resource with ids:[J@e74627
operator: UnknownresourceId: Unknown - creating db connection using connection name: informix_connection
load ResourceRole with id:13
operator: UnknownresourceId: Unknown - creating db connection using connection name: informix_connection
committing transaction
committing transaction
load Resource with ids:[J@186eaa5
operator: UnknownresourceId: Unknown - creating db connection using connection name: informix_connection
load ResourceRole with id:9
operator: UnknownresourceId: Unknown - creating db connection using connection name: informix_connection
committing transaction
committing transaction
load Resource with ids:[J@113ee62,[J@113ee62
operator: UnknownresourceId: Unknown - creating db connection using connection name: informix_connection
load ResourceRole with id:1
operator: UnknownresourceId: Unknown - creating db connection using connection name: informix_connection
committing transaction
load ResourceRole with id:1
operator: UnknownresourceId: Unknown - creating db connection using connection name: informix_connection
committing transaction
committing transaction
operator: UnknownresourceId: 6 - load resource.
operator: UnknownresourceId: Unknown - creating db connection using connection name: informix_connection
load ResourceRole with id:4
operator: UnknownresourceId: Unknown - creating db connection using connection name: informix_connection
committing transaction
committing transaction
operator: UnknownresourceId: 4 - load resource.
operator: UnknownresourceId: Unknown - creating db connection using connection name: informix_connection
load ResourceRole with id:1
operator: UnknownresourceId: Unknown - creating db connection using connection name: informix_connection
committing transaction
committing transaction
operator: UnknownresourceId: 100000 - load resource.
operator: UnknownresourceId: Unknown - creating db connection using connection name: informix_connection
load ResourceRole with id:13
operator: UnknownresourceId: Unknown - creating db connection using connection name: informix_connection
committing transaction
committing transaction
operator: UnknownresourceId: 7 - load resource.
operator: UnknownresourceId: Unknown - creating db connection using connection name: informix_connection
load ResourceRole with id:4
operator: UnknownresourceId: Unknown - creating db connection using connection name: informix_connection
committing transaction
committing transaction
operator: UnknownresourceId: 5 - load resource.
operator: UnknownresourceId: Unknown - creating db connection using connection name: informix_connection
load ResourceRole with id:1
operator: UnknownresourceId: Unknown - creating db connection using connection name: informix_connection
committing transaction
committing transaction
load Resource with ids:[J@17d1a6f
operator: UnknownresourceId: Unknown - creating db connection using connection name: informix_connection
load ResourceRole with id:8
operator: UnknownresourceId: Unknown - creating db connection using connection name: informix_connection
committing transaction
committing transaction
load Resource with ids:[J@7a015a,[J@7a015a
operator: UnknownresourceId: Unknown - creating db connection using connection name: informix_connection
load ResourceRole with id:4
operator: UnknownresourceId: Unknown - creating db connection using connection name: informix_connection
committing transaction
load ResourceRole with id:4
operator: UnknownresourceId: Unknown - creating db connection using connection name: informix_connection
committing transaction
committing transaction
get projects with the ids: 1
operator: UnknownprojectId: Unknown - creating db connection using connection name: informix_connection
committing transaction
load Resource with ids:[J@a87cea
operator: UnknownresourceId: Unknown - creating db connection using connection name: informix_connection
load ResourceRole with id:1
operator: UnknownresourceId: Unknown - creating db connection using connection name: informix_connection
committing transaction
committing transaction
type: Upload id: Unknown operator:Unknown - search submissions with filter. found: 1
load Resource with ids:[J@132014,[J@132014
operator: UnknownresourceId: Unknown - creating db connection using connection name: informix_connection
load ResourceRole with id:4
operator: UnknownresourceId: Unknown - creating db connection using connection name: informix_connection
committing transaction
load ResourceRole with id:4
operator: UnknownresourceId: Unknown - creating db connection using connection name: informix_connection
committing transaction
committing transaction
operator: 1001phaseId: 107 - create aggregate worksheet.
load Notifications with array of userIds/projectIds/notificationTypes.
operator: UnknownresourceId: Unknown - creating db connection using connection name: informix_connection
committing transaction
get projects with the ids: 1
operator: UnknownprojectId: Unknown - creating db connection using connection name: informix_connection
committing transaction
load Resource role with ids:[J@185babe,[J@185babe,[J@185babe,[J@185babe,[J@185babe,[J@185babe,[J@185babe,[J@185babe,[J@185babe,[J@185babe,[J@185babe,[J@185babe,[J@185babe,[J@185babe,[J@185babe,[J@185babe,[J@185babe,[J@185babe,[J@185babe,[J@185babe,[J@185babe,[J@185babe
operator: UnknownresourceId: Unknown - creating db connection using connection name: informix_connection
committing transaction
load Resource with ids:[J@11fe161,[J@11fe161,[J@11fe161
operator: UnknownresourceId: Unknown - creating db connection using connection name: informix_connection
load ResourceRole with id:4
operator: UnknownresourceId: Unknown - creating db connection using connection name: informix_connection
committing transaction
load ResourceRole with id:4
operator: UnknownresourceId: Unknown - creating db connection using connection name: informix_connection
committing transaction
load ResourceRole with id:4
operator: UnknownresourceId: Unknown - creating db connection using connection name: informix_connection
committing transaction
committing transaction
load Resource with ids:[J@41d377
operator: UnknownresourceId: Unknown - creating db connection using connection name: informix_connection
load ResourceRole with id:8
operator: UnknownresourceId: Unknown - creating db connection using connection name: informix_connection
committing transaction
committing transaction
load Resource with ids:[J@44a37d
operator: UnknownresourceId: Unknown - creating db connection using connection name: informix_connection
load ResourceRole with id:12
operator: UnknownresourceId: Unknown - creating db connection using connection name: informix_connection
committing transaction
committing transaction
load Resource with ids:[J@d606b4
operator: UnknownresourceId: Unknown - creating db connection using connection name: informix_connection
load ResourceRole with id:13
operator: UnknownresourceId: Unknown - creating db connection using connection name: informix_connection
committing transaction
committing transaction
load Resource with ids:[J@1696e9e
operator: UnknownresourceId: Unknown - creating db connection using connection name: informix_connection
load ResourceRole with id:9
operator: UnknownresourceId: Unknown - creating db connection using connection name: informix_connection
committing transaction
committing transaction
load Resource with ids:[J@49df0f,[J@49df0f
operator: UnknownresourceId: Unknown - creating db connection using connection name: informix_connection
load ResourceRole with id:1
operator: UnknownresourceId: Unknown - creating db connection using connection name: informix_connection
committing transaction
load ResourceRole with id:1
operator: UnknownresourceId: Unknown - creating db connection using connection name: informix_connection
committing transaction
committing transaction
operator: UnknownresourceId: 6 - load resource.
operator: UnknownresourceId: Unknown - creating db connection using connection name: informix_connection
load ResourceRole with id:4
operator: UnknownresourceId: Unknown - creating db connection using connection name: informix_connection
committing transaction
committing transaction
operator: UnknownresourceId: 4 - load resource.
operator: UnknownresourceId: Unknown - creating db connection using connection name: informix_connection
load ResourceRole with id:1
operator: UnknownresourceId: Unknown - creating db connection using connection name: informix_connection
committing transaction
committing transaction
operator: UnknownresourceId: 100000 - load resource.
operator: UnknownresourceId: Unknown - creating db connection using connection name: informix_connection
load ResourceRole with id:13
operator: UnknownresourceId: Unknown - creating db connection using connection name: informix_connection
committing transaction
committing transaction
operator: UnknownresourceId: 7 - load resource.
operator: UnknownresourceId: Unknown - creating db connection using connection name: informix_connection
load ResourceRole with id:4
operator: UnknownresourceId: Unknown - creating db connection using connection name: informix_connection
committing transaction
committing transaction
operator: UnknownresourceId: 5 - load resource.
operator: UnknownresourceId: Unknown - creating db connection using connection name: informix_connection
load ResourceRole with id:1
operator: UnknownresourceId: Unknown - creating db connection using connection name: informix_connection
committing transaction
committing transaction
Read propery[ConnectionFactoryNS] which is  required  with value[com.topcoder.db.connectionfactory.DBConnectionFactoryImpl] from namespace [com.topcoder.management.project.persistence.InformixProjectPersistence].
Read propery[ConnectionName] which is  optional  with value[informix_connection] from namespace [com.topcoder.management.project.persistence.InformixProjectPersistence].
Read propery[ProjectIdSequenceName] which is  optional  with value[project_id_seq] from namespace [com.topcoder.management.project.persistence.InformixProjectPersistence].
Read propery[ProjectAuditIdSequenceName] which is  optional  with value[project_audit_id_seq] from namespace [com.topcoder.management.project.persistence.InformixProjectPersistence].
Read propery[ConnectionFactoryNS] which is  required  with value[com.topcoder.db.connectionfactory.DBConnectionFactoryImpl] from namespace [com.topcoder.management.project.persistence.link.ProjectLinkManagerImpl].
Read propery[ConnectionName] which is  optional  with value[informix_connection] from namespace [com.topcoder.management.project.persistence.link.ProjectLinkManagerImpl].
read property ConnectionFactoryNS[com.topcoder.db.connectionfactory.DBConnectionFactoryImpl] from the namespace :com.topcoder.management.scorecard.persistence.InformixScorecardPersistence
read property ConnectionName[informix_connection] from the namespace :com.topcoder.management.scorecard.persistence.InformixScorecardPersistence
Instantiate SqlUploadPersistence with connectionFactory and connectioName:informix_connection
Instantiate PersistenceUploadManager with UploadPersistence, uploadSearchBundle, submissionSearchBundle, uploadIdGenerator, uploadTypeIdGenerator, uploadStatusIdGenerator, submissionIDGenerator, submissionStatusIdGenerator and submissionTypeIdGenerator.
Instantiate AbstractResourcePersistence with connectionFactory and connectionName[informix_connection].
load Resource role with ids:[J@96bed3,[J@96bed3,[J@96bed3,[J@96bed3,[J@96bed3,[J@96bed3,[J@96bed3,[J@96bed3,[J@96bed3,[J@96bed3,[J@96bed3,[J@96bed3,[J@96bed3,[J@96bed3,[J@96bed3,[J@96bed3,[J@96bed3,[J@96bed3,[J@96bed3,[J@96bed3,[J@96bed3,[J@96bed3
operator: UnknownresourceId: Unknown - creating db connection using connection name: informix_connection
committing transaction
Read propery[ConnectionFactoryNS] which is  required  with value[com.topcoder.db.connectionfactory.DBConnectionFactoryImpl] from namespace [com.topcoder.management.project.persistence.InformixProjectPersistence].
Read propery[ConnectionName] which is  optional  with value[informix_connection] from namespace [com.topcoder.management.project.persistence.InformixProjectPersistence].
Read propery[ProjectIdSequenceName] which is  optional  with value[project_id_seq] from namespace [com.topcoder.management.project.persistence.InformixProjectPersistence].
Read propery[ProjectAuditIdSequenceName] which is  optional  with value[project_audit_id_seq] from namespace [com.topcoder.management.project.persistence.InformixProjectPersistence].
Read propery[ConnectionFactoryNS] which is  required  with value[com.topcoder.db.connectionfactory.DBConnectionFactoryImpl] from namespace [com.topcoder.management.project.persistence.link.ProjectLinkManagerImpl].
Read propery[ConnectionName] which is  optional  with value[informix_connection] from namespace [com.topcoder.management.project.persistence.link.ProjectLinkManagerImpl].
read property ConnectionFactoryNS[com.topcoder.db.connectionfactory.DBConnectionFactoryImpl] from the namespace :com.topcoder.management.scorecard.persistence.InformixScorecardPersistence
read property ConnectionName[informix_connection] from the namespace :com.topcoder.management.scorecard.persistence.InformixScorecardPersistence
Instantiate SqlUploadPersistence with connectionFactory and connectioName:informix_connection
Instantiate PersistenceUploadManager with UploadPersistence, uploadSearchBundle, submissionSearchBundle, uploadIdGenerator, uploadTypeIdGenerator, uploadStatusIdGenerator, submissionIDGenerator, submissionStatusIdGenerator and submissionTypeIdGenerator.
Instantiate AbstractResourcePersistence with connectionFactory and connectionName[informix_connection].
load Resource role with ids:[J@453c5c,[J@453c5c,[J@453c5c,[J@453c5c,[J@453c5c,[J@453c5c,[J@453c5c,[J@453c5c,[J@453c5c,[J@453c5c,[J@453c5c,[J@453c5c,[J@453c5c,[J@453c5c,[J@453c5c,[J@453c5c,[J@453c5c,[J@453c5c,[J@453c5c,[J@453c5c,[J@453c5c,[J@453c5c
operator: UnknownresourceId: Unknown - creating db connection using connection name: informix_connection
committing transaction
type: Upload id: Unknown operator:Unknown - search submissions with filter. found: 2
load Resource with ids:[J@1306bdf,[J@1306bdf
operator: UnknownresourceId: Unknown - creating db connection using connection name: informix_connection
load ResourceRole with id:4
operator: UnknownresourceId: Unknown - creating db connection using connection name: informix_connection
committing transaction
load ResourceRole with id:4
operator: UnknownresourceId: Unknown - creating db connection using connection name: informix_connection
committing transaction
committing transaction
type: Submission id: 1 operator:1001 - update Submission.
type: Submission id: 1 operator:Unknown - Update Submission, it will update record in submission table.
create db connection using connection name:informix_connection
close the connection.
type: Submission id: 2 operator:1001 - update Submission.
type: Submission id: 2 operator:Unknown - Update Submission, it will update record in submission table.
create db connection using connection name:informix_connection
close the connection.
operator: UnknownresourceId: 4 - load resource.
operator: UnknownresourceId: Unknown - creating db connection using connection name: informix_connection
load ResourceRole with id:1
operator: UnknownresourceId: Unknown - creating db connection using connection name: informix_connection
committing transaction
committing transaction
operator: UnknownresourceId: 5 - load resource.
operator: UnknownresourceId: Unknown - creating db connection using connection name: informix_connection
load ResourceRole with id:1
operator: UnknownresourceId: Unknown - creating db connection using connection name: informix_connection
committing transaction
committing transaction
load Notifications with array of userIds/projectIds/notificationTypes.
operator: UnknownresourceId: Unknown - creating db connection using connection name: informix_connection
committing transaction
get projects with the ids: 1
operator: UnknownprojectId: Unknown - creating db connection using connection name: informix_connection
committing transaction
load Resource role with ids:[J@126fc24,[J@126fc24,[J@126fc24,[J@126fc24,[J@126fc24,[J@126fc24,[J@126fc24,[J@126fc24,[J@126fc24,[J@126fc24,[J@126fc24,[J@126fc24,[J@126fc24,[J@126fc24,[J@126fc24,[J@126fc24,[J@126fc24,[J@126fc24,[J@126fc24,[J@126fc24,[J@126fc24,[J@126fc24
operator: UnknownresourceId: Unknown - creating db connection using connection name: informix_connection
committing transaction
load Resource with ids:[J@242c99,[J@242c99,[J@242c99
operator: UnknownresourceId: Unknown - creating db connection using connection name: informix_connection
load ResourceRole with id:4
operator: UnknownresourceId: Unknown - creating db connection using connection name: informix_connection
committing transaction
load ResourceRole with id:4
operator: UnknownresourceId: Unknown - creating db connection using connection name: informix_connection
committing transaction
load ResourceRole with id:4
operator: UnknownresourceId: Unknown - creating db connection using connection name: informix_connection
committing transaction
committing transaction
load Resource with ids:[J@2975c6
operator: UnknownresourceId: Unknown - creating db connection using connection name: informix_connection
load ResourceRole with id:12
operator: UnknownresourceId: Unknown - creating db connection using connection name: informix_connection
committing transaction
committing transaction
load Resource with ids:[J@1836856
operator: UnknownresourceId: Unknown - creating db connection using connection name: informix_connection
load ResourceRole with id:13
operator: UnknownresourceId: Unknown - creating db connection using connection name: informix_connection
committing transaction
committing transaction
load Resource with ids:[J@3167c2
operator: UnknownresourceId: Unknown - creating db connection using connection name: informix_connection
load ResourceRole with id:9
operator: UnknownresourceId: Unknown - creating db connection using connection name: informix_connection
committing transaction
committing transaction
load Resource with ids:[J@1c5a4c5,[J@1c5a4c5
operator: UnknownresourceId: Unknown - creating db connection using connection name: informix_connection
load ResourceRole with id:1
operator: UnknownresourceId: Unknown - creating db connection using connection name: informix_connection
committing transaction
load ResourceRole with id:1
operator: UnknownresourceId: Unknown - creating db connection using connection name: informix_connection
committing transaction
committing transaction
operator: UnknownresourceId: 6 - load resource.
operator: UnknownresourceId: Unknown - creating db connection using connection name: informix_connection
load ResourceRole with id:4
operator: UnknownresourceId: Unknown - creating db connection using connection name: informix_connection
committing transaction
committing transaction
operator: UnknownresourceId: 4 - load resource.
operator: UnknownresourceId: Unknown - creating db connection using connection name: informix_connection
load ResourceRole with id:1
operator: UnknownresourceId: Unknown - creating db connection using connection name: informix_connection
committing transaction
committing transaction
operator: UnknownresourceId: 100000 - load resource.
operator: UnknownresourceId: Unknown - creating db connection using connection name: informix_connection
load ResourceRole with id:13
operator: UnknownresourceId: Unknown - creating db connection using connection name: informix_connection
committing transaction
committing transaction
operator: UnknownresourceId: 7 - load resource.
operator: UnknownresourceId: Unknown - creating db connection using connection name: informix_connection
load ResourceRole with id:4
operator: UnknownresourceId: Unknown - creating db connection using connection name: informix_connection
committing transaction
committing transaction
operator: UnknownresourceId: 5 - load resource.
operator: UnknownresourceId: Unknown - creating db connection using connection name: informix_connection
load ResourceRole with id:1
operator: UnknownresourceId: Unknown - creating db connection using connection name: informix_connection
committing transaction
committing transaction
type: Upload id: Unknown operator:Unknown - search submissions with filter. found: 2
load Resource with ids:[J@1fdd417,[J@1fdd417
operator: UnknownresourceId: Unknown - creating db connection using connection name: informix_connection
load ResourceRole with id:4
operator: UnknownresourceId: Unknown - creating db connection using connection name: informix_connection
committing transaction
load ResourceRole with id:4
operator: UnknownresourceId: Unknown - creating db connection using connection name: informix_connection
committing transaction
committing transaction
type: Scorecard id: Unknown operator:Unknown - retrieve scorecard with ids:1, and is incomplete
create db connection with connect name:informix_connection
close the connection.
get All submission statuses, delegate to persistence.
get All submission statuses, delegate to persistence.
create db connection using connection name:informix_connection
close the connection.
type: SubmissionStatus id: Unknown operator:Unknown - Load SubmissionStatuses with ids:1,2,3,4,5
create db connection using connection name:informix_connection
close the connection.
get All submission statuses, delegate to persistence.
get All submission statuses, delegate to persistence.
create db connection using connection name:informix_connection
close the connection.
type: SubmissionStatus id: Unknown operator:Unknown - Load SubmissionStatuses with ids:1,2,3,4,5
create db connection using connection name:informix_connection
close the connection.
operator: UnknownresourceId: 4 - load resource.
operator: UnknownresourceId: Unknown - creating db connection using connection name: informix_connection
load ResourceRole with id:1
operator: UnknownresourceId: Unknown - creating db connection using connection name: informix_connection
committing transaction
committing transaction
type: Submission id: 1 operator:1001 - update Submission.
type: Submission id: 1 operator:Unknown - Update Submission, it will update record in submission table.
create db connection using connection name:informix_connection
close the connection.
operator: UnknownresourceId: 5 - load resource.
operator: UnknownresourceId: Unknown - creating db connection using connection name: informix_connection
load ResourceRole with id:1
operator: UnknownresourceId: Unknown - creating db connection using connection name: informix_connection
committing transaction
committing transaction
type: Submission id: 2 operator:1001 - update Submission.
type: Submission id: 2 operator:Unknown - Update Submission, it will update record in submission table.
create db connection using connection name:informix_connection
close the connection.
get projects with the ids: 1
operator: UnknownprojectId: Unknown - creating db connection using connection name: informix_connection
committing transaction
operator: 1001projectId: 1 - updating project: {Winner External Reference ID=4, Project Name=Online Review Phases, Project Version=1.2, Send Winner Emails=true, Post-Mortem Required=true}
operator: UnknownprojectId: Unknown - creating db connection using connection name: informix_connection
operator: 1001projectId: 1 - update project with projectId:1
operator: 1001projectId: 1 - update project, update project_info with projectId:1
operator: 1001projectId: 1 - insert record into project_info with project id1
operator: 1001projectId: 1 - generate new id for the project audit.
insert record into project_audit with projectId:1
operator: 1001projectId: 1 - execute sql:SELECT modify_date FROM project WHERE project_id=?
committing transaction
operator: UnknownresourceId: 4 - load resource.
operator: UnknownresourceId: Unknown - creating db connection using connection name: informix_connection
load ResourceRole with id:1
operator: UnknownresourceId: Unknown - creating db connection using connection name: informix_connection
committing transaction
committing transaction
operator: UnknownresourceId: 5 - load resource.
operator: UnknownresourceId: Unknown - creating db connection using connection name: informix_connection
load ResourceRole with id:1
operator: UnknownresourceId: Unknown - creating db connection using connection name: informix_connection
committing transaction
committing transaction
load Notifications with array of userIds/projectIds/notificationTypes.
operator: UnknownresourceId: Unknown - creating db connection using connection name: informix_connection
committing transaction
get projects with the ids: 1
operator: UnknownprojectId: Unknown - creating db connection using connection name: informix_connection
committing transaction
load Resource role with ids:[J@131b366,[J@131b366,[J@131b366,[J@131b366,[J@131b366,[J@131b366,[J@131b366,[J@131b366,[J@131b366,[J@131b366,[J@131b366,[J@131b366,[J@131b366,[J@131b366,[J@131b366,[J@131b366,[J@131b366,[J@131b366,[J@131b366,[J@131b366,[J@131b366,[J@131b366
operator: UnknownresourceId: Unknown - creating db connection using connection name: informix_connection
committing transaction
load Resource with ids:[J@16761b5,[J@16761b5,[J@16761b5
operator: UnknownresourceId: Unknown - creating db connection using connection name: informix_connection
load ResourceRole with id:4
operator: UnknownresourceId: Unknown - creating db connection using connection name: informix_connection
committing transaction
load ResourceRole with id:4
operator: UnknownresourceId: Unknown - creating db connection using connection name: informix_connection
committing transaction
load ResourceRole with id:4
operator: UnknownresourceId: Unknown - creating db connection using connection name: informix_connection
committing transaction
committing transaction
load Resource with ids:[J@10f50de
operator: UnknownresourceId: Unknown - creating db connection using connection name: informix_connection
load ResourceRole with id:12
operator: UnknownresourceId: Unknown - creating db connection using connection name: informix_connection
committing transaction
committing transaction
load Resource with ids:[J@78498
operator: UnknownresourceId: Unknown - creating db connection using connection name: informix_connection
load ResourceRole with id:13
operator: UnknownresourceId: Unknown - creating db connection using connection name: informix_connection
committing transaction
committing transaction
load Resource with ids:[J@7c0834
operator: UnknownresourceId: Unknown - creating db connection using connection name: informix_connection
load ResourceRole with id:9
operator: UnknownresourceId: Unknown - creating db connection using connection name: informix_connection
committing transaction
committing transaction
load Resource with ids:[J@dee7a4,[J@dee7a4
operator: UnknownresourceId: Unknown - creating db connection using connection name: informix_connection
load ResourceRole with id:1
operator: UnknownresourceId: Unknown - creating db connection using connection name: informix_connection
committing transaction
load ResourceRole with id:1
operator: UnknownresourceId: Unknown - creating db connection using connection name: informix_connection
committing transaction
committing transaction
operator: UnknownresourceId: 6 - load resource.
operator: UnknownresourceId: Unknown - creating db connection using connection name: informix_connection
load ResourceRole with id:4
operator: UnknownresourceId: Unknown - creating db connection using connection name: informix_connection
committing transaction
committing transaction
operator: UnknownresourceId: 4 - load resource.
operator: UnknownresourceId: Unknown - creating db connection using connection name: informix_connection
load ResourceRole with id:1
operator: UnknownresourceId: Unknown - creating db connection using connection name: informix_connection
committing transaction
committing transaction
operator: UnknownresourceId: 100000 - load resource.
operator: UnknownresourceId: Unknown - creating db connection using connection name: informix_connection
load ResourceRole with id:13
operator: UnknownresourceId: Unknown - creating db connection using connection name: informix_connection
committing transaction
committing transaction
operator: UnknownresourceId: 7 - load resource.
operator: UnknownresourceId: Unknown - creating db connection using connection name: informix_connection
load ResourceRole with id:4
operator: UnknownresourceId: Unknown - creating db connection using connection name: informix_connection
committing transaction
committing transaction
operator: UnknownresourceId: 5 - load resource.
operator: UnknownresourceId: Unknown - creating db connection using connection name: informix_connection
load ResourceRole with id:1
operator: UnknownresourceId: Unknown - creating db connection using connection name: informix_connection
committing transaction
committing transaction
load Resource with ids:[J@56e587
operator: UnknownresourceId: Unknown - creating db connection using connection name: informix_connection
load ResourceRole with id:8
operator: UnknownresourceId: Unknown - creating db connection using connection name: informix_connection
committing transaction
committing transaction
load Resource with ids:[J@12f373,[J@12f373
operator: UnknownresourceId: Unknown - creating db connection using connection name: informix_connection
load ResourceRole with id:4
operator: UnknownresourceId: Unknown - creating db connection using connection name: informix_connection
committing transaction
load ResourceRole with id:4
operator: UnknownresourceId: Unknown - creating db connection using connection name: informix_connection
committing transaction
committing transaction
get projects with the ids: 1
operator: UnknownprojectId: Unknown - creating db connection using connection name: informix_connection
committing transaction
load Resource with ids:[J@196df59
operator: UnknownresourceId: Unknown - creating db connection using connection name: informix_connection
load ResourceRole with id:1
operator: UnknownresourceId: Unknown - creating db connection using connection name: informix_connection
committing transaction
committing transaction
type: Upload id: Unknown operator:Unknown - search submissions with filter. found: 1
load Resource with ids:[J@bdcdc2,[J@bdcdc2
operator: UnknownresourceId: Unknown - creating db connection using connection name: informix_connection
load ResourceRole with id:4
operator: UnknownresourceId: Unknown - creating db connection using connection name: informix_connection
committing transaction
load ResourceRole with id:4
operator: UnknownresourceId: Unknown - creating db connection using connection name: informix_connection
committing transaction
committing transaction
operator: 1001phaseId: 107 - create aggregate worksheet.
load Notifications with array of userIds/projectIds/notificationTypes.
operator: UnknownresourceId: Unknown - creating db connection using connection name: informix_connection
committing transaction
get projects with the ids: 1
operator: UnknownprojectId: Unknown - creating db connection using connection name: informix_connection
committing transaction
load Resource role with ids:[J@5bfd3d,[J@5bfd3d,[J@5bfd3d,[J@5bfd3d,[J@5bfd3d,[J@5bfd3d,[J@5bfd3d,[J@5bfd3d,[J@5bfd3d,[J@5bfd3d,[J@5bfd3d,[J@5bfd3d,[J@5bfd3d,[J@5bfd3d,[J@5bfd3d,[J@5bfd3d,[J@5bfd3d,[J@5bfd3d,[J@5bfd3d,[J@5bfd3d,[J@5bfd3d,[J@5bfd3d
operator: UnknownresourceId: Unknown - creating db connection using connection name: informix_connection
committing transaction
load Resource with ids:[J@19e39d9,[J@19e39d9,[J@19e39d9
operator: UnknownresourceId: Unknown - creating db connection using connection name: informix_connection
load ResourceRole with id:4
operator: UnknownresourceId: Unknown - creating db connection using connection name: informix_connection
committing transaction
load ResourceRole with id:4
operator: UnknownresourceId: Unknown - creating db connection using connection name: informix_connection
committing transaction
load ResourceRole with id:4
operator: UnknownresourceId: Unknown - creating db connection using connection name: informix_connection
committing transaction
committing transaction
load Resource with ids:[J@1b5c3cc
operator: UnknownresourceId: Unknown - creating db connection using connection name: informix_connection
load ResourceRole with id:8
operator: UnknownresourceId: Unknown - creating db connection using connection name: informix_connection
committing transaction
committing transaction
load Resource with ids:[J@c40f9
operator: UnknownresourceId: Unknown - creating db connection using connection name: informix_connection
load ResourceRole with id:12
operator: UnknownresourceId: Unknown - creating db connection using connection name: informix_connection
committing transaction
committing transaction
load Resource with ids:[J@9f293a
operator: UnknownresourceId: Unknown - creating db connection using connection name: informix_connection
load ResourceRole with id:13
operator: UnknownresourceId: Unknown - creating db connection using connection name: informix_connection
committing transaction
committing transaction
load Resource with ids:[J@a01d4c
operator: UnknownresourceId: Unknown - creating db connection using connection name: informix_connection
load ResourceRole with id:9
operator: UnknownresourceId: Unknown - creating db connection using connection name: informix_connection
committing transaction
committing transaction
load Resource with ids:[J@16714da,[J@16714da
operator: UnknownresourceId: Unknown - creating db connection using connection name: informix_connection
load ResourceRole with id:1
operator: UnknownresourceId: Unknown - creating db connection using connection name: informix_connection
committing transaction
load ResourceRole with id:1
operator: UnknownresourceId: Unknown - creating db connection using connection name: informix_connection
committing transaction
committing transaction
operator: UnknownresourceId: 6 - load resource.
operator: UnknownresourceId: Unknown - creating db connection using connection name: informix_connection
load ResourceRole with id:4
operator: UnknownresourceId: Unknown - creating db connection using connection name: informix_connection
committing transaction
committing transaction
operator: UnknownresourceId: 4 - load resource.
operator: UnknownresourceId: Unknown - creating db connection using connection name: informix_connection
load ResourceRole with id:1
operator: UnknownresourceId: Unknown - creating db connection using connection name: informix_connection
committing transaction
committing transaction
operator: UnknownresourceId: 100000 - load resource.
operator: UnknownresourceId: Unknown - creating db connection using connection name: informix_connection
load ResourceRole with id:13
operator: UnknownresourceId: Unknown - creating db connection using connection name: informix_connection
committing transaction
committing transaction
operator: UnknownresourceId: 7 - load resource.
operator: UnknownresourceId: Unknown - creating db connection using connection name: informix_connection
load ResourceRole with id:4
operator: UnknownresourceId: Unknown - creating db connection using connection name: informix_connection
committing transaction
committing transaction
operator: UnknownresourceId: 5 - load resource.
operator: UnknownresourceId: Unknown - creating db connection using connection name: informix_connection
load ResourceRole with id:1
operator: UnknownresourceId: Unknown - creating db connection using connection name: informix_connection
committing transaction
committing transaction
Read propery[ConnectionFactoryNS] which is  required  with value[com.topcoder.db.connectionfactory.DBConnectionFactoryImpl] from namespace [com.topcoder.management.project.persistence.InformixProjectPersistence].
Read propery[ConnectionName] which is  optional  with value[informix_connection] from namespace [com.topcoder.management.project.persistence.InformixProjectPersistence].
Read propery[ProjectIdSequenceName] which is  optional  with value[project_id_seq] from namespace [com.topcoder.management.project.persistence.InformixProjectPersistence].
Read propery[ProjectAuditIdSequenceName] which is  optional  with value[project_audit_id_seq] from namespace [com.topcoder.management.project.persistence.InformixProjectPersistence].
Read propery[ConnectionFactoryNS] which is  required  with value[com.topcoder.db.connectionfactory.DBConnectionFactoryImpl] from namespace [com.topcoder.management.project.persistence.link.ProjectLinkManagerImpl].
Read propery[ConnectionName] which is  optional  with value[informix_connection] from namespace [com.topcoder.management.project.persistence.link.ProjectLinkManagerImpl].
read property ConnectionFactoryNS[com.topcoder.db.connectionfactory.DBConnectionFactoryImpl] from the namespace :com.topcoder.management.scorecard.persistence.InformixScorecardPersistence
read property ConnectionName[informix_connection] from the namespace :com.topcoder.management.scorecard.persistence.InformixScorecardPersistence
Instantiate SqlUploadPersistence with connectionFactory and connectioName:informix_connection
Instantiate PersistenceUploadManager with UploadPersistence, uploadSearchBundle, submissionSearchBundle, uploadIdGenerator, uploadTypeIdGenerator, uploadStatusIdGenerator, submissionIDGenerator, submissionStatusIdGenerator and submissionTypeIdGenerator.
Instantiate AbstractResourcePersistence with connectionFactory and connectionName[informix_connection].
load Resource role with ids:[J@1a623ea,[J@1a623ea,[J@1a623ea,[J@1a623ea,[J@1a623ea,[J@1a623ea,[J@1a623ea,[J@1a623ea,[J@1a623ea,[J@1a623ea,[J@1a623ea,[J@1a623ea,[J@1a623ea,[J@1a623ea,[J@1a623ea,[J@1a623ea,[J@1a623ea,[J@1a623ea,[J@1a623ea,[J@1a623ea,[J@1a623ea,[J@1a623ea
operator: UnknownresourceId: Unknown - creating db connection using connection name: informix_connection
committing transaction
Read propery[ConnectionFactoryNS] which is  required  with value[com.topcoder.db.connectionfactory.DBConnectionFactoryImpl] from namespace [com.topcoder.management.project.persistence.InformixProjectPersistence].
Read propery[ConnectionName] which is  optional  with value[informix_connection] from namespace [com.topcoder.management.project.persistence.InformixProjectPersistence].
Read propery[ProjectIdSequenceName] which is  optional  with value[project_id_seq] from namespace [com.topcoder.management.project.persistence.InformixProjectPersistence].
Read propery[ProjectAuditIdSequenceName] which is  optional  with value[project_audit_id_seq] from namespace [com.topcoder.management.project.persistence.InformixProjectPersistence].
Read propery[ConnectionFactoryNS] which is  required  with value[com.topcoder.db.connectionfactory.DBConnectionFactoryImpl] from namespace [com.topcoder.management.project.persistence.link.ProjectLinkManagerImpl].
Read propery[ConnectionName] which is  optional  with value[informix_connection] from namespace [com.topcoder.management.project.persistence.link.ProjectLinkManagerImpl].
read property ConnectionFactoryNS[com.topcoder.db.connectionfactory.DBConnectionFactoryImpl] from the namespace :com.topcoder.management.scorecard.persistence.InformixScorecardPersistence
read property ConnectionName[informix_connection] from the namespace :com.topcoder.management.scorecard.persistence.InformixScorecardPersistence
Instantiate SqlUploadPersistence with connectionFactory and connectioName:informix_connection
Instantiate PersistenceUploadManager with UploadPersistence, uploadSearchBundle, submissionSearchBundle, uploadIdGenerator, uploadTypeIdGenerator, uploadStatusIdGenerator, submissionIDGenerator, submissionStatusIdGenerator and submissionTypeIdGenerator.
Instantiate AbstractResourcePersistence with connectionFactory and connectionName[informix_connection].
load Resource role with ids:[J@e43e44,[J@e43e44,[J@e43e44,[J@e43e44,[J@e43e44,[J@e43e44,[J@e43e44,[J@e43e44,[J@e43e44,[J@e43e44,[J@e43e44,[J@e43e44,[J@e43e44,[J@e43e44,[J@e43e44,[J@e43e44,[J@e43e44,[J@e43e44,[J@e43e44,[J@e43e44,[J@e43e44,[J@e43e44
operator: UnknownresourceId: Unknown - creating db connection using connection name: informix_connection
committing transaction
type: Upload id: Unknown operator:Unknown - search submissions with filter. found: 2
load Resource with ids:[J@1aebf1f,[J@1aebf1f
operator: UnknownresourceId: Unknown - creating db connection using connection name: informix_connection
load ResourceRole with id:4
operator: UnknownresourceId: Unknown - creating db connection using connection name: informix_connection
committing transaction
load ResourceRole with id:4
operator: UnknownresourceId: Unknown - creating db connection using connection name: informix_connection
committing transaction
committing transaction
type: Submission id: 1 operator:1001 - update Submission.
type: Submission id: 1 operator:Unknown - Update Submission, it will update record in submission table.
create db connection using connection name:informix_connection
close the connection.
type: Submission id: 2 operator:1001 - update Submission.
type: Submission id: 2 operator:Unknown - Update Submission, it will update record in submission table.
create db connection using connection name:informix_connection
close the connection.
operator: UnknownresourceId: 4 - load resource.
operator: UnknownresourceId: Unknown - creating db connection using connection name: informix_connection
load ResourceRole with id:1
operator: UnknownresourceId: Unknown - creating db connection using connection name: informix_connection
committing transaction
committing transaction
operator: UnknownresourceId: 5 - load resource.
operator: UnknownresourceId: Unknown - creating db connection using connection name: informix_connection
load ResourceRole with id:1
operator: UnknownresourceId: Unknown - creating db connection using connection name: informix_connection
committing transaction
committing transaction
load Notifications with array of userIds/projectIds/notificationTypes.
operator: UnknownresourceId: Unknown - creating db connection using connection name: informix_connection
committing transaction
get projects with the ids: 1
operator: UnknownprojectId: Unknown - creating db connection using connection name: informix_connection
committing transaction
load Resource role with ids:[J@1832d15,[J@1832d15,[J@1832d15,[J@1832d15,[J@1832d15,[J@1832d15,[J@1832d15,[J@1832d15,[J@1832d15,[J@1832d15,[J@1832d15,[J@1832d15,[J@1832d15,[J@1832d15,[J@1832d15,[J@1832d15,[J@1832d15,[J@1832d15,[J@1832d15,[J@1832d15,[J@1832d15,[J@1832d15
operator: UnknownresourceId: Unknown - creating db connection using connection name: informix_connection
committing transaction
load Resource with ids:[J@125e60f,[J@125e60f,[J@125e60f
operator: UnknownresourceId: Unknown - creating db connection using connection name: informix_connection
load ResourceRole with id:4
operator: UnknownresourceId: Unknown - creating db connection using connection name: informix_connection
committing transaction
load ResourceRole with id:4
operator: UnknownresourceId: Unknown - creating db connection using connection name: informix_connection
committing transaction
load ResourceRole with id:4
operator: UnknownresourceId: Unknown - creating db connection using connection name: informix_connection
committing transaction
committing transaction
load Resource with ids:[J@16d104a
operator: UnknownresourceId: Unknown - creating db connection using connection name: informix_connection
load ResourceRole with id:12
operator: UnknownresourceId: Unknown - creating db connection using connection name: informix_connection
committing transaction
committing transaction
load Resource with ids:[J@e54d0e
operator: UnknownresourceId: Unknown - creating db connection using connection name: informix_connection
load ResourceRole with id:13
operator: UnknownresourceId: Unknown - creating db connection using connection name: informix_connection
committing transaction
committing transaction
load Resource with ids:[J@4f7dc0
operator: UnknownresourceId: Unknown - creating db connection using connection name: informix_connection
load ResourceRole with id:9
operator: UnknownresourceId: Unknown - creating db connection using connection name: informix_connection
committing transaction
committing transaction
load Resource with ids:[J@1974f49,[J@1974f49
operator: UnknownresourceId: Unknown - creating db connection using connection name: informix_connection
load ResourceRole with id:1
operator: UnknownresourceId: Unknown - creating db connection using connection name: informix_connection
committing transaction
load ResourceRole with id:1
operator: UnknownresourceId: Unknown - creating db connection using connection name: informix_connection
committing transaction
committing transaction
operator: UnknownresourceId: 6 - load resource.
operator: UnknownresourceId: Unknown - creating db connection using connection name: informix_connection
load ResourceRole with id:4
operator: UnknownresourceId: Unknown - creating db connection using connection name: informix_connection
committing transaction
committing transaction
operator: UnknownresourceId: 4 - load resource.
operator: UnknownresourceId: Unknown - creating db connection using connection name: informix_connection
load ResourceRole with id:1
operator: UnknownresourceId: Unknown - creating db connection using connection name: informix_connection
committing transaction
committing transaction
operator: UnknownresourceId: 100000 - load resource.
operator: UnknownresourceId: Unknown - creating db connection using connection name: informix_connection
load ResourceRole with id:13
operator: UnknownresourceId: Unknown - creating db connection using connection name: informix_connection
committing transaction
committing transaction
operator: UnknownresourceId: 7 - load resource.
operator: UnknownresourceId: Unknown - creating db connection using connection name: informix_connection
load ResourceRole with id:4
operator: UnknownresourceId: Unknown - creating db connection using connection name: informix_connection
committing transaction
committing transaction
operator: UnknownresourceId: 5 - load resource.
operator: UnknownresourceId: Unknown - creating db connection using connection name: informix_connection
load ResourceRole with id:1
operator: UnknownresourceId: Unknown - creating db connection using connection name: informix_connection
committing transaction
committing transaction
type: Upload id: Unknown operator:Unknown - search submissions with filter. found: 2
load Resource with ids:[J@1e1ecbf,[J@1e1ecbf
operator: UnknownresourceId: Unknown - creating db connection using connection name: informix_connection
load ResourceRole with id:4
operator: UnknownresourceId: Unknown - creating db connection using connection name: informix_connection
committing transaction
load ResourceRole with id:4
operator: UnknownresourceId: Unknown - creating db connection using connection name: informix_connection
committing transaction
committing transaction
type: Scorecard id: Unknown operator:Unknown - retrieve scorecard with ids:1, and is incomplete
create db connection with connect name:informix_connection
close the connection.
get All submission statuses, delegate to persistence.
get All submission statuses, delegate to persistence.
create db connection using connection name:informix_connection
close the connection.
type: SubmissionStatus id: Unknown operator:Unknown - Load SubmissionStatuses with ids:1,2,3,4,5
create db connection using connection name:informix_connection
close the connection.
get All submission statuses, delegate to persistence.
get All submission statuses, delegate to persistence.
create db connection using connection name:informix_connection
close the connection.
type: SubmissionStatus id: Unknown operator:Unknown - Load SubmissionStatuses with ids:1,2,3,4,5
create db connection using connection name:informix_connection
close the connection.
operator: UnknownresourceId: 4 - load resource.
operator: UnknownresourceId: Unknown - creating db connection using connection name: informix_connection
load ResourceRole with id:1
operator: UnknownresourceId: Unknown - creating db connection using connection name: informix_connection
committing transaction
committing transaction
type: Submission id: 1 operator:1001 - update Submission.
type: Submission id: 1 operator:Unknown - Update Submission, it will update record in submission table.
create db connection using connection name:informix_connection
close the connection.
operator: UnknownresourceId: 5 - load resource.
operator: UnknownresourceId: Unknown - creating db connection using connection name: informix_connection
load ResourceRole with id:1
operator: UnknownresourceId: Unknown - creating db connection using connection name: informix_connection
committing transaction
committing transaction
type: Submission id: 2 operator:1001 - update Submission.
type: Submission id: 2 operator:Unknown - Update Submission, it will update record in submission table.
create db connection using connection name:informix_connection
close the connection.
get projects with the ids: 1
operator: UnknownprojectId: Unknown - creating db connection using connection name: informix_connection
committing transaction
operator: 1001projectId: 1 - updating project: {Winner External Reference ID=4, Project Name=Online Review Phases, Project Version=1.2, Send Winner Emails=true, Post-Mortem Required=true}
operator: UnknownprojectId: Unknown - creating db connection using connection name: informix_connection
operator: 1001projectId: 1 - update project with projectId:1
operator: 1001projectId: 1 - update project, update project_info with projectId:1
operator: 1001projectId: 1 - insert record into project_info with project id1
operator: 1001projectId: 1 - generate new id for the project audit.
insert record into project_audit with projectId:1
operator: 1001projectId: 1 - execute sql:SELECT modify_date FROM project WHERE project_id=?
committing transaction
operator: UnknownresourceId: 4 - load resource.
operator: UnknownresourceId: Unknown - creating db connection using connection name: informix_connection
load ResourceRole with id:1
operator: UnknownresourceId: Unknown - creating db connection using connection name: informix_connection
committing transaction
committing transaction
operator: UnknownresourceId: 5 - load resource.
operator: UnknownresourceId: Unknown - creating db connection using connection name: informix_connection
load ResourceRole with id:1
operator: UnknownresourceId: Unknown - creating db connection using connection name: informix_connection
committing transaction
committing transaction
load Notifications with array of userIds/projectIds/notificationTypes.
operator: UnknownresourceId: Unknown - creating db connection using connection name: informix_connection
committing transaction
get projects with the ids: 1
operator: UnknownprojectId: Unknown - creating db connection using connection name: informix_connection
committing transaction
load Resource role with ids:[J@f368c9,[J@f368c9,[J@f368c9,[J@f368c9,[J@f368c9,[J@f368c9,[J@f368c9,[J@f368c9,[J@f368c9,[J@f368c9,[J@f368c9,[J@f368c9,[J@f368c9,[J@f368c9,[J@f368c9,[J@f368c9,[J@f368c9,[J@f368c9,[J@f368c9,[J@f368c9,[J@f368c9,[J@f368c9
operator: UnknownresourceId: Unknown - creating db connection using connection name: informix_connection
committing transaction
load Resource with ids:[J@513fe9,[J@513fe9,[J@513fe9
operator: UnknownresourceId: Unknown - creating db connection using connection name: informix_connection
load ResourceRole with id:4
operator: UnknownresourceId: Unknown - creating db connection using connection name: informix_connection
committing transaction
load ResourceRole with id:4
operator: UnknownresourceId: Unknown - creating db connection using connection name: informix_connection
committing transaction
load ResourceRole with id:4
operator: UnknownresourceId: Unknown - creating db connection using connection name: informix_connection
committing transaction
committing transaction
load Resource with ids:[J@9719cb
operator: UnknownresourceId: Unknown - creating db connection using connection name: informix_connection
load ResourceRole with id:12
operator: UnknownresourceId: Unknown - creating db connection using connection name: informix_connection
committing transaction
committing transaction
load Resource with ids:[J@1568130
operator: UnknownresourceId: Unknown - creating db connection using connection name: informix_connection
load ResourceRole with id:13
operator: UnknownresourceId: Unknown - creating db connection using connection name: informix_connection
committing transaction
committing transaction
load Resource with ids:[J@1080026
operator: UnknownresourceId: Unknown - creating db connection using connection name: informix_connection
load ResourceRole with id:9
operator: UnknownresourceId: Unknown - creating db connection using connection name: informix_connection
committing transaction
committing transaction
load Resource with ids:[J@8c2f42,[J@8c2f42
operator: UnknownresourceId: Unknown - creating db connection using connection name: informix_connection
load ResourceRole with id:1
operator: UnknownresourceId: Unknown - creating db connection using connection name: informix_connection
committing transaction
load ResourceRole with id:1
operator: UnknownresourceId: Unknown - creating db connection using connection name: informix_connection
committing transaction
committing transaction
operator: UnknownresourceId: 6 - load resource.
operator: UnknownresourceId: Unknown - creating db connection using connection name: informix_connection
load ResourceRole with id:4
operator: UnknownresourceId: Unknown - creating db connection using connection name: informix_connection
committing transaction
committing transaction
operator: UnknownresourceId: 4 - load resource.
operator: UnknownresourceId: Unknown - creating db connection using connection name: informix_connection
load ResourceRole with id:1
operator: UnknownresourceId: Unknown - creating db connection using connection name: informix_connection
committing transaction
committing transaction
operator: UnknownresourceId: 100000 - load resource.
operator: UnknownresourceId: Unknown - creating db connection using connection name: informix_connection
load ResourceRole with id:13
operator: UnknownresourceId: Unknown - creating db connection using connection name: informix_connection
committing transaction
committing transaction
operator: UnknownresourceId: 7 - load resource.
operator: UnknownresourceId: Unknown - creating db connection using connection name: informix_connection
load ResourceRole with id:4
operator: UnknownresourceId: Unknown - creating db connection using connection name: informix_connection
committing transaction
committing transaction
operator: UnknownresourceId: 5 - load resource.
operator: UnknownresourceId: Unknown - creating db connection using connection name: informix_connection
load ResourceRole with id:1
operator: UnknownresourceId: Unknown - creating db connection using connection name: informix_connection
committing transaction
committing transaction
load Resource with ids:[J@10a97fb
operator: UnknownresourceId: Unknown - creating db connection using connection name: informix_connection
load ResourceRole with id:8
operator: UnknownresourceId: Unknown - creating db connection using connection name: informix_connection
committing transaction
committing transaction
load Resource with ids:[J@838d21,[J@838d21
operator: UnknownresourceId: Unknown - creating db connection using connection name: informix_connection
load ResourceRole with id:4
operator: UnknownresourceId: Unknown - creating db connection using connection name: informix_connection
committing transaction
load ResourceRole with id:4
operator: UnknownresourceId: Unknown - creating db connection using connection name: informix_connection
committing transaction
committing transaction
get projects with the ids: 1
operator: UnknownprojectId: Unknown - creating db connection using connection name: informix_connection
committing transaction
load Resource with ids:[J@e12c7b
operator: UnknownresourceId: Unknown - creating db connection using connection name: informix_connection
load ResourceRole with id:1
operator: UnknownresourceId: Unknown - creating db connection using connection name: informix_connection
committing transaction
committing transaction
type: Upload id: Unknown operator:Unknown - search submissions with filter. found: 1
load Resource with ids:[J@153fe38,[J@153fe38
operator: UnknownresourceId: Unknown - creating db connection using connection name: informix_connection
load ResourceRole with id:4
operator: UnknownresourceId: Unknown - creating db connection using connection name: informix_connection
committing transaction
load ResourceRole with id:4
operator: UnknownresourceId: Unknown - creating db connection using connection name: informix_connection
committing transaction
committing transaction
operator: 1001phaseId: 107 - create aggregate worksheet.
load Notifications with array of userIds/projectIds/notificationTypes.
operator: UnknownresourceId: Unknown - creating db connection using connection name: informix_connection
committing transaction
get projects with the ids: 1
operator: UnknownprojectId: Unknown - creating db connection using connection name: informix_connection
committing transaction
load Resource role with ids:[J@f03ef7,[J@f03ef7,[J@f03ef7,[J@f03ef7,[J@f03ef7,[J@f03ef7,[J@f03ef7,[J@f03ef7,[J@f03ef7,[J@f03ef7,[J@f03ef7,[J@f03ef7,[J@f03ef7,[J@f03ef7,[J@f03ef7,[J@f03ef7,[J@f03ef7,[J@f03ef7,[J@f03ef7,[J@f03ef7,[J@f03ef7,[J@f03ef7
operator: UnknownresourceId: Unknown - creating db connection using connection name: informix_connection
committing transaction
load Resource with ids:[J@1778636,[J@1778636,[J@1778636
operator: UnknownresourceId: Unknown - creating db connection using connection name: informix_connection
load ResourceRole with id:4
operator: UnknownresourceId: Unknown - creating db connection using connection name: informix_connection
committing transaction
load ResourceRole with id:4
operator: UnknownresourceId: Unknown - creating db connection using connection name: informix_connection
committing transaction
load ResourceRole with id:4
operator: UnknownresourceId: Unknown - creating db connection using connection name: informix_connection
committing transaction
committing transaction
load Resource with ids:[J@638285
operator: UnknownresourceId: Unknown - creating db connection using connection name: informix_connection
load ResourceRole with id:8
operator: UnknownresourceId: Unknown - creating db connection using connection name: informix_connection
committing transaction
committing transaction
load Resource with ids:[J@b818f9
operator: UnknownresourceId: Unknown - creating db connection using connection name: informix_connection
load ResourceRole with id:12
operator: UnknownresourceId: Unknown - creating db connection using connection name: informix_connection
committing transaction
committing transaction
load Resource with ids:[J@bce009
operator: UnknownresourceId: Unknown - creating db connection using connection name: informix_connection
load ResourceRole with id:13
operator: UnknownresourceId: Unknown - creating db connection using connection name: informix_connection
committing transaction
committing transaction
load Resource with ids:[J@1570c3
operator: UnknownresourceId: Unknown - creating db connection using connection name: informix_connection
load ResourceRole with id:9
operator: UnknownresourceId: Unknown - creating db connection using connection name: informix_connection
committing transaction
committing transaction
load Resource with ids:[J@1204e88,[J@1204e88
operator: UnknownresourceId: Unknown - creating db connection using connection name: informix_connection
load ResourceRole with id:1
operator: UnknownresourceId: Unknown - creating db connection using connection name: informix_connection
committing transaction
load ResourceRole with id:1
operator: UnknownresourceId: Unknown - creating db connection using connection name: informix_connection
committing transaction
committing transaction
operator: UnknownresourceId: 6 - load resource.
operator: UnknownresourceId: Unknown - creating db connection using connection name: informix_connection
load ResourceRole with id:4
operator: UnknownresourceId: Unknown - creating db connection using connection name: informix_connection
committing transaction
committing transaction
operator: UnknownresourceId: 4 - load resource.
operator: UnknownresourceId: Unknown - creating db connection using connection name: informix_connection
load ResourceRole with id:1
operator: UnknownresourceId: Unknown - creating db connection using connection name: informix_connection
committing transaction
committing transaction
operator: UnknownresourceId: 100000 - load resource.
operator: UnknownresourceId: Unknown - creating db connection using connection name: informix_connection
load ResourceRole with id:13
operator: UnknownresourceId: Unknown - creating db connection using connection name: informix_connection
committing transaction
committing transaction
operator: UnknownresourceId: 7 - load resource.
operator: UnknownresourceId: Unknown - creating db connection using connection name: informix_connection
load ResourceRole with id:4
operator: UnknownresourceId: Unknown - creating db connection using connection name: informix_connection
committing transaction
committing transaction
operator: UnknownresourceId: 5 - load resource.
operator: UnknownresourceId: Unknown - creating db connection using connection name: informix_connection
load ResourceRole with id:1
operator: UnknownresourceId: Unknown - creating db connection using connection name: informix_connection
committing transaction
committing transaction
Read propery[ConnectionFactoryNS] which is  required  with value[com.topcoder.db.connectionfactory.DBConnectionFactoryImpl] from namespace [com.topcoder.management.project.persistence.InformixProjectPersistence].
Read propery[ConnectionName] which is  optional  with value[informix_connection] from namespace [com.topcoder.management.project.persistence.InformixProjectPersistence].
Read propery[ProjectIdSequenceName] which is  optional  with value[project_id_seq] from namespace [com.topcoder.management.project.persistence.InformixProjectPersistence].
Read propery[ProjectAuditIdSequenceName] which is  optional  with value[project_audit_id_seq] from namespace [com.topcoder.management.project.persistence.InformixProjectPersistence].
Read propery[ConnectionFactoryNS] which is  required  with value[com.topcoder.db.connectionfactory.DBConnectionFactoryImpl] from namespace [com.topcoder.management.project.persistence.link.ProjectLinkManagerImpl].
Read propery[ConnectionName] which is  optional  with value[informix_connection] from namespace [com.topcoder.management.project.persistence.link.ProjectLinkManagerImpl].
read property ConnectionFactoryNS[com.topcoder.db.connectionfactory.DBConnectionFactoryImpl] from the namespace :com.topcoder.management.scorecard.persistence.InformixScorecardPersistence
read property ConnectionName[informix_connection] from the namespace :com.topcoder.management.scorecard.persistence.InformixScorecardPersistence
Instantiate SqlUploadPersistence with connectionFactory and connectioName:informix_connection
Instantiate PersistenceUploadManager with UploadPersistence, uploadSearchBundle, submissionSearchBundle, uploadIdGenerator, uploadTypeIdGenerator, uploadStatusIdGenerator, submissionIDGenerator, submissionStatusIdGenerator and submissionTypeIdGenerator.
Instantiate AbstractResourcePersistence with connectionFactory and connectionName[informix_connection].
load Resource role with ids:[J@8d62d4,[J@8d62d4,[J@8d62d4,[J@8d62d4,[J@8d62d4,[J@8d62d4,[J@8d62d4,[J@8d62d4,[J@8d62d4,[J@8d62d4,[J@8d62d4,[J@8d62d4,[J@8d62d4,[J@8d62d4,[J@8d62d4,[J@8d62d4,[J@8d62d4,[J@8d62d4,[J@8d62d4,[J@8d62d4,[J@8d62d4,[J@8d62d4
operator: UnknownresourceId: Unknown - creating db connection using connection name: informix_connection
committing transaction
Read propery[ConnectionFactoryNS] which is  required  with value[com.topcoder.db.connectionfactory.DBConnectionFactoryImpl] from namespace [com.topcoder.management.project.persistence.InformixProjectPersistence].
Read propery[ConnectionName] which is  optional  with value[informix_connection] from namespace [com.topcoder.management.project.persistence.InformixProjectPersistence].
Read propery[ProjectIdSequenceName] which is  optional  with value[project_id_seq] from namespace [com.topcoder.management.project.persistence.InformixProjectPersistence].
Read propery[ProjectAuditIdSequenceName] which is  optional  with value[project_audit_id_seq] from namespace [com.topcoder.management.project.persistence.InformixProjectPersistence].
Read propery[ConnectionFactoryNS] which is  required  with value[com.topcoder.db.connectionfactory.DBConnectionFactoryImpl] from namespace [com.topcoder.management.project.persistence.link.ProjectLinkManagerImpl].
Read propery[ConnectionName] which is  optional  with value[informix_connection] from namespace [com.topcoder.management.project.persistence.link.ProjectLinkManagerImpl].
read property ConnectionFactoryNS[com.topcoder.db.connectionfactory.DBConnectionFactoryImpl] from the namespace :com.topcoder.management.scorecard.persistence.InformixScorecardPersistence
read property ConnectionName[informix_connection] from the namespace :com.topcoder.management.scorecard.persistence.InformixScorecardPersistence
Instantiate SqlUploadPersistence with connectionFactory and connectioName:informix_connection
Instantiate PersistenceUploadManager with UploadPersistence, uploadSearchBundle, submissionSearchBundle, uploadIdGenerator, uploadTypeIdGenerator, uploadStatusIdGenerator, submissionIDGenerator, submissionStatusIdGenerator and submissionTypeIdGenerator.
Instantiate AbstractResourcePersistence with connectionFactory and connectionName[informix_connection].
load Resource role with ids:[J@10c37a9,[J@10c37a9,[J@10c37a9,[J@10c37a9,[J@10c37a9,[J@10c37a9,[J@10c37a9,[J@10c37a9,[J@10c37a9,[J@10c37a9,[J@10c37a9,[J@10c37a9,[J@10c37a9,[J@10c37a9,[J@10c37a9,[J@10c37a9,[J@10c37a9,[J@10c37a9,[J@10c37a9,[J@10c37a9,[J@10c37a9,[J@10c37a9
operator: UnknownresourceId: Unknown - creating db connection using connection name: informix_connection
committing transaction
type: Upload id: Unknown operator:Unknown - search submissions with filter. found: 2
load Resource with ids:[J@16e76e3,[J@16e76e3
operator: UnknownresourceId: Unknown - creating db connection using connection name: informix_connection
load ResourceRole with id:4
operator: UnknownresourceId: Unknown - creating db connection using connection name: informix_connection
committing transaction
load ResourceRole with id:4
operator: UnknownresourceId: Unknown - creating db connection using connection name: informix_connection
committing transaction
committing transaction
type: Submission id: 1 operator:1001 - update Submission.
type: Submission id: 1 operator:Unknown - Update Submission, it will update record in submission table.
create db connection using connection name:informix_connection
close the connection.
type: Submission id: 2 operator:1001 - update Submission.
type: Submission id: 2 operator:Unknown - Update Submission, it will update record in submission table.
create db connection using connection name:informix_connection
close the connection.
operator: UnknownresourceId: 4 - load resource.
operator: UnknownresourceId: Unknown - creating db connection using connection name: informix_connection
load ResourceRole with id:1
operator: UnknownresourceId: Unknown - creating db connection using connection name: informix_connection
committing transaction
committing transaction
operator: UnknownresourceId: 5 - load resource.
operator: UnknownresourceId: Unknown - creating db connection using connection name: informix_connection
load ResourceRole with id:1
operator: UnknownresourceId: Unknown - creating db connection using connection name: informix_connection
committing transaction
committing transaction
load Notifications with array of userIds/projectIds/notificationTypes.
operator: UnknownresourceId: Unknown - creating db connection using connection name: informix_connection
committing transaction
get projects with the ids: 1
operator: UnknownprojectId: Unknown - creating db connection using connection name: informix_connection
committing transaction
load Resource role with ids:[J@180f637,[J@180f637,[J@180f637,[J@180f637,[J@180f637,[J@180f637,[J@180f637,[J@180f637,[J@180f637,[J@180f637,[J@180f637,[J@180f637,[J@180f637,[J@180f637,[J@180f637,[J@180f637,[J@180f637,[J@180f637,[J@180f637,[J@180f637,[J@180f637,[J@180f637
operator: UnknownresourceId: Unknown - creating db connection using connection name: informix_connection
committing transaction
load Resource with ids:[J@32132f,[J@32132f,[J@32132f
operator: UnknownresourceId: Unknown - creating db connection using connection name: informix_connection
load ResourceRole with id:4
operator: UnknownresourceId: Unknown - creating db connection using connection name: informix_connection
committing transaction
load ResourceRole with id:4
operator: UnknownresourceId: Unknown - creating db connection using connection name: informix_connection
committing transaction
load ResourceRole with id:4
operator: UnknownresourceId: Unknown - creating db connection using connection name: informix_connection
committing transaction
committing transaction
load Resource with ids:[J@1ec9ed
operator: UnknownresourceId: Unknown - creating db connection using connection name: informix_connection
load ResourceRole with id:12
operator: UnknownresourceId: Unknown - creating db connection using connection name: informix_connection
committing transaction
committing transaction
load Resource with ids:[J@1fec68b
operator: UnknownresourceId: Unknown - creating db connection using connection name: informix_connection
load ResourceRole with id:13
operator: UnknownresourceId: Unknown - creating db connection using connection name: informix_connection
committing transaction
committing transaction
load Resource with ids:[J@1edd283
operator: UnknownresourceId: Unknown - creating db connection using connection name: informix_connection
load ResourceRole with id:9
operator: UnknownresourceId: Unknown - creating db connection using connection name: informix_connection
committing transaction
committing transaction
load Resource with ids:[J@36bc4a,[J@36bc4a
operator: UnknownresourceId: Unknown - creating db connection using connection name: informix_connection
load ResourceRole with id:1
operator: UnknownresourceId: Unknown - creating db connection using connection name: informix_connection
committing transaction
load ResourceRole with id:1
operator: UnknownresourceId: Unknown - creating db connection using connection name: informix_connection
committing transaction
committing transaction
operator: UnknownresourceId: 6 - load resource.
operator: UnknownresourceId: Unknown - creating db connection using connection name: informix_connection
load ResourceRole with id:4
operator: UnknownresourceId: Unknown - creating db connection using connection name: informix_connection
committing transaction
committing transaction
operator: UnknownresourceId: 4 - load resource.
operator: UnknownresourceId: Unknown - creating db connection using connection name: informix_connection
load ResourceRole with id:1
operator: UnknownresourceId: Unknown - creating db connection using connection name: informix_connection
committing transaction
committing transaction
operator: UnknownresourceId: 100000 - load resource.
operator: UnknownresourceId: Unknown - creating db connection using connection name: informix_connection
load ResourceRole with id:13
operator: UnknownresourceId: Unknown - creating db connection using connection name: informix_connection
committing transaction
committing transaction
operator: UnknownresourceId: 7 - load resource.
operator: UnknownresourceId: Unknown - creating db connection using connection name: informix_connection
load ResourceRole with id:4
operator: UnknownresourceId: Unknown - creating db connection using connection name: informix_connection
committing transaction
committing transaction
operator: UnknownresourceId: 5 - load resource.
operator: UnknownresourceId: Unknown - creating db connection using connection name: informix_connection
load ResourceRole with id:1
operator: UnknownresourceId: Unknown - creating db connection using connection name: informix_connection
committing transaction
committing transaction
type: Upload id: Unknown operator:Unknown - search submissions with filter. found: 2
load Resource with ids:[J@cea836,[J@cea836
operator: UnknownresourceId: Unknown - creating db connection using connection name: informix_connection
load ResourceRole with id:4
operator: UnknownresourceId: Unknown - creating db connection using connection name: informix_connection
committing transaction
load ResourceRole with id:4
operator: UnknownresourceId: Unknown - creating db connection using connection name: informix_connection
committing transaction
committing transaction
type: Scorecard id: Unknown operator:Unknown - retrieve scorecard with ids:1, and is incomplete
create db connection with connect name:informix_connection
close the connection.
get All submission statuses, delegate to persistence.
get All submission statuses, delegate to persistence.
create db connection using connection name:informix_connection
close the connection.
type: SubmissionStatus id: Unknown operator:Unknown - Load SubmissionStatuses with ids:1,2,3,4,5
create db connection using connection name:informix_connection
close the connection.
get All submission statuses, delegate to persistence.
get All submission statuses, delegate to persistence.
create db connection using connection name:informix_connection
close the connection.
type: SubmissionStatus id: Unknown operator:Unknown - Load SubmissionStatuses with ids:1,2,3,4,5
create db connection using connection name:informix_connection
close the connection.
operator: UnknownresourceId: 4 - load resource.
operator: UnknownresourceId: Unknown - creating db connection using connection name: informix_connection
load ResourceRole with id:1
operator: UnknownresourceId: Unknown - creating db connection using connection name: informix_connection
committing transaction
committing transaction
type: Submission id: 1 operator:1001 - update Submission.
type: Submission id: 1 operator:Unknown - Update Submission, it will update record in submission table.
create db connection using connection name:informix_connection
close the connection.
operator: UnknownresourceId: 5 - load resource.
operator: UnknownresourceId: Unknown - creating db connection using connection name: informix_connection
load ResourceRole with id:1
operator: UnknownresourceId: Unknown - creating db connection using connection name: informix_connection
committing transaction
committing transaction
type: Submission id: 2 operator:1001 - update Submission.
type: Submission id: 2 operator:Unknown - Update Submission, it will update record in submission table.
create db connection using connection name:informix_connection
close the connection.
get projects with the ids: 1
operator: UnknownprojectId: Unknown - creating db connection using connection name: informix_connection
committing transaction
operator: 1001projectId: 1 - updating project: {Winner External Reference ID=4, Project Name=Online Review Phases, Project Version=1.2, Send Winner Emails=true, Post-Mortem Required=true}
operator: UnknownprojectId: Unknown - creating db connection using connection name: informix_connection
operator: 1001projectId: 1 - update project with projectId:1
operator: 1001projectId: 1 - update project, update project_info with projectId:1
operator: 1001projectId: 1 - insert record into project_info with project id1
operator: 1001projectId: 1 - generate new id for the project audit.
insert record into project_audit with projectId:1
operator: 1001projectId: 1 - execute sql:SELECT modify_date FROM project WHERE project_id=?
committing transaction
operator: UnknownresourceId: 4 - load resource.
operator: UnknownresourceId: Unknown - creating db connection using connection name: informix_connection
load ResourceRole with id:1
operator: UnknownresourceId: Unknown - creating db connection using connection name: informix_connection
committing transaction
committing transaction
operator: UnknownresourceId: 5 - load resource.
operator: UnknownresourceId: Unknown - creating db connection using connection name: informix_connection
load ResourceRole with id:1
operator: UnknownresourceId: Unknown - creating db connection using connection name: informix_connection
committing transaction
committing transaction
load Notifications with array of userIds/projectIds/notificationTypes.
operator: UnknownresourceId: Unknown - creating db connection using connection name: informix_connection
committing transaction
get projects with the ids: 1
operator: UnknownprojectId: Unknown - creating db connection using connection name: informix_connection
committing transaction
load Resource role with ids:[J@8dfb74,[J@8dfb74,[J@8dfb74,[J@8dfb74,[J@8dfb74,[J@8dfb74,[J@8dfb74,[J@8dfb74,[J@8dfb74,[J@8dfb74,[J@8dfb74,[J@8dfb74,[J@8dfb74,[J@8dfb74,[J@8dfb74,[J@8dfb74,[J@8dfb74,[J@8dfb74,[J@8dfb74,[J@8dfb74,[J@8dfb74,[J@8dfb74
operator: UnknownresourceId: Unknown - creating db connection using connection name: informix_connection
committing transaction
load Resource with ids:[J@12377c3,[J@12377c3,[J@12377c3
operator: UnknownresourceId: Unknown - creating db connection using connection name: informix_connection
load ResourceRole with id:4
operator: UnknownresourceId: Unknown - creating db connection using connection name: informix_connection
committing transaction
load ResourceRole with id:4
operator: UnknownresourceId: Unknown - creating db connection using connection name: informix_connection
committing transaction
load ResourceRole with id:4
operator: UnknownresourceId: Unknown - creating db connection using connection name: informix_connection
committing transaction
committing transaction
load Resource with ids:[J@be7925
operator: UnknownresourceId: Unknown - creating db connection using connection name: informix_connection
load ResourceRole with id:12
operator: UnknownresourceId: Unknown - creating db connection using connection name: informix_connection
committing transaction
committing transaction
load Resource with ids:[J@760f2c
operator: UnknownresourceId: Unknown - creating db connection using connection name: informix_connection
load ResourceRole with id:13
operator: UnknownresourceId: Unknown - creating db connection using connection name: informix_connection
committing transaction
committing transaction
load Resource with ids:[J@1ab53b2
operator: UnknownresourceId: Unknown - creating db connection using connection name: informix_connection
load ResourceRole with id:9
operator: UnknownresourceId: Unknown - creating db connection using connection name: informix_connection
committing transaction
committing transaction
load Resource with ids:[J@18d1895,[J@18d1895
operator: UnknownresourceId: Unknown - creating db connection using connection name: informix_connection
load ResourceRole with id:1
operator: UnknownresourceId: Unknown - creating db connection using connection name: informix_connection
committing transaction
load ResourceRole with id:1
operator: UnknownresourceId: Unknown - creating db connection using connection name: informix_connection
committing transaction
committing transaction
operator: UnknownresourceId: 6 - load resource.
operator: UnknownresourceId: Unknown - creating db connection using connection name: informix_connection
load ResourceRole with id:4
operator: UnknownresourceId: Unknown - creating db connection using connection name: informix_connection
committing transaction
committing transaction
operator: UnknownresourceId: 4 - load resource.
operator: UnknownresourceId: Unknown - creating db connection using connection name: informix_connection
load ResourceRole with id:1
operator: UnknownresourceId: Unknown - creating db connection using connection name: informix_connection
committing transaction
committing transaction
operator: UnknownresourceId: 100000 - load resource.
operator: UnknownresourceId: Unknown - creating db connection using connection name: informix_connection
load ResourceRole with id:13
operator: UnknownresourceId: Unknown - creating db connection using connection name: informix_connection
committing transaction
committing transaction
operator: UnknownresourceId: 7 - load resource.
operator: UnknownresourceId: Unknown - creating db connection using connection name: informix_connection
load ResourceRole with id:4
operator: UnknownresourceId: Unknown - creating db connection using connection name: informix_connection
committing transaction
committing transaction
operator: UnknownresourceId: 5 - load resource.
operator: UnknownresourceId: Unknown - creating db connection using connection name: informix_connection
load ResourceRole with id:1
operator: UnknownresourceId: Unknown - creating db connection using connection name: informix_connection
committing transaction
committing transaction
load Resource with ids:[J@1379d6a
operator: UnknownresourceId: Unknown - creating db connection using connection name: informix_connection
load ResourceRole with id:8
operator: UnknownresourceId: Unknown - creating db connection using connection name: informix_connection
committing transaction
committing transaction
load Resource with ids:[J@134f5cd,[J@134f5cd
operator: UnknownresourceId: Unknown - creating db connection using connection name: informix_connection
load ResourceRole with id:4
operator: UnknownresourceId: Unknown - creating db connection using connection name: informix_connection
committing transaction
load ResourceRole with id:4
operator: UnknownresourceId: Unknown - creating db connection using connection name: informix_connection
committing transaction
committing transaction
get projects with the ids: 1
operator: UnknownprojectId: Unknown - creating db connection using connection name: informix_connection
committing transaction
load Resource with ids:[J@9e145
operator: UnknownresourceId: Unknown - creating db connection using connection name: informix_connection
load ResourceRole with id:1
operator: UnknownresourceId: Unknown - creating db connection using connection name: informix_connection
committing transaction
committing transaction
type: Upload id: Unknown operator:Unknown - search submissions with filter. found: 1
load Resource with ids:[J@174f66c,[J@174f66c
operator: UnknownresourceId: Unknown - creating db connection using connection name: informix_connection
load ResourceRole with id:4
operator: UnknownresourceId: Unknown - creating db connection using connection name: informix_connection
committing transaction
load ResourceRole with id:4
operator: UnknownresourceId: Unknown - creating db connection using connection name: informix_connection
committing transaction
committing transaction
operator: 1001phaseId: 107 - create aggregate worksheet.
load Notifications with array of userIds/projectIds/notificationTypes.
operator: UnknownresourceId: Unknown - creating db connection using connection name: informix_connection
committing transaction
get projects with the ids: 1
operator: UnknownprojectId: Unknown - creating db connection using connection name: informix_connection
committing transaction
load Resource role with ids:[J@d53f6b,[J@d53f6b,[J@d53f6b,[J@d53f6b,[J@d53f6b,[J@d53f6b,[J@d53f6b,[J@d53f6b,[J@d53f6b,[J@d53f6b,[J@d53f6b,[J@d53f6b,[J@d53f6b,[J@d53f6b,[J@d53f6b,[J@d53f6b,[J@d53f6b,[J@d53f6b,[J@d53f6b,[J@d53f6b,[J@d53f6b,[J@d53f6b
operator: UnknownresourceId: Unknown - creating db connection using connection name: informix_connection
committing transaction
load Resource with ids:[J@123c888,[J@123c888,[J@123c888
operator: UnknownresourceId: Unknown - creating db connection using connection name: informix_connection
load ResourceRole with id:4
operator: UnknownresourceId: Unknown - creating db connection using connection name: informix_connection
committing transaction
load ResourceRole with id:4
operator: UnknownresourceId: Unknown - creating db connection using connection name: informix_connection
committing transaction
load ResourceRole with id:4
operator: UnknownresourceId: Unknown - creating db connection using connection name: informix_connection
committing transaction
committing transaction
load Resource with ids:[J@15bcb43
operator: UnknownresourceId: Unknown - creating db connection using connection name: informix_connection
load ResourceRole with id:8
operator: UnknownresourceId: Unknown - creating db connection using connection name: informix_connection
committing transaction
committing transaction
load Resource with ids:[J@19cd925
operator: UnknownresourceId: Unknown - creating db connection using connection name: informix_connection
load ResourceRole with id:12
operator: UnknownresourceId: Unknown - creating db connection using connection name: informix_connection
committing transaction
committing transaction
load Resource with ids:[J@23285c
operator: UnknownresourceId: Unknown - creating db connection using connection name: informix_connection
load ResourceRole with id:13
operator: UnknownresourceId: Unknown - creating db connection using connection name: informix_connection
committing transaction
committing transaction
load Resource with ids:[J@d9628f
operator: UnknownresourceId: Unknown - creating db connection using connection name: informix_connection
load ResourceRole with id:9
operator: UnknownresourceId: Unknown - creating db connection using connection name: informix_connection
committing transaction
committing transaction
load Resource with ids:[J@70160c,[J@70160c
operator: UnknownresourceId: Unknown - creating db connection using connection name: informix_connection
load ResourceRole with id:1
operator: UnknownresourceId: Unknown - creating db connection using connection name: informix_connection
committing transaction
load ResourceRole with id:1
operator: UnknownresourceId: Unknown - creating db connection using connection name: informix_connection
committing transaction
committing transaction
operator: UnknownresourceId: 6 - load resource.
operator: UnknownresourceId: Unknown - creating db connection using connection name: informix_connection
load ResourceRole with id:4
operator: UnknownresourceId: Unknown - creating db connection using connection name: informix_connection
committing transaction
committing transaction
operator: UnknownresourceId: 4 - load resource.
operator: UnknownresourceId: Unknown - creating db connection using connection name: informix_connection
load ResourceRole with id:1
operator: UnknownresourceId: Unknown - creating db connection using connection name: informix_connection
committing transaction
committing transaction
operator: UnknownresourceId: 100000 - load resource.
operator: UnknownresourceId: Unknown - creating db connection using connection name: informix_connection
load ResourceRole with id:13
operator: UnknownresourceId: Unknown - creating db connection using connection name: informix_connection
committing transaction
committing transaction
operator: UnknownresourceId: 7 - load resource.
operator: UnknownresourceId: Unknown - creating db connection using connection name: informix_connection
load ResourceRole with id:4
operator: UnknownresourceId: Unknown - creating db connection using connection name: informix_connection
committing transaction
committing transaction
operator: UnknownresourceId: 5 - load resource.
operator: UnknownresourceId: Unknown - creating db connection using connection name: informix_connection
load ResourceRole with id:1
operator: UnknownresourceId: Unknown - creating db connection using connection name: informix_connection
committing transaction
committing transaction
Read propery[ConnectionFactoryNS] which is  required  with value[com.topcoder.db.connectionfactory.DBConnectionFactoryImpl] from namespace [com.topcoder.management.project.persistence.InformixProjectPersistence].
Read propery[ConnectionName] which is  optional  with value[informix_connection] from namespace [com.topcoder.management.project.persistence.InformixProjectPersistence].
Read propery[ProjectIdSequenceName] which is  optional  with value[project_id_seq] from namespace [com.topcoder.management.project.persistence.InformixProjectPersistence].
Read propery[ProjectAuditIdSequenceName] which is  optional  with value[project_audit_id_seq] from namespace [com.topcoder.management.project.persistence.InformixProjectPersistence].
Read propery[ConnectionFactoryNS] which is  required  with value[com.topcoder.db.connectionfactory.DBConnectionFactoryImpl] from namespace [com.topcoder.management.project.persistence.link.ProjectLinkManagerImpl].
Read propery[ConnectionName] which is  optional  with value[informix_connection] from namespace [com.topcoder.management.project.persistence.link.ProjectLinkManagerImpl].
read property ConnectionFactoryNS[com.topcoder.db.connectionfactory.DBConnectionFactoryImpl] from the namespace :com.topcoder.management.scorecard.persistence.InformixScorecardPersistence
read property ConnectionName[informix_connection] from the namespace :com.topcoder.management.scorecard.persistence.InformixScorecardPersistence
Instantiate SqlUploadPersistence with connectionFactory and connectioName:informix_connection
Instantiate PersistenceUploadManager with UploadPersistence, uploadSearchBundle, submissionSearchBundle, uploadIdGenerator, uploadTypeIdGenerator, uploadStatusIdGenerator, submissionIDGenerator, submissionStatusIdGenerator and submissionTypeIdGenerator.
Instantiate AbstractResourcePersistence with connectionFactory and connectionName[informix_connection].
load Resource role with ids:[J@1e21f6,[J@1e21f6,[J@1e21f6,[J@1e21f6,[J@1e21f6,[J@1e21f6,[J@1e21f6,[J@1e21f6,[J@1e21f6,[J@1e21f6,[J@1e21f6,[J@1e21f6,[J@1e21f6,[J@1e21f6,[J@1e21f6,[J@1e21f6,[J@1e21f6,[J@1e21f6,[J@1e21f6,[J@1e21f6,[J@1e21f6,[J@1e21f6
operator: UnknownresourceId: Unknown - creating db connection using connection name: informix_connection
committing transaction
Read propery[ConnectionFactoryNS] which is  required  with value[com.topcoder.db.connectionfactory.DBConnectionFactoryImpl] from namespace [com.topcoder.management.project.persistence.InformixProjectPersistence].
Read propery[ConnectionName] which is  optional  with value[informix_connection] from namespace [com.topcoder.management.project.persistence.InformixProjectPersistence].
Read propery[ProjectIdSequenceName] which is  optional  with value[project_id_seq] from namespace [com.topcoder.management.project.persistence.InformixProjectPersistence].
Read propery[ProjectAuditIdSequenceName] which is  optional  with value[project_audit_id_seq] from namespace [com.topcoder.management.project.persistence.InformixProjectPersistence].
Read propery[ConnectionFactoryNS] which is  required  with value[com.topcoder.db.connectionfactory.DBConnectionFactoryImpl] from namespace [com.topcoder.management.project.persistence.link.ProjectLinkManagerImpl].
Read propery[ConnectionName] which is  optional  with value[informix_connection] from namespace [com.topcoder.management.project.persistence.link.ProjectLinkManagerImpl].
read property ConnectionFactoryNS[com.topcoder.db.connectionfactory.DBConnectionFactoryImpl] from the namespace :com.topcoder.management.scorecard.persistence.InformixScorecardPersistence
read property ConnectionName[informix_connection] from the namespace :com.topcoder.management.scorecard.persistence.InformixScorecardPersistence
Instantiate SqlUploadPersistence with connectionFactory and connectioName:informix_connection
Instantiate PersistenceUploadManager with UploadPersistence, uploadSearchBundle, submissionSearchBundle, uploadIdGenerator, uploadTypeIdGenerator, uploadStatusIdGenerator, submissionIDGenerator, submissionStatusIdGenerator and submissionTypeIdGenerator.
Instantiate AbstractResourcePersistence with connectionFactory and connectionName[informix_connection].
load Resource role with ids:[J@101b8a6,[J@101b8a6,[J@101b8a6,[J@101b8a6,[J@101b8a6,[J@101b8a6,[J@101b8a6,[J@101b8a6,[J@101b8a6,[J@101b8a6,[J@101b8a6,[J@101b8a6,[J@101b8a6,[J@101b8a6,[J@101b8a6,[J@101b8a6,[J@101b8a6,[J@101b8a6,[J@101b8a6,[J@101b8a6,[J@101b8a6,[J@101b8a6
operator: UnknownresourceId: Unknown - creating db connection using connection name: informix_connection
committing transaction
Read propery[ConnectionFactoryNS] which is  required  with value[com.topcoder.db.connectionfactory.DBConnectionFactoryImpl] from namespace [com.topcoder.management.project.persistence.InformixProjectPersistence].
Read propery[ConnectionName] which is  optional  with value[informix_connection] from namespace [com.topcoder.management.project.persistence.InformixProjectPersistence].
Read propery[ProjectIdSequenceName] which is  optional  with value[project_id_seq] from namespace [com.topcoder.management.project.persistence.InformixProjectPersistence].
Read propery[ProjectAuditIdSequenceName] which is  optional  with value[project_audit_id_seq] from namespace [com.topcoder.management.project.persistence.InformixProjectPersistence].
Read propery[ConnectionFactoryNS] which is  required  with value[com.topcoder.db.connectionfactory.DBConnectionFactoryImpl] from namespace [com.topcoder.management.project.persistence.link.ProjectLinkManagerImpl].
Read propery[ConnectionName] which is  optional  with value[informix_connection] from namespace [com.topcoder.management.project.persistence.link.ProjectLinkManagerImpl].
read property ConnectionFactoryNS[com.topcoder.db.connectionfactory.DBConnectionFactoryImpl] from the namespace :com.topcoder.management.scorecard.persistence.InformixScorecardPersistence
read property ConnectionName[informix_connection] from the namespace :com.topcoder.management.scorecard.persistence.InformixScorecardPersistence
Instantiate SqlUploadPersistence with connectionFactory and connectioName:informix_connection
Instantiate PersistenceUploadManager with UploadPersistence, uploadSearchBundle, submissionSearchBundle, uploadIdGenerator, uploadTypeIdGenerator, uploadStatusIdGenerator, submissionIDGenerator, submissionStatusIdGenerator and submissionTypeIdGenerator.
Instantiate AbstractResourcePersistence with connectionFactory and connectionName[informix_connection].
load Resource role with ids:[J@1253fa7,[J@1253fa7,[J@1253fa7,[J@1253fa7,[J@1253fa7,[J@1253fa7,[J@1253fa7,[J@1253fa7,[J@1253fa7,[J@1253fa7,[J@1253fa7,[J@1253fa7,[J@1253fa7,[J@1253fa7,[J@1253fa7,[J@1253fa7,[J@1253fa7,[J@1253fa7,[J@1253fa7,[J@1253fa7,[J@1253fa7,[J@1253fa7
operator: UnknownresourceId: Unknown - creating db connection using connection name: informix_connection
committing transaction
Read propery[ConnectionFactoryNS] which is  required  with value[com.topcoder.db.connectionfactory.DBConnectionFactoryImpl] from namespace [com.topcoder.management.project.persistence.InformixProjectPersistence].
Read propery[ConnectionName] which is  optional  with value[informix_connection] from namespace [com.topcoder.management.project.persistence.InformixProjectPersistence].
Read propery[ProjectIdSequenceName] which is  optional  with value[project_id_seq] from namespace [com.topcoder.management.project.persistence.InformixProjectPersistence].
Read propery[ProjectAuditIdSequenceName] which is  optional  with value[project_audit_id_seq] from namespace [com.topcoder.management.project.persistence.InformixProjectPersistence].
Read propery[ConnectionFactoryNS] which is  required  with value[com.topcoder.db.connectionfactory.DBConnectionFactoryImpl] from namespace [com.topcoder.management.project.persistence.link.ProjectLinkManagerImpl].
Read propery[ConnectionName] which is  optional  with value[informix_connection] from namespace [com.topcoder.management.project.persistence.link.ProjectLinkManagerImpl].
read property ConnectionFactoryNS[com.topcoder.db.connectionfactory.DBConnectionFactoryImpl] from the namespace :com.topcoder.management.scorecard.persistence.InformixScorecardPersistence
read property ConnectionName[informix_connection] from the namespace :com.topcoder.management.scorecard.persistence.InformixScorecardPersistence
Instantiate SqlUploadPersistence with connectionFactory and connectioName:informix_connection
Instantiate PersistenceUploadManager with UploadPersistence, uploadSearchBundle, submissionSearchBundle, uploadIdGenerator, uploadTypeIdGenerator, uploadStatusIdGenerator, submissionIDGenerator, submissionStatusIdGenerator and submissionTypeIdGenerator.
Instantiate AbstractResourcePersistence with connectionFactory and connectionName[informix_connection].
load Resource role with ids:[J@6ab56,[J@6ab56,[J@6ab56,[J@6ab56,[J@6ab56,[J@6ab56,[J@6ab56,[J@6ab56,[J@6ab56,[J@6ab56,[J@6ab56,[J@6ab56,[J@6ab56,[J@6ab56,[J@6ab56,[J@6ab56,[J@6ab56,[J@6ab56,[J@6ab56,[J@6ab56,[J@6ab56,[J@6ab56
operator: UnknownresourceId: Unknown - creating db connection using connection name: informix_connection
committing transaction
type: Upload id: Unknown operator:Unknown - search submissions with filter. found: 2
load Resource with ids:[J@1e2aae,[J@1e2aae
operator: UnknownresourceId: Unknown - creating db connection using connection name: informix_connection
load ResourceRole with id:4
operator: UnknownresourceId: Unknown - creating db connection using connection name: informix_connection
committing transaction
load ResourceRole with id:4
operator: UnknownresourceId: Unknown - creating db connection using connection name: informix_connection
committing transaction
committing transaction
type: Submission id: 1 operator:1001 - update Submission.
type: Submission id: 1 operator:Unknown - Update Submission, it will update record in submission table.
create db connection using connection name:informix_connection
close the connection.
type: Submission id: 2 operator:1001 - update Submission.
type: Submission id: 2 operator:Unknown - Update Submission, it will update record in submission table.
create db connection using connection name:informix_connection
close the connection.
operator: UnknownresourceId: 4 - load resource.
operator: UnknownresourceId: Unknown - creating db connection using connection name: informix_connection
load ResourceRole with id:1
operator: UnknownresourceId: Unknown - creating db connection using connection name: informix_connection
committing transaction
committing transaction
operator: UnknownresourceId: 5 - load resource.
operator: UnknownresourceId: Unknown - creating db connection using connection name: informix_connection
load ResourceRole with id:1
operator: UnknownresourceId: Unknown - creating db connection using connection name: informix_connection
committing transaction
committing transaction
load Notifications with array of userIds/projectIds/notificationTypes.
operator: UnknownresourceId: Unknown - creating db connection using connection name: informix_connection
committing transaction
get projects with the ids: 1
operator: UnknownprojectId: Unknown - creating db connection using connection name: informix_connection
committing transaction
load Resource role with ids:[J@9d18e1,[J@9d18e1,[J@9d18e1,[J@9d18e1,[J@9d18e1,[J@9d18e1,[J@9d18e1,[J@9d18e1,[J@9d18e1,[J@9d18e1,[J@9d18e1,[J@9d18e1,[J@9d18e1,[J@9d18e1,[J@9d18e1,[J@9d18e1,[J@9d18e1,[J@9d18e1,[J@9d18e1,[J@9d18e1,[J@9d18e1,[J@9d18e1
operator: UnknownresourceId: Unknown - creating db connection using connection name: informix_connection
committing transaction
load Resource with ids:[J@160519e,[J@160519e,[J@160519e
operator: UnknownresourceId: Unknown - creating db connection using connection name: informix_connection
load ResourceRole with id:4
operator: UnknownresourceId: Unknown - creating db connection using connection name: informix_connection
committing transaction
load ResourceRole with id:4
operator: UnknownresourceId: Unknown - creating db connection using connection name: informix_connection
committing transaction
load ResourceRole with id:4
operator: UnknownresourceId: Unknown - creating db connection using connection name: informix_connection
committing transaction
committing transaction
load Resource with ids:[J@1558d6d
operator: UnknownresourceId: Unknown - creating db connection using connection name: informix_connection
load ResourceRole with id:12
operator: UnknownresourceId: Unknown - creating db connection using connection name: informix_connection
committing transaction
committing transaction
load Resource with ids:[J@1ff87d
operator: UnknownresourceId: Unknown - creating db connection using connection name: informix_connection
load ResourceRole with id:13
operator: UnknownresourceId: Unknown - creating db connection using connection name: informix_connection
committing transaction
committing transaction
load Resource with ids:[J@1da2c68
operator: UnknownresourceId: Unknown - creating db connection using connection name: informix_connection
load ResourceRole with id:9
operator: UnknownresourceId: Unknown - creating db connection using connection name: informix_connection
committing transaction
committing transaction
load Resource with ids:[J@46e61f,[J@46e61f
operator: UnknownresourceId: Unknown - creating db connection using connection name: informix_connection
load ResourceRole with id:1
operator: UnknownresourceId: Unknown - creating db connection using connection name: informix_connection
committing transaction
load ResourceRole with id:1
operator: UnknownresourceId: Unknown - creating db connection using connection name: informix_connection
committing transaction
committing transaction
operator: UnknownresourceId: 6 - load resource.
operator: UnknownresourceId: Unknown - creating db connection using connection name: informix_connection
load ResourceRole with id:4
operator: UnknownresourceId: Unknown - creating db connection using connection name: informix_connection
committing transaction
committing transaction
operator: UnknownresourceId: 4 - load resource.
operator: UnknownresourceId: Unknown - creating db connection using connection name: informix_connection
load ResourceRole with id:1
operator: UnknownresourceId: Unknown - creating db connection using connection name: informix_connection
committing transaction
committing transaction
operator: UnknownresourceId: 100000 - load resource.
operator: UnknownresourceId: Unknown - creating db connection using connection name: informix_connection
load ResourceRole with id:13
operator: UnknownresourceId: Unknown - creating db connection using connection name: informix_connection
committing transaction
committing transaction
operator: UnknownresourceId: 7 - load resource.
operator: UnknownresourceId: Unknown - creating db connection using connection name: informix_connection
load ResourceRole with id:4
operator: UnknownresourceId: Unknown - creating db connection using connection name: informix_connection
committing transaction
committing transaction
operator: UnknownresourceId: 5 - load resource.
operator: UnknownresourceId: Unknown - creating db connection using connection name: informix_connection
load ResourceRole with id:1
operator: UnknownresourceId: Unknown - creating db connection using connection name: informix_connection
committing transaction
committing transaction
type: Upload id: Unknown operator:Unknown - search submissions with filter. found: 2
load Resource with ids:[J@1a05428,[J@1a05428
operator: UnknownresourceId: Unknown - creating db connection using connection name: informix_connection
load ResourceRole with id:4
operator: UnknownresourceId: Unknown - creating db connection using connection name: informix_connection
committing transaction
load ResourceRole with id:4
operator: UnknownresourceId: Unknown - creating db connection using connection name: informix_connection
committing transaction
committing transaction
type: Scorecard id: Unknown operator:Unknown - retrieve scorecard with ids:1, and is incomplete
create db connection with connect name:informix_connection
close the connection.
get All submission statuses, delegate to persistence.
get All submission statuses, delegate to persistence.
create db connection using connection name:informix_connection
close the connection.
type: SubmissionStatus id: Unknown operator:Unknown - Load SubmissionStatuses with ids:1,2,3,4,5
create db connection using connection name:informix_connection
close the connection.
get All submission statuses, delegate to persistence.
get All submission statuses, delegate to persistence.
create db connection using connection name:informix_connection
close the connection.
type: SubmissionStatus id: Unknown operator:Unknown - Load SubmissionStatuses with ids:1,2,3,4,5
create db connection using connection name:informix_connection
close the connection.
operator: UnknownresourceId: 4 - load resource.
operator: UnknownresourceId: Unknown - creating db connection using connection name: informix_connection
load ResourceRole with id:1
operator: UnknownresourceId: Unknown - creating db connection using connection name: informix_connection
committing transaction
committing transaction
type: Submission id: 1 operator:1001 - update Submission.
type: Submission id: 1 operator:Unknown - Update Submission, it will update record in submission table.
create db connection using connection name:informix_connection
close the connection.
operator: UnknownresourceId: 5 - load resource.
operator: UnknownresourceId: Unknown - creating db connection using connection name: informix_connection
load ResourceRole with id:1
operator: UnknownresourceId: Unknown - creating db connection using connection name: informix_connection
committing transaction
committing transaction
type: Submission id: 2 operator:1001 - update Submission.
type: Submission id: 2 operator:Unknown - Update Submission, it will update record in submission table.
create db connection using connection name:informix_connection
close the connection.
get projects with the ids: 1
operator: UnknownprojectId: Unknown - creating db connection using connection name: informix_connection
committing transaction
operator: 1001projectId: 1 - updating project: {Winner External Reference ID=4, Project Name=Online Review Phases, Project Version=1.2, Send Winner Emails=true, Post-Mortem Required=true}
operator: UnknownprojectId: Unknown - creating db connection using connection name: informix_connection
operator: 1001projectId: 1 - update project with projectId:1
operator: 1001projectId: 1 - update project, update project_info with projectId:1
operator: 1001projectId: 1 - insert record into project_info with project id1
operator: 1001projectId: 1 - generate new id for the project audit.
insert record into project_audit with projectId:1
operator: 1001projectId: 1 - execute sql:SELECT modify_date FROM project WHERE project_id=?
committing transaction
operator: UnknownresourceId: 4 - load resource.
operator: UnknownresourceId: Unknown - creating db connection using connection name: informix_connection
load ResourceRole with id:1
operator: UnknownresourceId: Unknown - creating db connection using connection name: informix_connection
committing transaction
committing transaction
operator: UnknownresourceId: 5 - load resource.
operator: UnknownresourceId: Unknown - creating db connection using connection name: informix_connection
load ResourceRole with id:1
operator: UnknownresourceId: Unknown - creating db connection using connection name: informix_connection
committing transaction
committing transaction
load Notifications with array of userIds/projectIds/notificationTypes.
operator: UnknownresourceId: Unknown - creating db connection using connection name: informix_connection
committing transaction
get projects with the ids: 1
operator: UnknownprojectId: Unknown - creating db connection using connection name: informix_connection
committing transaction
load Resource role with ids:[J@1d17c52,[J@1d17c52,[J@1d17c52,[J@1d17c52,[J@1d17c52,[J@1d17c52,[J@1d17c52,[J@1d17c52,[J@1d17c52,[J@1d17c52,[J@1d17c52,[J@1d17c52,[J@1d17c52,[J@1d17c52,[J@1d17c52,[J@1d17c52,[J@1d17c52,[J@1d17c52,[J@1d17c52,[J@1d17c52,[J@1d17c52,[J@1d17c52
operator: UnknownresourceId: Unknown - creating db connection using connection name: informix_connection
committing transaction
load Resource with ids:[J@1e64c3a,[J@1e64c3a,[J@1e64c3a
operator: UnknownresourceId: Unknown - creating db connection using connection name: informix_connection
load ResourceRole with id:4
operator: UnknownresourceId: Unknown - creating db connection using connection name: informix_connection
committing transaction
load ResourceRole with id:4
operator: UnknownresourceId: Unknown - creating db connection using connection name: informix_connection
committing transaction
load ResourceRole with id:4
operator: UnknownresourceId: Unknown - creating db connection using connection name: informix_connection
committing transaction
committing transaction
load Resource with ids:[J@79231d
operator: UnknownresourceId: Unknown - creating db connection using connection name: informix_connection
load ResourceRole with id:12
operator: UnknownresourceId: Unknown - creating db connection using connection name: informix_connection
committing transaction
committing transaction
load Resource with ids:[J@18bc4df
operator: UnknownresourceId: Unknown - creating db connection using connection name: informix_connection
load ResourceRole with id:13
operator: UnknownresourceId: Unknown - creating db connection using connection name: informix_connection
committing transaction
committing transaction
load Resource with ids:[J@69f6ea
operator: UnknownresourceId: Unknown - creating db connection using connection name: informix_connection
load ResourceRole with id:9
operator: UnknownresourceId: Unknown - creating db connection using connection name: informix_connection
committing transaction
committing transaction
load Resource with ids:[J@38e75b,[J@38e75b
operator: UnknownresourceId: Unknown - creating db connection using connection name: informix_connection
load ResourceRole with id:1
operator: UnknownresourceId: Unknown - creating db connection using connection name: informix_connection
committing transaction
load ResourceRole with id:1
operator: UnknownresourceId: Unknown - creating db connection using connection name: informix_connection
committing transaction
committing transaction
operator: UnknownresourceId: 6 - load resource.
operator: UnknownresourceId: Unknown - creating db connection using connection name: informix_connection
load ResourceRole with id:4
operator: UnknownresourceId: Unknown - creating db connection using connection name: informix_connection
committing transaction
committing transaction
operator: UnknownresourceId: 4 - load resource.
operator: UnknownresourceId: Unknown - creating db connection using connection name: informix_connection
load ResourceRole with id:1
operator: UnknownresourceId: Unknown - creating db connection using connection name: informix_connection
committing transaction
committing transaction
operator: UnknownresourceId: 100000 - load resource.
operator: UnknownresourceId: Unknown - creating db connection using connection name: informix_connection
load ResourceRole with id:13
operator: UnknownresourceId: Unknown - creating db connection using connection name: informix_connection
committing transaction
committing transaction
operator: UnknownresourceId: 7 - load resource.
operator: UnknownresourceId: Unknown - creating db connection using connection name: informix_connection
load ResourceRole with id:4
operator: UnknownresourceId: Unknown - creating db connection using connection name: informix_connection
committing transaction
committing transaction
operator: UnknownresourceId: 5 - load resource.
operator: UnknownresourceId: Unknown - creating db connection using connection name: informix_connection
load ResourceRole with id:1
operator: UnknownresourceId: Unknown - creating db connection using connection name: informix_connection
committing transaction
committing transaction
load Resource with ids:[J@19cdd12
operator: UnknownresourceId: Unknown - creating db connection using connection name: informix_connection
load ResourceRole with id:8
operator: UnknownresourceId: Unknown - creating db connection using connection name: informix_connection
committing transaction
committing transaction
load Resource with ids:[J@f943a,[J@f943a
operator: UnknownresourceId: Unknown - creating db connection using connection name: informix_connection
load ResourceRole with id:4
operator: UnknownresourceId: Unknown - creating db connection using connection name: informix_connection
committing transaction
load ResourceRole with id:4
operator: UnknownresourceId: Unknown - creating db connection using connection name: informix_connection
committing transaction
committing transaction
get projects with the ids: 1
operator: UnknownprojectId: Unknown - creating db connection using connection name: informix_connection
committing transaction
load Resource with ids:[J@d4f3ec
operator: UnknownresourceId: Unknown - creating db connection using connection name: informix_connection
load ResourceRole with id:1
operator: UnknownresourceId: Unknown - creating db connection using connection name: informix_connection
committing transaction
committing transaction
type: Upload id: Unknown operator:Unknown - search submissions with filter. found: 1
load Resource with ids:[J@16a4a56,[J@16a4a56
operator: UnknownresourceId: Unknown - creating db connection using connection name: informix_connection
load ResourceRole with id:4
operator: UnknownresourceId: Unknown - creating db connection using connection name: informix_connection
committing transaction
load ResourceRole with id:4
operator: UnknownresourceId: Unknown - creating db connection using connection name: informix_connection
committing transaction
committing transaction
operator: 1001phaseId: 107 - create aggregate worksheet.
load Notifications with array of userIds/projectIds/notificationTypes.
operator: UnknownresourceId: Unknown - creating db connection using connection name: informix_connection
committing transaction
get projects with the ids: 1
operator: UnknownprojectId: Unknown - creating db connection using connection name: informix_connection
committing transaction
load Resource role with ids:[J@1f40c3,[J@1f40c3,[J@1f40c3,[J@1f40c3,[J@1f40c3,[J@1f40c3,[J@1f40c3,[J@1f40c3,[J@1f40c3,[J@1f40c3,[J@1f40c3,[J@1f40c3,[J@1f40c3,[J@1f40c3,[J@1f40c3,[J@1f40c3,[J@1f40c3,[J@1f40c3,[J@1f40c3,[J@1f40c3,[J@1f40c3,[J@1f40c3
operator: UnknownresourceId: Unknown - creating db connection using connection name: informix_connection
committing transaction
load Resource with ids:[J@19a2b85,[J@19a2b85,[J@19a2b85
operator: UnknownresourceId: Unknown - creating db connection using connection name: informix_connection
load ResourceRole with id:4
operator: UnknownresourceId: Unknown - creating db connection using connection name: informix_connection
committing transaction
load ResourceRole with id:4
operator: UnknownresourceId: Unknown - creating db connection using connection name: informix_connection
committing transaction
load ResourceRole with id:4
operator: UnknownresourceId: Unknown - creating db connection using connection name: informix_connection
committing transaction
committing transaction
load Resource with ids:[J@1c6f6f5
operator: UnknownresourceId: Unknown - creating db connection using connection name: informix_connection
load ResourceRole with id:8
operator: UnknownresourceId: Unknown - creating db connection using connection name: informix_connection
committing transaction
committing transaction
load Resource with ids:[J@120e561
operator: UnknownresourceId: Unknown - creating db connection using connection name: informix_connection
load ResourceRole with id:12
operator: UnknownresourceId: Unknown - creating db connection using connection name: informix_connection
committing transaction
committing transaction
load Resource with ids:[J@7de5a0
operator: UnknownresourceId: Unknown - creating db connection using connection name: informix_connection
load ResourceRole with id:13
operator: UnknownresourceId: Unknown - creating db connection using connection name: informix_connection
committing transaction
committing transaction
load Resource with ids:[J@33233c
operator: UnknownresourceId: Unknown - creating db connection using connection name: informix_connection
load ResourceRole with id:9
operator: UnknownresourceId: Unknown - creating db connection using connection name: informix_connection
committing transaction
committing transaction
load Resource with ids:[J@1eb1a65,[J@1eb1a65
operator: UnknownresourceId: Unknown - creating db connection using connection name: informix_connection
load ResourceRole with id:1
operator: UnknownresourceId: Unknown - creating db connection using connection name: informix_connection
committing transaction
load ResourceRole with id:1
operator: UnknownresourceId: Unknown - creating db connection using connection name: informix_connection
committing transaction
committing transaction
operator: UnknownresourceId: 6 - load resource.
operator: UnknownresourceId: Unknown - creating db connection using connection name: informix_connection
load ResourceRole with id:4
operator: UnknownresourceId: Unknown - creating db connection using connection name: informix_connection
committing transaction
committing transaction
operator: UnknownresourceId: 4 - load resource.
operator: UnknownresourceId: Unknown - creating db connection using connection name: informix_connection
load ResourceRole with id:1
operator: UnknownresourceId: Unknown - creating db connection using connection name: informix_connection
committing transaction
committing transaction
operator: UnknownresourceId: 100000 - load resource.
operator: UnknownresourceId: Unknown - creating db connection using connection name: informix_connection
load ResourceRole with id:13
operator: UnknownresourceId: Unknown - creating db connection using connection name: informix_connection
committing transaction
committing transaction
operator: UnknownresourceId: 7 - load resource.
operator: UnknownresourceId: Unknown - creating db connection using connection name: informix_connection
load ResourceRole with id:4
operator: UnknownresourceId: Unknown - creating db connection using connection name: informix_connection
committing transaction
committing transaction
operator: UnknownresourceId: 5 - load resource.
operator: UnknownresourceId: Unknown - creating db connection using connection name: informix_connection
load ResourceRole with id:1
operator: UnknownresourceId: Unknown - creating db connection using connection name: informix_connection
committing transaction
committing transaction
load Resource with ids:[J@1bd2431
operator: UnknownresourceId: Unknown - creating db connection using connection name: informix_connection
load ResourceRole with id:8
operator: UnknownresourceId: Unknown - creating db connection using connection name: informix_connection
committing transaction
committing transaction
load Resource with ids:[J@1c49dc1,[J@1c49dc1
operator: UnknownresourceId: Unknown - creating db connection using connection name: informix_connection
load ResourceRole with id:4
operator: UnknownresourceId: Unknown - creating db connection using connection name: informix_connection
committing transaction
load ResourceRole with id:4
operator: UnknownresourceId: Unknown - creating db connection using connection name: informix_connection
committing transaction
committing transaction
get projects with the ids: 1
operator: UnknownprojectId: Unknown - creating db connection using connection name: informix_connection
committing transaction
load Resource with ids:[J@1fd31fd
operator: UnknownresourceId: Unknown - creating db connection using connection name: informix_connection
load ResourceRole with id:1
operator: UnknownresourceId: Unknown - creating db connection using connection name: informix_connection
committing transaction
committing transaction
type: Upload id: Unknown operator:Unknown - search submissions with filter. found: 1
load Resource with ids:[J@13b954e,[J@13b954e
operator: UnknownresourceId: Unknown - creating db connection using connection name: informix_connection
load ResourceRole with id:4
operator: UnknownresourceId: Unknown - creating db connection using connection name: informix_connection
committing transaction
load ResourceRole with id:4
operator: UnknownresourceId: Unknown - creating db connection using connection name: informix_connection
committing transaction
committing transaction
operator: 1001phaseId: 107 - create aggregate worksheet.
load Notifications with array of userIds/projectIds/notificationTypes.
operator: UnknownresourceId: Unknown - creating db connection using connection name: informix_connection
committing transaction
get projects with the ids: 1
operator: UnknownprojectId: Unknown - creating db connection using connection name: informix_connection
committing transaction
load Resource role with ids:[J@17d7d2e,[J@17d7d2e,[J@17d7d2e,[J@17d7d2e,[J@17d7d2e,[J@17d7d2e,[J@17d7d2e,[J@17d7d2e,[J@17d7d2e,[J@17d7d2e,[J@17d7d2e,[J@17d7d2e,[J@17d7d2e,[J@17d7d2e,[J@17d7d2e,[J@17d7d2e,[J@17d7d2e,[J@17d7d2e,[J@17d7d2e,[J@17d7d2e,[J@17d7d2e,[J@17d7d2e
operator: UnknownresourceId: Unknown - creating db connection using connection name: informix_connection
committing transaction
load Resource with ids:[J@1f38115,[J@1f38115,[J@1f38115
operator: UnknownresourceId: Unknown - creating db connection using connection name: informix_connection
load ResourceRole with id:4
operator: UnknownresourceId: Unknown - creating db connection using connection name: informix_connection
committing transaction
load ResourceRole with id:4
operator: UnknownresourceId: Unknown - creating db connection using connection name: informix_connection
committing transaction
load ResourceRole with id:4
operator: UnknownresourceId: Unknown - creating db connection using connection name: informix_connection
committing transaction
committing transaction
load Resource with ids:[J@4e077e
operator: UnknownresourceId: Unknown - creating db connection using connection name: informix_connection
load ResourceRole with id:8
operator: UnknownresourceId: Unknown - creating db connection using connection name: informix_connection
committing transaction
committing transaction
load Resource with ids:[J@84e399
operator: UnknownresourceId: Unknown - creating db connection using connection name: informix_connection
load ResourceRole with id:12
operator: UnknownresourceId: Unknown - creating db connection using connection name: informix_connection
committing transaction
committing transaction
load Resource with ids:[J@173ef10
operator: UnknownresourceId: Unknown - creating db connection using connection name: informix_connection
load ResourceRole with id:13
operator: UnknownresourceId: Unknown - creating db connection using connection name: informix_connection
committing transaction
committing transaction
load Resource with ids:[J@372a9a
operator: UnknownresourceId: Unknown - creating db connection using connection name: informix_connection
load ResourceRole with id:9
operator: UnknownresourceId: Unknown - creating db connection using connection name: informix_connection
committing transaction
committing transaction
load Resource with ids:[J@8f6d24,[J@8f6d24
operator: UnknownresourceId: Unknown - creating db connection using connection name: informix_connection
load ResourceRole with id:1
operator: UnknownresourceId: Unknown - creating db connection using connection name: informix_connection
committing transaction
load ResourceRole with id:1
operator: UnknownresourceId: Unknown - creating db connection using connection name: informix_connection
committing transaction
committing transaction
operator: UnknownresourceId: 6 - load resource.
operator: UnknownresourceId: Unknown - creating db connection using connection name: informix_connection
load ResourceRole with id:4
operator: UnknownresourceId: Unknown - creating db connection using connection name: informix_connection
committing transaction
committing transaction
operator: UnknownresourceId: 4 - load resource.
operator: UnknownresourceId: Unknown - creating db connection using connection name: informix_connection
load ResourceRole with id:1
operator: UnknownresourceId: Unknown - creating db connection using connection name: informix_connection
committing transaction
committing transaction
operator: UnknownresourceId: 100000 - load resource.
operator: UnknownresourceId: Unknown - creating db connection using connection name: informix_connection
load ResourceRole with id:13
operator: UnknownresourceId: Unknown - creating db connection using connection name: informix_connection
committing transaction
committing transaction
operator: UnknownresourceId: 7 - load resource.
operator: UnknownresourceId: Unknown - creating db connection using connection name: informix_connection
load ResourceRole with id:4
operator: UnknownresourceId: Unknown - creating db connection using connection name: informix_connection
committing transaction
committing transaction
operator: UnknownresourceId: 5 - load resource.
operator: UnknownresourceId: Unknown - creating db connection using connection name: informix_connection
load ResourceRole with id:1
operator: UnknownresourceId: Unknown - creating db connection using connection name: informix_connection
committing transaction
committing transaction
load Resource with ids:[J@1645c36
operator: UnknownresourceId: Unknown - creating db connection using connection name: informix_connection
load ResourceRole with id:8
operator: UnknownresourceId: Unknown - creating db connection using connection name: informix_connection
committing transaction
committing transaction
load Resource with ids:[J@840988,[J@840988
operator: UnknownresourceId: Unknown - creating db connection using connection name: informix_connection
load ResourceRole with id:4
operator: UnknownresourceId: Unknown - creating db connection using connection name: informix_connection
committing transaction
load ResourceRole with id:4
operator: UnknownresourceId: Unknown - creating db connection using connection name: informix_connection
committing transaction
committing transaction
get projects with the ids: 1
operator: UnknownprojectId: Unknown - creating db connection using connection name: informix_connection
committing transaction
load Resource with ids:[J@29db15
operator: UnknownresourceId: Unknown - creating db connection using connection name: informix_connection
load ResourceRole with id:1
operator: UnknownresourceId: Unknown - creating db connection using connection name: informix_connection
committing transaction
committing transaction
type: Upload id: Unknown operator:Unknown - search submissions with filter. found: 1
load Resource with ids:[J@1ef9400,[J@1ef9400
operator: UnknownresourceId: Unknown - creating db connection using connection name: informix_connection
load ResourceRole with id:4
operator: UnknownresourceId: Unknown - creating db connection using connection name: informix_connection
committing transaction
load ResourceRole with id:4
operator: UnknownresourceId: Unknown - creating db connection using connection name: informix_connection
committing transaction
committing transaction
operator: 1001phaseId: 107 - create aggregate worksheet.
load Notifications with array of userIds/projectIds/notificationTypes.
operator: UnknownresourceId: Unknown - creating db connection using connection name: informix_connection
committing transaction
get projects with the ids: 1
operator: UnknownprojectId: Unknown - creating db connection using connection name: informix_connection
committing transaction
load Resource role with ids:[J@11a3537,[J@11a3537,[J@11a3537,[J@11a3537,[J@11a3537,[J@11a3537,[J@11a3537,[J@11a3537,[J@11a3537,[J@11a3537,[J@11a3537,[J@11a3537,[J@11a3537,[J@11a3537,[J@11a3537,[J@11a3537,[J@11a3537,[J@11a3537,[J@11a3537,[J@11a3537,[J@11a3537,[J@11a3537
operator: UnknownresourceId: Unknown - creating db connection using connection name: informix_connection
committing transaction
load Resource with ids:[J@15d6110,[J@15d6110,[J@15d6110
operator: UnknownresourceId: Unknown - creating db connection using connection name: informix_connection
load ResourceRole with id:4
operator: UnknownresourceId: Unknown - creating db connection using connection name: informix_connection
committing transaction
load ResourceRole with id:4
operator: UnknownresourceId: Unknown - creating db connection using connection name: informix_connection
committing transaction
load ResourceRole with id:4
operator: UnknownresourceId: Unknown - creating db connection using connection name: informix_connection
committing transaction
committing transaction
load Resource with ids:[J@2696f
operator: UnknownresourceId: Unknown - creating db connection using connection name: informix_connection
load ResourceRole with id:8
operator: UnknownresourceId: Unknown - creating db connection using connection name: informix_connection
committing transaction
committing transaction
load Resource with ids:[J@1c539f2
operator: UnknownresourceId: Unknown - creating db connection using connection name: informix_connection
load ResourceRole with id:12
operator: UnknownresourceId: Unknown - creating db connection using connection name: informix_connection
committing transaction
committing transaction
load Resource with ids:[J@13551fd
operator: UnknownresourceId: Unknown - creating db connection using connection name: informix_connection
load ResourceRole with id:13
operator: UnknownresourceId: Unknown - creating db connection using connection name: informix_connection
committing transaction
committing transaction
load Resource with ids:[J@1ff2e2f
operator: UnknownresourceId: Unknown - creating db connection using connection name: informix_connection
load ResourceRole with id:9
operator: UnknownresourceId: Unknown - creating db connection using connection name: informix_connection
committing transaction
committing transaction
load Resource with ids:[J@19b623b,[J@19b623b
operator: UnknownresourceId: Unknown - creating db connection using connection name: informix_connection
load ResourceRole with id:1
operator: UnknownresourceId: Unknown - creating db connection using connection name: informix_connection
committing transaction
load ResourceRole with id:1
operator: UnknownresourceId: Unknown - creating db connection using connection name: informix_connection
committing transaction
committing transaction
operator: UnknownresourceId: 6 - load resource.
operator: UnknownresourceId: Unknown - creating db connection using connection name: informix_connection
load ResourceRole with id:4
operator: UnknownresourceId: Unknown - creating db connection using connection name: informix_connection
committing transaction
committing transaction
operator: UnknownresourceId: 4 - load resource.
operator: UnknownresourceId: Unknown - creating db connection using connection name: informix_connection
load ResourceRole with id:1
operator: UnknownresourceId: Unknown - creating db connection using connection name: informix_connection
committing transaction
committing transaction
operator: UnknownresourceId: 100000 - load resource.
operator: UnknownresourceId: Unknown - creating db connection using connection name: informix_connection
load ResourceRole with id:13
operator: UnknownresourceId: Unknown - creating db connection using connection name: informix_connection
committing transaction
committing transaction
operator: UnknownresourceId: 7 - load resource.
operator: UnknownresourceId: Unknown - creating db connection using connection name: informix_connection
load ResourceRole with id:4
operator: UnknownresourceId: Unknown - creating db connection using connection name: informix_connection
committing transaction
committing transaction
operator: UnknownresourceId: 5 - load resource.
operator: UnknownresourceId: Unknown - creating db connection using connection name: informix_connection
load ResourceRole with id:1
operator: UnknownresourceId: Unknown - creating db connection using connection name: informix_connection
committing transaction
committing transaction
load Resource with ids:[J@16a4a4f
operator: UnknownresourceId: Unknown - creating db connection using connection name: informix_connection
load ResourceRole with id:8
operator: UnknownresourceId: Unknown - creating db connection using connection name: informix_connection
committing transaction
committing transaction
load Resource with ids:[J@a7209b,[J@a7209b
operator: UnknownresourceId: Unknown - creating db connection using connection name: informix_connection
load ResourceRole with id:4
operator: UnknownresourceId: Unknown - creating db connection using connection name: informix_connection
committing transaction
load ResourceRole with id:4
operator: UnknownresourceId: Unknown - creating db connection using connection name: informix_connection
committing transaction
committing transaction
get projects with the ids: 1
operator: UnknownprojectId: Unknown - creating db connection using connection name: informix_connection
committing transaction
load Resource with ids:[J@17a2480
operator: UnknownresourceId: Unknown - creating db connection using connection name: informix_connection
load ResourceRole with id:1
operator: UnknownresourceId: Unknown - creating db connection using connection name: informix_connection
committing transaction
committing transaction
type: Upload id: Unknown operator:Unknown - search submissions with filter. found: 1
load Resource with ids:[J@c66d64,[J@c66d64
operator: UnknownresourceId: Unknown - creating db connection using connection name: informix_connection
load ResourceRole with id:4
operator: UnknownresourceId: Unknown - creating db connection using connection name: informix_connection
committing transaction
load ResourceRole with id:4
operator: UnknownresourceId: Unknown - creating db connection using connection name: informix_connection
committing transaction
committing transaction
operator: 1001phaseId: 107 - create aggregate worksheet.
load Notifications with array of userIds/projectIds/notificationTypes.
operator: UnknownresourceId: Unknown - creating db connection using connection name: informix_connection
committing transaction
get projects with the ids: 1
operator: UnknownprojectId: Unknown - creating db connection using connection name: informix_connection
committing transaction
load Resource role with ids:[J@1e7e2c8,[J@1e7e2c8,[J@1e7e2c8,[J@1e7e2c8,[J@1e7e2c8,[J@1e7e2c8,[J@1e7e2c8,[J@1e7e2c8,[J@1e7e2c8,[J@1e7e2c8,[J@1e7e2c8,[J@1e7e2c8,[J@1e7e2c8,[J@1e7e2c8,[J@1e7e2c8,[J@1e7e2c8,[J@1e7e2c8,[J@1e7e2c8,[J@1e7e2c8,[J@1e7e2c8,[J@1e7e2c8,[J@1e7e2c8
operator: UnknownresourceId: Unknown - creating db connection using connection name: informix_connection
committing transaction
load Resource with ids:[J@d90216,[J@d90216,[J@d90216
operator: UnknownresourceId: Unknown - creating db connection using connection name: informix_connection
load ResourceRole with id:4
operator: UnknownresourceId: Unknown - creating db connection using connection name: informix_connection
committing transaction
load ResourceRole with id:4
operator: UnknownresourceId: Unknown - creating db connection using connection name: informix_connection
committing transaction
load ResourceRole with id:4
operator: UnknownresourceId: Unknown - creating db connection using connection name: informix_connection
committing transaction
committing transaction
load Resource with ids:[J@e5e511
operator: UnknownresourceId: Unknown - creating db connection using connection name: informix_connection
load ResourceRole with id:8
operator: UnknownresourceId: Unknown - creating db connection using connection name: informix_connection
committing transaction
committing transaction
load Resource with ids:[J@17b186a
operator: UnknownresourceId: Unknown - creating db connection using connection name: informix_connection
load ResourceRole with id:12
operator: UnknownresourceId: Unknown - creating db connection using connection name: informix_connection
committing transaction
committing transaction
load Resource with ids:[J@1838b82
operator: UnknownresourceId: Unknown - creating db connection using connection name: informix_connection
load ResourceRole with id:13
operator: UnknownresourceId: Unknown - creating db connection using connection name: informix_connection
committing transaction
committing transaction
load Resource with ids:[J@7f5681
operator: UnknownresourceId: Unknown - creating db connection using connection name: informix_connection
load ResourceRole with id:9
operator: UnknownresourceId: Unknown - creating db connection using connection name: informix_connection
committing transaction
committing transaction
load Resource with ids:[J@786e0d,[J@786e0d
operator: UnknownresourceId: Unknown - creating db connection using connection name: informix_connection
load ResourceRole with id:1
operator: UnknownresourceId: Unknown - creating db connection using connection name: informix_connection
committing transaction
load ResourceRole with id:1
operator: UnknownresourceId: Unknown - creating db connection using connection name: informix_connection
committing transaction
committing transaction
operator: UnknownresourceId: 6 - load resource.
operator: UnknownresourceId: Unknown - creating db connection using connection name: informix_connection
load ResourceRole with id:4
operator: UnknownresourceId: Unknown - creating db connection using connection name: informix_connection
committing transaction
committing transaction
operator: UnknownresourceId: 4 - load resource.
operator: UnknownresourceId: Unknown - creating db connection using connection name: informix_connection
load ResourceRole with id:1
operator: UnknownresourceId: Unknown - creating db connection using connection name: informix_connection
committing transaction
committing transaction
operator: UnknownresourceId: 100000 - load resource.
operator: UnknownresourceId: Unknown - creating db connection using connection name: informix_connection
load ResourceRole with id:13
operator: UnknownresourceId: Unknown - creating db connection using connection name: informix_connection
committing transaction
committing transaction
operator: UnknownresourceId: 7 - load resource.
operator: UnknownresourceId: Unknown - creating db connection using connection name: informix_connection
load ResourceRole with id:4
operator: UnknownresourceId: Unknown - creating db connection using connection name: informix_connection
committing transaction
committing transaction
operator: UnknownresourceId: 5 - load resource.
operator: UnknownresourceId: Unknown - creating db connection using connection name: informix_connection
load ResourceRole with id:1
operator: UnknownresourceId: Unknown - creating db connection using connection name: informix_connection
committing transaction
committing transaction
load Resource with ids:[J@1d7a491
operator: UnknownresourceId: Unknown - creating db connection using connection name: informix_connection
load ResourceRole with id:8
operator: UnknownresourceId: Unknown - creating db connection using connection name: informix_connection
committing transaction
committing transaction
load Resource with ids:[J@18064a,[J@18064a
operator: UnknownresourceId: Unknown - creating db connection using connection name: informix_connection
load ResourceRole with id:4
operator: UnknownresourceId: Unknown - creating db connection using connection name: informix_connection
committing transaction
load ResourceRole with id:4
operator: UnknownresourceId: Unknown - creating db connection using connection name: informix_connection
committing transaction
committing transaction
get projects with the ids: 1
operator: UnknownprojectId: Unknown - creating db connection using connection name: informix_connection
committing transaction
load Resource with ids:[J@159e662
operator: UnknownresourceId: Unknown - creating db connection using connection name: informix_connection
load ResourceRole with id:1
operator: UnknownresourceId: Unknown - creating db connection using connection name: informix_connection
committing transaction
committing transaction
type: Upload id: Unknown operator:Unknown - search submissions with filter. found: 1
load Resource with ids:[J@e4c71e,[J@e4c71e
operator: UnknownresourceId: Unknown - creating db connection using connection name: informix_connection
load ResourceRole with id:4
operator: UnknownresourceId: Unknown - creating db connection using connection name: informix_connection
committing transaction
load ResourceRole with id:4
operator: UnknownresourceId: Unknown - creating db connection using connection name: informix_connection
committing transaction
committing transaction
operator: 1001phaseId: 107 - create aggregate worksheet.
load Notifications with array of userIds/projectIds/notificationTypes.
operator: UnknownresourceId: Unknown - creating db connection using connection name: informix_connection
committing transaction
get projects with the ids: 1
operator: UnknownprojectId: Unknown - creating db connection using connection name: informix_connection
committing transaction
load Resource role with ids:[J@8fd493,[J@8fd493,[J@8fd493,[J@8fd493,[J@8fd493,[J@8fd493,[J@8fd493,[J@8fd493,[J@8fd493,[J@8fd493,[J@8fd493,[J@8fd493,[J@8fd493,[J@8fd493,[J@8fd493,[J@8fd493,[J@8fd493,[J@8fd493,[J@8fd493,[J@8fd493,[J@8fd493,[J@8fd493
operator: UnknownresourceId: Unknown - creating db connection using connection name: informix_connection
committing transaction
load Resource with ids:[J@790041,[J@790041,[J@790041
operator: UnknownresourceId: Unknown - creating db connection using connection name: informix_connection
load ResourceRole with id:4
operator: UnknownresourceId: Unknown - creating db connection using connection name: informix_connection
committing transaction
load ResourceRole with id:4
operator: UnknownresourceId: Unknown - creating db connection using connection name: informix_connection
committing transaction
load ResourceRole with id:4
operator: UnknownresourceId: Unknown - creating db connection using connection name: informix_connection
committing transaction
committing transaction
load Resource with ids:[J@1012ee
operator: UnknownresourceId: Unknown - creating db connection using connection name: informix_connection
load ResourceRole with id:8
operator: UnknownresourceId: Unknown - creating db connection using connection name: informix_connection
committing transaction
committing transaction
load Resource with ids:[J@134dc79
operator: UnknownresourceId: Unknown - creating db connection using connection name: informix_connection
load ResourceRole with id:12
operator: UnknownresourceId: Unknown - creating db connection using connection name: informix_connection
committing transaction
committing transaction
load Resource with ids:[J@d45ede
operator: UnknownresourceId: Unknown - creating db connection using connection name: informix_connection
load ResourceRole with id:13
operator: UnknownresourceId: Unknown - creating db connection using connection name: informix_connection
committing transaction
committing transaction
load Resource with ids:[J@19ce970
operator: UnknownresourceId: Unknown - creating db connection using connection name: informix_connection
load ResourceRole with id:9
operator: UnknownresourceId: Unknown - creating db connection using connection name: informix_connection
committing transaction
committing transaction
load Resource with ids:[J@1b991a8,[J@1b991a8
operator: UnknownresourceId: Unknown - creating db connection using connection name: informix_connection
load ResourceRole with id:1
operator: UnknownresourceId: Unknown - creating db connection using connection name: informix_connection
committing transaction
load ResourceRole with id:1
operator: UnknownresourceId: Unknown - creating db connection using connection name: informix_connection
committing transaction
committing transaction
operator: UnknownresourceId: 6 - load resource.
operator: UnknownresourceId: Unknown - creating db connection using connection name: informix_connection
load ResourceRole with id:4
operator: UnknownresourceId: Unknown - creating db connection using connection name: informix_connection
committing transaction
committing transaction
operator: UnknownresourceId: 4 - load resource.
operator: UnknownresourceId: Unknown - creating db connection using connection name: informix_connection
load ResourceRole with id:1
operator: UnknownresourceId: Unknown - creating db connection using connection name: informix_connection
committing transaction
committing transaction
operator: UnknownresourceId: 100000 - load resource.
operator: UnknownresourceId: Unknown - creating db connection using connection name: informix_connection
load ResourceRole with id:13
operator: UnknownresourceId: Unknown - creating db connection using connection name: informix_connection
committing transaction
committing transaction
operator: UnknownresourceId: 7 - load resource.
operator: UnknownresourceId: Unknown - creating db connection using connection name: informix_connection
load ResourceRole with id:4
operator: UnknownresourceId: Unknown - creating db connection using connection name: informix_connection
committing transaction
committing transaction
operator: UnknownresourceId: 5 - load resource.
operator: UnknownresourceId: Unknown - creating db connection using connection name: informix_connection
load ResourceRole with id:1
operator: UnknownresourceId: Unknown - creating db connection using connection name: informix_connection
committing transaction
committing transaction
Read propery[ConnectionFactoryNS] which is  required  with value[com.topcoder.db.connectionfactory.DBConnectionFactoryImpl] from namespace [com.topcoder.management.project.persistence.InformixProjectPersistence].
Read propery[ConnectionName] which is  optional  with value[informix_connection] from namespace [com.topcoder.management.project.persistence.InformixProjectPersistence].
Read propery[ProjectIdSequenceName] which is  optional  with value[project_id_seq] from namespace [com.topcoder.management.project.persistence.InformixProjectPersistence].
Read propery[ProjectAuditIdSequenceName] which is  optional  with value[project_audit_id_seq] from namespace [com.topcoder.management.project.persistence.InformixProjectPersistence].
Read propery[ConnectionFactoryNS] which is  required  with value[com.topcoder.db.connectionfactory.DBConnectionFactoryImpl] from namespace [com.topcoder.management.project.persistence.link.ProjectLinkManagerImpl].
Read propery[ConnectionName] which is  optional  with value[informix_connection] from namespace [com.topcoder.management.project.persistence.link.ProjectLinkManagerImpl].
read property ConnectionFactoryNS[com.topcoder.db.connectionfactory.DBConnectionFactoryImpl] from the namespace :com.topcoder.management.scorecard.persistence.InformixScorecardPersistence
read property ConnectionName[informix_connection] from the namespace :com.topcoder.management.scorecard.persistence.InformixScorecardPersistence
Instantiate SqlUploadPersistence with connectionFactory and connectioName:informix_connection
Instantiate PersistenceUploadManager with UploadPersistence, uploadSearchBundle, submissionSearchBundle, uploadIdGenerator, uploadTypeIdGenerator, uploadStatusIdGenerator, submissionIDGenerator, submissionStatusIdGenerator and submissionTypeIdGenerator.
Instantiate AbstractResourcePersistence with connectionFactory and connectionName[informix_connection].
load Resource role with ids:[J@ae0ad6,[J@ae0ad6,[J@ae0ad6,[J@ae0ad6,[J@ae0ad6,[J@ae0ad6,[J@ae0ad6,[J@ae0ad6,[J@ae0ad6,[J@ae0ad6,[J@ae0ad6,[J@ae0ad6,[J@ae0ad6,[J@ae0ad6,[J@ae0ad6,[J@ae0ad6,[J@ae0ad6,[J@ae0ad6,[J@ae0ad6,[J@ae0ad6,[J@ae0ad6,[J@ae0ad6
operator: UnknownresourceId: Unknown - creating db connection using connection name: informix_connection
committing transaction
get projects with the ids: 1
operator: UnknownprojectId: Unknown - creating db connection using connection name: informix_connection
committing transaction
can't open aggregation because there is no winner for project: 1
can't open aggregation because there is no Aggregator for project: 1
get projects with the ids: 1
operator: UnknownprojectId: Unknown - creating db connection using connection name: informix_connection
committing transaction
can't open aggregation because there is no winner for project: 1
can't open aggregation because there is no Aggregator for project: 1
get projects with the ids: 1
operator: UnknownprojectId: Unknown - creating db connection using connection name: informix_connection
committing transaction
can't open aggregation because there is no winner for project: 1
can't open aggregation because there is no Aggregator for project: 1
get projects with the ids: 1
operator: UnknownprojectId: Unknown - creating db connection using connection name: informix_connection
committing transaction
can't open aggregation because there is no winner for project: 1
can't open aggregation because there is no Aggregator for project: 1
get projects with the ids: 1
operator: UnknownprojectId: Unknown - creating db connection using connection name: informix_connection
committing transaction
can't open aggregation because there is no winner for project: 1
can't open aggregation because there is no Aggregator for project: 1
Read propery[ConnectionFactoryNS] which is  required  with value[com.topcoder.db.connectionfactory.DBConnectionFactoryImpl] from namespace [com.topcoder.management.project.persistence.InformixProjectPersistence].
Read propery[ConnectionName] which is  optional  with value[informix_connection] from namespace [com.topcoder.management.project.persistence.InformixProjectPersistence].
Read propery[ProjectIdSequenceName] which is  optional  with value[project_id_seq] from namespace [com.topcoder.management.project.persistence.InformixProjectPersistence].
Read propery[ProjectAuditIdSequenceName] which is  optional  with value[project_audit_id_seq] from namespace [com.topcoder.management.project.persistence.InformixProjectPersistence].
Read propery[ConnectionFactoryNS] which is  required  with value[com.topcoder.db.connectionfactory.DBConnectionFactoryImpl] from namespace [com.topcoder.management.project.persistence.link.ProjectLinkManagerImpl].
Read propery[ConnectionName] which is  optional  with value[informix_connection] from namespace [com.topcoder.management.project.persistence.link.ProjectLinkManagerImpl].
read property ConnectionFactoryNS[com.topcoder.db.connectionfactory.DBConnectionFactoryImpl] from the namespace :com.topcoder.management.scorecard.persistence.InformixScorecardPersistence
read property ConnectionName[informix_connection] from the namespace :com.topcoder.management.scorecard.persistence.InformixScorecardPersistence
Instantiate SqlUploadPersistence with connectionFactory and connectioName:informix_connection
Instantiate PersistenceUploadManager with UploadPersistence, uploadSearchBundle, submissionSearchBundle, uploadIdGenerator, uploadTypeIdGenerator, uploadStatusIdGenerator, submissionIDGenerator, submissionStatusIdGenerator and submissionTypeIdGenerator.
Instantiate AbstractResourcePersistence with connectionFactory and connectionName[informix_connection].
load Resource role with ids:[J@eb4f4b,[J@eb4f4b,[J@eb4f4b,[J@eb4f4b,[J@eb4f4b,[J@eb4f4b,[J@eb4f4b,[J@eb4f4b,[J@eb4f4b,[J@eb4f4b,[J@eb4f4b,[J@eb4f4b,[J@eb4f4b,[J@eb4f4b,[J@eb4f4b,[J@eb4f4b,[J@eb4f4b,[J@eb4f4b,[J@eb4f4b,[J@eb4f4b,[J@eb4f4b,[J@eb4f4b
operator: UnknownresourceId: Unknown - creating db connection using connection name: informix_connection
committing transaction
get projects with the ids: 1
operator: UnknownprojectId: Unknown - creating db connection using connection name: informix_connection
committing transaction
load Resource with ids:[J@a40e08
operator: UnknownresourceId: Unknown - creating db connection using connection name: informix_connection
load ResourceRole with id:1
operator: UnknownresourceId: Unknown - creating db connection using connection name: informix_connection
committing transaction
committing transaction
load Resource with ids:[J@939045
operator: UnknownresourceId: Unknown - creating db connection using connection name: informix_connection
load ResourceRole with id:8
operator: UnknownresourceId: Unknown - creating db connection using connection name: informix_connection
committing transaction
committing transaction
get projects with the ids: 1
operator: UnknownprojectId: Unknown - creating db connection using connection name: informix_connection
committing transaction
load Resource with ids:[J@1d63d6a
operator: UnknownresourceId: Unknown - creating db connection using connection name: informix_connection
load ResourceRole with id:1
operator: UnknownresourceId: Unknown - creating db connection using connection name: informix_connection
committing transaction
committing transaction
load Resource with ids:[J@b9bd47
operator: UnknownresourceId: Unknown - creating db connection using connection name: informix_connection
load ResourceRole with id:8
operator: UnknownresourceId: Unknown - creating db connection using connection name: informix_connection
committing transaction
committing transaction
get projects with the ids: 1
operator: UnknownprojectId: Unknown - creating db connection using connection name: informix_connection
committing transaction
load Resource with ids:[J@e74c25
operator: UnknownresourceId: Unknown - creating db connection using connection name: informix_connection
load ResourceRole with id:1
operator: UnknownresourceId: Unknown - creating db connection using connection name: informix_connection
committing transaction
committing transaction
load Resource with ids:[J@15692fe
operator: UnknownresourceId: Unknown - creating db connection using connection name: informix_connection
load ResourceRole with id:8
operator: UnknownresourceId: Unknown - creating db connection using connection name: informix_connection
committing transaction
committing transaction
get projects with the ids: 1
operator: UnknownprojectId: Unknown - creating db connection using connection name: informix_connection
committing transaction
load Resource with ids:[J@3da4d
operator: UnknownresourceId: Unknown - creating db connection using connection name: informix_connection
load ResourceRole with id:1
operator: UnknownresourceId: Unknown - creating db connection using connection name: informix_connection
committing transaction
committing transaction
load Resource with ids:[J@1151ae5
operator: UnknownresourceId: Unknown - creating db connection using connection name: informix_connection
load ResourceRole with id:8
operator: UnknownresourceId: Unknown - creating db connection using connection name: informix_connection
committing transaction
committing transaction
get projects with the ids: 1
operator: UnknownprojectId: Unknown - creating db connection using connection name: informix_connection
committing transaction
load Resource with ids:[J@20cf50
operator: UnknownresourceId: Unknown - creating db connection using connection name: informix_connection
load ResourceRole with id:1
operator: UnknownresourceId: Unknown - creating db connection using connection name: informix_connection
committing transaction
committing transaction
load Resource with ids:[J@52f172
operator: UnknownresourceId: Unknown - creating db connection using connection name: informix_connection
load ResourceRole with id:8
operator: UnknownresourceId: Unknown - creating db connection using connection name: informix_connection
committing transaction
committing transaction
Read propery[ConnectionFactoryNS] which is  required  with value[com.topcoder.db.connectionfactory.DBConnectionFactoryImpl] from namespace [com.topcoder.management.project.persistence.InformixProjectPersistence].
Read propery[ConnectionName] which is  optional  with value[informix_connection] from namespace [com.topcoder.management.project.persistence.InformixProjectPersistence].
Read propery[ProjectIdSequenceName] which is  optional  with value[project_id_seq] from namespace [com.topcoder.management.project.persistence.InformixProjectPersistence].
Read propery[ProjectAuditIdSequenceName] which is  optional  with value[project_audit_id_seq] from namespace [com.topcoder.management.project.persistence.InformixProjectPersistence].
Read propery[ConnectionFactoryNS] which is  required  with value[com.topcoder.db.connectionfactory.DBConnectionFactoryImpl] from namespace [com.topcoder.management.project.persistence.link.ProjectLinkManagerImpl].
Read propery[ConnectionName] which is  optional  with value[informix_connection] from namespace [com.topcoder.management.project.persistence.link.ProjectLinkManagerImpl].
read property ConnectionFactoryNS[com.topcoder.db.connectionfactory.DBConnectionFactoryImpl] from the namespace :com.topcoder.management.scorecard.persistence.InformixScorecardPersistence
read property ConnectionName[informix_connection] from the namespace :com.topcoder.management.scorecard.persistence.InformixScorecardPersistence
Instantiate SqlUploadPersistence with connectionFactory and connectioName:informix_connection
Instantiate PersistenceUploadManager with UploadPersistence, uploadSearchBundle, submissionSearchBundle, uploadIdGenerator, uploadTypeIdGenerator, uploadStatusIdGenerator, submissionIDGenerator, submissionStatusIdGenerator and submissionTypeIdGenerator.
Instantiate AbstractResourcePersistence with connectionFactory and connectionName[informix_connection].
load Resource role with ids:[J@17ac531,[J@17ac531,[J@17ac531,[J@17ac531,[J@17ac531,[J@17ac531,[J@17ac531,[J@17ac531,[J@17ac531,[J@17ac531,[J@17ac531,[J@17ac531,[J@17ac531,[J@17ac531,[J@17ac531,[J@17ac531,[J@17ac531,[J@17ac531,[J@17ac531,[J@17ac531,[J@17ac531,[J@17ac531
operator: UnknownresourceId: Unknown - creating db connection using connection name: informix_connection
committing transaction
entering canPerform: phaseId108
toStart: true
entering canPerform: phaseId108
toStart: true
entering canPerform: phaseId108
toStart: true
entering canPerform: phaseId108
toStart: true
entering canPerform: phaseId108
toStart: true
entering canPerform: phaseId108
toStart: true
entering canPerform: phaseId108
toStart: true
entering canPerform: phaseId108
toStart: true
entering canPerform: phaseId108
toStart: true
entering canPerform: phaseId108
toStart: true
entering canPerform: phaseId108
toStart: true
entering canPerform: phaseId108
toStart: true
entering canPerform: phaseId108
toStart: true
entering canPerform: phaseId108
toStart: true
entering canPerform: phaseId108
toStart: true
entering canPerform: phaseId108
toStart: true
entering canPerform: phaseId108
toStart: true
entering canPerform: phaseId108
toStart: true
entering canPerform: phaseId108
toStart: true
entering canPerform: phaseId108
toStart: true
entering canPerform: phaseId108
toStart: true
entering canPerform: phaseId108
toStart: true
entering canPerform: phaseId108
toStart: true
entering canPerform: phaseId108
toStart: true
entering canPerform: phaseId108
toStart: true
Read propery[ConnectionFactoryNS] which is  required  with value[com.topcoder.db.connectionfactory.DBConnectionFactoryImpl] from namespace [com.topcoder.management.project.persistence.InformixProjectPersistence].
Read propery[ConnectionName] which is  optional  with value[informix_connection] from namespace [com.topcoder.management.project.persistence.InformixProjectPersistence].
Read propery[ProjectIdSequenceName] which is  optional  with value[project_id_seq] from namespace [com.topcoder.management.project.persistence.InformixProjectPersistence].
Read propery[ProjectAuditIdSequenceName] which is  optional  with value[project_audit_id_seq] from namespace [com.topcoder.management.project.persistence.InformixProjectPersistence].
Read propery[ConnectionFactoryNS] which is  required  with value[com.topcoder.db.connectionfactory.DBConnectionFactoryImpl] from namespace [com.topcoder.management.project.persistence.link.ProjectLinkManagerImpl].
Read propery[ConnectionName] which is  optional  with value[informix_connection] from namespace [com.topcoder.management.project.persistence.link.ProjectLinkManagerImpl].
read property ConnectionFactoryNS[com.topcoder.db.connectionfactory.DBConnectionFactoryImpl] from the namespace :com.topcoder.management.scorecard.persistence.InformixScorecardPersistence
read property ConnectionName[informix_connection] from the namespace :com.topcoder.management.scorecard.persistence.InformixScorecardPersistence
Instantiate SqlUploadPersistence with connectionFactory and connectioName:informix_connection
Instantiate PersistenceUploadManager with UploadPersistence, uploadSearchBundle, submissionSearchBundle, uploadIdGenerator, uploadTypeIdGenerator, uploadStatusIdGenerator, submissionIDGenerator, submissionStatusIdGenerator and submissionTypeIdGenerator.
Instantiate AbstractResourcePersistence with connectionFactory and connectionName[informix_connection].
load Resource role with ids:[J@1d22ff9,[J@1d22ff9,[J@1d22ff9,[J@1d22ff9,[J@1d22ff9,[J@1d22ff9,[J@1d22ff9,[J@1d22ff9,[J@1d22ff9,[J@1d22ff9,[J@1d22ff9,[J@1d22ff9,[J@1d22ff9,[J@1d22ff9,[J@1d22ff9,[J@1d22ff9,[J@1d22ff9,[J@1d22ff9,[J@1d22ff9,[J@1d22ff9,[J@1d22ff9,[J@1d22ff9
operator: UnknownresourceId: Unknown - creating db connection using connection name: informix_connection
committing transaction
entering canPerform: phaseId108
toStart: false
entering canPerform: phaseId108
toStart: false
entering canPerform: phaseId108
toStart: false
entering canPerform: phaseId108
toStart: false
entering canPerform: phaseId108
toStart: false
entering canPerform: phaseId108
toStart: false
entering canPerform: phaseId108
toStart: false
entering canPerform: phaseId108
toStart: false
entering canPerform: phaseId108
toStart: false
entering canPerform: phaseId108
toStart: false
entering canPerform: phaseId108
toStart: false
entering canPerform: phaseId108
toStart: false
entering canPerform: phaseId108
toStart: false
entering canPerform: phaseId108
toStart: false
entering canPerform: phaseId108
toStart: false
entering canPerform: phaseId108
toStart: false
entering canPerform: phaseId108
toStart: false
entering canPerform: phaseId108
toStart: false
entering canPerform: phaseId108
toStart: false
entering canPerform: phaseId108
toStart: false
entering canPerform: phaseId108
toStart: false
entering canPerform: phaseId108
toStart: false
entering canPerform: phaseId108
toStart: false
entering canPerform: phaseId108
toStart: false
entering canPerform: phaseId108
toStart: false
Read propery[ConnectionFactoryNS] which is  required  with value[com.topcoder.db.connectionfactory.DBConnectionFactoryImpl] from namespace [com.topcoder.management.project.persistence.InformixProjectPersistence].
Read propery[ConnectionName] which is  optional  with value[informix_connection] from namespace [com.topcoder.management.project.persistence.InformixProjectPersistence].
Read propery[ProjectIdSequenceName] which is  optional  with value[project_id_seq] from namespace [com.topcoder.management.project.persistence.InformixProjectPersistence].
Read propery[ProjectAuditIdSequenceName] which is  optional  with value[project_audit_id_seq] from namespace [com.topcoder.management.project.persistence.InformixProjectPersistence].
Read propery[ConnectionFactoryNS] which is  required  with value[com.topcoder.db.connectionfactory.DBConnectionFactoryImpl] from namespace [com.topcoder.management.project.persistence.link.ProjectLinkManagerImpl].
Read propery[ConnectionName] which is  optional  with value[informix_connection] from namespace [com.topcoder.management.project.persistence.link.ProjectLinkManagerImpl].
read property ConnectionFactoryNS[com.topcoder.db.connectionfactory.DBConnectionFactoryImpl] from the namespace :com.topcoder.management.scorecard.persistence.InformixScorecardPersistence
read property ConnectionName[informix_connection] from the namespace :com.topcoder.management.scorecard.persistence.InformixScorecardPersistence
Instantiate SqlUploadPersistence with connectionFactory and connectioName:informix_connection
Instantiate PersistenceUploadManager with UploadPersistence, uploadSearchBundle, submissionSearchBundle, uploadIdGenerator, uploadTypeIdGenerator, uploadStatusIdGenerator, submissionIDGenerator, submissionStatusIdGenerator and submissionTypeIdGenerator.
Instantiate AbstractResourcePersistence with connectionFactory and connectionName[informix_connection].
load Resource role with ids:[J@1fdd67f,[J@1fdd67f,[J@1fdd67f,[J@1fdd67f,[J@1fdd67f,[J@1fdd67f,[J@1fdd67f,[J@1fdd67f,[J@1fdd67f,[J@1fdd67f,[J@1fdd67f,[J@1fdd67f,[J@1fdd67f,[J@1fdd67f,[J@1fdd67f,[J@1fdd67f,[J@1fdd67f,[J@1fdd67f,[J@1fdd67f,[J@1fdd67f,[J@1fdd67f,[J@1fdd67f
operator: UnknownresourceId: Unknown - creating db connection using connection name: informix_connection
committing transaction
load Resource with ids:[J@166000f
operator: UnknownresourceId: Unknown - creating db connection using connection name: informix_connection
load ResourceRole with id:8
operator: UnknownresourceId: Unknown - creating db connection using connection name: informix_connection
committing transaction
committing transaction
load Resource with ids:[J@1df12c5
operator: UnknownresourceId: Unknown - creating db connection using connection name: informix_connection
load ResourceRole with id:8
operator: UnknownresourceId: Unknown - creating db connection using connection name: informix_connection
committing transaction
committing transaction
operator: UnknownresourceId: 59 - add new resource to the project [id=1] with role :Aggregator in the [id=109] phase.
operator: UnknownresourceId: Unknown - creating db connection using connection name: informix_connection
insert a record into resource with resource id : 59
insert a record into the resource_submission with resource_id:59 and submission_id:[Ljava.lang.Long;@496131
insert a record into the resource_info table with resource_id = 59 and resource_info_type_id =1 value = 1001
insert a record into the resource_info table with resource_id = 59 and resource_info_type_id =7 value = 0
committing transaction
get projects with the ids: 1
operator: UnknownprojectId: Unknown - creating db connection using connection name: informix_connection
committing transaction
load Resource role with ids:[J@1923d6e,[J@1923d6e,[J@1923d6e,[J@1923d6e,[J@1923d6e,[J@1923d6e,[J@1923d6e,[J@1923d6e,[J@1923d6e,[J@1923d6e,[J@1923d6e,[J@1923d6e,[J@1923d6e,[J@1923d6e,[J@1923d6e,[J@1923d6e,[J@1923d6e,[J@1923d6e,[J@1923d6e,[J@1923d6e,[J@1923d6e,[J@1923d6e
operator: UnknownresourceId: Unknown - creating db connection using connection name: informix_connection
committing transaction
load Resource with ids:[J@a53ffd,[J@a53ffd
operator: UnknownresourceId: Unknown - creating db connection using connection name: informix_connection
load ResourceRole with id:8
operator: UnknownresourceId: Unknown - creating db connection using connection name: informix_connection
committing transaction
load ResourceRole with id:8
operator: UnknownresourceId: Unknown - creating db connection using connection name: informix_connection
committing transaction
committing transaction
load Resource with ids:[J@18d30be
operator: UnknownresourceId: Unknown - creating db connection using connection name: informix_connection
load ResourceRole with id:8
operator: UnknownresourceId: Unknown - creating db connection using connection name: informix_connection
committing transaction
committing transaction
load Resource with ids:[J@1675988
operator: UnknownresourceId: Unknown - creating db connection using connection name: informix_connection
load ResourceRole with id:8
operator: UnknownresourceId: Unknown - creating db connection using connection name: informix_connection
committing transaction
committing transaction
operator: UnknownresourceId: 60 - add new resource to the project [id=1] with role :Aggregator in the [id=109] phase.
operator: UnknownresourceId: Unknown - creating db connection using connection name: informix_connection
insert a record into resource with resource id : 60
insert a record into the resource_submission with resource_id:60 and submission_id:[Ljava.lang.Long;@2705fb
insert a record into the resource_info table with resource_id = 60 and resource_info_type_id =1 value = 1001
insert a record into the resource_info table with resource_id = 60 and resource_info_type_id =7 value = 0
committing transaction
get projects with the ids: 1
operator: UnknownprojectId: Unknown - creating db connection using connection name: informix_connection
committing transaction
load Resource role with ids:[J@1f1bc1a,[J@1f1bc1a,[J@1f1bc1a,[J@1f1bc1a,[J@1f1bc1a,[J@1f1bc1a,[J@1f1bc1a,[J@1f1bc1a,[J@1f1bc1a,[J@1f1bc1a,[J@1f1bc1a,[J@1f1bc1a,[J@1f1bc1a,[J@1f1bc1a,[J@1f1bc1a,[J@1f1bc1a,[J@1f1bc1a,[J@1f1bc1a,[J@1f1bc1a,[J@1f1bc1a,[J@1f1bc1a,[J@1f1bc1a
operator: UnknownresourceId: Unknown - creating db connection using connection name: informix_connection
committing transaction
load Resource with ids:[J@1e7d36b,[J@1e7d36b,[J@1e7d36b
operator: UnknownresourceId: Unknown - creating db connection using connection name: informix_connection
load ResourceRole with id:8
operator: UnknownresourceId: Unknown - creating db connection using connection name: informix_connection
committing transaction
load ResourceRole with id:8
operator: UnknownresourceId: Unknown - creating db connection using connection name: informix_connection
committing transaction
load ResourceRole with id:8
operator: UnknownresourceId: Unknown - creating db connection using connection name: informix_connection
committing transaction
committing transaction
load Resource with ids:[J@1dd796
operator: UnknownresourceId: Unknown - creating db connection using connection name: informix_connection
load ResourceRole with id:8
operator: UnknownresourceId: Unknown - creating db connection using connection name: informix_connection
committing transaction
committing transaction
load Resource with ids:[J@188af2
operator: UnknownresourceId: Unknown - creating db connection using connection name: informix_connection
load ResourceRole with id:8
operator: UnknownresourceId: Unknown - creating db connection using connection name: informix_connection
committing transaction
committing transaction
operator: UnknownresourceId: 61 - add new resource to the project [id=1] with role :Aggregator in the [id=109] phase.
operator: UnknownresourceId: Unknown - creating db connection using connection name: informix_connection
insert a record into resource with resource id : 61
insert a record into the resource_submission with resource_id:61 and submission_id:[Ljava.lang.Long;@14a33aa
insert a record into the resource_info table with resource_id = 61 and resource_info_type_id =1 value = 1001
insert a record into the resource_info table with resource_id = 61 and resource_info_type_id =7 value = 0
committing transaction
get projects with the ids: 1
operator: UnknownprojectId: Unknown - creating db connection using connection name: informix_connection
committing transaction
load Resource role with ids:[J@12738af,[J@12738af,[J@12738af,[J@12738af,[J@12738af,[J@12738af,[J@12738af,[J@12738af,[J@12738af,[J@12738af,[J@12738af,[J@12738af,[J@12738af,[J@12738af,[J@12738af,[J@12738af,[J@12738af,[J@12738af,[J@12738af,[J@12738af,[J@12738af,[J@12738af
operator: UnknownresourceId: Unknown - creating db connection using connection name: informix_connection
committing transaction
load Resource with ids:[J@108b79d,[J@108b79d,[J@108b79d,[J@108b79d
operator: UnknownresourceId: Unknown - creating db connection using connection name: informix_connection
load ResourceRole with id:8
operator: UnknownresourceId: Unknown - creating db connection using connection name: informix_connection
committing transaction
load ResourceRole with id:8
operator: UnknownresourceId: Unknown - creating db connection using connection name: informix_connection
committing transaction
load ResourceRole with id:8
operator: UnknownresourceId: Unknown - creating db connection using connection name: informix_connection
committing transaction
load ResourceRole with id:8
operator: UnknownresourceId: Unknown - creating db connection using connection name: informix_connection
committing transaction
committing transaction
load Resource with ids:[J@620b1c
operator: UnknownresourceId: Unknown - creating db connection using connection name: informix_connection
load ResourceRole with id:8
operator: UnknownresourceId: Unknown - creating db connection using connection name: informix_connection
committing transaction
committing transaction
load Resource with ids:[J@1a426d2
operator: UnknownresourceId: Unknown - creating db connection using connection name: informix_connection
load ResourceRole with id:8
operator: UnknownresourceId: Unknown - creating db connection using connection name: informix_connection
committing transaction
committing transaction
operator: UnknownresourceId: 62 - add new resource to the project [id=1] with role :Aggregator in the [id=109] phase.
operator: UnknownresourceId: Unknown - creating db connection using connection name: informix_connection
insert a record into resource with resource id : 62
insert a record into the resource_submission with resource_id:62 and submission_id:[Ljava.lang.Long;@1f0c6a8
insert a record into the resource_info table with resource_id = 62 and resource_info_type_id =1 value = 1001
insert a record into the resource_info table with resource_id = 62 and resource_info_type_id =7 value = 0
committing transaction
get projects with the ids: 1
operator: UnknownprojectId: Unknown - creating db connection using connection name: informix_connection
committing transaction
load Resource role with ids:[J@3fe32c,[J@3fe32c,[J@3fe32c,[J@3fe32c,[J@3fe32c,[J@3fe32c,[J@3fe32c,[J@3fe32c,[J@3fe32c,[J@3fe32c,[J@3fe32c,[J@3fe32c,[J@3fe32c,[J@3fe32c,[J@3fe32c,[J@3fe32c,[J@3fe32c,[J@3fe32c,[J@3fe32c,[J@3fe32c,[J@3fe32c,[J@3fe32c
operator: UnknownresourceId: Unknown - creating db connection using connection name: informix_connection
committing transaction
load Resource with ids:[J@1f1f8bd,[J@1f1f8bd,[J@1f1f8bd,[J@1f1f8bd,[J@1f1f8bd
operator: UnknownresourceId: Unknown - creating db connection using connection name: informix_connection
load ResourceRole with id:8
operator: UnknownresourceId: Unknown - creating db connection using connection name: informix_connection
committing transaction
load ResourceRole with id:8
operator: UnknownresourceId: Unknown - creating db connection using connection name: informix_connection
committing transaction
load ResourceRole with id:8
operator: UnknownresourceId: Unknown - creating db connection using connection name: informix_connection
committing transaction
load ResourceRole with id:8
operator: UnknownresourceId: Unknown - creating db connection using connection name: informix_connection
committing transaction
load ResourceRole with id:8
operator: UnknownresourceId: Unknown - creating db connection using connection name: informix_connection
committing transaction
committing transaction
load Resource with ids:[J@ea7f9f
operator: UnknownresourceId: Unknown - creating db connection using connection name: informix_connection
load ResourceRole with id:8
operator: UnknownresourceId: Unknown - creating db connection using connection name: informix_connection
committing transaction
committing transaction
load Resource with ids:[J@146a7e8
operator: UnknownresourceId: Unknown - creating db connection using connection name: informix_connection
load ResourceRole with id:8
operator: UnknownresourceId: Unknown - creating db connection using connection name: informix_connection
committing transaction
committing transaction
operator: UnknownresourceId: 63 - add new resource to the project [id=1] with role :Aggregator in the [id=109] phase.
operator: UnknownresourceId: Unknown - creating db connection using connection name: informix_connection
insert a record into resource with resource id : 63
insert a record into the resource_submission with resource_id:63 and submission_id:[Ljava.lang.Long;@1b990cc
insert a record into the resource_info table with resource_id = 63 and resource_info_type_id =1 value = 1001
insert a record into the resource_info table with resource_id = 63 and resource_info_type_id =7 value = 0
committing transaction
get projects with the ids: 1
operator: UnknownprojectId: Unknown - creating db connection using connection name: informix_connection
committing transaction
load Resource role with ids:[J@12d77c1,[J@12d77c1,[J@12d77c1,[J@12d77c1,[J@12d77c1,[J@12d77c1,[J@12d77c1,[J@12d77c1,[J@12d77c1,[J@12d77c1,[J@12d77c1,[J@12d77c1,[J@12d77c1,[J@12d77c1,[J@12d77c1,[J@12d77c1,[J@12d77c1,[J@12d77c1,[J@12d77c1,[J@12d77c1,[J@12d77c1,[J@12d77c1
operator: UnknownresourceId: Unknown - creating db connection using connection name: informix_connection
committing transaction
load Resource with ids:[J@47e550,[J@47e550,[J@47e550,[J@47e550,[J@47e550,[J@47e550
operator: UnknownresourceId: Unknown - creating db connection using connection name: informix_connection
load ResourceRole with id:8
operator: UnknownresourceId: Unknown - creating db connection using connection name: informix_connection
committing transaction
load ResourceRole with id:8
operator: UnknownresourceId: Unknown - creating db connection using connection name: informix_connection
committing transaction
load ResourceRole with id:8
operator: UnknownresourceId: Unknown - creating db connection using connection name: informix_connection
committing transaction
load ResourceRole with id:8
operator: UnknownresourceId: Unknown - creating db connection using connection name: informix_connection
committing transaction
load ResourceRole with id:8
operator: UnknownresourceId: Unknown - creating db connection using connection name: informix_connection
committing transaction
load ResourceRole with id:8
operator: UnknownresourceId: Unknown - creating db connection using connection name: informix_connection
committing transaction
committing transaction
Read propery[ConnectionFactoryNS] which is  required  with value[com.topcoder.db.connectionfactory.DBConnectionFactoryImpl] from namespace [com.topcoder.management.project.persistence.InformixProjectPersistence].
Read propery[ConnectionName] which is  optional  with value[informix_connection] from namespace [com.topcoder.management.project.persistence.InformixProjectPersistence].
Read propery[ProjectIdSequenceName] which is  optional  with value[project_id_seq] from namespace [com.topcoder.management.project.persistence.InformixProjectPersistence].
Read propery[ProjectAuditIdSequenceName] which is  optional  with value[project_audit_id_seq] from namespace [com.topcoder.management.project.persistence.InformixProjectPersistence].
Read propery[ConnectionFactoryNS] which is  required  with value[com.topcoder.db.connectionfactory.DBConnectionFactoryImpl] from namespace [com.topcoder.management.project.persistence.link.ProjectLinkManagerImpl].
Read propery[ConnectionName] which is  optional  with value[informix_connection] from namespace [com.topcoder.management.project.persistence.link.ProjectLinkManagerImpl].
read property ConnectionFactoryNS[com.topcoder.db.connectionfactory.DBConnectionFactoryImpl] from the namespace :com.topcoder.management.scorecard.persistence.InformixScorecardPersistence
read property ConnectionName[informix_connection] from the namespace :com.topcoder.management.scorecard.persistence.InformixScorecardPersistence
Instantiate SqlUploadPersistence with connectionFactory and connectioName:informix_connection
Instantiate PersistenceUploadManager with UploadPersistence, uploadSearchBundle, submissionSearchBundle, uploadIdGenerator, uploadTypeIdGenerator, uploadStatusIdGenerator, submissionIDGenerator, submissionStatusIdGenerator and submissionTypeIdGenerator.
Instantiate AbstractResourcePersistence with connectionFactory and connectionName[informix_connection].
load Resource role with ids:[J@188f19,[J@188f19,[J@188f19,[J@188f19,[J@188f19,[J@188f19,[J@188f19,[J@188f19,[J@188f19,[J@188f19,[J@188f19,[J@188f19,[J@188f19,[J@188f19,[J@188f19,[J@188f19,[J@188f19,[J@188f19,[J@188f19,[J@188f19,[J@188f19,[J@188f19
operator: UnknownresourceId: Unknown - creating db connection using connection name: informix_connection
committing transaction
Read propery[ConnectionFactoryNS] which is  required  with value[com.topcoder.db.connectionfactory.DBConnectionFactoryImpl] from namespace [com.topcoder.management.project.persistence.InformixProjectPersistence].
Read propery[ConnectionName] which is  optional  with value[informix_connection] from namespace [com.topcoder.management.project.persistence.InformixProjectPersistence].
Read propery[ProjectIdSequenceName] which is  optional  with value[project_id_seq] from namespace [com.topcoder.management.project.persistence.InformixProjectPersistence].
Read propery[ProjectAuditIdSequenceName] which is  optional  with value[project_audit_id_seq] from namespace [com.topcoder.management.project.persistence.InformixProjectPersistence].
Read propery[ConnectionFactoryNS] which is  required  with value[com.topcoder.db.connectionfactory.DBConnectionFactoryImpl] from namespace [com.topcoder.management.project.persistence.link.ProjectLinkManagerImpl].
Read propery[ConnectionName] which is  optional  with value[informix_connection] from namespace [com.topcoder.management.project.persistence.link.ProjectLinkManagerImpl].
read property ConnectionFactoryNS[com.topcoder.db.connectionfactory.DBConnectionFactoryImpl] from the namespace :com.topcoder.management.scorecard.persistence.InformixScorecardPersistence
read property ConnectionName[informix_connection] from the namespace :com.topcoder.management.scorecard.persistence.InformixScorecardPersistence
Instantiate SqlUploadPersistence with connectionFactory and connectioName:informix_connection
Instantiate PersistenceUploadManager with UploadPersistence, uploadSearchBundle, submissionSearchBundle, uploadIdGenerator, uploadTypeIdGenerator, uploadStatusIdGenerator, submissionIDGenerator, submissionStatusIdGenerator and submissionTypeIdGenerator.
Instantiate AbstractResourcePersistence with connectionFactory and connectionName[informix_connection].
load Resource role with ids:[J@723c0c,[J@723c0c,[J@723c0c,[J@723c0c,[J@723c0c,[J@723c0c,[J@723c0c,[J@723c0c,[J@723c0c,[J@723c0c,[J@723c0c,[J@723c0c,[J@723c0c,[J@723c0c,[J@723c0c,[J@723c0c,[J@723c0c,[J@723c0c,[J@723c0c,[J@723c0c,[J@723c0c,[J@723c0c
operator: UnknownresourceId: Unknown - creating db connection using connection name: informix_connection
committing transaction
Read propery[ConnectionFactoryNS] which is  required  with value[com.topcoder.db.connectionfactory.DBConnectionFactoryImpl] from namespace [com.topcoder.management.project.persistence.InformixProjectPersistence].
Read propery[ConnectionName] which is  optional  with value[informix_connection] from namespace [com.topcoder.management.project.persistence.InformixProjectPersistence].
Read propery[ProjectIdSequenceName] which is  optional  with value[project_id_seq] from namespace [com.topcoder.management.project.persistence.InformixProjectPersistence].
Read propery[ProjectAuditIdSequenceName] which is  optional  with value[project_audit_id_seq] from namespace [com.topcoder.management.project.persistence.InformixProjectPersistence].
Read propery[ConnectionFactoryNS] which is  required  with value[com.topcoder.db.connectionfactory.DBConnectionFactoryImpl] from namespace [com.topcoder.management.project.persistence.link.ProjectLinkManagerImpl].
Read propery[ConnectionName] which is  optional  with value[informix_connection] from namespace [com.topcoder.management.project.persistence.link.ProjectLinkManagerImpl].
read property ConnectionFactoryNS[com.topcoder.db.connectionfactory.DBConnectionFactoryImpl] from the namespace :com.topcoder.management.scorecard.persistence.InformixScorecardPersistence
read property ConnectionName[informix_connection] from the namespace :com.topcoder.management.scorecard.persistence.InformixScorecardPersistence
Instantiate SqlUploadPersistence with connectionFactory and connectioName:informix_connection
Instantiate PersistenceUploadManager with UploadPersistence, uploadSearchBundle, submissionSearchBundle, uploadIdGenerator, uploadTypeIdGenerator, uploadStatusIdGenerator, submissionIDGenerator, submissionStatusIdGenerator and submissionTypeIdGenerator.
Instantiate AbstractResourcePersistence with connectionFactory and connectionName[informix_connection].
load Resource role with ids:[J@1a0fca3,[J@1a0fca3,[J@1a0fca3,[J@1a0fca3,[J@1a0fca3,[J@1a0fca3,[J@1a0fca3,[J@1a0fca3,[J@1a0fca3,[J@1a0fca3,[J@1a0fca3,[J@1a0fca3,[J@1a0fca3,[J@1a0fca3,[J@1a0fca3,[J@1a0fca3,[J@1a0fca3,[J@1a0fca3,[J@1a0fca3,[J@1a0fca3,[J@1a0fca3,[J@1a0fca3
operator: UnknownresourceId: Unknown - creating db connection using connection name: informix_connection
committing transaction
Read propery[ConnectionFactoryNS] which is  required  with value[com.topcoder.db.connectionfactory.DBConnectionFactoryImpl] from namespace [com.topcoder.management.project.persistence.InformixProjectPersistence].
Read propery[ConnectionName] which is  optional  with value[informix_connection] from namespace [com.topcoder.management.project.persistence.InformixProjectPersistence].
Read propery[ProjectIdSequenceName] which is  optional  with value[project_id_seq] from namespace [com.topcoder.management.project.persistence.InformixProjectPersistence].
Read propery[ProjectAuditIdSequenceName] which is  optional  with value[project_audit_id_seq] from namespace [com.topcoder.management.project.persistence.InformixProjectPersistence].
Read propery[ConnectionFactoryNS] which is  required  with value[com.topcoder.db.connectionfactory.DBConnectionFactoryImpl] from namespace [com.topcoder.management.project.persistence.link.ProjectLinkManagerImpl].
Read propery[ConnectionName] which is  optional  with value[informix_connection] from namespace [com.topcoder.management.project.persistence.link.ProjectLinkManagerImpl].
read property ConnectionFactoryNS[com.topcoder.db.connectionfactory.DBConnectionFactoryImpl] from the namespace :com.topcoder.management.scorecard.persistence.InformixScorecardPersistence
read property ConnectionName[informix_connection] from the namespace :com.topcoder.management.scorecard.persistence.InformixScorecardPersistence
Instantiate SqlUploadPersistence with connectionFactory and connectioName:informix_connection
Instantiate PersistenceUploadManager with UploadPersistence, uploadSearchBundle, submissionSearchBundle, uploadIdGenerator, uploadTypeIdGenerator, uploadStatusIdGenerator, submissionIDGenerator, submissionStatusIdGenerator and submissionTypeIdGenerator.
Instantiate AbstractResourcePersistence with connectionFactory and connectionName[informix_connection].
load Resource role with ids:[J@1928e4,[J@1928e4,[J@1928e4,[J@1928e4,[J@1928e4,[J@1928e4,[J@1928e4,[J@1928e4,[J@1928e4,[J@1928e4,[J@1928e4,[J@1928e4,[J@1928e4,[J@1928e4,[J@1928e4,[J@1928e4,[J@1928e4,[J@1928e4,[J@1928e4,[J@1928e4,[J@1928e4,[J@1928e4
operator: UnknownresourceId: Unknown - creating db connection using connection name: informix_connection
committing transaction
type: Upload id: Unknown operator:Unknown - search submissions with filter. found: 2
load Resource with ids:[J@b80b84,[J@b80b84
operator: UnknownresourceId: Unknown - creating db connection using connection name: informix_connection
load ResourceRole with id:4
operator: UnknownresourceId: Unknown - creating db connection using connection name: informix_connection
committing transaction
load ResourceRole with id:4
operator: UnknownresourceId: Unknown - creating db connection using connection name: informix_connection
committing transaction
committing transaction
type: Submission id: 1 operator:1001 - update Submission.
type: Submission id: 1 operator:Unknown - Update Submission, it will update record in submission table.
create db connection using connection name:informix_connection
close the connection.
type: Submission id: 2 operator:1001 - update Submission.
type: Submission id: 2 operator:Unknown - Update Submission, it will update record in submission table.
create db connection using connection name:informix_connection
close the connection.
operator: UnknownresourceId: 4 - load resource.
operator: UnknownresourceId: Unknown - creating db connection using connection name: informix_connection
load ResourceRole with id:1
operator: UnknownresourceId: Unknown - creating db connection using connection name: informix_connection
committing transaction
committing transaction
operator: UnknownresourceId: 5 - load resource.
operator: UnknownresourceId: Unknown - creating db connection using connection name: informix_connection
load ResourceRole with id:1
operator: UnknownresourceId: Unknown - creating db connection using connection name: informix_connection
committing transaction
committing transaction
load Notifications with array of userIds/projectIds/notificationTypes.
operator: UnknownresourceId: Unknown - creating db connection using connection name: informix_connection
committing transaction
get projects with the ids: 1
operator: UnknownprojectId: Unknown - creating db connection using connection name: informix_connection
committing transaction
load Resource role with ids:[J@19a9243,[J@19a9243,[J@19a9243,[J@19a9243,[J@19a9243,[J@19a9243,[J@19a9243,[J@19a9243,[J@19a9243,[J@19a9243,[J@19a9243,[J@19a9243,[J@19a9243,[J@19a9243,[J@19a9243,[J@19a9243,[J@19a9243,[J@19a9243,[J@19a9243,[J@19a9243,[J@19a9243,[J@19a9243
operator: UnknownresourceId: Unknown - creating db connection using connection name: informix_connection
committing transaction
load Resource with ids:[J@458478,[J@458478,[J@458478
operator: UnknownresourceId: Unknown - creating db connection using connection name: informix_connection
load ResourceRole with id:4
operator: UnknownresourceId: Unknown - creating db connection using connection name: informix_connection
committing transaction
load ResourceRole with id:4
operator: UnknownresourceId: Unknown - creating db connection using connection name: informix_connection
committing transaction
load ResourceRole with id:4
operator: UnknownresourceId: Unknown - creating db connection using connection name: informix_connection
committing transaction
committing transaction
load Resource with ids:[J@53838a
operator: UnknownresourceId: Unknown - creating db connection using connection name: informix_connection
load ResourceRole with id:12
operator: UnknownresourceId: Unknown - creating db connection using connection name: informix_connection
committing transaction
committing transaction
load Resource with ids:[J@69e012
operator: UnknownresourceId: Unknown - creating db connection using connection name: informix_connection
load ResourceRole with id:13
operator: UnknownresourceId: Unknown - creating db connection using connection name: informix_connection
committing transaction
committing transaction
load Resource with ids:[J@1bdab58
operator: UnknownresourceId: Unknown - creating db connection using connection name: informix_connection
load ResourceRole with id:9
operator: UnknownresourceId: Unknown - creating db connection using connection name: informix_connection
committing transaction
committing transaction
load Resource with ids:[J@19e689c,[J@19e689c
operator: UnknownresourceId: Unknown - creating db connection using connection name: informix_connection
load ResourceRole with id:1
operator: UnknownresourceId: Unknown - creating db connection using connection name: informix_connection
committing transaction
load ResourceRole with id:1
operator: UnknownresourceId: Unknown - creating db connection using connection name: informix_connection
committing transaction
committing transaction
operator: UnknownresourceId: 6 - load resource.
operator: UnknownresourceId: Unknown - creating db connection using connection name: informix_connection
load ResourceRole with id:4
operator: UnknownresourceId: Unknown - creating db connection using connection name: informix_connection
committing transaction
committing transaction
operator: UnknownresourceId: 4 - load resource.
operator: UnknownresourceId: Unknown - creating db connection using connection name: informix_connection
load ResourceRole with id:1
operator: UnknownresourceId: Unknown - creating db connection using connection name: informix_connection
committing transaction
committing transaction
operator: UnknownresourceId: 100000 - load resource.
operator: UnknownresourceId: Unknown - creating db connection using connection name: informix_connection
load ResourceRole with id:13
operator: UnknownresourceId: Unknown - creating db connection using connection name: informix_connection
committing transaction
committing transaction
operator: UnknownresourceId: 7 - load resource.
operator: UnknownresourceId: Unknown - creating db connection using connection name: informix_connection
load ResourceRole with id:4
operator: UnknownresourceId: Unknown - creating db connection using connection name: informix_connection
committing transaction
committing transaction
operator: UnknownresourceId: 5 - load resource.
operator: UnknownresourceId: Unknown - creating db connection using connection name: informix_connection
load ResourceRole with id:1
operator: UnknownresourceId: Unknown - creating db connection using connection name: informix_connection
committing transaction
committing transaction
type: Upload id: Unknown operator:Unknown - search submissions with filter. found: 2
operator: UnknownresourceId: 4 - load resource.
operator: UnknownresourceId: Unknown - creating db connection using connection name: informix_connection
load ResourceRole with id:1
operator: UnknownresourceId: Unknown - creating db connection using connection name: informix_connection
committing transaction
committing transaction
operator: UnknownresourceId: 5 - load resource.
operator: UnknownresourceId: Unknown - creating db connection using connection name: informix_connection
load ResourceRole with id:1
operator: UnknownresourceId: Unknown - creating db connection using connection name: informix_connection
committing transaction
committing transaction
load Notifications with array of userIds/projectIds/notificationTypes.
operator: UnknownresourceId: Unknown - creating db connection using connection name: informix_connection
committing transaction
get projects with the ids: 1
operator: UnknownprojectId: Unknown - creating db connection using connection name: informix_connection
committing transaction
load Resource role with ids:[J@14c0910,[J@14c0910,[J@14c0910,[J@14c0910,[J@14c0910,[J@14c0910,[J@14c0910,[J@14c0910,[J@14c0910,[J@14c0910,[J@14c0910,[J@14c0910,[J@14c0910,[J@14c0910,[J@14c0910,[J@14c0910,[J@14c0910,[J@14c0910,[J@14c0910,[J@14c0910,[J@14c0910,[J@14c0910
operator: UnknownresourceId: Unknown - creating db connection using connection name: informix_connection
committing transaction
load Resource with ids:[J@13883cd,[J@13883cd,[J@13883cd
operator: UnknownresourceId: Unknown - creating db connection using connection name: informix_connection
load ResourceRole with id:4
operator: UnknownresourceId: Unknown - creating db connection using connection name: informix_connection
committing transaction
load ResourceRole with id:4
operator: UnknownresourceId: Unknown - creating db connection using connection name: informix_connection
committing transaction
load ResourceRole with id:4
operator: UnknownresourceId: Unknown - creating db connection using connection name: informix_connection
committing transaction
committing transaction
load Resource with ids:[J@1822390
operator: UnknownresourceId: Unknown - creating db connection using connection name: informix_connection
load ResourceRole with id:12
operator: UnknownresourceId: Unknown - creating db connection using connection name: informix_connection
committing transaction
committing transaction
load Resource with ids:[J@1e163e2
operator: UnknownresourceId: Unknown - creating db connection using connection name: informix_connection
load ResourceRole with id:13
operator: UnknownresourceId: Unknown - creating db connection using connection name: informix_connection
committing transaction
committing transaction
load Resource with ids:[J@f13fc0
operator: UnknownresourceId: Unknown - creating db connection using connection name: informix_connection
load ResourceRole with id:9
operator: UnknownresourceId: Unknown - creating db connection using connection name: informix_connection
committing transaction
committing transaction
load Resource with ids:[J@e68ea7,[J@e68ea7
operator: UnknownresourceId: Unknown - creating db connection using connection name: informix_connection
load ResourceRole with id:1
operator: UnknownresourceId: Unknown - creating db connection using connection name: informix_connection
committing transaction
load ResourceRole with id:1
operator: UnknownresourceId: Unknown - creating db connection using connection name: informix_connection
committing transaction
committing transaction
operator: UnknownresourceId: 6 - load resource.
operator: UnknownresourceId: Unknown - creating db connection using connection name: informix_connection
load ResourceRole with id:4
operator: UnknownresourceId: Unknown - creating db connection using connection name: informix_connection
committing transaction
committing transaction
operator: UnknownresourceId: 4 - load resource.
operator: UnknownresourceId: Unknown - creating db connection using connection name: informix_connection
load ResourceRole with id:1
operator: UnknownresourceId: Unknown - creating db connection using connection name: informix_connection
committing transaction
committing transaction
operator: UnknownresourceId: 100000 - load resource.
operator: UnknownresourceId: Unknown - creating db connection using connection name: informix_connection
load ResourceRole with id:13
operator: UnknownresourceId: Unknown - creating db connection using connection name: informix_connection
committing transaction
committing transaction
operator: UnknownresourceId: 7 - load resource.
operator: UnknownresourceId: Unknown - creating db connection using connection name: informix_connection
load ResourceRole with id:4
operator: UnknownresourceId: Unknown - creating db connection using connection name: informix_connection
committing transaction
committing transaction
operator: UnknownresourceId: 5 - load resource.
operator: UnknownresourceId: Unknown - creating db connection using connection name: informix_connection
load ResourceRole with id:1
operator: UnknownresourceId: Unknown - creating db connection using connection name: informix_connection
committing transaction
committing transaction
type: Upload id: Unknown operator:Unknown - search submissions with filter. found: 2
operator: UnknownresourceId: 4 - load resource.
operator: UnknownresourceId: Unknown - creating db connection using connection name: informix_connection
load ResourceRole with id:1
operator: UnknownresourceId: Unknown - creating db connection using connection name: informix_connection
committing transaction
committing transaction
operator: UnknownresourceId: 5 - load resource.
operator: UnknownresourceId: Unknown - creating db connection using connection name: informix_connection
load ResourceRole with id:1
operator: UnknownresourceId: Unknown - creating db connection using connection name: informix_connection
committing transaction
committing transaction
load Notifications with array of userIds/projectIds/notificationTypes.
operator: UnknownresourceId: Unknown - creating db connection using connection name: informix_connection
committing transaction
get projects with the ids: 1
operator: UnknownprojectId: Unknown - creating db connection using connection name: informix_connection
committing transaction
load Resource role with ids:[J@621e69,[J@621e69,[J@621e69,[J@621e69,[J@621e69,[J@621e69,[J@621e69,[J@621e69,[J@621e69,[J@621e69,[J@621e69,[J@621e69,[J@621e69,[J@621e69,[J@621e69,[J@621e69,[J@621e69,[J@621e69,[J@621e69,[J@621e69,[J@621e69,[J@621e69
operator: UnknownresourceId: Unknown - creating db connection using connection name: informix_connection
committing transaction
load Resource with ids:[J@1dc1f4b,[J@1dc1f4b,[J@1dc1f4b
operator: UnknownresourceId: Unknown - creating db connection using connection name: informix_connection
load ResourceRole with id:4
operator: UnknownresourceId: Unknown - creating db connection using connection name: informix_connection
committing transaction
load ResourceRole with id:4
operator: UnknownresourceId: Unknown - creating db connection using connection name: informix_connection
committing transaction
load ResourceRole with id:4
operator: UnknownresourceId: Unknown - creating db connection using connection name: informix_connection
committing transaction
committing transaction
load Resource with ids:[J@778ddb
operator: UnknownresourceId: Unknown - creating db connection using connection name: informix_connection
load ResourceRole with id:12
operator: UnknownresourceId: Unknown - creating db connection using connection name: informix_connection
committing transaction
committing transaction
load Resource with ids:[J@160dd37
operator: UnknownresourceId: Unknown - creating db connection using connection name: informix_connection
load ResourceRole with id:13
operator: UnknownresourceId: Unknown - creating db connection using connection name: informix_connection
committing transaction
committing transaction
load Resource with ids:[J@1789fc7
operator: UnknownresourceId: Unknown - creating db connection using connection name: informix_connection
load ResourceRole with id:9
operator: UnknownresourceId: Unknown - creating db connection using connection name: informix_connection
committing transaction
committing transaction
load Resource with ids:[J@b153f0,[J@b153f0
operator: UnknownresourceId: Unknown - creating db connection using connection name: informix_connection
load ResourceRole with id:1
operator: UnknownresourceId: Unknown - creating db connection using connection name: informix_connection
committing transaction
load ResourceRole with id:1
operator: UnknownresourceId: Unknown - creating db connection using connection name: informix_connection
committing transaction
committing transaction
operator: UnknownresourceId: 6 - load resource.
operator: UnknownresourceId: Unknown - creating db connection using connection name: informix_connection
load ResourceRole with id:4
operator: UnknownresourceId: Unknown - creating db connection using connection name: informix_connection
committing transaction
committing transaction
operator: UnknownresourceId: 4 - load resource.
operator: UnknownresourceId: Unknown - creating db connection using connection name: informix_connection
load ResourceRole with id:1
operator: UnknownresourceId: Unknown - creating db connection using connection name: informix_connection
committing transaction
committing transaction
operator: UnknownresourceId: 100000 - load resource.
operator: UnknownresourceId: Unknown - creating db connection using connection name: informix_connection
load ResourceRole with id:13
operator: UnknownresourceId: Unknown - creating db connection using connection name: informix_connection
committing transaction
committing transaction
operator: UnknownresourceId: 7 - load resource.
operator: UnknownresourceId: Unknown - creating db connection using connection name: informix_connection
load ResourceRole with id:4
operator: UnknownresourceId: Unknown - creating db connection using connection name: informix_connection
committing transaction
committing transaction
operator: UnknownresourceId: 5 - load resource.
operator: UnknownresourceId: Unknown - creating db connection using connection name: informix_connection
load ResourceRole with id:1
operator: UnknownresourceId: Unknown - creating db connection using connection name: informix_connection
committing transaction
committing transaction
type: Upload id: Unknown operator:Unknown - search submissions with filter. found: 2
operator: UnknownresourceId: 4 - load resource.
operator: UnknownresourceId: Unknown - creating db connection using connection name: informix_connection
load ResourceRole with id:1
operator: UnknownresourceId: Unknown - creating db connection using connection name: informix_connection
committing transaction
committing transaction
operator: UnknownresourceId: 5 - load resource.
operator: UnknownresourceId: Unknown - creating db connection using connection name: informix_connection
load ResourceRole with id:1
operator: UnknownresourceId: Unknown - creating db connection using connection name: informix_connection
committing transaction
committing transaction
load Notifications with array of userIds/projectIds/notificationTypes.
operator: UnknownresourceId: Unknown - creating db connection using connection name: informix_connection
committing transaction
get projects with the ids: 1
operator: UnknownprojectId: Unknown - creating db connection using connection name: informix_connection
committing transaction
load Resource role with ids:[J@4028a8,[J@4028a8,[J@4028a8,[J@4028a8,[J@4028a8,[J@4028a8,[J@4028a8,[J@4028a8,[J@4028a8,[J@4028a8,[J@4028a8,[J@4028a8,[J@4028a8,[J@4028a8,[J@4028a8,[J@4028a8,[J@4028a8,[J@4028a8,[J@4028a8,[J@4028a8,[J@4028a8,[J@4028a8
operator: UnknownresourceId: Unknown - creating db connection using connection name: informix_connection
committing transaction
load Resource with ids:[J@5adb45,[J@5adb45,[J@5adb45
operator: UnknownresourceId: Unknown - creating db connection using connection name: informix_connection
load ResourceRole with id:4
operator: UnknownresourceId: Unknown - creating db connection using connection name: informix_connection
committing transaction
load ResourceRole with id:4
operator: UnknownresourceId: Unknown - creating db connection using connection name: informix_connection
committing transaction
load ResourceRole with id:4
operator: UnknownresourceId: Unknown - creating db connection using connection name: informix_connection
committing transaction
committing transaction
load Resource with ids:[J@c93b84
operator: UnknownresourceId: Unknown - creating db connection using connection name: informix_connection
load ResourceRole with id:12
operator: UnknownresourceId: Unknown - creating db connection using connection name: informix_connection
committing transaction
committing transaction
load Resource with ids:[J@cc628
operator: UnknownresourceId: Unknown - creating db connection using connection name: informix_connection
load ResourceRole with id:13
operator: UnknownresourceId: Unknown - creating db connection using connection name: informix_connection
committing transaction
committing transaction
load Resource with ids:[J@17adc4c
operator: UnknownresourceId: Unknown - creating db connection using connection name: informix_connection
load ResourceRole with id:9
operator: UnknownresourceId: Unknown - creating db connection using connection name: informix_connection
committing transaction
committing transaction
load Resource with ids:[J@d4572f,[J@d4572f
operator: UnknownresourceId: Unknown - creating db connection using connection name: informix_connection
load ResourceRole with id:1
operator: UnknownresourceId: Unknown - creating db connection using connection name: informix_connection
committing transaction
load ResourceRole with id:1
operator: UnknownresourceId: Unknown - creating db connection using connection name: informix_connection
committing transaction
committing transaction
operator: UnknownresourceId: 6 - load resource.
operator: UnknownresourceId: Unknown - creating db connection using connection name: informix_connection
load ResourceRole with id:4
operator: UnknownresourceId: Unknown - creating db connection using connection name: informix_connection
committing transaction
committing transaction
operator: UnknownresourceId: 4 - load resource.
operator: UnknownresourceId: Unknown - creating db connection using connection name: informix_connection
load ResourceRole with id:1
operator: UnknownresourceId: Unknown - creating db connection using connection name: informix_connection
committing transaction
committing transaction
operator: UnknownresourceId: 100000 - load resource.
operator: UnknownresourceId: Unknown - creating db connection using connection name: informix_connection
load ResourceRole with id:13
operator: UnknownresourceId: Unknown - creating db connection using connection name: informix_connection
committing transaction
committing transaction
operator: UnknownresourceId: 7 - load resource.
operator: UnknownresourceId: Unknown - creating db connection using connection name: informix_connection
load ResourceRole with id:4
operator: UnknownresourceId: Unknown - creating db connection using connection name: informix_connection
committing transaction
committing transaction
operator: UnknownresourceId: 5 - load resource.
operator: UnknownresourceId: Unknown - creating db connection using connection name: informix_connection
load ResourceRole with id:1
operator: UnknownresourceId: Unknown - creating db connection using connection name: informix_connection
committing transaction
committing transaction
type: Upload id: Unknown operator:Unknown - search submissions with filter. found: 2
operator: UnknownresourceId: 4 - load resource.
operator: UnknownresourceId: Unknown - creating db connection using connection name: informix_connection
load ResourceRole with id:1
operator: UnknownresourceId: Unknown - creating db connection using connection name: informix_connection
committing transaction
committing transaction
operator: UnknownresourceId: 5 - load resource.
operator: UnknownresourceId: Unknown - creating db connection using connection name: informix_connection
load ResourceRole with id:1
operator: UnknownresourceId: Unknown - creating db connection using connection name: informix_connection
committing transaction
committing transaction
load Notifications with array of userIds/projectIds/notificationTypes.
operator: UnknownresourceId: Unknown - creating db connection using connection name: informix_connection
committing transaction
get projects with the ids: 1
operator: UnknownprojectId: Unknown - creating db connection using connection name: informix_connection
committing transaction
load Resource role with ids:[J@1fd8f36,[J@1fd8f36,[J@1fd8f36,[J@1fd8f36,[J@1fd8f36,[J@1fd8f36,[J@1fd8f36,[J@1fd8f36,[J@1fd8f36,[J@1fd8f36,[J@1fd8f36,[J@1fd8f36,[J@1fd8f36,[J@1fd8f36,[J@1fd8f36,[J@1fd8f36,[J@1fd8f36,[J@1fd8f36,[J@1fd8f36,[J@1fd8f36,[J@1fd8f36,[J@1fd8f36
operator: UnknownresourceId: Unknown - creating db connection using connection name: informix_connection
committing transaction
load Resource with ids:[J@10b91cf,[J@10b91cf,[J@10b91cf
operator: UnknownresourceId: Unknown - creating db connection using connection name: informix_connection
load ResourceRole with id:4
operator: UnknownresourceId: Unknown - creating db connection using connection name: informix_connection
committing transaction
load ResourceRole with id:4
operator: UnknownresourceId: Unknown - creating db connection using connection name: informix_connection
committing transaction
load ResourceRole with id:4
operator: UnknownresourceId: Unknown - creating db connection using connection name: informix_connection
committing transaction
committing transaction
load Resource with ids:[J@417f28
operator: UnknownresourceId: Unknown - creating db connection using connection name: informix_connection
load ResourceRole with id:12
operator: UnknownresourceId: Unknown - creating db connection using connection name: informix_connection
committing transaction
committing transaction
load Resource with ids:[J@745f2d
operator: UnknownresourceId: Unknown - creating db connection using connection name: informix_connection
load ResourceRole with id:13
operator: UnknownresourceId: Unknown - creating db connection using connection name: informix_connection
committing transaction
committing transaction
load Resource with ids:[J@197c582
operator: UnknownresourceId: Unknown - creating db connection using connection name: informix_connection
load ResourceRole with id:9
operator: UnknownresourceId: Unknown - creating db connection using connection name: informix_connection
committing transaction
committing transaction
load Resource with ids:[J@2f3782,[J@2f3782
operator: UnknownresourceId: Unknown - creating db connection using connection name: informix_connection
load ResourceRole with id:1
operator: UnknownresourceId: Unknown - creating db connection using connection name: informix_connection
committing transaction
load ResourceRole with id:1
operator: UnknownresourceId: Unknown - creating db connection using connection name: informix_connection
committing transaction
committing transaction
operator: UnknownresourceId: 6 - load resource.
operator: UnknownresourceId: Unknown - creating db connection using connection name: informix_connection
load ResourceRole with id:4
operator: UnknownresourceId: Unknown - creating db connection using connection name: informix_connection
committing transaction
committing transaction
operator: UnknownresourceId: 4 - load resource.
operator: UnknownresourceId: Unknown - creating db connection using connection name: informix_connection
load ResourceRole with id:1
operator: UnknownresourceId: Unknown - creating db connection using connection name: informix_connection
committing transaction
committing transaction
operator: UnknownresourceId: 100000 - load resource.
operator: UnknownresourceId: Unknown - creating db connection using connection name: informix_connection
load ResourceRole with id:13
operator: UnknownresourceId: Unknown - creating db connection using connection name: informix_connection
committing transaction
committing transaction
operator: UnknownresourceId: 7 - load resource.
operator: UnknownresourceId: Unknown - creating db connection using connection name: informix_connection
load ResourceRole with id:4
operator: UnknownresourceId: Unknown - creating db connection using connection name: informix_connection
committing transaction
committing transaction
operator: UnknownresourceId: 5 - load resource.
operator: UnknownresourceId: Unknown - creating db connection using connection name: informix_connection
load ResourceRole with id:1
operator: UnknownresourceId: Unknown - creating db connection using connection name: informix_connection
committing transaction
committing transaction
type: Upload id: Unknown operator:Unknown - search submissions with filter. found: 2
operator: UnknownresourceId: 4 - load resource.
operator: UnknownresourceId: Unknown - creating db connection using connection name: informix_connection
load ResourceRole with id:1
operator: UnknownresourceId: Unknown - creating db connection using connection name: informix_connection
committing transaction
committing transaction
operator: UnknownresourceId: 5 - load resource.
operator: UnknownresourceId: Unknown - creating db connection using connection name: informix_connection
load ResourceRole with id:1
operator: UnknownresourceId: Unknown - creating db connection using connection name: informix_connection
committing transaction
committing transaction
load Notifications with array of userIds/projectIds/notificationTypes.
operator: UnknownresourceId: Unknown - creating db connection using connection name: informix_connection
committing transaction
get projects with the ids: 1
operator: UnknownprojectId: Unknown - creating db connection using connection name: informix_connection
committing transaction
load Resource role with ids:[J@164a812,[J@164a812,[J@164a812,[J@164a812,[J@164a812,[J@164a812,[J@164a812,[J@164a812,[J@164a812,[J@164a812,[J@164a812,[J@164a812,[J@164a812,[J@164a812,[J@164a812,[J@164a812,[J@164a812,[J@164a812,[J@164a812,[J@164a812,[J@164a812,[J@164a812
operator: UnknownresourceId: Unknown - creating db connection using connection name: informix_connection
committing transaction
load Resource with ids:[J@1193f30,[J@1193f30,[J@1193f30
operator: UnknownresourceId: Unknown - creating db connection using connection name: informix_connection
load ResourceRole with id:4
operator: UnknownresourceId: Unknown - creating db connection using connection name: informix_connection
committing transaction
load ResourceRole with id:4
operator: UnknownresourceId: Unknown - creating db connection using connection name: informix_connection
committing transaction
load ResourceRole with id:4
operator: UnknownresourceId: Unknown - creating db connection using connection name: informix_connection
committing transaction
committing transaction
load Resource with ids:[J@1c3aa36
operator: UnknownresourceId: Unknown - creating db connection using connection name: informix_connection
load ResourceRole with id:12
operator: UnknownresourceId: Unknown - creating db connection using connection name: informix_connection
committing transaction
committing transaction
load Resource with ids:[J@1d1627e
operator: UnknownresourceId: Unknown - creating db connection using connection name: informix_connection
load ResourceRole with id:13
operator: UnknownresourceId: Unknown - creating db connection using connection name: informix_connection
committing transaction
committing transaction
load Resource with ids:[J@4d0d45
operator: UnknownresourceId: Unknown - creating db connection using connection name: informix_connection
load ResourceRole with id:9
operator: UnknownresourceId: Unknown - creating db connection using connection name: informix_connection
committing transaction
committing transaction
load Resource with ids:[J@1ff31b4,[J@1ff31b4
operator: UnknownresourceId: Unknown - creating db connection using connection name: informix_connection
load ResourceRole with id:1
operator: UnknownresourceId: Unknown - creating db connection using connection name: informix_connection
committing transaction
load ResourceRole with id:1
operator: UnknownresourceId: Unknown - creating db connection using connection name: informix_connection
committing transaction
committing transaction
operator: UnknownresourceId: 6 - load resource.
operator: UnknownresourceId: Unknown - creating db connection using connection name: informix_connection
load ResourceRole with id:4
operator: UnknownresourceId: Unknown - creating db connection using connection name: informix_connection
committing transaction
committing transaction
operator: UnknownresourceId: 4 - load resource.
operator: UnknownresourceId: Unknown - creating db connection using connection name: informix_connection
load ResourceRole with id:1
operator: UnknownresourceId: Unknown - creating db connection using connection name: informix_connection
committing transaction
committing transaction
operator: UnknownresourceId: 100000 - load resource.
operator: UnknownresourceId: Unknown - creating db connection using connection name: informix_connection
load ResourceRole with id:13
operator: UnknownresourceId: Unknown - creating db connection using connection name: informix_connection
committing transaction
committing transaction
operator: UnknownresourceId: 7 - load resource.
operator: UnknownresourceId: Unknown - creating db connection using connection name: informix_connection
load ResourceRole with id:4
operator: UnknownresourceId: Unknown - creating db connection using connection name: informix_connection
committing transaction
committing transaction
operator: UnknownresourceId: 5 - load resource.
operator: UnknownresourceId: Unknown - creating db connection using connection name: informix_connection
load ResourceRole with id:1
operator: UnknownresourceId: Unknown - creating db connection using connection name: informix_connection
committing transaction
committing transaction
Read propery[ConnectionFactoryNS] which is  required  with value[com.topcoder.db.connectionfactory.DBConnectionFactoryImpl] from namespace [com.topcoder.management.project.persistence.InformixProjectPersistence].
Read propery[ConnectionName] which is  optional  with value[informix_connection] from namespace [com.topcoder.management.project.persistence.InformixProjectPersistence].
Read propery[ProjectIdSequenceName] which is  optional  with value[project_id_seq] from namespace [com.topcoder.management.project.persistence.InformixProjectPersistence].
Read propery[ProjectAuditIdSequenceName] which is  optional  with value[project_audit_id_seq] from namespace [com.topcoder.management.project.persistence.InformixProjectPersistence].
Read propery[ConnectionFactoryNS] which is  required  with value[com.topcoder.db.connectionfactory.DBConnectionFactoryImpl] from namespace [com.topcoder.management.project.persistence.link.ProjectLinkManagerImpl].
Read propery[ConnectionName] which is  optional  with value[informix_connection] from namespace [com.topcoder.management.project.persistence.link.ProjectLinkManagerImpl].
read property ConnectionFactoryNS[com.topcoder.db.connectionfactory.DBConnectionFactoryImpl] from the namespace :com.topcoder.management.scorecard.persistence.InformixScorecardPersistence
read property ConnectionName[informix_connection] from the namespace :com.topcoder.management.scorecard.persistence.InformixScorecardPersistence
Instantiate SqlUploadPersistence with connectionFactory and connectioName:informix_connection
Instantiate PersistenceUploadManager with UploadPersistence, uploadSearchBundle, submissionSearchBundle, uploadIdGenerator, uploadTypeIdGenerator, uploadStatusIdGenerator, submissionIDGenerator, submissionStatusIdGenerator and submissionTypeIdGenerator.
Instantiate AbstractResourcePersistence with connectionFactory and connectionName[informix_connection].
load Resource role with ids:[J@38fc0c,[J@38fc0c,[J@38fc0c,[J@38fc0c,[J@38fc0c,[J@38fc0c,[J@38fc0c,[J@38fc0c,[J@38fc0c,[J@38fc0c,[J@38fc0c,[J@38fc0c,[J@38fc0c,[J@38fc0c,[J@38fc0c,[J@38fc0c,[J@38fc0c,[J@38fc0c,[J@38fc0c,[J@38fc0c,[J@38fc0c,[J@38fc0c
operator: UnknownresourceId: Unknown - creating db connection using connection name: informix_connection
committing transaction
Read propery[ConnectionFactoryNS] which is  required  with value[com.topcoder.db.connectionfactory.DBConnectionFactoryImpl] from namespace [com.topcoder.management.project.persistence.InformixProjectPersistence].
Read propery[ConnectionName] which is  optional  with value[informix_connection] from namespace [com.topcoder.management.project.persistence.InformixProjectPersistence].
Read propery[ProjectIdSequenceName] which is  optional  with value[project_id_seq] from namespace [com.topcoder.management.project.persistence.InformixProjectPersistence].
Read propery[ProjectAuditIdSequenceName] which is  optional  with value[project_audit_id_seq] from namespace [com.topcoder.management.project.persistence.InformixProjectPersistence].
Read propery[ConnectionFactoryNS] which is  required  with value[com.topcoder.db.connectionfactory.DBConnectionFactoryImpl] from namespace [com.topcoder.management.project.persistence.link.ProjectLinkManagerImpl].
Read propery[ConnectionName] which is  optional  with value[informix_connection] from namespace [com.topcoder.management.project.persistence.link.ProjectLinkManagerImpl].
read property ConnectionFactoryNS[com.topcoder.db.connectionfactory.DBConnectionFactoryImpl] from the namespace :com.topcoder.management.scorecard.persistence.InformixScorecardPersistence
read property ConnectionName[informix_connection] from the namespace :com.topcoder.management.scorecard.persistence.InformixScorecardPersistence
Instantiate SqlUploadPersistence with connectionFactory and connectioName:informix_connection
Instantiate PersistenceUploadManager with UploadPersistence, uploadSearchBundle, submissionSearchBundle, uploadIdGenerator, uploadTypeIdGenerator, uploadStatusIdGenerator, submissionIDGenerator, submissionStatusIdGenerator and submissionTypeIdGenerator.
Instantiate AbstractResourcePersistence with connectionFactory and connectionName[informix_connection].
load Resource role with ids:[J@1632ece,[J@1632ece,[J@1632ece,[J@1632ece,[J@1632ece,[J@1632ece,[J@1632ece,[J@1632ece,[J@1632ece,[J@1632ece,[J@1632ece,[J@1632ece,[J@1632ece,[J@1632ece,[J@1632ece,[J@1632ece,[J@1632ece,[J@1632ece,[J@1632ece,[J@1632ece,[J@1632ece,[J@1632ece
operator: UnknownresourceId: Unknown - creating db connection using connection name: informix_connection
committing transaction
Read propery[ConnectionFactoryNS] which is  required  with value[com.topcoder.db.connectionfactory.DBConnectionFactoryImpl] from namespace [com.topcoder.management.project.persistence.InformixProjectPersistence].
Read propery[ConnectionName] which is  optional  with value[informix_connection] from namespace [com.topcoder.management.project.persistence.InformixProjectPersistence].
Read propery[ProjectIdSequenceName] which is  optional  with value[project_id_seq] from namespace [com.topcoder.management.project.persistence.InformixProjectPersistence].
Read propery[ProjectAuditIdSequenceName] which is  optional  with value[project_audit_id_seq] from namespace [com.topcoder.management.project.persistence.InformixProjectPersistence].
Read propery[ConnectionFactoryNS] which is  required  with value[com.topcoder.db.connectionfactory.DBConnectionFactoryImpl] from namespace [com.topcoder.management.project.persistence.link.ProjectLinkManagerImpl].
Read propery[ConnectionName] which is  optional  with value[informix_connection] from namespace [com.topcoder.management.project.persistence.link.ProjectLinkManagerImpl].
read property ConnectionFactoryNS[com.topcoder.db.connectionfactory.DBConnectionFactoryImpl] from the namespace :com.topcoder.management.scorecard.persistence.InformixScorecardPersistence
read property ConnectionName[informix_connection] from the namespace :com.topcoder.management.scorecard.persistence.InformixScorecardPersistence
Instantiate SqlUploadPersistence with connectionFactory and connectioName:informix_connection
Instantiate PersistenceUploadManager with UploadPersistence, uploadSearchBundle, submissionSearchBundle, uploadIdGenerator, uploadTypeIdGenerator, uploadStatusIdGenerator, submissionIDGenerator, submissionStatusIdGenerator and submissionTypeIdGenerator.
Instantiate AbstractResourcePersistence with connectionFactory and connectionName[informix_connection].
load Resource role with ids:[J@17f3488,[J@17f3488,[J@17f3488,[J@17f3488,[J@17f3488,[J@17f3488,[J@17f3488,[J@17f3488,[J@17f3488,[J@17f3488,[J@17f3488,[J@17f3488,[J@17f3488,[J@17f3488,[J@17f3488,[J@17f3488,[J@17f3488,[J@17f3488,[J@17f3488,[J@17f3488,[J@17f3488,[J@17f3488
operator: UnknownresourceId: Unknown - creating db connection using connection name: informix_connection
committing transaction
type: Upload id: Unknown operator:Unknown - search submissions with filter. found: 2
load Resource with ids:[J@19795d8,[J@19795d8
operator: UnknownresourceId: Unknown - creating db connection using connection name: informix_connection
load ResourceRole with id:4
operator: UnknownresourceId: Unknown - creating db connection using connection name: informix_connection
committing transaction
load ResourceRole with id:4
operator: UnknownresourceId: Unknown - creating db connection using connection name: informix_connection
committing transaction
committing transaction
type: Submission id: 1 operator:1001 - update Submission.
type: Submission id: 1 operator:Unknown - Update Submission, it will update record in submission table.
create db connection using connection name:informix_connection
close the connection.
type: Submission id: 2 operator:1001 - update Submission.
type: Submission id: 2 operator:Unknown - Update Submission, it will update record in submission table.
create db connection using connection name:informix_connection
close the connection.
operator: UnknownresourceId: 4 - load resource.
operator: UnknownresourceId: Unknown - creating db connection using connection name: informix_connection
load ResourceRole with id:1
operator: UnknownresourceId: Unknown - creating db connection using connection name: informix_connection
committing transaction
committing transaction
operator: UnknownresourceId: 5 - load resource.
operator: UnknownresourceId: Unknown - creating db connection using connection name: informix_connection
load ResourceRole with id:1
operator: UnknownresourceId: Unknown - creating db connection using connection name: informix_connection
committing transaction
committing transaction
load Notifications with array of userIds/projectIds/notificationTypes.
operator: UnknownresourceId: Unknown - creating db connection using connection name: informix_connection
committing transaction
get projects with the ids: 1
operator: UnknownprojectId: Unknown - creating db connection using connection name: informix_connection
committing transaction
load Resource role with ids:[J@2c91f4,[J@2c91f4,[J@2c91f4,[J@2c91f4,[J@2c91f4,[J@2c91f4,[J@2c91f4,[J@2c91f4,[J@2c91f4,[J@2c91f4,[J@2c91f4,[J@2c91f4,[J@2c91f4,[J@2c91f4,[J@2c91f4,[J@2c91f4,[J@2c91f4,[J@2c91f4,[J@2c91f4,[J@2c91f4,[J@2c91f4,[J@2c91f4
operator: UnknownresourceId: Unknown - creating db connection using connection name: informix_connection
committing transaction
load Resource with ids:[J@152fdda,[J@152fdda,[J@152fdda
operator: UnknownresourceId: Unknown - creating db connection using connection name: informix_connection
load ResourceRole with id:4
operator: UnknownresourceId: Unknown - creating db connection using connection name: informix_connection
committing transaction
load ResourceRole with id:4
operator: UnknownresourceId: Unknown - creating db connection using connection name: informix_connection
committing transaction
load ResourceRole with id:4
operator: UnknownresourceId: Unknown - creating db connection using connection name: informix_connection
committing transaction
committing transaction
load Resource with ids:[J@13d3cf9
operator: UnknownresourceId: Unknown - creating db connection using connection name: informix_connection
load ResourceRole with id:12
operator: UnknownresourceId: Unknown - creating db connection using connection name: informix_connection
committing transaction
committing transaction
load Resource with ids:[J@4b7ab3
operator: UnknownresourceId: Unknown - creating db connection using connection name: informix_connection
load ResourceRole with id:13
operator: UnknownresourceId: Unknown - creating db connection using connection name: informix_connection
committing transaction
committing transaction
load Resource with ids:[J@1628884
operator: UnknownresourceId: Unknown - creating db connection using connection name: informix_connection
load ResourceRole with id:9
operator: UnknownresourceId: Unknown - creating db connection using connection name: informix_connection
committing transaction
committing transaction
load Resource with ids:[J@1ef1d89,[J@1ef1d89
operator: UnknownresourceId: Unknown - creating db connection using connection name: informix_connection
load ResourceRole with id:1
operator: UnknownresourceId: Unknown - creating db connection using connection name: informix_connection
committing transaction
load ResourceRole with id:1
operator: UnknownresourceId: Unknown - creating db connection using connection name: informix_connection
committing transaction
committing transaction
operator: UnknownresourceId: 6 - load resource.
operator: UnknownresourceId: Unknown - creating db connection using connection name: informix_connection
load ResourceRole with id:4
operator: UnknownresourceId: Unknown - creating db connection using connection name: informix_connection
committing transaction
committing transaction
operator: UnknownresourceId: 4 - load resource.
operator: UnknownresourceId: Unknown - creating db connection using connection name: informix_connection
load ResourceRole with id:1
operator: UnknownresourceId: Unknown - creating db connection using connection name: informix_connection
committing transaction
committing transaction
operator: UnknownresourceId: 100000 - load resource.
operator: UnknownresourceId: Unknown - creating db connection using connection name: informix_connection
load ResourceRole with id:13
operator: UnknownresourceId: Unknown - creating db connection using connection name: informix_connection
committing transaction
committing transaction
operator: UnknownresourceId: 7 - load resource.
operator: UnknownresourceId: Unknown - creating db connection using connection name: informix_connection
load ResourceRole with id:4
operator: UnknownresourceId: Unknown - creating db connection using connection name: informix_connection
committing transaction
committing transaction
operator: UnknownresourceId: 5 - load resource.
operator: UnknownresourceId: Unknown - creating db connection using connection name: informix_connection
load ResourceRole with id:1
operator: UnknownresourceId: Unknown - creating db connection using connection name: informix_connection
committing transaction
committing transaction
type: Upload id: Unknown operator:Unknown - search submissions with filter. found: 2
operator: UnknownresourceId: 4 - load resource.
operator: UnknownresourceId: Unknown - creating db connection using connection name: informix_connection
load ResourceRole with id:1
operator: UnknownresourceId: Unknown - creating db connection using connection name: informix_connection
committing transaction
committing transaction
operator: UnknownresourceId: 5 - load resource.
operator: UnknownresourceId: Unknown - creating db connection using connection name: informix_connection
load ResourceRole with id:1
operator: UnknownresourceId: Unknown - creating db connection using connection name: informix_connection
committing transaction
committing transaction
load Notifications with array of userIds/projectIds/notificationTypes.
operator: UnknownresourceId: Unknown - creating db connection using connection name: informix_connection
committing transaction
get projects with the ids: 1
operator: UnknownprojectId: Unknown - creating db connection using connection name: informix_connection
committing transaction
load Resource role with ids:[J@1da0779,[J@1da0779,[J@1da0779,[J@1da0779,[J@1da0779,[J@1da0779,[J@1da0779,[J@1da0779,[J@1da0779,[J@1da0779,[J@1da0779,[J@1da0779,[J@1da0779,[J@1da0779,[J@1da0779,[J@1da0779,[J@1da0779,[J@1da0779,[J@1da0779,[J@1da0779,[J@1da0779,[J@1da0779
operator: UnknownresourceId: Unknown - creating db connection using connection name: informix_connection
committing transaction
load Resource with ids:[J@15f2342,[J@15f2342,[J@15f2342
operator: UnknownresourceId: Unknown - creating db connection using connection name: informix_connection
load ResourceRole with id:4
operator: UnknownresourceId: Unknown - creating db connection using connection name: informix_connection
committing transaction
load ResourceRole with id:4
operator: UnknownresourceId: Unknown - creating db connection using connection name: informix_connection
committing transaction
load ResourceRole with id:4
operator: UnknownresourceId: Unknown - creating db connection using connection name: informix_connection
committing transaction
committing transaction
load Resource with ids:[J@f83d38
operator: UnknownresourceId: Unknown - creating db connection using connection name: informix_connection
load ResourceRole with id:12
operator: UnknownresourceId: Unknown - creating db connection using connection name: informix_connection
committing transaction
committing transaction
load Resource with ids:[J@115fcb8
operator: UnknownresourceId: Unknown - creating db connection using connection name: informix_connection
load ResourceRole with id:13
operator: UnknownresourceId: Unknown - creating db connection using connection name: informix_connection
committing transaction
committing transaction
load Resource with ids:[J@ab1c2d
operator: UnknownresourceId: Unknown - creating db connection using connection name: informix_connection
load ResourceRole with id:9
operator: UnknownresourceId: Unknown - creating db connection using connection name: informix_connection
committing transaction
committing transaction
load Resource with ids:[J@1ee907c,[J@1ee907c
operator: UnknownresourceId: Unknown - creating db connection using connection name: informix_connection
load ResourceRole with id:1
operator: UnknownresourceId: Unknown - creating db connection using connection name: informix_connection
committing transaction
load ResourceRole with id:1
operator: UnknownresourceId: Unknown - creating db connection using connection name: informix_connection
committing transaction
committing transaction
operator: UnknownresourceId: 6 - load resource.
operator: UnknownresourceId: Unknown - creating db connection using connection name: informix_connection
load ResourceRole with id:4
operator: UnknownresourceId: Unknown - creating db connection using connection name: informix_connection
committing transaction
committing transaction
operator: UnknownresourceId: 4 - load resource.
operator: UnknownresourceId: Unknown - creating db connection using connection name: informix_connection
load ResourceRole with id:1
operator: UnknownresourceId: Unknown - creating db connection using connection name: informix_connection
committing transaction
committing transaction
operator: UnknownresourceId: 100000 - load resource.
operator: UnknownresourceId: Unknown - creating db connection using connection name: informix_connection
load ResourceRole with id:13
operator: UnknownresourceId: Unknown - creating db connection using connection name: informix_connection
committing transaction
committing transaction
operator: UnknownresourceId: 7 - load resource.
operator: UnknownresourceId: Unknown - creating db connection using connection name: informix_connection
load ResourceRole with id:4
operator: UnknownresourceId: Unknown - creating db connection using connection name: informix_connection
committing transaction
committing transaction
operator: UnknownresourceId: 5 - load resource.
operator: UnknownresourceId: Unknown - creating db connection using connection name: informix_connection
load ResourceRole with id:1
operator: UnknownresourceId: Unknown - creating db connection using connection name: informix_connection
committing transaction
committing transaction
type: Upload id: Unknown operator:Unknown - search submissions with filter. found: 2
operator: UnknownresourceId: 4 - load resource.
operator: UnknownresourceId: Unknown - creating db connection using connection name: informix_connection
load ResourceRole with id:1
operator: UnknownresourceId: Unknown - creating db connection using connection name: informix_connection
committing transaction
committing transaction
operator: UnknownresourceId: 5 - load resource.
operator: UnknownresourceId: Unknown - creating db connection using connection name: informix_connection
load ResourceRole with id:1
operator: UnknownresourceId: Unknown - creating db connection using connection name: informix_connection
committing transaction
committing transaction
load Notifications with array of userIds/projectIds/notificationTypes.
operator: UnknownresourceId: Unknown - creating db connection using connection name: informix_connection
committing transaction
get projects with the ids: 1
operator: UnknownprojectId: Unknown - creating db connection using connection name: informix_connection
committing transaction
load Resource role with ids:[J@257f78,[J@257f78,[J@257f78,[J@257f78,[J@257f78,[J@257f78,[J@257f78,[J@257f78,[J@257f78,[J@257f78,[J@257f78,[J@257f78,[J@257f78,[J@257f78,[J@257f78,[J@257f78,[J@257f78,[J@257f78,[J@257f78,[J@257f78,[J@257f78,[J@257f78
operator: UnknownresourceId: Unknown - creating db connection using connection name: informix_connection
committing transaction
load Resource with ids:[J@12b5f52,[J@12b5f52,[J@12b5f52
operator: UnknownresourceId: Unknown - creating db connection using connection name: informix_connection
load ResourceRole with id:4
operator: UnknownresourceId: Unknown - creating db connection using connection name: informix_connection
committing transaction
load ResourceRole with id:4
operator: UnknownresourceId: Unknown - creating db connection using connection name: informix_connection
committing transaction
load ResourceRole with id:4
operator: UnknownresourceId: Unknown - creating db connection using connection name: informix_connection
committing transaction
committing transaction
load Resource with ids:[J@e39570
operator: UnknownresourceId: Unknown - creating db connection using connection name: informix_connection
load ResourceRole with id:12
operator: UnknownresourceId: Unknown - creating db connection using connection name: informix_connection
committing transaction
committing transaction
load Resource with ids:[J@14e91ce
operator: UnknownresourceId: Unknown - creating db connection using connection name: informix_connection
load ResourceRole with id:13
operator: UnknownresourceId: Unknown - creating db connection using connection name: informix_connection
committing transaction
committing transaction
load Resource with ids:[J@17de7e6
operator: UnknownresourceId: Unknown - creating db connection using connection name: informix_connection
load ResourceRole with id:9
operator: UnknownresourceId: Unknown - creating db connection using connection name: informix_connection
committing transaction
committing transaction
load Resource with ids:[J@1fe5c31,[J@1fe5c31
operator: UnknownresourceId: Unknown - creating db connection using connection name: informix_connection
load ResourceRole with id:1
operator: UnknownresourceId: Unknown - creating db connection using connection name: informix_connection
committing transaction
load ResourceRole with id:1
operator: UnknownresourceId: Unknown - creating db connection using connection name: informix_connection
committing transaction
committing transaction
operator: UnknownresourceId: 6 - load resource.
operator: UnknownresourceId: Unknown - creating db connection using connection name: informix_connection
load ResourceRole with id:4
operator: UnknownresourceId: Unknown - creating db connection using connection name: informix_connection
committing transaction
committing transaction
operator: UnknownresourceId: 4 - load resource.
operator: UnknownresourceId: Unknown - creating db connection using connection name: informix_connection
load ResourceRole with id:1
operator: UnknownresourceId: Unknown - creating db connection using connection name: informix_connection
committing transaction
committing transaction
operator: UnknownresourceId: 100000 - load resource.
operator: UnknownresourceId: Unknown - creating db connection using connection name: informix_connection
load ResourceRole with id:13
operator: UnknownresourceId: Unknown - creating db connection using connection name: informix_connection
committing transaction
committing transaction
operator: UnknownresourceId: 7 - load resource.
operator: UnknownresourceId: Unknown - creating db connection using connection name: informix_connection
load ResourceRole with id:4
operator: UnknownresourceId: Unknown - creating db connection using connection name: informix_connection
committing transaction
committing transaction
operator: UnknownresourceId: 5 - load resource.
operator: UnknownresourceId: Unknown - creating db connection using connection name: informix_connection
load ResourceRole with id:1
operator: UnknownresourceId: Unknown - creating db connection using connection name: informix_connection
committing transaction
committing transaction
Read propery[ConnectionFactoryNS] which is  required  with value[com.topcoder.db.connectionfactory.DBConnectionFactoryImpl] from namespace [com.topcoder.management.project.persistence.InformixProjectPersistence].
Read propery[ConnectionName] which is  optional  with value[informix_connection] from namespace [com.topcoder.management.project.persistence.InformixProjectPersistence].
Read propery[ProjectIdSequenceName] which is  optional  with value[project_id_seq] from namespace [com.topcoder.management.project.persistence.InformixProjectPersistence].
Read propery[ProjectAuditIdSequenceName] which is  optional  with value[project_audit_id_seq] from namespace [com.topcoder.management.project.persistence.InformixProjectPersistence].
Read propery[ConnectionFactoryNS] which is  required  with value[com.topcoder.db.connectionfactory.DBConnectionFactoryImpl] from namespace [com.topcoder.management.project.persistence.link.ProjectLinkManagerImpl].
Read propery[ConnectionName] which is  optional  with value[informix_connection] from namespace [com.topcoder.management.project.persistence.link.ProjectLinkManagerImpl].
read property ConnectionFactoryNS[com.topcoder.db.connectionfactory.DBConnectionFactoryImpl] from the namespace :com.topcoder.management.scorecard.persistence.InformixScorecardPersistence
read property ConnectionName[informix_connection] from the namespace :com.topcoder.management.scorecard.persistence.InformixScorecardPersistence
Instantiate SqlUploadPersistence with connectionFactory and connectioName:informix_connection
Instantiate PersistenceUploadManager with UploadPersistence, uploadSearchBundle, submissionSearchBundle, uploadIdGenerator, uploadTypeIdGenerator, uploadStatusIdGenerator, submissionIDGenerator, submissionStatusIdGenerator and submissionTypeIdGenerator.
Instantiate AbstractResourcePersistence with connectionFactory and connectionName[informix_connection].
load Resource role with ids:[J@19189e7,[J@19189e7,[J@19189e7,[J@19189e7,[J@19189e7,[J@19189e7,[J@19189e7,[J@19189e7,[J@19189e7,[J@19189e7,[J@19189e7,[J@19189e7,[J@19189e7,[J@19189e7,[J@19189e7,[J@19189e7,[J@19189e7,[J@19189e7,[J@19189e7,[J@19189e7,[J@19189e7,[J@19189e7
operator: UnknownresourceId: Unknown - creating db connection using connection name: informix_connection
committing transaction
type: Upload id: Unknown operator:Unknown - search submissions with filter. found: 2
load Resource with ids:[J@e97557
operator: UnknownresourceId: Unknown - creating db connection using connection name: informix_connection
load ResourceRole with id:4
operator: UnknownresourceId: Unknown - creating db connection using connection name: informix_connection
committing transaction
committing transaction
type: Scorecard id: Unknown operator:Unknown - retrieve scorecard with ids:1, and is incomplete
create db connection with connect name:informix_connection
close the connection.
get All submission statuses, delegate to persistence.
get All submission statuses, delegate to persistence.
create db connection using connection name:informix_connection
close the connection.
type: SubmissionStatus id: Unknown operator:Unknown - Load SubmissionStatuses with ids:1,2,3,4,5
create db connection using connection name:informix_connection
close the connection.
get All submission statuses, delegate to persistence.
get All submission statuses, delegate to persistence.
create db connection using connection name:informix_connection
close the connection.
type: SubmissionStatus id: Unknown operator:Unknown - Load SubmissionStatuses with ids:1,2,3,4,5
create db connection using connection name:informix_connection
close the connection.
operator: UnknownresourceId: 1 - load resource.
operator: UnknownresourceId: Unknown - creating db connection using connection name: informix_connection
load ResourceRole with id:1
operator: UnknownresourceId: Unknown - creating db connection using connection name: informix_connection
committing transaction
committing transaction
type: Submission id: 1 operator:1001 - update Submission.
type: Submission id: 1 operator:Unknown - Update Submission, it will update record in submission table.
create db connection using connection name:informix_connection
close the connection.
operator: UnknownresourceId: 2 - load resource.
operator: UnknownresourceId: Unknown - creating db connection using connection name: informix_connection
load ResourceRole with id:1
operator: UnknownresourceId: Unknown - creating db connection using connection name: informix_connection
committing transaction
committing transaction
type: Submission id: 2 operator:1001 - update Submission.
type: Submission id: 2 operator:Unknown - Update Submission, it will update record in submission table.
create db connection using connection name:informix_connection
close the connection.
operator: UnknownresourceId: 1 - load resource.
operator: UnknownresourceId: Unknown - creating db connection using connection name: informix_connection
load ResourceRole with id:1
operator: UnknownresourceId: Unknown - creating db connection using connection name: informix_connection
committing transaction
committing transaction
operator: UnknownresourceId: 2 - load resource.
operator: UnknownresourceId: Unknown - creating db connection using connection name: informix_connection
load ResourceRole with id:1
operator: UnknownresourceId: Unknown - creating db connection using connection name: informix_connection
committing transaction
committing transaction
get projects with the ids: 1
operator: UnknownprojectId: Unknown - creating db connection using connection name: informix_connection
committing transaction
get projects with the ids: 1
operator: UnknownprojectId: Unknown - creating db connection using connection name: informix_connection
committing transaction
load Resource role with ids:[J@b47499,[J@b47499,[J@b47499,[J@b47499,[J@b47499,[J@b47499,[J@b47499,[J@b47499,[J@b47499,[J@b47499,[J@b47499,[J@b47499,[J@b47499,[J@b47499,[J@b47499,[J@b47499,[J@b47499,[J@b47499,[J@b47499,[J@b47499,[J@b47499,[J@b47499
operator: UnknownresourceId: Unknown - creating db connection using connection name: informix_connection
committing transaction
load Resource with ids:[J@1a26e54
operator: UnknownresourceId: Unknown - creating db connection using connection name: informix_connection
load ResourceRole with id:4
operator: UnknownresourceId: Unknown - creating db connection using connection name: informix_connection
committing transaction
committing transaction
load Resource with ids:[J@1b3c177,[J@1b3c177
operator: UnknownresourceId: Unknown - creating db connection using connection name: informix_connection
load ResourceRole with id:1
operator: UnknownresourceId: Unknown - creating db connection using connection name: informix_connection
committing transaction
load ResourceRole with id:1
operator: UnknownresourceId: Unknown - creating db connection using connection name: informix_connection
committing transaction
committing transaction
type: Upload id: Unknown operator:Unknown - search submissions with filter. found: 0
load Resource with ids:[J@97c94
operator: UnknownresourceId: Unknown - creating db connection using connection name: informix_connection
load ResourceRole with id:4
operator: UnknownresourceId: Unknown - creating db connection using connection name: informix_connection
committing transaction
committing transaction
type: Scorecard id: Unknown operator:Unknown - retrieve scorecard with ids:1, and is incomplete
create db connection with connect name:informix_connection
close the connection.
get All submission statuses, delegate to persistence.
get All submission statuses, delegate to persistence.
create db connection using connection name:informix_connection
close the connection.
type: SubmissionStatus id: Unknown operator:Unknown - Load SubmissionStatuses with ids:1,2,3,4,5
create db connection using connection name:informix_connection
close the connection.
get All submission statuses, delegate to persistence.
get All submission statuses, delegate to persistence.
create db connection using connection name:informix_connection
close the connection.
type: SubmissionStatus id: Unknown operator:Unknown - Load SubmissionStatuses with ids:1,2,3,4,5
create db connection using connection name:informix_connection
close the connection.
get projects with the ids: 1
operator: UnknownprojectId: Unknown - creating db connection using connection name: informix_connection
committing transaction
load Resource role with ids:[J@49b85b,[J@49b85b,[J@49b85b,[J@49b85b,[J@49b85b,[J@49b85b,[J@49b85b,[J@49b85b,[J@49b85b,[J@49b85b,[J@49b85b,[J@49b85b,[J@49b85b,[J@49b85b,[J@49b85b,[J@49b85b,[J@49b85b,[J@49b85b,[J@49b85b,[J@49b85b,[J@49b85b,[J@49b85b
operator: UnknownresourceId: Unknown - creating db connection using connection name: informix_connection
committing transaction
load Resource with ids:[J@703529
operator: UnknownresourceId: Unknown - creating db connection using connection name: informix_connection
load ResourceRole with id:4
operator: UnknownresourceId: Unknown - creating db connection using connection name: informix_connection
committing transaction
committing transaction
load Resource with ids:[J@1e0eaec,[J@1e0eaec
operator: UnknownresourceId: Unknown - creating db connection using connection name: informix_connection
load ResourceRole with id:1
operator: UnknownresourceId: Unknown - creating db connection using connection name: informix_connection
committing transaction
load ResourceRole with id:1
operator: UnknownresourceId: Unknown - creating db connection using connection name: informix_connection
committing transaction
committing transaction
Read propery[ConnectionFactoryNS] which is  required  with value[com.topcoder.db.connectionfactory.DBConnectionFactoryImpl] from namespace [com.topcoder.management.project.persistence.InformixProjectPersistence].
Read propery[ConnectionName] which is  optional  with value[informix_connection] from namespace [com.topcoder.management.project.persistence.InformixProjectPersistence].
Read propery[ProjectIdSequenceName] which is  optional  with value[project_id_seq] from namespace [com.topcoder.management.project.persistence.InformixProjectPersistence].
Read propery[ProjectAuditIdSequenceName] which is  optional  with value[project_audit_id_seq] from namespace [com.topcoder.management.project.persistence.InformixProjectPersistence].
Read propery[ConnectionFactoryNS] which is  required  with value[com.topcoder.db.connectionfactory.DBConnectionFactoryImpl] from namespace [com.topcoder.management.project.persistence.link.ProjectLinkManagerImpl].
Read propery[ConnectionName] which is  optional  with value[informix_connection] from namespace [com.topcoder.management.project.persistence.link.ProjectLinkManagerImpl].
read property ConnectionFactoryNS[com.topcoder.db.connectionfactory.DBConnectionFactoryImpl] from the namespace :com.topcoder.management.scorecard.persistence.InformixScorecardPersistence
read property ConnectionName[informix_connection] from the namespace :com.topcoder.management.scorecard.persistence.InformixScorecardPersistence
Instantiate SqlUploadPersistence with connectionFactory and connectioName:informix_connection
Instantiate PersistenceUploadManager with UploadPersistence, uploadSearchBundle, submissionSearchBundle, uploadIdGenerator, uploadTypeIdGenerator, uploadStatusIdGenerator, submissionIDGenerator, submissionStatusIdGenerator and submissionTypeIdGenerator.
Instantiate AbstractResourcePersistence with connectionFactory and connectionName[informix_connection].
load Resource role with ids:[J@a7b864,[J@a7b864,[J@a7b864,[J@a7b864,[J@a7b864,[J@a7b864,[J@a7b864,[J@a7b864,[J@a7b864,[J@a7b864,[J@a7b864,[J@a7b864,[J@a7b864,[J@a7b864,[J@a7b864,[J@a7b864,[J@a7b864,[J@a7b864,[J@a7b864,[J@a7b864,[J@a7b864,[J@a7b864
operator: UnknownresourceId: Unknown - creating db connection using connection name: informix_connection
committing transaction
Read propery[ConnectionFactoryNS] which is  required  with value[com.topcoder.db.connectionfactory.DBConnectionFactoryImpl] from namespace [com.topcoder.management.project.persistence.InformixProjectPersistence].
Read propery[ConnectionName] which is  optional  with value[informix_connection] from namespace [com.topcoder.management.project.persistence.InformixProjectPersistence].
Read propery[ProjectIdSequenceName] which is  optional  with value[project_id_seq] from namespace [com.topcoder.management.project.persistence.InformixProjectPersistence].
Read propery[ProjectAuditIdSequenceName] which is  optional  with value[project_audit_id_seq] from namespace [com.topcoder.management.project.persistence.InformixProjectPersistence].
Read propery[ConnectionFactoryNS] which is  required  with value[com.topcoder.db.connectionfactory.DBConnectionFactoryImpl] from namespace [com.topcoder.management.project.persistence.link.ProjectLinkManagerImpl].
Read propery[ConnectionName] which is  optional  with value[informix_connection] from namespace [com.topcoder.management.project.persistence.link.ProjectLinkManagerImpl].
read property ConnectionFactoryNS[com.topcoder.db.connectionfactory.DBConnectionFactoryImpl] from the namespace :com.topcoder.management.scorecard.persistence.InformixScorecardPersistence
read property ConnectionName[informix_connection] from the namespace :com.topcoder.management.scorecard.persistence.InformixScorecardPersistence
Instantiate SqlUploadPersistence with connectionFactory and connectioName:informix_connection
Instantiate PersistenceUploadManager with UploadPersistence, uploadSearchBundle, submissionSearchBundle, uploadIdGenerator, uploadTypeIdGenerator, uploadStatusIdGenerator, submissionIDGenerator, submissionStatusIdGenerator and submissionTypeIdGenerator.
Instantiate AbstractResourcePersistence with connectionFactory and connectionName[informix_connection].
load Resource role with ids:[J@1937c84,[J@1937c84,[J@1937c84,[J@1937c84,[J@1937c84,[J@1937c84,[J@1937c84,[J@1937c84,[J@1937c84,[J@1937c84,[J@1937c84,[J@1937c84,[J@1937c84,[J@1937c84,[J@1937c84,[J@1937c84,[J@1937c84,[J@1937c84,[J@1937c84,[J@1937c84,[J@1937c84,[J@1937c84
operator: UnknownresourceId: Unknown - creating db connection using connection name: informix_connection
committing transaction
type: Upload id: Unknown operator:Unknown - search submissions with filter. found: 2
load Resource with ids:[J@15abeeb,[J@15abeeb
operator: UnknownresourceId: Unknown - creating db connection using connection name: informix_connection
load ResourceRole with id:4
operator: UnknownresourceId: Unknown - creating db connection using connection name: informix_connection
committing transaction
load ResourceRole with id:4
operator: UnknownresourceId: Unknown - creating db connection using connection name: informix_connection
committing transaction
committing transaction
type: Submission id: 1 operator:1001 - update Submission.
type: Submission id: 1 operator:Unknown - Update Submission, it will update record in submission table.
create db connection using connection name:informix_connection
close the connection.
type: Submission id: 2 operator:1001 - update Submission.
type: Submission id: 2 operator:Unknown - Update Submission, it will update record in submission table.
create db connection using connection name:informix_connection
close the connection.
operator: UnknownresourceId: 4 - load resource.
operator: UnknownresourceId: Unknown - creating db connection using connection name: informix_connection
load ResourceRole with id:1
operator: UnknownresourceId: Unknown - creating db connection using connection name: informix_connection
committing transaction
committing transaction
operator: UnknownresourceId: 5 - load resource.
operator: UnknownresourceId: Unknown - creating db connection using connection name: informix_connection
load ResourceRole with id:1
operator: UnknownresourceId: Unknown - creating db connection using connection name: informix_connection
committing transaction
committing transaction
load Notifications with array of userIds/projectIds/notificationTypes.
operator: UnknownresourceId: Unknown - creating db connection using connection name: informix_connection
committing transaction
get projects with the ids: 1
operator: UnknownprojectId: Unknown - creating db connection using connection name: informix_connection
committing transaction
load Resource role with ids:[J@10fb62d,[J@10fb62d,[J@10fb62d,[J@10fb62d,[J@10fb62d,[J@10fb62d,[J@10fb62d,[J@10fb62d,[J@10fb62d,[J@10fb62d,[J@10fb62d,[J@10fb62d,[J@10fb62d,[J@10fb62d,[J@10fb62d,[J@10fb62d,[J@10fb62d,[J@10fb62d,[J@10fb62d,[J@10fb62d,[J@10fb62d,[J@10fb62d
operator: UnknownresourceId: Unknown - creating db connection using connection name: informix_connection
committing transaction
load Resource with ids:[J@86f9a,[J@86f9a,[J@86f9a
operator: UnknownresourceId: Unknown - creating db connection using connection name: informix_connection
load ResourceRole with id:4
operator: UnknownresourceId: Unknown - creating db connection using connection name: informix_connection
committing transaction
load ResourceRole with id:4
operator: UnknownresourceId: Unknown - creating db connection using connection name: informix_connection
committing transaction
load ResourceRole with id:4
operator: UnknownresourceId: Unknown - creating db connection using connection name: informix_connection
committing transaction
committing transaction
load Resource with ids:[J@12afb98
operator: UnknownresourceId: Unknown - creating db connection using connection name: informix_connection
load ResourceRole with id:12
operator: UnknownresourceId: Unknown - creating db connection using connection name: informix_connection
committing transaction
committing transaction
load Resource with ids:[J@26e61
operator: UnknownresourceId: Unknown - creating db connection using connection name: informix_connection
load ResourceRole with id:13
operator: UnknownresourceId: Unknown - creating db connection using connection name: informix_connection
committing transaction
committing transaction
load Resource with ids:[J@7c2f9f
operator: UnknownresourceId: Unknown - creating db connection using connection name: informix_connection
load ResourceRole with id:9
operator: UnknownresourceId: Unknown - creating db connection using connection name: informix_connection
committing transaction
committing transaction
load Resource with ids:[J@6e50b,[J@6e50b
operator: UnknownresourceId: Unknown - creating db connection using connection name: informix_connection
load ResourceRole with id:1
operator: UnknownresourceId: Unknown - creating db connection using connection name: informix_connection
committing transaction
load ResourceRole with id:1
operator: UnknownresourceId: Unknown - creating db connection using connection name: informix_connection
committing transaction
committing transaction
operator: UnknownresourceId: 6 - load resource.
operator: UnknownresourceId: Unknown - creating db connection using connection name: informix_connection
load ResourceRole with id:4
operator: UnknownresourceId: Unknown - creating db connection using connection name: informix_connection
committing transaction
committing transaction
operator: UnknownresourceId: 4 - load resource.
operator: UnknownresourceId: Unknown - creating db connection using connection name: informix_connection
load ResourceRole with id:1
operator: UnknownresourceId: Unknown - creating db connection using connection name: informix_connection
committing transaction
committing transaction
operator: UnknownresourceId: 100000 - load resource.
operator: UnknownresourceId: Unknown - creating db connection using connection name: informix_connection
load ResourceRole with id:13
operator: UnknownresourceId: Unknown - creating db connection using connection name: informix_connection
committing transaction
committing transaction
operator: UnknownresourceId: 7 - load resource.
operator: UnknownresourceId: Unknown - creating db connection using connection name: informix_connection
load ResourceRole with id:4
operator: UnknownresourceId: Unknown - creating db connection using connection name: informix_connection
committing transaction
committing transaction
operator: UnknownresourceId: 5 - load resource.
operator: UnknownresourceId: Unknown - creating db connection using connection name: informix_connection
load ResourceRole with id:1
operator: UnknownresourceId: Unknown - creating db connection using connection name: informix_connection
committing transaction
committing transaction
load Resource with ids:[J@1b3f5eb,[J@1b3f5eb
operator: UnknownresourceId: Unknown - creating db connection using connection name: informix_connection
load ResourceRole with id:4
operator: UnknownresourceId: Unknown - creating db connection using connection name: informix_connection
committing transaction
load ResourceRole with id:4
operator: UnknownresourceId: Unknown - creating db connection using connection name: informix_connection
committing transaction
committing transaction
load Resource with ids:[J@12f6d60,[J@12f6d60
operator: UnknownresourceId: Unknown - creating db connection using connection name: informix_connection
load ResourceRole with id:4
operator: UnknownresourceId: Unknown - creating db connection using connection name: informix_connection
committing transaction
load ResourceRole with id:4
operator: UnknownresourceId: Unknown - creating db connection using connection name: informix_connection
committing transaction
committing transaction
load Resource with ids:[J@13f04a,[J@13f04a
operator: UnknownresourceId: Unknown - creating db connection using connection name: informix_connection
load ResourceRole with id:4
operator: UnknownresourceId: Unknown - creating db connection using connection name: informix_connection
committing transaction
load ResourceRole with id:4
operator: UnknownresourceId: Unknown - creating db connection using connection name: informix_connection
committing transaction
committing transaction
load Resource with ids:[J@1efd5e9,[J@1efd5e9
operator: UnknownresourceId: Unknown - creating db connection using connection name: informix_connection
load ResourceRole with id:4
operator: UnknownresourceId: Unknown - creating db connection using connection name: informix_connection
committing transaction
load ResourceRole with id:4
operator: UnknownresourceId: Unknown - creating db connection using connection name: informix_connection
committing transaction
committing transaction
load Resource with ids:[J@1615345,[J@1615345
operator: UnknownresourceId: Unknown - creating db connection using connection name: informix_connection
load ResourceRole with id:4
operator: UnknownresourceId: Unknown - creating db connection using connection name: informix_connection
committing transaction
load ResourceRole with id:4
operator: UnknownresourceId: Unknown - creating db connection using connection name: informix_connection
committing transaction
committing transaction
Read propery[ConnectionFactoryNS] which is  required  with value[com.topcoder.db.connectionfactory.DBConnectionFactoryImpl] from namespace [com.topcoder.management.project.persistence.InformixProjectPersistence].
Read propery[ConnectionName] which is  optional  with value[informix_connection] from namespace [com.topcoder.management.project.persistence.InformixProjectPersistence].
Read propery[ProjectIdSequenceName] which is  optional  with value[project_id_seq] from namespace [com.topcoder.management.project.persistence.InformixProjectPersistence].
Read propery[ProjectAuditIdSequenceName] which is  optional  with value[project_audit_id_seq] from namespace [com.topcoder.management.project.persistence.InformixProjectPersistence].
Read propery[ConnectionFactoryNS] which is  required  with value[com.topcoder.db.connectionfactory.DBConnectionFactoryImpl] from namespace [com.topcoder.management.project.persistence.link.ProjectLinkManagerImpl].
Read propery[ConnectionName] which is  optional  with value[informix_connection] from namespace [com.topcoder.management.project.persistence.link.ProjectLinkManagerImpl].
read property ConnectionFactoryNS[com.topcoder.db.connectionfactory.DBConnectionFactoryImpl] from the namespace :com.topcoder.management.scorecard.persistence.InformixScorecardPersistence
read property ConnectionName[informix_connection] from the namespace :com.topcoder.management.scorecard.persistence.InformixScorecardPersistence
Instantiate SqlUploadPersistence with connectionFactory and connectioName:informix_connection
Instantiate PersistenceUploadManager with UploadPersistence, uploadSearchBundle, submissionSearchBundle, uploadIdGenerator, uploadTypeIdGenerator, uploadStatusIdGenerator, submissionIDGenerator, submissionStatusIdGenerator and submissionTypeIdGenerator.
Instantiate AbstractResourcePersistence with connectionFactory and connectionName[informix_connection].
load Resource role with ids:[J@3c32d8,[J@3c32d8,[J@3c32d8,[J@3c32d8,[J@3c32d8,[J@3c32d8,[J@3c32d8,[J@3c32d8,[J@3c32d8,[J@3c32d8,[J@3c32d8,[J@3c32d8,[J@3c32d8,[J@3c32d8,[J@3c32d8,[J@3c32d8,[J@3c32d8,[J@3c32d8,[J@3c32d8,[J@3c32d8,[J@3c32d8,[J@3c32d8
operator: UnknownresourceId: Unknown - creating db connection using connection name: informix_connection
committing transaction
Read propery[ConnectionFactoryNS] which is  required  with value[com.topcoder.db.connectionfactory.DBConnectionFactoryImpl] from namespace [com.topcoder.management.project.persistence.InformixProjectPersistence].
Read propery[ConnectionName] which is  optional  with value[informix_connection] from namespace [com.topcoder.management.project.persistence.InformixProjectPersistence].
Read propery[ProjectIdSequenceName] which is  optional  with value[project_id_seq] from namespace [com.topcoder.management.project.persistence.InformixProjectPersistence].
Read propery[ProjectAuditIdSequenceName] which is  optional  with value[project_audit_id_seq] from namespace [com.topcoder.management.project.persistence.InformixProjectPersistence].
Read propery[ConnectionFactoryNS] which is  required  with value[com.topcoder.db.connectionfactory.DBConnectionFactoryImpl] from namespace [com.topcoder.management.project.persistence.link.ProjectLinkManagerImpl].
Read propery[ConnectionName] which is  optional  with value[informix_connection] from namespace [com.topcoder.management.project.persistence.link.ProjectLinkManagerImpl].
read property ConnectionFactoryNS[com.topcoder.db.connectionfactory.DBConnectionFactoryImpl] from the namespace :com.topcoder.management.scorecard.persistence.InformixScorecardPersistence
read property ConnectionName[informix_connection] from the namespace :com.topcoder.management.scorecard.persistence.InformixScorecardPersistence
Instantiate SqlUploadPersistence with connectionFactory and connectioName:informix_connection
Instantiate PersistenceUploadManager with UploadPersistence, uploadSearchBundle, submissionSearchBundle, uploadIdGenerator, uploadTypeIdGenerator, uploadStatusIdGenerator, submissionIDGenerator, submissionStatusIdGenerator and submissionTypeIdGenerator.
Instantiate AbstractResourcePersistence with connectionFactory and connectionName[informix_connection].
load Resource role with ids:[J@8e29e3,[J@8e29e3,[J@8e29e3,[J@8e29e3,[J@8e29e3,[J@8e29e3,[J@8e29e3,[J@8e29e3,[J@8e29e3,[J@8e29e3,[J@8e29e3,[J@8e29e3,[J@8e29e3,[J@8e29e3,[J@8e29e3,[J@8e29e3,[J@8e29e3,[J@8e29e3,[J@8e29e3,[J@8e29e3,[J@8e29e3,[J@8e29e3
operator: UnknownresourceId: Unknown - creating db connection using connection name: informix_connection
committing transaction
load Resource with ids:[J@1a8184
operator: UnknownresourceId: Unknown - creating db connection using connection name: informix_connection
load ResourceRole with id:10
operator: UnknownresourceId: Unknown - creating db connection using connection name: informix_connection
committing transaction
committing transaction
load Resource with ids:[J@1d40be7
operator: UnknownresourceId: Unknown - creating db connection using connection name: informix_connection
load ResourceRole with id:10
operator: UnknownresourceId: Unknown - creating db connection using connection name: informix_connection
committing transaction
committing transaction
get projects with the ids: 1
operator: UnknownprojectId: Unknown - creating db connection using connection name: informix_connection
committing transaction
operator: 1001projectId: 1 - updating project: {Requires Other Fixes=true, Project Name=Online Review Phases, Project Version=1.2, Send Winner Emails=true, Post-Mortem Required=true}
operator: UnknownprojectId: Unknown - creating db connection using connection name: informix_connection
operator: 1001projectId: 1 - update project with projectId:1
operator: 1001projectId: 1 - update project, update project_info with projectId:1
operator: 1001projectId: 1 - insert record into project_info with project id1
operator: 1001projectId: 1 - generate new id for the project audit.
insert record into project_audit with projectId:1
operator: 1001projectId: 1 - execute sql:SELECT modify_date FROM project WHERE project_id=?
committing transaction
load Notifications with array of userIds/projectIds/notificationTypes.
operator: UnknownresourceId: Unknown - creating db connection using connection name: informix_connection
committing transaction
get projects with the ids: 1
operator: UnknownprojectId: Unknown - creating db connection using connection name: informix_connection
committing transaction
load Resource role with ids:[J@1dcdfc0,[J@1dcdfc0,[J@1dcdfc0,[J@1dcdfc0,[J@1dcdfc0,[J@1dcdfc0,[J@1dcdfc0,[J@1dcdfc0,[J@1dcdfc0,[J@1dcdfc0,[J@1dcdfc0,[J@1dcdfc0,[J@1dcdfc0,[J@1dcdfc0,[J@1dcdfc0,[J@1dcdfc0,[J@1dcdfc0,[J@1dcdfc0,[J@1dcdfc0,[J@1dcdfc0,[J@1dcdfc0,[J@1dcdfc0
operator: UnknownresourceId: Unknown - creating db connection using connection name: informix_connection
committing transaction
load Resource with ids:[J@1169a7f
operator: UnknownresourceId: Unknown - creating db connection using connection name: informix_connection
load ResourceRole with id:4
operator: UnknownresourceId: Unknown - creating db connection using connection name: informix_connection
committing transaction
committing transaction
load Resource with ids:[J@18faef1
operator: UnknownresourceId: Unknown - creating db connection using connection name: informix_connection
load ResourceRole with id:12
operator: UnknownresourceId: Unknown - creating db connection using connection name: informix_connection
committing transaction
committing transaction
load Resource with ids:[J@1c29805
operator: UnknownresourceId: Unknown - creating db connection using connection name: informix_connection
load ResourceRole with id:13
operator: UnknownresourceId: Unknown - creating db connection using connection name: informix_connection
committing transaction
committing transaction
load Resource with ids:[J@17a08b2,[J@17a08b2
operator: UnknownresourceId: Unknown - creating db connection using connection name: informix_connection
load ResourceRole with id:9
operator: UnknownresourceId: Unknown - creating db connection using connection name: informix_connection
committing transaction
load ResourceRole with id:9
operator: UnknownresourceId: Unknown - creating db connection using connection name: informix_connection
committing transaction
committing transaction
load Resource with ids:[J@18c9430
operator: UnknownresourceId: Unknown - creating db connection using connection name: informix_connection
load ResourceRole with id:10
operator: UnknownresourceId: Unknown - creating db connection using connection name: informix_connection
committing transaction
committing transaction
operator: UnknownresourceId: 100001 - load resource.
operator: UnknownresourceId: Unknown - creating db connection using connection name: informix_connection
load ResourceRole with id:4
operator: UnknownresourceId: Unknown - creating db connection using connection name: informix_connection
committing transaction
committing transaction
operator: UnknownresourceId: 100002 - load resource.
operator: UnknownresourceId: Unknown - creating db connection using connection name: informix_connection
load ResourceRole with id:12
operator: UnknownresourceId: Unknown - creating db connection using connection name: informix_connection
committing transaction
committing transaction
load Resource with ids:[J@e47f69
operator: UnknownresourceId: Unknown - creating db connection using connection name: informix_connection
load ResourceRole with id:10
operator: UnknownresourceId: Unknown - creating db connection using connection name: informix_connection
committing transaction
committing transaction
load Resource with ids:[J@19364cd
operator: UnknownresourceId: Unknown - creating db connection using connection name: informix_connection
load ResourceRole with id:10
operator: UnknownresourceId: Unknown - creating db connection using connection name: informix_connection
committing transaction
committing transaction
get projects with the ids: 1
operator: UnknownprojectId: Unknown - creating db connection using connection name: informix_connection
committing transaction
operator: 1001projectId: 1 - updating project: {Requires Other Fixes=true, Project Name=Online Review Phases, Project Version=1.2, Send Winner Emails=true, Post-Mortem Required=true}
operator: UnknownprojectId: Unknown - creating db connection using connection name: informix_connection
operator: 1001projectId: 1 - update project with projectId:1
operator: 1001projectId: 1 - update project, update project_info with projectId:1
operator: 1001projectId: 1 - insert record into project_info with project id1
operator: 1001projectId: 1 - generate new id for the project audit.
insert record into project_audit with projectId:1
operator: 1001projectId: 1 - execute sql:SELECT modify_date FROM project WHERE project_id=?
committing transaction
load Notifications with array of userIds/projectIds/notificationTypes.
operator: UnknownresourceId: Unknown - creating db connection using connection name: informix_connection
committing transaction
get projects with the ids: 1
operator: UnknownprojectId: Unknown - creating db connection using connection name: informix_connection
committing transaction
load Resource role with ids:[J@3a4809,[J@3a4809,[J@3a4809,[J@3a4809,[J@3a4809,[J@3a4809,[J@3a4809,[J@3a4809,[J@3a4809,[J@3a4809,[J@3a4809,[J@3a4809,[J@3a4809,[J@3a4809,[J@3a4809,[J@3a4809,[J@3a4809,[J@3a4809,[J@3a4809,[J@3a4809,[J@3a4809,[J@3a4809
operator: UnknownresourceId: Unknown - creating db connection using connection name: informix_connection
committing transaction
load Resource with ids:[J@166468
operator: UnknownresourceId: Unknown - creating db connection using connection name: informix_connection
load ResourceRole with id:4
operator: UnknownresourceId: Unknown - creating db connection using connection name: informix_connection
committing transaction
committing transaction
load Resource with ids:[J@51a316
operator: UnknownresourceId: Unknown - creating db connection using connection name: informix_connection
load ResourceRole with id:12
operator: UnknownresourceId: Unknown - creating db connection using connection name: informix_connection
committing transaction
committing transaction
load Resource with ids:[J@d5f4e0
operator: UnknownresourceId: Unknown - creating db connection using connection name: informix_connection
load ResourceRole with id:13
operator: UnknownresourceId: Unknown - creating db connection using connection name: informix_connection
committing transaction
committing transaction
load Resource with ids:[J@12ea54,[J@12ea54
operator: UnknownresourceId: Unknown - creating db connection using connection name: informix_connection
load ResourceRole with id:9
operator: UnknownresourceId: Unknown - creating db connection using connection name: informix_connection
committing transaction
load ResourceRole with id:9
operator: UnknownresourceId: Unknown - creating db connection using connection name: informix_connection
committing transaction
committing transaction
load Resource with ids:[J@f4d97b
operator: UnknownresourceId: Unknown - creating db connection using connection name: informix_connection
load ResourceRole with id:10
operator: UnknownresourceId: Unknown - creating db connection using connection name: informix_connection
committing transaction
committing transaction
operator: UnknownresourceId: 100001 - load resource.
operator: UnknownresourceId: Unknown - creating db connection using connection name: informix_connection
load ResourceRole with id:4
operator: UnknownresourceId: Unknown - creating db connection using connection name: informix_connection
committing transaction
committing transaction
operator: UnknownresourceId: 100002 - load resource.
operator: UnknownresourceId: Unknown - creating db connection using connection name: informix_connection
load ResourceRole with id:12
operator: UnknownresourceId: Unknown - creating db connection using connection name: informix_connection
committing transaction
committing transaction
load Resource with ids:[J@a1e0a5
operator: UnknownresourceId: Unknown - creating db connection using connection name: informix_connection
load ResourceRole with id:10
operator: UnknownresourceId: Unknown - creating db connection using connection name: informix_connection
committing transaction
committing transaction
load Resource with ids:[J@64f610
operator: UnknownresourceId: Unknown - creating db connection using connection name: informix_connection
load ResourceRole with id:10
operator: UnknownresourceId: Unknown - creating db connection using connection name: informix_connection
committing transaction
committing transaction
get projects with the ids: 1
operator: UnknownprojectId: Unknown - creating db connection using connection name: informix_connection
committing transaction
operator: 1001projectId: 1 - updating project: {Requires Other Fixes=true, Project Name=Online Review Phases, Project Version=1.2, Send Winner Emails=true, Post-Mortem Required=true}
operator: UnknownprojectId: Unknown - creating db connection using connection name: informix_connection
operator: 1001projectId: 1 - update project with projectId:1
operator: 1001projectId: 1 - update project, update project_info with projectId:1
operator: 1001projectId: 1 - insert record into project_info with project id1
operator: 1001projectId: 1 - generate new id for the project audit.
insert record into project_audit with projectId:1
operator: 1001projectId: 1 - execute sql:SELECT modify_date FROM project WHERE project_id=?
committing transaction
load Notifications with array of userIds/projectIds/notificationTypes.
operator: UnknownresourceId: Unknown - creating db connection using connection name: informix_connection
committing transaction
get projects with the ids: 1
operator: UnknownprojectId: Unknown - creating db connection using connection name: informix_connection
committing transaction
load Resource role with ids:[J@8dec3c,[J@8dec3c,[J@8dec3c,[J@8dec3c,[J@8dec3c,[J@8dec3c,[J@8dec3c,[J@8dec3c,[J@8dec3c,[J@8dec3c,[J@8dec3c,[J@8dec3c,[J@8dec3c,[J@8dec3c,[J@8dec3c,[J@8dec3c,[J@8dec3c,[J@8dec3c,[J@8dec3c,[J@8dec3c,[J@8dec3c,[J@8dec3c
operator: UnknownresourceId: Unknown - creating db connection using connection name: informix_connection
committing transaction
load Resource with ids:[J@adaf4b
operator: UnknownresourceId: Unknown - creating db connection using connection name: informix_connection
load ResourceRole with id:4
operator: UnknownresourceId: Unknown - creating db connection using connection name: informix_connection
committing transaction
committing transaction
load Resource with ids:[J@1ecd7b5
operator: UnknownresourceId: Unknown - creating db connection using connection name: informix_connection
load ResourceRole with id:12
operator: UnknownresourceId: Unknown - creating db connection using connection name: informix_connection
committing transaction
committing transaction
load Resource with ids:[J@790ec1
operator: UnknownresourceId: Unknown - creating db connection using connection name: informix_connection
load ResourceRole with id:13
operator: UnknownresourceId: Unknown - creating db connection using connection name: informix_connection
committing transaction
committing transaction
load Resource with ids:[J@840185,[J@840185
operator: UnknownresourceId: Unknown - creating db connection using connection name: informix_connection
load ResourceRole with id:9
operator: UnknownresourceId: Unknown - creating db connection using connection name: informix_connection
committing transaction
load ResourceRole with id:9
operator: UnknownresourceId: Unknown - creating db connection using connection name: informix_connection
committing transaction
committing transaction
load Resource with ids:[J@11275e8
operator: UnknownresourceId: Unknown - creating db connection using connection name: informix_connection
load ResourceRole with id:10
operator: UnknownresourceId: Unknown - creating db connection using connection name: informix_connection
committing transaction
committing transaction
operator: UnknownresourceId: 100001 - load resource.
operator: UnknownresourceId: Unknown - creating db connection using connection name: informix_connection
load ResourceRole with id:4
operator: UnknownresourceId: Unknown - creating db connection using connection name: informix_connection
committing transaction
committing transaction
operator: UnknownresourceId: 100002 - load resource.
operator: UnknownresourceId: Unknown - creating db connection using connection name: informix_connection
load ResourceRole with id:12
operator: UnknownresourceId: Unknown - creating db connection using connection name: informix_connection
committing transaction
committing transaction
load Resource with ids:[J@23f91f
operator: UnknownresourceId: Unknown - creating db connection using connection name: informix_connection
load ResourceRole with id:10
operator: UnknownresourceId: Unknown - creating db connection using connection name: informix_connection
committing transaction
committing transaction
load Resource with ids:[J@181ff7f
operator: UnknownresourceId: Unknown - creating db connection using connection name: informix_connection
load ResourceRole with id:10
operator: UnknownresourceId: Unknown - creating db connection using connection name: informix_connection
committing transaction
committing transaction
get projects with the ids: 1
operator: UnknownprojectId: Unknown - creating db connection using connection name: informix_connection
committing transaction
operator: 1001projectId: 1 - updating project: {Requires Other Fixes=true, Project Name=Online Review Phases, Project Version=1.2, Send Winner Emails=true, Post-Mortem Required=true}
operator: UnknownprojectId: Unknown - creating db connection using connection name: informix_connection
operator: 1001projectId: 1 - update project with projectId:1
operator: 1001projectId: 1 - update project, update project_info with projectId:1
operator: 1001projectId: 1 - insert record into project_info with project id1
operator: 1001projectId: 1 - generate new id for the project audit.
insert record into project_audit with projectId:1
operator: 1001projectId: 1 - execute sql:SELECT modify_date FROM project WHERE project_id=?
committing transaction
load Notifications with array of userIds/projectIds/notificationTypes.
operator: UnknownresourceId: Unknown - creating db connection using connection name: informix_connection
committing transaction
get projects with the ids: 1
operator: UnknownprojectId: Unknown - creating db connection using connection name: informix_connection
committing transaction
load Resource role with ids:[J@1e8f4f7,[J@1e8f4f7,[J@1e8f4f7,[J@1e8f4f7,[J@1e8f4f7,[J@1e8f4f7,[J@1e8f4f7,[J@1e8f4f7,[J@1e8f4f7,[J@1e8f4f7,[J@1e8f4f7,[J@1e8f4f7,[J@1e8f4f7,[J@1e8f4f7,[J@1e8f4f7,[J@1e8f4f7,[J@1e8f4f7,[J@1e8f4f7,[J@1e8f4f7,[J@1e8f4f7,[J@1e8f4f7,[J@1e8f4f7
operator: UnknownresourceId: Unknown - creating db connection using connection name: informix_connection
committing transaction
load Resource with ids:[J@e7809c
operator: UnknownresourceId: Unknown - creating db connection using connection name: informix_connection
load ResourceRole with id:4
operator: UnknownresourceId: Unknown - creating db connection using connection name: informix_connection
committing transaction
committing transaction
load Resource with ids:[J@173d4ac
operator: UnknownresourceId: Unknown - creating db connection using connection name: informix_connection
load ResourceRole with id:12
operator: UnknownresourceId: Unknown - creating db connection using connection name: informix_connection
committing transaction
committing transaction
load Resource with ids:[J@719612
operator: UnknownresourceId: Unknown - creating db connection using connection name: informix_connection
load ResourceRole with id:13
operator: UnknownresourceId: Unknown - creating db connection using connection name: informix_connection
committing transaction
committing transaction
load Resource with ids:[J@1de4e8f,[J@1de4e8f
operator: UnknownresourceId: Unknown - creating db connection using connection name: informix_connection
load ResourceRole with id:9
operator: UnknownresourceId: Unknown - creating db connection using connection name: informix_connection
committing transaction
load ResourceRole with id:9
operator: UnknownresourceId: Unknown - creating db connection using connection name: informix_connection
committing transaction
committing transaction
load Resource with ids:[J@f0b6ad
operator: UnknownresourceId: Unknown - creating db connection using connection name: informix_connection
load ResourceRole with id:10
operator: UnknownresourceId: Unknown - creating db connection using connection name: informix_connection
committing transaction
committing transaction
operator: UnknownresourceId: 100001 - load resource.
operator: UnknownresourceId: Unknown - creating db connection using connection name: informix_connection
load ResourceRole with id:4
operator: UnknownresourceId: Unknown - creating db connection using connection name: informix_connection
committing transaction
committing transaction
operator: UnknownresourceId: 100002 - load resource.
operator: UnknownresourceId: Unknown - creating db connection using connection name: informix_connection
load ResourceRole with id:12
operator: UnknownresourceId: Unknown - creating db connection using connection name: informix_connection
committing transaction
committing transaction
load Resource with ids:[J@73591c
operator: UnknownresourceId: Unknown - creating db connection using connection name: informix_connection
load ResourceRole with id:10
operator: UnknownresourceId: Unknown - creating db connection using connection name: informix_connection
committing transaction
committing transaction
load Resource with ids:[J@1037646
operator: UnknownresourceId: Unknown - creating db connection using connection name: informix_connection
load ResourceRole with id:10
operator: UnknownresourceId: Unknown - creating db connection using connection name: informix_connection
committing transaction
committing transaction
get projects with the ids: 1
operator: UnknownprojectId: Unknown - creating db connection using connection name: informix_connection
committing transaction
operator: 1001projectId: 1 - updating project: {Requires Other Fixes=true, Project Name=Online Review Phases, Project Version=1.2, Send Winner Emails=true, Post-Mortem Required=true}
operator: UnknownprojectId: Unknown - creating db connection using connection name: informix_connection
operator: 1001projectId: 1 - update project with projectId:1
operator: 1001projectId: 1 - update project, update project_info with projectId:1
operator: 1001projectId: 1 - insert record into project_info with project id1
operator: 1001projectId: 1 - generate new id for the project audit.
insert record into project_audit with projectId:1
operator: 1001projectId: 1 - execute sql:SELECT modify_date FROM project WHERE project_id=?
committing transaction
load Notifications with array of userIds/projectIds/notificationTypes.
operator: UnknownresourceId: Unknown - creating db connection using connection name: informix_connection
committing transaction
get projects with the ids: 1
operator: UnknownprojectId: Unknown - creating db connection using connection name: informix_connection
committing transaction
load Resource role with ids:[J@1da022e,[J@1da022e,[J@1da022e,[J@1da022e,[J@1da022e,[J@1da022e,[J@1da022e,[J@1da022e,[J@1da022e,[J@1da022e,[J@1da022e,[J@1da022e,[J@1da022e,[J@1da022e,[J@1da022e,[J@1da022e,[J@1da022e,[J@1da022e,[J@1da022e,[J@1da022e,[J@1da022e,[J@1da022e
operator: UnknownresourceId: Unknown - creating db connection using connection name: informix_connection
committing transaction
load Resource with ids:[J@181930b
operator: UnknownresourceId: Unknown - creating db connection using connection name: informix_connection
load ResourceRole with id:4
operator: UnknownresourceId: Unknown - creating db connection using connection name: informix_connection
committing transaction
committing transaction
load Resource with ids:[J@67c664
operator: UnknownresourceId: Unknown - creating db connection using connection name: informix_connection
load ResourceRole with id:12
operator: UnknownresourceId: Unknown - creating db connection using connection name: informix_connection
committing transaction
committing transaction
load Resource with ids:[J@11f5a20
operator: UnknownresourceId: Unknown - creating db connection using connection name: informix_connection
load ResourceRole with id:13
operator: UnknownresourceId: Unknown - creating db connection using connection name: informix_connection
committing transaction
committing transaction
load Resource with ids:[J@1b186cb,[J@1b186cb
operator: UnknownresourceId: Unknown - creating db connection using connection name: informix_connection
load ResourceRole with id:9
operator: UnknownresourceId: Unknown - creating db connection using connection name: informix_connection
committing transaction
load ResourceRole with id:9
operator: UnknownresourceId: Unknown - creating db connection using connection name: informix_connection
committing transaction
committing transaction
load Resource with ids:[J@c72790
operator: UnknownresourceId: Unknown - creating db connection using connection name: informix_connection
load ResourceRole with id:10
operator: UnknownresourceId: Unknown - creating db connection using connection name: informix_connection
committing transaction
committing transaction
operator: UnknownresourceId: 100001 - load resource.
operator: UnknownresourceId: Unknown - creating db connection using connection name: informix_connection
load ResourceRole with id:4
operator: UnknownresourceId: Unknown - creating db connection using connection name: informix_connection
committing transaction
committing transaction
operator: UnknownresourceId: 100002 - load resource.
operator: UnknownresourceId: Unknown - creating db connection using connection name: informix_connection
load ResourceRole with id:12
operator: UnknownresourceId: Unknown - creating db connection using connection name: informix_connection
committing transaction
committing transaction
Read propery[ConnectionFactoryNS] which is  required  with value[com.topcoder.db.connectionfactory.DBConnectionFactoryImpl] from namespace [com.topcoder.management.project.persistence.InformixProjectPersistence].
Read propery[ConnectionName] which is  optional  with value[informix_connection] from namespace [com.topcoder.management.project.persistence.InformixProjectPersistence].
Read propery[ProjectIdSequenceName] which is  optional  with value[project_id_seq] from namespace [com.topcoder.management.project.persistence.InformixProjectPersistence].
Read propery[ProjectAuditIdSequenceName] which is  optional  with value[project_audit_id_seq] from namespace [com.topcoder.management.project.persistence.InformixProjectPersistence].
Read propery[ConnectionFactoryNS] which is  required  with value[com.topcoder.db.connectionfactory.DBConnectionFactoryImpl] from namespace [com.topcoder.management.project.persistence.link.ProjectLinkManagerImpl].
Read propery[ConnectionName] which is  optional  with value[informix_connection] from namespace [com.topcoder.management.project.persistence.link.ProjectLinkManagerImpl].
read property ConnectionFactoryNS[com.topcoder.db.connectionfactory.DBConnectionFactoryImpl] from the namespace :com.topcoder.management.scorecard.persistence.InformixScorecardPersistence
read property ConnectionName[informix_connection] from the namespace :com.topcoder.management.scorecard.persistence.InformixScorecardPersistence
Instantiate SqlUploadPersistence with connectionFactory and connectioName:informix_connection
Instantiate PersistenceUploadManager with UploadPersistence, uploadSearchBundle, submissionSearchBundle, uploadIdGenerator, uploadTypeIdGenerator, uploadStatusIdGenerator, submissionIDGenerator, submissionStatusIdGenerator and submissionTypeIdGenerator.
Instantiate AbstractResourcePersistence with connectionFactory and connectionName[informix_connection].
load Resource role with ids:[J@bbca6,[J@bbca6,[J@bbca6,[J@bbca6,[J@bbca6,[J@bbca6,[J@bbca6,[J@bbca6,[J@bbca6,[J@bbca6,[J@bbca6,[J@bbca6,[J@bbca6,[J@bbca6,[J@bbca6,[J@bbca6,[J@bbca6,[J@bbca6,[J@bbca6,[J@bbca6,[J@bbca6,[J@bbca6
operator: UnknownresourceId: Unknown - creating db connection using connection name: informix_connection
committing transaction
load Resource with ids:[J@23c9c2
operator: UnknownresourceId: Unknown - creating db connection using connection name: informix_connection
load ResourceRole with id:10
operator: UnknownresourceId: Unknown - creating db connection using connection name: informix_connection
committing transaction
committing transaction
load Notifications with array of userIds/projectIds/notificationTypes.
operator: UnknownresourceId: Unknown - creating db connection using connection name: informix_connection
committing transaction
get projects with the ids: 1
operator: UnknownprojectId: Unknown - creating db connection using connection name: informix_connection
committing transaction
load Resource role with ids:[J@1184d18,[J@1184d18,[J@1184d18,[J@1184d18,[J@1184d18,[J@1184d18,[J@1184d18,[J@1184d18,[J@1184d18,[J@1184d18,[J@1184d18,[J@1184d18,[J@1184d18,[J@1184d18,[J@1184d18,[J@1184d18,[J@1184d18,[J@1184d18,[J@1184d18,[J@1184d18,[J@1184d18,[J@1184d18
operator: UnknownresourceId: Unknown - creating db connection using connection name: informix_connection
committing transaction
load Resource with ids:[J@1b3807d
operator: UnknownresourceId: Unknown - creating db connection using connection name: informix_connection
load ResourceRole with id:4
operator: UnknownresourceId: Unknown - creating db connection using connection name: informix_connection
committing transaction
committing transaction
load Resource with ids:[J@1bdf33c
operator: UnknownresourceId: Unknown - creating db connection using connection name: informix_connection
load ResourceRole with id:12
operator: UnknownresourceId: Unknown - creating db connection using connection name: informix_connection
committing transaction
committing transaction
load Resource with ids:[J@1966717
operator: UnknownresourceId: Unknown - creating db connection using connection name: informix_connection
load ResourceRole with id:13
operator: UnknownresourceId: Unknown - creating db connection using connection name: informix_connection
committing transaction
committing transaction
load Resource with ids:[J@9d7a2e
operator: UnknownresourceId: Unknown - creating db connection using connection name: informix_connection
load ResourceRole with id:9
operator: UnknownresourceId: Unknown - creating db connection using connection name: informix_connection
committing transaction
committing transaction
load Resource with ids:[J@152d3fe
operator: UnknownresourceId: Unknown - creating db connection using connection name: informix_connection
load ResourceRole with id:10
operator: UnknownresourceId: Unknown - creating db connection using connection name: informix_connection
committing transaction
committing transaction
operator: UnknownresourceId: 100001 - load resource.
operator: UnknownresourceId: Unknown - creating db connection using connection name: informix_connection
load ResourceRole with id:4
operator: UnknownresourceId: Unknown - creating db connection using connection name: informix_connection
committing transaction
committing transaction
operator: UnknownresourceId: 100002 - load resource.
operator: UnknownresourceId: Unknown - creating db connection using connection name: informix_connection
load ResourceRole with id:12
operator: UnknownresourceId: Unknown - creating db connection using connection name: informix_connection
committing transaction
committing transaction
load Resource with ids:[J@897fe9
operator: UnknownresourceId: Unknown - creating db connection using connection name: informix_connection
load ResourceRole with id:10
operator: UnknownresourceId: Unknown - creating db connection using connection name: informix_connection
committing transaction
committing transaction
load Notifications with array of userIds/projectIds/notificationTypes.
operator: UnknownresourceId: Unknown - creating db connection using connection name: informix_connection
committing transaction
get projects with the ids: 1
operator: UnknownprojectId: Unknown - creating db connection using connection name: informix_connection
committing transaction
load Resource role with ids:[J@17b130c,[J@17b130c,[J@17b130c,[J@17b130c,[J@17b130c,[J@17b130c,[J@17b130c,[J@17b130c,[J@17b130c,[J@17b130c,[J@17b130c,[J@17b130c,[J@17b130c,[J@17b130c,[J@17b130c,[J@17b130c,[J@17b130c,[J@17b130c,[J@17b130c,[J@17b130c,[J@17b130c,[J@17b130c
operator: UnknownresourceId: Unknown - creating db connection using connection name: informix_connection
committing transaction
load Resource with ids:[J@b6c8ee
operator: UnknownresourceId: Unknown - creating db connection using connection name: informix_connection
load ResourceRole with id:4
operator: UnknownresourceId: Unknown - creating db connection using connection name: informix_connection
committing transaction
committing transaction
load Resource with ids:[J@7a06b6
operator: UnknownresourceId: Unknown - creating db connection using connection name: informix_connection
load ResourceRole with id:12
operator: UnknownresourceId: Unknown - creating db connection using connection name: informix_connection
committing transaction
committing transaction
load Resource with ids:[J@fdf656
operator: UnknownresourceId: Unknown - creating db connection using connection name: informix_connection
load ResourceRole with id:13
operator: UnknownresourceId: Unknown - creating db connection using connection name: informix_connection
committing transaction
committing transaction
load Resource with ids:[J@1ffa818
operator: UnknownresourceId: Unknown - creating db connection using connection name: informix_connection
load ResourceRole with id:9
operator: UnknownresourceId: Unknown - creating db connection using connection name: informix_connection
committing transaction
committing transaction
load Resource with ids:[J@1195f55
operator: UnknownresourceId: Unknown - creating db connection using connection name: informix_connection
load ResourceRole with id:10
operator: UnknownresourceId: Unknown - creating db connection using connection name: informix_connection
committing transaction
committing transaction
operator: UnknownresourceId: 100001 - load resource.
operator: UnknownresourceId: Unknown - creating db connection using connection name: informix_connection
load ResourceRole with id:4
operator: UnknownresourceId: Unknown - creating db connection using connection name: informix_connection
committing transaction
committing transaction
operator: UnknownresourceId: 100002 - load resource.
operator: UnknownresourceId: Unknown - creating db connection using connection name: informix_connection
load ResourceRole with id:12
operator: UnknownresourceId: Unknown - creating db connection using connection name: informix_connection
committing transaction
committing transaction
load Resource with ids:[J@1494470
operator: UnknownresourceId: Unknown - creating db connection using connection name: informix_connection
load ResourceRole with id:10
operator: UnknownresourceId: Unknown - creating db connection using connection name: informix_connection
committing transaction
committing transaction
load Notifications with array of userIds/projectIds/notificationTypes.
operator: UnknownresourceId: Unknown - creating db connection using connection name: informix_connection
committing transaction
get projects with the ids: 1
operator: UnknownprojectId: Unknown - creating db connection using connection name: informix_connection
committing transaction
load Resource role with ids:[J@657f65,[J@657f65,[J@657f65,[J@657f65,[J@657f65,[J@657f65,[J@657f65,[J@657f65,[J@657f65,[J@657f65,[J@657f65,[J@657f65,[J@657f65,[J@657f65,[J@657f65,[J@657f65,[J@657f65,[J@657f65,[J@657f65,[J@657f65,[J@657f65,[J@657f65
operator: UnknownresourceId: Unknown - creating db connection using connection name: informix_connection
committing transaction
load Resource with ids:[J@56c476
operator: UnknownresourceId: Unknown - creating db connection using connection name: informix_connection
load ResourceRole with id:4
operator: UnknownresourceId: Unknown - creating db connection using connection name: informix_connection
committing transaction
committing transaction
load Resource with ids:[J@f5f812
operator: UnknownresourceId: Unknown - creating db connection using connection name: informix_connection
load ResourceRole with id:12
operator: UnknownresourceId: Unknown - creating db connection using connection name: informix_connection
committing transaction
committing transaction
load Resource with ids:[J@166de77
operator: UnknownresourceId: Unknown - creating db connection using connection name: informix_connection
load ResourceRole with id:13
operator: UnknownresourceId: Unknown - creating db connection using connection name: informix_connection
committing transaction
committing transaction
load Resource with ids:[J@112d62b
operator: UnknownresourceId: Unknown - creating db connection using connection name: informix_connection
load ResourceRole with id:9
operator: UnknownresourceId: Unknown - creating db connection using connection name: informix_connection
committing transaction
committing transaction
load Resource with ids:[J@14df827
operator: UnknownresourceId: Unknown - creating db connection using connection name: informix_connection
load ResourceRole with id:10
operator: UnknownresourceId: Unknown - creating db connection using connection name: informix_connection
committing transaction
committing transaction
operator: UnknownresourceId: 100001 - load resource.
operator: UnknownresourceId: Unknown - creating db connection using connection name: informix_connection
load ResourceRole with id:4
operator: UnknownresourceId: Unknown - creating db connection using connection name: informix_connection
committing transaction
committing transaction
operator: UnknownresourceId: 100002 - load resource.
operator: UnknownresourceId: Unknown - creating db connection using connection name: informix_connection
load ResourceRole with id:12
operator: UnknownresourceId: Unknown - creating db connection using connection name: informix_connection
committing transaction
committing transaction
load Resource with ids:[J@f5ec40
operator: UnknownresourceId: Unknown - creating db connection using connection name: informix_connection
load ResourceRole with id:10
operator: UnknownresourceId: Unknown - creating db connection using connection name: informix_connection
committing transaction
committing transaction
load Notifications with array of userIds/projectIds/notificationTypes.
operator: UnknownresourceId: Unknown - creating db connection using connection name: informix_connection
committing transaction
get projects with the ids: 1
operator: UnknownprojectId: Unknown - creating db connection using connection name: informix_connection
committing transaction
load Resource role with ids:[J@16310a2,[J@16310a2,[J@16310a2,[J@16310a2,[J@16310a2,[J@16310a2,[J@16310a2,[J@16310a2,[J@16310a2,[J@16310a2,[J@16310a2,[J@16310a2,[J@16310a2,[J@16310a2,[J@16310a2,[J@16310a2,[J@16310a2,[J@16310a2,[J@16310a2,[J@16310a2,[J@16310a2,[J@16310a2
operator: UnknownresourceId: Unknown - creating db connection using connection name: informix_connection
committing transaction
load Resource with ids:[J@1857d5e
operator: UnknownresourceId: Unknown - creating db connection using connection name: informix_connection
load ResourceRole with id:4
operator: UnknownresourceId: Unknown - creating db connection using connection name: informix_connection
committing transaction
committing transaction
load Resource with ids:[J@30799b
operator: UnknownresourceId: Unknown - creating db connection using connection name: informix_connection
load ResourceRole with id:12
operator: UnknownresourceId: Unknown - creating db connection using connection name: informix_connection
committing transaction
committing transaction
load Resource with ids:[J@1c8db44
operator: UnknownresourceId: Unknown - creating db connection using connection name: informix_connection
load ResourceRole with id:13
operator: UnknownresourceId: Unknown - creating db connection using connection name: informix_connection
committing transaction
committing transaction
load Resource with ids:[J@b5175d
operator: UnknownresourceId: Unknown - creating db connection using connection name: informix_connection
load ResourceRole with id:9
operator: UnknownresourceId: Unknown - creating db connection using connection name: informix_connection
committing transaction
committing transaction
load Resource with ids:[J@1e8fc7
operator: UnknownresourceId: Unknown - creating db connection using connection name: informix_connection
load ResourceRole with id:10
operator: UnknownresourceId: Unknown - creating db connection using connection name: informix_connection
committing transaction
committing transaction
operator: UnknownresourceId: 100001 - load resource.
operator: UnknownresourceId: Unknown - creating db connection using connection name: informix_connection
load ResourceRole with id:4
operator: UnknownresourceId: Unknown - creating db connection using connection name: informix_connection
committing transaction
committing transaction
operator: UnknownresourceId: 100002 - load resource.
operator: UnknownresourceId: Unknown - creating db connection using connection name: informix_connection
load ResourceRole with id:12
operator: UnknownresourceId: Unknown - creating db connection using connection name: informix_connection
committing transaction
committing transaction
load Resource with ids:[J@1640619
operator: UnknownresourceId: Unknown - creating db connection using connection name: informix_connection
load ResourceRole with id:10
operator: UnknownresourceId: Unknown - creating db connection using connection name: informix_connection
committing transaction
committing transaction
load Notifications with array of userIds/projectIds/notificationTypes.
operator: UnknownresourceId: Unknown - creating db connection using connection name: informix_connection
committing transaction
get projects with the ids: 1
operator: UnknownprojectId: Unknown - creating db connection using connection name: informix_connection
committing transaction
load Resource role with ids:[J@ce8cf1,[J@ce8cf1,[J@ce8cf1,[J@ce8cf1,[J@ce8cf1,[J@ce8cf1,[J@ce8cf1,[J@ce8cf1,[J@ce8cf1,[J@ce8cf1,[J@ce8cf1,[J@ce8cf1,[J@ce8cf1,[J@ce8cf1,[J@ce8cf1,[J@ce8cf1,[J@ce8cf1,[J@ce8cf1,[J@ce8cf1,[J@ce8cf1,[J@ce8cf1,[J@ce8cf1
operator: UnknownresourceId: Unknown - creating db connection using connection name: informix_connection
committing transaction
load Resource with ids:[J@1c0aa98
operator: UnknownresourceId: Unknown - creating db connection using connection name: informix_connection
load ResourceRole with id:4
operator: UnknownresourceId: Unknown - creating db connection using connection name: informix_connection
committing transaction
committing transaction
load Resource with ids:[J@ac81c5
operator: UnknownresourceId: Unknown - creating db connection using connection name: informix_connection
load ResourceRole with id:12
operator: UnknownresourceId: Unknown - creating db connection using connection name: informix_connection
committing transaction
committing transaction
load Resource with ids:[J@e0d250
operator: UnknownresourceId: Unknown - creating db connection using connection name: informix_connection
load ResourceRole with id:13
operator: UnknownresourceId: Unknown - creating db connection using connection name: informix_connection
committing transaction
committing transaction
load Resource with ids:[J@1bf6845
operator: UnknownresourceId: Unknown - creating db connection using connection name: informix_connection
load ResourceRole with id:9
operator: UnknownresourceId: Unknown - creating db connection using connection name: informix_connection
committing transaction
committing transaction
load Resource with ids:[J@1e70269
operator: UnknownresourceId: Unknown - creating db connection using connection name: informix_connection
load ResourceRole with id:10
operator: UnknownresourceId: Unknown - creating db connection using connection name: informix_connection
committing transaction
committing transaction
operator: UnknownresourceId: 100001 - load resource.
operator: UnknownresourceId: Unknown - creating db connection using connection name: informix_connection
load ResourceRole with id:4
operator: UnknownresourceId: Unknown - creating db connection using connection name: informix_connection
committing transaction
committing transaction
operator: UnknownresourceId: 100002 - load resource.
operator: UnknownresourceId: Unknown - creating db connection using connection name: informix_connection
load ResourceRole with id:12
operator: UnknownresourceId: Unknown - creating db connection using connection name: informix_connection
committing transaction
committing transaction
Read propery[ConnectionFactoryNS] which is  required  with value[com.topcoder.db.connectionfactory.DBConnectionFactoryImpl] from namespace [com.topcoder.management.project.persistence.InformixProjectPersistence].
Read propery[ConnectionName] which is  optional  with value[informix_connection] from namespace [com.topcoder.management.project.persistence.InformixProjectPersistence].
Read propery[ProjectIdSequenceName] which is  optional  with value[project_id_seq] from namespace [com.topcoder.management.project.persistence.InformixProjectPersistence].
Read propery[ProjectAuditIdSequenceName] which is  optional  with value[project_audit_id_seq] from namespace [com.topcoder.management.project.persistence.InformixProjectPersistence].
Read propery[ConnectionFactoryNS] which is  required  with value[com.topcoder.db.connectionfactory.DBConnectionFactoryImpl] from namespace [com.topcoder.management.project.persistence.link.ProjectLinkManagerImpl].
Read propery[ConnectionName] which is  optional  with value[informix_connection] from namespace [com.topcoder.management.project.persistence.link.ProjectLinkManagerImpl].
read property ConnectionFactoryNS[com.topcoder.db.connectionfactory.DBConnectionFactoryImpl] from the namespace :com.topcoder.management.scorecard.persistence.InformixScorecardPersistence
read property ConnectionName[informix_connection] from the namespace :com.topcoder.management.scorecard.persistence.InformixScorecardPersistence
Instantiate SqlUploadPersistence with connectionFactory and connectioName:informix_connection
Instantiate PersistenceUploadManager with UploadPersistence, uploadSearchBundle, submissionSearchBundle, uploadIdGenerator, uploadTypeIdGenerator, uploadStatusIdGenerator, submissionIDGenerator, submissionStatusIdGenerator and submissionTypeIdGenerator.
Instantiate AbstractResourcePersistence with connectionFactory and connectionName[informix_connection].
load Resource role with ids:[J@a465a3,[J@a465a3,[J@a465a3,[J@a465a3,[J@a465a3,[J@a465a3,[J@a465a3,[J@a465a3,[J@a465a3,[J@a465a3,[J@a465a3,[J@a465a3,[J@a465a3,[J@a465a3,[J@a465a3,[J@a465a3,[J@a465a3,[J@a465a3,[J@a465a3,[J@a465a3,[J@a465a3,[J@a465a3
operator: UnknownresourceId: Unknown - creating db connection using connection name: informix_connection
committing transaction
load Resource with ids:[J@1854278
operator: UnknownresourceId: Unknown - creating db connection using connection name: informix_connection
load ResourceRole with id:10
operator: UnknownresourceId: Unknown - creating db connection using connection name: informix_connection
committing transaction
committing transaction
load Resource with ids:[J@1fa1ec2
operator: UnknownresourceId: Unknown - creating db connection using connection name: informix_connection
load ResourceRole with id:10
operator: UnknownresourceId: Unknown - creating db connection using connection name: informix_connection
committing transaction
committing transaction
get projects with the ids: 1
operator: UnknownprojectId: Unknown - creating db connection using connection name: informix_connection
committing transaction
operator: 1001projectId: 1 - updating project: {Requires Other Fixes=true, Project Name=Online Review Phases, Project Version=1.2, Send Winner Emails=true, Post-Mortem Required=true}
operator: UnknownprojectId: Unknown - creating db connection using connection name: informix_connection
operator: 1001projectId: 1 - update project with projectId:1
operator: 1001projectId: 1 - update project, update project_info with projectId:1
operator: 1001projectId: 1 - insert record into project_info with project id1
operator: 1001projectId: 1 - generate new id for the project audit.
insert record into project_audit with projectId:1
operator: 1001projectId: 1 - execute sql:SELECT modify_date FROM project WHERE project_id=?
committing transaction
load Notifications with array of userIds/projectIds/notificationTypes.
operator: UnknownresourceId: Unknown - creating db connection using connection name: informix_connection
committing transaction
get projects with the ids: 1
operator: UnknownprojectId: Unknown - creating db connection using connection name: informix_connection
committing transaction
load Resource role with ids:[J@106431f,[J@106431f,[J@106431f,[J@106431f,[J@106431f,[J@106431f,[J@106431f,[J@106431f,[J@106431f,[J@106431f,[J@106431f,[J@106431f,[J@106431f,[J@106431f,[J@106431f,[J@106431f,[J@106431f,[J@106431f,[J@106431f,[J@106431f,[J@106431f,[J@106431f
operator: UnknownresourceId: Unknown - creating db connection using connection name: informix_connection
committing transaction
load Resource with ids:[J@1499742
operator: UnknownresourceId: Unknown - creating db connection using connection name: informix_connection
load ResourceRole with id:4
operator: UnknownresourceId: Unknown - creating db connection using connection name: informix_connection
committing transaction
committing transaction
load Resource with ids:[J@16aeeea
operator: UnknownresourceId: Unknown - creating db connection using connection name: informix_connection
load ResourceRole with id:12
operator: UnknownresourceId: Unknown - creating db connection using connection name: informix_connection
committing transaction
committing transaction
load Resource with ids:[J@1c0ab2b
operator: UnknownresourceId: Unknown - creating db connection using connection name: informix_connection
load ResourceRole with id:13
operator: UnknownresourceId: Unknown - creating db connection using connection name: informix_connection
committing transaction
committing transaction
load Resource with ids:[J@10e8871,[J@10e8871
operator: UnknownresourceId: Unknown - creating db connection using connection name: informix_connection
load ResourceRole with id:9
operator: UnknownresourceId: Unknown - creating db connection using connection name: informix_connection
committing transaction
load ResourceRole with id:9
operator: UnknownresourceId: Unknown - creating db connection using connection name: informix_connection
committing transaction
committing transaction
load Resource with ids:[J@ca6c00
operator: UnknownresourceId: Unknown - creating db connection using connection name: informix_connection
load ResourceRole with id:10
operator: UnknownresourceId: Unknown - creating db connection using connection name: informix_connection
committing transaction
committing transaction
operator: UnknownresourceId: 100001 - load resource.
operator: UnknownresourceId: Unknown - creating db connection using connection name: informix_connection
load ResourceRole with id:4
operator: UnknownresourceId: Unknown - creating db connection using connection name: informix_connection
committing transaction
committing transaction
operator: UnknownresourceId: 100002 - load resource.
operator: UnknownresourceId: Unknown - creating db connection using connection name: informix_connection
load ResourceRole with id:12
operator: UnknownresourceId: Unknown - creating db connection using connection name: informix_connection
committing transaction
committing transaction
load Resource with ids:[J@1e9be1d
operator: UnknownresourceId: Unknown - creating db connection using connection name: informix_connection
load ResourceRole with id:10
operator: UnknownresourceId: Unknown - creating db connection using connection name: informix_connection
committing transaction
committing transaction
load Resource with ids:[J@128d173
operator: UnknownresourceId: Unknown - creating db connection using connection name: informix_connection
load ResourceRole with id:10
operator: UnknownresourceId: Unknown - creating db connection using connection name: informix_connection
committing transaction
committing transaction
get projects with the ids: 1
operator: UnknownprojectId: Unknown - creating db connection using connection name: informix_connection
committing transaction
operator: 1001projectId: 1 - updating project: {Requires Other Fixes=true, Project Name=Online Review Phases, Project Version=1.2, Send Winner Emails=true, Post-Mortem Required=true}
operator: UnknownprojectId: Unknown - creating db connection using connection name: informix_connection
operator: 1001projectId: 1 - update project with projectId:1
operator: 1001projectId: 1 - update project, update project_info with projectId:1
operator: 1001projectId: 1 - insert record into project_info with project id1
operator: 1001projectId: 1 - generate new id for the project audit.
insert record into project_audit with projectId:1
operator: 1001projectId: 1 - execute sql:SELECT modify_date FROM project WHERE project_id=?
committing transaction
load Notifications with array of userIds/projectIds/notificationTypes.
operator: UnknownresourceId: Unknown - creating db connection using connection name: informix_connection
committing transaction
get projects with the ids: 1
operator: UnknownprojectId: Unknown - creating db connection using connection name: informix_connection
committing transaction
load Resource role with ids:[J@1c5957b,[J@1c5957b,[J@1c5957b,[J@1c5957b,[J@1c5957b,[J@1c5957b,[J@1c5957b,[J@1c5957b,[J@1c5957b,[J@1c5957b,[J@1c5957b,[J@1c5957b,[J@1c5957b,[J@1c5957b,[J@1c5957b,[J@1c5957b,[J@1c5957b,[J@1c5957b,[J@1c5957b,[J@1c5957b,[J@1c5957b,[J@1c5957b
operator: UnknownresourceId: Unknown - creating db connection using connection name: informix_connection
committing transaction
load Resource with ids:[J@13b58fc
operator: UnknownresourceId: Unknown - creating db connection using connection name: informix_connection
load ResourceRole with id:4
operator: UnknownresourceId: Unknown - creating db connection using connection name: informix_connection
committing transaction
committing transaction
load Resource with ids:[J@5fb7e4
operator: UnknownresourceId: Unknown - creating db connection using connection name: informix_connection
load ResourceRole with id:12
operator: UnknownresourceId: Unknown - creating db connection using connection name: informix_connection
committing transaction
committing transaction
load Resource with ids:[J@6d855c
operator: UnknownresourceId: Unknown - creating db connection using connection name: informix_connection
load ResourceRole with id:13
operator: UnknownresourceId: Unknown - creating db connection using connection name: informix_connection
committing transaction
committing transaction
load Resource with ids:[J@b77881,[J@b77881
operator: UnknownresourceId: Unknown - creating db connection using connection name: informix_connection
load ResourceRole with id:9
operator: UnknownresourceId: Unknown - creating db connection using connection name: informix_connection
committing transaction
load ResourceRole with id:9
operator: UnknownresourceId: Unknown - creating db connection using connection name: informix_connection
committing transaction
committing transaction
load Resource with ids:[J@d921a3
operator: UnknownresourceId: Unknown - creating db connection using connection name: informix_connection
load ResourceRole with id:10
operator: UnknownresourceId: Unknown - creating db connection using connection name: informix_connection
committing transaction
committing transaction
operator: UnknownresourceId: 100001 - load resource.
operator: UnknownresourceId: Unknown - creating db connection using connection name: informix_connection
load ResourceRole with id:4
operator: UnknownresourceId: Unknown - creating db connection using connection name: informix_connection
committing transaction
committing transaction
operator: UnknownresourceId: 100002 - load resource.
operator: UnknownresourceId: Unknown - creating db connection using connection name: informix_connection
load ResourceRole with id:12
operator: UnknownresourceId: Unknown - creating db connection using connection name: informix_connection
committing transaction
committing transaction
load Resource with ids:[J@3ea8a3
operator: UnknownresourceId: Unknown - creating db connection using connection name: informix_connection
load ResourceRole with id:10
operator: UnknownresourceId: Unknown - creating db connection using connection name: informix_connection
committing transaction
committing transaction
load Resource with ids:[J@162c5fc
operator: UnknownresourceId: Unknown - creating db connection using connection name: informix_connection
load ResourceRole with id:10
operator: UnknownresourceId: Unknown - creating db connection using connection name: informix_connection
committing transaction
committing transaction
get projects with the ids: 1
operator: UnknownprojectId: Unknown - creating db connection using connection name: informix_connection
committing transaction
operator: 1001projectId: 1 - updating project: {Requires Other Fixes=true, Project Name=Online Review Phases, Project Version=1.2, Send Winner Emails=true, Post-Mortem Required=true}
operator: UnknownprojectId: Unknown - creating db connection using connection name: informix_connection
operator: 1001projectId: 1 - update project with projectId:1
operator: 1001projectId: 1 - update project, update project_info with projectId:1
operator: 1001projectId: 1 - insert record into project_info with project id1
operator: 1001projectId: 1 - generate new id for the project audit.
insert record into project_audit with projectId:1
operator: 1001projectId: 1 - execute sql:SELECT modify_date FROM project WHERE project_id=?
committing transaction
load Notifications with array of userIds/projectIds/notificationTypes.
operator: UnknownresourceId: Unknown - creating db connection using connection name: informix_connection
committing transaction
get projects with the ids: 1
operator: UnknownprojectId: Unknown - creating db connection using connection name: informix_connection
committing transaction
load Resource role with ids:[J@b23b8c,[J@b23b8c,[J@b23b8c,[J@b23b8c,[J@b23b8c,[J@b23b8c,[J@b23b8c,[J@b23b8c,[J@b23b8c,[J@b23b8c,[J@b23b8c,[J@b23b8c,[J@b23b8c,[J@b23b8c,[J@b23b8c,[J@b23b8c,[J@b23b8c,[J@b23b8c,[J@b23b8c,[J@b23b8c,[J@b23b8c,[J@b23b8c
operator: UnknownresourceId: Unknown - creating db connection using connection name: informix_connection
committing transaction
load Resource with ids:[J@6938ad
operator: UnknownresourceId: Unknown - creating db connection using connection name: informix_connection
load ResourceRole with id:4
operator: UnknownresourceId: Unknown - creating db connection using connection name: informix_connection
committing transaction
committing transaction
load Resource with ids:[J@1761d26
operator: UnknownresourceId: Unknown - creating db connection using connection name: informix_connection
load ResourceRole with id:12
operator: UnknownresourceId: Unknown - creating db connection using connection name: informix_connection
committing transaction
committing transaction
load Resource with ids:[J@a77c78
operator: UnknownresourceId: Unknown - creating db connection using connection name: informix_connection
load ResourceRole with id:13
operator: UnknownresourceId: Unknown - creating db connection using connection name: informix_connection
committing transaction
committing transaction
load Resource with ids:[J@19552c6,[J@19552c6
operator: UnknownresourceId: Unknown - creating db connection using connection name: informix_connection
load ResourceRole with id:9
operator: UnknownresourceId: Unknown - creating db connection using connection name: informix_connection
committing transaction
load ResourceRole with id:9
operator: UnknownresourceId: Unknown - creating db connection using connection name: informix_connection
committing transaction
committing transaction
load Resource with ids:[J@1fa98d8
operator: UnknownresourceId: Unknown - creating db connection using connection name: informix_connection
load ResourceRole with id:10
operator: UnknownresourceId: Unknown - creating db connection using connection name: informix_connection
committing transaction
committing transaction
operator: UnknownresourceId: 100001 - load resource.
operator: UnknownresourceId: Unknown - creating db connection using connection name: informix_connection
load ResourceRole with id:4
operator: UnknownresourceId: Unknown - creating db connection using connection name: informix_connection
committing transaction
committing transaction
operator: UnknownresourceId: 100002 - load resource.
operator: UnknownresourceId: Unknown - creating db connection using connection name: informix_connection
load ResourceRole with id:12
operator: UnknownresourceId: Unknown - creating db connection using connection name: informix_connection
committing transaction
committing transaction
load Resource with ids:[J@1d5146b
operator: UnknownresourceId: Unknown - creating db connection using connection name: informix_connection
load ResourceRole with id:10
operator: UnknownresourceId: Unknown - creating db connection using connection name: informix_connection
committing transaction
committing transaction
load Resource with ids:[J@e446df
operator: UnknownresourceId: Unknown - creating db connection using connection name: informix_connection
load ResourceRole with id:10
operator: UnknownresourceId: Unknown - creating db connection using connection name: informix_connection
committing transaction
committing transaction
get projects with the ids: 1
operator: UnknownprojectId: Unknown - creating db connection using connection name: informix_connection
committing transaction
operator: 1001projectId: 1 - updating project: {Requires Other Fixes=true, Project Name=Online Review Phases, Project Version=1.2, Send Winner Emails=true, Post-Mortem Required=true}
operator: UnknownprojectId: Unknown - creating db connection using connection name: informix_connection
operator: 1001projectId: 1 - update project with projectId:1
operator: 1001projectId: 1 - update project, update project_info with projectId:1
operator: 1001projectId: 1 - insert record into project_info with project id1
operator: 1001projectId: 1 - generate new id for the project audit.
insert record into project_audit with projectId:1
operator: 1001projectId: 1 - execute sql:SELECT modify_date FROM project WHERE project_id=?
committing transaction
load Notifications with array of userIds/projectIds/notificationTypes.
operator: UnknownresourceId: Unknown - creating db connection using connection name: informix_connection
committing transaction
get projects with the ids: 1
operator: UnknownprojectId: Unknown - creating db connection using connection name: informix_connection
committing transaction
load Resource role with ids:[J@e23f40,[J@e23f40,[J@e23f40,[J@e23f40,[J@e23f40,[J@e23f40,[J@e23f40,[J@e23f40,[J@e23f40,[J@e23f40,[J@e23f40,[J@e23f40,[J@e23f40,[J@e23f40,[J@e23f40,[J@e23f40,[J@e23f40,[J@e23f40,[J@e23f40,[J@e23f40,[J@e23f40,[J@e23f40
operator: UnknownresourceId: Unknown - creating db connection using connection name: informix_connection
committing transaction
load Resource with ids:[J@18b6eec
operator: UnknownresourceId: Unknown - creating db connection using connection name: informix_connection
load ResourceRole with id:4
operator: UnknownresourceId: Unknown - creating db connection using connection name: informix_connection
committing transaction
committing transaction
load Resource with ids:[J@138b85c
operator: UnknownresourceId: Unknown - creating db connection using connection name: informix_connection
load ResourceRole with id:12
operator: UnknownresourceId: Unknown - creating db connection using connection name: informix_connection
committing transaction
committing transaction
load Resource with ids:[J@2cb5dc
operator: UnknownresourceId: Unknown - creating db connection using connection name: informix_connection
load ResourceRole with id:13
operator: UnknownresourceId: Unknown - creating db connection using connection name: informix_connection
committing transaction
committing transaction
load Resource with ids:[J@8494cd,[J@8494cd
operator: UnknownresourceId: Unknown - creating db connection using connection name: informix_connection
load ResourceRole with id:9
operator: UnknownresourceId: Unknown - creating db connection using connection name: informix_connection
committing transaction
load ResourceRole with id:9
operator: UnknownresourceId: Unknown - creating db connection using connection name: informix_connection
committing transaction
committing transaction
load Resource with ids:[J@1337f25
operator: UnknownresourceId: Unknown - creating db connection using connection name: informix_connection
load ResourceRole with id:10
operator: UnknownresourceId: Unknown - creating db connection using connection name: informix_connection
committing transaction
committing transaction
operator: UnknownresourceId: 100001 - load resource.
operator: UnknownresourceId: Unknown - creating db connection using connection name: informix_connection
load ResourceRole with id:4
operator: UnknownresourceId: Unknown - creating db connection using connection name: informix_connection
committing transaction
committing transaction
operator: UnknownresourceId: 100002 - load resource.
operator: UnknownresourceId: Unknown - creating db connection using connection name: informix_connection
load ResourceRole with id:12
operator: UnknownresourceId: Unknown - creating db connection using connection name: informix_connection
committing transaction
committing transaction
load Resource with ids:[J@467816
operator: UnknownresourceId: Unknown - creating db connection using connection name: informix_connection
load ResourceRole with id:10
operator: UnknownresourceId: Unknown - creating db connection using connection name: informix_connection
committing transaction
committing transaction
load Resource with ids:[J@1aedf6d
operator: UnknownresourceId: Unknown - creating db connection using connection name: informix_connection
load ResourceRole with id:10
operator: UnknownresourceId: Unknown - creating db connection using connection name: informix_connection
committing transaction
committing transaction
get projects with the ids: 1
operator: UnknownprojectId: Unknown - creating db connection using connection name: informix_connection
committing transaction
operator: 1001projectId: 1 - updating project: {Requires Other Fixes=true, Project Name=Online Review Phases, Project Version=1.2, Send Winner Emails=true, Post-Mortem Required=true}
operator: UnknownprojectId: Unknown - creating db connection using connection name: informix_connection
operator: 1001projectId: 1 - update project with projectId:1
operator: 1001projectId: 1 - update project, update project_info with projectId:1
operator: 1001projectId: 1 - insert record into project_info with project id1
operator: 1001projectId: 1 - generate new id for the project audit.
insert record into project_audit with projectId:1
operator: 1001projectId: 1 - execute sql:SELECT modify_date FROM project WHERE project_id=?
committing transaction
load Notifications with array of userIds/projectIds/notificationTypes.
operator: UnknownresourceId: Unknown - creating db connection using connection name: informix_connection
committing transaction
get projects with the ids: 1
operator: UnknownprojectId: Unknown - creating db connection using connection name: informix_connection
committing transaction
load Resource role with ids:[J@6aa12,[J@6aa12,[J@6aa12,[J@6aa12,[J@6aa12,[J@6aa12,[J@6aa12,[J@6aa12,[J@6aa12,[J@6aa12,[J@6aa12,[J@6aa12,[J@6aa12,[J@6aa12,[J@6aa12,[J@6aa12,[J@6aa12,[J@6aa12,[J@6aa12,[J@6aa12,[J@6aa12,[J@6aa12
operator: UnknownresourceId: Unknown - creating db connection using connection name: informix_connection
committing transaction
load Resource with ids:[J@c519d7
operator: UnknownresourceId: Unknown - creating db connection using connection name: informix_connection
load ResourceRole with id:4
operator: UnknownresourceId: Unknown - creating db connection using connection name: informix_connection
committing transaction
committing transaction
load Resource with ids:[J@1a11cee
operator: UnknownresourceId: Unknown - creating db connection using connection name: informix_connection
load ResourceRole with id:12
operator: UnknownresourceId: Unknown - creating db connection using connection name: informix_connection
committing transaction
committing transaction
load Resource with ids:[J@1643564
operator: UnknownresourceId: Unknown - creating db connection using connection name: informix_connection
load ResourceRole with id:13
operator: UnknownresourceId: Unknown - creating db connection using connection name: informix_connection
committing transaction
committing transaction
load Resource with ids:[J@125b151,[J@125b151
operator: UnknownresourceId: Unknown - creating db connection using connection name: informix_connection
load ResourceRole with id:9
operator: UnknownresourceId: Unknown - creating db connection using connection name: informix_connection
committing transaction
load ResourceRole with id:9
operator: UnknownresourceId: Unknown - creating db connection using connection name: informix_connection
committing transaction
committing transaction
load Resource with ids:[J@1e4ec58
operator: UnknownresourceId: Unknown - creating db connection using connection name: informix_connection
load ResourceRole with id:10
operator: UnknownresourceId: Unknown - creating db connection using connection name: informix_connection
committing transaction
committing transaction
operator: UnknownresourceId: 100001 - load resource.
operator: UnknownresourceId: Unknown - creating db connection using connection name: informix_connection
load ResourceRole with id:4
operator: UnknownresourceId: Unknown - creating db connection using connection name: informix_connection
committing transaction
committing transaction
operator: UnknownresourceId: 100002 - load resource.
operator: UnknownresourceId: Unknown - creating db connection using connection name: informix_connection
load ResourceRole with id:12
operator: UnknownresourceId: Unknown - creating db connection using connection name: informix_connection
committing transaction
committing transaction
Read propery[ConnectionFactoryNS] which is  required  with value[com.topcoder.db.connectionfactory.DBConnectionFactoryImpl] from namespace [com.topcoder.management.project.persistence.InformixProjectPersistence].
Read propery[ConnectionName] which is  optional  with value[informix_connection] from namespace [com.topcoder.management.project.persistence.InformixProjectPersistence].
Read propery[ProjectIdSequenceName] which is  optional  with value[project_id_seq] from namespace [com.topcoder.management.project.persistence.InformixProjectPersistence].
Read propery[ProjectAuditIdSequenceName] which is  optional  with value[project_audit_id_seq] from namespace [com.topcoder.management.project.persistence.InformixProjectPersistence].
Read propery[ConnectionFactoryNS] which is  required  with value[com.topcoder.db.connectionfactory.DBConnectionFactoryImpl] from namespace [com.topcoder.management.project.persistence.link.ProjectLinkManagerImpl].
Read propery[ConnectionName] which is  optional  with value[informix_connection] from namespace [com.topcoder.management.project.persistence.link.ProjectLinkManagerImpl].
read property ConnectionFactoryNS[com.topcoder.db.connectionfactory.DBConnectionFactoryImpl] from the namespace :com.topcoder.management.scorecard.persistence.InformixScorecardPersistence
read property ConnectionName[informix_connection] from the namespace :com.topcoder.management.scorecard.persistence.InformixScorecardPersistence
Instantiate SqlUploadPersistence with connectionFactory and connectioName:informix_connection
Instantiate PersistenceUploadManager with UploadPersistence, uploadSearchBundle, submissionSearchBundle, uploadIdGenerator, uploadTypeIdGenerator, uploadStatusIdGenerator, submissionIDGenerator, submissionStatusIdGenerator and submissionTypeIdGenerator.
Instantiate AbstractResourcePersistence with connectionFactory and connectionName[informix_connection].
load Resource role with ids:[J@116fea1,[J@116fea1,[J@116fea1,[J@116fea1,[J@116fea1,[J@116fea1,[J@116fea1,[J@116fea1,[J@116fea1,[J@116fea1,[J@116fea1,[J@116fea1,[J@116fea1,[J@116fea1,[J@116fea1,[J@116fea1,[J@116fea1,[J@116fea1,[J@116fea1,[J@116fea1,[J@116fea1,[J@116fea1
operator: UnknownresourceId: Unknown - creating db connection using connection name: informix_connection
committing transaction
Read propery[ConnectionFactoryNS] which is  required  with value[com.topcoder.db.connectionfactory.DBConnectionFactoryImpl] from namespace [com.topcoder.management.project.persistence.InformixProjectPersistence].
Read propery[ConnectionName] which is  optional  with value[informix_connection] from namespace [com.topcoder.management.project.persistence.InformixProjectPersistence].
Read propery[ProjectIdSequenceName] which is  optional  with value[project_id_seq] from namespace [com.topcoder.management.project.persistence.InformixProjectPersistence].
Read propery[ProjectAuditIdSequenceName] which is  optional  with value[project_audit_id_seq] from namespace [com.topcoder.management.project.persistence.InformixProjectPersistence].
Read propery[ConnectionFactoryNS] which is  required  with value[com.topcoder.db.connectionfactory.DBConnectionFactoryImpl] from namespace [com.topcoder.management.project.persistence.link.ProjectLinkManagerImpl].
Read propery[ConnectionName] which is  optional  with value[informix_connection] from namespace [com.topcoder.management.project.persistence.link.ProjectLinkManagerImpl].
read property ConnectionFactoryNS[com.topcoder.db.connectionfactory.DBConnectionFactoryImpl] from the namespace :com.topcoder.management.scorecard.persistence.InformixScorecardPersistence
read property ConnectionName[informix_connection] from the namespace :com.topcoder.management.scorecard.persistence.InformixScorecardPersistence
Instantiate SqlUploadPersistence with connectionFactory and connectioName:informix_connection
Instantiate PersistenceUploadManager with UploadPersistence, uploadSearchBundle, submissionSearchBundle, uploadIdGenerator, uploadTypeIdGenerator, uploadStatusIdGenerator, submissionIDGenerator, submissionStatusIdGenerator and submissionTypeIdGenerator.
Instantiate AbstractResourcePersistence with connectionFactory and connectionName[informix_connection].
load Resource role with ids:[J@cf7c3a,[J@cf7c3a,[J@cf7c3a,[J@cf7c3a,[J@cf7c3a,[J@cf7c3a,[J@cf7c3a,[J@cf7c3a,[J@cf7c3a,[J@cf7c3a,[J@cf7c3a,[J@cf7c3a,[J@cf7c3a,[J@cf7c3a,[J@cf7c3a,[J@cf7c3a,[J@cf7c3a,[J@cf7c3a,[J@cf7c3a,[J@cf7c3a,[J@cf7c3a,[J@cf7c3a
operator: UnknownresourceId: Unknown - creating db connection using connection name: informix_connection
committing transaction
Read propery[ConnectionFactoryNS] which is  required  with value[com.topcoder.db.connectionfactory.DBConnectionFactoryImpl] from namespace [com.topcoder.management.project.persistence.InformixProjectPersistence].
Read propery[ConnectionName] which is  optional  with value[informix_connection] from namespace [com.topcoder.management.project.persistence.InformixProjectPersistence].
Read propery[ProjectIdSequenceName] which is  optional  with value[project_id_seq] from namespace [com.topcoder.management.project.persistence.InformixProjectPersistence].
Read propery[ProjectAuditIdSequenceName] which is  optional  with value[project_audit_id_seq] from namespace [com.topcoder.management.project.persistence.InformixProjectPersistence].
Read propery[ConnectionFactoryNS] which is  required  with value[com.topcoder.db.connectionfactory.DBConnectionFactoryImpl] from namespace [com.topcoder.management.project.persistence.link.ProjectLinkManagerImpl].
Read propery[ConnectionName] which is  optional  with value[informix_connection] from namespace [com.topcoder.management.project.persistence.link.ProjectLinkManagerImpl].
read property ConnectionFactoryNS[com.topcoder.db.connectionfactory.DBConnectionFactoryImpl] from the namespace :com.topcoder.management.scorecard.persistence.InformixScorecardPersistence
read property ConnectionName[informix_connection] from the namespace :com.topcoder.management.scorecard.persistence.InformixScorecardPersistence
Instantiate SqlUploadPersistence with connectionFactory and connectioName:informix_connection
Instantiate PersistenceUploadManager with UploadPersistence, uploadSearchBundle, submissionSearchBundle, uploadIdGenerator, uploadTypeIdGenerator, uploadStatusIdGenerator, submissionIDGenerator, submissionStatusIdGenerator and submissionTypeIdGenerator.
Instantiate AbstractResourcePersistence with connectionFactory and connectionName[informix_connection].
load Resource role with ids:[J@5f4ab2,[J@5f4ab2,[J@5f4ab2,[J@5f4ab2,[J@5f4ab2,[J@5f4ab2,[J@5f4ab2,[J@5f4ab2,[J@5f4ab2,[J@5f4ab2,[J@5f4ab2,[J@5f4ab2,[J@5f4ab2,[J@5f4ab2,[J@5f4ab2,[J@5f4ab2,[J@5f4ab2,[J@5f4ab2,[J@5f4ab2,[J@5f4ab2,[J@5f4ab2,[J@5f4ab2
operator: UnknownresourceId: Unknown - creating db connection using connection name: informix_connection
committing transaction
Read propery[ConnectionFactoryNS] which is  required  with value[com.topcoder.db.connectionfactory.DBConnectionFactoryImpl] from namespace [com.topcoder.management.project.persistence.InformixProjectPersistence].
Read propery[ConnectionName] which is  optional  with value[informix_connection] from namespace [com.topcoder.management.project.persistence.InformixProjectPersistence].
Read propery[ProjectIdSequenceName] which is  optional  with value[project_id_seq] from namespace [com.topcoder.management.project.persistence.InformixProjectPersistence].
Read propery[ProjectAuditIdSequenceName] which is  optional  with value[project_audit_id_seq] from namespace [com.topcoder.management.project.persistence.InformixProjectPersistence].
Read propery[ConnectionFactoryNS] which is  required  with value[com.topcoder.db.connectionfactory.DBConnectionFactoryImpl] from namespace [com.topcoder.management.project.persistence.link.ProjectLinkManagerImpl].
Read propery[ConnectionName] which is  optional  with value[informix_connection] from namespace [com.topcoder.management.project.persistence.link.ProjectLinkManagerImpl].
read property ConnectionFactoryNS[com.topcoder.db.connectionfactory.DBConnectionFactoryImpl] from the namespace :com.topcoder.management.scorecard.persistence.InformixScorecardPersistence
read property ConnectionName[informix_connection] from the namespace :com.topcoder.management.scorecard.persistence.InformixScorecardPersistence
Instantiate SqlUploadPersistence with connectionFactory and connectioName:informix_connection
Instantiate PersistenceUploadManager with UploadPersistence, uploadSearchBundle, submissionSearchBundle, uploadIdGenerator, uploadTypeIdGenerator, uploadStatusIdGenerator, submissionIDGenerator, submissionStatusIdGenerator and submissionTypeIdGenerator.
Instantiate AbstractResourcePersistence with connectionFactory and connectionName[informix_connection].
load Resource role with ids:[J@1b7d261,[J@1b7d261,[J@1b7d261,[J@1b7d261,[J@1b7d261,[J@1b7d261,[J@1b7d261,[J@1b7d261,[J@1b7d261,[J@1b7d261,[J@1b7d261,[J@1b7d261,[J@1b7d261,[J@1b7d261,[J@1b7d261,[J@1b7d261,[J@1b7d261,[J@1b7d261,[J@1b7d261,[J@1b7d261,[J@1b7d261,[J@1b7d261
operator: UnknownresourceId: Unknown - creating db connection using connection name: informix_connection
committing transaction
load Resource with ids:[J@d1626e
operator: UnknownresourceId: Unknown - creating db connection using connection name: informix_connection
load ResourceRole with id:9
operator: UnknownresourceId: Unknown - creating db connection using connection name: informix_connection
committing transaction
committing transaction
load Resource with ids:[J@154e85c
operator: UnknownresourceId: Unknown - creating db connection using connection name: informix_connection
load ResourceRole with id:8
operator: UnknownresourceId: Unknown - creating db connection using connection name: informix_connection
committing transaction
committing transaction
get projects with the ids: 1
operator: UnknownprojectId: Unknown - creating db connection using connection name: informix_connection
committing transaction
load Resource with ids:[J@1d2dc82
operator: UnknownresourceId: Unknown - creating db connection using connection name: informix_connection
load ResourceRole with id:1
operator: UnknownresourceId: Unknown - creating db connection using connection name: informix_connection
committing transaction
committing transaction
type: Upload id: Unknown operator:Unknown - search uploads with filter. found: 0
get projects with the ids: 1
operator: UnknownprojectId: Unknown - creating db connection using connection name: informix_connection
committing transaction
load Resource role with ids:[J@9da031,[J@9da031,[J@9da031,[J@9da031,[J@9da031,[J@9da031,[J@9da031,[J@9da031,[J@9da031,[J@9da031,[J@9da031,[J@9da031,[J@9da031,[J@9da031,[J@9da031,[J@9da031,[J@9da031,[J@9da031,[J@9da031,[J@9da031,[J@9da031,[J@9da031
operator: UnknownresourceId: Unknown - creating db connection using connection name: informix_connection
committing transaction
load Resource with ids:[J@c230a2
operator: UnknownresourceId: Unknown - creating db connection using connection name: informix_connection
load ResourceRole with id:8
operator: UnknownresourceId: Unknown - creating db connection using connection name: informix_connection
committing transaction
committing transaction
load Resource with ids:[J@fd11a
operator: UnknownresourceId: Unknown - creating db connection using connection name: informix_connection
load ResourceRole with id:9
operator: UnknownresourceId: Unknown - creating db connection using connection name: informix_connection
committing transaction
committing transaction
load Resource with ids:[J@ace288
operator: UnknownresourceId: Unknown - creating db connection using connection name: informix_connection
load ResourceRole with id:1
operator: UnknownresourceId: Unknown - creating db connection using connection name: informix_connection
committing transaction
committing transaction
load Resource with ids:[J@153cdfe
operator: UnknownresourceId: Unknown - creating db connection using connection name: informix_connection
load ResourceRole with id:9
operator: UnknownresourceId: Unknown - creating db connection using connection name: informix_connection
committing transaction
committing transaction
load Resource with ids:[J@1c9d355
operator: UnknownresourceId: Unknown - creating db connection using connection name: informix_connection
load ResourceRole with id:8
operator: UnknownresourceId: Unknown - creating db connection using connection name: informix_connection
committing transaction
committing transaction
get projects with the ids: 1
operator: UnknownprojectId: Unknown - creating db connection using connection name: informix_connection
committing transaction
load Resource with ids:[J@1d3aff
operator: UnknownresourceId: Unknown - creating db connection using connection name: informix_connection
load ResourceRole with id:1
operator: UnknownresourceId: Unknown - creating db connection using connection name: informix_connection
committing transaction
committing transaction
type: Upload id: Unknown operator:Unknown - search uploads with filter. found: 0
get projects with the ids: 1
operator: UnknownprojectId: Unknown - creating db connection using connection name: informix_connection
committing transaction
load Resource role with ids:[J@5743d3,[J@5743d3,[J@5743d3,[J@5743d3,[J@5743d3,[J@5743d3,[J@5743d3,[J@5743d3,[J@5743d3,[J@5743d3,[J@5743d3,[J@5743d3,[J@5743d3,[J@5743d3,[J@5743d3,[J@5743d3,[J@5743d3,[J@5743d3,[J@5743d3,[J@5743d3,[J@5743d3,[J@5743d3
operator: UnknownresourceId: Unknown - creating db connection using connection name: informix_connection
committing transaction
load Resource with ids:[J@2f0efd
operator: UnknownresourceId: Unknown - creating db connection using connection name: informix_connection
load ResourceRole with id:8
operator: UnknownresourceId: Unknown - creating db connection using connection name: informix_connection
committing transaction
committing transaction
load Resource with ids:[J@4e4cd1
operator: UnknownresourceId: Unknown - creating db connection using connection name: informix_connection
load ResourceRole with id:9
operator: UnknownresourceId: Unknown - creating db connection using connection name: informix_connection
committing transaction
committing transaction
load Resource with ids:[J@dff525
operator: UnknownresourceId: Unknown - creating db connection using connection name: informix_connection
load ResourceRole with id:1
operator: UnknownresourceId: Unknown - creating db connection using connection name: informix_connection
committing transaction
committing transaction
load Resource with ids:[J@1a8926
operator: UnknownresourceId: Unknown - creating db connection using connection name: informix_connection
load ResourceRole with id:9
operator: UnknownresourceId: Unknown - creating db connection using connection name: informix_connection
committing transaction
committing transaction
load Resource with ids:[J@160f96b
operator: UnknownresourceId: Unknown - creating db connection using connection name: informix_connection
load ResourceRole with id:8
operator: UnknownresourceId: Unknown - creating db connection using connection name: informix_connection
committing transaction
committing transaction
get projects with the ids: 1
operator: UnknownprojectId: Unknown - creating db connection using connection name: informix_connection
committing transaction
load Resource with ids:[J@4fe46f
operator: UnknownresourceId: Unknown - creating db connection using connection name: informix_connection
load ResourceRole with id:1
operator: UnknownresourceId: Unknown - creating db connection using connection name: informix_connection
committing transaction
committing transaction
type: Upload id: Unknown operator:Unknown - search uploads with filter. found: 0
get projects with the ids: 1
operator: UnknownprojectId: Unknown - creating db connection using connection name: informix_connection
committing transaction
load Resource role with ids:[J@b799e,[J@b799e,[J@b799e,[J@b799e,[J@b799e,[J@b799e,[J@b799e,[J@b799e,[J@b799e,[J@b799e,[J@b799e,[J@b799e,[J@b799e,[J@b799e,[J@b799e,[J@b799e,[J@b799e,[J@b799e,[J@b799e,[J@b799e,[J@b799e,[J@b799e
operator: UnknownresourceId: Unknown - creating db connection using connection name: informix_connection
committing transaction
load Resource with ids:[J@1e4fb43
operator: UnknownresourceId: Unknown - creating db connection using connection name: informix_connection
load ResourceRole with id:8
operator: UnknownresourceId: Unknown - creating db connection using connection name: informix_connection
committing transaction
committing transaction
load Resource with ids:[J@1508a7f
operator: UnknownresourceId: Unknown - creating db connection using connection name: informix_connection
load ResourceRole with id:9
operator: UnknownresourceId: Unknown - creating db connection using connection name: informix_connection
committing transaction
committing transaction
load Resource with ids:[J@1015800
operator: UnknownresourceId: Unknown - creating db connection using connection name: informix_connection
load ResourceRole with id:1
operator: UnknownresourceId: Unknown - creating db connection using connection name: informix_connection
committing transaction
committing transaction
load Resource with ids:[J@1ddfee3
operator: UnknownresourceId: Unknown - creating db connection using connection name: informix_connection
load ResourceRole with id:9
operator: UnknownresourceId: Unknown - creating db connection using connection name: informix_connection
committing transaction
committing transaction
load Resource with ids:[J@7b6cf4
operator: UnknownresourceId: Unknown - creating db connection using connection name: informix_connection
load ResourceRole with id:8
operator: UnknownresourceId: Unknown - creating db connection using connection name: informix_connection
committing transaction
committing transaction
get projects with the ids: 1
operator: UnknownprojectId: Unknown - creating db connection using connection name: informix_connection
committing transaction
load Resource with ids:[J@1f649
operator: UnknownresourceId: Unknown - creating db connection using connection name: informix_connection
load ResourceRole with id:1
operator: UnknownresourceId: Unknown - creating db connection using connection name: informix_connection
committing transaction
committing transaction
type: Upload id: Unknown operator:Unknown - search uploads with filter. found: 0
get projects with the ids: 1
operator: UnknownprojectId: Unknown - creating db connection using connection name: informix_connection
committing transaction
load Resource role with ids:[J@1b6cd2f,[J@1b6cd2f,[J@1b6cd2f,[J@1b6cd2f,[J@1b6cd2f,[J@1b6cd2f,[J@1b6cd2f,[J@1b6cd2f,[J@1b6cd2f,[J@1b6cd2f,[J@1b6cd2f,[J@1b6cd2f,[J@1b6cd2f,[J@1b6cd2f,[J@1b6cd2f,[J@1b6cd2f,[J@1b6cd2f,[J@1b6cd2f,[J@1b6cd2f,[J@1b6cd2f,[J@1b6cd2f,[J@1b6cd2f
operator: UnknownresourceId: Unknown - creating db connection using connection name: informix_connection
committing transaction
load Resource with ids:[J@f67da0
operator: UnknownresourceId: Unknown - creating db connection using connection name: informix_connection
load ResourceRole with id:8
operator: UnknownresourceId: Unknown - creating db connection using connection name: informix_connection
committing transaction
committing transaction
load Resource with ids:[J@56e21d
operator: UnknownresourceId: Unknown - creating db connection using connection name: informix_connection
load ResourceRole with id:9
operator: UnknownresourceId: Unknown - creating db connection using connection name: informix_connection
committing transaction
committing transaction
load Resource with ids:[J@1f0619
operator: UnknownresourceId: Unknown - creating db connection using connection name: informix_connection
load ResourceRole with id:1
operator: UnknownresourceId: Unknown - creating db connection using connection name: informix_connection
committing transaction
committing transaction
load Resource with ids:[J@1a2b981
operator: UnknownresourceId: Unknown - creating db connection using connection name: informix_connection
load ResourceRole with id:9
operator: UnknownresourceId: Unknown - creating db connection using connection name: informix_connection
committing transaction
committing transaction
load Resource with ids:[J@bf06d5
operator: UnknownresourceId: Unknown - creating db connection using connection name: informix_connection
load ResourceRole with id:8
operator: UnknownresourceId: Unknown - creating db connection using connection name: informix_connection
committing transaction
committing transaction
get projects with the ids: 1
operator: UnknownprojectId: Unknown - creating db connection using connection name: informix_connection
committing transaction
load Resource with ids:[J@ad3504
operator: UnknownresourceId: Unknown - creating db connection using connection name: informix_connection
load ResourceRole with id:1
operator: UnknownresourceId: Unknown - creating db connection using connection name: informix_connection
committing transaction
committing transaction
type: Upload id: Unknown operator:Unknown - search uploads with filter. found: 0
get projects with the ids: 1
operator: UnknownprojectId: Unknown - creating db connection using connection name: informix_connection
committing transaction
load Resource role with ids:[J@16228ef,[J@16228ef,[J@16228ef,[J@16228ef,[J@16228ef,[J@16228ef,[J@16228ef,[J@16228ef,[J@16228ef,[J@16228ef,[J@16228ef,[J@16228ef,[J@16228ef,[J@16228ef,[J@16228ef,[J@16228ef,[J@16228ef,[J@16228ef,[J@16228ef,[J@16228ef,[J@16228ef,[J@16228ef
operator: UnknownresourceId: Unknown - creating db connection using connection name: informix_connection
committing transaction
load Resource with ids:[J@a3fe10
operator: UnknownresourceId: Unknown - creating db connection using connection name: informix_connection
load ResourceRole with id:8
operator: UnknownresourceId: Unknown - creating db connection using connection name: informix_connection
committing transaction
committing transaction
load Resource with ids:[J@134e772
operator: UnknownresourceId: Unknown - creating db connection using connection name: informix_connection
load ResourceRole with id:9
operator: UnknownresourceId: Unknown - creating db connection using connection name: informix_connection
committing transaction
committing transaction
load Resource with ids:[J@9cc119
operator: UnknownresourceId: Unknown - creating db connection using connection name: informix_connection
load ResourceRole with id:1
operator: UnknownresourceId: Unknown - creating db connection using connection name: informix_connection
committing transaction
committing transaction
Read propery[ConnectionFactoryNS] which is  required  with value[com.topcoder.db.connectionfactory.DBConnectionFactoryImpl] from namespace [com.topcoder.management.project.persistence.InformixProjectPersistence].
Read propery[ConnectionName] which is  optional  with value[informix_connection] from namespace [com.topcoder.management.project.persistence.InformixProjectPersistence].
Read propery[ProjectIdSequenceName] which is  optional  with value[project_id_seq] from namespace [com.topcoder.management.project.persistence.InformixProjectPersistence].
Read propery[ProjectAuditIdSequenceName] which is  optional  with value[project_audit_id_seq] from namespace [com.topcoder.management.project.persistence.InformixProjectPersistence].
Read propery[ConnectionFactoryNS] which is  required  with value[com.topcoder.db.connectionfactory.DBConnectionFactoryImpl] from namespace [com.topcoder.management.project.persistence.link.ProjectLinkManagerImpl].
Read propery[ConnectionName] which is  optional  with value[informix_connection] from namespace [com.topcoder.management.project.persistence.link.ProjectLinkManagerImpl].
read property ConnectionFactoryNS[com.topcoder.db.connectionfactory.DBConnectionFactoryImpl] from the namespace :com.topcoder.management.scorecard.persistence.InformixScorecardPersistence
read property ConnectionName[informix_connection] from the namespace :com.topcoder.management.scorecard.persistence.InformixScorecardPersistence
Instantiate SqlUploadPersistence with connectionFactory and connectioName:informix_connection
Instantiate PersistenceUploadManager with UploadPersistence, uploadSearchBundle, submissionSearchBundle, uploadIdGenerator, uploadTypeIdGenerator, uploadStatusIdGenerator, submissionIDGenerator, submissionStatusIdGenerator and submissionTypeIdGenerator.
Instantiate AbstractResourcePersistence with connectionFactory and connectionName[informix_connection].
load Resource role with ids:[J@168527b,[J@168527b,[J@168527b,[J@168527b,[J@168527b,[J@168527b,[J@168527b,[J@168527b,[J@168527b,[J@168527b,[J@168527b,[J@168527b,[J@168527b,[J@168527b,[J@168527b,[J@168527b,[J@168527b,[J@168527b,[J@168527b,[J@168527b,[J@168527b,[J@168527b
operator: UnknownresourceId: Unknown - creating db connection using connection name: informix_connection
committing transaction
get projects with the ids: 1
operator: UnknownprojectId: Unknown - creating db connection using connection name: informix_connection
committing transaction
load Resource role with ids:[J@1c8b8fa,[J@1c8b8fa,[J@1c8b8fa,[J@1c8b8fa,[J@1c8b8fa,[J@1c8b8fa,[J@1c8b8fa,[J@1c8b8fa,[J@1c8b8fa,[J@1c8b8fa,[J@1c8b8fa,[J@1c8b8fa,[J@1c8b8fa,[J@1c8b8fa,[J@1c8b8fa,[J@1c8b8fa,[J@1c8b8fa,[J@1c8b8fa,[J@1c8b8fa,[J@1c8b8fa,[J@1c8b8fa,[J@1c8b8fa
operator: UnknownresourceId: Unknown - creating db connection using connection name: informix_connection
committing transaction
get projects with the ids: 1
operator: UnknownprojectId: Unknown - creating db connection using connection name: informix_connection
committing transaction
load Resource role with ids:[J@1ac3a34,[J@1ac3a34,[J@1ac3a34,[J@1ac3a34,[J@1ac3a34,[J@1ac3a34,[J@1ac3a34,[J@1ac3a34,[J@1ac3a34,[J@1ac3a34,[J@1ac3a34,[J@1ac3a34,[J@1ac3a34,[J@1ac3a34,[J@1ac3a34,[J@1ac3a34,[J@1ac3a34,[J@1ac3a34,[J@1ac3a34,[J@1ac3a34,[J@1ac3a34,[J@1ac3a34
operator: UnknownresourceId: Unknown - creating db connection using connection name: informix_connection
committing transaction
get projects with the ids: 1
operator: UnknownprojectId: Unknown - creating db connection using connection name: informix_connection
committing transaction
load Resource role with ids:[J@1cf60f2,[J@1cf60f2,[J@1cf60f2,[J@1cf60f2,[J@1cf60f2,[J@1cf60f2,[J@1cf60f2,[J@1cf60f2,[J@1cf60f2,[J@1cf60f2,[J@1cf60f2,[J@1cf60f2,[J@1cf60f2,[J@1cf60f2,[J@1cf60f2,[J@1cf60f2,[J@1cf60f2,[J@1cf60f2,[J@1cf60f2,[J@1cf60f2,[J@1cf60f2,[J@1cf60f2
operator: UnknownresourceId: Unknown - creating db connection using connection name: informix_connection
committing transaction
get projects with the ids: 1
operator: UnknownprojectId: Unknown - creating db connection using connection name: informix_connection
committing transaction
load Resource role with ids:[J@cbf8b7,[J@cbf8b7,[J@cbf8b7,[J@cbf8b7,[J@cbf8b7,[J@cbf8b7,[J@cbf8b7,[J@cbf8b7,[J@cbf8b7,[J@cbf8b7,[J@cbf8b7,[J@cbf8b7,[J@cbf8b7,[J@cbf8b7,[J@cbf8b7,[J@cbf8b7,[J@cbf8b7,[J@cbf8b7,[J@cbf8b7,[J@cbf8b7,[J@cbf8b7,[J@cbf8b7
operator: UnknownresourceId: Unknown - creating db connection using connection name: informix_connection
committing transaction
get projects with the ids: 1
operator: UnknownprojectId: Unknown - creating db connection using connection name: informix_connection
committing transaction
load Resource role with ids:[J@15d121c,[J@15d121c,[J@15d121c,[J@15d121c,[J@15d121c,[J@15d121c,[J@15d121c,[J@15d121c,[J@15d121c,[J@15d121c,[J@15d121c,[J@15d121c,[J@15d121c,[J@15d121c,[J@15d121c,[J@15d121c,[J@15d121c,[J@15d121c,[J@15d121c,[J@15d121c,[J@15d121c,[J@15d121c
operator: UnknownresourceId: Unknown - creating db connection using connection name: informix_connection
committing transaction
Read propery[ConnectionFactoryNS] which is  required  with value[com.topcoder.db.connectionfactory.DBConnectionFactoryImpl] from namespace [com.topcoder.management.project.persistence.InformixProjectPersistence].
Read propery[ConnectionName] which is  optional  with value[informix_connection] from namespace [com.topcoder.management.project.persistence.InformixProjectPersistence].
Read propery[ProjectIdSequenceName] which is  optional  with value[project_id_seq] from namespace [com.topcoder.management.project.persistence.InformixProjectPersistence].
Read propery[ProjectAuditIdSequenceName] which is  optional  with value[project_audit_id_seq] from namespace [com.topcoder.management.project.persistence.InformixProjectPersistence].
Read propery[ConnectionFactoryNS] which is  required  with value[com.topcoder.db.connectionfactory.DBConnectionFactoryImpl] from namespace [com.topcoder.management.project.persistence.link.ProjectLinkManagerImpl].
Read propery[ConnectionName] which is  optional  with value[informix_connection] from namespace [com.topcoder.management.project.persistence.link.ProjectLinkManagerImpl].
read property ConnectionFactoryNS[com.topcoder.db.connectionfactory.DBConnectionFactoryImpl] from the namespace :com.topcoder.management.scorecard.persistence.InformixScorecardPersistence
read property ConnectionName[informix_connection] from the namespace :com.topcoder.management.scorecard.persistence.InformixScorecardPersistence
Instantiate SqlUploadPersistence with connectionFactory and connectioName:informix_connection
Instantiate PersistenceUploadManager with UploadPersistence, uploadSearchBundle, submissionSearchBundle, uploadIdGenerator, uploadTypeIdGenerator, uploadStatusIdGenerator, submissionIDGenerator, submissionStatusIdGenerator and submissionTypeIdGenerator.
Instantiate AbstractResourcePersistence with connectionFactory and connectionName[informix_connection].
load Resource role with ids:[J@17f96ae,[J@17f96ae,[J@17f96ae,[J@17f96ae,[J@17f96ae,[J@17f96ae,[J@17f96ae,[J@17f96ae,[J@17f96ae,[J@17f96ae,[J@17f96ae,[J@17f96ae,[J@17f96ae,[J@17f96ae,[J@17f96ae,[J@17f96ae,[J@17f96ae,[J@17f96ae,[J@17f96ae,[J@17f96ae,[J@17f96ae,[J@17f96ae
operator: UnknownresourceId: Unknown - creating db connection using connection name: informix_connection
committing transaction
Read propery[ConnectionFactoryNS] which is  required  with value[com.topcoder.db.connectionfactory.DBConnectionFactoryImpl] from namespace [com.topcoder.management.project.persistence.InformixProjectPersistence].
Read propery[ConnectionName] which is  optional  with value[informix_connection] from namespace [com.topcoder.management.project.persistence.InformixProjectPersistence].
Read propery[ProjectIdSequenceName] which is  optional  with value[project_id_seq] from namespace [com.topcoder.management.project.persistence.InformixProjectPersistence].
Read propery[ProjectAuditIdSequenceName] which is  optional  with value[project_audit_id_seq] from namespace [com.topcoder.management.project.persistence.InformixProjectPersistence].
Read propery[ConnectionFactoryNS] which is  required  with value[com.topcoder.db.connectionfactory.DBConnectionFactoryImpl] from namespace [com.topcoder.management.project.persistence.link.ProjectLinkManagerImpl].
Read propery[ConnectionName] which is  optional  with value[informix_connection] from namespace [com.topcoder.management.project.persistence.link.ProjectLinkManagerImpl].
read property ConnectionFactoryNS[com.topcoder.db.connectionfactory.DBConnectionFactoryImpl] from the namespace :com.topcoder.management.scorecard.persistence.InformixScorecardPersistence
read property ConnectionName[informix_connection] from the namespace :com.topcoder.management.scorecard.persistence.InformixScorecardPersistence
Instantiate SqlUploadPersistence with connectionFactory and connectioName:informix_connection
Instantiate PersistenceUploadManager with UploadPersistence, uploadSearchBundle, submissionSearchBundle, uploadIdGenerator, uploadTypeIdGenerator, uploadStatusIdGenerator, submissionIDGenerator, submissionStatusIdGenerator and submissionTypeIdGenerator.
Instantiate AbstractResourcePersistence with connectionFactory and connectionName[informix_connection].
load Resource role with ids:[J@14dd2df,[J@14dd2df,[J@14dd2df,[J@14dd2df,[J@14dd2df,[J@14dd2df,[J@14dd2df,[J@14dd2df,[J@14dd2df,[J@14dd2df,[J@14dd2df,[J@14dd2df,[J@14dd2df,[J@14dd2df,[J@14dd2df,[J@14dd2df,[J@14dd2df,[J@14dd2df,[J@14dd2df,[J@14dd2df,[J@14dd2df,[J@14dd2df
operator: UnknownresourceId: Unknown - creating db connection using connection name: informix_connection
committing transaction
Read propery[ConnectionFactoryNS] which is  required  with value[com.topcoder.db.connectionfactory.DBConnectionFactoryImpl] from namespace [com.topcoder.management.project.persistence.InformixProjectPersistence].
Read propery[ConnectionName] which is  optional  with value[informix_connection] from namespace [com.topcoder.management.project.persistence.InformixProjectPersistence].
Read propery[ProjectIdSequenceName] which is  optional  with value[project_id_seq] from namespace [com.topcoder.management.project.persistence.InformixProjectPersistence].
Read propery[ProjectAuditIdSequenceName] which is  optional  with value[project_audit_id_seq] from namespace [com.topcoder.management.project.persistence.InformixProjectPersistence].
Read propery[ConnectionFactoryNS] which is  required  with value[com.topcoder.db.connectionfactory.DBConnectionFactoryImpl] from namespace [com.topcoder.management.project.persistence.link.ProjectLinkManagerImpl].
Read propery[ConnectionName] which is  optional  with value[informix_connection] from namespace [com.topcoder.management.project.persistence.link.ProjectLinkManagerImpl].
read property ConnectionFactoryNS[com.topcoder.db.connectionfactory.DBConnectionFactoryImpl] from the namespace :com.topcoder.management.scorecard.persistence.InformixScorecardPersistence
read property ConnectionName[informix_connection] from the namespace :com.topcoder.management.scorecard.persistence.InformixScorecardPersistence
Instantiate SqlUploadPersistence with connectionFactory and connectioName:informix_connection
Instantiate PersistenceUploadManager with UploadPersistence, uploadSearchBundle, submissionSearchBundle, uploadIdGenerator, uploadTypeIdGenerator, uploadStatusIdGenerator, submissionIDGenerator, submissionStatusIdGenerator and submissionTypeIdGenerator.
Instantiate AbstractResourcePersistence with connectionFactory and connectionName[informix_connection].
load Resource role with ids:[J@1817d7c,[J@1817d7c,[J@1817d7c,[J@1817d7c,[J@1817d7c,[J@1817d7c,[J@1817d7c,[J@1817d7c,[J@1817d7c,[J@1817d7c,[J@1817d7c,[J@1817d7c,[J@1817d7c,[J@1817d7c,[J@1817d7c,[J@1817d7c,[J@1817d7c,[J@1817d7c,[J@1817d7c,[J@1817d7c,[J@1817d7c,[J@1817d7c
operator: UnknownresourceId: Unknown - creating db connection using connection name: informix_connection
committing transaction
Read propery[ConnectionFactoryNS] which is  required  with value[com.topcoder.db.connectionfactory.DBConnectionFactoryImpl] from namespace [com.topcoder.management.project.persistence.InformixProjectPersistence].
Read propery[ConnectionName] which is  optional  with value[informix_connection] from namespace [com.topcoder.management.project.persistence.InformixProjectPersistence].
Read propery[ProjectIdSequenceName] which is  optional  with value[project_id_seq] from namespace [com.topcoder.management.project.persistence.InformixProjectPersistence].
Read propery[ProjectAuditIdSequenceName] which is  optional  with value[project_audit_id_seq] from namespace [com.topcoder.management.project.persistence.InformixProjectPersistence].
Read propery[ConnectionFactoryNS] which is  required  with value[com.topcoder.db.connectionfactory.DBConnectionFactoryImpl] from namespace [com.topcoder.management.project.persistence.link.ProjectLinkManagerImpl].
Read propery[ConnectionName] which is  optional  with value[informix_connection] from namespace [com.topcoder.management.project.persistence.link.ProjectLinkManagerImpl].
read property ConnectionFactoryNS[com.topcoder.db.connectionfactory.DBConnectionFactoryImpl] from the namespace :com.topcoder.management.scorecard.persistence.InformixScorecardPersistence
read property ConnectionName[informix_connection] from the namespace :com.topcoder.management.scorecard.persistence.InformixScorecardPersistence
Instantiate SqlUploadPersistence with connectionFactory and connectioName:informix_connection
Instantiate PersistenceUploadManager with UploadPersistence, uploadSearchBundle, submissionSearchBundle, uploadIdGenerator, uploadTypeIdGenerator, uploadStatusIdGenerator, submissionIDGenerator, submissionStatusIdGenerator and submissionTypeIdGenerator.
Instantiate AbstractResourcePersistence with connectionFactory and connectionName[informix_connection].
load Resource role with ids:[J@ae1d79,[J@ae1d79,[J@ae1d79,[J@ae1d79,[J@ae1d79,[J@ae1d79,[J@ae1d79,[J@ae1d79,[J@ae1d79,[J@ae1d79,[J@ae1d79,[J@ae1d79,[J@ae1d79,[J@ae1d79,[J@ae1d79,[J@ae1d79,[J@ae1d79,[J@ae1d79,[J@ae1d79,[J@ae1d79,[J@ae1d79,[J@ae1d79
operator: UnknownresourceId: Unknown - creating db connection using connection name: informix_connection
committing transaction
Read propery[ConnectionFactoryNS] which is  required  with value[com.topcoder.db.connectionfactory.DBConnectionFactoryImpl] from namespace [com.topcoder.management.project.persistence.InformixProjectPersistence].
Read propery[ConnectionName] which is  optional  with value[informix_connection] from namespace [com.topcoder.management.project.persistence.InformixProjectPersistence].
Read propery[ProjectIdSequenceName] which is  optional  with value[project_id_seq] from namespace [com.topcoder.management.project.persistence.InformixProjectPersistence].
Read propery[ProjectAuditIdSequenceName] which is  optional  with value[project_audit_id_seq] from namespace [com.topcoder.management.project.persistence.InformixProjectPersistence].
Read propery[ConnectionFactoryNS] which is  required  with value[com.topcoder.db.connectionfactory.DBConnectionFactoryImpl] from namespace [com.topcoder.management.project.persistence.link.ProjectLinkManagerImpl].
Read propery[ConnectionName] which is  optional  with value[informix_connection] from namespace [com.topcoder.management.project.persistence.link.ProjectLinkManagerImpl].
read property ConnectionFactoryNS[com.topcoder.db.connectionfactory.DBConnectionFactoryImpl] from the namespace :com.topcoder.management.scorecard.persistence.InformixScorecardPersistence
read property ConnectionName[informix_connection] from the namespace :com.topcoder.management.scorecard.persistence.InformixScorecardPersistence
Instantiate SqlUploadPersistence with connectionFactory and connectioName:informix_connection
Instantiate PersistenceUploadManager with UploadPersistence, uploadSearchBundle, submissionSearchBundle, uploadIdGenerator, uploadTypeIdGenerator, uploadStatusIdGenerator, submissionIDGenerator, submissionStatusIdGenerator and submissionTypeIdGenerator.
Instantiate AbstractResourcePersistence with connectionFactory and connectionName[informix_connection].
load Resource role with ids:[J@1c98475,[J@1c98475,[J@1c98475,[J@1c98475,[J@1c98475,[J@1c98475,[J@1c98475,[J@1c98475,[J@1c98475,[J@1c98475,[J@1c98475,[J@1c98475,[J@1c98475,[J@1c98475,[J@1c98475,[J@1c98475,[J@1c98475,[J@1c98475,[J@1c98475,[J@1c98475,[J@1c98475,[J@1c98475
operator: UnknownresourceId: Unknown - creating db connection using connection name: informix_connection
committing transaction
Read propery[ConnectionFactoryNS] which is  required  with value[com.topcoder.db.connectionfactory.DBConnectionFactoryImpl] from namespace [com.topcoder.management.project.persistence.InformixProjectPersistence].
Read propery[ConnectionName] which is  optional  with value[informix_connection] from namespace [com.topcoder.management.project.persistence.InformixProjectPersistence].
Read propery[ProjectIdSequenceName] which is  optional  with value[project_id_seq] from namespace [com.topcoder.management.project.persistence.InformixProjectPersistence].
Read propery[ProjectAuditIdSequenceName] which is  optional  with value[project_audit_id_seq] from namespace [com.topcoder.management.project.persistence.InformixProjectPersistence].
Read propery[ConnectionFactoryNS] which is  required  with value[com.topcoder.db.connectionfactory.DBConnectionFactoryImpl] from namespace [com.topcoder.management.project.persistence.link.ProjectLinkManagerImpl].
Read propery[ConnectionName] which is  optional  with value[informix_connection] from namespace [com.topcoder.management.project.persistence.link.ProjectLinkManagerImpl].
read property ConnectionFactoryNS[com.topcoder.db.connectionfactory.DBConnectionFactoryImpl] from the namespace :com.topcoder.management.scorecard.persistence.InformixScorecardPersistence
read property ConnectionName[informix_connection] from the namespace :com.topcoder.management.scorecard.persistence.InformixScorecardPersistence
Instantiate SqlUploadPersistence with connectionFactory and connectioName:informix_connection
Instantiate PersistenceUploadManager with UploadPersistence, uploadSearchBundle, submissionSearchBundle, uploadIdGenerator, uploadTypeIdGenerator, uploadStatusIdGenerator, submissionIDGenerator, submissionStatusIdGenerator and submissionTypeIdGenerator.
Instantiate AbstractResourcePersistence with connectionFactory and connectionName[informix_connection].
load Resource role with ids:[J@d39f12,[J@d39f12,[J@d39f12,[J@d39f12,[J@d39f12,[J@d39f12,[J@d39f12,[J@d39f12,[J@d39f12,[J@d39f12,[J@d39f12,[J@d39f12,[J@d39f12,[J@d39f12,[J@d39f12,[J@d39f12,[J@d39f12,[J@d39f12,[J@d39f12,[J@d39f12,[J@d39f12,[J@d39f12
operator: UnknownresourceId: Unknown - creating db connection using connection name: informix_connection
committing transaction
type: Upload id: Unknown operator:Unknown - search submissions with filter. found: 2
load Resource with ids:[J@1e074a8,[J@1e074a8
operator: UnknownresourceId: Unknown - creating db connection using connection name: informix_connection
load ResourceRole with id:4
operator: UnknownresourceId: Unknown - creating db connection using connection name: informix_connection
committing transaction
load ResourceRole with id:4
operator: UnknownresourceId: Unknown - creating db connection using connection name: informix_connection
committing transaction
committing transaction
type: Submission id: 1 operator:1001 - update Submission.
type: Submission id: 1 operator:Unknown - Update Submission, it will update record in submission table.
create db connection using connection name:informix_connection
close the connection.
type: Submission id: 2 operator:1001 - update Submission.
type: Submission id: 2 operator:Unknown - Update Submission, it will update record in submission table.
create db connection using connection name:informix_connection
close the connection.
operator: UnknownresourceId: 4 - load resource.
operator: UnknownresourceId: Unknown - creating db connection using connection name: informix_connection
load ResourceRole with id:1
operator: UnknownresourceId: Unknown - creating db connection using connection name: informix_connection
committing transaction
committing transaction
operator: UnknownresourceId: 5 - load resource.
operator: UnknownresourceId: Unknown - creating db connection using connection name: informix_connection
load ResourceRole with id:1
operator: UnknownresourceId: Unknown - creating db connection using connection name: informix_connection
committing transaction
committing transaction
load Notifications with array of userIds/projectIds/notificationTypes.
operator: UnknownresourceId: Unknown - creating db connection using connection name: informix_connection
committing transaction
get projects with the ids: 1
operator: UnknownprojectId: Unknown - creating db connection using connection name: informix_connection
committing transaction
load Resource role with ids:[J@eae2a6,[J@eae2a6,[J@eae2a6,[J@eae2a6,[J@eae2a6,[J@eae2a6,[J@eae2a6,[J@eae2a6,[J@eae2a6,[J@eae2a6,[J@eae2a6,[J@eae2a6,[J@eae2a6,[J@eae2a6,[J@eae2a6,[J@eae2a6,[J@eae2a6,[J@eae2a6,[J@eae2a6,[J@eae2a6,[J@eae2a6,[J@eae2a6
operator: UnknownresourceId: Unknown - creating db connection using connection name: informix_connection
committing transaction
load Resource with ids:[J@18a03ab,[J@18a03ab,[J@18a03ab
operator: UnknownresourceId: Unknown - creating db connection using connection name: informix_connection
load ResourceRole with id:4
operator: UnknownresourceId: Unknown - creating db connection using connection name: informix_connection
committing transaction
load ResourceRole with id:4
operator: UnknownresourceId: Unknown - creating db connection using connection name: informix_connection
committing transaction
load ResourceRole with id:4
operator: UnknownresourceId: Unknown - creating db connection using connection name: informix_connection
committing transaction
committing transaction
load Resource with ids:[J@69f8e3
operator: UnknownresourceId: Unknown - creating db connection using connection name: informix_connection
load ResourceRole with id:12
operator: UnknownresourceId: Unknown - creating db connection using connection name: informix_connection
committing transaction
committing transaction
load Resource with ids:[J@1b13c3f
operator: UnknownresourceId: Unknown - creating db connection using connection name: informix_connection
load ResourceRole with id:13
operator: UnknownresourceId: Unknown - creating db connection using connection name: informix_connection
committing transaction
committing transaction
load Resource with ids:[J@1a1dbdd
operator: UnknownresourceId: Unknown - creating db connection using connection name: informix_connection
load ResourceRole with id:9
operator: UnknownresourceId: Unknown - creating db connection using connection name: informix_connection
committing transaction
committing transaction
load Resource with ids:[J@8500f7,[J@8500f7
operator: UnknownresourceId: Unknown - creating db connection using connection name: informix_connection
load ResourceRole with id:1
operator: UnknownresourceId: Unknown - creating db connection using connection name: informix_connection
committing transaction
load ResourceRole with id:1
operator: UnknownresourceId: Unknown - creating db connection using connection name: informix_connection
committing transaction
committing transaction
operator: UnknownresourceId: 6 - load resource.
operator: UnknownresourceId: Unknown - creating db connection using connection name: informix_connection
load ResourceRole with id:4
operator: UnknownresourceId: Unknown - creating db connection using connection name: informix_connection
committing transaction
committing transaction
operator: UnknownresourceId: 4 - load resource.
operator: UnknownresourceId: Unknown - creating db connection using connection name: informix_connection
load ResourceRole with id:1
operator: UnknownresourceId: Unknown - creating db connection using connection name: informix_connection
committing transaction
committing transaction
operator: UnknownresourceId: 100000 - load resource.
operator: UnknownresourceId: Unknown - creating db connection using connection name: informix_connection
load ResourceRole with id:13
operator: UnknownresourceId: Unknown - creating db connection using connection name: informix_connection
committing transaction
committing transaction
operator: UnknownresourceId: 7 - load resource.
operator: UnknownresourceId: Unknown - creating db connection using connection name: informix_connection
load ResourceRole with id:4
operator: UnknownresourceId: Unknown - creating db connection using connection name: informix_connection
committing transaction
committing transaction
operator: UnknownresourceId: 5 - load resource.
operator: UnknownresourceId: Unknown - creating db connection using connection name: informix_connection
load ResourceRole with id:1
operator: UnknownresourceId: Unknown - creating db connection using connection name: informix_connection
committing transaction
committing transaction
type: Upload id: Unknown operator:Unknown - search submissions with filter. found: 2
load Resource with ids:[J@f1e7fa,[J@f1e7fa
operator: UnknownresourceId: Unknown - creating db connection using connection name: informix_connection
load ResourceRole with id:4
operator: UnknownresourceId: Unknown - creating db connection using connection name: informix_connection
committing transaction
load ResourceRole with id:4
operator: UnknownresourceId: Unknown - creating db connection using connection name: informix_connection
committing transaction
committing transaction
type: Scorecard id: Unknown operator:Unknown - retrieve scorecard with ids:1, and is incomplete
create db connection with connect name:informix_connection
close the connection.
get All submission statuses, delegate to persistence.
get All submission statuses, delegate to persistence.
create db connection using connection name:informix_connection
close the connection.
type: SubmissionStatus id: Unknown operator:Unknown - Load SubmissionStatuses with ids:1,2,3,4,5
create db connection using connection name:informix_connection
close the connection.
get All submission statuses, delegate to persistence.
get All submission statuses, delegate to persistence.
create db connection using connection name:informix_connection
close the connection.
type: SubmissionStatus id: Unknown operator:Unknown - Load SubmissionStatuses with ids:1,2,3,4,5
create db connection using connection name:informix_connection
close the connection.
operator: UnknownresourceId: 4 - load resource.
operator: UnknownresourceId: Unknown - creating db connection using connection name: informix_connection
load ResourceRole with id:1
operator: UnknownresourceId: Unknown - creating db connection using connection name: informix_connection
committing transaction
committing transaction
type: Submission id: 1 operator:1001 - update Submission.
type: Submission id: 1 operator:Unknown - Update Submission, it will update record in submission table.
create db connection using connection name:informix_connection
close the connection.
operator: UnknownresourceId: 5 - load resource.
operator: UnknownresourceId: Unknown - creating db connection using connection name: informix_connection
load ResourceRole with id:1
operator: UnknownresourceId: Unknown - creating db connection using connection name: informix_connection
committing transaction
committing transaction
type: Submission id: 2 operator:1001 - update Submission.
type: Submission id: 2 operator:Unknown - Update Submission, it will update record in submission table.
create db connection using connection name:informix_connection
close the connection.
get projects with the ids: 1
operator: UnknownprojectId: Unknown - creating db connection using connection name: informix_connection
committing transaction
operator: 1001projectId: 1 - updating project: {Winner External Reference ID=4, Project Name=Online Review Phases, Project Version=1.2, Send Winner Emails=true, Post-Mortem Required=true}
operator: UnknownprojectId: Unknown - creating db connection using connection name: informix_connection
operator: 1001projectId: 1 - update project with projectId:1
operator: 1001projectId: 1 - update project, update project_info with projectId:1
operator: 1001projectId: 1 - insert record into project_info with project id1
operator: 1001projectId: 1 - generate new id for the project audit.
insert record into project_audit with projectId:1
operator: 1001projectId: 1 - execute sql:SELECT modify_date FROM project WHERE project_id=?
committing transaction
operator: UnknownresourceId: 4 - load resource.
operator: UnknownresourceId: Unknown - creating db connection using connection name: informix_connection
load ResourceRole with id:1
operator: UnknownresourceId: Unknown - creating db connection using connection name: informix_connection
committing transaction
committing transaction
operator: UnknownresourceId: 5 - load resource.
operator: UnknownresourceId: Unknown - creating db connection using connection name: informix_connection
load ResourceRole with id:1
operator: UnknownresourceId: Unknown - creating db connection using connection name: informix_connection
committing transaction
committing transaction
load Notifications with array of userIds/projectIds/notificationTypes.
operator: UnknownresourceId: Unknown - creating db connection using connection name: informix_connection
committing transaction
get projects with the ids: 1
operator: UnknownprojectId: Unknown - creating db connection using connection name: informix_connection
committing transaction
load Resource role with ids:[J@153a91b,[J@153a91b,[J@153a91b,[J@153a91b,[J@153a91b,[J@153a91b,[J@153a91b,[J@153a91b,[J@153a91b,[J@153a91b,[J@153a91b,[J@153a91b,[J@153a91b,[J@153a91b,[J@153a91b,[J@153a91b,[J@153a91b,[J@153a91b,[J@153a91b,[J@153a91b,[J@153a91b,[J@153a91b
operator: UnknownresourceId: Unknown - creating db connection using connection name: informix_connection
committing transaction
load Resource with ids:[J@16d72d0,[J@16d72d0,[J@16d72d0
operator: UnknownresourceId: Unknown - creating db connection using connection name: informix_connection
load ResourceRole with id:4
operator: UnknownresourceId: Unknown - creating db connection using connection name: informix_connection
committing transaction
load ResourceRole with id:4
operator: UnknownresourceId: Unknown - creating db connection using connection name: informix_connection
committing transaction
load ResourceRole with id:4
operator: UnknownresourceId: Unknown - creating db connection using connection name: informix_connection
committing transaction
committing transaction
load Resource with ids:[J@fea184
operator: UnknownresourceId: Unknown - creating db connection using connection name: informix_connection
load ResourceRole with id:12
operator: UnknownresourceId: Unknown - creating db connection using connection name: informix_connection
committing transaction
committing transaction
load Resource with ids:[J@48befd
operator: UnknownresourceId: Unknown - creating db connection using connection name: informix_connection
load ResourceRole with id:13
operator: UnknownresourceId: Unknown - creating db connection using connection name: informix_connection
committing transaction
committing transaction
load Resource with ids:[J@803a39
operator: UnknownresourceId: Unknown - creating db connection using connection name: informix_connection
load ResourceRole with id:9
operator: UnknownresourceId: Unknown - creating db connection using connection name: informix_connection
committing transaction
committing transaction
load Resource with ids:[J@7b010e,[J@7b010e
operator: UnknownresourceId: Unknown - creating db connection using connection name: informix_connection
load ResourceRole with id:1
operator: UnknownresourceId: Unknown - creating db connection using connection name: informix_connection
committing transaction
load ResourceRole with id:1
operator: UnknownresourceId: Unknown - creating db connection using connection name: informix_connection
committing transaction
committing transaction
operator: UnknownresourceId: 6 - load resource.
operator: UnknownresourceId: Unknown - creating db connection using connection name: informix_connection
load ResourceRole with id:4
operator: UnknownresourceId: Unknown - creating db connection using connection name: informix_connection
committing transaction
committing transaction
operator: UnknownresourceId: 4 - load resource.
operator: UnknownresourceId: Unknown - creating db connection using connection name: informix_connection
load ResourceRole with id:1
operator: UnknownresourceId: Unknown - creating db connection using connection name: informix_connection
committing transaction
committing transaction
operator: UnknownresourceId: 100000 - load resource.
operator: UnknownresourceId: Unknown - creating db connection using connection name: informix_connection
load ResourceRole with id:13
operator: UnknownresourceId: Unknown - creating db connection using connection name: informix_connection
committing transaction
committing transaction
operator: UnknownresourceId: 7 - load resource.
operator: UnknownresourceId: Unknown - creating db connection using connection name: informix_connection
load ResourceRole with id:4
operator: UnknownresourceId: Unknown - creating db connection using connection name: informix_connection
committing transaction
committing transaction
operator: UnknownresourceId: 5 - load resource.
operator: UnknownresourceId: Unknown - creating db connection using connection name: informix_connection
load ResourceRole with id:1
operator: UnknownresourceId: Unknown - creating db connection using connection name: informix_connection
committing transaction
committing transaction
load Resource with ids:[J@1a92ef3
operator: UnknownresourceId: Unknown - creating db connection using connection name: informix_connection
load ResourceRole with id:8
operator: UnknownresourceId: Unknown - creating db connection using connection name: informix_connection
committing transaction
committing transaction
load Resource with ids:[J@35f260,[J@35f260
operator: UnknownresourceId: Unknown - creating db connection using connection name: informix_connection
load ResourceRole with id:4
operator: UnknownresourceId: Unknown - creating db connection using connection name: informix_connection
committing transaction
load ResourceRole with id:4
operator: UnknownresourceId: Unknown - creating db connection using connection name: informix_connection
committing transaction
committing transaction
get projects with the ids: 1
operator: UnknownprojectId: Unknown - creating db connection using connection name: informix_connection
committing transaction
load Resource with ids:[J@19fff4d
operator: UnknownresourceId: Unknown - creating db connection using connection name: informix_connection
load ResourceRole with id:1
operator: UnknownresourceId: Unknown - creating db connection using connection name: informix_connection
committing transaction
committing transaction
type: Upload id: Unknown operator:Unknown - search submissions with filter. found: 1
load Resource with ids:[J@9c2782,[J@9c2782
operator: UnknownresourceId: Unknown - creating db connection using connection name: informix_connection
load ResourceRole with id:4
operator: UnknownresourceId: Unknown - creating db connection using connection name: informix_connection
committing transaction
load ResourceRole with id:4
operator: UnknownresourceId: Unknown - creating db connection using connection name: informix_connection
committing transaction
committing transaction
operator: 1001phaseId: 107 - create aggregate worksheet.
load Notifications with array of userIds/projectIds/notificationTypes.
operator: UnknownresourceId: Unknown - creating db connection using connection name: informix_connection
committing transaction
get projects with the ids: 1
operator: UnknownprojectId: Unknown - creating db connection using connection name: informix_connection
committing transaction
load Resource role with ids:[J@40d9f0,[J@40d9f0,[J@40d9f0,[J@40d9f0,[J@40d9f0,[J@40d9f0,[J@40d9f0,[J@40d9f0,[J@40d9f0,[J@40d9f0,[J@40d9f0,[J@40d9f0,[J@40d9f0,[J@40d9f0,[J@40d9f0,[J@40d9f0,[J@40d9f0,[J@40d9f0,[J@40d9f0,[J@40d9f0,[J@40d9f0,[J@40d9f0
operator: UnknownresourceId: Unknown - creating db connection using connection name: informix_connection
committing transaction
load Resource with ids:[J@1dce41b,[J@1dce41b,[J@1dce41b
operator: UnknownresourceId: Unknown - creating db connection using connection name: informix_connection
load ResourceRole with id:4
operator: UnknownresourceId: Unknown - creating db connection using connection name: informix_connection
committing transaction
load ResourceRole with id:4
operator: UnknownresourceId: Unknown - creating db connection using connection name: informix_connection
committing transaction
load ResourceRole with id:4
operator: UnknownresourceId: Unknown - creating db connection using connection name: informix_connection
committing transaction
committing transaction
load Resource with ids:[J@1f76960
operator: UnknownresourceId: Unknown - creating db connection using connection name: informix_connection
load ResourceRole with id:8
operator: UnknownresourceId: Unknown - creating db connection using connection name: informix_connection
committing transaction
committing transaction
load Resource with ids:[J@dfeb26
operator: UnknownresourceId: Unknown - creating db connection using connection name: informix_connection
load ResourceRole with id:12
operator: UnknownresourceId: Unknown - creating db connection using connection name: informix_connection
committing transaction
committing transaction
load Resource with ids:[J@14fc91f
operator: UnknownresourceId: Unknown - creating db connection using connection name: informix_connection
load ResourceRole with id:13
operator: UnknownresourceId: Unknown - creating db connection using connection name: informix_connection
committing transaction
committing transaction
load Resource with ids:[J@1ea8315
operator: UnknownresourceId: Unknown - creating db connection using connection name: informix_connection
load ResourceRole with id:9
operator: UnknownresourceId: Unknown - creating db connection using connection name: informix_connection
committing transaction
committing transaction
load Resource with ids:[J@d0831b,[J@d0831b
operator: UnknownresourceId: Unknown - creating db connection using connection name: informix_connection
load ResourceRole with id:1
operator: UnknownresourceId: Unknown - creating db connection using connection name: informix_connection
committing transaction
load ResourceRole with id:1
operator: UnknownresourceId: Unknown - creating db connection using connection name: informix_connection
committing transaction
committing transaction
operator: UnknownresourceId: 6 - load resource.
operator: UnknownresourceId: Unknown - creating db connection using connection name: informix_connection
load ResourceRole with id:4
operator: UnknownresourceId: Unknown - creating db connection using connection name: informix_connection
committing transaction
committing transaction
operator: UnknownresourceId: 4 - load resource.
operator: UnknownresourceId: Unknown - creating db connection using connection name: informix_connection
load ResourceRole with id:1
operator: UnknownresourceId: Unknown - creating db connection using connection name: informix_connection
committing transaction
committing transaction
operator: UnknownresourceId: 100000 - load resource.
operator: UnknownresourceId: Unknown - creating db connection using connection name: informix_connection
load ResourceRole with id:13
operator: UnknownresourceId: Unknown - creating db connection using connection name: informix_connection
committing transaction
committing transaction
operator: UnknownresourceId: 7 - load resource.
operator: UnknownresourceId: Unknown - creating db connection using connection name: informix_connection
load ResourceRole with id:4
operator: UnknownresourceId: Unknown - creating db connection using connection name: informix_connection
committing transaction
committing transaction
operator: UnknownresourceId: 5 - load resource.
operator: UnknownresourceId: Unknown - creating db connection using connection name: informix_connection
load ResourceRole with id:1
operator: UnknownresourceId: Unknown - creating db connection using connection name: informix_connection
committing transaction
committing transaction
load Notifications with array of userIds/projectIds/notificationTypes.
operator: UnknownresourceId: Unknown - creating db connection using connection name: informix_connection
committing transaction
get projects with the ids: 1
operator: UnknownprojectId: Unknown - creating db connection using connection name: informix_connection
committing transaction
load Resource role with ids:[J@17af725,[J@17af725,[J@17af725,[J@17af725,[J@17af725,[J@17af725,[J@17af725,[J@17af725,[J@17af725,[J@17af725,[J@17af725,[J@17af725,[J@17af725,[J@17af725,[J@17af725,[J@17af725,[J@17af725,[J@17af725,[J@17af725,[J@17af725,[J@17af725,[J@17af725
operator: UnknownresourceId: Unknown - creating db connection using connection name: informix_connection
committing transaction
load Resource with ids:[J@cefbbd,[J@cefbbd,[J@cefbbd
operator: UnknownresourceId: Unknown - creating db connection using connection name: informix_connection
load ResourceRole with id:4
operator: UnknownresourceId: Unknown - creating db connection using connection name: informix_connection
committing transaction
load ResourceRole with id:4
operator: UnknownresourceId: Unknown - creating db connection using connection name: informix_connection
committing transaction
load ResourceRole with id:4
operator: UnknownresourceId: Unknown - creating db connection using connection name: informix_connection
committing transaction
committing transaction
load Resource with ids:[J@18f420
operator: UnknownresourceId: Unknown - creating db connection using connection name: informix_connection
load ResourceRole with id:8
operator: UnknownresourceId: Unknown - creating db connection using connection name: informix_connection
committing transaction
committing transaction
load Resource with ids:[J@20a653
operator: UnknownresourceId: Unknown - creating db connection using connection name: informix_connection
load ResourceRole with id:12
operator: UnknownresourceId: Unknown - creating db connection using connection name: informix_connection
committing transaction
committing transaction
load Resource with ids:[J@18dca77
operator: UnknownresourceId: Unknown - creating db connection using connection name: informix_connection
load ResourceRole with id:13
operator: UnknownresourceId: Unknown - creating db connection using connection name: informix_connection
committing transaction
committing transaction
load Resource with ids:[J@11e0c54
operator: UnknownresourceId: Unknown - creating db connection using connection name: informix_connection
load ResourceRole with id:9
operator: UnknownresourceId: Unknown - creating db connection using connection name: informix_connection
committing transaction
committing transaction
load Resource with ids:[J@8a48a3,[J@8a48a3
operator: UnknownresourceId: Unknown - creating db connection using connection name: informix_connection
load ResourceRole with id:1
operator: UnknownresourceId: Unknown - creating db connection using connection name: informix_connection
committing transaction
load ResourceRole with id:1
operator: UnknownresourceId: Unknown - creating db connection using connection name: informix_connection
committing transaction
committing transaction
operator: UnknownresourceId: 6 - load resource.
operator: UnknownresourceId: Unknown - creating db connection using connection name: informix_connection
load ResourceRole with id:4
operator: UnknownresourceId: Unknown - creating db connection using connection name: informix_connection
committing transaction
committing transaction
operator: UnknownresourceId: 4 - load resource.
operator: UnknownresourceId: Unknown - creating db connection using connection name: informix_connection
load ResourceRole with id:1
operator: UnknownresourceId: Unknown - creating db connection using connection name: informix_connection
committing transaction
committing transaction
operator: UnknownresourceId: 100000 - load resource.
operator: UnknownresourceId: Unknown - creating db connection using connection name: informix_connection
load ResourceRole with id:13
operator: UnknownresourceId: Unknown - creating db connection using connection name: informix_connection
committing transaction
committing transaction
operator: UnknownresourceId: 7 - load resource.
operator: UnknownresourceId: Unknown - creating db connection using connection name: informix_connection
load ResourceRole with id:4
operator: UnknownresourceId: Unknown - creating db connection using connection name: informix_connection
committing transaction
committing transaction
operator: UnknownresourceId: 5 - load resource.
operator: UnknownresourceId: Unknown - creating db connection using connection name: informix_connection
load ResourceRole with id:1
operator: UnknownresourceId: Unknown - creating db connection using connection name: informix_connection
committing transaction
committing transaction
load Resource with ids:[J@1ee9bfa
operator: UnknownresourceId: Unknown - creating db connection using connection name: informix_connection
load ResourceRole with id:9
operator: UnknownresourceId: Unknown - creating db connection using connection name: informix_connection
committing transaction
committing transaction
load Notifications with array of userIds/projectIds/notificationTypes.
operator: UnknownresourceId: Unknown - creating db connection using connection name: informix_connection
committing transaction
get projects with the ids: 1
operator: UnknownprojectId: Unknown - creating db connection using connection name: informix_connection
committing transaction
load Resource role with ids:[J@b829cd,[J@b829cd,[J@b829cd,[J@b829cd,[J@b829cd,[J@b829cd,[J@b829cd,[J@b829cd,[J@b829cd,[J@b829cd,[J@b829cd,[J@b829cd,[J@b829cd,[J@b829cd,[J@b829cd,[J@b829cd,[J@b829cd,[J@b829cd,[J@b829cd,[J@b829cd,[J@b829cd,[J@b829cd
operator: UnknownresourceId: Unknown - creating db connection using connection name: informix_connection
committing transaction
load Resource with ids:[J@1cac3a3,[J@1cac3a3,[J@1cac3a3
operator: UnknownresourceId: Unknown - creating db connection using connection name: informix_connection
load ResourceRole with id:4
operator: UnknownresourceId: Unknown - creating db connection using connection name: informix_connection
committing transaction
load ResourceRole with id:4
operator: UnknownresourceId: Unknown - creating db connection using connection name: informix_connection
committing transaction
load ResourceRole with id:4
operator: UnknownresourceId: Unknown - creating db connection using connection name: informix_connection
committing transaction
committing transaction
load Resource with ids:[J@a26214
operator: UnknownresourceId: Unknown - creating db connection using connection name: informix_connection
load ResourceRole with id:8
operator: UnknownresourceId: Unknown - creating db connection using connection name: informix_connection
committing transaction
committing transaction
load Resource with ids:[J@34317d
operator: UnknownresourceId: Unknown - creating db connection using connection name: informix_connection
load ResourceRole with id:12
operator: UnknownresourceId: Unknown - creating db connection using connection name: informix_connection
committing transaction
committing transaction
load Resource with ids:[J@7088aa
operator: UnknownresourceId: Unknown - creating db connection using connection name: informix_connection
load ResourceRole with id:13
operator: UnknownresourceId: Unknown - creating db connection using connection name: informix_connection
committing transaction
committing transaction
load Resource with ids:[J@f50e78,[J@f50e78
operator: UnknownresourceId: Unknown - creating db connection using connection name: informix_connection
load ResourceRole with id:9
operator: UnknownresourceId: Unknown - creating db connection using connection name: informix_connection
committing transaction
load ResourceRole with id:9
operator: UnknownresourceId: Unknown - creating db connection using connection name: informix_connection
committing transaction
committing transaction
load Resource with ids:[J@200bcc,[J@200bcc
operator: UnknownresourceId: Unknown - creating db connection using connection name: informix_connection
load ResourceRole with id:1
operator: UnknownresourceId: Unknown - creating db connection using connection name: informix_connection
committing transaction
load ResourceRole with id:1
operator: UnknownresourceId: Unknown - creating db connection using connection name: informix_connection
committing transaction
committing transaction
operator: UnknownresourceId: 6 - load resource.
operator: UnknownresourceId: Unknown - creating db connection using connection name: informix_connection
load ResourceRole with id:4
operator: UnknownresourceId: Unknown - creating db connection using connection name: informix_connection
committing transaction
committing transaction
operator: UnknownresourceId: 4 - load resource.
operator: UnknownresourceId: Unknown - creating db connection using connection name: informix_connection
load ResourceRole with id:1
operator: UnknownresourceId: Unknown - creating db connection using connection name: informix_connection
committing transaction
committing transaction
operator: UnknownresourceId: 100000 - load resource.
operator: UnknownresourceId: Unknown - creating db connection using connection name: informix_connection
load ResourceRole with id:13
operator: UnknownresourceId: Unknown - creating db connection using connection name: informix_connection
committing transaction
committing transaction
operator: UnknownresourceId: 7 - load resource.
operator: UnknownresourceId: Unknown - creating db connection using connection name: informix_connection
load ResourceRole with id:4
operator: UnknownresourceId: Unknown - creating db connection using connection name: informix_connection
committing transaction
committing transaction
operator: UnknownresourceId: 5 - load resource.
operator: UnknownresourceId: Unknown - creating db connection using connection name: informix_connection
load ResourceRole with id:1
operator: UnknownresourceId: Unknown - creating db connection using connection name: informix_connection
committing transaction
committing transaction
load Resource with ids:[J@1a07b74
operator: UnknownresourceId: Unknown - creating db connection using connection name: informix_connection
load ResourceRole with id:9
operator: UnknownresourceId: Unknown - creating db connection using connection name: informix_connection
committing transaction
committing transaction
load Notifications with array of userIds/projectIds/notificationTypes.
operator: UnknownresourceId: Unknown - creating db connection using connection name: informix_connection
committing transaction
get projects with the ids: 1
operator: UnknownprojectId: Unknown - creating db connection using connection name: informix_connection
committing transaction
load Resource role with ids:[J@59c441,[J@59c441,[J@59c441,[J@59c441,[J@59c441,[J@59c441,[J@59c441,[J@59c441,[J@59c441,[J@59c441,[J@59c441,[J@59c441,[J@59c441,[J@59c441,[J@59c441,[J@59c441,[J@59c441,[J@59c441,[J@59c441,[J@59c441,[J@59c441,[J@59c441
operator: UnknownresourceId: Unknown - creating db connection using connection name: informix_connection
committing transaction
load Resource with ids:[J@1f85c21,[J@1f85c21,[J@1f85c21
operator: UnknownresourceId: Unknown - creating db connection using connection name: informix_connection
load ResourceRole with id:4
operator: UnknownresourceId: Unknown - creating db connection using connection name: informix_connection
committing transaction
load ResourceRole with id:4
operator: UnknownresourceId: Unknown - creating db connection using connection name: informix_connection
committing transaction
load ResourceRole with id:4
operator: UnknownresourceId: Unknown - creating db connection using connection name: informix_connection
committing transaction
committing transaction
load Resource with ids:[J@a0f695
operator: UnknownresourceId: Unknown - creating db connection using connection name: informix_connection
load ResourceRole with id:8
operator: UnknownresourceId: Unknown - creating db connection using connection name: informix_connection
committing transaction
committing transaction
load Resource with ids:[J@135d789
operator: UnknownresourceId: Unknown - creating db connection using connection name: informix_connection
load ResourceRole with id:12
operator: UnknownresourceId: Unknown - creating db connection using connection name: informix_connection
committing transaction
committing transaction
load Resource with ids:[J@1bed53c
operator: UnknownresourceId: Unknown - creating db connection using connection name: informix_connection
load ResourceRole with id:13
operator: UnknownresourceId: Unknown - creating db connection using connection name: informix_connection
committing transaction
committing transaction
load Resource with ids:[J@c9f1df,[J@c9f1df
operator: UnknownresourceId: Unknown - creating db connection using connection name: informix_connection
load ResourceRole with id:9
operator: UnknownresourceId: Unknown - creating db connection using connection name: informix_connection
committing transaction
load ResourceRole with id:9
operator: UnknownresourceId: Unknown - creating db connection using connection name: informix_connection
committing transaction
committing transaction
load Resource with ids:[J@bf7fed,[J@bf7fed
operator: UnknownresourceId: Unknown - creating db connection using connection name: informix_connection
load ResourceRole with id:1
operator: UnknownresourceId: Unknown - creating db connection using connection name: informix_connection
committing transaction
load ResourceRole with id:1
operator: UnknownresourceId: Unknown - creating db connection using connection name: informix_connection
committing transaction
committing transaction
operator: UnknownresourceId: 6 - load resource.
operator: UnknownresourceId: Unknown - creating db connection using connection name: informix_connection
load ResourceRole with id:4
operator: UnknownresourceId: Unknown - creating db connection using connection name: informix_connection
committing transaction
committing transaction
operator: UnknownresourceId: 4 - load resource.
operator: UnknownresourceId: Unknown - creating db connection using connection name: informix_connection
load ResourceRole with id:1
operator: UnknownresourceId: Unknown - creating db connection using connection name: informix_connection
committing transaction
committing transaction
operator: UnknownresourceId: 100000 - load resource.
operator: UnknownresourceId: Unknown - creating db connection using connection name: informix_connection
load ResourceRole with id:13
operator: UnknownresourceId: Unknown - creating db connection using connection name: informix_connection
committing transaction
committing transaction
operator: UnknownresourceId: 7 - load resource.
operator: UnknownresourceId: Unknown - creating db connection using connection name: informix_connection
load ResourceRole with id:4
operator: UnknownresourceId: Unknown - creating db connection using connection name: informix_connection
committing transaction
committing transaction
operator: UnknownresourceId: 5 - load resource.
operator: UnknownresourceId: Unknown - creating db connection using connection name: informix_connection
load ResourceRole with id:1
operator: UnknownresourceId: Unknown - creating db connection using connection name: informix_connection
committing transaction
committing transaction
load Resource with ids:[J@14be8c
operator: UnknownresourceId: Unknown - creating db connection using connection name: informix_connection
load ResourceRole with id:9
operator: UnknownresourceId: Unknown - creating db connection using connection name: informix_connection
committing transaction
committing transaction
load Notifications with array of userIds/projectIds/notificationTypes.
operator: UnknownresourceId: Unknown - creating db connection using connection name: informix_connection
committing transaction
get projects with the ids: 1
operator: UnknownprojectId: Unknown - creating db connection using connection name: informix_connection
committing transaction
load Resource role with ids:[J@1913eb5,[J@1913eb5,[J@1913eb5,[J@1913eb5,[J@1913eb5,[J@1913eb5,[J@1913eb5,[J@1913eb5,[J@1913eb5,[J@1913eb5,[J@1913eb5,[J@1913eb5,[J@1913eb5,[J@1913eb5,[J@1913eb5,[J@1913eb5,[J@1913eb5,[J@1913eb5,[J@1913eb5,[J@1913eb5,[J@1913eb5,[J@1913eb5
operator: UnknownresourceId: Unknown - creating db connection using connection name: informix_connection
committing transaction
load Resource with ids:[J@17576e1,[J@17576e1,[J@17576e1
operator: UnknownresourceId: Unknown - creating db connection using connection name: informix_connection
load ResourceRole with id:4
operator: UnknownresourceId: Unknown - creating db connection using connection name: informix_connection
committing transaction
load ResourceRole with id:4
operator: UnknownresourceId: Unknown - creating db connection using connection name: informix_connection
committing transaction
load ResourceRole with id:4
operator: UnknownresourceId: Unknown - creating db connection using connection name: informix_connection
committing transaction
committing transaction
load Resource with ids:[J@1047034
operator: UnknownresourceId: Unknown - creating db connection using connection name: informix_connection
load ResourceRole with id:8
operator: UnknownresourceId: Unknown - creating db connection using connection name: informix_connection
committing transaction
committing transaction
load Resource with ids:[J@997c55
operator: UnknownresourceId: Unknown - creating db connection using connection name: informix_connection
load ResourceRole with id:12
operator: UnknownresourceId: Unknown - creating db connection using connection name: informix_connection
committing transaction
committing transaction
load Resource with ids:[J@116e7f2
operator: UnknownresourceId: Unknown - creating db connection using connection name: informix_connection
load ResourceRole with id:13
operator: UnknownresourceId: Unknown - creating db connection using connection name: informix_connection
committing transaction
committing transaction
load Resource with ids:[J@8d0eae,[J@8d0eae
operator: UnknownresourceId: Unknown - creating db connection using connection name: informix_connection
load ResourceRole with id:9
operator: UnknownresourceId: Unknown - creating db connection using connection name: informix_connection
committing transaction
load ResourceRole with id:9
operator: UnknownresourceId: Unknown - creating db connection using connection name: informix_connection
committing transaction
committing transaction
load Resource with ids:[J@1f5a07,[J@1f5a07
operator: UnknownresourceId: Unknown - creating db connection using connection name: informix_connection
load ResourceRole with id:1
operator: UnknownresourceId: Unknown - creating db connection using connection name: informix_connection
committing transaction
load ResourceRole with id:1
operator: UnknownresourceId: Unknown - creating db connection using connection name: informix_connection
committing transaction
committing transaction
operator: UnknownresourceId: 6 - load resource.
operator: UnknownresourceId: Unknown - creating db connection using connection name: informix_connection
load ResourceRole with id:4
operator: UnknownresourceId: Unknown - creating db connection using connection name: informix_connection
committing transaction
committing transaction
operator: UnknownresourceId: 4 - load resource.
operator: UnknownresourceId: Unknown - creating db connection using connection name: informix_connection
load ResourceRole with id:1
operator: UnknownresourceId: Unknown - creating db connection using connection name: informix_connection
committing transaction
committing transaction
operator: UnknownresourceId: 100000 - load resource.
operator: UnknownresourceId: Unknown - creating db connection using connection name: informix_connection
load ResourceRole with id:13
operator: UnknownresourceId: Unknown - creating db connection using connection name: informix_connection
committing transaction
committing transaction
operator: UnknownresourceId: 7 - load resource.
operator: UnknownresourceId: Unknown - creating db connection using connection name: informix_connection
load ResourceRole with id:4
operator: UnknownresourceId: Unknown - creating db connection using connection name: informix_connection
committing transaction
committing transaction
operator: UnknownresourceId: 5 - load resource.
operator: UnknownresourceId: Unknown - creating db connection using connection name: informix_connection
load ResourceRole with id:1
operator: UnknownresourceId: Unknown - creating db connection using connection name: informix_connection
committing transaction
committing transaction
load Resource with ids:[J@150ded6
operator: UnknownresourceId: Unknown - creating db connection using connection name: informix_connection
load ResourceRole with id:9
operator: UnknownresourceId: Unknown - creating db connection using connection name: informix_connection
committing transaction
committing transaction
load Notifications with array of userIds/projectIds/notificationTypes.
operator: UnknownresourceId: Unknown - creating db connection using connection name: informix_connection
committing transaction
get projects with the ids: 1
operator: UnknownprojectId: Unknown - creating db connection using connection name: informix_connection
committing transaction
load Resource role with ids:[J@12b1e58,[J@12b1e58,[J@12b1e58,[J@12b1e58,[J@12b1e58,[J@12b1e58,[J@12b1e58,[J@12b1e58,[J@12b1e58,[J@12b1e58,[J@12b1e58,[J@12b1e58,[J@12b1e58,[J@12b1e58,[J@12b1e58,[J@12b1e58,[J@12b1e58,[J@12b1e58,[J@12b1e58,[J@12b1e58,[J@12b1e58,[J@12b1e58
operator: UnknownresourceId: Unknown - creating db connection using connection name: informix_connection
committing transaction
load Resource with ids:[J@1a392d2,[J@1a392d2,[J@1a392d2
operator: UnknownresourceId: Unknown - creating db connection using connection name: informix_connection
load ResourceRole with id:4
operator: UnknownresourceId: Unknown - creating db connection using connection name: informix_connection
committing transaction
load ResourceRole with id:4
operator: UnknownresourceId: Unknown - creating db connection using connection name: informix_connection
committing transaction
load ResourceRole with id:4
operator: UnknownresourceId: Unknown - creating db connection using connection name: informix_connection
committing transaction
committing transaction
load Resource with ids:[J@357147
operator: UnknownresourceId: Unknown - creating db connection using connection name: informix_connection
load ResourceRole with id:8
operator: UnknownresourceId: Unknown - creating db connection using connection name: informix_connection
committing transaction
committing transaction
load Resource with ids:[J@1220923
operator: UnknownresourceId: Unknown - creating db connection using connection name: informix_connection
load ResourceRole with id:12
operator: UnknownresourceId: Unknown - creating db connection using connection name: informix_connection
committing transaction
committing transaction
load Resource with ids:[J@3695bc
operator: UnknownresourceId: Unknown - creating db connection using connection name: informix_connection
load ResourceRole with id:13
operator: UnknownresourceId: Unknown - creating db connection using connection name: informix_connection
committing transaction
committing transaction
load Resource with ids:[J@1531236,[J@1531236
operator: UnknownresourceId: Unknown - creating db connection using connection name: informix_connection
load ResourceRole with id:9
operator: UnknownresourceId: Unknown - creating db connection using connection name: informix_connection
committing transaction
load ResourceRole with id:9
operator: UnknownresourceId: Unknown - creating db connection using connection name: informix_connection
committing transaction
committing transaction
load Resource with ids:[J@17640dc,[J@17640dc
operator: UnknownresourceId: Unknown - creating db connection using connection name: informix_connection
load ResourceRole with id:1
operator: UnknownresourceId: Unknown - creating db connection using connection name: informix_connection
committing transaction
load ResourceRole with id:1
operator: UnknownresourceId: Unknown - creating db connection using connection name: informix_connection
committing transaction
committing transaction
operator: UnknownresourceId: 6 - load resource.
operator: UnknownresourceId: Unknown - creating db connection using connection name: informix_connection
load ResourceRole with id:4
operator: UnknownresourceId: Unknown - creating db connection using connection name: informix_connection
committing transaction
committing transaction
operator: UnknownresourceId: 4 - load resource.
operator: UnknownresourceId: Unknown - creating db connection using connection name: informix_connection
load ResourceRole with id:1
operator: UnknownresourceId: Unknown - creating db connection using connection name: informix_connection
committing transaction
committing transaction
operator: UnknownresourceId: 100000 - load resource.
operator: UnknownresourceId: Unknown - creating db connection using connection name: informix_connection
load ResourceRole with id:13
operator: UnknownresourceId: Unknown - creating db connection using connection name: informix_connection
committing transaction
committing transaction
operator: UnknownresourceId: 7 - load resource.
operator: UnknownresourceId: Unknown - creating db connection using connection name: informix_connection
load ResourceRole with id:4
operator: UnknownresourceId: Unknown - creating db connection using connection name: informix_connection
committing transaction
committing transaction
operator: UnknownresourceId: 5 - load resource.
operator: UnknownresourceId: Unknown - creating db connection using connection name: informix_connection
load ResourceRole with id:1
operator: UnknownresourceId: Unknown - creating db connection using connection name: informix_connection
committing transaction
committing transaction
load Resource with ids:[J@c1bb6b
operator: UnknownresourceId: Unknown - creating db connection using connection name: informix_connection
load ResourceRole with id:9
operator: UnknownresourceId: Unknown - creating db connection using connection name: informix_connection
committing transaction
committing transaction
load Notifications with array of userIds/projectIds/notificationTypes.
operator: UnknownresourceId: Unknown - creating db connection using connection name: informix_connection
committing transaction
get projects with the ids: 1
operator: UnknownprojectId: Unknown - creating db connection using connection name: informix_connection
committing transaction
load Resource role with ids:[J@bdb4b5,[J@bdb4b5,[J@bdb4b5,[J@bdb4b5,[J@bdb4b5,[J@bdb4b5,[J@bdb4b5,[J@bdb4b5,[J@bdb4b5,[J@bdb4b5,[J@bdb4b5,[J@bdb4b5,[J@bdb4b5,[J@bdb4b5,[J@bdb4b5,[J@bdb4b5,[J@bdb4b5,[J@bdb4b5,[J@bdb4b5,[J@bdb4b5,[J@bdb4b5,[J@bdb4b5
operator: UnknownresourceId: Unknown - creating db connection using connection name: informix_connection
committing transaction
load Resource with ids:[J@18e9f18,[J@18e9f18,[J@18e9f18
operator: UnknownresourceId: Unknown - creating db connection using connection name: informix_connection
load ResourceRole with id:4
operator: UnknownresourceId: Unknown - creating db connection using connection name: informix_connection
committing transaction
load ResourceRole with id:4
operator: UnknownresourceId: Unknown - creating db connection using connection name: informix_connection
committing transaction
load ResourceRole with id:4
operator: UnknownresourceId: Unknown - creating db connection using connection name: informix_connection
committing transaction
committing transaction
load Resource with ids:[J@85706f
operator: UnknownresourceId: Unknown - creating db connection using connection name: informix_connection
load ResourceRole with id:8
operator: UnknownresourceId: Unknown - creating db connection using connection name: informix_connection
committing transaction
committing transaction
load Resource with ids:[J@e4f297
operator: UnknownresourceId: Unknown - creating db connection using connection name: informix_connection
load ResourceRole with id:12
operator: UnknownresourceId: Unknown - creating db connection using connection name: informix_connection
committing transaction
committing transaction
load Resource with ids:[J@153c2c5
operator: UnknownresourceId: Unknown - creating db connection using connection name: informix_connection
load ResourceRole with id:13
operator: UnknownresourceId: Unknown - creating db connection using connection name: informix_connection
committing transaction
committing transaction
load Resource with ids:[J@2f95cf,[J@2f95cf
operator: UnknownresourceId: Unknown - creating db connection using connection name: informix_connection
load ResourceRole with id:9
operator: UnknownresourceId: Unknown - creating db connection using connection name: informix_connection
committing transaction
load ResourceRole with id:9
operator: UnknownresourceId: Unknown - creating db connection using connection name: informix_connection
committing transaction
committing transaction
load Resource with ids:[J@c621ed,[J@c621ed
operator: UnknownresourceId: Unknown - creating db connection using connection name: informix_connection
load ResourceRole with id:1
operator: UnknownresourceId: Unknown - creating db connection using connection name: informix_connection
committing transaction
load ResourceRole with id:1
operator: UnknownresourceId: Unknown - creating db connection using connection name: informix_connection
committing transaction
committing transaction
operator: UnknownresourceId: 6 - load resource.
operator: UnknownresourceId: Unknown - creating db connection using connection name: informix_connection
load ResourceRole with id:4
operator: UnknownresourceId: Unknown - creating db connection using connection name: informix_connection
committing transaction
committing transaction
operator: UnknownresourceId: 4 - load resource.
operator: UnknownresourceId: Unknown - creating db connection using connection name: informix_connection
load ResourceRole with id:1
operator: UnknownresourceId: Unknown - creating db connection using connection name: informix_connection
committing transaction
committing transaction
operator: UnknownresourceId: 100000 - load resource.
operator: UnknownresourceId: Unknown - creating db connection using connection name: informix_connection
load ResourceRole with id:13
operator: UnknownresourceId: Unknown - creating db connection using connection name: informix_connection
committing transaction
committing transaction
operator: UnknownresourceId: 7 - load resource.
operator: UnknownresourceId: Unknown - creating db connection using connection name: informix_connection
load ResourceRole with id:4
operator: UnknownresourceId: Unknown - creating db connection using connection name: informix_connection
committing transaction
committing transaction
operator: UnknownresourceId: 5 - load resource.
operator: UnknownresourceId: Unknown - creating db connection using connection name: informix_connection
load ResourceRole with id:1
operator: UnknownresourceId: Unknown - creating db connection using connection name: informix_connection
committing transaction
committing transaction
Read propery[ConnectionFactoryNS] which is  required  with value[com.topcoder.db.connectionfactory.DBConnectionFactoryImpl] from namespace [com.topcoder.management.project.persistence.InformixProjectPersistence].
Read propery[ConnectionName] which is  optional  with value[informix_connection] from namespace [com.topcoder.management.project.persistence.InformixProjectPersistence].
Read propery[ProjectIdSequenceName] which is  optional  with value[project_id_seq] from namespace [com.topcoder.management.project.persistence.InformixProjectPersistence].
Read propery[ProjectAuditIdSequenceName] which is  optional  with value[project_audit_id_seq] from namespace [com.topcoder.management.project.persistence.InformixProjectPersistence].
Read propery[ConnectionFactoryNS] which is  required  with value[com.topcoder.db.connectionfactory.DBConnectionFactoryImpl] from namespace [com.topcoder.management.project.persistence.link.ProjectLinkManagerImpl].
Read propery[ConnectionName] which is  optional  with value[informix_connection] from namespace [com.topcoder.management.project.persistence.link.ProjectLinkManagerImpl].
read property ConnectionFactoryNS[com.topcoder.db.connectionfactory.DBConnectionFactoryImpl] from the namespace :com.topcoder.management.scorecard.persistence.InformixScorecardPersistence
read property ConnectionName[informix_connection] from the namespace :com.topcoder.management.scorecard.persistence.InformixScorecardPersistence
Instantiate SqlUploadPersistence with connectionFactory and connectioName:informix_connection
Instantiate PersistenceUploadManager with UploadPersistence, uploadSearchBundle, submissionSearchBundle, uploadIdGenerator, uploadTypeIdGenerator, uploadStatusIdGenerator, submissionIDGenerator, submissionStatusIdGenerator and submissionTypeIdGenerator.
Instantiate AbstractResourcePersistence with connectionFactory and connectionName[informix_connection].
load Resource role with ids:[J@65dc46,[J@65dc46,[J@65dc46,[J@65dc46,[J@65dc46,[J@65dc46,[J@65dc46,[J@65dc46,[J@65dc46,[J@65dc46,[J@65dc46,[J@65dc46,[J@65dc46,[J@65dc46,[J@65dc46,[J@65dc46,[J@65dc46,[J@65dc46,[J@65dc46,[J@65dc46,[J@65dc46,[J@65dc46
operator: UnknownresourceId: Unknown - creating db connection using connection name: informix_connection
committing transaction
load Resource with ids:[J@15bb4af
operator: UnknownresourceId: Unknown - creating db connection using connection name: informix_connection
load ResourceRole with id:9
operator: UnknownresourceId: Unknown - creating db connection using connection name: informix_connection
committing transaction
committing transaction
load Resource with ids:[J@1430575
operator: UnknownresourceId: Unknown - creating db connection using connection name: informix_connection
load ResourceRole with id:9
operator: UnknownresourceId: Unknown - creating db connection using connection name: informix_connection
committing transaction
committing transaction
operator: UnknownresourceId: 64 - add new resource to the project [id=1] with role :Final Reviewer in the [id=1423] phase.
operator: UnknownresourceId: Unknown - creating db connection using connection name: informix_connection
insert a record into resource with resource id : 64
insert a record into the resource_submission with resource_id:64 and submission_id:[Ljava.lang.Long;@11b752f
insert a record into the resource_info table with resource_id = 64 and resource_info_type_id =1 value = 2
insert a record into the resource_info table with resource_id = 64 and resource_info_type_id =7 value = 0
committing transaction
load Notifications with array of userIds/projectIds/notificationTypes.
operator: UnknownresourceId: Unknown - creating db connection using connection name: informix_connection
committing transaction
get projects with the ids: 1
operator: UnknownprojectId: Unknown - creating db connection using connection name: informix_connection
committing transaction
load Resource role with ids:[J@61e20,[J@61e20,[J@61e20,[J@61e20,[J@61e20,[J@61e20,[J@61e20,[J@61e20,[J@61e20,[J@61e20,[J@61e20,[J@61e20,[J@61e20,[J@61e20,[J@61e20,[J@61e20,[J@61e20,[J@61e20,[J@61e20,[J@61e20,[J@61e20,[J@61e20
operator: UnknownresourceId: Unknown - creating db connection using connection name: informix_connection
committing transaction
load Resource with ids:[J@1615661
operator: UnknownresourceId: Unknown - creating db connection using connection name: informix_connection
load ResourceRole with id:4
operator: UnknownresourceId: Unknown - creating db connection using connection name: informix_connection
committing transaction
committing transaction
load Resource with ids:[J@169577b
operator: UnknownresourceId: Unknown - creating db connection using connection name: informix_connection
load ResourceRole with id:12
operator: UnknownresourceId: Unknown - creating db connection using connection name: informix_connection
committing transaction
committing transaction
load Resource with ids:[J@1e99fae
operator: UnknownresourceId: Unknown - creating db connection using connection name: informix_connection
load ResourceRole with id:13
operator: UnknownresourceId: Unknown - creating db connection using connection name: informix_connection
committing transaction
committing transaction
load Resource with ids:[J@1101bd5,[J@1101bd5,[J@1101bd5
operator: UnknownresourceId: Unknown - creating db connection using connection name: informix_connection
load ResourceRole with id:9
operator: UnknownresourceId: Unknown - creating db connection using connection name: informix_connection
committing transaction
load ResourceRole with id:9
operator: UnknownresourceId: Unknown - creating db connection using connection name: informix_connection
committing transaction
load ResourceRole with id:9
operator: UnknownresourceId: Unknown - creating db connection using connection name: informix_connection
committing transaction
committing transaction
operator: UnknownresourceId: 100001 - load resource.
operator: UnknownresourceId: Unknown - creating db connection using connection name: informix_connection
load ResourceRole with id:4
operator: UnknownresourceId: Unknown - creating db connection using connection name: informix_connection
committing transaction
committing transaction
operator: UnknownresourceId: 100000 - load resource.
operator: UnknownresourceId: Unknown - creating db connection using connection name: informix_connection
load ResourceRole with id:13
operator: UnknownresourceId: Unknown - creating db connection using connection name: informix_connection
committing transaction
committing transaction
load Resource with ids:[J@7887f6
operator: UnknownresourceId: Unknown - creating db connection using connection name: informix_connection
load ResourceRole with id:9
operator: UnknownresourceId: Unknown - creating db connection using connection name: informix_connection
committing transaction
committing transaction
load Notifications with array of userIds/projectIds/notificationTypes.
operator: UnknownresourceId: Unknown - creating db connection using connection name: informix_connection
committing transaction
get projects with the ids: 1
operator: UnknownprojectId: Unknown - creating db connection using connection name: informix_connection
committing transaction
load Resource role with ids:[J@1c51e4c,[J@1c51e4c,[J@1c51e4c,[J@1c51e4c,[J@1c51e4c,[J@1c51e4c,[J@1c51e4c,[J@1c51e4c,[J@1c51e4c,[J@1c51e4c,[J@1c51e4c,[J@1c51e4c,[J@1c51e4c,[J@1c51e4c,[J@1c51e4c,[J@1c51e4c,[J@1c51e4c,[J@1c51e4c,[J@1c51e4c,[J@1c51e4c,[J@1c51e4c,[J@1c51e4c
operator: UnknownresourceId: Unknown - creating db connection using connection name: informix_connection
committing transaction
load Resource with ids:[J@19d373d
operator: UnknownresourceId: Unknown - creating db connection using connection name: informix_connection
load ResourceRole with id:4
operator: UnknownresourceId: Unknown - creating db connection using connection name: informix_connection
committing transaction
committing transaction
load Resource with ids:[J@677a45
operator: UnknownresourceId: Unknown - creating db connection using connection name: informix_connection
load ResourceRole with id:12
operator: UnknownresourceId: Unknown - creating db connection using connection name: informix_connection
committing transaction
committing transaction
load Resource with ids:[J@1de2325
operator: UnknownresourceId: Unknown - creating db connection using connection name: informix_connection
load ResourceRole with id:13
operator: UnknownresourceId: Unknown - creating db connection using connection name: informix_connection
committing transaction
committing transaction
load Resource with ids:[J@1fc1ddf,[J@1fc1ddf,[J@1fc1ddf
operator: UnknownresourceId: Unknown - creating db connection using connection name: informix_connection
load ResourceRole with id:9
operator: UnknownresourceId: Unknown - creating db connection using connection name: informix_connection
committing transaction
load ResourceRole with id:9
operator: UnknownresourceId: Unknown - creating db connection using connection name: informix_connection
committing transaction
load ResourceRole with id:9
operator: UnknownresourceId: Unknown - creating db connection using connection name: informix_connection
committing transaction
committing transaction
operator: UnknownresourceId: 100001 - load resource.
operator: UnknownresourceId: Unknown - creating db connection using connection name: informix_connection
load ResourceRole with id:4
operator: UnknownresourceId: Unknown - creating db connection using connection name: informix_connection
committing transaction
committing transaction
operator: UnknownresourceId: 100000 - load resource.
operator: UnknownresourceId: Unknown - creating db connection using connection name: informix_connection
load ResourceRole with id:13
operator: UnknownresourceId: Unknown - creating db connection using connection name: informix_connection
committing transaction
committing transaction
load Resource with ids:[J@fb2366
operator: UnknownresourceId: Unknown - creating db connection using connection name: informix_connection
load ResourceRole with id:9
operator: UnknownresourceId: Unknown - creating db connection using connection name: informix_connection
committing transaction
committing transaction
load Notifications with array of userIds/projectIds/notificationTypes.
operator: UnknownresourceId: Unknown - creating db connection using connection name: informix_connection
committing transaction
get projects with the ids: 1
operator: UnknownprojectId: Unknown - creating db connection using connection name: informix_connection
committing transaction
load Resource role with ids:[J@b57b34,[J@b57b34,[J@b57b34,[J@b57b34,[J@b57b34,[J@b57b34,[J@b57b34,[J@b57b34,[J@b57b34,[J@b57b34,[J@b57b34,[J@b57b34,[J@b57b34,[J@b57b34,[J@b57b34,[J@b57b34,[J@b57b34,[J@b57b34,[J@b57b34,[J@b57b34,[J@b57b34,[J@b57b34
operator: UnknownresourceId: Unknown - creating db connection using connection name: informix_connection
committing transaction
load Resource with ids:[J@1201703
operator: UnknownresourceId: Unknown - creating db connection using connection name: informix_connection
load ResourceRole with id:4
operator: UnknownresourceId: Unknown - creating db connection using connection name: informix_connection
committing transaction
committing transaction
load Resource with ids:[J@741567
operator: UnknownresourceId: Unknown - creating db connection using connection name: informix_connection
load ResourceRole with id:12
operator: UnknownresourceId: Unknown - creating db connection using connection name: informix_connection
committing transaction
committing transaction
load Resource with ids:[J@8ea449
operator: UnknownresourceId: Unknown - creating db connection using connection name: informix_connection
load ResourceRole with id:13
operator: UnknownresourceId: Unknown - creating db connection using connection name: informix_connection
committing transaction
committing transaction
load Resource with ids:[J@4a9b7b,[J@4a9b7b,[J@4a9b7b
operator: UnknownresourceId: Unknown - creating db connection using connection name: informix_connection
load ResourceRole with id:9
operator: UnknownresourceId: Unknown - creating db connection using connection name: informix_connection
committing transaction
load ResourceRole with id:9
operator: UnknownresourceId: Unknown - creating db connection using connection name: informix_connection
committing transaction
load ResourceRole with id:9
operator: UnknownresourceId: Unknown - creating db connection using connection name: informix_connection
committing transaction
committing transaction
operator: UnknownresourceId: 100001 - load resource.
operator: UnknownresourceId: Unknown - creating db connection using connection name: informix_connection
load ResourceRole with id:4
operator: UnknownresourceId: Unknown - creating db connection using connection name: informix_connection
committing transaction
committing transaction
operator: UnknownresourceId: 100000 - load resource.
operator: UnknownresourceId: Unknown - creating db connection using connection name: informix_connection
load ResourceRole with id:13
operator: UnknownresourceId: Unknown - creating db connection using connection name: informix_connection
committing transaction
committing transaction
load Resource with ids:[J@1a53ec3
operator: UnknownresourceId: Unknown - creating db connection using connection name: informix_connection
load ResourceRole with id:9
operator: UnknownresourceId: Unknown - creating db connection using connection name: informix_connection
committing transaction
committing transaction
load Notifications with array of userIds/projectIds/notificationTypes.
operator: UnknownresourceId: Unknown - creating db connection using connection name: informix_connection
committing transaction
get projects with the ids: 1
operator: UnknownprojectId: Unknown - creating db connection using connection name: informix_connection
committing transaction
load Resource role with ids:[J@1d3bd6a,[J@1d3bd6a,[J@1d3bd6a,[J@1d3bd6a,[J@1d3bd6a,[J@1d3bd6a,[J@1d3bd6a,[J@1d3bd6a,[J@1d3bd6a,[J@1d3bd6a,[J@1d3bd6a,[J@1d3bd6a,[J@1d3bd6a,[J@1d3bd6a,[J@1d3bd6a,[J@1d3bd6a,[J@1d3bd6a,[J@1d3bd6a,[J@1d3bd6a,[J@1d3bd6a,[J@1d3bd6a,[J@1d3bd6a
operator: UnknownresourceId: Unknown - creating db connection using connection name: informix_connection
committing transaction
load Resource with ids:[J@1c3dec3
operator: UnknownresourceId: Unknown - creating db connection using connection name: informix_connection
load ResourceRole with id:4
operator: UnknownresourceId: Unknown - creating db connection using connection name: informix_connection
committing transaction
committing transaction
load Resource with ids:[J@1969f0c
operator: UnknownresourceId: Unknown - creating db connection using connection name: informix_connection
load ResourceRole with id:12
operator: UnknownresourceId: Unknown - creating db connection using connection name: informix_connection
committing transaction
committing transaction
load Resource with ids:[J@1fd2061
operator: UnknownresourceId: Unknown - creating db connection using connection name: informix_connection
load ResourceRole with id:13
operator: UnknownresourceId: Unknown - creating db connection using connection name: informix_connection
committing transaction
committing transaction
load Resource with ids:[J@19c7e27,[J@19c7e27,[J@19c7e27
operator: UnknownresourceId: Unknown - creating db connection using connection name: informix_connection
load ResourceRole with id:9
operator: UnknownresourceId: Unknown - creating db connection using connection name: informix_connection
committing transaction
load ResourceRole with id:9
operator: UnknownresourceId: Unknown - creating db connection using connection name: informix_connection
committing transaction
load ResourceRole with id:9
operator: UnknownresourceId: Unknown - creating db connection using connection name: informix_connection
committing transaction
committing transaction
operator: UnknownresourceId: 100001 - load resource.
operator: UnknownresourceId: Unknown - creating db connection using connection name: informix_connection
load ResourceRole with id:4
operator: UnknownresourceId: Unknown - creating db connection using connection name: informix_connection
committing transaction
committing transaction
operator: UnknownresourceId: 100000 - load resource.
operator: UnknownresourceId: Unknown - creating db connection using connection name: informix_connection
load ResourceRole with id:13
operator: UnknownresourceId: Unknown - creating db connection using connection name: informix_connection
committing transaction
committing transaction
load Resource with ids:[J@4a2a54
operator: UnknownresourceId: Unknown - creating db connection using connection name: informix_connection
load ResourceRole with id:9
operator: UnknownresourceId: Unknown - creating db connection using connection name: informix_connection
committing transaction
committing transaction
load Notifications with array of userIds/projectIds/notificationTypes.
operator: UnknownresourceId: Unknown - creating db connection using connection name: informix_connection
committing transaction
get projects with the ids: 1
operator: UnknownprojectId: Unknown - creating db connection using connection name: informix_connection
committing transaction
load Resource role with ids:[J@1f9c0e0,[J@1f9c0e0,[J@1f9c0e0,[J@1f9c0e0,[J@1f9c0e0,[J@1f9c0e0,[J@1f9c0e0,[J@1f9c0e0,[J@1f9c0e0,[J@1f9c0e0,[J@1f9c0e0,[J@1f9c0e0,[J@1f9c0e0,[J@1f9c0e0,[J@1f9c0e0,[J@1f9c0e0,[J@1f9c0e0,[J@1f9c0e0,[J@1f9c0e0,[J@1f9c0e0,[J@1f9c0e0,[J@1f9c0e0
operator: UnknownresourceId: Unknown - creating db connection using connection name: informix_connection
committing transaction
load Resource with ids:[J@14559bc
operator: UnknownresourceId: Unknown - creating db connection using connection name: informix_connection
load ResourceRole with id:4
operator: UnknownresourceId: Unknown - creating db connection using connection name: informix_connection
committing transaction
committing transaction
load Resource with ids:[J@1c27e82
operator: UnknownresourceId: Unknown - creating db connection using connection name: informix_connection
load ResourceRole with id:12
operator: UnknownresourceId: Unknown - creating db connection using connection name: informix_connection
committing transaction
committing transaction
load Resource with ids:[J@1497d13
operator: UnknownresourceId: Unknown - creating db connection using connection name: informix_connection
load ResourceRole with id:13
operator: UnknownresourceId: Unknown - creating db connection using connection name: informix_connection
committing transaction
committing transaction
load Resource with ids:[J@149bc15,[J@149bc15,[J@149bc15
operator: UnknownresourceId: Unknown - creating db connection using connection name: informix_connection
load ResourceRole with id:9
operator: UnknownresourceId: Unknown - creating db connection using connection name: informix_connection
committing transaction
load ResourceRole with id:9
operator: UnknownresourceId: Unknown - creating db connection using connection name: informix_connection
committing transaction
load ResourceRole with id:9
operator: UnknownresourceId: Unknown - creating db connection using connection name: informix_connection
committing transaction
committing transaction
operator: UnknownresourceId: 100001 - load resource.
operator: UnknownresourceId: Unknown - creating db connection using connection name: informix_connection
load ResourceRole with id:4
operator: UnknownresourceId: Unknown - creating db connection using connection name: informix_connection
committing transaction
committing transaction
operator: UnknownresourceId: 100000 - load resource.
operator: UnknownresourceId: Unknown - creating db connection using connection name: informix_connection
load ResourceRole with id:13
operator: UnknownresourceId: Unknown - creating db connection using connection name: informix_connection
committing transaction
committing transaction
Read propery[ConnectionFactoryNS] which is  required  with value[com.topcoder.db.connectionfactory.DBConnectionFactoryImpl] from namespace [com.topcoder.management.project.persistence.InformixProjectPersistence].
Read propery[ConnectionName] which is  optional  with value[informix_connection] from namespace [com.topcoder.management.project.persistence.InformixProjectPersistence].
Read propery[ProjectIdSequenceName] which is  optional  with value[project_id_seq] from namespace [com.topcoder.management.project.persistence.InformixProjectPersistence].
Read propery[ProjectAuditIdSequenceName] which is  optional  with value[project_audit_id_seq] from namespace [com.topcoder.management.project.persistence.InformixProjectPersistence].
Read propery[ConnectionFactoryNS] which is  required  with value[com.topcoder.db.connectionfactory.DBConnectionFactoryImpl] from namespace [com.topcoder.management.project.persistence.link.ProjectLinkManagerImpl].
Read propery[ConnectionName] which is  optional  with value[informix_connection] from namespace [com.topcoder.management.project.persistence.link.ProjectLinkManagerImpl].
read property ConnectionFactoryNS[com.topcoder.db.connectionfactory.DBConnectionFactoryImpl] from the namespace :com.topcoder.management.scorecard.persistence.InformixScorecardPersistence
read property ConnectionName[informix_connection] from the namespace :com.topcoder.management.scorecard.persistence.InformixScorecardPersistence
Instantiate SqlUploadPersistence with connectionFactory and connectioName:informix_connection
Instantiate PersistenceUploadManager with UploadPersistence, uploadSearchBundle, submissionSearchBundle, uploadIdGenerator, uploadTypeIdGenerator, uploadStatusIdGenerator, submissionIDGenerator, submissionStatusIdGenerator and submissionTypeIdGenerator.
Instantiate AbstractResourcePersistence with connectionFactory and connectionName[informix_connection].
load Resource role with ids:[J@90cae4,[J@90cae4,[J@90cae4,[J@90cae4,[J@90cae4,[J@90cae4,[J@90cae4,[J@90cae4,[J@90cae4,[J@90cae4,[J@90cae4,[J@90cae4,[J@90cae4,[J@90cae4,[J@90cae4,[J@90cae4,[J@90cae4,[J@90cae4,[J@90cae4,[J@90cae4,[J@90cae4,[J@90cae4
operator: UnknownresourceId: Unknown - creating db connection using connection name: informix_connection
committing transaction
load Resource with ids:[J@133d01d
operator: UnknownresourceId: Unknown - creating db connection using connection name: informix_connection
load ResourceRole with id:9
operator: UnknownresourceId: Unknown - creating db connection using connection name: informix_connection
committing transaction
committing transaction
get projects with the ids: 1
operator: UnknownprojectId: Unknown - creating db connection using connection name: informix_connection
committing transaction
load Notifications with array of userIds/projectIds/notificationTypes.
operator: UnknownresourceId: Unknown - creating db connection using connection name: informix_connection
committing transaction
get projects with the ids: 1
operator: UnknownprojectId: Unknown - creating db connection using connection name: informix_connection
committing transaction
load Resource role with ids:[J@2b3d9a,[J@2b3d9a,[J@2b3d9a,[J@2b3d9a,[J@2b3d9a,[J@2b3d9a,[J@2b3d9a,[J@2b3d9a,[J@2b3d9a,[J@2b3d9a,[J@2b3d9a,[J@2b3d9a,[J@2b3d9a,[J@2b3d9a,[J@2b3d9a,[J@2b3d9a,[J@2b3d9a,[J@2b3d9a,[J@2b3d9a,[J@2b3d9a,[J@2b3d9a,[J@2b3d9a
operator: UnknownresourceId: Unknown - creating db connection using connection name: informix_connection
committing transaction
load Resource with ids:[J@c35ba7
operator: UnknownresourceId: Unknown - creating db connection using connection name: informix_connection
load ResourceRole with id:4
operator: UnknownresourceId: Unknown - creating db connection using connection name: informix_connection
committing transaction
committing transaction
load Resource with ids:[J@5d5dda
operator: UnknownresourceId: Unknown - creating db connection using connection name: informix_connection
load ResourceRole with id:12
operator: UnknownresourceId: Unknown - creating db connection using connection name: informix_connection
committing transaction
committing transaction
load Resource with ids:[J@1fd89b4
operator: UnknownresourceId: Unknown - creating db connection using connection name: informix_connection
load ResourceRole with id:13
operator: UnknownresourceId: Unknown - creating db connection using connection name: informix_connection
committing transaction
committing transaction
load Resource with ids:[J@1c28c1a,[J@1c28c1a
operator: UnknownresourceId: Unknown - creating db connection using connection name: informix_connection
load ResourceRole with id:9
operator: UnknownresourceId: Unknown - creating db connection using connection name: informix_connection
committing transaction
load ResourceRole with id:9
operator: UnknownresourceId: Unknown - creating db connection using connection name: informix_connection
committing transaction
committing transaction
operator: UnknownresourceId: 100001 - load resource.
operator: UnknownresourceId: Unknown - creating db connection using connection name: informix_connection
load ResourceRole with id:4
operator: UnknownresourceId: Unknown - creating db connection using connection name: informix_connection
committing transaction
committing transaction
operator: UnknownresourceId: 100000 - load resource.
operator: UnknownresourceId: Unknown - creating db connection using connection name: informix_connection
load ResourceRole with id:13
operator: UnknownresourceId: Unknown - creating db connection using connection name: informix_connection
committing transaction
committing transaction
load Resource with ids:[J@845a63
operator: UnknownresourceId: Unknown - creating db connection using connection name: informix_connection
load ResourceRole with id:9
operator: UnknownresourceId: Unknown - creating db connection using connection name: informix_connection
committing transaction
committing transaction
get projects with the ids: 1
operator: UnknownprojectId: Unknown - creating db connection using connection name: informix_connection
committing transaction
load Notifications with array of userIds/projectIds/notificationTypes.
operator: UnknownresourceId: Unknown - creating db connection using connection name: informix_connection
committing transaction
get projects with the ids: 1
operator: UnknownprojectId: Unknown - creating db connection using connection name: informix_connection
committing transaction
load Resource role with ids:[J@1e8d35,[J@1e8d35,[J@1e8d35,[J@1e8d35,[J@1e8d35,[J@1e8d35,[J@1e8d35,[J@1e8d35,[J@1e8d35,[J@1e8d35,[J@1e8d35,[J@1e8d35,[J@1e8d35,[J@1e8d35,[J@1e8d35,[J@1e8d35,[J@1e8d35,[J@1e8d35,[J@1e8d35,[J@1e8d35,[J@1e8d35,[J@1e8d35
operator: UnknownresourceId: Unknown - creating db connection using connection name: informix_connection
committing transaction
load Resource with ids:[J@166195a
operator: UnknownresourceId: Unknown - creating db connection using connection name: informix_connection
load ResourceRole with id:4
operator: UnknownresourceId: Unknown - creating db connection using connection name: informix_connection
committing transaction
committing transaction
load Resource with ids:[J@bf3f9d
operator: UnknownresourceId: Unknown - creating db connection using connection name: informix_connection
load ResourceRole with id:12
operator: UnknownresourceId: Unknown - creating db connection using connection name: informix_connection
committing transaction
committing transaction
load Resource with ids:[J@e84c9a
operator: UnknownresourceId: Unknown - creating db connection using connection name: informix_connection
load ResourceRole with id:13
operator: UnknownresourceId: Unknown - creating db connection using connection name: informix_connection
committing transaction
committing transaction
load Resource with ids:[J@1a531be,[J@1a531be
operator: UnknownresourceId: Unknown - creating db connection using connection name: informix_connection
load ResourceRole with id:9
operator: UnknownresourceId: Unknown - creating db connection using connection name: informix_connection
committing transaction
load ResourceRole with id:9
operator: UnknownresourceId: Unknown - creating db connection using connection name: informix_connection
committing transaction
committing transaction
operator: UnknownresourceId: 100001 - load resource.
operator: UnknownresourceId: Unknown - creating db connection using connection name: informix_connection
load ResourceRole with id:4
operator: UnknownresourceId: Unknown - creating db connection using connection name: informix_connection
committing transaction
committing transaction
operator: UnknownresourceId: 100000 - load resource.
operator: UnknownresourceId: Unknown - creating db connection using connection name: informix_connection
load ResourceRole with id:13
operator: UnknownresourceId: Unknown - creating db connection using connection name: informix_connection
committing transaction
committing transaction
load Resource with ids:[J@1bdba1c
operator: UnknownresourceId: Unknown - creating db connection using connection name: informix_connection
load ResourceRole with id:9
operator: UnknownresourceId: Unknown - creating db connection using connection name: informix_connection
committing transaction
committing transaction
get projects with the ids: 1
operator: UnknownprojectId: Unknown - creating db connection using connection name: informix_connection
committing transaction
load Notifications with array of userIds/projectIds/notificationTypes.
operator: UnknownresourceId: Unknown - creating db connection using connection name: informix_connection
committing transaction
get projects with the ids: 1
operator: UnknownprojectId: Unknown - creating db connection using connection name: informix_connection
committing transaction
load Resource role with ids:[J@1086c9f,[J@1086c9f,[J@1086c9f,[J@1086c9f,[J@1086c9f,[J@1086c9f,[J@1086c9f,[J@1086c9f,[J@1086c9f,[J@1086c9f,[J@1086c9f,[J@1086c9f,[J@1086c9f,[J@1086c9f,[J@1086c9f,[J@1086c9f,[J@1086c9f,[J@1086c9f,[J@1086c9f,[J@1086c9f,[J@1086c9f,[J@1086c9f
operator: UnknownresourceId: Unknown - creating db connection using connection name: informix_connection
committing transaction
load Resource with ids:[J@1e2ad2f
operator: UnknownresourceId: Unknown - creating db connection using connection name: informix_connection
load ResourceRole with id:4
operator: UnknownresourceId: Unknown - creating db connection using connection name: informix_connection
committing transaction
committing transaction
load Resource with ids:[J@1784f9a
operator: UnknownresourceId: Unknown - creating db connection using connection name: informix_connection
load ResourceRole with id:12
operator: UnknownresourceId: Unknown - creating db connection using connection name: informix_connection
committing transaction
committing transaction
load Resource with ids:[J@15ffa56
operator: UnknownresourceId: Unknown - creating db connection using connection name: informix_connection
load ResourceRole with id:13
operator: UnknownresourceId: Unknown - creating db connection using connection name: informix_connection
committing transaction
committing transaction
load Resource with ids:[J@152e990,[J@152e990
operator: UnknownresourceId: Unknown - creating db connection using connection name: informix_connection
load ResourceRole with id:9
operator: UnknownresourceId: Unknown - creating db connection using connection name: informix_connection
committing transaction
load ResourceRole with id:9
operator: UnknownresourceId: Unknown - creating db connection using connection name: informix_connection
committing transaction
committing transaction
operator: UnknownresourceId: 100001 - load resource.
operator: UnknownresourceId: Unknown - creating db connection using connection name: informix_connection
load ResourceRole with id:4
operator: UnknownresourceId: Unknown - creating db connection using connection name: informix_connection
committing transaction
committing transaction
operator: UnknownresourceId: 100000 - load resource.
operator: UnknownresourceId: Unknown - creating db connection using connection name: informix_connection
load ResourceRole with id:13
operator: UnknownresourceId: Unknown - creating db connection using connection name: informix_connection
committing transaction
committing transaction
load Resource with ids:[J@7e9366
operator: UnknownresourceId: Unknown - creating db connection using connection name: informix_connection
load ResourceRole with id:9
operator: UnknownresourceId: Unknown - creating db connection using connection name: informix_connection
committing transaction
committing transaction
get projects with the ids: 1
operator: UnknownprojectId: Unknown - creating db connection using connection name: informix_connection
committing transaction
load Notifications with array of userIds/projectIds/notificationTypes.
operator: UnknownresourceId: Unknown - creating db connection using connection name: informix_connection
committing transaction
get projects with the ids: 1
operator: UnknownprojectId: Unknown - creating db connection using connection name: informix_connection
committing transaction
load Resource role with ids:[J@444397,[J@444397,[J@444397,[J@444397,[J@444397,[J@444397,[J@444397,[J@444397,[J@444397,[J@444397,[J@444397,[J@444397,[J@444397,[J@444397,[J@444397,[J@444397,[J@444397,[J@444397,[J@444397,[J@444397,[J@444397,[J@444397
operator: UnknownresourceId: Unknown - creating db connection using connection name: informix_connection
committing transaction
load Resource with ids:[J@1195d5b
operator: UnknownresourceId: Unknown - creating db connection using connection name: informix_connection
load ResourceRole with id:4
operator: UnknownresourceId: Unknown - creating db connection using connection name: informix_connection
committing transaction
committing transaction
load Resource with ids:[J@1ba28ff
operator: UnknownresourceId: Unknown - creating db connection using connection name: informix_connection
load ResourceRole with id:12
operator: UnknownresourceId: Unknown - creating db connection using connection name: informix_connection
committing transaction
committing transaction
load Resource with ids:[J@d8b737
operator: UnknownresourceId: Unknown - creating db connection using connection name: informix_connection
load ResourceRole with id:13
operator: UnknownresourceId: Unknown - creating db connection using connection name: informix_connection
committing transaction
committing transaction
load Resource with ids:[J@1f56c9a,[J@1f56c9a
operator: UnknownresourceId: Unknown - creating db connection using connection name: informix_connection
load ResourceRole with id:9
operator: UnknownresourceId: Unknown - creating db connection using connection name: informix_connection
committing transaction
load ResourceRole with id:9
operator: UnknownresourceId: Unknown - creating db connection using connection name: informix_connection
committing transaction
committing transaction
operator: UnknownresourceId: 100001 - load resource.
operator: UnknownresourceId: Unknown - creating db connection using connection name: informix_connection
load ResourceRole with id:4
operator: UnknownresourceId: Unknown - creating db connection using connection name: informix_connection
committing transaction
committing transaction
operator: UnknownresourceId: 100000 - load resource.
operator: UnknownresourceId: Unknown - creating db connection using connection name: informix_connection
load ResourceRole with id:13
operator: UnknownresourceId: Unknown - creating db connection using connection name: informix_connection
committing transaction
committing transaction
load Resource with ids:[J@182331f
operator: UnknownresourceId: Unknown - creating db connection using connection name: informix_connection
load ResourceRole with id:9
operator: UnknownresourceId: Unknown - creating db connection using connection name: informix_connection
committing transaction
committing transaction
get projects with the ids: 1
operator: UnknownprojectId: Unknown - creating db connection using connection name: informix_connection
committing transaction
load Notifications with array of userIds/projectIds/notificationTypes.
operator: UnknownresourceId: Unknown - creating db connection using connection name: informix_connection
committing transaction
get projects with the ids: 1
operator: UnknownprojectId: Unknown - creating db connection using connection name: informix_connection
committing transaction
load Resource role with ids:[J@c9cd9,[J@c9cd9,[J@c9cd9,[J@c9cd9,[J@c9cd9,[J@c9cd9,[J@c9cd9,[J@c9cd9,[J@c9cd9,[J@c9cd9,[J@c9cd9,[J@c9cd9,[J@c9cd9,[J@c9cd9,[J@c9cd9,[J@c9cd9,[J@c9cd9,[J@c9cd9,[J@c9cd9,[J@c9cd9,[J@c9cd9,[J@c9cd9
operator: UnknownresourceId: Unknown - creating db connection using connection name: informix_connection
committing transaction
load Resource with ids:[J@13b281f
operator: UnknownresourceId: Unknown - creating db connection using connection name: informix_connection
load ResourceRole with id:4
operator: UnknownresourceId: Unknown - creating db connection using connection name: informix_connection
committing transaction
committing transaction
load Resource with ids:[J@519011
operator: UnknownresourceId: Unknown - creating db connection using connection name: informix_connection
load ResourceRole with id:12
operator: UnknownresourceId: Unknown - creating db connection using connection name: informix_connection
committing transaction
committing transaction
load Resource with ids:[J@1e4c30c
operator: UnknownresourceId: Unknown - creating db connection using connection name: informix_connection
load ResourceRole with id:13
operator: UnknownresourceId: Unknown - creating db connection using connection name: informix_connection
committing transaction
committing transaction
load Resource with ids:[J@19db91e,[J@19db91e
operator: UnknownresourceId: Unknown - creating db connection using connection name: informix_connection
load ResourceRole with id:9
operator: UnknownresourceId: Unknown - creating db connection using connection name: informix_connection
committing transaction
load ResourceRole with id:9
operator: UnknownresourceId: Unknown - creating db connection using connection name: informix_connection
committing transaction
committing transaction
operator: UnknownresourceId: 100001 - load resource.
operator: UnknownresourceId: Unknown - creating db connection using connection name: informix_connection
load ResourceRole with id:4
operator: UnknownresourceId: Unknown - creating db connection using connection name: informix_connection
committing transaction
committing transaction
operator: UnknownresourceId: 100000 - load resource.
operator: UnknownresourceId: Unknown - creating db connection using connection name: informix_connection
load ResourceRole with id:13
operator: UnknownresourceId: Unknown - creating db connection using connection name: informix_connection
committing transaction
committing transaction
Read propery[ConnectionFactoryNS] which is  required  with value[com.topcoder.db.connectionfactory.DBConnectionFactoryImpl] from namespace [com.topcoder.management.project.persistence.InformixProjectPersistence].
Read propery[ConnectionName] which is  optional  with value[informix_connection] from namespace [com.topcoder.management.project.persistence.InformixProjectPersistence].
Read propery[ProjectIdSequenceName] which is  optional  with value[project_id_seq] from namespace [com.topcoder.management.project.persistence.InformixProjectPersistence].
Read propery[ProjectAuditIdSequenceName] which is  optional  with value[project_audit_id_seq] from namespace [com.topcoder.management.project.persistence.InformixProjectPersistence].
Read propery[ConnectionFactoryNS] which is  required  with value[com.topcoder.db.connectionfactory.DBConnectionFactoryImpl] from namespace [com.topcoder.management.project.persistence.link.ProjectLinkManagerImpl].
Read propery[ConnectionName] which is  optional  with value[informix_connection] from namespace [com.topcoder.management.project.persistence.link.ProjectLinkManagerImpl].
read property ConnectionFactoryNS[com.topcoder.db.connectionfactory.DBConnectionFactoryImpl] from the namespace :com.topcoder.management.scorecard.persistence.InformixScorecardPersistence
read property ConnectionName[informix_connection] from the namespace :com.topcoder.management.scorecard.persistence.InformixScorecardPersistence
Instantiate SqlUploadPersistence with connectionFactory and connectioName:informix_connection
Instantiate PersistenceUploadManager with UploadPersistence, uploadSearchBundle, submissionSearchBundle, uploadIdGenerator, uploadTypeIdGenerator, uploadStatusIdGenerator, submissionIDGenerator, submissionStatusIdGenerator and submissionTypeIdGenerator.
Instantiate AbstractResourcePersistence with connectionFactory and connectionName[informix_connection].
load Resource role with ids:[J@e9638d,[J@e9638d,[J@e9638d,[J@e9638d,[J@e9638d,[J@e9638d,[J@e9638d,[J@e9638d,[J@e9638d,[J@e9638d,[J@e9638d,[J@e9638d,[J@e9638d,[J@e9638d,[J@e9638d,[J@e9638d,[J@e9638d,[J@e9638d,[J@e9638d,[J@e9638d,[J@e9638d,[J@e9638d
operator: UnknownresourceId: Unknown - creating db connection using connection name: informix_connection
committing transaction
Read propery[ConnectionFactoryNS] which is  required  with value[com.topcoder.db.connectionfactory.DBConnectionFactoryImpl] from namespace [com.topcoder.management.project.persistence.InformixProjectPersistence].
Read propery[ConnectionName] which is  optional  with value[informix_connection] from namespace [com.topcoder.management.project.persistence.InformixProjectPersistence].
Read propery[ProjectIdSequenceName] which is  optional  with value[project_id_seq] from namespace [com.topcoder.management.project.persistence.InformixProjectPersistence].
Read propery[ProjectAuditIdSequenceName] which is  optional  with value[project_audit_id_seq] from namespace [com.topcoder.management.project.persistence.InformixProjectPersistence].
Read propery[ConnectionFactoryNS] which is  required  with value[com.topcoder.db.connectionfactory.DBConnectionFactoryImpl] from namespace [com.topcoder.management.project.persistence.link.ProjectLinkManagerImpl].
Read propery[ConnectionName] which is  optional  with value[informix_connection] from namespace [com.topcoder.management.project.persistence.link.ProjectLinkManagerImpl].
read property ConnectionFactoryNS[com.topcoder.db.connectionfactory.DBConnectionFactoryImpl] from the namespace :com.topcoder.management.scorecard.persistence.InformixScorecardPersistence
read property ConnectionName[informix_connection] from the namespace :com.topcoder.management.scorecard.persistence.InformixScorecardPersistence
Instantiate SqlUploadPersistence with connectionFactory and connectioName:informix_connection
Instantiate PersistenceUploadManager with UploadPersistence, uploadSearchBundle, submissionSearchBundle, uploadIdGenerator, uploadTypeIdGenerator, uploadStatusIdGenerator, submissionIDGenerator, submissionStatusIdGenerator and submissionTypeIdGenerator.
Instantiate AbstractResourcePersistence with connectionFactory and connectionName[informix_connection].
load Resource role with ids:[J@163133c,[J@163133c,[J@163133c,[J@163133c,[J@163133c,[J@163133c,[J@163133c,[J@163133c,[J@163133c,[J@163133c,[J@163133c,[J@163133c,[J@163133c,[J@163133c,[J@163133c,[J@163133c,[J@163133c,[J@163133c,[J@163133c,[J@163133c,[J@163133c,[J@163133c
operator: UnknownresourceId: Unknown - creating db connection using connection name: informix_connection
committing transaction
Read propery[ConnectionFactoryNS] which is  required  with value[com.topcoder.db.connectionfactory.DBConnectionFactoryImpl] from namespace [com.topcoder.management.project.persistence.InformixProjectPersistence].
Read propery[ConnectionName] which is  optional  with value[informix_connection] from namespace [com.topcoder.management.project.persistence.InformixProjectPersistence].
Read propery[ProjectIdSequenceName] which is  optional  with value[project_id_seq] from namespace [com.topcoder.management.project.persistence.InformixProjectPersistence].
Read propery[ProjectAuditIdSequenceName] which is  optional  with value[project_audit_id_seq] from namespace [com.topcoder.management.project.persistence.InformixProjectPersistence].
Read propery[ConnectionFactoryNS] which is  required  with value[com.topcoder.db.connectionfactory.DBConnectionFactoryImpl] from namespace [com.topcoder.management.project.persistence.link.ProjectLinkManagerImpl].
Read propery[ConnectionName] which is  optional  with value[informix_connection] from namespace [com.topcoder.management.project.persistence.link.ProjectLinkManagerImpl].
read property ConnectionFactoryNS[com.topcoder.db.connectionfactory.DBConnectionFactoryImpl] from the namespace :com.topcoder.management.scorecard.persistence.InformixScorecardPersistence
read property ConnectionName[informix_connection] from the namespace :com.topcoder.management.scorecard.persistence.InformixScorecardPersistence
Instantiate SqlUploadPersistence with connectionFactory and connectioName:informix_connection
Instantiate PersistenceUploadManager with UploadPersistence, uploadSearchBundle, submissionSearchBundle, uploadIdGenerator, uploadTypeIdGenerator, uploadStatusIdGenerator, submissionIDGenerator, submissionStatusIdGenerator and submissionTypeIdGenerator.
Instantiate AbstractResourcePersistence with connectionFactory and connectionName[informix_connection].
load Resource role with ids:[J@1b4e61,[J@1b4e61,[J@1b4e61,[J@1b4e61,[J@1b4e61,[J@1b4e61,[J@1b4e61,[J@1b4e61,[J@1b4e61,[J@1b4e61,[J@1b4e61,[J@1b4e61,[J@1b4e61,[J@1b4e61,[J@1b4e61,[J@1b4e61,[J@1b4e61,[J@1b4e61,[J@1b4e61,[J@1b4e61,[J@1b4e61,[J@1b4e61
operator: UnknownresourceId: Unknown - creating db connection using connection name: informix_connection
committing transaction
load Resource role with ids:[J@1c40dad,[J@1c40dad,[J@1c40dad,[J@1c40dad,[J@1c40dad,[J@1c40dad,[J@1c40dad,[J@1c40dad,[J@1c40dad,[J@1c40dad,[J@1c40dad,[J@1c40dad,[J@1c40dad,[J@1c40dad,[J@1c40dad,[J@1c40dad,[J@1c40dad,[J@1c40dad,[J@1c40dad,[J@1c40dad,[J@1c40dad,[J@1c40dad
operator: UnknownresourceId: Unknown - creating db connection using connection name: informix_connection
committing transaction
load Resource with ids:[J@aca5a0
operator: UnknownresourceId: Unknown - creating db connection using connection name: informix_connection
load ResourceRole with id:4
operator: UnknownresourceId: Unknown - creating db connection using connection name: informix_connection
committing transaction
committing transaction
Can not assign Post-Mortem Reviewer role to user null(ID: 2) for project 1 as user does not have accepted all necessary terms of use for project
load Notifications with array of userIds/projectIds/notificationTypes.
operator: UnknownresourceId: Unknown - creating db connection using connection name: informix_connection
committing transaction
get projects with the ids: 1
operator: UnknownprojectId: Unknown - creating db connection using connection name: informix_connection
committing transaction
load Resource role with ids:[J@118f2ee,[J@118f2ee,[J@118f2ee,[J@118f2ee,[J@118f2ee,[J@118f2ee,[J@118f2ee,[J@118f2ee,[J@118f2ee,[J@118f2ee,[J@118f2ee,[J@118f2ee,[J@118f2ee,[J@118f2ee,[J@118f2ee,[J@118f2ee,[J@118f2ee,[J@118f2ee,[J@118f2ee,[J@118f2ee,[J@118f2ee,[J@118f2ee
operator: UnknownresourceId: Unknown - creating db connection using connection name: informix_connection
committing transaction
load Resource with ids:[J@830d11
operator: UnknownresourceId: Unknown - creating db connection using connection name: informix_connection
load ResourceRole with id:4
operator: UnknownresourceId: Unknown - creating db connection using connection name: informix_connection
committing transaction
committing transaction
load Resource with ids:[J@102dbfa
operator: UnknownresourceId: Unknown - creating db connection using connection name: informix_connection
load ResourceRole with id:12
operator: UnknownresourceId: Unknown - creating db connection using connection name: informix_connection
committing transaction
committing transaction
load Resource with ids:[J@fc5975
operator: UnknownresourceId: Unknown - creating db connection using connection name: informix_connection
load ResourceRole with id:13
operator: UnknownresourceId: Unknown - creating db connection using connection name: informix_connection
committing transaction
committing transaction
load Resource with ids:[J@17325e7
operator: UnknownresourceId: Unknown - creating db connection using connection name: informix_connection
load ResourceRole with id:9
operator: UnknownresourceId: Unknown - creating db connection using connection name: informix_connection
committing transaction
committing transaction
load Resource with ids:[J@e3c54d
operator: UnknownresourceId: Unknown - creating db connection using connection name: informix_connection
load ResourceRole with id:14
operator: UnknownresourceId: Unknown - creating db connection using connection name: informix_connection
committing transaction
committing transaction
operator: UnknownresourceId: 100001 - load resource.
operator: UnknownresourceId: Unknown - creating db connection using connection name: informix_connection
load ResourceRole with id:4
operator: UnknownresourceId: Unknown - creating db connection using connection name: informix_connection
committing transaction
committing transaction
operator: UnknownresourceId: 100000 - load resource.
operator: UnknownresourceId: Unknown - creating db connection using connection name: informix_connection
load ResourceRole with id:13
operator: UnknownresourceId: Unknown - creating db connection using connection name: informix_connection
committing transaction
committing transaction
load Resource role with ids:[J@1d68097,[J@1d68097,[J@1d68097,[J@1d68097,[J@1d68097,[J@1d68097,[J@1d68097,[J@1d68097,[J@1d68097,[J@1d68097,[J@1d68097,[J@1d68097,[J@1d68097,[J@1d68097,[J@1d68097,[J@1d68097,[J@1d68097,[J@1d68097,[J@1d68097,[J@1d68097,[J@1d68097,[J@1d68097
operator: UnknownresourceId: Unknown - creating db connection using connection name: informix_connection
committing transaction
load Resource with ids:[J@17aefd7
operator: UnknownresourceId: Unknown - creating db connection using connection name: informix_connection
load ResourceRole with id:4
operator: UnknownresourceId: Unknown - creating db connection using connection name: informix_connection
committing transaction
committing transaction
Can not assign Post-Mortem Reviewer role to user null(ID: 2) for project 1 as user does not have accepted all necessary terms of use for project
load Notifications with array of userIds/projectIds/notificationTypes.
operator: UnknownresourceId: Unknown - creating db connection using connection name: informix_connection
committing transaction
get projects with the ids: 1
operator: UnknownprojectId: Unknown - creating db connection using connection name: informix_connection
committing transaction
load Resource role with ids:[J@1231c00,[J@1231c00,[J@1231c00,[J@1231c00,[J@1231c00,[J@1231c00,[J@1231c00,[J@1231c00,[J@1231c00,[J@1231c00,[J@1231c00,[J@1231c00,[J@1231c00,[J@1231c00,[J@1231c00,[J@1231c00,[J@1231c00,[J@1231c00,[J@1231c00,[J@1231c00,[J@1231c00,[J@1231c00
operator: UnknownresourceId: Unknown - creating db connection using connection name: informix_connection
committing transaction
load Resource with ids:[J@1e2877c
operator: UnknownresourceId: Unknown - creating db connection using connection name: informix_connection
load ResourceRole with id:4
operator: UnknownresourceId: Unknown - creating db connection using connection name: informix_connection
committing transaction
committing transaction
load Resource with ids:[J@47b865
operator: UnknownresourceId: Unknown - creating db connection using connection name: informix_connection
load ResourceRole with id:12
operator: UnknownresourceId: Unknown - creating db connection using connection name: informix_connection
committing transaction
committing transaction
load Resource with ids:[J@6d8a6d
operator: UnknownresourceId: Unknown - creating db connection using connection name: informix_connection
load ResourceRole with id:13
operator: UnknownresourceId: Unknown - creating db connection using connection name: informix_connection
committing transaction
committing transaction
load Resource with ids:[J@208196
operator: UnknownresourceId: Unknown - creating db connection using connection name: informix_connection
load ResourceRole with id:9
operator: UnknownresourceId: Unknown - creating db connection using connection name: informix_connection
committing transaction
committing transaction
load Resource with ids:[J@29e4b2
operator: UnknownresourceId: Unknown - creating db connection using connection name: informix_connection
load ResourceRole with id:14
operator: UnknownresourceId: Unknown - creating db connection using connection name: informix_connection
committing transaction
committing transaction
operator: UnknownresourceId: 100001 - load resource.
operator: UnknownresourceId: Unknown - creating db connection using connection name: informix_connection
load ResourceRole with id:4
operator: UnknownresourceId: Unknown - creating db connection using connection name: informix_connection
committing transaction
committing transaction
operator: UnknownresourceId: 100000 - load resource.
operator: UnknownresourceId: Unknown - creating db connection using connection name: informix_connection
load ResourceRole with id:13
operator: UnknownresourceId: Unknown - creating db connection using connection name: informix_connection
committing transaction
committing transaction
load Resource role with ids:[J@6ed9c8,[J@6ed9c8,[J@6ed9c8,[J@6ed9c8,[J@6ed9c8,[J@6ed9c8,[J@6ed9c8,[J@6ed9c8,[J@6ed9c8,[J@6ed9c8,[J@6ed9c8,[J@6ed9c8,[J@6ed9c8,[J@6ed9c8,[J@6ed9c8,[J@6ed9c8,[J@6ed9c8,[J@6ed9c8,[J@6ed9c8,[J@6ed9c8,[J@6ed9c8,[J@6ed9c8
operator: UnknownresourceId: Unknown - creating db connection using connection name: informix_connection
committing transaction
load Resource with ids:[J@4a49d9
operator: UnknownresourceId: Unknown - creating db connection using connection name: informix_connection
load ResourceRole with id:4
operator: UnknownresourceId: Unknown - creating db connection using connection name: informix_connection
committing transaction
committing transaction
Can not assign Post-Mortem Reviewer role to user null(ID: 2) for project 1 as user does not have accepted all necessary terms of use for project
load Notifications with array of userIds/projectIds/notificationTypes.
operator: UnknownresourceId: Unknown - creating db connection using connection name: informix_connection
committing transaction
get projects with the ids: 1
operator: UnknownprojectId: Unknown - creating db connection using connection name: informix_connection
committing transaction
load Resource role with ids:[J@d81082,[J@d81082,[J@d81082,[J@d81082,[J@d81082,[J@d81082,[J@d81082,[J@d81082,[J@d81082,[J@d81082,[J@d81082,[J@d81082,[J@d81082,[J@d81082,[J@d81082,[J@d81082,[J@d81082,[J@d81082,[J@d81082,[J@d81082,[J@d81082,[J@d81082
operator: UnknownresourceId: Unknown - creating db connection using connection name: informix_connection
committing transaction
load Resource with ids:[J@1a33621
operator: UnknownresourceId: Unknown - creating db connection using connection name: informix_connection
load ResourceRole with id:4
operator: UnknownresourceId: Unknown - creating db connection using connection name: informix_connection
committing transaction
committing transaction
load Resource with ids:[J@19d81d4
operator: UnknownresourceId: Unknown - creating db connection using connection name: informix_connection
load ResourceRole with id:12
operator: UnknownresourceId: Unknown - creating db connection using connection name: informix_connection
committing transaction
committing transaction
load Resource with ids:[J@1d24bb0
operator: UnknownresourceId: Unknown - creating db connection using connection name: informix_connection
load ResourceRole with id:13
operator: UnknownresourceId: Unknown - creating db connection using connection name: informix_connection
committing transaction
committing transaction
load Resource with ids:[J@9b36be
operator: UnknownresourceId: Unknown - creating db connection using connection name: informix_connection
load ResourceRole with id:9
operator: UnknownresourceId: Unknown - creating db connection using connection name: informix_connection
committing transaction
committing transaction
load Resource with ids:[J@1ff5c46
operator: UnknownresourceId: Unknown - creating db connection using connection name: informix_connection
load ResourceRole with id:14
operator: UnknownresourceId: Unknown - creating db connection using connection name: informix_connection
committing transaction
committing transaction
operator: UnknownresourceId: 100001 - load resource.
operator: UnknownresourceId: Unknown - creating db connection using connection name: informix_connection
load ResourceRole with id:4
operator: UnknownresourceId: Unknown - creating db connection using connection name: informix_connection
committing transaction
committing transaction
operator: UnknownresourceId: 100000 - load resource.
operator: UnknownresourceId: Unknown - creating db connection using connection name: informix_connection
load ResourceRole with id:13
operator: UnknownresourceId: Unknown - creating db connection using connection name: informix_connection
committing transaction
committing transaction
load Resource role with ids:[J@45ddbf,[J@45ddbf,[J@45ddbf,[J@45ddbf,[J@45ddbf,[J@45ddbf,[J@45ddbf,[J@45ddbf,[J@45ddbf,[J@45ddbf,[J@45ddbf,[J@45ddbf,[J@45ddbf,[J@45ddbf,[J@45ddbf,[J@45ddbf,[J@45ddbf,[J@45ddbf,[J@45ddbf,[J@45ddbf,[J@45ddbf,[J@45ddbf
operator: UnknownresourceId: Unknown - creating db connection using connection name: informix_connection
committing transaction
load Resource with ids:[J@65c581
operator: UnknownresourceId: Unknown - creating db connection using connection name: informix_connection
load ResourceRole with id:4
operator: UnknownresourceId: Unknown - creating db connection using connection name: informix_connection
committing transaction
committing transaction
Can not assign Post-Mortem Reviewer role to user null(ID: 2) for project 1 as user does not have accepted all necessary terms of use for project
load Notifications with array of userIds/projectIds/notificationTypes.
operator: UnknownresourceId: Unknown - creating db connection using connection name: informix_connection
committing transaction
get projects with the ids: 1
operator: UnknownprojectId: Unknown - creating db connection using connection name: informix_connection
committing transaction
load Resource role with ids:[J@1890ee5,[J@1890ee5,[J@1890ee5,[J@1890ee5,[J@1890ee5,[J@1890ee5,[J@1890ee5,[J@1890ee5,[J@1890ee5,[J@1890ee5,[J@1890ee5,[J@1890ee5,[J@1890ee5,[J@1890ee5,[J@1890ee5,[J@1890ee5,[J@1890ee5,[J@1890ee5,[J@1890ee5,[J@1890ee5,[J@1890ee5,[J@1890ee5
operator: UnknownresourceId: Unknown - creating db connection using connection name: informix_connection
committing transaction
load Resource with ids:[J@fa1a22
operator: UnknownresourceId: Unknown - creating db connection using connection name: informix_connection
load ResourceRole with id:4
operator: UnknownresourceId: Unknown - creating db connection using connection name: informix_connection
committing transaction
committing transaction
load Resource with ids:[J@ca98ef
operator: UnknownresourceId: Unknown - creating db connection using connection name: informix_connection
load ResourceRole with id:12
operator: UnknownresourceId: Unknown - creating db connection using connection name: informix_connection
committing transaction
committing transaction
load Resource with ids:[J@d5f959
operator: UnknownresourceId: Unknown - creating db connection using connection name: informix_connection
load ResourceRole with id:13
operator: UnknownresourceId: Unknown - creating db connection using connection name: informix_connection
committing transaction
committing transaction
load Resource with ids:[J@1a320f0
operator: UnknownresourceId: Unknown - creating db connection using connection name: informix_connection
load ResourceRole with id:9
operator: UnknownresourceId: Unknown - creating db connection using connection name: informix_connection
committing transaction
committing transaction
load Resource with ids:[J@8426ac
operator: UnknownresourceId: Unknown - creating db connection using connection name: informix_connection
load ResourceRole with id:14
operator: UnknownresourceId: Unknown - creating db connection using connection name: informix_connection
committing transaction
committing transaction
operator: UnknownresourceId: 100001 - load resource.
operator: UnknownresourceId: Unknown - creating db connection using connection name: informix_connection
load ResourceRole with id:4
operator: UnknownresourceId: Unknown - creating db connection using connection name: informix_connection
committing transaction
committing transaction
operator: UnknownresourceId: 100000 - load resource.
operator: UnknownresourceId: Unknown - creating db connection using connection name: informix_connection
load ResourceRole with id:13
operator: UnknownresourceId: Unknown - creating db connection using connection name: informix_connection
committing transaction
committing transaction
load Resource role with ids:[J@f79b80,[J@f79b80,[J@f79b80,[J@f79b80,[J@f79b80,[J@f79b80,[J@f79b80,[J@f79b80,[J@f79b80,[J@f79b80,[J@f79b80,[J@f79b80,[J@f79b80,[J@f79b80,[J@f79b80,[J@f79b80,[J@f79b80,[J@f79b80,[J@f79b80,[J@f79b80,[J@f79b80,[J@f79b80
operator: UnknownresourceId: Unknown - creating db connection using connection name: informix_connection
committing transaction
load Resource with ids:[J@1b9dd9e
operator: UnknownresourceId: Unknown - creating db connection using connection name: informix_connection
load ResourceRole with id:4
operator: UnknownresourceId: Unknown - creating db connection using connection name: informix_connection
committing transaction
committing transaction
Can not assign Post-Mortem Reviewer role to user null(ID: 2) for project 1 as user does not have accepted all necessary terms of use for project
load Notifications with array of userIds/projectIds/notificationTypes.
operator: UnknownresourceId: Unknown - creating db connection using connection name: informix_connection
committing transaction
get projects with the ids: 1
operator: UnknownprojectId: Unknown - creating db connection using connection name: informix_connection
committing transaction
load Resource role with ids:[J@85fa9a,[J@85fa9a,[J@85fa9a,[J@85fa9a,[J@85fa9a,[J@85fa9a,[J@85fa9a,[J@85fa9a,[J@85fa9a,[J@85fa9a,[J@85fa9a,[J@85fa9a,[J@85fa9a,[J@85fa9a,[J@85fa9a,[J@85fa9a,[J@85fa9a,[J@85fa9a,[J@85fa9a,[J@85fa9a,[J@85fa9a,[J@85fa9a
operator: UnknownresourceId: Unknown - creating db connection using connection name: informix_connection
committing transaction
load Resource with ids:[J@1039158
operator: UnknownresourceId: Unknown - creating db connection using connection name: informix_connection
load ResourceRole with id:4
operator: UnknownresourceId: Unknown - creating db connection using connection name: informix_connection
committing transaction
committing transaction
load Resource with ids:[J@1045f0f
operator: UnknownresourceId: Unknown - creating db connection using connection name: informix_connection
load ResourceRole with id:12
operator: UnknownresourceId: Unknown - creating db connection using connection name: informix_connection
committing transaction
committing transaction
load Resource with ids:[J@1343b59
operator: UnknownresourceId: Unknown - creating db connection using connection name: informix_connection
load ResourceRole with id:13
operator: UnknownresourceId: Unknown - creating db connection using connection name: informix_connection
committing transaction
committing transaction
load Resource with ids:[J@db5449
operator: UnknownresourceId: Unknown - creating db connection using connection name: informix_connection
load ResourceRole with id:9
operator: UnknownresourceId: Unknown - creating db connection using connection name: informix_connection
committing transaction
committing transaction
load Resource with ids:[J@17034b0
operator: UnknownresourceId: Unknown - creating db connection using connection name: informix_connection
load ResourceRole with id:14
operator: UnknownresourceId: Unknown - creating db connection using connection name: informix_connection
committing transaction
committing transaction
operator: UnknownresourceId: 100001 - load resource.
operator: UnknownresourceId: Unknown - creating db connection using connection name: informix_connection
load ResourceRole with id:4
operator: UnknownresourceId: Unknown - creating db connection using connection name: informix_connection
committing transaction
committing transaction
operator: UnknownresourceId: 100000 - load resource.
operator: UnknownresourceId: Unknown - creating db connection using connection name: informix_connection
load ResourceRole with id:13
operator: UnknownresourceId: Unknown - creating db connection using connection name: informix_connection
committing transaction
committing transaction
Read propery[ConnectionFactoryNS] which is  required  with value[com.topcoder.db.connectionfactory.DBConnectionFactoryImpl] from namespace [com.topcoder.management.project.persistence.InformixProjectPersistence].
Read propery[ConnectionName] which is  optional  with value[informix_connection] from namespace [com.topcoder.management.project.persistence.InformixProjectPersistence].
Read propery[ProjectIdSequenceName] which is  optional  with value[project_id_seq] from namespace [com.topcoder.management.project.persistence.InformixProjectPersistence].
Read propery[ProjectAuditIdSequenceName] which is  optional  with value[project_audit_id_seq] from namespace [com.topcoder.management.project.persistence.InformixProjectPersistence].
Read propery[ConnectionFactoryNS] which is  required  with value[com.topcoder.db.connectionfactory.DBConnectionFactoryImpl] from namespace [com.topcoder.management.project.persistence.link.ProjectLinkManagerImpl].
Read propery[ConnectionName] which is  optional  with value[informix_connection] from namespace [com.topcoder.management.project.persistence.link.ProjectLinkManagerImpl].
read property ConnectionFactoryNS[com.topcoder.db.connectionfactory.DBConnectionFactoryImpl] from the namespace :com.topcoder.management.scorecard.persistence.InformixScorecardPersistence
read property ConnectionName[informix_connection] from the namespace :com.topcoder.management.scorecard.persistence.InformixScorecardPersistence
Instantiate SqlUploadPersistence with connectionFactory and connectioName:informix_connection
Instantiate PersistenceUploadManager with UploadPersistence, uploadSearchBundle, submissionSearchBundle, uploadIdGenerator, uploadTypeIdGenerator, uploadStatusIdGenerator, submissionIDGenerator, submissionStatusIdGenerator and submissionTypeIdGenerator.
Instantiate AbstractResourcePersistence with connectionFactory and connectionName[informix_connection].
load Resource role with ids:[J@4601ef,[J@4601ef,[J@4601ef,[J@4601ef,[J@4601ef,[J@4601ef,[J@4601ef,[J@4601ef,[J@4601ef,[J@4601ef,[J@4601ef,[J@4601ef,[J@4601ef,[J@4601ef,[J@4601ef,[J@4601ef,[J@4601ef,[J@4601ef,[J@4601ef,[J@4601ef,[J@4601ef,[J@4601ef
operator: UnknownresourceId: Unknown - creating db connection using connection name: informix_connection
committing transaction
Read propery[ConnectionFactoryNS] which is  required  with value[com.topcoder.db.connectionfactory.DBConnectionFactoryImpl] from namespace [com.topcoder.management.project.persistence.InformixProjectPersistence].
Read propery[ConnectionName] which is  optional  with value[informix_connection] from namespace [com.topcoder.management.project.persistence.InformixProjectPersistence].
Read propery[ProjectIdSequenceName] which is  optional  with value[project_id_seq] from namespace [com.topcoder.management.project.persistence.InformixProjectPersistence].
Read propery[ProjectAuditIdSequenceName] which is  optional  with value[project_audit_id_seq] from namespace [com.topcoder.management.project.persistence.InformixProjectPersistence].
Read propery[ConnectionFactoryNS] which is  required  with value[com.topcoder.db.connectionfactory.DBConnectionFactoryImpl] from namespace [com.topcoder.management.project.persistence.link.ProjectLinkManagerImpl].
Read propery[ConnectionName] which is  optional  with value[informix_connection] from namespace [com.topcoder.management.project.persistence.link.ProjectLinkManagerImpl].
read property ConnectionFactoryNS[com.topcoder.db.connectionfactory.DBConnectionFactoryImpl] from the namespace :com.topcoder.management.scorecard.persistence.InformixScorecardPersistence
read property ConnectionName[informix_connection] from the namespace :com.topcoder.management.scorecard.persistence.InformixScorecardPersistence
Instantiate SqlUploadPersistence with connectionFactory and connectioName:informix_connection
Instantiate PersistenceUploadManager with UploadPersistence, uploadSearchBundle, submissionSearchBundle, uploadIdGenerator, uploadTypeIdGenerator, uploadStatusIdGenerator, submissionIDGenerator, submissionStatusIdGenerator and submissionTypeIdGenerator.
Instantiate AbstractResourcePersistence with connectionFactory and connectionName[informix_connection].
load Resource role with ids:[J@16f119e,[J@16f119e,[J@16f119e,[J@16f119e,[J@16f119e,[J@16f119e,[J@16f119e,[J@16f119e,[J@16f119e,[J@16f119e,[J@16f119e,[J@16f119e,[J@16f119e,[J@16f119e,[J@16f119e,[J@16f119e,[J@16f119e,[J@16f119e,[J@16f119e,[J@16f119e,[J@16f119e,[J@16f119e
operator: UnknownresourceId: Unknown - creating db connection using connection name: informix_connection
committing transaction
operator: UnknownprojectId: Unknown - Enter getDestProjectLinks method.
operator: UnknownprojectId: Unknown - creating db connection using connection name: informix_connection
get projects with the ids: 1,2
operator: UnknownprojectId: Unknown - creating db connection using connection name: informix_connection
committing transaction
committing transaction
operator: UnknownprojectId: Unknown - Enter getDestProjectLinks method.
operator: UnknownprojectId: Unknown - creating db connection using connection name: informix_connection
get projects with the ids: 1,2
operator: UnknownprojectId: Unknown - creating db connection using connection name: informix_connection
committing transaction
committing transaction
operator: UnknownprojectId: Unknown - Enter getDestProjectLinks method.
operator: UnknownprojectId: Unknown - creating db connection using connection name: informix_connection
get projects with the ids: 1,2
operator: UnknownprojectId: Unknown - creating db connection using connection name: informix_connection
committing transaction
committing transaction
operator: UnknownprojectId: Unknown - Enter getDestProjectLinks method.
operator: UnknownprojectId: Unknown - creating db connection using connection name: informix_connection
get projects with the ids: 1,2
operator: UnknownprojectId: Unknown - creating db connection using connection name: informix_connection
committing transaction
committing transaction
operator: UnknownprojectId: Unknown - Enter getDestProjectLinks method.
operator: UnknownprojectId: Unknown - creating db connection using connection name: informix_connection
get projects with the ids: 1,2
operator: UnknownprojectId: Unknown - creating db connection using connection name: informix_connection
committing transaction
committing transaction
Read propery[ConnectionFactoryNS] which is  required  with value[com.topcoder.db.connectionfactory.DBConnectionFactoryImpl] from namespace [com.topcoder.management.project.persistence.InformixProjectPersistence].
Read propery[ConnectionName] which is  optional  with value[informix_connection] from namespace [com.topcoder.management.project.persistence.InformixProjectPersistence].
Read propery[ProjectIdSequenceName] which is  optional  with value[project_id_seq] from namespace [com.topcoder.management.project.persistence.InformixProjectPersistence].
Read propery[ProjectAuditIdSequenceName] which is  optional  with value[project_audit_id_seq] from namespace [com.topcoder.management.project.persistence.InformixProjectPersistence].
Read propery[ConnectionFactoryNS] which is  required  with value[com.topcoder.db.connectionfactory.DBConnectionFactoryImpl] from namespace [com.topcoder.management.project.persistence.link.ProjectLinkManagerImpl].
Read propery[ConnectionName] which is  optional  with value[informix_connection] from namespace [com.topcoder.management.project.persistence.link.ProjectLinkManagerImpl].
read property ConnectionFactoryNS[com.topcoder.db.connectionfactory.DBConnectionFactoryImpl] from the namespace :com.topcoder.management.scorecard.persistence.InformixScorecardPersistence
read property ConnectionName[informix_connection] from the namespace :com.topcoder.management.scorecard.persistence.InformixScorecardPersistence
Instantiate SqlUploadPersistence with connectionFactory and connectioName:informix_connection
Instantiate PersistenceUploadManager with UploadPersistence, uploadSearchBundle, submissionSearchBundle, uploadIdGenerator, uploadTypeIdGenerator, uploadStatusIdGenerator, submissionIDGenerator, submissionStatusIdGenerator and submissionTypeIdGenerator.
Instantiate AbstractResourcePersistence with connectionFactory and connectionName[informix_connection].
load Resource role with ids:[J@da8790,[J@da8790,[J@da8790,[J@da8790,[J@da8790,[J@da8790,[J@da8790,[J@da8790,[J@da8790,[J@da8790,[J@da8790,[J@da8790,[J@da8790,[J@da8790,[J@da8790,[J@da8790,[J@da8790,[J@da8790,[J@da8790,[J@da8790,[J@da8790,[J@da8790
operator: UnknownresourceId: Unknown - creating db connection using connection name: informix_connection
committing transaction
type: Upload id: Unknown operator:Unknown - search submissions with filter. found: 0
type: Upload id: Unknown operator:Unknown - search submissions with filter. found: 0
type: Upload id: Unknown operator:Unknown - search submissions with filter. found: 0
type: Upload id: Unknown operator:Unknown - search submissions with filter. found: 0
type: Upload id: Unknown operator:Unknown - search submissions with filter. found: 0
Read propery[ConnectionFactoryNS] which is  required  with value[com.topcoder.db.connectionfactory.DBConnectionFactoryImpl] from namespace [com.topcoder.management.project.persistence.InformixProjectPersistence].
Read propery[ConnectionName] which is  optional  with value[informix_connection] from namespace [com.topcoder.management.project.persistence.InformixProjectPersistence].
Read propery[ProjectIdSequenceName] which is  optional  with value[project_id_seq] from namespace [com.topcoder.management.project.persistence.InformixProjectPersistence].
Read propery[ProjectAuditIdSequenceName] which is  optional  with value[project_audit_id_seq] from namespace [com.topcoder.management.project.persistence.InformixProjectPersistence].
Read propery[ConnectionFactoryNS] which is  required  with value[com.topcoder.db.connectionfactory.DBConnectionFactoryImpl] from namespace [com.topcoder.management.project.persistence.link.ProjectLinkManagerImpl].
Read propery[ConnectionName] which is  optional  with value[informix_connection] from namespace [com.topcoder.management.project.persistence.link.ProjectLinkManagerImpl].
read property ConnectionFactoryNS[com.topcoder.db.connectionfactory.DBConnectionFactoryImpl] from the namespace :com.topcoder.management.scorecard.persistence.InformixScorecardPersistence
read property ConnectionName[informix_connection] from the namespace :com.topcoder.management.scorecard.persistence.InformixScorecardPersistence
Instantiate SqlUploadPersistence with connectionFactory and connectioName:informix_connection
Instantiate PersistenceUploadManager with UploadPersistence, uploadSearchBundle, submissionSearchBundle, uploadIdGenerator, uploadTypeIdGenerator, uploadStatusIdGenerator, submissionIDGenerator, submissionStatusIdGenerator and submissionTypeIdGenerator.
Instantiate AbstractResourcePersistence with connectionFactory and connectionName[informix_connection].
load Resource role with ids:[J@5a26c,[J@5a26c,[J@5a26c,[J@5a26c,[J@5a26c,[J@5a26c,[J@5a26c,[J@5a26c,[J@5a26c,[J@5a26c,[J@5a26c,[J@5a26c,[J@5a26c,[J@5a26c,[J@5a26c,[J@5a26c,[J@5a26c,[J@5a26c,[J@5a26c,[J@5a26c,[J@5a26c,[J@5a26c
operator: UnknownresourceId: Unknown - creating db connection using connection name: informix_connection
committing transaction
type: Upload id: Unknown operator:Unknown - search submissions with filter. found: 2
operator: UnknownresourceId: 4 - load resource.
operator: UnknownresourceId: Unknown - creating db connection using connection name: informix_connection
load ResourceRole with id:1
operator: UnknownresourceId: Unknown - creating db connection using connection name: informix_connection
committing transaction
committing transaction
operator: UnknownresourceId: 5 - load resource.
operator: UnknownresourceId: Unknown - creating db connection using connection name: informix_connection
load ResourceRole with id:1
operator: UnknownresourceId: Unknown - creating db connection using connection name: informix_connection
committing transaction
committing transaction
load Resource with ids:[J@1dfff03
operator: UnknownresourceId: Unknown - creating db connection using connection name: informix_connection
load ResourceRole with id:4
operator: UnknownresourceId: Unknown - creating db connection using connection name: informix_connection
committing transaction
committing transaction
load Notifications with array of userIds/projectIds/notificationTypes.
operator: UnknownresourceId: Unknown - creating db connection using connection name: informix_connection
committing transaction
get projects with the ids: 1
operator: UnknownprojectId: Unknown - creating db connection using connection name: informix_connection
committing transaction
load Resource role with ids:[J@e32a92,[J@e32a92,[J@e32a92,[J@e32a92,[J@e32a92,[J@e32a92,[J@e32a92,[J@e32a92,[J@e32a92,[J@e32a92,[J@e32a92,[J@e32a92,[J@e32a92,[J@e32a92,[J@e32a92,[J@e32a92,[J@e32a92,[J@e32a92,[J@e32a92,[J@e32a92,[J@e32a92,[J@e32a92
operator: UnknownresourceId: Unknown - creating db connection using connection name: informix_connection
committing transaction
load Resource with ids:[J@b95d02,[J@b95d02
operator: UnknownresourceId: Unknown - creating db connection using connection name: informix_connection
load ResourceRole with id:4
operator: UnknownresourceId: Unknown - creating db connection using connection name: informix_connection
committing transaction
load ResourceRole with id:4
operator: UnknownresourceId: Unknown - creating db connection using connection name: informix_connection
committing transaction
committing transaction
load Resource with ids:[J@cd7609
operator: UnknownresourceId: Unknown - creating db connection using connection name: informix_connection
load ResourceRole with id:12
operator: UnknownresourceId: Unknown - creating db connection using connection name: informix_connection
committing transaction
committing transaction
load Resource with ids:[J@1635068
operator: UnknownresourceId: Unknown - creating db connection using connection name: informix_connection
load ResourceRole with id:13
operator: UnknownresourceId: Unknown - creating db connection using connection name: informix_connection
committing transaction
committing transaction
load Resource with ids:[J@bc763a
operator: UnknownresourceId: Unknown - creating db connection using connection name: informix_connection
load ResourceRole with id:9
operator: UnknownresourceId: Unknown - creating db connection using connection name: informix_connection
committing transaction
committing transaction
load Resource with ids:[J@c726a6,[J@c726a6
operator: UnknownresourceId: Unknown - creating db connection using connection name: informix_connection
load ResourceRole with id:1
operator: UnknownresourceId: Unknown - creating db connection using connection name: informix_connection
committing transaction
load ResourceRole with id:1
operator: UnknownresourceId: Unknown - creating db connection using connection name: informix_connection
committing transaction
committing transaction
operator: UnknownresourceId: 6 - load resource.
operator: UnknownresourceId: Unknown - creating db connection using connection name: informix_connection
load ResourceRole with id:4
operator: UnknownresourceId: Unknown - creating db connection using connection name: informix_connection
committing transaction
committing transaction
operator: UnknownresourceId: 4 - load resource.
operator: UnknownresourceId: Unknown - creating db connection using connection name: informix_connection
load ResourceRole with id:1
operator: UnknownresourceId: Unknown - creating db connection using connection name: informix_connection
committing transaction
committing transaction
operator: UnknownresourceId: 100000 - load resource.
operator: UnknownresourceId: Unknown - creating db connection using connection name: informix_connection
load ResourceRole with id:13
operator: UnknownresourceId: Unknown - creating db connection using connection name: informix_connection
committing transaction
committing transaction
operator: UnknownresourceId: 5 - load resource.
operator: UnknownresourceId: Unknown - creating db connection using connection name: informix_connection
load ResourceRole with id:1
operator: UnknownresourceId: Unknown - creating db connection using connection name: informix_connection
committing transaction
committing transaction
type: Upload id: Unknown operator:Unknown - search submissions with filter. found: 2
operator: UnknownresourceId: 4 - load resource.
operator: UnknownresourceId: Unknown - creating db connection using connection name: informix_connection
load ResourceRole with id:1
operator: UnknownresourceId: Unknown - creating db connection using connection name: informix_connection
committing transaction
committing transaction
operator: UnknownresourceId: 5 - load resource.
operator: UnknownresourceId: Unknown - creating db connection using connection name: informix_connection
load ResourceRole with id:1
operator: UnknownresourceId: Unknown - creating db connection using connection name: informix_connection
committing transaction
committing transaction
load Resource with ids:[J@1ed96d8
operator: UnknownresourceId: Unknown - creating db connection using connection name: informix_connection
load ResourceRole with id:4
operator: UnknownresourceId: Unknown - creating db connection using connection name: informix_connection
committing transaction
committing transaction
load Notifications with array of userIds/projectIds/notificationTypes.
operator: UnknownresourceId: Unknown - creating db connection using connection name: informix_connection
committing transaction
get projects with the ids: 1
operator: UnknownprojectId: Unknown - creating db connection using connection name: informix_connection
committing transaction
load Resource role with ids:[J@11afb34,[J@11afb34,[J@11afb34,[J@11afb34,[J@11afb34,[J@11afb34,[J@11afb34,[J@11afb34,[J@11afb34,[J@11afb34,[J@11afb34,[J@11afb34,[J@11afb34,[J@11afb34,[J@11afb34,[J@11afb34,[J@11afb34,[J@11afb34,[J@11afb34,[J@11afb34,[J@11afb34,[J@11afb34
operator: UnknownresourceId: Unknown - creating db connection using connection name: informix_connection
committing transaction
load Resource with ids:[J@16765c9,[J@16765c9
operator: UnknownresourceId: Unknown - creating db connection using connection name: informix_connection
load ResourceRole with id:4
operator: UnknownresourceId: Unknown - creating db connection using connection name: informix_connection
committing transaction
load ResourceRole with id:4
operator: UnknownresourceId: Unknown - creating db connection using connection name: informix_connection
committing transaction
committing transaction
load Resource with ids:[J@100ce6d
operator: UnknownresourceId: Unknown - creating db connection using connection name: informix_connection
load ResourceRole with id:12
operator: UnknownresourceId: Unknown - creating db connection using connection name: informix_connection
committing transaction
committing transaction
load Resource with ids:[J@13fe7db
operator: UnknownresourceId: Unknown - creating db connection using connection name: informix_connection
load ResourceRole with id:13
operator: UnknownresourceId: Unknown - creating db connection using connection name: informix_connection
committing transaction
committing transaction
load Resource with ids:[J@c472f2
operator: UnknownresourceId: Unknown - creating db connection using connection name: informix_connection
load ResourceRole with id:9
operator: UnknownresourceId: Unknown - creating db connection using connection name: informix_connection
committing transaction
committing transaction
load Resource with ids:[J@15a96af,[J@15a96af
operator: UnknownresourceId: Unknown - creating db connection using connection name: informix_connection
load ResourceRole with id:1
operator: UnknownresourceId: Unknown - creating db connection using connection name: informix_connection
committing transaction
load ResourceRole with id:1
operator: UnknownresourceId: Unknown - creating db connection using connection name: informix_connection
committing transaction
committing transaction
operator: UnknownresourceId: 6 - load resource.
operator: UnknownresourceId: Unknown - creating db connection using connection name: informix_connection
load ResourceRole with id:4
operator: UnknownresourceId: Unknown - creating db connection using connection name: informix_connection
committing transaction
committing transaction
operator: UnknownresourceId: 4 - load resource.
operator: UnknownresourceId: Unknown - creating db connection using connection name: informix_connection
load ResourceRole with id:1
operator: UnknownresourceId: Unknown - creating db connection using connection name: informix_connection
committing transaction
committing transaction
operator: UnknownresourceId: 100000 - load resource.
operator: UnknownresourceId: Unknown - creating db connection using connection name: informix_connection
load ResourceRole with id:13
operator: UnknownresourceId: Unknown - creating db connection using connection name: informix_connection
committing transaction
committing transaction
operator: UnknownresourceId: 5 - load resource.
operator: UnknownresourceId: Unknown - creating db connection using connection name: informix_connection
load ResourceRole with id:1
operator: UnknownresourceId: Unknown - creating db connection using connection name: informix_connection
committing transaction
committing transaction
type: Upload id: Unknown operator:Unknown - search submissions with filter. found: 2
operator: UnknownresourceId: 4 - load resource.
operator: UnknownresourceId: Unknown - creating db connection using connection name: informix_connection
load ResourceRole with id:1
operator: UnknownresourceId: Unknown - creating db connection using connection name: informix_connection
committing transaction
committing transaction
operator: UnknownresourceId: 5 - load resource.
operator: UnknownresourceId: Unknown - creating db connection using connection name: informix_connection
load ResourceRole with id:1
operator: UnknownresourceId: Unknown - creating db connection using connection name: informix_connection
committing transaction
committing transaction
load Resource with ids:[J@62e690
operator: UnknownresourceId: Unknown - creating db connection using connection name: informix_connection
load ResourceRole with id:4
operator: UnknownresourceId: Unknown - creating db connection using connection name: informix_connection
committing transaction
committing transaction
load Notifications with array of userIds/projectIds/notificationTypes.
operator: UnknownresourceId: Unknown - creating db connection using connection name: informix_connection
committing transaction
get projects with the ids: 1
operator: UnknownprojectId: Unknown - creating db connection using connection name: informix_connection
committing transaction
load Resource role with ids:[J@114ab14,[J@114ab14,[J@114ab14,[J@114ab14,[J@114ab14,[J@114ab14,[J@114ab14,[J@114ab14,[J@114ab14,[J@114ab14,[J@114ab14,[J@114ab14,[J@114ab14,[J@114ab14,[J@114ab14,[J@114ab14,[J@114ab14,[J@114ab14,[J@114ab14,[J@114ab14,[J@114ab14,[J@114ab14
operator: UnknownresourceId: Unknown - creating db connection using connection name: informix_connection
committing transaction
load Resource with ids:[J@1614931,[J@1614931
operator: UnknownresourceId: Unknown - creating db connection using connection name: informix_connection
load ResourceRole with id:4
operator: UnknownresourceId: Unknown - creating db connection using connection name: informix_connection
committing transaction
load ResourceRole with id:4
operator: UnknownresourceId: Unknown - creating db connection using connection name: informix_connection
committing transaction
committing transaction
load Resource with ids:[J@17f3682
operator: UnknownresourceId: Unknown - creating db connection using connection name: informix_connection
load ResourceRole with id:12
operator: UnknownresourceId: Unknown - creating db connection using connection name: informix_connection
committing transaction
committing transaction
load Resource with ids:[J@1425838
operator: UnknownresourceId: Unknown - creating db connection using connection name: informix_connection
load ResourceRole with id:13
operator: UnknownresourceId: Unknown - creating db connection using connection name: informix_connection
committing transaction
committing transaction
load Resource with ids:[J@1661a47
operator: UnknownresourceId: Unknown - creating db connection using connection name: informix_connection
load ResourceRole with id:9
operator: UnknownresourceId: Unknown - creating db connection using connection name: informix_connection
committing transaction
committing transaction
load Resource with ids:[J@950fe4,[J@950fe4
operator: UnknownresourceId: Unknown - creating db connection using connection name: informix_connection
load ResourceRole with id:1
operator: UnknownresourceId: Unknown - creating db connection using connection name: informix_connection
committing transaction
load ResourceRole with id:1
operator: UnknownresourceId: Unknown - creating db connection using connection name: informix_connection
committing transaction
committing transaction
operator: UnknownresourceId: 6 - load resource.
operator: UnknownresourceId: Unknown - creating db connection using connection name: informix_connection
load ResourceRole with id:4
operator: UnknownresourceId: Unknown - creating db connection using connection name: informix_connection
committing transaction
committing transaction
operator: UnknownresourceId: 4 - load resource.
operator: UnknownresourceId: Unknown - creating db connection using connection name: informix_connection
load ResourceRole with id:1
operator: UnknownresourceId: Unknown - creating db connection using connection name: informix_connection
committing transaction
committing transaction
operator: UnknownresourceId: 100000 - load resource.
operator: UnknownresourceId: Unknown - creating db connection using connection name: informix_connection
load ResourceRole with id:13
operator: UnknownresourceId: Unknown - creating db connection using connection name: informix_connection
committing transaction
committing transaction
operator: UnknownresourceId: 5 - load resource.
operator: UnknownresourceId: Unknown - creating db connection using connection name: informix_connection
load ResourceRole with id:1
operator: UnknownresourceId: Unknown - creating db connection using connection name: informix_connection
committing transaction
committing transaction
type: Upload id: Unknown operator:Unknown - search submissions with filter. found: 2
operator: UnknownresourceId: 4 - load resource.
operator: UnknownresourceId: Unknown - creating db connection using connection name: informix_connection
load ResourceRole with id:1
operator: UnknownresourceId: Unknown - creating db connection using connection name: informix_connection
committing transaction
committing transaction
operator: UnknownresourceId: 5 - load resource.
operator: UnknownresourceId: Unknown - creating db connection using connection name: informix_connection
load ResourceRole with id:1
operator: UnknownresourceId: Unknown - creating db connection using connection name: informix_connection
committing transaction
committing transaction
load Resource with ids:[J@1a82711
operator: UnknownresourceId: Unknown - creating db connection using connection name: informix_connection
load ResourceRole with id:4
operator: UnknownresourceId: Unknown - creating db connection using connection name: informix_connection
committing transaction
committing transaction
load Notifications with array of userIds/projectIds/notificationTypes.
operator: UnknownresourceId: Unknown - creating db connection using connection name: informix_connection
committing transaction
get projects with the ids: 1
operator: UnknownprojectId: Unknown - creating db connection using connection name: informix_connection
committing transaction
load Resource role with ids:[J@1137699,[J@1137699,[J@1137699,[J@1137699,[J@1137699,[J@1137699,[J@1137699,[J@1137699,[J@1137699,[J@1137699,[J@1137699,[J@1137699,[J@1137699,[J@1137699,[J@1137699,[J@1137699,[J@1137699,[J@1137699,[J@1137699,[J@1137699,[J@1137699,[J@1137699
operator: UnknownresourceId: Unknown - creating db connection using connection name: informix_connection
committing transaction
load Resource with ids:[J@1891d27,[J@1891d27
operator: UnknownresourceId: Unknown - creating db connection using connection name: informix_connection
load ResourceRole with id:4
operator: UnknownresourceId: Unknown - creating db connection using connection name: informix_connection
committing transaction
load ResourceRole with id:4
operator: UnknownresourceId: Unknown - creating db connection using connection name: informix_connection
committing transaction
committing transaction
load Resource with ids:[J@3a0277
operator: UnknownresourceId: Unknown - creating db connection using connection name: informix_connection
load ResourceRole with id:12
operator: UnknownresourceId: Unknown - creating db connection using connection name: informix_connection
committing transaction
committing transaction
load Resource with ids:[J@1c893fc
operator: UnknownresourceId: Unknown - creating db connection using connection name: informix_connection
load ResourceRole with id:13
operator: UnknownresourceId: Unknown - creating db connection using connection name: informix_connection
committing transaction
committing transaction
load Resource with ids:[J@2c8b0b
operator: UnknownresourceId: Unknown - creating db connection using connection name: informix_connection
load ResourceRole with id:9
operator: UnknownresourceId: Unknown - creating db connection using connection name: informix_connection
committing transaction
committing transaction
load Resource with ids:[J@bb736e,[J@bb736e
operator: UnknownresourceId: Unknown - creating db connection using connection name: informix_connection
load ResourceRole with id:1
operator: UnknownresourceId: Unknown - creating db connection using connection name: informix_connection
committing transaction
load ResourceRole with id:1
operator: UnknownresourceId: Unknown - creating db connection using connection name: informix_connection
committing transaction
committing transaction
operator: UnknownresourceId: 6 - load resource.
operator: UnknownresourceId: Unknown - creating db connection using connection name: informix_connection
load ResourceRole with id:4
operator: UnknownresourceId: Unknown - creating db connection using connection name: informix_connection
committing transaction
committing transaction
operator: UnknownresourceId: 4 - load resource.
operator: UnknownresourceId: Unknown - creating db connection using connection name: informix_connection
load ResourceRole with id:1
operator: UnknownresourceId: Unknown - creating db connection using connection name: informix_connection
committing transaction
committing transaction
operator: UnknownresourceId: 100000 - load resource.
operator: UnknownresourceId: Unknown - creating db connection using connection name: informix_connection
load ResourceRole with id:13
operator: UnknownresourceId: Unknown - creating db connection using connection name: informix_connection
committing transaction
committing transaction
operator: UnknownresourceId: 5 - load resource.
operator: UnknownresourceId: Unknown - creating db connection using connection name: informix_connection
load ResourceRole with id:1
operator: UnknownresourceId: Unknown - creating db connection using connection name: informix_connection
committing transaction
committing transaction
type: Upload id: Unknown operator:Unknown - search submissions with filter. found: 2
operator: UnknownresourceId: 4 - load resource.
operator: UnknownresourceId: Unknown - creating db connection using connection name: informix_connection
load ResourceRole with id:1
operator: UnknownresourceId: Unknown - creating db connection using connection name: informix_connection
committing transaction
committing transaction
operator: UnknownresourceId: 5 - load resource.
operator: UnknownresourceId: Unknown - creating db connection using connection name: informix_connection
load ResourceRole with id:1
operator: UnknownresourceId: Unknown - creating db connection using connection name: informix_connection
committing transaction
committing transaction
load Resource with ids:[J@e554a1
operator: UnknownresourceId: Unknown - creating db connection using connection name: informix_connection
load ResourceRole with id:4
operator: UnknownresourceId: Unknown - creating db connection using connection name: informix_connection
committing transaction
committing transaction
load Notifications with array of userIds/projectIds/notificationTypes.
operator: UnknownresourceId: Unknown - creating db connection using connection name: informix_connection
committing transaction
get projects with the ids: 1
operator: UnknownprojectId: Unknown - creating db connection using connection name: informix_connection
committing transaction
load Resource role with ids:[J@d000eb,[J@d000eb,[J@d000eb,[J@d000eb,[J@d000eb,[J@d000eb,[J@d000eb,[J@d000eb,[J@d000eb,[J@d000eb,[J@d000eb,[J@d000eb,[J@d000eb,[J@d000eb,[J@d000eb,[J@d000eb,[J@d000eb,[J@d000eb,[J@d000eb,[J@d000eb,[J@d000eb,[J@d000eb
operator: UnknownresourceId: Unknown - creating db connection using connection name: informix_connection
committing transaction
load Resource with ids:[J@ddd035,[J@ddd035
operator: UnknownresourceId: Unknown - creating db connection using connection name: informix_connection
load ResourceRole with id:4
operator: UnknownresourceId: Unknown - creating db connection using connection name: informix_connection
committing transaction
load ResourceRole with id:4
operator: UnknownresourceId: Unknown - creating db connection using connection name: informix_connection
committing transaction
committing transaction
load Resource with ids:[J@1b313e1
operator: UnknownresourceId: Unknown - creating db connection using connection name: informix_connection
load ResourceRole with id:12
operator: UnknownresourceId: Unknown - creating db connection using connection name: informix_connection
committing transaction
committing transaction
load Resource with ids:[J@8035c1
operator: UnknownresourceId: Unknown - creating db connection using connection name: informix_connection
load ResourceRole with id:13
operator: UnknownresourceId: Unknown - creating db connection using connection name: informix_connection
committing transaction
committing transaction
load Resource with ids:[J@1008372
operator: UnknownresourceId: Unknown - creating db connection using connection name: informix_connection
load ResourceRole with id:9
operator: UnknownresourceId: Unknown - creating db connection using connection name: informix_connection
committing transaction
committing transaction
load Resource with ids:[J@f9cd4e,[J@f9cd4e
operator: UnknownresourceId: Unknown - creating db connection using connection name: informix_connection
load ResourceRole with id:1
operator: UnknownresourceId: Unknown - creating db connection using connection name: informix_connection
committing transaction
load ResourceRole with id:1
operator: UnknownresourceId: Unknown - creating db connection using connection name: informix_connection
committing transaction
committing transaction
operator: UnknownresourceId: 6 - load resource.
operator: UnknownresourceId: Unknown - creating db connection using connection name: informix_connection
load ResourceRole with id:4
operator: UnknownresourceId: Unknown - creating db connection using connection name: informix_connection
committing transaction
committing transaction
operator: UnknownresourceId: 4 - load resource.
operator: UnknownresourceId: Unknown - creating db connection using connection name: informix_connection
load ResourceRole with id:1
operator: UnknownresourceId: Unknown - creating db connection using connection name: informix_connection
committing transaction
committing transaction
operator: UnknownresourceId: 100000 - load resource.
operator: UnknownresourceId: Unknown - creating db connection using connection name: informix_connection
load ResourceRole with id:13
operator: UnknownresourceId: Unknown - creating db connection using connection name: informix_connection
committing transaction
committing transaction
operator: UnknownresourceId: 5 - load resource.
operator: UnknownresourceId: Unknown - creating db connection using connection name: informix_connection
load ResourceRole with id:1
operator: UnknownresourceId: Unknown - creating db connection using connection name: informix_connection
committing transaction
committing transaction
Read propery[ConnectionFactoryNS] which is  required  with value[com.topcoder.db.connectionfactory.DBConnectionFactoryImpl] from namespace [com.topcoder.management.project.persistence.InformixProjectPersistence].
Read propery[ConnectionName] which is  optional  with value[informix_connection] from namespace [com.topcoder.management.project.persistence.InformixProjectPersistence].
Read propery[ProjectIdSequenceName] which is  optional  with value[project_id_seq] from namespace [com.topcoder.management.project.persistence.InformixProjectPersistence].
Read propery[ProjectAuditIdSequenceName] which is  optional  with value[project_audit_id_seq] from namespace [com.topcoder.management.project.persistence.InformixProjectPersistence].
Read propery[ConnectionFactoryNS] which is  required  with value[com.topcoder.db.connectionfactory.DBConnectionFactoryImpl] from namespace [com.topcoder.management.project.persistence.link.ProjectLinkManagerImpl].
Read propery[ConnectionName] which is  optional  with value[informix_connection] from namespace [com.topcoder.management.project.persistence.link.ProjectLinkManagerImpl].
read property ConnectionFactoryNS[com.topcoder.db.connectionfactory.DBConnectionFactoryImpl] from the namespace :com.topcoder.management.scorecard.persistence.InformixScorecardPersistence
read property ConnectionName[informix_connection] from the namespace :com.topcoder.management.scorecard.persistence.InformixScorecardPersistence
Instantiate SqlUploadPersistence with connectionFactory and connectioName:informix_connection
Instantiate PersistenceUploadManager with UploadPersistence, uploadSearchBundle, submissionSearchBundle, uploadIdGenerator, uploadTypeIdGenerator, uploadStatusIdGenerator, submissionIDGenerator, submissionStatusIdGenerator and submissionTypeIdGenerator.
Instantiate AbstractResourcePersistence with connectionFactory and connectionName[informix_connection].
load Resource role with ids:[J@9fe1ff,[J@9fe1ff,[J@9fe1ff,[J@9fe1ff,[J@9fe1ff,[J@9fe1ff,[J@9fe1ff,[J@9fe1ff,[J@9fe1ff,[J@9fe1ff,[J@9fe1ff,[J@9fe1ff,[J@9fe1ff,[J@9fe1ff,[J@9fe1ff,[J@9fe1ff,[J@9fe1ff,[J@9fe1ff,[J@9fe1ff,[J@9fe1ff,[J@9fe1ff,[J@9fe1ff
operator: UnknownresourceId: Unknown - creating db connection using connection name: informix_connection
committing transaction
type: Upload id: Unknown operator:Unknown - search submissions with filter. found: 2
load Resource with ids:[J@86a43c,[J@86a43c
operator: UnknownresourceId: Unknown - creating db connection using connection name: informix_connection
load ResourceRole with id:4
operator: UnknownresourceId: Unknown - creating db connection using connection name: informix_connection
committing transaction
load ResourceRole with id:4
operator: UnknownresourceId: Unknown - creating db connection using connection name: informix_connection
committing transaction
committing transaction
type: Submission id: 1 operator:1001 - update Submission.
type: Submission id: 1 operator:Unknown - Update Submission, it will update record in submission table.
create db connection using connection name:informix_connection
close the connection.
type: Submission id: 2 operator:1001 - update Submission.
type: Submission id: 2 operator:Unknown - Update Submission, it will update record in submission table.
create db connection using connection name:informix_connection
close the connection.
operator: UnknownresourceId: 4 - load resource.
operator: UnknownresourceId: Unknown - creating db connection using connection name: informix_connection
load ResourceRole with id:1
operator: UnknownresourceId: Unknown - creating db connection using connection name: informix_connection
committing transaction
committing transaction
operator: UnknownresourceId: 5 - load resource.
operator: UnknownresourceId: Unknown - creating db connection using connection name: informix_connection
load ResourceRole with id:1
operator: UnknownresourceId: Unknown - creating db connection using connection name: informix_connection
committing transaction
committing transaction
load Notifications with array of userIds/projectIds/notificationTypes.
operator: UnknownresourceId: Unknown - creating db connection using connection name: informix_connection
committing transaction
get projects with the ids: 1
operator: UnknownprojectId: Unknown - creating db connection using connection name: informix_connection
committing transaction
load Resource role with ids:[J@168ff5b,[J@168ff5b,[J@168ff5b,[J@168ff5b,[J@168ff5b,[J@168ff5b,[J@168ff5b,[J@168ff5b,[J@168ff5b,[J@168ff5b,[J@168ff5b,[J@168ff5b,[J@168ff5b,[J@168ff5b,[J@168ff5b,[J@168ff5b,[J@168ff5b,[J@168ff5b,[J@168ff5b,[J@168ff5b,[J@168ff5b,[J@168ff5b
operator: UnknownresourceId: Unknown - creating db connection using connection name: informix_connection
committing transaction
load Resource with ids:[J@6ce72b,[J@6ce72b,[J@6ce72b
operator: UnknownresourceId: Unknown - creating db connection using connection name: informix_connection
load ResourceRole with id:4
operator: UnknownresourceId: Unknown - creating db connection using connection name: informix_connection
committing transaction
load ResourceRole with id:4
operator: UnknownresourceId: Unknown - creating db connection using connection name: informix_connection
committing transaction
load ResourceRole with id:4
operator: UnknownresourceId: Unknown - creating db connection using connection name: informix_connection
committing transaction
committing transaction
load Resource with ids:[J@1857083
operator: UnknownresourceId: Unknown - creating db connection using connection name: informix_connection
load ResourceRole with id:12
operator: UnknownresourceId: Unknown - creating db connection using connection name: informix_connection
committing transaction
committing transaction
load Resource with ids:[J@f95780
operator: UnknownresourceId: Unknown - creating db connection using connection name: informix_connection
load ResourceRole with id:13
operator: UnknownresourceId: Unknown - creating db connection using connection name: informix_connection
committing transaction
committing transaction
load Resource with ids:[J@a422ed
operator: UnknownresourceId: Unknown - creating db connection using connection name: informix_connection
load ResourceRole with id:9
operator: UnknownresourceId: Unknown - creating db connection using connection name: informix_connection
committing transaction
committing transaction
load Resource with ids:[J@327559,[J@327559
operator: UnknownresourceId: Unknown - creating db connection using connection name: informix_connection
load ResourceRole with id:1
operator: UnknownresourceId: Unknown - creating db connection using connection name: informix_connection
committing transaction
load ResourceRole with id:1
operator: UnknownresourceId: Unknown - creating db connection using connection name: informix_connection
committing transaction
committing transaction
operator: UnknownresourceId: 6 - load resource.
operator: UnknownresourceId: Unknown - creating db connection using connection name: informix_connection
load ResourceRole with id:4
operator: UnknownresourceId: Unknown - creating db connection using connection name: informix_connection
committing transaction
committing transaction
operator: UnknownresourceId: 4 - load resource.
operator: UnknownresourceId: Unknown - creating db connection using connection name: informix_connection
load ResourceRole with id:1
operator: UnknownresourceId: Unknown - creating db connection using connection name: informix_connection
committing transaction
committing transaction
operator: UnknownresourceId: 100000 - load resource.
operator: UnknownresourceId: Unknown - creating db connection using connection name: informix_connection
load ResourceRole with id:13
operator: UnknownresourceId: Unknown - creating db connection using connection name: informix_connection
committing transaction
committing transaction
operator: UnknownresourceId: 7 - load resource.
operator: UnknownresourceId: Unknown - creating db connection using connection name: informix_connection
load ResourceRole with id:4
operator: UnknownresourceId: Unknown - creating db connection using connection name: informix_connection
committing transaction
committing transaction
operator: UnknownresourceId: 5 - load resource.
operator: UnknownresourceId: Unknown - creating db connection using connection name: informix_connection
load ResourceRole with id:1
operator: UnknownresourceId: Unknown - creating db connection using connection name: informix_connection
committing transaction
committing transaction
type: Upload id: Unknown operator:Unknown - search submissions with filter. found: 2
load Resource with ids:[J@178b2cf,[J@178b2cf
operator: UnknownresourceId: Unknown - creating db connection using connection name: informix_connection
load ResourceRole with id:4
operator: UnknownresourceId: Unknown - creating db connection using connection name: informix_connection
committing transaction
load ResourceRole with id:4
operator: UnknownresourceId: Unknown - creating db connection using connection name: informix_connection
committing transaction
committing transaction
type: Submission id: 1 operator:1001 - update Submission.
type: Submission id: 1 operator:Unknown - Update Submission, it will update record in submission table.
create db connection using connection name:informix_connection
close the connection.
type: Submission id: 2 operator:1001 - update Submission.
type: Submission id: 2 operator:Unknown - Update Submission, it will update record in submission table.
create db connection using connection name:informix_connection
close the connection.
operator: UnknownresourceId: 4 - load resource.
operator: UnknownresourceId: Unknown - creating db connection using connection name: informix_connection
load ResourceRole with id:1
operator: UnknownresourceId: Unknown - creating db connection using connection name: informix_connection
committing transaction
committing transaction
operator: UnknownresourceId: 5 - load resource.
operator: UnknownresourceId: Unknown - creating db connection using connection name: informix_connection
load ResourceRole with id:1
operator: UnknownresourceId: Unknown - creating db connection using connection name: informix_connection
committing transaction
committing transaction
load Notifications with array of userIds/projectIds/notificationTypes.
operator: UnknownresourceId: Unknown - creating db connection using connection name: informix_connection
committing transaction
get projects with the ids: 1
operator: UnknownprojectId: Unknown - creating db connection using connection name: informix_connection
committing transaction
load Resource role with ids:[J@1eaaa51,[J@1eaaa51,[J@1eaaa51,[J@1eaaa51,[J@1eaaa51,[J@1eaaa51,[J@1eaaa51,[J@1eaaa51,[J@1eaaa51,[J@1eaaa51,[J@1eaaa51,[J@1eaaa51,[J@1eaaa51,[J@1eaaa51,[J@1eaaa51,[J@1eaaa51,[J@1eaaa51,[J@1eaaa51,[J@1eaaa51,[J@1eaaa51,[J@1eaaa51,[J@1eaaa51
operator: UnknownresourceId: Unknown - creating db connection using connection name: informix_connection
committing transaction
load Resource with ids:[J@7c518e,[J@7c518e,[J@7c518e
operator: UnknownresourceId: Unknown - creating db connection using connection name: informix_connection
load ResourceRole with id:4
operator: UnknownresourceId: Unknown - creating db connection using connection name: informix_connection
committing transaction
load ResourceRole with id:4
operator: UnknownresourceId: Unknown - creating db connection using connection name: informix_connection
committing transaction
load ResourceRole with id:4
operator: UnknownresourceId: Unknown - creating db connection using connection name: informix_connection
committing transaction
committing transaction
load Resource with ids:[J@1a670b5
operator: UnknownresourceId: Unknown - creating db connection using connection name: informix_connection
load ResourceRole with id:12
operator: UnknownresourceId: Unknown - creating db connection using connection name: informix_connection
committing transaction
committing transaction
load Resource with ids:[J@186b8a8
operator: UnknownresourceId: Unknown - creating db connection using connection name: informix_connection
load ResourceRole with id:13
operator: UnknownresourceId: Unknown - creating db connection using connection name: informix_connection
committing transaction
committing transaction
load Resource with ids:[J@1e174a2
operator: UnknownresourceId: Unknown - creating db connection using connection name: informix_connection
load ResourceRole with id:9
operator: UnknownresourceId: Unknown - creating db connection using connection name: informix_connection
committing transaction
committing transaction
load Resource with ids:[J@13c1ed7,[J@13c1ed7
operator: UnknownresourceId: Unknown - creating db connection using connection name: informix_connection
load ResourceRole with id:1
operator: UnknownresourceId: Unknown - creating db connection using connection name: informix_connection
committing transaction
load ResourceRole with id:1
operator: UnknownresourceId: Unknown - creating db connection using connection name: informix_connection
committing transaction
committing transaction
operator: UnknownresourceId: 6 - load resource.
operator: UnknownresourceId: Unknown - creating db connection using connection name: informix_connection
load ResourceRole with id:4
operator: UnknownresourceId: Unknown - creating db connection using connection name: informix_connection
committing transaction
committing transaction
operator: UnknownresourceId: 4 - load resource.
operator: UnknownresourceId: Unknown - creating db connection using connection name: informix_connection
load ResourceRole with id:1
operator: UnknownresourceId: Unknown - creating db connection using connection name: informix_connection
committing transaction
committing transaction
operator: UnknownresourceId: 100000 - load resource.
operator: UnknownresourceId: Unknown - creating db connection using connection name: informix_connection
load ResourceRole with id:13
operator: UnknownresourceId: Unknown - creating db connection using connection name: informix_connection
committing transaction
committing transaction
operator: UnknownresourceId: 7 - load resource.
operator: UnknownresourceId: Unknown - creating db connection using connection name: informix_connection
load ResourceRole with id:4
operator: UnknownresourceId: Unknown - creating db connection using connection name: informix_connection
committing transaction
committing transaction
operator: UnknownresourceId: 5 - load resource.
operator: UnknownresourceId: Unknown - creating db connection using connection name: informix_connection
load ResourceRole with id:1
operator: UnknownresourceId: Unknown - creating db connection using connection name: informix_connection
committing transaction
committing transaction
type: Upload id: Unknown operator:Unknown - search submissions with filter. found: 2
load Resource with ids:[J@8584d5,[J@8584d5
operator: UnknownresourceId: Unknown - creating db connection using connection name: informix_connection
load ResourceRole with id:4
operator: UnknownresourceId: Unknown - creating db connection using connection name: informix_connection
committing transaction
load ResourceRole with id:4
operator: UnknownresourceId: Unknown - creating db connection using connection name: informix_connection
committing transaction
committing transaction
type: Submission id: 1 operator:1001 - update Submission.
type: Submission id: 1 operator:Unknown - Update Submission, it will update record in submission table.
create db connection using connection name:informix_connection
close the connection.
type: Submission id: 2 operator:1001 - update Submission.
type: Submission id: 2 operator:Unknown - Update Submission, it will update record in submission table.
create db connection using connection name:informix_connection
close the connection.
operator: UnknownresourceId: 4 - load resource.
operator: UnknownresourceId: Unknown - creating db connection using connection name: informix_connection
load ResourceRole with id:1
operator: UnknownresourceId: Unknown - creating db connection using connection name: informix_connection
committing transaction
committing transaction
operator: UnknownresourceId: 5 - load resource.
operator: UnknownresourceId: Unknown - creating db connection using connection name: informix_connection
load ResourceRole with id:1
operator: UnknownresourceId: Unknown - creating db connection using connection name: informix_connection
committing transaction
committing transaction
load Notifications with array of userIds/projectIds/notificationTypes.
operator: UnknownresourceId: Unknown - creating db connection using connection name: informix_connection
committing transaction
get projects with the ids: 1
operator: UnknownprojectId: Unknown - creating db connection using connection name: informix_connection
committing transaction
load Resource role with ids:[J@1629a99,[J@1629a99,[J@1629a99,[J@1629a99,[J@1629a99,[J@1629a99,[J@1629a99,[J@1629a99,[J@1629a99,[J@1629a99,[J@1629a99,[J@1629a99,[J@1629a99,[J@1629a99,[J@1629a99,[J@1629a99,[J@1629a99,[J@1629a99,[J@1629a99,[J@1629a99,[J@1629a99,[J@1629a99
operator: UnknownresourceId: Unknown - creating db connection using connection name: informix_connection
committing transaction
load Resource with ids:[J@caea1b,[J@caea1b,[J@caea1b
operator: UnknownresourceId: Unknown - creating db connection using connection name: informix_connection
load ResourceRole with id:4
operator: UnknownresourceId: Unknown - creating db connection using connection name: informix_connection
committing transaction
load ResourceRole with id:4
operator: UnknownresourceId: Unknown - creating db connection using connection name: informix_connection
committing transaction
load ResourceRole with id:4
operator: UnknownresourceId: Unknown - creating db connection using connection name: informix_connection
committing transaction
committing transaction
load Resource with ids:[J@a4667b
operator: UnknownresourceId: Unknown - creating db connection using connection name: informix_connection
load ResourceRole with id:12
operator: UnknownresourceId: Unknown - creating db connection using connection name: informix_connection
committing transaction
committing transaction
load Resource with ids:[J@d5d86b
operator: UnknownresourceId: Unknown - creating db connection using connection name: informix_connection
load ResourceRole with id:13
operator: UnknownresourceId: Unknown - creating db connection using connection name: informix_connection
committing transaction
committing transaction
load Resource with ids:[J@8b5ecf
operator: UnknownresourceId: Unknown - creating db connection using connection name: informix_connection
load ResourceRole with id:9
operator: UnknownresourceId: Unknown - creating db connection using connection name: informix_connection
committing transaction
committing transaction
load Resource with ids:[J@c12706,[J@c12706
operator: UnknownresourceId: Unknown - creating db connection using connection name: informix_connection
load ResourceRole with id:1
operator: UnknownresourceId: Unknown - creating db connection using connection name: informix_connection
committing transaction
load ResourceRole with id:1
operator: UnknownresourceId: Unknown - creating db connection using connection name: informix_connection
committing transaction
committing transaction
operator: UnknownresourceId: 6 - load resource.
operator: UnknownresourceId: Unknown - creating db connection using connection name: informix_connection
load ResourceRole with id:4
operator: UnknownresourceId: Unknown - creating db connection using connection name: informix_connection
committing transaction
committing transaction
operator: UnknownresourceId: 4 - load resource.
operator: UnknownresourceId: Unknown - creating db connection using connection name: informix_connection
load ResourceRole with id:1
operator: UnknownresourceId: Unknown - creating db connection using connection name: informix_connection
committing transaction
committing transaction
operator: UnknownresourceId: 100000 - load resource.
operator: UnknownresourceId: Unknown - creating db connection using connection name: informix_connection
load ResourceRole with id:13
operator: UnknownresourceId: Unknown - creating db connection using connection name: informix_connection
committing transaction
committing transaction
operator: UnknownresourceId: 7 - load resource.
operator: UnknownresourceId: Unknown - creating db connection using connection name: informix_connection
load ResourceRole with id:4
operator: UnknownresourceId: Unknown - creating db connection using connection name: informix_connection
committing transaction
committing transaction
operator: UnknownresourceId: 5 - load resource.
operator: UnknownresourceId: Unknown - creating db connection using connection name: informix_connection
load ResourceRole with id:1
operator: UnknownresourceId: Unknown - creating db connection using connection name: informix_connection
committing transaction
committing transaction
type: Upload id: Unknown operator:Unknown - search submissions with filter. found: 2
load Resource with ids:[J@12a5d43,[J@12a5d43
operator: UnknownresourceId: Unknown - creating db connection using connection name: informix_connection
load ResourceRole with id:4
operator: UnknownresourceId: Unknown - creating db connection using connection name: informix_connection
committing transaction
load ResourceRole with id:4
operator: UnknownresourceId: Unknown - creating db connection using connection name: informix_connection
committing transaction
committing transaction
type: Submission id: 1 operator:1001 - update Submission.
type: Submission id: 1 operator:Unknown - Update Submission, it will update record in submission table.
create db connection using connection name:informix_connection
close the connection.
type: Submission id: 2 operator:1001 - update Submission.
type: Submission id: 2 operator:Unknown - Update Submission, it will update record in submission table.
create db connection using connection name:informix_connection
close the connection.
operator: UnknownresourceId: 4 - load resource.
operator: UnknownresourceId: Unknown - creating db connection using connection name: informix_connection
load ResourceRole with id:1
operator: UnknownresourceId: Unknown - creating db connection using connection name: informix_connection
committing transaction
committing transaction
operator: UnknownresourceId: 5 - load resource.
operator: UnknownresourceId: Unknown - creating db connection using connection name: informix_connection
load ResourceRole with id:1
operator: UnknownresourceId: Unknown - creating db connection using connection name: informix_connection
committing transaction
committing transaction
load Notifications with array of userIds/projectIds/notificationTypes.
operator: UnknownresourceId: Unknown - creating db connection using connection name: informix_connection
committing transaction
get projects with the ids: 1
operator: UnknownprojectId: Unknown - creating db connection using connection name: informix_connection
committing transaction
load Resource role with ids:[J@1316d0,[J@1316d0,[J@1316d0,[J@1316d0,[J@1316d0,[J@1316d0,[J@1316d0,[J@1316d0,[J@1316d0,[J@1316d0,[J@1316d0,[J@1316d0,[J@1316d0,[J@1316d0,[J@1316d0,[J@1316d0,[J@1316d0,[J@1316d0,[J@1316d0,[J@1316d0,[J@1316d0,[J@1316d0
operator: UnknownresourceId: Unknown - creating db connection using connection name: informix_connection
committing transaction
load Resource with ids:[J@880ac0,[J@880ac0,[J@880ac0
operator: UnknownresourceId: Unknown - creating db connection using connection name: informix_connection
load ResourceRole with id:4
operator: UnknownresourceId: Unknown - creating db connection using connection name: informix_connection
committing transaction
load ResourceRole with id:4
operator: UnknownresourceId: Unknown - creating db connection using connection name: informix_connection
committing transaction
load ResourceRole with id:4
operator: UnknownresourceId: Unknown - creating db connection using connection name: informix_connection
committing transaction
committing transaction
load Resource with ids:[J@1ad4a3
operator: UnknownresourceId: Unknown - creating db connection using connection name: informix_connection
load ResourceRole with id:12
operator: UnknownresourceId: Unknown - creating db connection using connection name: informix_connection
committing transaction
committing transaction
load Resource with ids:[J@1b57f60
operator: UnknownresourceId: Unknown - creating db connection using connection name: informix_connection
load ResourceRole with id:13
operator: UnknownresourceId: Unknown - creating db connection using connection name: informix_connection
committing transaction
committing transaction
load Resource with ids:[J@134aec3
operator: UnknownresourceId: Unknown - creating db connection using connection name: informix_connection
load ResourceRole with id:9
operator: UnknownresourceId: Unknown - creating db connection using connection name: informix_connection
committing transaction
committing transaction
load Resource with ids:[J@57d257,[J@57d257
operator: UnknownresourceId: Unknown - creating db connection using connection name: informix_connection
load ResourceRole with id:1
operator: UnknownresourceId: Unknown - creating db connection using connection name: informix_connection
committing transaction
load ResourceRole with id:1
operator: UnknownresourceId: Unknown - creating db connection using connection name: informix_connection
committing transaction
committing transaction
operator: UnknownresourceId: 6 - load resource.
operator: UnknownresourceId: Unknown - creating db connection using connection name: informix_connection
load ResourceRole with id:4
operator: UnknownresourceId: Unknown - creating db connection using connection name: informix_connection
committing transaction
committing transaction
operator: UnknownresourceId: 4 - load resource.
operator: UnknownresourceId: Unknown - creating db connection using connection name: informix_connection
load ResourceRole with id:1
operator: UnknownresourceId: Unknown - creating db connection using connection name: informix_connection
committing transaction
committing transaction
operator: UnknownresourceId: 100000 - load resource.
operator: UnknownresourceId: Unknown - creating db connection using connection name: informix_connection
load ResourceRole with id:13
operator: UnknownresourceId: Unknown - creating db connection using connection name: informix_connection
committing transaction
committing transaction
operator: UnknownresourceId: 7 - load resource.
operator: UnknownresourceId: Unknown - creating db connection using connection name: informix_connection
load ResourceRole with id:4
operator: UnknownresourceId: Unknown - creating db connection using connection name: informix_connection
committing transaction
committing transaction
operator: UnknownresourceId: 5 - load resource.
operator: UnknownresourceId: Unknown - creating db connection using connection name: informix_connection
load ResourceRole with id:1
operator: UnknownresourceId: Unknown - creating db connection using connection name: informix_connection
committing transaction
committing transaction
type: Upload id: Unknown operator:Unknown - search submissions with filter. found: 2
load Resource with ids:[J@1bc5c08,[J@1bc5c08
operator: UnknownresourceId: Unknown - creating db connection using connection name: informix_connection
load ResourceRole with id:4
operator: UnknownresourceId: Unknown - creating db connection using connection name: informix_connection
committing transaction
load ResourceRole with id:4
operator: UnknownresourceId: Unknown - creating db connection using connection name: informix_connection
committing transaction
committing transaction
type: Submission id: 1 operator:1001 - update Submission.
type: Submission id: 1 operator:Unknown - Update Submission, it will update record in submission table.
create db connection using connection name:informix_connection
close the connection.
type: Submission id: 2 operator:1001 - update Submission.
type: Submission id: 2 operator:Unknown - Update Submission, it will update record in submission table.
create db connection using connection name:informix_connection
close the connection.
operator: UnknownresourceId: 4 - load resource.
operator: UnknownresourceId: Unknown - creating db connection using connection name: informix_connection
load ResourceRole with id:1
operator: UnknownresourceId: Unknown - creating db connection using connection name: informix_connection
committing transaction
committing transaction
operator: UnknownresourceId: 5 - load resource.
operator: UnknownresourceId: Unknown - creating db connection using connection name: informix_connection
load ResourceRole with id:1
operator: UnknownresourceId: Unknown - creating db connection using connection name: informix_connection
committing transaction
committing transaction
load Notifications with array of userIds/projectIds/notificationTypes.
operator: UnknownresourceId: Unknown - creating db connection using connection name: informix_connection
committing transaction
get projects with the ids: 1
operator: UnknownprojectId: Unknown - creating db connection using connection name: informix_connection
committing transaction
load Resource role with ids:[J@11a4999,[J@11a4999,[J@11a4999,[J@11a4999,[J@11a4999,[J@11a4999,[J@11a4999,[J@11a4999,[J@11a4999,[J@11a4999,[J@11a4999,[J@11a4999,[J@11a4999,[J@11a4999,[J@11a4999,[J@11a4999,[J@11a4999,[J@11a4999,[J@11a4999,[J@11a4999,[J@11a4999,[J@11a4999
operator: UnknownresourceId: Unknown - creating db connection using connection name: informix_connection
committing transaction
load Resource with ids:[J@151278,[J@151278,[J@151278
operator: UnknownresourceId: Unknown - creating db connection using connection name: informix_connection
load ResourceRole with id:4
operator: UnknownresourceId: Unknown - creating db connection using connection name: informix_connection
committing transaction
load ResourceRole with id:4
operator: UnknownresourceId: Unknown - creating db connection using connection name: informix_connection
committing transaction
load ResourceRole with id:4
operator: UnknownresourceId: Unknown - creating db connection using connection name: informix_connection
committing transaction
committing transaction
load Resource with ids:[J@1983b3a
operator: UnknownresourceId: Unknown - creating db connection using connection name: informix_connection
load ResourceRole with id:12
operator: UnknownresourceId: Unknown - creating db connection using connection name: informix_connection
committing transaction
committing transaction
load Resource with ids:[J@26e957
operator: UnknownresourceId: Unknown - creating db connection using connection name: informix_connection
load ResourceRole with id:13
operator: UnknownresourceId: Unknown - creating db connection using connection name: informix_connection
committing transaction
committing transaction
load Resource with ids:[J@f06028
operator: UnknownresourceId: Unknown - creating db connection using connection name: informix_connection
load ResourceRole with id:9
operator: UnknownresourceId: Unknown - creating db connection using connection name: informix_connection
committing transaction
committing transaction
load Resource with ids:[J@f0b16c,[J@f0b16c
operator: UnknownresourceId: Unknown - creating db connection using connection name: informix_connection
load ResourceRole with id:1
operator: UnknownresourceId: Unknown - creating db connection using connection name: informix_connection
committing transaction
load ResourceRole with id:1
operator: UnknownresourceId: Unknown - creating db connection using connection name: informix_connection
committing transaction
committing transaction
operator: UnknownresourceId: 6 - load resource.
operator: UnknownresourceId: Unknown - creating db connection using connection name: informix_connection
load ResourceRole with id:4
operator: UnknownresourceId: Unknown - creating db connection using connection name: informix_connection
committing transaction
committing transaction
operator: UnknownresourceId: 4 - load resource.
operator: UnknownresourceId: Unknown - creating db connection using connection name: informix_connection
load ResourceRole with id:1
operator: UnknownresourceId: Unknown - creating db connection using connection name: informix_connection
committing transaction
committing transaction
operator: UnknownresourceId: 100000 - load resource.
operator: UnknownresourceId: Unknown - creating db connection using connection name: informix_connection
load ResourceRole with id:13
operator: UnknownresourceId: Unknown - creating db connection using connection name: informix_connection
committing transaction
committing transaction
operator: UnknownresourceId: 7 - load resource.
operator: UnknownresourceId: Unknown - creating db connection using connection name: informix_connection
load ResourceRole with id:4
operator: UnknownresourceId: Unknown - creating db connection using connection name: informix_connection
committing transaction
committing transaction
operator: UnknownresourceId: 5 - load resource.
operator: UnknownresourceId: Unknown - creating db connection using connection name: informix_connection
load ResourceRole with id:1
operator: UnknownresourceId: Unknown - creating db connection using connection name: informix_connection
committing transaction
committing transaction
Read propery[ConnectionFactoryNS] which is  required  with value[com.topcoder.db.connectionfactory.DBConnectionFactoryImpl] from namespace [com.topcoder.management.project.persistence.InformixProjectPersistence].
Read propery[ConnectionName] which is  optional  with value[informix_connection] from namespace [com.topcoder.management.project.persistence.InformixProjectPersistence].
Read propery[ProjectIdSequenceName] which is  optional  with value[project_id_seq] from namespace [com.topcoder.management.project.persistence.InformixProjectPersistence].
Read propery[ProjectAuditIdSequenceName] which is  optional  with value[project_audit_id_seq] from namespace [com.topcoder.management.project.persistence.InformixProjectPersistence].
Read propery[ConnectionFactoryNS] which is  required  with value[com.topcoder.db.connectionfactory.DBConnectionFactoryImpl] from namespace [com.topcoder.management.project.persistence.link.ProjectLinkManagerImpl].
Read propery[ConnectionName] which is  optional  with value[informix_connection] from namespace [com.topcoder.management.project.persistence.link.ProjectLinkManagerImpl].
read property ConnectionFactoryNS[com.topcoder.db.connectionfactory.DBConnectionFactoryImpl] from the namespace :com.topcoder.management.scorecard.persistence.InformixScorecardPersistence
read property ConnectionName[informix_connection] from the namespace :com.topcoder.management.scorecard.persistence.InformixScorecardPersistence
Instantiate SqlUploadPersistence with connectionFactory and connectioName:informix_connection
Instantiate PersistenceUploadManager with UploadPersistence, uploadSearchBundle, submissionSearchBundle, uploadIdGenerator, uploadTypeIdGenerator, uploadStatusIdGenerator, submissionIDGenerator, submissionStatusIdGenerator and submissionTypeIdGenerator.
Instantiate AbstractResourcePersistence with connectionFactory and connectionName[informix_connection].
load Resource role with ids:[J@1fce615,[J@1fce615,[J@1fce615,[J@1fce615,[J@1fce615,[J@1fce615,[J@1fce615,[J@1fce615,[J@1fce615,[J@1fce615,[J@1fce615,[J@1fce615,[J@1fce615,[J@1fce615,[J@1fce615,[J@1fce615,[J@1fce615,[J@1fce615,[J@1fce615,[J@1fce615,[J@1fce615,[J@1fce615
operator: UnknownresourceId: Unknown - creating db connection using connection name: informix_connection
committing transaction
type: Upload id: Unknown operator:Unknown - search submissions with filter. found: 2
load Resource with ids:[J@146b6a,[J@146b6a
operator: UnknownresourceId: Unknown - creating db connection using connection name: informix_connection
load ResourceRole with id:6
operator: UnknownresourceId: Unknown - creating db connection using connection name: informix_connection
committing transaction
load ResourceRole with id:7
operator: UnknownresourceId: Unknown - creating db connection using connection name: informix_connection
committing transaction
committing transaction
load Resource with ids:[J@10d2698,[J@10d2698
operator: UnknownresourceId: Unknown - creating db connection using connection name: informix_connection
load ResourceRole with id:6
operator: UnknownresourceId: Unknown - creating db connection using connection name: informix_connection
committing transaction
load ResourceRole with id:7
operator: UnknownresourceId: Unknown - creating db connection using connection name: informix_connection
committing transaction
committing transaction
submission: 1
submission: 2
reviwer: 6, null, Failure Reviewer
reviwer: 7, null, Stress Reviewer
review: 1, 1, 6, true
review: 2, 2, 6, true
review: 3, 1, 7, true
review: 4, 2, 7, true
load Resource with ids:[J@1809f74,[J@1809f74
operator: UnknownresourceId: Unknown - creating db connection using connection name: informix_connection
load ResourceRole with id:6
operator: UnknownresourceId: Unknown - creating db connection using connection name: informix_connection
committing transaction
load ResourceRole with id:7
operator: UnknownresourceId: Unknown - creating db connection using connection name: informix_connection
committing transaction
committing transaction
projectId: 1reviwer: 6, null, Failure Reviewer
projectId: 1reviwer: 7, null, Stress Reviewer
type: Upload id: Unknown operator:Unknown - search uploads with filter. found: 0
can't end phase. cant find upload for reviewer: 6, null, Failure Reviewer
pid: 1 - PhasesHelper.arePhaseDependenciesMet(phase, false): true
pid: 1 - allReviewsDone(phase): true
pid: 1 - allTestCasesUploaded(phase): false
type: Upload id: Unknown operator:Unknown - search submissions with filter. found: 2
load Resource with ids:[J@2f38dd,[J@2f38dd
operator: UnknownresourceId: Unknown - creating db connection using connection name: informix_connection
load ResourceRole with id:6
operator: UnknownresourceId: Unknown - creating db connection using connection name: informix_connection
committing transaction
load ResourceRole with id:7
operator: UnknownresourceId: Unknown - creating db connection using connection name: informix_connection
committing transaction
committing transaction
load Resource with ids:[J@1cf387e,[J@1cf387e
operator: UnknownresourceId: Unknown - creating db connection using connection name: informix_connection
load ResourceRole with id:6
operator: UnknownresourceId: Unknown - creating db connection using connection name: informix_connection
committing transaction
load ResourceRole with id:7
operator: UnknownresourceId: Unknown - creating db connection using connection name: informix_connection
committing transaction
committing transaction
submission: 1
submission: 2
reviwer: 6, null, Failure Reviewer
reviwer: 7, null, Stress Reviewer
review: 1, 1, 6, true
review: 2, 2, 6, true
review: 3, 1, 7, true
review: 4, 2, 7, true
load Resource with ids:[J@114cd1f,[J@114cd1f
operator: UnknownresourceId: Unknown - creating db connection using connection name: informix_connection
load ResourceRole with id:6
operator: UnknownresourceId: Unknown - creating db connection using connection name: informix_connection
committing transaction
load ResourceRole with id:7
operator: UnknownresourceId: Unknown - creating db connection using connection name: informix_connection
committing transaction
committing transaction
projectId: 1reviwer: 6, null, Failure Reviewer
projectId: 1reviwer: 7, null, Stress Reviewer
type: Upload id: Unknown operator:Unknown - search uploads with filter. found: 0
can't end phase. cant find upload for reviewer: 6, null, Failure Reviewer
pid: 1 - PhasesHelper.arePhaseDependenciesMet(phase, false): true
pid: 1 - allReviewsDone(phase): true
pid: 1 - allTestCasesUploaded(phase): false
type: Upload id: Unknown operator:Unknown - search submissions with filter. found: 2
load Resource with ids:[J@1784cb,[J@1784cb
operator: UnknownresourceId: Unknown - creating db connection using connection name: informix_connection
load ResourceRole with id:6
operator: UnknownresourceId: Unknown - creating db connection using connection name: informix_connection
committing transaction
load ResourceRole with id:7
operator: UnknownresourceId: Unknown - creating db connection using connection name: informix_connection
committing transaction
committing transaction
load Resource with ids:[J@1eabf56,[J@1eabf56
operator: UnknownresourceId: Unknown - creating db connection using connection name: informix_connection
load ResourceRole with id:6
operator: UnknownresourceId: Unknown - creating db connection using connection name: informix_connection
committing transaction
load ResourceRole with id:7
operator: UnknownresourceId: Unknown - creating db connection using connection name: informix_connection
committing transaction
committing transaction
submission: 1
submission: 2
reviwer: 6, null, Failure Reviewer
reviwer: 7, null, Stress Reviewer
review: 1, 1, 6, true
review: 2, 2, 6, true
review: 3, 1, 7, true
review: 4, 2, 7, true
load Resource with ids:[J@12fa23c,[J@12fa23c
operator: UnknownresourceId: Unknown - creating db connection using connection name: informix_connection
load ResourceRole with id:6
operator: UnknownresourceId: Unknown - creating db connection using connection name: informix_connection
committing transaction
load ResourceRole with id:7
operator: UnknownresourceId: Unknown - creating db connection using connection name: informix_connection
committing transaction
committing transaction
projectId: 1reviwer: 6, null, Failure Reviewer
projectId: 1reviwer: 7, null, Stress Reviewer
type: Upload id: Unknown operator:Unknown - search uploads with filter. found: 0
can't end phase. cant find upload for reviewer: 6, null, Failure Reviewer
pid: 1 - PhasesHelper.arePhaseDependenciesMet(phase, false): true
pid: 1 - allReviewsDone(phase): true
pid: 1 - allTestCasesUploaded(phase): false
type: Upload id: Unknown operator:Unknown - search submissions with filter. found: 2
load Resource with ids:[J@b21ae7,[J@b21ae7
operator: UnknownresourceId: Unknown - creating db connection using connection name: informix_connection
load ResourceRole with id:6
operator: UnknownresourceId: Unknown - creating db connection using connection name: informix_connection
committing transaction
load ResourceRole with id:7
operator: UnknownresourceId: Unknown - creating db connection using connection name: informix_connection
committing transaction
committing transaction
load Resource with ids:[J@12db432,[J@12db432
operator: UnknownresourceId: Unknown - creating db connection using connection name: informix_connection
load ResourceRole with id:6
operator: UnknownresourceId: Unknown - creating db connection using connection name: informix_connection
committing transaction
load ResourceRole with id:7
operator: UnknownresourceId: Unknown - creating db connection using connection name: informix_connection
committing transaction
committing transaction
submission: 1
submission: 2
reviwer: 6, null, Failure Reviewer
reviwer: 7, null, Stress Reviewer
review: 1, 1, 6, true
review: 2, 2, 6, true
review: 3, 1, 7, true
review: 4, 2, 7, true
load Resource with ids:[J@16bf808,[J@16bf808
operator: UnknownresourceId: Unknown - creating db connection using connection name: informix_connection
load ResourceRole with id:6
operator: UnknownresourceId: Unknown - creating db connection using connection name: informix_connection
committing transaction
load ResourceRole with id:7
operator: UnknownresourceId: Unknown - creating db connection using connection name: informix_connection
committing transaction
committing transaction
projectId: 1reviwer: 6, null, Failure Reviewer
projectId: 1reviwer: 7, null, Stress Reviewer
type: Upload id: Unknown operator:Unknown - search uploads with filter. found: 0
can't end phase. cant find upload for reviewer: 6, null, Failure Reviewer
pid: 1 - PhasesHelper.arePhaseDependenciesMet(phase, false): true
pid: 1 - allReviewsDone(phase): true
pid: 1 - allTestCasesUploaded(phase): false
type: Upload id: Unknown operator:Unknown - search submissions with filter. found: 2
load Resource with ids:[J@dd4992,[J@dd4992
operator: UnknownresourceId: Unknown - creating db connection using connection name: informix_connection
load ResourceRole with id:6
operator: UnknownresourceId: Unknown - creating db connection using connection name: informix_connection
committing transaction
load ResourceRole with id:7
operator: UnknownresourceId: Unknown - creating db connection using connection name: informix_connection
committing transaction
committing transaction
load Resource with ids:[J@73986b,[J@73986b
operator: UnknownresourceId: Unknown - creating db connection using connection name: informix_connection
load ResourceRole with id:6
operator: UnknownresourceId: Unknown - creating db connection using connection name: informix_connection
committing transaction
load ResourceRole with id:7
operator: UnknownresourceId: Unknown - creating db connection using connection name: informix_connection
committing transaction
committing transaction
submission: 1
submission: 2
reviwer: 6, null, Failure Reviewer
reviwer: 7, null, Stress Reviewer
review: 1, 1, 6, true
review: 2, 2, 6, true
review: 3, 1, 7, true
review: 4, 2, 7, true
load Resource with ids:[J@1fd3cb4,[J@1fd3cb4
operator: UnknownresourceId: Unknown - creating db connection using connection name: informix_connection
load ResourceRole with id:6
operator: UnknownresourceId: Unknown - creating db connection using connection name: informix_connection
committing transaction
load ResourceRole with id:7
operator: UnknownresourceId: Unknown - creating db connection using connection name: informix_connection
committing transaction
committing transaction
projectId: 1reviwer: 6, null, Failure Reviewer
projectId: 1reviwer: 7, null, Stress Reviewer
type: Upload id: Unknown operator:Unknown - search uploads with filter. found: 0
can't end phase. cant find upload for reviewer: 6, null, Failure Reviewer
pid: 1 - PhasesHelper.arePhaseDependenciesMet(phase, false): true
pid: 1 - allReviewsDone(phase): true
pid: 1 - allTestCasesUploaded(phase): false
Read propery[ConnectionFactoryNS] which is  required  with value[com.topcoder.db.connectionfactory.DBConnectionFactoryImpl] from namespace [com.topcoder.management.project.persistence.InformixProjectPersistence].
Read propery[ConnectionName] which is  optional  with value[informix_connection] from namespace [com.topcoder.management.project.persistence.InformixProjectPersistence].
Read propery[ProjectIdSequenceName] which is  optional  with value[project_id_seq] from namespace [com.topcoder.management.project.persistence.InformixProjectPersistence].
Read propery[ProjectAuditIdSequenceName] which is  optional  with value[project_audit_id_seq] from namespace [com.topcoder.management.project.persistence.InformixProjectPersistence].
Read propery[ConnectionFactoryNS] which is  required  with value[com.topcoder.db.connectionfactory.DBConnectionFactoryImpl] from namespace [com.topcoder.management.project.persistence.link.ProjectLinkManagerImpl].
Read propery[ConnectionName] which is  optional  with value[informix_connection] from namespace [com.topcoder.management.project.persistence.link.ProjectLinkManagerImpl].
read property ConnectionFactoryNS[com.topcoder.db.connectionfactory.DBConnectionFactoryImpl] from the namespace :com.topcoder.management.scorecard.persistence.InformixScorecardPersistence
read property ConnectionName[informix_connection] from the namespace :com.topcoder.management.scorecard.persistence.InformixScorecardPersistence
Instantiate SqlUploadPersistence with connectionFactory and connectioName:informix_connection
Instantiate PersistenceUploadManager with UploadPersistence, uploadSearchBundle, submissionSearchBundle, uploadIdGenerator, uploadTypeIdGenerator, uploadStatusIdGenerator, submissionIDGenerator, submissionStatusIdGenerator and submissionTypeIdGenerator.
Instantiate AbstractResourcePersistence with connectionFactory and connectionName[informix_connection].
load Resource role with ids:[J@37c6a4,[J@37c6a4,[J@37c6a4,[J@37c6a4,[J@37c6a4,[J@37c6a4,[J@37c6a4,[J@37c6a4,[J@37c6a4,[J@37c6a4,[J@37c6a4,[J@37c6a4,[J@37c6a4,[J@37c6a4,[J@37c6a4,[J@37c6a4,[J@37c6a4,[J@37c6a4,[J@37c6a4,[J@37c6a4,[J@37c6a4,[J@37c6a4
operator: UnknownresourceId: Unknown - creating db connection using connection name: informix_connection
committing transaction
type: Upload id: Unknown operator:Unknown - search submissions with filter. found: 0
type: Upload id: Unknown operator:Unknown - search submissions with filter. found: 0
type: Upload id: Unknown operator:Unknown - search submissions with filter. found: 0
type: Upload id: Unknown operator:Unknown - search submissions with filter. found: 0
type: Upload id: Unknown operator:Unknown - search submissions with filter. found: 0
Read propery[ConnectionFactoryNS] which is  required  with value[com.topcoder.db.connectionfactory.DBConnectionFactoryImpl] from namespace [com.topcoder.management.project.persistence.InformixProjectPersistence].
Read propery[ConnectionName] which is  optional  with value[informix_connection] from namespace [com.topcoder.management.project.persistence.InformixProjectPersistence].
Read propery[ProjectIdSequenceName] which is  optional  with value[project_id_seq] from namespace [com.topcoder.management.project.persistence.InformixProjectPersistence].
Read propery[ProjectAuditIdSequenceName] which is  optional  with value[project_audit_id_seq] from namespace [com.topcoder.management.project.persistence.InformixProjectPersistence].
Read propery[ConnectionFactoryNS] which is  required  with value[com.topcoder.db.connectionfactory.DBConnectionFactoryImpl] from namespace [com.topcoder.management.project.persistence.link.ProjectLinkManagerImpl].
Read propery[ConnectionName] which is  optional  with value[informix_connection] from namespace [com.topcoder.management.project.persistence.link.ProjectLinkManagerImpl].
read property ConnectionFactoryNS[com.topcoder.db.connectionfactory.DBConnectionFactoryImpl] from the namespace :com.topcoder.management.scorecard.persistence.InformixScorecardPersistence
read property ConnectionName[informix_connection] from the namespace :com.topcoder.management.scorecard.persistence.InformixScorecardPersistence
Instantiate SqlUploadPersistence with connectionFactory and connectioName:informix_connection
Instantiate PersistenceUploadManager with UploadPersistence, uploadSearchBundle, submissionSearchBundle, uploadIdGenerator, uploadTypeIdGenerator, uploadStatusIdGenerator, submissionIDGenerator, submissionStatusIdGenerator and submissionTypeIdGenerator.
Instantiate AbstractResourcePersistence with connectionFactory and connectionName[informix_connection].
load Resource role with ids:[J@61a8f3,[J@61a8f3,[J@61a8f3,[J@61a8f3,[J@61a8f3,[J@61a8f3,[J@61a8f3,[J@61a8f3,[J@61a8f3,[J@61a8f3,[J@61a8f3,[J@61a8f3,[J@61a8f3,[J@61a8f3,[J@61a8f3,[J@61a8f3,[J@61a8f3,[J@61a8f3,[J@61a8f3,[J@61a8f3,[J@61a8f3,[J@61a8f3
operator: UnknownresourceId: Unknown - creating db connection using connection name: informix_connection
committing transaction
type: Upload id: Unknown operator:Unknown - search submissions with filter. found: 0
get projects with the ids: 1
operator: UnknownprojectId: Unknown - creating db connection using connection name: informix_connection
committing transaction
load Resource role with ids:[J@536a0a,[J@536a0a,[J@536a0a,[J@536a0a,[J@536a0a,[J@536a0a,[J@536a0a,[J@536a0a,[J@536a0a,[J@536a0a,[J@536a0a,[J@536a0a,[J@536a0a,[J@536a0a,[J@536a0a,[J@536a0a,[J@536a0a,[J@536a0a,[J@536a0a,[J@536a0a,[J@536a0a,[J@536a0a
operator: UnknownresourceId: Unknown - creating db connection using connection name: informix_connection
committing transaction
type: Upload id: Unknown operator:Unknown - search submissions with filter. found: 0
get projects with the ids: 1
operator: UnknownprojectId: Unknown - creating db connection using connection name: informix_connection
committing transaction
load Resource role with ids:[J@81e139,[J@81e139,[J@81e139,[J@81e139,[J@81e139,[J@81e139,[J@81e139,[J@81e139,[J@81e139,[J@81e139,[J@81e139,[J@81e139,[J@81e139,[J@81e139,[J@81e139,[J@81e139,[J@81e139,[J@81e139,[J@81e139,[J@81e139,[J@81e139,[J@81e139
operator: UnknownresourceId: Unknown - creating db connection using connection name: informix_connection
committing transaction
type: Upload id: Unknown operator:Unknown - search submissions with filter. found: 0
get projects with the ids: 1
operator: UnknownprojectId: Unknown - creating db connection using connection name: informix_connection
committing transaction
load Resource role with ids:[J@19c4fd,[J@19c4fd,[J@19c4fd,[J@19c4fd,[J@19c4fd,[J@19c4fd,[J@19c4fd,[J@19c4fd,[J@19c4fd,[J@19c4fd,[J@19c4fd,[J@19c4fd,[J@19c4fd,[J@19c4fd,[J@19c4fd,[J@19c4fd,[J@19c4fd,[J@19c4fd,[J@19c4fd,[J@19c4fd,[J@19c4fd,[J@19c4fd
operator: UnknownresourceId: Unknown - creating db connection using connection name: informix_connection
committing transaction
type: Upload id: Unknown operator:Unknown - search submissions with filter. found: 0
get projects with the ids: 1
operator: UnknownprojectId: Unknown - creating db connection using connection name: informix_connection
committing transaction
load Resource role with ids:[J@1bbb29d,[J@1bbb29d,[J@1bbb29d,[J@1bbb29d,[J@1bbb29d,[J@1bbb29d,[J@1bbb29d,[J@1bbb29d,[J@1bbb29d,[J@1bbb29d,[J@1bbb29d,[J@1bbb29d,[J@1bbb29d,[J@1bbb29d,[J@1bbb29d,[J@1bbb29d,[J@1bbb29d,[J@1bbb29d,[J@1bbb29d,[J@1bbb29d,[J@1bbb29d,[J@1bbb29d
operator: UnknownresourceId: Unknown - creating db connection using connection name: informix_connection
committing transaction
type: Upload id: Unknown operator:Unknown - search submissions with filter. found: 0
get projects with the ids: 1
operator: UnknownprojectId: Unknown - creating db connection using connection name: informix_connection
committing transaction
load Resource role with ids:[J@be51fc,[J@be51fc,[J@be51fc,[J@be51fc,[J@be51fc,[J@be51fc,[J@be51fc,[J@be51fc,[J@be51fc,[J@be51fc,[J@be51fc,[J@be51fc,[J@be51fc,[J@be51fc,[J@be51fc,[J@be51fc,[J@be51fc,[J@be51fc,[J@be51fc,[J@be51fc,[J@be51fc,[J@be51fc
operator: UnknownresourceId: Unknown - creating db connection using connection name: informix_connection
committing transaction
Read propery[ConnectionFactoryNS] which is  required  with value[com.topcoder.db.connectionfactory.DBConnectionFactoryImpl] from namespace [com.topcoder.management.project.persistence.InformixProjectPersistence].
Read propery[ConnectionName] which is  optional  with value[informix_connection] from namespace [com.topcoder.management.project.persistence.InformixProjectPersistence].
Read propery[ProjectIdSequenceName] which is  optional  with value[project_id_seq] from namespace [com.topcoder.management.project.persistence.InformixProjectPersistence].
Read propery[ProjectAuditIdSequenceName] which is  optional  with value[project_audit_id_seq] from namespace [com.topcoder.management.project.persistence.InformixProjectPersistence].
Read propery[ConnectionFactoryNS] which is  required  with value[com.topcoder.db.connectionfactory.DBConnectionFactoryImpl] from namespace [com.topcoder.management.project.persistence.link.ProjectLinkManagerImpl].
Read propery[ConnectionName] which is  optional  with value[informix_connection] from namespace [com.topcoder.management.project.persistence.link.ProjectLinkManagerImpl].
read property ConnectionFactoryNS[com.topcoder.db.connectionfactory.DBConnectionFactoryImpl] from the namespace :com.topcoder.management.scorecard.persistence.InformixScorecardPersistence
read property ConnectionName[informix_connection] from the namespace :com.topcoder.management.scorecard.persistence.InformixScorecardPersistence
Instantiate SqlUploadPersistence with connectionFactory and connectioName:informix_connection
Instantiate PersistenceUploadManager with UploadPersistence, uploadSearchBundle, submissionSearchBundle, uploadIdGenerator, uploadTypeIdGenerator, uploadStatusIdGenerator, submissionIDGenerator, submissionStatusIdGenerator and submissionTypeIdGenerator.
Instantiate AbstractResourcePersistence with connectionFactory and connectionName[informix_connection].
load Resource role with ids:[J@9c6866,[J@9c6866,[J@9c6866,[J@9c6866,[J@9c6866,[J@9c6866,[J@9c6866,[J@9c6866,[J@9c6866,[J@9c6866,[J@9c6866,[J@9c6866,[J@9c6866,[J@9c6866,[J@9c6866,[J@9c6866,[J@9c6866,[J@9c6866,[J@9c6866,[J@9c6866,[J@9c6866,[J@9c6866
operator: UnknownresourceId: Unknown - creating db connection using connection name: informix_connection
committing transaction
type: Upload id: Unknown operator:Unknown - search submissions with filter. found: 2
load Resource with ids:[J@68f08d
operator: UnknownresourceId: Unknown - creating db connection using connection name: informix_connection
load ResourceRole with id:3
operator: UnknownresourceId: Unknown - creating db connection using connection name: informix_connection
committing transaction
committing transaction
type: Scorecard id: Unknown operator:Unknown - retrieve scorecard with ids:1, and is incomplete
create db connection with connect name:informix_connection
close the connection.
type: Submission id: 1 operator:1001 - update Submission.
type: Submission id: 1 operator:Unknown - Update Submission, it will update record in submission table.
create db connection using connection name:informix_connection
close the connection.
get All submission statuses, delegate to persistence.
get All submission statuses, delegate to persistence.
create db connection using connection name:informix_connection
close the connection.
type: SubmissionStatus id: Unknown operator:Unknown - Load SubmissionStatuses with ids:1,2,3,4,5
create db connection using connection name:informix_connection
close the connection.
type: Submission id: 2 operator:1001 - update Submission.
type: Submission id: 2 operator:Unknown - Update Submission, it will update record in submission table.
create db connection using connection name:informix_connection
close the connection.
operator: UnknownresourceId: 4 - load resource.
operator: UnknownresourceId: Unknown - creating db connection using connection name: informix_connection
load ResourceRole with id:1
operator: UnknownresourceId: Unknown - creating db connection using connection name: informix_connection
committing transaction
committing transaction
operator: UnknownresourceId: 5 - load resource.
operator: UnknownresourceId: Unknown - creating db connection using connection name: informix_connection
load ResourceRole with id:1
operator: UnknownresourceId: Unknown - creating db connection using connection name: informix_connection
committing transaction
committing transaction
load Notifications with array of userIds/projectIds/notificationTypes.
operator: UnknownresourceId: Unknown - creating db connection using connection name: informix_connection
committing transaction
get projects with the ids: 1
operator: UnknownprojectId: Unknown - creating db connection using connection name: informix_connection
committing transaction
load Resource role with ids:[J@4f1cb8,[J@4f1cb8,[J@4f1cb8,[J@4f1cb8,[J@4f1cb8,[J@4f1cb8,[J@4f1cb8,[J@4f1cb8,[J@4f1cb8,[J@4f1cb8,[J@4f1cb8,[J@4f1cb8,[J@4f1cb8,[J@4f1cb8,[J@4f1cb8,[J@4f1cb8,[J@4f1cb8,[J@4f1cb8,[J@4f1cb8,[J@4f1cb8,[J@4f1cb8,[J@4f1cb8
operator: UnknownresourceId: Unknown - creating db connection using connection name: informix_connection
committing transaction
load Resource with ids:[J@82b0e5
operator: UnknownresourceId: Unknown - creating db connection using connection name: informix_connection
load ResourceRole with id:4
operator: UnknownresourceId: Unknown - creating db connection using connection name: informix_connection
committing transaction
committing transaction
load Resource with ids:[J@1580939
operator: UnknownresourceId: Unknown - creating db connection using connection name: informix_connection
load ResourceRole with id:3
operator: UnknownresourceId: Unknown - creating db connection using connection name: informix_connection
committing transaction
committing transaction
load Resource with ids:[J@1e51920
operator: UnknownresourceId: Unknown - creating db connection using connection name: informix_connection
load ResourceRole with id:12
operator: UnknownresourceId: Unknown - creating db connection using connection name: informix_connection
committing transaction
committing transaction
load Resource with ids:[J@1686457
operator: UnknownresourceId: Unknown - creating db connection using connection name: informix_connection
load ResourceRole with id:13
operator: UnknownresourceId: Unknown - creating db connection using connection name: informix_connection
committing transaction
committing transaction
load Resource with ids:[J@93b0f3
operator: UnknownresourceId: Unknown - creating db connection using connection name: informix_connection
load ResourceRole with id:9
operator: UnknownresourceId: Unknown - creating db connection using connection name: informix_connection
committing transaction
committing transaction
load Resource with ids:[J@300ccb,[J@300ccb
operator: UnknownresourceId: Unknown - creating db connection using connection name: informix_connection
load ResourceRole with id:1
operator: UnknownresourceId: Unknown - creating db connection using connection name: informix_connection
committing transaction
load ResourceRole with id:1
operator: UnknownresourceId: Unknown - creating db connection using connection name: informix_connection
committing transaction
committing transaction
operator: UnknownresourceId: 100008 - load resource.
operator: UnknownresourceId: Unknown - creating db connection using connection name: informix_connection
load ResourceRole with id:9
operator: UnknownresourceId: Unknown - creating db connection using connection name: informix_connection
committing transaction
committing transaction
operator: UnknownresourceId: 4 - load resource.
operator: UnknownresourceId: Unknown - creating db connection using connection name: informix_connection
load ResourceRole with id:1
operator: UnknownresourceId: Unknown - creating db connection using connection name: informix_connection
committing transaction
committing transaction
operator: UnknownresourceId: 100000 - load resource.
operator: UnknownresourceId: Unknown - creating db connection using connection name: informix_connection
load ResourceRole with id:13
operator: UnknownresourceId: Unknown - creating db connection using connection name: informix_connection
committing transaction
committing transaction
operator: UnknownresourceId: 5 - load resource.
operator: UnknownresourceId: Unknown - creating db connection using connection name: informix_connection
load ResourceRole with id:1
operator: UnknownresourceId: Unknown - creating db connection using connection name: informix_connection
committing transaction
committing transaction
type: Upload id: Unknown operator:Unknown - search submissions with filter. found: 2
load Resource with ids:[J@14539e4
operator: UnknownresourceId: Unknown - creating db connection using connection name: informix_connection
load ResourceRole with id:3
operator: UnknownresourceId: Unknown - creating db connection using connection name: informix_connection
committing transaction
committing transaction
type: Scorecard id: Unknown operator:Unknown - retrieve scorecard with ids:1, and is incomplete
create db connection with connect name:informix_connection
close the connection.
type: Submission id: 1 operator:1001 - update Submission.
type: Submission id: 1 operator:Unknown - Update Submission, it will update record in submission table.
create db connection using connection name:informix_connection
close the connection.
get All submission statuses, delegate to persistence.
get All submission statuses, delegate to persistence.
create db connection using connection name:informix_connection
close the connection.
type: SubmissionStatus id: Unknown operator:Unknown - Load SubmissionStatuses with ids:1,2,3,4,5
create db connection using connection name:informix_connection
close the connection.
type: Submission id: 2 operator:1001 - update Submission.
type: Submission id: 2 operator:Unknown - Update Submission, it will update record in submission table.
create db connection using connection name:informix_connection
close the connection.
operator: UnknownresourceId: 4 - load resource.
operator: UnknownresourceId: Unknown - creating db connection using connection name: informix_connection
load ResourceRole with id:1
operator: UnknownresourceId: Unknown - creating db connection using connection name: informix_connection
committing transaction
committing transaction
operator: UnknownresourceId: 5 - load resource.
operator: UnknownresourceId: Unknown - creating db connection using connection name: informix_connection
load ResourceRole with id:1
operator: UnknownresourceId: Unknown - creating db connection using connection name: informix_connection
committing transaction
committing transaction
load Notifications with array of userIds/projectIds/notificationTypes.
operator: UnknownresourceId: Unknown - creating db connection using connection name: informix_connection
committing transaction
get projects with the ids: 1
operator: UnknownprojectId: Unknown - creating db connection using connection name: informix_connection
committing transaction
load Resource role with ids:[J@122ecee,[J@122ecee,[J@122ecee,[J@122ecee,[J@122ecee,[J@122ecee,[J@122ecee,[J@122ecee,[J@122ecee,[J@122ecee,[J@122ecee,[J@122ecee,[J@122ecee,[J@122ecee,[J@122ecee,[J@122ecee,[J@122ecee,[J@122ecee,[J@122ecee,[J@122ecee,[J@122ecee,[J@122ecee
operator: UnknownresourceId: Unknown - creating db connection using connection name: informix_connection
committing transaction
load Resource with ids:[J@1ac14b7
operator: UnknownresourceId: Unknown - creating db connection using connection name: informix_connection
load ResourceRole with id:4
operator: UnknownresourceId: Unknown - creating db connection using connection name: informix_connection
committing transaction
committing transaction
load Resource with ids:[J@4a9c0c
operator: UnknownresourceId: Unknown - creating db connection using connection name: informix_connection
load ResourceRole with id:3
operator: UnknownresourceId: Unknown - creating db connection using connection name: informix_connection
committing transaction
committing transaction
load Resource with ids:[J@db135a
operator: UnknownresourceId: Unknown - creating db connection using connection name: informix_connection
load ResourceRole with id:12
operator: UnknownresourceId: Unknown - creating db connection using connection name: informix_connection
committing transaction
committing transaction
load Resource with ids:[J@198dcb3
operator: UnknownresourceId: Unknown - creating db connection using connection name: informix_connection
load ResourceRole with id:13
operator: UnknownresourceId: Unknown - creating db connection using connection name: informix_connection
committing transaction
committing transaction
load Resource with ids:[J@14b45fe
operator: UnknownresourceId: Unknown - creating db connection using connection name: informix_connection
load ResourceRole with id:9
operator: UnknownresourceId: Unknown - creating db connection using connection name: informix_connection
committing transaction
committing transaction
load Resource with ids:[J@1e14ce7,[J@1e14ce7
operator: UnknownresourceId: Unknown - creating db connection using connection name: informix_connection
load ResourceRole with id:1
operator: UnknownresourceId: Unknown - creating db connection using connection name: informix_connection
committing transaction
load ResourceRole with id:1
operator: UnknownresourceId: Unknown - creating db connection using connection name: informix_connection
committing transaction
committing transaction
operator: UnknownresourceId: 100008 - load resource.
operator: UnknownresourceId: Unknown - creating db connection using connection name: informix_connection
load ResourceRole with id:9
operator: UnknownresourceId: Unknown - creating db connection using connection name: informix_connection
committing transaction
committing transaction
operator: UnknownresourceId: 4 - load resource.
operator: UnknownresourceId: Unknown - creating db connection using connection name: informix_connection
load ResourceRole with id:1
operator: UnknownresourceId: Unknown - creating db connection using connection name: informix_connection
committing transaction
committing transaction
operator: UnknownresourceId: 100000 - load resource.
operator: UnknownresourceId: Unknown - creating db connection using connection name: informix_connection
load ResourceRole with id:13
operator: UnknownresourceId: Unknown - creating db connection using connection name: informix_connection
committing transaction
committing transaction
operator: UnknownresourceId: 5 - load resource.
operator: UnknownresourceId: Unknown - creating db connection using connection name: informix_connection
load ResourceRole with id:1
operator: UnknownresourceId: Unknown - creating db connection using connection name: informix_connection
committing transaction
committing transaction
type: Upload id: Unknown operator:Unknown - search submissions with filter. found: 2
load Resource with ids:[J@ccc8bd
operator: UnknownresourceId: Unknown - creating db connection using connection name: informix_connection
load ResourceRole with id:3
operator: UnknownresourceId: Unknown - creating db connection using connection name: informix_connection
committing transaction
committing transaction
type: Scorecard id: Unknown operator:Unknown - retrieve scorecard with ids:1, and is incomplete
create db connection with connect name:informix_connection
close the connection.
type: Submission id: 1 operator:1001 - update Submission.
type: Submission id: 1 operator:Unknown - Update Submission, it will update record in submission table.
create db connection using connection name:informix_connection
close the connection.
get All submission statuses, delegate to persistence.
get All submission statuses, delegate to persistence.
create db connection using connection name:informix_connection
close the connection.
type: SubmissionStatus id: Unknown operator:Unknown - Load SubmissionStatuses with ids:1,2,3,4,5
create db connection using connection name:informix_connection
close the connection.
type: Submission id: 2 operator:1001 - update Submission.
type: Submission id: 2 operator:Unknown - Update Submission, it will update record in submission table.
create db connection using connection name:informix_connection
close the connection.
operator: UnknownresourceId: 4 - load resource.
operator: UnknownresourceId: Unknown - creating db connection using connection name: informix_connection
load ResourceRole with id:1
operator: UnknownresourceId: Unknown - creating db connection using connection name: informix_connection
committing transaction
committing transaction
operator: UnknownresourceId: 5 - load resource.
operator: UnknownresourceId: Unknown - creating db connection using connection name: informix_connection
load ResourceRole with id:1
operator: UnknownresourceId: Unknown - creating db connection using connection name: informix_connection
committing transaction
committing transaction
load Notifications with array of userIds/projectIds/notificationTypes.
operator: UnknownresourceId: Unknown - creating db connection using connection name: informix_connection
committing transaction
get projects with the ids: 1
operator: UnknownprojectId: Unknown - creating db connection using connection name: informix_connection
committing transaction
load Resource role with ids:[J@55d7ac,[J@55d7ac,[J@55d7ac,[J@55d7ac,[J@55d7ac,[J@55d7ac,[J@55d7ac,[J@55d7ac,[J@55d7ac,[J@55d7ac,[J@55d7ac,[J@55d7ac,[J@55d7ac,[J@55d7ac,[J@55d7ac,[J@55d7ac,[J@55d7ac,[J@55d7ac,[J@55d7ac,[J@55d7ac,[J@55d7ac,[J@55d7ac
operator: UnknownresourceId: Unknown - creating db connection using connection name: informix_connection
committing transaction
load Resource with ids:[J@72ffb7
operator: UnknownresourceId: Unknown - creating db connection using connection name: informix_connection
load ResourceRole with id:4
operator: UnknownresourceId: Unknown - creating db connection using connection name: informix_connection
committing transaction
committing transaction
load Resource with ids:[J@1a17d8a
operator: UnknownresourceId: Unknown - creating db connection using connection name: informix_connection
load ResourceRole with id:3
operator: UnknownresourceId: Unknown - creating db connection using connection name: informix_connection
committing transaction
committing transaction
load Resource with ids:[J@109fb4a
operator: UnknownresourceId: Unknown - creating db connection using connection name: informix_connection
load ResourceRole with id:12
operator: UnknownresourceId: Unknown - creating db connection using connection name: informix_connection
committing transaction
committing transaction
load Resource with ids:[J@178083f
operator: UnknownresourceId: Unknown - creating db connection using connection name: informix_connection
load ResourceRole with id:13
operator: UnknownresourceId: Unknown - creating db connection using connection name: informix_connection
committing transaction
committing transaction
load Resource with ids:[J@309d4d
operator: UnknownresourceId: Unknown - creating db connection using connection name: informix_connection
load ResourceRole with id:9
operator: UnknownresourceId: Unknown - creating db connection using connection name: informix_connection
committing transaction
committing transaction
load Resource with ids:[J@1bb32d1,[J@1bb32d1
operator: UnknownresourceId: Unknown - creating db connection using connection name: informix_connection
load ResourceRole with id:1
operator: UnknownresourceId: Unknown - creating db connection using connection name: informix_connection
committing transaction
load ResourceRole with id:1
operator: UnknownresourceId: Unknown - creating db connection using connection name: informix_connection
committing transaction
committing transaction
operator: UnknownresourceId: 100008 - load resource.
operator: UnknownresourceId: Unknown - creating db connection using connection name: informix_connection
load ResourceRole with id:9
operator: UnknownresourceId: Unknown - creating db connection using connection name: informix_connection
committing transaction
committing transaction
operator: UnknownresourceId: 4 - load resource.
operator: UnknownresourceId: Unknown - creating db connection using connection name: informix_connection
load ResourceRole with id:1
operator: UnknownresourceId: Unknown - creating db connection using connection name: informix_connection
committing transaction
committing transaction
operator: UnknownresourceId: 100000 - load resource.
operator: UnknownresourceId: Unknown - creating db connection using connection name: informix_connection
load ResourceRole with id:13
operator: UnknownresourceId: Unknown - creating db connection using connection name: informix_connection
committing transaction
committing transaction
operator: UnknownresourceId: 5 - load resource.
operator: UnknownresourceId: Unknown - creating db connection using connection name: informix_connection
load ResourceRole with id:1
operator: UnknownresourceId: Unknown - creating db connection using connection name: informix_connection
committing transaction
committing transaction
type: Upload id: Unknown operator:Unknown - search submissions with filter. found: 2
load Resource with ids:[J@2ed3d7
operator: UnknownresourceId: Unknown - creating db connection using connection name: informix_connection
load ResourceRole with id:3
operator: UnknownresourceId: Unknown - creating db connection using connection name: informix_connection
committing transaction
committing transaction
type: Scorecard id: Unknown operator:Unknown - retrieve scorecard with ids:1, and is incomplete
create db connection with connect name:informix_connection
close the connection.
type: Submission id: 1 operator:1001 - update Submission.
type: Submission id: 1 operator:Unknown - Update Submission, it will update record in submission table.
create db connection using connection name:informix_connection
close the connection.
get All submission statuses, delegate to persistence.
get All submission statuses, delegate to persistence.
create db connection using connection name:informix_connection
close the connection.
type: SubmissionStatus id: Unknown operator:Unknown - Load SubmissionStatuses with ids:1,2,3,4,5
create db connection using connection name:informix_connection
close the connection.
type: Submission id: 2 operator:1001 - update Submission.
type: Submission id: 2 operator:Unknown - Update Submission, it will update record in submission table.
create db connection using connection name:informix_connection
close the connection.
operator: UnknownresourceId: 4 - load resource.
operator: UnknownresourceId: Unknown - creating db connection using connection name: informix_connection
load ResourceRole with id:1
operator: UnknownresourceId: Unknown - creating db connection using connection name: informix_connection
committing transaction
committing transaction
operator: UnknownresourceId: 5 - load resource.
operator: UnknownresourceId: Unknown - creating db connection using connection name: informix_connection
load ResourceRole with id:1
operator: UnknownresourceId: Unknown - creating db connection using connection name: informix_connection
committing transaction
committing transaction
load Notifications with array of userIds/projectIds/notificationTypes.
operator: UnknownresourceId: Unknown - creating db connection using connection name: informix_connection
committing transaction
get projects with the ids: 1
operator: UnknownprojectId: Unknown - creating db connection using connection name: informix_connection
committing transaction
load Resource role with ids:[J@1258644,[J@1258644,[J@1258644,[J@1258644,[J@1258644,[J@1258644,[J@1258644,[J@1258644,[J@1258644,[J@1258644,[J@1258644,[J@1258644,[J@1258644,[J@1258644,[J@1258644,[J@1258644,[J@1258644,[J@1258644,[J@1258644,[J@1258644,[J@1258644,[J@1258644
operator: UnknownresourceId: Unknown - creating db connection using connection name: informix_connection
committing transaction
load Resource with ids:[J@a1c45b
operator: UnknownresourceId: Unknown - creating db connection using connection name: informix_connection
load ResourceRole with id:4
operator: UnknownresourceId: Unknown - creating db connection using connection name: informix_connection
committing transaction
committing transaction
load Resource with ids:[J@f34b1c
operator: UnknownresourceId: Unknown - creating db connection using connection name: informix_connection
load ResourceRole with id:3
operator: UnknownresourceId: Unknown - creating db connection using connection name: informix_connection
committing transaction
committing transaction
load Resource with ids:[J@10d62ab
operator: UnknownresourceId: Unknown - creating db connection using connection name: informix_connection
load ResourceRole with id:12
operator: UnknownresourceId: Unknown - creating db connection using connection name: informix_connection
committing transaction
committing transaction
load Resource with ids:[J@50148a
operator: UnknownresourceId: Unknown - creating db connection using connection name: informix_connection
load ResourceRole with id:13
operator: UnknownresourceId: Unknown - creating db connection using connection name: informix_connection
committing transaction
committing transaction
load Resource with ids:[J@bb3ad3
operator: UnknownresourceId: Unknown - creating db connection using connection name: informix_connection
load ResourceRole with id:9
operator: UnknownresourceId: Unknown - creating db connection using connection name: informix_connection
committing transaction
committing transaction
load Resource with ids:[J@110e1fa,[J@110e1fa
operator: UnknownresourceId: Unknown - creating db connection using connection name: informix_connection
load ResourceRole with id:1
operator: UnknownresourceId: Unknown - creating db connection using connection name: informix_connection
committing transaction
load ResourceRole with id:1
operator: UnknownresourceId: Unknown - creating db connection using connection name: informix_connection
committing transaction
committing transaction
operator: UnknownresourceId: 100008 - load resource.
operator: UnknownresourceId: Unknown - creating db connection using connection name: informix_connection
load ResourceRole with id:9
operator: UnknownresourceId: Unknown - creating db connection using connection name: informix_connection
committing transaction
committing transaction
operator: UnknownresourceId: 4 - load resource.
operator: UnknownresourceId: Unknown - creating db connection using connection name: informix_connection
load ResourceRole with id:1
operator: UnknownresourceId: Unknown - creating db connection using connection name: informix_connection
committing transaction
committing transaction
operator: UnknownresourceId: 100000 - load resource.
operator: UnknownresourceId: Unknown - creating db connection using connection name: informix_connection
load ResourceRole with id:13
operator: UnknownresourceId: Unknown - creating db connection using connection name: informix_connection
committing transaction
committing transaction
operator: UnknownresourceId: 5 - load resource.
operator: UnknownresourceId: Unknown - creating db connection using connection name: informix_connection
load ResourceRole with id:1
operator: UnknownresourceId: Unknown - creating db connection using connection name: informix_connection
committing transaction
committing transaction
type: Upload id: Unknown operator:Unknown - search submissions with filter. found: 2
load Resource with ids:[J@c0fe7c
operator: UnknownresourceId: Unknown - creating db connection using connection name: informix_connection
load ResourceRole with id:3
operator: UnknownresourceId: Unknown - creating db connection using connection name: informix_connection
committing transaction
committing transaction
type: Scorecard id: Unknown operator:Unknown - retrieve scorecard with ids:1, and is incomplete
create db connection with connect name:informix_connection
close the connection.
type: Submission id: 1 operator:1001 - update Submission.
type: Submission id: 1 operator:Unknown - Update Submission, it will update record in submission table.
create db connection using connection name:informix_connection
close the connection.
get All submission statuses, delegate to persistence.
get All submission statuses, delegate to persistence.
create db connection using connection name:informix_connection
close the connection.
type: SubmissionStatus id: Unknown operator:Unknown - Load SubmissionStatuses with ids:1,2,3,4,5
create db connection using connection name:informix_connection
close the connection.
type: Submission id: 2 operator:1001 - update Submission.
type: Submission id: 2 operator:Unknown - Update Submission, it will update record in submission table.
create db connection using connection name:informix_connection
close the connection.
operator: UnknownresourceId: 4 - load resource.
operator: UnknownresourceId: Unknown - creating db connection using connection name: informix_connection
load ResourceRole with id:1
operator: UnknownresourceId: Unknown - creating db connection using connection name: informix_connection
committing transaction
committing transaction
operator: UnknownresourceId: 5 - load resource.
operator: UnknownresourceId: Unknown - creating db connection using connection name: informix_connection
load ResourceRole with id:1
operator: UnknownresourceId: Unknown - creating db connection using connection name: informix_connection
committing transaction
committing transaction
load Notifications with array of userIds/projectIds/notificationTypes.
operator: UnknownresourceId: Unknown - creating db connection using connection name: informix_connection
committing transaction
get projects with the ids: 1
operator: UnknownprojectId: Unknown - creating db connection using connection name: informix_connection
committing transaction
load Resource role with ids:[J@a3517b,[J@a3517b,[J@a3517b,[J@a3517b,[J@a3517b,[J@a3517b,[J@a3517b,[J@a3517b,[J@a3517b,[J@a3517b,[J@a3517b,[J@a3517b,[J@a3517b,[J@a3517b,[J@a3517b,[J@a3517b,[J@a3517b,[J@a3517b,[J@a3517b,[J@a3517b,[J@a3517b,[J@a3517b
operator: UnknownresourceId: Unknown - creating db connection using connection name: informix_connection
committing transaction
load Resource with ids:[J@1350a24
operator: UnknownresourceId: Unknown - creating db connection using connection name: informix_connection
load ResourceRole with id:4
operator: UnknownresourceId: Unknown - creating db connection using connection name: informix_connection
committing transaction
committing transaction
load Resource with ids:[J@115b763
operator: UnknownresourceId: Unknown - creating db connection using connection name: informix_connection
load ResourceRole with id:3
operator: UnknownresourceId: Unknown - creating db connection using connection name: informix_connection
committing transaction
committing transaction
load Resource with ids:[J@709a2b
operator: UnknownresourceId: Unknown - creating db connection using connection name: informix_connection
load ResourceRole with id:12
operator: UnknownresourceId: Unknown - creating db connection using connection name: informix_connection
committing transaction
committing transaction
load Resource with ids:[J@68241
operator: UnknownresourceId: Unknown - creating db connection using connection name: informix_connection
load ResourceRole with id:13
operator: UnknownresourceId: Unknown - creating db connection using connection name: informix_connection
committing transaction
committing transaction
load Resource with ids:[J@17a2254
operator: UnknownresourceId: Unknown - creating db connection using connection name: informix_connection
load ResourceRole with id:9
operator: UnknownresourceId: Unknown - creating db connection using connection name: informix_connection
committing transaction
committing transaction
load Resource with ids:[J@164d6ae,[J@164d6ae
operator: UnknownresourceId: Unknown - creating db connection using connection name: informix_connection
load ResourceRole with id:1
operator: UnknownresourceId: Unknown - creating db connection using connection name: informix_connection
committing transaction
load ResourceRole with id:1
operator: UnknownresourceId: Unknown - creating db connection using connection name: informix_connection
committing transaction
committing transaction
operator: UnknownresourceId: 100008 - load resource.
operator: UnknownresourceId: Unknown - creating db connection using connection name: informix_connection
load ResourceRole with id:9
operator: UnknownresourceId: Unknown - creating db connection using connection name: informix_connection
committing transaction
committing transaction
operator: UnknownresourceId: 4 - load resource.
operator: UnknownresourceId: Unknown - creating db connection using connection name: informix_connection
load ResourceRole with id:1
operator: UnknownresourceId: Unknown - creating db connection using connection name: informix_connection
committing transaction
committing transaction
operator: UnknownresourceId: 100000 - load resource.
operator: UnknownresourceId: Unknown - creating db connection using connection name: informix_connection
load ResourceRole with id:13
operator: UnknownresourceId: Unknown - creating db connection using connection name: informix_connection
committing transaction
committing transaction
operator: UnknownresourceId: 5 - load resource.
operator: UnknownresourceId: Unknown - creating db connection using connection name: informix_connection
load ResourceRole with id:1
operator: UnknownresourceId: Unknown - creating db connection using connection name: informix_connection
committing transaction
committing transaction
Read propery[ConnectionFactoryNS] which is  required  with value[com.topcoder.db.connectionfactory.DBConnectionFactoryImpl] from namespace [com.topcoder.management.project.persistence.InformixProjectPersistence].
Read propery[ConnectionName] which is  optional  with value[informix_connection] from namespace [com.topcoder.management.project.persistence.InformixProjectPersistence].
Read propery[ProjectIdSequenceName] which is  optional  with value[project_id_seq] from namespace [com.topcoder.management.project.persistence.InformixProjectPersistence].
Read propery[ProjectAuditIdSequenceName] which is  optional  with value[project_audit_id_seq] from namespace [com.topcoder.management.project.persistence.InformixProjectPersistence].
Read propery[ConnectionFactoryNS] which is  required  with value[com.topcoder.db.connectionfactory.DBConnectionFactoryImpl] from namespace [com.topcoder.management.project.persistence.link.ProjectLinkManagerImpl].
Read propery[ConnectionName] which is  optional  with value[informix_connection] from namespace [com.topcoder.management.project.persistence.link.ProjectLinkManagerImpl].
read property ConnectionFactoryNS[com.topcoder.db.connectionfactory.DBConnectionFactoryImpl] from the namespace :com.topcoder.management.scorecard.persistence.InformixScorecardPersistence
read property ConnectionName[informix_connection] from the namespace :com.topcoder.management.scorecard.persistence.InformixScorecardPersistence
Instantiate SqlUploadPersistence with connectionFactory and connectioName:informix_connection
Instantiate PersistenceUploadManager with UploadPersistence, uploadSearchBundle, submissionSearchBundle, uploadIdGenerator, uploadTypeIdGenerator, uploadStatusIdGenerator, submissionIDGenerator, submissionStatusIdGenerator and submissionTypeIdGenerator.
Instantiate AbstractResourcePersistence with connectionFactory and connectionName[informix_connection].
load Resource role with ids:[J@be5c71,[J@be5c71,[J@be5c71,[J@be5c71,[J@be5c71,[J@be5c71,[J@be5c71,[J@be5c71,[J@be5c71,[J@be5c71,[J@be5c71,[J@be5c71,[J@be5c71,[J@be5c71,[J@be5c71,[J@be5c71,[J@be5c71,[J@be5c71,[J@be5c71,[J@be5c71,[J@be5c71,[J@be5c71
operator: UnknownresourceId: Unknown - creating db connection using connection name: informix_connection
committing transaction
load Resource with ids:[J@813bba
operator: UnknownresourceId: Unknown - creating db connection using connection name: informix_connection
load ResourceRole with id:3
operator: UnknownresourceId: Unknown - creating db connection using connection name: informix_connection
committing transaction
committing transaction
load Resource with ids:[J@12f035c
operator: UnknownresourceId: Unknown - creating db connection using connection name: informix_connection
load ResourceRole with id:1
operator: UnknownresourceId: Unknown - creating db connection using connection name: informix_connection
committing transaction
committing transaction
type: Upload id: Unknown operator:Unknown - search submissions with filter. found: 1
load Resource with ids:[J@19ef9ad
operator: UnknownresourceId: Unknown - creating db connection using connection name: informix_connection
load ResourceRole with id:3
operator: UnknownresourceId: Unknown - creating db connection using connection name: informix_connection
committing transaction
committing transaction
load Resource with ids:[J@773618
operator: UnknownresourceId: Unknown - creating db connection using connection name: informix_connection
load ResourceRole with id:3
operator: UnknownresourceId: Unknown - creating db connection using connection name: informix_connection
committing transaction
committing transaction
load Resource with ids:[J@14c3fdf
operator: UnknownresourceId: Unknown - creating db connection using connection name: informix_connection
load ResourceRole with id:1
operator: UnknownresourceId: Unknown - creating db connection using connection name: informix_connection
committing transaction
committing transaction
type: Upload id: Unknown operator:Unknown - search submissions with filter. found: 1
load Resource with ids:[J@1279f94
operator: UnknownresourceId: Unknown - creating db connection using connection name: informix_connection
load ResourceRole with id:3
operator: UnknownresourceId: Unknown - creating db connection using connection name: informix_connection
committing transaction
committing transaction
load Resource with ids:[J@1feb440
operator: UnknownresourceId: Unknown - creating db connection using connection name: informix_connection
load ResourceRole with id:3
operator: UnknownresourceId: Unknown - creating db connection using connection name: informix_connection
committing transaction
committing transaction
load Resource with ids:[J@1dc6429
operator: UnknownresourceId: Unknown - creating db connection using connection name: informix_connection
load ResourceRole with id:1
operator: UnknownresourceId: Unknown - creating db connection using connection name: informix_connection
committing transaction
committing transaction
type: Upload id: Unknown operator:Unknown - search submissions with filter. found: 1
load Resource with ids:[J@1f0f798
operator: UnknownresourceId: Unknown - creating db connection using connection name: informix_connection
load ResourceRole with id:3
operator: UnknownresourceId: Unknown - creating db connection using connection name: informix_connection
committing transaction
committing transaction
load Resource with ids:[J@1ccf17b
operator: UnknownresourceId: Unknown - creating db connection using connection name: informix_connection
load ResourceRole with id:3
operator: UnknownresourceId: Unknown - creating db connection using connection name: informix_connection
committing transaction
committing transaction
load Resource with ids:[J@1aa3bcc
operator: UnknownresourceId: Unknown - creating db connection using connection name: informix_connection
load ResourceRole with id:1
operator: UnknownresourceId: Unknown - creating db connection using connection name: informix_connection
committing transaction
committing transaction
type: Upload id: Unknown operator:Unknown - search submissions with filter. found: 1
load Resource with ids:[J@12a1be1
operator: UnknownresourceId: Unknown - creating db connection using connection name: informix_connection
load ResourceRole with id:3
operator: UnknownresourceId: Unknown - creating db connection using connection name: informix_connection
committing transaction
committing transaction
load Resource with ids:[J@599a9a
operator: UnknownresourceId: Unknown - creating db connection using connection name: informix_connection
load ResourceRole with id:3
operator: UnknownresourceId: Unknown - creating db connection using connection name: informix_connection
committing transaction
committing transaction
load Resource with ids:[J@b0d705
operator: UnknownresourceId: Unknown - creating db connection using connection name: informix_connection
load ResourceRole with id:1
operator: UnknownresourceId: Unknown - creating db connection using connection name: informix_connection
committing transaction
committing transaction
type: Upload id: Unknown operator:Unknown - search submissions with filter. found: 1
load Resource with ids:[J@4b3349
operator: UnknownresourceId: Unknown - creating db connection using connection name: informix_connection
load ResourceRole with id:3
operator: UnknownresourceId: Unknown - creating db connection using connection name: informix_connection
committing transaction
committing transaction
Read propery[ConnectionFactoryNS] which is  required  with value[com.topcoder.db.connectionfactory.DBConnectionFactoryImpl] from namespace [com.topcoder.management.project.persistence.InformixProjectPersistence].
Read propery[ConnectionName] which is  optional  with value[informix_connection] from namespace [com.topcoder.management.project.persistence.InformixProjectPersistence].
Read propery[ProjectIdSequenceName] which is  optional  with value[project_id_seq] from namespace [com.topcoder.management.project.persistence.InformixProjectPersistence].
Read propery[ProjectAuditIdSequenceName] which is  optional  with value[project_audit_id_seq] from namespace [com.topcoder.management.project.persistence.InformixProjectPersistence].
Read propery[ConnectionFactoryNS] which is  required  with value[com.topcoder.db.connectionfactory.DBConnectionFactoryImpl] from namespace [com.topcoder.management.project.persistence.link.ProjectLinkManagerImpl].
Read propery[ConnectionName] which is  optional  with value[informix_connection] from namespace [com.topcoder.management.project.persistence.link.ProjectLinkManagerImpl].
read property ConnectionFactoryNS[com.topcoder.db.connectionfactory.DBConnectionFactoryImpl] from the namespace :com.topcoder.management.scorecard.persistence.InformixScorecardPersistence
read property ConnectionName[informix_connection] from the namespace :com.topcoder.management.scorecard.persistence.InformixScorecardPersistence
Instantiate SqlUploadPersistence with connectionFactory and connectioName:informix_connection
Instantiate PersistenceUploadManager with UploadPersistence, uploadSearchBundle, submissionSearchBundle, uploadIdGenerator, uploadTypeIdGenerator, uploadStatusIdGenerator, submissionIDGenerator, submissionStatusIdGenerator and submissionTypeIdGenerator.
Instantiate AbstractResourcePersistence with connectionFactory and connectionName[informix_connection].
load Resource role with ids:[J@1a56f72,[J@1a56f72,[J@1a56f72,[J@1a56f72,[J@1a56f72,[J@1a56f72,[J@1a56f72,[J@1a56f72,[J@1a56f72,[J@1a56f72,[J@1a56f72,[J@1a56f72,[J@1a56f72,[J@1a56f72,[J@1a56f72,[J@1a56f72,[J@1a56f72,[J@1a56f72,[J@1a56f72,[J@1a56f72,[J@1a56f72,[J@1a56f72
operator: UnknownresourceId: Unknown - creating db connection using connection name: informix_connection
committing transaction
load Resource with ids:[J@10781bb
operator: UnknownresourceId: Unknown - creating db connection using connection name: informix_connection
load ResourceRole with id:2
operator: UnknownresourceId: Unknown - creating db connection using connection name: informix_connection
committing transaction
committing transaction
load Resource with ids:[J@a18178
operator: UnknownresourceId: Unknown - creating db connection using connection name: informix_connection
load ResourceRole with id:2
operator: UnknownresourceId: Unknown - creating db connection using connection name: informix_connection
committing transaction
committing transaction
type: Upload id: Unknown operator:Unknown - search submissions with filter. found: 1
load Resource with ids:[J@6b4a8a
operator: UnknownresourceId: Unknown - creating db connection using connection name: informix_connection
load ResourceRole with id:2
operator: UnknownresourceId: Unknown - creating db connection using connection name: informix_connection
committing transaction
committing transaction
load Resource with ids:[J@1852cab
operator: UnknownresourceId: Unknown - creating db connection using connection name: informix_connection
load ResourceRole with id:2
operator: UnknownresourceId: Unknown - creating db connection using connection name: informix_connection
committing transaction
committing transaction
type: Upload id: Unknown operator:Unknown - search submissions with filter. found: 1
load Resource with ids:[J@19b66f
operator: UnknownresourceId: Unknown - creating db connection using connection name: informix_connection
load ResourceRole with id:2
operator: UnknownresourceId: Unknown - creating db connection using connection name: informix_connection
committing transaction
committing transaction
load Resource with ids:[J@53455d
operator: UnknownresourceId: Unknown - creating db connection using connection name: informix_connection
load ResourceRole with id:2
operator: UnknownresourceId: Unknown - creating db connection using connection name: informix_connection
committing transaction
committing transaction
type: Upload id: Unknown operator:Unknown - search submissions with filter. found: 1
load Resource with ids:[J@93c966
operator: UnknownresourceId: Unknown - creating db connection using connection name: informix_connection
load ResourceRole with id:2
operator: UnknownresourceId: Unknown - creating db connection using connection name: informix_connection
committing transaction
committing transaction
load Resource with ids:[J@3bce0
operator: UnknownresourceId: Unknown - creating db connection using connection name: informix_connection
load ResourceRole with id:2
operator: UnknownresourceId: Unknown - creating db connection using connection name: informix_connection
committing transaction
committing transaction
type: Upload id: Unknown operator:Unknown - search submissions with filter. found: 1
load Resource with ids:[J@1e64d05
operator: UnknownresourceId: Unknown - creating db connection using connection name: informix_connection
load ResourceRole with id:2
operator: UnknownresourceId: Unknown - creating db connection using connection name: informix_connection
committing transaction
committing transaction
load Resource with ids:[J@1fe6b30
operator: UnknownresourceId: Unknown - creating db connection using connection name: informix_connection
load ResourceRole with id:2
operator: UnknownresourceId: Unknown - creating db connection using connection name: informix_connection
committing transaction
committing transaction
type: Upload id: Unknown operator:Unknown - search submissions with filter. found: 1
Read propery[ConnectionFactoryNS] which is  required  with value[com.topcoder.db.connectionfactory.DBConnectionFactoryImpl] from namespace [com.topcoder.management.project.persistence.InformixProjectPersistence].
Read propery[ConnectionName] which is  optional  with value[informix_connection] from namespace [com.topcoder.management.project.persistence.InformixProjectPersistence].
Read propery[ProjectIdSequenceName] which is  optional  with value[project_id_seq] from namespace [com.topcoder.management.project.persistence.InformixProjectPersistence].
Read propery[ProjectAuditIdSequenceName] which is  optional  with value[project_audit_id_seq] from namespace [com.topcoder.management.project.persistence.InformixProjectPersistence].
Read propery[ConnectionFactoryNS] which is  required  with value[com.topcoder.db.connectionfactory.DBConnectionFactoryImpl] from namespace [com.topcoder.management.project.persistence.link.ProjectLinkManagerImpl].
Read propery[ConnectionName] which is  optional  with value[informix_connection] from namespace [com.topcoder.management.project.persistence.link.ProjectLinkManagerImpl].
read property ConnectionFactoryNS[com.topcoder.db.connectionfactory.DBConnectionFactoryImpl] from the namespace :com.topcoder.management.scorecard.persistence.InformixScorecardPersistence
read property ConnectionName[informix_connection] from the namespace :com.topcoder.management.scorecard.persistence.InformixScorecardPersistence
Instantiate SqlUploadPersistence with connectionFactory and connectioName:informix_connection
Instantiate PersistenceUploadManager with UploadPersistence, uploadSearchBundle, submissionSearchBundle, uploadIdGenerator, uploadTypeIdGenerator, uploadStatusIdGenerator, submissionIDGenerator, submissionStatusIdGenerator and submissionTypeIdGenerator.
Instantiate AbstractResourcePersistence with connectionFactory and connectionName[informix_connection].
load Resource role with ids:[J@f1b76f,[J@f1b76f,[J@f1b76f,[J@f1b76f,[J@f1b76f,[J@f1b76f,[J@f1b76f,[J@f1b76f,[J@f1b76f,[J@f1b76f,[J@f1b76f,[J@f1b76f,[J@f1b76f,[J@f1b76f,[J@f1b76f,[J@f1b76f,[J@f1b76f,[J@f1b76f,[J@f1b76f,[J@f1b76f,[J@f1b76f,[J@f1b76f
operator: UnknownresourceId: Unknown - creating db connection using connection name: informix_connection
committing transaction
Read propery[ConnectionFactoryNS] which is  required  with value[com.topcoder.db.connectionfactory.DBConnectionFactoryImpl] from namespace [com.topcoder.management.project.persistence.InformixProjectPersistence].
Read propery[ConnectionName] which is  optional  with value[informix_connection] from namespace [com.topcoder.management.project.persistence.InformixProjectPersistence].
Read propery[ProjectIdSequenceName] which is  optional  with value[project_id_seq] from namespace [com.topcoder.management.project.persistence.InformixProjectPersistence].
Read propery[ProjectAuditIdSequenceName] which is  optional  with value[project_audit_id_seq] from namespace [com.topcoder.management.project.persistence.InformixProjectPersistence].
Read propery[ConnectionFactoryNS] which is  required  with value[com.topcoder.db.connectionfactory.DBConnectionFactoryImpl] from namespace [com.topcoder.management.project.persistence.link.ProjectLinkManagerImpl].
Read propery[ConnectionName] which is  optional  with value[informix_connection] from namespace [com.topcoder.management.project.persistence.link.ProjectLinkManagerImpl].
read property ConnectionFactoryNS[com.topcoder.db.connectionfactory.DBConnectionFactoryImpl] from the namespace :com.topcoder.management.scorecard.persistence.InformixScorecardPersistence
read property ConnectionName[informix_connection] from the namespace :com.topcoder.management.scorecard.persistence.InformixScorecardPersistence
Instantiate SqlUploadPersistence with connectionFactory and connectioName:informix_connection
Instantiate PersistenceUploadManager with UploadPersistence, uploadSearchBundle, submissionSearchBundle, uploadIdGenerator, uploadTypeIdGenerator, uploadStatusIdGenerator, submissionIDGenerator, submissionStatusIdGenerator and submissionTypeIdGenerator.
Instantiate AbstractResourcePersistence with connectionFactory and connectionName[informix_connection].
load Resource role with ids:[J@14df01f,[J@14df01f,[J@14df01f,[J@14df01f,[J@14df01f,[J@14df01f,[J@14df01f,[J@14df01f,[J@14df01f,[J@14df01f,[J@14df01f,[J@14df01f,[J@14df01f,[J@14df01f,[J@14df01f,[J@14df01f,[J@14df01f,[J@14df01f,[J@14df01f,[J@14df01f,[J@14df01f,[J@14df01f
operator: UnknownresourceId: Unknown - creating db connection using connection name: informix_connection
committing transaction
type: Upload id: Unknown operator:Unknown - search submissions with filter. found: 1
load Resource with ids:[J@2cf2ae,[J@2cf2ae
operator: UnknownresourceId: Unknown - creating db connection using connection name: informix_connection
load ResourceRole with id:2
operator: UnknownresourceId: Unknown - creating db connection using connection name: informix_connection
committing transaction
load ResourceRole with id:3
operator: UnknownresourceId: Unknown - creating db connection using connection name: informix_connection
committing transaction
committing transaction
type: Scorecard id: Unknown operator:Unknown - retrieve scorecard with ids:1, and is incomplete
create db connection with connect name:informix_connection
close the connection.
type: Upload id: Unknown operator:Unknown - search submissions with filter. found: 1
load Resource with ids:[J@1096bfb,[J@1096bfb
operator: UnknownresourceId: Unknown - creating db connection using connection name: informix_connection
load ResourceRole with id:2
operator: UnknownresourceId: Unknown - creating db connection using connection name: informix_connection
committing transaction
load ResourceRole with id:3
operator: UnknownresourceId: Unknown - creating db connection using connection name: informix_connection
committing transaction
committing transaction
type: Scorecard id: Unknown operator:Unknown - retrieve scorecard with ids:1, and is incomplete
create db connection with connect name:informix_connection
close the connection.
type: Upload id: Unknown operator:Unknown - search submissions with filter. found: 1
load Resource with ids:[J@3b3196,[J@3b3196
operator: UnknownresourceId: Unknown - creating db connection using connection name: informix_connection
load ResourceRole with id:2
operator: UnknownresourceId: Unknown - creating db connection using connection name: informix_connection
committing transaction
load ResourceRole with id:3
operator: UnknownresourceId: Unknown - creating db connection using connection name: informix_connection
committing transaction
committing transaction
type: Scorecard id: Unknown operator:Unknown - retrieve scorecard with ids:1, and is incomplete
create db connection with connect name:informix_connection
close the connection.
type: Upload id: Unknown operator:Unknown - search submissions with filter. found: 1
load Resource with ids:[J@a0d2f7,[J@a0d2f7
operator: UnknownresourceId: Unknown - creating db connection using connection name: informix_connection
load ResourceRole with id:2
operator: UnknownresourceId: Unknown - creating db connection using connection name: informix_connection
committing transaction
load ResourceRole with id:3
operator: UnknownresourceId: Unknown - creating db connection using connection name: informix_connection
committing transaction
committing transaction
type: Scorecard id: Unknown operator:Unknown - retrieve scorecard with ids:1, and is incomplete
create db connection with connect name:informix_connection
close the connection.
type: Upload id: Unknown operator:Unknown - search submissions with filter. found: 1
load Resource with ids:[J@1c7416e,[J@1c7416e
operator: UnknownresourceId: Unknown - creating db connection using connection name: informix_connection
load ResourceRole with id:2
operator: UnknownresourceId: Unknown - creating db connection using connection name: informix_connection
committing transaction
load ResourceRole with id:3
operator: UnknownresourceId: Unknown - creating db connection using connection name: informix_connection
committing transaction
committing transaction
type: Scorecard id: Unknown operator:Unknown - retrieve scorecard with ids:1, and is incomplete
create db connection with connect name:informix_connection
close the connection.
Read propery[ConnectionFactoryNS] which is  required  with value[com.topcoder.db.connectionfactory.DBConnectionFactoryImpl] from namespace [com.topcoder.management.project.persistence.InformixProjectPersistence].
Read propery[ConnectionName] which is  optional  with value[informix_connection] from namespace [com.topcoder.management.project.persistence.InformixProjectPersistence].
Read propery[ProjectIdSequenceName] which is  optional  with value[project_id_seq] from namespace [com.topcoder.management.project.persistence.InformixProjectPersistence].
Read propery[ProjectAuditIdSequenceName] which is  optional  with value[project_audit_id_seq] from namespace [com.topcoder.management.project.persistence.InformixProjectPersistence].
Read propery[ConnectionFactoryNS] which is  required  with value[com.topcoder.db.connectionfactory.DBConnectionFactoryImpl] from namespace [com.topcoder.management.project.persistence.link.ProjectLinkManagerImpl].
Read propery[ConnectionName] which is  optional  with value[informix_connection] from namespace [com.topcoder.management.project.persistence.link.ProjectLinkManagerImpl].
read property ConnectionFactoryNS[com.topcoder.db.connectionfactory.DBConnectionFactoryImpl] from the namespace :com.topcoder.management.scorecard.persistence.InformixScorecardPersistence
read property ConnectionName[informix_connection] from the namespace :com.topcoder.management.scorecard.persistence.InformixScorecardPersistence
Instantiate SqlUploadPersistence with connectionFactory and connectioName:informix_connection
Instantiate PersistenceUploadManager with UploadPersistence, uploadSearchBundle, submissionSearchBundle, uploadIdGenerator, uploadTypeIdGenerator, uploadStatusIdGenerator, submissionIDGenerator, submissionStatusIdGenerator and submissionTypeIdGenerator.
Instantiate AbstractResourcePersistence with connectionFactory and connectionName[informix_connection].
load Resource role with ids:[J@b66a25,[J@b66a25,[J@b66a25,[J@b66a25,[J@b66a25,[J@b66a25,[J@b66a25,[J@b66a25,[J@b66a25,[J@b66a25,[J@b66a25,[J@b66a25,[J@b66a25,[J@b66a25,[J@b66a25,[J@b66a25,[J@b66a25,[J@b66a25,[J@b66a25,[J@b66a25,[J@b66a25,[J@b66a25
operator: UnknownresourceId: Unknown - creating db connection using connection name: informix_connection
committing transaction
type: Upload id: Unknown operator:Unknown - search submissions with filter. found: 0
get projects with the ids: 1
operator: UnknownprojectId: Unknown - creating db connection using connection name: informix_connection
committing transaction
get projects with the ids: 1
operator: UnknownprojectId: Unknown - creating db connection using connection name: informix_connection
committing transaction
load Resource role with ids:[J@11bb609,[J@11bb609,[J@11bb609,[J@11bb609,[J@11bb609,[J@11bb609,[J@11bb609,[J@11bb609,[J@11bb609,[J@11bb609,[J@11bb609,[J@11bb609,[J@11bb609,[J@11bb609,[J@11bb609,[J@11bb609,[J@11bb609,[J@11bb609,[J@11bb609,[J@11bb609,[J@11bb609,[J@11bb609
operator: UnknownresourceId: Unknown - creating db connection using connection name: informix_connection
committing transaction
type: Upload id: Unknown operator:Unknown - search submissions with filter. found: 0
get projects with the ids: 1
operator: UnknownprojectId: Unknown - creating db connection using connection name: informix_connection
committing transaction
load Resource role with ids:[J@109fa5a,[J@109fa5a,[J@109fa5a,[J@109fa5a,[J@109fa5a,[J@109fa5a,[J@109fa5a,[J@109fa5a,[J@109fa5a,[J@109fa5a,[J@109fa5a,[J@109fa5a,[J@109fa5a,[J@109fa5a,[J@109fa5a,[J@109fa5a,[J@109fa5a,[J@109fa5a,[J@109fa5a,[J@109fa5a,[J@109fa5a,[J@109fa5a
operator: UnknownresourceId: Unknown - creating db connection using connection name: informix_connection
committing transaction
type: Upload id: Unknown operator:Unknown - search submissions with filter. found: 0
get projects with the ids: 1
operator: UnknownprojectId: Unknown - creating db connection using connection name: informix_connection
committing transaction
load Resource role with ids:[J@173be4f,[J@173be4f,[J@173be4f,[J@173be4f,[J@173be4f,[J@173be4f,[J@173be4f,[J@173be4f,[J@173be4f,[J@173be4f,[J@173be4f,[J@173be4f,[J@173be4f,[J@173be4f,[J@173be4f,[J@173be4f,[J@173be4f,[J@173be4f,[J@173be4f,[J@173be4f,[J@173be4f,[J@173be4f
operator: UnknownresourceId: Unknown - creating db connection using connection name: informix_connection
committing transaction
type: Upload id: Unknown operator:Unknown - search submissions with filter. found: 0
get projects with the ids: 1
operator: UnknownprojectId: Unknown - creating db connection using connection name: informix_connection
committing transaction
load Resource role with ids:[J@1333d7e,[J@1333d7e,[J@1333d7e,[J@1333d7e,[J@1333d7e,[J@1333d7e,[J@1333d7e,[J@1333d7e,[J@1333d7e,[J@1333d7e,[J@1333d7e,[J@1333d7e,[J@1333d7e,[J@1333d7e,[J@1333d7e,[J@1333d7e,[J@1333d7e,[J@1333d7e,[J@1333d7e,[J@1333d7e,[J@1333d7e,[J@1333d7e
operator: UnknownresourceId: Unknown - creating db connection using connection name: informix_connection
committing transaction
type: Upload id: Unknown operator:Unknown - search submissions with filter. found: 0
get projects with the ids: 1
operator: UnknownprojectId: Unknown - creating db connection using connection name: informix_connection
committing transaction
load Resource role with ids:[J@1038101,[J@1038101,[J@1038101,[J@1038101,[J@1038101,[J@1038101,[J@1038101,[J@1038101,[J@1038101,[J@1038101,[J@1038101,[J@1038101,[J@1038101,[J@1038101,[J@1038101,[J@1038101,[J@1038101,[J@1038101,[J@1038101,[J@1038101,[J@1038101,[J@1038101
operator: UnknownresourceId: Unknown - creating db connection using connection name: informix_connection
committing transaction
]]></system-err>
</testsuite>
